INFO: [Common 17-701] A license check has taken more than 10 seconds to complete. This may indicate that there is a performance issue with one or more license servers listed in XILINXD_LICENSE_FILE or LM_LICENSE_FILE, or that the license servers are just not responding at all. Try setting the FLEXLM_DIAGNOSTICS environment variable to 3 and running Vivado again to get more information.
#-----------------------------------------------------------
# Webtalk v2015.1 (64-bit)
# SW Build 1215546 on Mon Apr 27 19:37:43 MDT 2015
# 
# Start of session at: Sat Sep 19 11:55:00 2015
# Process ID: 5256
# Log file: Z:/Documents/UIUC/ECE527/ECE_527_MP/mp2/partB/mp2b.sdk/webtalk/webtalk.log
# Journal file: Z:/Documents/UIUC/ECE527/ECE_527_MP/mp2/partB/mp2b.sdk/webtalk\webtalk.jou
#-----------------------------------------------------------
source sdk_webtalk.tcl
# webtalk_init -webtalk_dir Z:\\Documents\\UIUC\\ECE527\\ECE_527_MP\\mp2\\partB\\mp2b.sdk\\webtalk
# webtalk_register_client -client project
# webtalk_add_data -client project -key date_generated -value "Sat Sep 19 11:54:38 2015" -context "software_version_and_target_device"
# webtalk_add_data -client project -key product_version -value "SDK v2015.1" -context "software_version_and_target_device"
# webtalk_add_data -client project -key build_version -value "2015.1" -context "software_version_and_target_device"
# webtalk_add_data -client project -key os_platform -value "amd64" -context "software_version_and_target_device"
# webtalk_add_data -client project -key registration_id -value "" -context "software_version_and_target_device"
# webtalk_add_data -client project -key tool_flow -value "SDK" -context "software_version_and_target_device"
# webtalk_add_data -client project -key beta -value "false" -context "software_version_and_target_device"
# webtalk_add_data -client project -key route_design -value "NA" -context "software_version_and_target_device"
# webtalk_add_data -client project -key target_family -value "NA" -context "software_version_and_target_device"
# webtalk_add_data -client project -key target_device -value "NA" -context "software_version_and_target_device"
# webtalk_add_data -client project -key target_package -value "NA" -context "software_version_and_target_device"
# webtalk_add_data -client project -key target_speed -value "NA" -context "software_version_and_target_device"
# webtalk_add_data -client project -key random_id -value "drh9o5fa1ciiklt9ont6ulqmr6" -context "software_version_and_target_device"
# webtalk_add_data -client project -key project_id -value "2015.1_2" -context "software_version_and_target_device"
# webtalk_add_data -client project -key project_iteration -value "2" -context "software_version_and_target_device"
# webtalk_add_data -client project -key os_name -value "" -context "user_environment"
# webtalk_add_data -client project -key os_release -value "" -context "user_environment"
# webtalk_add_data -client project -key cpu_name -value "" -context "user_environment"
# webtalk_add_data -client project -key cpu_speed -value "" -context "user_environment"
# webtalk_add_data -client project -key total_processors -value "" -context "user_environment"
# webtalk_add_data -client project -key system_ram -value "" -context "user_environment"
# webtalk_register_client -client sdk
# webtalk_add_data -client sdk -key uid -value "1442616110000" -context "sdk\\\\hardware/1442616110000"
# webtalk_add_data -client sdk -key isZynq -value "true" -context "sdk\\\\hardware/1442616110000"
# webtalk_add_data -client sdk -key Processors -value "2" -context "sdk\\\\hardware/1442616110000"
# webtalk_add_data -client sdk -key VivadoVersion -value "2015.1" -context "sdk\\\\hardware/1442616110000"
# webtalk_add_data -client sdk -key Arch -value "zynq" -context "sdk\\\\hardware/1442616110000"
# webtalk_add_data -client sdk -key Device -value "7z020" -context "sdk\\\\hardware/1442616110000"
# webtalk_add_data -client sdk -key IsHandoff -value "true" -context "sdk\\\\hardware/1442616110000"
# webtalk_add_data -client sdk -key uid -value "1442616196000" -context "sdk\\\\bsp/1442616196000"
# webtalk_add_data -client sdk -key hwid -value "1442616110000" -context "sdk\\\\bsp/1442616196000"
# webtalk_add_data -client sdk -key os -value "standalone" -context "sdk\\\\bsp/1442616196000"
# webtalk_add_data -client sdk -key apptemplate -value "hello_world" -context "sdk\\\\bsp/1442616196000"
# webtalk_add_data -client sdk -key uid -value "1442616204000" -context "sdk\\\\application/1442616204000"
# webtalk_add_data -client sdk -key hwid -value "1442616110000" -context "sdk\\\\application/1442616204000"
# webtalk_add_data -client sdk -key bspid -value "1442616196000" -context "sdk\\\\application/1442616204000"
# webtalk_add_data -client sdk -key newbsp -value "true" -context "sdk\\\\application/1442616204000"
# webtalk_add_data -client sdk -key os -value "standalone" -context "sdk\\\\application/1442616204000"
# webtalk_add_data -client sdk -key apptemplate -value "hello_world" -context "sdk\\\\application/1442616204000"
# webtalk_transmit -clientid 3874955322 -regid "" -xml Z:\\Documents\\UIUC\\ECE527\\ECE_527_MP\\mp2\\partB\\mp2b.sdk\\webtalk\\usage_statistics_ext_sdk.xml -html Z:\\Documents\\UIUC\\ECE527\\ECE_527_MP\\mp2\\partB\\mp2b.sdk\\webtalk\\usage_statistics_ext_sdk.html -wdm Z:\\Documents\\UIUC\\ECE527\\ECE_527_MP\\mp2\\partB\\mp2b.sdk\\webtalk\\sdk_webtalk.wdm -intro "<H3>SDK Usage Report</H3><BR>"
INFO: [Common 17-186] 'Z:\Documents\UIUC\ECE527\ECE_527_MP\mp2\partB\mp2b.sdk\webtalk\usage_statistics_ext_sdk.xml' has been successfully sent to Xilinx on Sat Sep 19 11:55:05 2015. For additional details about this file, please refer to the WebTalk help file at C:/Xilinx/SDK/2015.1/doc/webtalk_introduction.html.
# webtalk_terminate
INFO: [Common 17-206] Exiting Webtalk at Sat Sep 19 11:55:05 2015...
