

================================================================
== Vivado HLS Report for 'DCT_MAT_Multiply_Loop_Row_proc458'
================================================================
* Date:           Wed Oct 28 17:54:29 2015

* Version:        2015.1 (Build 1215546 on Mon Apr 27 19:24:50 PM 2015)
* Project:        dct
* Solution:       solution3opt
* Product family: zynq
* Target device:  xc7z020clg484-1


================================================================
== Performance Estimates
================================================================
+ Timing (ns): 
    * Summary: 
    +---------+-------+----------+------------+
    |  Clock  | Target| Estimated| Uncertainty|
    +---------+-------+----------+------------+
    |default  |  10.00|      7.64|        1.25|
    +---------+-------+----------+------------+

+ Latency (clock cycles): 
    * Summary: 
    +-----+-----+-----+-----+---------+
    |  Latency  |  Interval | Pipeline|
    | min | max | min | max |   Type  |
    +-----+-----+-----+-----+---------+
    |  110|  110|  110|  110|   none  |
    +-----+-----+-----+-----+---------+

    + Detail: 
        * Instance: 
        N/A

        * Loop: 
        +-----------+-----+-----+----------+-----------+-----------+------+----------+
        |           |  Latency  | Iteration|  Initiation Interval  | Trip |          |
        | Loop Name | min | max |  Latency |  achieved |   target  | Count| Pipelined|
        +-----------+-----+-----+----------+-----------+-----------+------+----------+
        |- Row_Col  |  108|  108|        46|          1|          1|    64|    yes   |
        +-----------+-----+-----+----------+-----------+-----------+------+----------+



================================================================
== Utilization Estimates
================================================================
* Summary: 
+-----------------+---------+-------+--------+-------+
|       Name      | BRAM_18K| DSP48E|   FF   |  LUT  |
+-----------------+---------+-------+--------+-------+
|Expression       |        -|      -|       0|     37|
|FIFO             |        -|      -|       -|      -|
|Instance         |        -|     40|    3296|   6712|
|Memory           |        -|      -|       -|      -|
|Multiplexer      |        -|      -|       -|     21|
|Register         |        -|      -|    2640|     30|
+-----------------+---------+-------+--------+-------+
|Total            |        0|     40|    5936|   6800|
+-----------------+---------+-------+--------+-------+
|Available        |      280|    220|  106400|  53200|
+-----------------+---------+-------+--------+-------+
|Utilization (%)  |        0|     18|       5|     12|
+-----------------+---------+-------+--------+-------+

+ Detail: 
    * Instance: 
    +---------------------------------------+----------------------------------+---------+-------+-----+-----+
    |                Instance               |              Module              | BRAM_18K| DSP48E|  FF | LUT |
    +---------------------------------------+----------------------------------+---------+-------+-----+-----+
    |DCT_fadd_32ns_32ns_32_5_full_dsp_U119  |DCT_fadd_32ns_32ns_32_5_full_dsp  |        0|      2|  205|  390|
    |DCT_fadd_32ns_32ns_32_5_full_dsp_U120  |DCT_fadd_32ns_32ns_32_5_full_dsp  |        0|      2|  205|  390|
    |DCT_fadd_32ns_32ns_32_5_full_dsp_U121  |DCT_fadd_32ns_32ns_32_5_full_dsp  |        0|      2|  205|  390|
    |DCT_fadd_32ns_32ns_32_5_full_dsp_U122  |DCT_fadd_32ns_32ns_32_5_full_dsp  |        0|      2|  205|  390|
    |DCT_fadd_32ns_32ns_32_5_full_dsp_U123  |DCT_fadd_32ns_32ns_32_5_full_dsp  |        0|      2|  205|  390|
    |DCT_fadd_32ns_32ns_32_5_full_dsp_U124  |DCT_fadd_32ns_32ns_32_5_full_dsp  |        0|      2|  205|  390|
    |DCT_fadd_32ns_32ns_32_5_full_dsp_U125  |DCT_fadd_32ns_32ns_32_5_full_dsp  |        0|      2|  205|  390|
    |DCT_fadd_32ns_32ns_32_5_full_dsp_U126  |DCT_fadd_32ns_32ns_32_5_full_dsp  |        0|      2|  205|  390|
    |DCT_fmul_32ns_32ns_32_4_max_dsp_U127   |DCT_fmul_32ns_32ns_32_4_max_dsp   |        0|      3|  143|  321|
    |DCT_fmul_32ns_32ns_32_4_max_dsp_U128   |DCT_fmul_32ns_32ns_32_4_max_dsp   |        0|      3|  143|  321|
    |DCT_fmul_32ns_32ns_32_4_max_dsp_U129   |DCT_fmul_32ns_32ns_32_4_max_dsp   |        0|      3|  143|  321|
    |DCT_fmul_32ns_32ns_32_4_max_dsp_U130   |DCT_fmul_32ns_32ns_32_4_max_dsp   |        0|      3|  143|  321|
    |DCT_fmul_32ns_32ns_32_4_max_dsp_U131   |DCT_fmul_32ns_32ns_32_4_max_dsp   |        0|      3|  143|  321|
    |DCT_fmul_32ns_32ns_32_4_max_dsp_U132   |DCT_fmul_32ns_32ns_32_4_max_dsp   |        0|      3|  143|  321|
    |DCT_fmul_32ns_32ns_32_4_max_dsp_U133   |DCT_fmul_32ns_32ns_32_4_max_dsp   |        0|      3|  143|  321|
    |DCT_fmul_32ns_32ns_32_4_max_dsp_U134   |DCT_fmul_32ns_32ns_32_4_max_dsp   |        0|      3|  143|  321|
    |DCT_mux_8to1_sel3_32_1_U135            |DCT_mux_8to1_sel3_32_1            |        0|      0|   32|   64|
    |DCT_mux_8to1_sel3_32_1_U136            |DCT_mux_8to1_sel3_32_1            |        0|      0|   32|   64|
    |DCT_mux_8to1_sel3_32_1_U137            |DCT_mux_8to1_sel3_32_1            |        0|      0|   32|   64|
    |DCT_mux_8to1_sel3_32_1_U138            |DCT_mux_8to1_sel3_32_1            |        0|      0|   32|   64|
    |DCT_mux_8to1_sel3_32_1_U139            |DCT_mux_8to1_sel3_32_1            |        0|      0|   32|   64|
    |DCT_mux_8to1_sel3_32_1_U140            |DCT_mux_8to1_sel3_32_1            |        0|      0|   32|   64|
    |DCT_mux_8to1_sel3_32_1_U141            |DCT_mux_8to1_sel3_32_1            |        0|      0|   32|   64|
    |DCT_mux_8to1_sel3_32_1_U142            |DCT_mux_8to1_sel3_32_1            |        0|      0|   32|   64|
    |DCT_mux_8to1_sel3_32_1_U143            |DCT_mux_8to1_sel3_32_1            |        0|      0|   32|   64|
    |DCT_mux_8to1_sel3_32_1_U144            |DCT_mux_8to1_sel3_32_1            |        0|      0|   32|   64|
    |DCT_mux_8to1_sel3_32_1_U145            |DCT_mux_8to1_sel3_32_1            |        0|      0|   32|   64|
    |DCT_mux_8to1_sel3_32_1_U146            |DCT_mux_8to1_sel3_32_1            |        0|      0|   32|   64|
    |DCT_mux_8to1_sel3_32_1_U147            |DCT_mux_8to1_sel3_32_1            |        0|      0|   32|   64|
    |DCT_mux_8to1_sel3_32_1_U148            |DCT_mux_8to1_sel3_32_1            |        0|      0|   32|   64|
    |DCT_mux_8to1_sel3_32_1_U149            |DCT_mux_8to1_sel3_32_1            |        0|      0|   32|   64|
    |DCT_mux_8to1_sel3_32_1_U150            |DCT_mux_8to1_sel3_32_1            |        0|      0|   32|   64|
    +---------------------------------------+----------------------------------+---------+-------+-----+-----+
    |Total                                  |                                  |        0|     40| 3296| 6712|
    +---------------------------------------+----------------------------------+---------+-------+-----+-----+

    * Memory: 
    N/A

    * FIFO: 
    N/A

    * Expression: 
    +--------------------------------+----------+-------+---+----+------------+------------+
    |          Variable Name         | Operation| DSP48E| FF| LUT| Bitwidth P0| Bitwidth P1|
    +--------------------------------+----------+-------+---+----+------------+------------+
    |i4_fu_1341_p2                   |     +    |      0|  0|   4|           1|           4|
    |indvar_flatten_next_fu_1321_p2  |     +    |      0|  0|   7|           7|           1|
    |j_fu_1363_p2                    |     +    |      0|  0|   4|           1|           4|
    |p_addr1_fu_1607_p2              |     +    |      0|  0|   8|           8|           8|
    |i_1_i_mid2_fu_1347_p3           |  Select  |      0|  0|   4|           1|           4|
    |j_1_i_mid2_fu_1333_p3           |  Select  |      0|  0|   4|           1|           1|
    |exitcond1_i6_fu_1327_p2         |   icmp   |      0|  0|   2|           4|           5|
    |exitcond_flatten_fu_1315_p2     |   icmp   |      0|  0|   3|           7|           8|
    |ap_sig_bdd_495                  |    or    |      0|  0|   1|           1|           1|
    +--------------------------------+----------+-------+---+----+------------+------------+
    |Total                           |          |      0|  0|  37|          31|          36|
    +--------------------------------+----------+-------+---+----+------------+------------+

    * Multiplexer: 
    +-------------------------+----+-----------+-----+-----------+
    |           Name          | LUT| Input Size| Bits| Total Bits|
    +-------------------------+----+-----------+-----+-----------+
    |ap_NS_fsm                |   1|          4|    1|          4|
    |ap_reg_ppiten_pp0_it45   |   1|          2|    1|          2|
    |i_1_i_phi_fu_1231_p4     |   4|          2|    4|          8|
    |i_1_i_reg_1227           |   4|          2|    4|          8|
    |indvar_flatten_reg_1216  |   7|          2|    7|         14|
    |j_1_i_reg_1238           |   4|          2|    4|          8|
    +-------------------------+----+-----------+-----+-----------+
    |Total                    |  21|         14|   21|         44|
    +-------------------------+----+-----------+-----+-----------+

    * Register: 
    +---------------------------+----+----+-----+-----------+
    |            Name           | FF | LUT| Bits| Const Bits|
    +---------------------------+----+----+-----+-----------+
    |A_0_0_read_reg_1938        |  32|   0|   32|          0|
    |A_0_1_read_reg_1978        |  32|   0|   32|          0|
    |A_0_2_read_reg_2018        |  32|   0|   32|          0|
    |A_0_3_read_reg_2058        |  32|   0|   32|          0|
    |A_0_4_read_reg_2098        |  32|   0|   32|          0|
    |A_0_5_read_reg_2138        |  32|   0|   32|          0|
    |A_0_6_read_reg_2178        |  32|   0|   32|          0|
    |A_0_7_read_reg_2218        |  32|   0|   32|          0|
    |A_1_0_read_reg_1943        |  32|   0|   32|          0|
    |A_1_1_read_reg_1983        |  32|   0|   32|          0|
    |A_1_2_read_reg_2023        |  32|   0|   32|          0|
    |A_1_3_read_reg_2063        |  32|   0|   32|          0|
    |A_1_4_read_reg_2103        |  32|   0|   32|          0|
    |A_1_5_read_reg_2143        |  32|   0|   32|          0|
    |A_1_6_read_reg_2183        |  32|   0|   32|          0|
    |A_1_7_read_reg_2223        |  32|   0|   32|          0|
    |A_2_0_read_reg_1948        |  32|   0|   32|          0|
    |A_2_1_read_reg_1988        |  32|   0|   32|          0|
    |A_2_2_read_reg_2028        |  32|   0|   32|          0|
    |A_2_3_read_reg_2068        |  32|   0|   32|          0|
    |A_2_4_read_reg_2108        |  32|   0|   32|          0|
    |A_2_5_read_reg_2148        |  32|   0|   32|          0|
    |A_2_6_read_reg_2188        |  32|   0|   32|          0|
    |A_2_7_read_reg_2228        |  32|   0|   32|          0|
    |A_3_0_read_reg_1953        |  32|   0|   32|          0|
    |A_3_1_read_reg_1993        |  32|   0|   32|          0|
    |A_3_2_read_reg_2033        |  32|   0|   32|          0|
    |A_3_3_read_reg_2073        |  32|   0|   32|          0|
    |A_3_4_read_reg_2113        |  32|   0|   32|          0|
    |A_3_5_read_reg_2153        |  32|   0|   32|          0|
    |A_3_6_read_reg_2193        |  32|   0|   32|          0|
    |A_3_7_read_reg_2233        |  32|   0|   32|          0|
    |A_4_0_read_reg_1958        |  32|   0|   32|          0|
    |A_4_1_read_reg_1998        |  32|   0|   32|          0|
    |A_4_2_read_reg_2038        |  32|   0|   32|          0|
    |A_4_3_read_reg_2078        |  32|   0|   32|          0|
    |A_4_4_read_reg_2118        |  32|   0|   32|          0|
    |A_4_5_read_reg_2158        |  32|   0|   32|          0|
    |A_4_6_read_reg_2198        |  32|   0|   32|          0|
    |A_4_7_read_reg_2238        |  32|   0|   32|          0|
    |A_5_0_read_reg_1963        |  32|   0|   32|          0|
    |A_5_1_read_reg_2003        |  32|   0|   32|          0|
    |A_5_2_read_reg_2043        |  32|   0|   32|          0|
    |A_5_3_read_reg_2083        |  32|   0|   32|          0|
    |A_5_4_read_reg_2123        |  32|   0|   32|          0|
    |A_5_5_read_reg_2163        |  32|   0|   32|          0|
    |A_5_6_read_reg_2203        |  32|   0|   32|          0|
    |A_5_7_read_reg_2243        |  32|   0|   32|          0|
    |A_6_0_read_reg_1968        |  32|   0|   32|          0|
    |A_6_1_read_reg_2008        |  32|   0|   32|          0|
    |A_6_2_read_reg_2048        |  32|   0|   32|          0|
    |A_6_3_read_reg_2088        |  32|   0|   32|          0|
    |A_6_4_read_reg_2128        |  32|   0|   32|          0|
    |A_6_5_read_reg_2168        |  32|   0|   32|          0|
    |A_6_6_read_reg_2208        |  32|   0|   32|          0|
    |A_6_7_read_reg_2248        |  32|   0|   32|          0|
    |A_7_0_read_reg_1973        |  32|   0|   32|          0|
    |A_7_1_read_reg_2013        |  32|   0|   32|          0|
    |A_7_2_read_reg_2053        |  32|   0|   32|          0|
    |A_7_3_read_reg_2093        |  32|   0|   32|          0|
    |A_7_4_read_reg_2133        |  32|   0|   32|          0|
    |A_7_5_read_reg_2173        |  32|   0|   32|          0|
    |A_7_6_read_reg_2213        |  32|   0|   32|          0|
    |A_7_7_read_reg_2253        |  32|   0|   32|          0|
    |ap_CS_fsm                  |   3|   0|    3|          0|
    |ap_done_reg                |   1|   0|    1|          0|
    |ap_reg_ppiten_pp0_it0      |   1|   0|    1|          0|
    |ap_reg_ppiten_pp0_it1      |   1|   0|    1|          0|
    |ap_reg_ppiten_pp0_it10     |   1|   0|    1|          0|
    |ap_reg_ppiten_pp0_it11     |   1|   0|    1|          0|
    |ap_reg_ppiten_pp0_it12     |   1|   0|    1|          0|
    |ap_reg_ppiten_pp0_it13     |   1|   0|    1|          0|
    |ap_reg_ppiten_pp0_it14     |   1|   0|    1|          0|
    |ap_reg_ppiten_pp0_it15     |   1|   0|    1|          0|
    |ap_reg_ppiten_pp0_it16     |   1|   0|    1|          0|
    |ap_reg_ppiten_pp0_it17     |   1|   0|    1|          0|
    |ap_reg_ppiten_pp0_it18     |   1|   0|    1|          0|
    |ap_reg_ppiten_pp0_it19     |   1|   0|    1|          0|
    |ap_reg_ppiten_pp0_it2      |   1|   0|    1|          0|
    |ap_reg_ppiten_pp0_it20     |   1|   0|    1|          0|
    |ap_reg_ppiten_pp0_it21     |   1|   0|    1|          0|
    |ap_reg_ppiten_pp0_it22     |   1|   0|    1|          0|
    |ap_reg_ppiten_pp0_it23     |   1|   0|    1|          0|
    |ap_reg_ppiten_pp0_it24     |   1|   0|    1|          0|
    |ap_reg_ppiten_pp0_it25     |   1|   0|    1|          0|
    |ap_reg_ppiten_pp0_it26     |   1|   0|    1|          0|
    |ap_reg_ppiten_pp0_it27     |   1|   0|    1|          0|
    |ap_reg_ppiten_pp0_it28     |   1|   0|    1|          0|
    |ap_reg_ppiten_pp0_it29     |   1|   0|    1|          0|
    |ap_reg_ppiten_pp0_it3      |   1|   0|    1|          0|
    |ap_reg_ppiten_pp0_it30     |   1|   0|    1|          0|
    |ap_reg_ppiten_pp0_it31     |   1|   0|    1|          0|
    |ap_reg_ppiten_pp0_it32     |   1|   0|    1|          0|
    |ap_reg_ppiten_pp0_it33     |   1|   0|    1|          0|
    |ap_reg_ppiten_pp0_it34     |   1|   0|    1|          0|
    |ap_reg_ppiten_pp0_it35     |   1|   0|    1|          0|
    |ap_reg_ppiten_pp0_it36     |   1|   0|    1|          0|
    |ap_reg_ppiten_pp0_it37     |   1|   0|    1|          0|
    |ap_reg_ppiten_pp0_it38     |   1|   0|    1|          0|
    |ap_reg_ppiten_pp0_it39     |   1|   0|    1|          0|
    |ap_reg_ppiten_pp0_it4      |   1|   0|    1|          0|
    |ap_reg_ppiten_pp0_it40     |   1|   0|    1|          0|
    |ap_reg_ppiten_pp0_it41     |   1|   0|    1|          0|
    |ap_reg_ppiten_pp0_it42     |   1|   0|    1|          0|
    |ap_reg_ppiten_pp0_it43     |   1|   0|    1|          0|
    |ap_reg_ppiten_pp0_it44     |   1|   0|    1|          0|
    |ap_reg_ppiten_pp0_it45     |   1|   0|    1|          0|
    |ap_reg_ppiten_pp0_it5      |   1|   0|    1|          0|
    |ap_reg_ppiten_pp0_it6      |   1|   0|    1|          0|
    |ap_reg_ppiten_pp0_it7      |   1|   0|    1|          0|
    |ap_reg_ppiten_pp0_it8      |   1|   0|    1|          0|
    |ap_reg_ppiten_pp0_it9      |   1|   0|    1|          0|
    |exitcond_flatten_reg_2258  |   1|   0|    1|          0|
    |i_1_i_mid2_reg_2272        |   4|   0|    4|          0|
    |i_1_i_reg_1227             |   4|   0|    4|          0|
    |indvar_flatten_reg_1216    |   7|   0|    7|          0|
    |j_1_i_mid2_reg_2267        |   4|   0|    4|          0|
    |j_1_i_reg_1238             |   4|   0|    4|          0|
    |temp_1_1_i_reg_2352        |  32|   0|   32|          0|
    |temp_1_2_i_reg_2372        |  32|   0|   32|          0|
    |temp_1_3_i_reg_2392        |  32|   0|   32|          0|
    |temp_1_4_i_reg_2412        |  32|   0|   32|          0|
    |temp_1_5_i_reg_2432        |  32|   0|   32|          0|
    |temp_1_6_i_reg_2452        |  32|   0|   32|          0|
    |temp_1_7_i_reg_2462        |  32|   0|   32|          0|
    |temp_1_i_reg_2332          |  32|   0|   32|          0|
    |tmp_17_reg_2278            |   3|   0|    3|          0|
    |tmp_18_reg_2290            |   3|   0|    3|          0|
    |tmp_9_1_i_reg_2337         |  32|   0|   32|          0|
    |tmp_9_2_i_reg_2357         |  32|   0|   32|          0|
    |tmp_9_3_i_reg_2377         |  32|   0|   32|          0|
    |tmp_9_4_i_reg_2397         |  32|   0|   32|          0|
    |tmp_9_5_i_reg_2417         |  32|   0|   32|          0|
    |tmp_9_6_i_reg_2437         |  32|   0|   32|          0|
    |tmp_9_7_i_reg_2457         |  32|   0|   32|          0|
    |tmp_9_i_reg_2317           |  32|   0|   32|          0|
    |exitcond_flatten_reg_2258  |   0|   2|    1|          0|
    |i_1_i_mid2_reg_2272        |   0|   8|    4|          0|
    |j_1_i_mid2_reg_2267        |   0|   8|    4|          0|
    |tmp_17_reg_2278            |   0|   6|    3|          0|
    |tmp_18_reg_2290            |   0|   6|    3|          0|
    +---------------------------+----+----+-----+-----------+
    |Total                      |2640|  30| 2655|          0|
    +---------------------------+----+----+-----+-----------+



================================================================
== Interface
================================================================
* Summary: 
+---------------+-----+-----+------------+-----------------------------------+--------------+
|   RTL Ports   | Dir | Bits|  Protocol  |           Source Object           |    C Type    |
+---------------+-----+-----+------------+-----------------------------------+--------------+
|ap_clk         |  in |    1| ap_ctrl_hs | DCT_MAT_Multiply_Loop_Row_proc458 | return value |
|ap_rst         |  in |    1| ap_ctrl_hs | DCT_MAT_Multiply_Loop_Row_proc458 | return value |
|ap_start       |  in |    1| ap_ctrl_hs | DCT_MAT_Multiply_Loop_Row_proc458 | return value |
|ap_done        | out |    1| ap_ctrl_hs | DCT_MAT_Multiply_Loop_Row_proc458 | return value |
|ap_continue    |  in |    1| ap_ctrl_hs | DCT_MAT_Multiply_Loop_Row_proc458 | return value |
|ap_idle        | out |    1| ap_ctrl_hs | DCT_MAT_Multiply_Loop_Row_proc458 | return value |
|ap_ready       | out |    1| ap_ctrl_hs | DCT_MAT_Multiply_Loop_Row_proc458 | return value |
|A_0_0_dout     |  in |   32|   ap_fifo  |               A_0_0               |    pointer   |
|A_0_0_empty_n  |  in |    1|   ap_fifo  |               A_0_0               |    pointer   |
|A_0_0_read     | out |    1|   ap_fifo  |               A_0_0               |    pointer   |
|A_1_0_dout     |  in |   32|   ap_fifo  |               A_1_0               |    pointer   |
|A_1_0_empty_n  |  in |    1|   ap_fifo  |               A_1_0               |    pointer   |
|A_1_0_read     | out |    1|   ap_fifo  |               A_1_0               |    pointer   |
|A_2_0_dout     |  in |   32|   ap_fifo  |               A_2_0               |    pointer   |
|A_2_0_empty_n  |  in |    1|   ap_fifo  |               A_2_0               |    pointer   |
|A_2_0_read     | out |    1|   ap_fifo  |               A_2_0               |    pointer   |
|A_3_0_dout     |  in |   32|   ap_fifo  |               A_3_0               |    pointer   |
|A_3_0_empty_n  |  in |    1|   ap_fifo  |               A_3_0               |    pointer   |
|A_3_0_read     | out |    1|   ap_fifo  |               A_3_0               |    pointer   |
|A_4_0_dout     |  in |   32|   ap_fifo  |               A_4_0               |    pointer   |
|A_4_0_empty_n  |  in |    1|   ap_fifo  |               A_4_0               |    pointer   |
|A_4_0_read     | out |    1|   ap_fifo  |               A_4_0               |    pointer   |
|A_5_0_dout     |  in |   32|   ap_fifo  |               A_5_0               |    pointer   |
|A_5_0_empty_n  |  in |    1|   ap_fifo  |               A_5_0               |    pointer   |
|A_5_0_read     | out |    1|   ap_fifo  |               A_5_0               |    pointer   |
|A_6_0_dout     |  in |   32|   ap_fifo  |               A_6_0               |    pointer   |
|A_6_0_empty_n  |  in |    1|   ap_fifo  |               A_6_0               |    pointer   |
|A_6_0_read     | out |    1|   ap_fifo  |               A_6_0               |    pointer   |
|A_7_0_dout     |  in |   32|   ap_fifo  |               A_7_0               |    pointer   |
|A_7_0_empty_n  |  in |    1|   ap_fifo  |               A_7_0               |    pointer   |
|A_7_0_read     | out |    1|   ap_fifo  |               A_7_0               |    pointer   |
|p_read         |  in |   32|   ap_none  |               p_read              |    scalar    |
|p_read1        |  in |   32|   ap_none  |              p_read1              |    scalar    |
|p_read2        |  in |   32|   ap_none  |              p_read2              |    scalar    |
|p_read3        |  in |   32|   ap_none  |              p_read3              |    scalar    |
|p_read4        |  in |   32|   ap_none  |              p_read4              |    scalar    |
|p_read5        |  in |   32|   ap_none  |              p_read5              |    scalar    |
|p_read6        |  in |   32|   ap_none  |              p_read6              |    scalar    |
|p_read7        |  in |   32|   ap_none  |              p_read7              |    scalar    |
|A_0_1_dout     |  in |   32|   ap_fifo  |               A_0_1               |    pointer   |
|A_0_1_empty_n  |  in |    1|   ap_fifo  |               A_0_1               |    pointer   |
|A_0_1_read     | out |    1|   ap_fifo  |               A_0_1               |    pointer   |
|A_1_1_dout     |  in |   32|   ap_fifo  |               A_1_1               |    pointer   |
|A_1_1_empty_n  |  in |    1|   ap_fifo  |               A_1_1               |    pointer   |
|A_1_1_read     | out |    1|   ap_fifo  |               A_1_1               |    pointer   |
|A_2_1_dout     |  in |   32|   ap_fifo  |               A_2_1               |    pointer   |
|A_2_1_empty_n  |  in |    1|   ap_fifo  |               A_2_1               |    pointer   |
|A_2_1_read     | out |    1|   ap_fifo  |               A_2_1               |    pointer   |
|A_3_1_dout     |  in |   32|   ap_fifo  |               A_3_1               |    pointer   |
|A_3_1_empty_n  |  in |    1|   ap_fifo  |               A_3_1               |    pointer   |
|A_3_1_read     | out |    1|   ap_fifo  |               A_3_1               |    pointer   |
|A_4_1_dout     |  in |   32|   ap_fifo  |               A_4_1               |    pointer   |
|A_4_1_empty_n  |  in |    1|   ap_fifo  |               A_4_1               |    pointer   |
|A_4_1_read     | out |    1|   ap_fifo  |               A_4_1               |    pointer   |
|A_5_1_dout     |  in |   32|   ap_fifo  |               A_5_1               |    pointer   |
|A_5_1_empty_n  |  in |    1|   ap_fifo  |               A_5_1               |    pointer   |
|A_5_1_read     | out |    1|   ap_fifo  |               A_5_1               |    pointer   |
|A_6_1_dout     |  in |   32|   ap_fifo  |               A_6_1               |    pointer   |
|A_6_1_empty_n  |  in |    1|   ap_fifo  |               A_6_1               |    pointer   |
|A_6_1_read     | out |    1|   ap_fifo  |               A_6_1               |    pointer   |
|A_7_1_dout     |  in |   32|   ap_fifo  |               A_7_1               |    pointer   |
|A_7_1_empty_n  |  in |    1|   ap_fifo  |               A_7_1               |    pointer   |
|A_7_1_read     | out |    1|   ap_fifo  |               A_7_1               |    pointer   |
|p_read8        |  in |   32|   ap_none  |              p_read8              |    scalar    |
|p_read9        |  in |   32|   ap_none  |              p_read9              |    scalar    |
|p_read10       |  in |   32|   ap_none  |              p_read10             |    scalar    |
|p_read11       |  in |   32|   ap_none  |              p_read11             |    scalar    |
|p_read12       |  in |   32|   ap_none  |              p_read12             |    scalar    |
|p_read13       |  in |   32|   ap_none  |              p_read13             |    scalar    |
|p_read14       |  in |   32|   ap_none  |              p_read14             |    scalar    |
|p_read15       |  in |   32|   ap_none  |              p_read15             |    scalar    |
|A_0_2_dout     |  in |   32|   ap_fifo  |               A_0_2               |    pointer   |
|A_0_2_empty_n  |  in |    1|   ap_fifo  |               A_0_2               |    pointer   |
|A_0_2_read     | out |    1|   ap_fifo  |               A_0_2               |    pointer   |
|A_1_2_dout     |  in |   32|   ap_fifo  |               A_1_2               |    pointer   |
|A_1_2_empty_n  |  in |    1|   ap_fifo  |               A_1_2               |    pointer   |
|A_1_2_read     | out |    1|   ap_fifo  |               A_1_2               |    pointer   |
|A_2_2_dout     |  in |   32|   ap_fifo  |               A_2_2               |    pointer   |
|A_2_2_empty_n  |  in |    1|   ap_fifo  |               A_2_2               |    pointer   |
|A_2_2_read     | out |    1|   ap_fifo  |               A_2_2               |    pointer   |
|A_3_2_dout     |  in |   32|   ap_fifo  |               A_3_2               |    pointer   |
|A_3_2_empty_n  |  in |    1|   ap_fifo  |               A_3_2               |    pointer   |
|A_3_2_read     | out |    1|   ap_fifo  |               A_3_2               |    pointer   |
|A_4_2_dout     |  in |   32|   ap_fifo  |               A_4_2               |    pointer   |
|A_4_2_empty_n  |  in |    1|   ap_fifo  |               A_4_2               |    pointer   |
|A_4_2_read     | out |    1|   ap_fifo  |               A_4_2               |    pointer   |
|A_5_2_dout     |  in |   32|   ap_fifo  |               A_5_2               |    pointer   |
|A_5_2_empty_n  |  in |    1|   ap_fifo  |               A_5_2               |    pointer   |
|A_5_2_read     | out |    1|   ap_fifo  |               A_5_2               |    pointer   |
|A_6_2_dout     |  in |   32|   ap_fifo  |               A_6_2               |    pointer   |
|A_6_2_empty_n  |  in |    1|   ap_fifo  |               A_6_2               |    pointer   |
|A_6_2_read     | out |    1|   ap_fifo  |               A_6_2               |    pointer   |
|A_7_2_dout     |  in |   32|   ap_fifo  |               A_7_2               |    pointer   |
|A_7_2_empty_n  |  in |    1|   ap_fifo  |               A_7_2               |    pointer   |
|A_7_2_read     | out |    1|   ap_fifo  |               A_7_2               |    pointer   |
|p_read16       |  in |   32|   ap_none  |              p_read16             |    scalar    |
|p_read17       |  in |   32|   ap_none  |              p_read17             |    scalar    |
|p_read18       |  in |   32|   ap_none  |              p_read18             |    scalar    |
|p_read19       |  in |   32|   ap_none  |              p_read19             |    scalar    |
|p_read20       |  in |   32|   ap_none  |              p_read20             |    scalar    |
|p_read21       |  in |   32|   ap_none  |              p_read21             |    scalar    |
|p_read22       |  in |   32|   ap_none  |              p_read22             |    scalar    |
|p_read23       |  in |   32|   ap_none  |              p_read23             |    scalar    |
|A_0_3_dout     |  in |   32|   ap_fifo  |               A_0_3               |    pointer   |
|A_0_3_empty_n  |  in |    1|   ap_fifo  |               A_0_3               |    pointer   |
|A_0_3_read     | out |    1|   ap_fifo  |               A_0_3               |    pointer   |
|A_1_3_dout     |  in |   32|   ap_fifo  |               A_1_3               |    pointer   |
|A_1_3_empty_n  |  in |    1|   ap_fifo  |               A_1_3               |    pointer   |
|A_1_3_read     | out |    1|   ap_fifo  |               A_1_3               |    pointer   |
|A_2_3_dout     |  in |   32|   ap_fifo  |               A_2_3               |    pointer   |
|A_2_3_empty_n  |  in |    1|   ap_fifo  |               A_2_3               |    pointer   |
|A_2_3_read     | out |    1|   ap_fifo  |               A_2_3               |    pointer   |
|A_3_3_dout     |  in |   32|   ap_fifo  |               A_3_3               |    pointer   |
|A_3_3_empty_n  |  in |    1|   ap_fifo  |               A_3_3               |    pointer   |
|A_3_3_read     | out |    1|   ap_fifo  |               A_3_3               |    pointer   |
|A_4_3_dout     |  in |   32|   ap_fifo  |               A_4_3               |    pointer   |
|A_4_3_empty_n  |  in |    1|   ap_fifo  |               A_4_3               |    pointer   |
|A_4_3_read     | out |    1|   ap_fifo  |               A_4_3               |    pointer   |
|A_5_3_dout     |  in |   32|   ap_fifo  |               A_5_3               |    pointer   |
|A_5_3_empty_n  |  in |    1|   ap_fifo  |               A_5_3               |    pointer   |
|A_5_3_read     | out |    1|   ap_fifo  |               A_5_3               |    pointer   |
|A_6_3_dout     |  in |   32|   ap_fifo  |               A_6_3               |    pointer   |
|A_6_3_empty_n  |  in |    1|   ap_fifo  |               A_6_3               |    pointer   |
|A_6_3_read     | out |    1|   ap_fifo  |               A_6_3               |    pointer   |
|A_7_3_dout     |  in |   32|   ap_fifo  |               A_7_3               |    pointer   |
|A_7_3_empty_n  |  in |    1|   ap_fifo  |               A_7_3               |    pointer   |
|A_7_3_read     | out |    1|   ap_fifo  |               A_7_3               |    pointer   |
|p_read24       |  in |   32|   ap_none  |              p_read24             |    scalar    |
|p_read25       |  in |   32|   ap_none  |              p_read25             |    scalar    |
|p_read26       |  in |   32|   ap_none  |              p_read26             |    scalar    |
|p_read27       |  in |   32|   ap_none  |              p_read27             |    scalar    |
|p_read28       |  in |   32|   ap_none  |              p_read28             |    scalar    |
|p_read29       |  in |   32|   ap_none  |              p_read29             |    scalar    |
|p_read30       |  in |   32|   ap_none  |              p_read30             |    scalar    |
|p_read31       |  in |   32|   ap_none  |              p_read31             |    scalar    |
|A_0_4_dout     |  in |   32|   ap_fifo  |               A_0_4               |    pointer   |
|A_0_4_empty_n  |  in |    1|   ap_fifo  |               A_0_4               |    pointer   |
|A_0_4_read     | out |    1|   ap_fifo  |               A_0_4               |    pointer   |
|A_1_4_dout     |  in |   32|   ap_fifo  |               A_1_4               |    pointer   |
|A_1_4_empty_n  |  in |    1|   ap_fifo  |               A_1_4               |    pointer   |
|A_1_4_read     | out |    1|   ap_fifo  |               A_1_4               |    pointer   |
|A_2_4_dout     |  in |   32|   ap_fifo  |               A_2_4               |    pointer   |
|A_2_4_empty_n  |  in |    1|   ap_fifo  |               A_2_4               |    pointer   |
|A_2_4_read     | out |    1|   ap_fifo  |               A_2_4               |    pointer   |
|A_3_4_dout     |  in |   32|   ap_fifo  |               A_3_4               |    pointer   |
|A_3_4_empty_n  |  in |    1|   ap_fifo  |               A_3_4               |    pointer   |
|A_3_4_read     | out |    1|   ap_fifo  |               A_3_4               |    pointer   |
|A_4_4_dout     |  in |   32|   ap_fifo  |               A_4_4               |    pointer   |
|A_4_4_empty_n  |  in |    1|   ap_fifo  |               A_4_4               |    pointer   |
|A_4_4_read     | out |    1|   ap_fifo  |               A_4_4               |    pointer   |
|A_5_4_dout     |  in |   32|   ap_fifo  |               A_5_4               |    pointer   |
|A_5_4_empty_n  |  in |    1|   ap_fifo  |               A_5_4               |    pointer   |
|A_5_4_read     | out |    1|   ap_fifo  |               A_5_4               |    pointer   |
|A_6_4_dout     |  in |   32|   ap_fifo  |               A_6_4               |    pointer   |
|A_6_4_empty_n  |  in |    1|   ap_fifo  |               A_6_4               |    pointer   |
|A_6_4_read     | out |    1|   ap_fifo  |               A_6_4               |    pointer   |
|A_7_4_dout     |  in |   32|   ap_fifo  |               A_7_4               |    pointer   |
|A_7_4_empty_n  |  in |    1|   ap_fifo  |               A_7_4               |    pointer   |
|A_7_4_read     | out |    1|   ap_fifo  |               A_7_4               |    pointer   |
|p_read32       |  in |   32|   ap_none  |              p_read32             |    scalar    |
|p_read33       |  in |   32|   ap_none  |              p_read33             |    scalar    |
|p_read34       |  in |   32|   ap_none  |              p_read34             |    scalar    |
|p_read35       |  in |   32|   ap_none  |              p_read35             |    scalar    |
|p_read36       |  in |   32|   ap_none  |              p_read36             |    scalar    |
|p_read37       |  in |   32|   ap_none  |              p_read37             |    scalar    |
|p_read38       |  in |   32|   ap_none  |              p_read38             |    scalar    |
|p_read39       |  in |   32|   ap_none  |              p_read39             |    scalar    |
|A_0_5_dout     |  in |   32|   ap_fifo  |               A_0_5               |    pointer   |
|A_0_5_empty_n  |  in |    1|   ap_fifo  |               A_0_5               |    pointer   |
|A_0_5_read     | out |    1|   ap_fifo  |               A_0_5               |    pointer   |
|A_1_5_dout     |  in |   32|   ap_fifo  |               A_1_5               |    pointer   |
|A_1_5_empty_n  |  in |    1|   ap_fifo  |               A_1_5               |    pointer   |
|A_1_5_read     | out |    1|   ap_fifo  |               A_1_5               |    pointer   |
|A_2_5_dout     |  in |   32|   ap_fifo  |               A_2_5               |    pointer   |
|A_2_5_empty_n  |  in |    1|   ap_fifo  |               A_2_5               |    pointer   |
|A_2_5_read     | out |    1|   ap_fifo  |               A_2_5               |    pointer   |
|A_3_5_dout     |  in |   32|   ap_fifo  |               A_3_5               |    pointer   |
|A_3_5_empty_n  |  in |    1|   ap_fifo  |               A_3_5               |    pointer   |
|A_3_5_read     | out |    1|   ap_fifo  |               A_3_5               |    pointer   |
|A_4_5_dout     |  in |   32|   ap_fifo  |               A_4_5               |    pointer   |
|A_4_5_empty_n  |  in |    1|   ap_fifo  |               A_4_5               |    pointer   |
|A_4_5_read     | out |    1|   ap_fifo  |               A_4_5               |    pointer   |
|A_5_5_dout     |  in |   32|   ap_fifo  |               A_5_5               |    pointer   |
|A_5_5_empty_n  |  in |    1|   ap_fifo  |               A_5_5               |    pointer   |
|A_5_5_read     | out |    1|   ap_fifo  |               A_5_5               |    pointer   |
|A_6_5_dout     |  in |   32|   ap_fifo  |               A_6_5               |    pointer   |
|A_6_5_empty_n  |  in |    1|   ap_fifo  |               A_6_5               |    pointer   |
|A_6_5_read     | out |    1|   ap_fifo  |               A_6_5               |    pointer   |
|A_7_5_dout     |  in |   32|   ap_fifo  |               A_7_5               |    pointer   |
|A_7_5_empty_n  |  in |    1|   ap_fifo  |               A_7_5               |    pointer   |
|A_7_5_read     | out |    1|   ap_fifo  |               A_7_5               |    pointer   |
|p_read40       |  in |   32|   ap_none  |              p_read40             |    scalar    |
|p_read41       |  in |   32|   ap_none  |              p_read41             |    scalar    |
|p_read42       |  in |   32|   ap_none  |              p_read42             |    scalar    |
|p_read43       |  in |   32|   ap_none  |              p_read43             |    scalar    |
|p_read44       |  in |   32|   ap_none  |              p_read44             |    scalar    |
|p_read45       |  in |   32|   ap_none  |              p_read45             |    scalar    |
|p_read46       |  in |   32|   ap_none  |              p_read46             |    scalar    |
|p_read47       |  in |   32|   ap_none  |              p_read47             |    scalar    |
|A_0_6_dout     |  in |   32|   ap_fifo  |               A_0_6               |    pointer   |
|A_0_6_empty_n  |  in |    1|   ap_fifo  |               A_0_6               |    pointer   |
|A_0_6_read     | out |    1|   ap_fifo  |               A_0_6               |    pointer   |
|A_1_6_dout     |  in |   32|   ap_fifo  |               A_1_6               |    pointer   |
|A_1_6_empty_n  |  in |    1|   ap_fifo  |               A_1_6               |    pointer   |
|A_1_6_read     | out |    1|   ap_fifo  |               A_1_6               |    pointer   |
|A_2_6_dout     |  in |   32|   ap_fifo  |               A_2_6               |    pointer   |
|A_2_6_empty_n  |  in |    1|   ap_fifo  |               A_2_6               |    pointer   |
|A_2_6_read     | out |    1|   ap_fifo  |               A_2_6               |    pointer   |
|A_3_6_dout     |  in |   32|   ap_fifo  |               A_3_6               |    pointer   |
|A_3_6_empty_n  |  in |    1|   ap_fifo  |               A_3_6               |    pointer   |
|A_3_6_read     | out |    1|   ap_fifo  |               A_3_6               |    pointer   |
|A_4_6_dout     |  in |   32|   ap_fifo  |               A_4_6               |    pointer   |
|A_4_6_empty_n  |  in |    1|   ap_fifo  |               A_4_6               |    pointer   |
|A_4_6_read     | out |    1|   ap_fifo  |               A_4_6               |    pointer   |
|A_5_6_dout     |  in |   32|   ap_fifo  |               A_5_6               |    pointer   |
|A_5_6_empty_n  |  in |    1|   ap_fifo  |               A_5_6               |    pointer   |
|A_5_6_read     | out |    1|   ap_fifo  |               A_5_6               |    pointer   |
|A_6_6_dout     |  in |   32|   ap_fifo  |               A_6_6               |    pointer   |
|A_6_6_empty_n  |  in |    1|   ap_fifo  |               A_6_6               |    pointer   |
|A_6_6_read     | out |    1|   ap_fifo  |               A_6_6               |    pointer   |
|A_7_6_dout     |  in |   32|   ap_fifo  |               A_7_6               |    pointer   |
|A_7_6_empty_n  |  in |    1|   ap_fifo  |               A_7_6               |    pointer   |
|A_7_6_read     | out |    1|   ap_fifo  |               A_7_6               |    pointer   |
|p_read48       |  in |   32|   ap_none  |              p_read48             |    scalar    |
|p_read49       |  in |   32|   ap_none  |              p_read49             |    scalar    |
|p_read50       |  in |   32|   ap_none  |              p_read50             |    scalar    |
|p_read51       |  in |   32|   ap_none  |              p_read51             |    scalar    |
|p_read52       |  in |   32|   ap_none  |              p_read52             |    scalar    |
|p_read53       |  in |   32|   ap_none  |              p_read53             |    scalar    |
|p_read54       |  in |   32|   ap_none  |              p_read54             |    scalar    |
|p_read55       |  in |   32|   ap_none  |              p_read55             |    scalar    |
|A_0_7_dout     |  in |   32|   ap_fifo  |               A_0_7               |    pointer   |
|A_0_7_empty_n  |  in |    1|   ap_fifo  |               A_0_7               |    pointer   |
|A_0_7_read     | out |    1|   ap_fifo  |               A_0_7               |    pointer   |
|A_1_7_dout     |  in |   32|   ap_fifo  |               A_1_7               |    pointer   |
|A_1_7_empty_n  |  in |    1|   ap_fifo  |               A_1_7               |    pointer   |
|A_1_7_read     | out |    1|   ap_fifo  |               A_1_7               |    pointer   |
|A_2_7_dout     |  in |   32|   ap_fifo  |               A_2_7               |    pointer   |
|A_2_7_empty_n  |  in |    1|   ap_fifo  |               A_2_7               |    pointer   |
|A_2_7_read     | out |    1|   ap_fifo  |               A_2_7               |    pointer   |
|A_3_7_dout     |  in |   32|   ap_fifo  |               A_3_7               |    pointer   |
|A_3_7_empty_n  |  in |    1|   ap_fifo  |               A_3_7               |    pointer   |
|A_3_7_read     | out |    1|   ap_fifo  |               A_3_7               |    pointer   |
|A_4_7_dout     |  in |   32|   ap_fifo  |               A_4_7               |    pointer   |
|A_4_7_empty_n  |  in |    1|   ap_fifo  |               A_4_7               |    pointer   |
|A_4_7_read     | out |    1|   ap_fifo  |               A_4_7               |    pointer   |
|A_5_7_dout     |  in |   32|   ap_fifo  |               A_5_7               |    pointer   |
|A_5_7_empty_n  |  in |    1|   ap_fifo  |               A_5_7               |    pointer   |
|A_5_7_read     | out |    1|   ap_fifo  |               A_5_7               |    pointer   |
|A_6_7_dout     |  in |   32|   ap_fifo  |               A_6_7               |    pointer   |
|A_6_7_empty_n  |  in |    1|   ap_fifo  |               A_6_7               |    pointer   |
|A_6_7_read     | out |    1|   ap_fifo  |               A_6_7               |    pointer   |
|A_7_7_dout     |  in |   32|   ap_fifo  |               A_7_7               |    pointer   |
|A_7_7_empty_n  |  in |    1|   ap_fifo  |               A_7_7               |    pointer   |
|A_7_7_read     | out |    1|   ap_fifo  |               A_7_7               |    pointer   |
|p_read56       |  in |   32|   ap_none  |              p_read56             |    scalar    |
|p_read57       |  in |   32|   ap_none  |              p_read57             |    scalar    |
|p_read58       |  in |   32|   ap_none  |              p_read58             |    scalar    |
|p_read59       |  in |   32|   ap_none  |              p_read59             |    scalar    |
|p_read60       |  in |   32|   ap_none  |              p_read60             |    scalar    |
|p_read61       |  in |   32|   ap_none  |              p_read61             |    scalar    |
|p_read62       |  in |   32|   ap_none  |              p_read62             |    scalar    |
|p_read63       |  in |   32|   ap_none  |              p_read63             |    scalar    |
|C_address0     | out |    6|  ap_memory |                 C                 |     array    |
|C_ce0          | out |    1|  ap_memory |                 C                 |     array    |
|C_we0          | out |    1|  ap_memory |                 C                 |     array    |
|C_d0           | out |   32|  ap_memory |                 C                 |     array    |
+---------------+-----+-----+------------+-----------------------------------+--------------+

