

================================================================
== Vivado HLS Report for 'DCT_Block_proc'
================================================================
* Date:           Wed Oct 28 17:54:38 2015

* Version:        2015.1 (Build 1215546 on Mon Apr 27 19:24:50 PM 2015)
* Project:        dct
* Solution:       solution3opt
* Product family: zynq
* Target device:  xc7z020clg484-1


================================================================
== Performance Estimates
================================================================
+ Timing (ns): 
    * Summary: 
    +---------+-------+----------+------------+
    |  Clock  | Target| Estimated| Uncertainty|
    +---------+-------+----------+------------+
    |default  |  10.00|      8.22|        1.25|
    +---------+-------+----------+------------+

+ Latency (clock cycles): 
    * Summary: 
    +-----+-----+-----+-----+---------+
    |  Latency  |  Interval | Pipeline|
    | min | max | min | max |   Type  |
    +-----+-----+-----+-----+---------+
    |  302|  302|  302|  302|   none  |
    +-----+-----+-----+-----+---------+

    + Detail: 
        * Instance: 
        +------------------------------+-------------------+-----+-----+-----+-----+----------+
        |                              |                   |  Latency  |  Interval | Pipeline |
        |           Instance           |       Module      | min | max | min | max |   Type   |
        +------------------------------+-------------------+-----+-----+-----+-----+----------+
        |grp_DCT_MAT_Multiply_fu_63    |DCT_MAT_Multiply   |  178|  178|  111|  111| dataflow |
        |grp_DCT_MAT_Multiply2_fu_233  |DCT_MAT_Multiply2  |  121|  121|   68|   68| dataflow |
        +------------------------------+-------------------+-----+-----+-----+-----+----------+

        * Loop: 
        N/A



================================================================
== Utilization Estimates
================================================================
* Summary: 
+-----------------+---------+-------+--------+-------+
|       Name      | BRAM_18K| DSP48E|   FF   |  LUT  |
+-----------------+---------+-------+--------+-------+
|Expression       |        -|      -|       0|      4|
|FIFO             |        -|      -|       -|      -|
|Instance         |        0|     80|   15258|  25447|
|Memory           |        1|      -|       0|      0|
|Multiplexer      |        -|      -|       -|   3469|
|Register         |        -|      -|      12|      -|
+-----------------+---------+-------+--------+-------+
|Total            |        1|     80|   15270|  28920|
+-----------------+---------+-------+--------+-------+
|Available        |      280|    220|  106400|  53200|
+-----------------+---------+-------+--------+-------+
|Utilization (%)  |    ~0   |     36|      14|     54|
+-----------------+---------+-------+--------+-------+

+ Detail: 
    * Instance: 
    +------------------------------+-------------------+---------+-------+------+-------+
    |           Instance           |       Module      | BRAM_18K| DSP48E|  FF  |  LUT  |
    +------------------------------+-------------------+---------+-------+------+-------+
    |grp_DCT_MAT_Multiply_fu_63    |DCT_MAT_Multiply   |        0|     40|  8713|  14656|
    |grp_DCT_MAT_Multiply2_fu_233  |DCT_MAT_Multiply2  |        0|     40|  6545|  10791|
    +------------------------------+-------------------+---------+-------+------+-------+
    |Total                         |                   |        0|     80| 15258|  25447|
    +------------------------------+-------------------+---------+-------+------+-------+

    * Memory: 
    +--------+---------------------+---------+---+----+------+-----+------+-------------+
    | Memory |        Module       | BRAM_18K| FF| LUT| Words| Bits| Banks| W*Bits*Banks|
    +--------+---------------------+---------+---+----+------+-----+------+-------------+
    |temp_U  |DCT_Block_proc_temp  |        1|  0|   0|    64|   32|     1|         2048|
    +--------+---------------------+---------+---+----+------+-----+------+-------------+
    |Total   |                     |        1|  0|   0|    64|   32|     1|         2048|
    +--------+---------------------+---------+---+----+------+-----+------+-------------+

    * FIFO: 
    N/A

    * Expression: 
    +----------------+----------+-------+---+----+------------+------------+
    |  Variable Name | Operation| DSP48E| FF| LUT| Bitwidth P0| Bitwidth P1|
    +----------------+----------+-------+---+----+------------+------------+
    |cond_fu_402_p2  |   icmp   |      0|  0|   3|           8|           1|
    |ap_sig_bdd_46   |    or    |      0|  0|   1|           1|           1|
    +----------------+----------+-------+---+----+------------+------------+
    |Total           |          |      0|  0|   4|           9|           2|
    +----------------+----------+-------+---+----+------------+------------+

    * Multiplexer: 
    +-------------------------------------------------------+----+-----------+-----+-----------+
    |                          Name                         | LUT| Input Size| Bits| Total Bits|
    +-------------------------------------------------------+----+-----------+-----+-----------+
    |X_read                                                 |   1|          2|    1|          2|
    |Y_write                                                |   1|          2|    1|          2|
    |ap_NS_fsm                                              |   1|          7|    1|          7|
    |ap_sig_startack_grp_DCT_MAT_Multiply2_fu_233_ap_ready  |   1|          2|    1|          2|
    |ap_sig_startack_grp_DCT_MAT_Multiply_fu_63_ap_ready    |   1|          2|    1|          2|
    |grp_DCT_MAT_Multiply2_fu_233_B_0_1_read                |  32|          3|   32|         96|
    |grp_DCT_MAT_Multiply2_fu_233_B_0_2_read                |  32|          3|   32|         96|
    |grp_DCT_MAT_Multiply2_fu_233_B_0_3_read                |  32|          3|   32|         96|
    |grp_DCT_MAT_Multiply2_fu_233_B_0_5_read                |  32|          3|   32|         96|
    |grp_DCT_MAT_Multiply2_fu_233_B_0_6_read                |  32|          3|   32|         96|
    |grp_DCT_MAT_Multiply2_fu_233_B_0_7_read                |  32|          3|   32|         96|
    |grp_DCT_MAT_Multiply2_fu_233_B_1_0_read                |  32|          3|   32|         96|
    |grp_DCT_MAT_Multiply2_fu_233_B_1_2_read                |  32|          3|   32|         96|
    |grp_DCT_MAT_Multiply2_fu_233_B_1_3_read                |  32|          3|   32|         96|
    |grp_DCT_MAT_Multiply2_fu_233_B_1_4_read                |  32|          3|   32|         96|
    |grp_DCT_MAT_Multiply2_fu_233_B_1_5_read                |  32|          3|   32|         96|
    |grp_DCT_MAT_Multiply2_fu_233_B_1_6_read                |  32|          3|   32|         96|
    |grp_DCT_MAT_Multiply2_fu_233_B_1_7_read                |  32|          3|   32|         96|
    |grp_DCT_MAT_Multiply2_fu_233_B_2_0_read                |  32|          3|   32|         96|
    |grp_DCT_MAT_Multiply2_fu_233_B_2_1_read                |  32|          3|   32|         96|
    |grp_DCT_MAT_Multiply2_fu_233_B_2_3_read                |  32|          3|   32|         96|
    |grp_DCT_MAT_Multiply2_fu_233_B_2_4_read                |  32|          3|   32|         96|
    |grp_DCT_MAT_Multiply2_fu_233_B_2_5_read                |  32|          3|   32|         96|
    |grp_DCT_MAT_Multiply2_fu_233_B_2_6_read                |  32|          3|   32|         96|
    |grp_DCT_MAT_Multiply2_fu_233_B_2_7_read                |  32|          3|   32|         96|
    |grp_DCT_MAT_Multiply2_fu_233_B_3_0_read                |  32|          3|   32|         96|
    |grp_DCT_MAT_Multiply2_fu_233_B_3_1_read                |  32|          3|   32|         96|
    |grp_DCT_MAT_Multiply2_fu_233_B_3_2_read                |  32|          3|   32|         96|
    |grp_DCT_MAT_Multiply2_fu_233_B_3_4_read                |  32|          3|   32|         96|
    |grp_DCT_MAT_Multiply2_fu_233_B_3_5_read                |  32|          3|   32|         96|
    |grp_DCT_MAT_Multiply2_fu_233_B_3_6_read                |  32|          3|   32|         96|
    |grp_DCT_MAT_Multiply2_fu_233_B_3_7_read                |  32|          3|   32|         96|
    |grp_DCT_MAT_Multiply2_fu_233_B_4_1_read                |  32|          3|   32|         96|
    |grp_DCT_MAT_Multiply2_fu_233_B_4_2_read                |  32|          3|   32|         96|
    |grp_DCT_MAT_Multiply2_fu_233_B_4_3_read                |  32|          3|   32|         96|
    |grp_DCT_MAT_Multiply2_fu_233_B_4_5_read                |  32|          3|   32|         96|
    |grp_DCT_MAT_Multiply2_fu_233_B_4_6_read                |  32|          3|   32|         96|
    |grp_DCT_MAT_Multiply2_fu_233_B_4_7_read                |  32|          3|   32|         96|
    |grp_DCT_MAT_Multiply2_fu_233_B_5_0_read                |  32|          3|   32|         96|
    |grp_DCT_MAT_Multiply2_fu_233_B_5_1_read                |  32|          3|   32|         96|
    |grp_DCT_MAT_Multiply2_fu_233_B_5_2_read                |  32|          3|   32|         96|
    |grp_DCT_MAT_Multiply2_fu_233_B_5_3_read                |  32|          3|   32|         96|
    |grp_DCT_MAT_Multiply2_fu_233_B_5_4_read                |  32|          3|   32|         96|
    |grp_DCT_MAT_Multiply2_fu_233_B_5_6_read                |  32|          3|   32|         96|
    |grp_DCT_MAT_Multiply2_fu_233_B_5_7_read                |  32|          3|   32|         96|
    |grp_DCT_MAT_Multiply2_fu_233_B_6_0_read                |  32|          3|   32|         96|
    |grp_DCT_MAT_Multiply2_fu_233_B_6_1_read                |  32|          3|   32|         96|
    |grp_DCT_MAT_Multiply2_fu_233_B_6_2_read                |  32|          3|   32|         96|
    |grp_DCT_MAT_Multiply2_fu_233_B_6_3_read                |  32|          3|   32|         96|
    |grp_DCT_MAT_Multiply2_fu_233_B_6_4_read                |  32|          3|   32|         96|
    |grp_DCT_MAT_Multiply2_fu_233_B_6_5_read                |  32|          3|   32|         96|
    |grp_DCT_MAT_Multiply2_fu_233_B_6_7_read                |  32|          3|   32|         96|
    |grp_DCT_MAT_Multiply2_fu_233_B_7_0_read                |  32|          3|   32|         96|
    |grp_DCT_MAT_Multiply2_fu_233_B_7_1_read                |  32|          3|   32|         96|
    |grp_DCT_MAT_Multiply2_fu_233_B_7_2_read                |  32|          3|   32|         96|
    |grp_DCT_MAT_Multiply2_fu_233_B_7_3_read                |  32|          3|   32|         96|
    |grp_DCT_MAT_Multiply2_fu_233_B_7_4_read                |  32|          3|   32|         96|
    |grp_DCT_MAT_Multiply2_fu_233_B_7_5_read                |  32|          3|   32|         96|
    |grp_DCT_MAT_Multiply2_fu_233_B_7_6_read                |  32|          3|   32|         96|
    |grp_DCT_MAT_Multiply_fu_63_A_0_1_read                  |  32|          3|   32|         96|
    |grp_DCT_MAT_Multiply_fu_63_A_0_2_read                  |  32|          3|   32|         96|
    |grp_DCT_MAT_Multiply_fu_63_A_0_3_read                  |  32|          3|   32|         96|
    |grp_DCT_MAT_Multiply_fu_63_A_0_5_read                  |  32|          3|   32|         96|
    |grp_DCT_MAT_Multiply_fu_63_A_0_6_read                  |  32|          3|   32|         96|
    |grp_DCT_MAT_Multiply_fu_63_A_0_7_read                  |  32|          3|   32|         96|
    |grp_DCT_MAT_Multiply_fu_63_A_1_0_read                  |  32|          3|   32|         96|
    |grp_DCT_MAT_Multiply_fu_63_A_1_2_read                  |  32|          3|   32|         96|
    |grp_DCT_MAT_Multiply_fu_63_A_1_3_read                  |  32|          3|   32|         96|
    |grp_DCT_MAT_Multiply_fu_63_A_1_4_read                  |  32|          3|   32|         96|
    |grp_DCT_MAT_Multiply_fu_63_A_1_5_read                  |  32|          3|   32|         96|
    |grp_DCT_MAT_Multiply_fu_63_A_1_6_read                  |  32|          3|   32|         96|
    |grp_DCT_MAT_Multiply_fu_63_A_1_7_read                  |  32|          3|   32|         96|
    |grp_DCT_MAT_Multiply_fu_63_A_2_0_read                  |  32|          3|   32|         96|
    |grp_DCT_MAT_Multiply_fu_63_A_2_1_read                  |  32|          3|   32|         96|
    |grp_DCT_MAT_Multiply_fu_63_A_2_3_read                  |  32|          3|   32|         96|
    |grp_DCT_MAT_Multiply_fu_63_A_2_4_read                  |  32|          3|   32|         96|
    |grp_DCT_MAT_Multiply_fu_63_A_2_5_read                  |  32|          3|   32|         96|
    |grp_DCT_MAT_Multiply_fu_63_A_2_6_read                  |  32|          3|   32|         96|
    |grp_DCT_MAT_Multiply_fu_63_A_2_7_read                  |  32|          3|   32|         96|
    |grp_DCT_MAT_Multiply_fu_63_A_3_0_read                  |  32|          3|   32|         96|
    |grp_DCT_MAT_Multiply_fu_63_A_3_1_read                  |  32|          3|   32|         96|
    |grp_DCT_MAT_Multiply_fu_63_A_3_2_read                  |  32|          3|   32|         96|
    |grp_DCT_MAT_Multiply_fu_63_A_3_4_read                  |  32|          3|   32|         96|
    |grp_DCT_MAT_Multiply_fu_63_A_3_5_read                  |  32|          3|   32|         96|
    |grp_DCT_MAT_Multiply_fu_63_A_3_6_read                  |  32|          3|   32|         96|
    |grp_DCT_MAT_Multiply_fu_63_A_3_7_read                  |  32|          3|   32|         96|
    |grp_DCT_MAT_Multiply_fu_63_A_4_1_read                  |  32|          3|   32|         96|
    |grp_DCT_MAT_Multiply_fu_63_A_4_2_read                  |  32|          3|   32|         96|
    |grp_DCT_MAT_Multiply_fu_63_A_4_3_read                  |  32|          3|   32|         96|
    |grp_DCT_MAT_Multiply_fu_63_A_4_5_read                  |  32|          3|   32|         96|
    |grp_DCT_MAT_Multiply_fu_63_A_4_6_read                  |  32|          3|   32|         96|
    |grp_DCT_MAT_Multiply_fu_63_A_4_7_read                  |  32|          3|   32|         96|
    |grp_DCT_MAT_Multiply_fu_63_A_5_0_read                  |  32|          3|   32|         96|
    |grp_DCT_MAT_Multiply_fu_63_A_5_1_read                  |  32|          3|   32|         96|
    |grp_DCT_MAT_Multiply_fu_63_A_5_2_read                  |  32|          3|   32|         96|
    |grp_DCT_MAT_Multiply_fu_63_A_5_3_read                  |  32|          3|   32|         96|
    |grp_DCT_MAT_Multiply_fu_63_A_5_4_read                  |  32|          3|   32|         96|
    |grp_DCT_MAT_Multiply_fu_63_A_5_6_read                  |  32|          3|   32|         96|
    |grp_DCT_MAT_Multiply_fu_63_A_5_7_read                  |  32|          3|   32|         96|
    |grp_DCT_MAT_Multiply_fu_63_A_6_0_read                  |  32|          3|   32|         96|
    |grp_DCT_MAT_Multiply_fu_63_A_6_1_read                  |  32|          3|   32|         96|
    |grp_DCT_MAT_Multiply_fu_63_A_6_2_read                  |  32|          3|   32|         96|
    |grp_DCT_MAT_Multiply_fu_63_A_6_3_read                  |  32|          3|   32|         96|
    |grp_DCT_MAT_Multiply_fu_63_A_6_4_read                  |  32|          3|   32|         96|
    |grp_DCT_MAT_Multiply_fu_63_A_6_5_read                  |  32|          3|   32|         96|
    |grp_DCT_MAT_Multiply_fu_63_A_6_7_read                  |  32|          3|   32|         96|
    |grp_DCT_MAT_Multiply_fu_63_A_7_0_read                  |  32|          3|   32|         96|
    |grp_DCT_MAT_Multiply_fu_63_A_7_1_read                  |  32|          3|   32|         96|
    |grp_DCT_MAT_Multiply_fu_63_A_7_2_read                  |  32|          3|   32|         96|
    |grp_DCT_MAT_Multiply_fu_63_A_7_3_read                  |  32|          3|   32|         96|
    |grp_DCT_MAT_Multiply_fu_63_A_7_4_read                  |  32|          3|   32|         96|
    |grp_DCT_MAT_Multiply_fu_63_A_7_5_read                  |  32|          3|   32|         96|
    |grp_DCT_MAT_Multiply_fu_63_A_7_6_read                  |  32|          3|   32|         96|
    |temp_address0                                          |   6|          3|    6|         18|
    |temp_ce0                                               |   1|          3|    1|          3|
    |temp_we0                                               |   1|          2|    1|          2|
    +-------------------------------------------------------+----+-----------+-----+-----------+
    |Total                                                  |3469|        347| 3469|      10406|
    +-------------------------------------------------------+----+-----------+-----+-----------+

    * Register: 
    +-------------------------------------------------------+---+----+-----+-----------+
    |                          Name                         | FF| LUT| Bits| Const Bits|
    +-------------------------------------------------------+---+----+-----+-----------+
    |ap_CS_fsm                                              |  6|   0|    6|          0|
    |ap_done_reg                                            |  1|   0|    1|          0|
    |ap_reg_startack_grp_DCT_MAT_Multiply2_fu_233_ap_ready  |  1|   0|    1|          0|
    |ap_reg_startack_grp_DCT_MAT_Multiply_fu_63_ap_ready    |  1|   0|    1|          0|
    |cond_reg_408                                           |  1|   0|    1|          0|
    |grp_DCT_MAT_Multiply2_fu_233_ap_start_ap_start_reg     |  1|   0|    1|          0|
    |grp_DCT_MAT_Multiply_fu_63_ap_start_ap_start_reg       |  1|   0|    1|          0|
    +-------------------------------------------------------+---+----+-----+-----------+
    |Total                                                  | 12|   0|   12|          0|
    +-------------------------------------------------------+---+----+-----+-----------+



================================================================
== Interface
================================================================
* Summary: 
+-------------+-----+-----+------------+-----------------+--------------+
|  RTL Ports  | Dir | Bits|  Protocol  |  Source Object  |    C Type    |
+-------------+-----+-----+------------+-----------------+--------------+
|ap_clk       |  in |    1| ap_ctrl_hs | DCT_Block__proc | return value |
|ap_rst       |  in |    1| ap_ctrl_hs | DCT_Block__proc | return value |
|ap_start     |  in |    1| ap_ctrl_hs | DCT_Block__proc | return value |
|ap_done      | out |    1| ap_ctrl_hs | DCT_Block__proc | return value |
|ap_continue  |  in |    1| ap_ctrl_hs | DCT_Block__proc | return value |
|ap_idle      | out |    1| ap_ctrl_hs | DCT_Block__proc | return value |
|ap_ready     | out |    1| ap_ctrl_hs | DCT_Block__proc | return value |
|function_r   |  in |    8|   ap_none  |    function_r   |    scalar    |
|X_dout       |  in |   32|   ap_fifo  |        X        |    pointer   |
|X_empty_n    |  in |    1|   ap_fifo  |        X        |    pointer   |
|X_read       | out |    1|   ap_fifo  |        X        |    pointer   |
|Y_din        | out |   32|   ap_fifo  |        Y        |    pointer   |
|Y_full_n     |  in |    1|   ap_fifo  |        Y        |    pointer   |
|Y_write      | out |    1|   ap_fifo  |        Y        |    pointer   |
+-------------+-----+-----+------------+-----------------+--------------+

