

================================================================
== Vivado HLS Report for 'MAT_Multiply'
================================================================
* Date:           Thu Oct  1 14:31:43 2015

* Version:        2015.1 (Build 1215546 on Mon Apr 27 19:24:50 PM 2015)
* Project:        parta_2
* Solution:       solution1_fifo_unroll
* Product family: zynq
* Target device:  xc7z020clg484-1


================================================================
== Performance Estimates
================================================================
+ Timing (ns): 
    * Summary: 
    +---------+-------+----------+------------+
    |  Clock  | Target| Estimated| Uncertainty|
    +---------+-------+----------+------------+
    |default  |  10.00|      8.47|        1.25|
    +---------+-------+----------+------------+

+ Latency (clock cycles): 
    * Summary: 
    +-----+---------+-----+---------+---------+
    |    Latency    |    Interval   | Pipeline|
    | min |   max   | min |   max   |   Type  |
    +-----+---------+-----+---------+---------+
    |    1|  9100201|    2|  9100202|   none  |
    +-----+---------+-----+---------+---------+

    + Detail: 
        * Instance: 
        N/A

        * Loop: 
        +-----------------+-------+---------+-------------+-----------+-----------+------+----------+
        |                 |     Latency     |  Iteration  |  Initiation Interval  | Trip |          |
        |    Loop Name    |  min  |   max   |   Latency   |  achieved |   target  | Count| Pipelined|
        +-----------------+-------+---------+-------------+-----------+-----------+------+----------+
        |- Row            |  20200|  9100200| 202 ~ 91002 |          -|          -|   100|    no    |
        | + Col           |    200|    91000|   2 ~ 910   |          -|          -|   100|    no    |
        |  ++ RowCaching  |    100|      100|           20|          -|          -|     5|    no    |
        |  ++ ColCaching  |    100|      100|           20|          -|          -|     5|    no    |
        |  ++ Product     |    105|      705|   21 ~ 141  |          -|          -|     5|    no    |
        +-----------------+-------+---------+-------------+-----------+-----------+------+----------+



================================================================
== Utilization Estimates
================================================================
* Summary: 
+-----------------+---------+-------+--------+-------+
|       Name      | BRAM_18K| DSP48E|   FF   |  LUT  |
+-----------------+---------+-------+--------+-------+
|Expression       |        -|      -|       0|   4411|
|FIFO             |        -|      -|       -|      -|
|Instance         |        -|     80|       0|      0|
|Memory           |      100|      -|     640|     50|
|Multiplexer      |        -|      -|       -|   3887|
|Register         |        -|      -|    6855|      -|
+-----------------+---------+-------+--------+-------+
|Total            |      100|     80|    7495|   8348|
+-----------------+---------+-------+--------+-------+
|Available        |      280|    220|  106400|  53200|
+-----------------+---------+-------+--------+-------+
|Utilization (%)  |       35|     36|       7|     15|
+-----------------+---------+-------+--------+-------+

+ Detail: 
    * Instance: 
    +-----------------------------------+-------------------------------+---------+-------+---+----+
    |              Instance             |             Module            | BRAM_18K| DSP48E| FF| LUT|
    +-----------------------------------+-------------------------------+---------+-------+---+----+
    |MAT_Multiply_mul_32s_32s_32_6_U1   |MAT_Multiply_mul_32s_32s_32_6  |        0|      4|  0|   0|
    |MAT_Multiply_mul_32s_32s_32_6_U2   |MAT_Multiply_mul_32s_32s_32_6  |        0|      4|  0|   0|
    |MAT_Multiply_mul_32s_32s_32_6_U3   |MAT_Multiply_mul_32s_32s_32_6  |        0|      4|  0|   0|
    |MAT_Multiply_mul_32s_32s_32_6_U4   |MAT_Multiply_mul_32s_32s_32_6  |        0|      4|  0|   0|
    |MAT_Multiply_mul_32s_32s_32_6_U5   |MAT_Multiply_mul_32s_32s_32_6  |        0|      4|  0|   0|
    |MAT_Multiply_mul_32s_32s_32_6_U6   |MAT_Multiply_mul_32s_32s_32_6  |        0|      4|  0|   0|
    |MAT_Multiply_mul_32s_32s_32_6_U7   |MAT_Multiply_mul_32s_32s_32_6  |        0|      4|  0|   0|
    |MAT_Multiply_mul_32s_32s_32_6_U8   |MAT_Multiply_mul_32s_32s_32_6  |        0|      4|  0|   0|
    |MAT_Multiply_mul_32s_32s_32_6_U9   |MAT_Multiply_mul_32s_32s_32_6  |        0|      4|  0|   0|
    |MAT_Multiply_mul_32s_32s_32_6_U10  |MAT_Multiply_mul_32s_32s_32_6  |        0|      4|  0|   0|
    |MAT_Multiply_mul_32s_32s_32_6_U11  |MAT_Multiply_mul_32s_32s_32_6  |        0|      4|  0|   0|
    |MAT_Multiply_mul_32s_32s_32_6_U12  |MAT_Multiply_mul_32s_32s_32_6  |        0|      4|  0|   0|
    |MAT_Multiply_mul_32s_32s_32_6_U13  |MAT_Multiply_mul_32s_32s_32_6  |        0|      4|  0|   0|
    |MAT_Multiply_mul_32s_32s_32_6_U14  |MAT_Multiply_mul_32s_32s_32_6  |        0|      4|  0|   0|
    |MAT_Multiply_mul_32s_32s_32_6_U15  |MAT_Multiply_mul_32s_32s_32_6  |        0|      4|  0|   0|
    |MAT_Multiply_mul_32s_32s_32_6_U16  |MAT_Multiply_mul_32s_32s_32_6  |        0|      4|  0|   0|
    |MAT_Multiply_mul_32s_32s_32_6_U17  |MAT_Multiply_mul_32s_32s_32_6  |        0|      4|  0|   0|
    |MAT_Multiply_mul_32s_32s_32_6_U18  |MAT_Multiply_mul_32s_32s_32_6  |        0|      4|  0|   0|
    |MAT_Multiply_mul_32s_32s_32_6_U19  |MAT_Multiply_mul_32s_32s_32_6  |        0|      4|  0|   0|
    |MAT_Multiply_mul_32s_32s_32_6_U20  |MAT_Multiply_mul_32s_32s_32_6  |        0|      4|  0|   0|
    +-----------------------------------+-------------------------------+---------+-------+---+----+
    |Total                              |                               |        0|     80|  0|   0|
    +-----------------------------------+-------------------------------+---------+-------+---+----+

    * Memory: 
    +------------------+-----------------------------+---------+----+----+------+-----+------+-------------+
    |      Memory      |            Module           | BRAM_18K| FF | LUT| Words| Bits| Banks| W*Bits*Banks|
    +------------------+-----------------------------+---------+----+----+------+-----+------+-------------+
    |A_cached_row_0_U  |MAT_Multiply_A_cached_row_0  |        0|  64|   5|    10|   32|     1|          320|
    |A_cached_row_1_U  |MAT_Multiply_A_cached_row_0  |        0|  64|   5|    10|   32|     1|          320|
    |A_cached_row_2_U  |MAT_Multiply_A_cached_row_0  |        0|  64|   5|    10|   32|     1|          320|
    |A_cached_row_3_U  |MAT_Multiply_A_cached_row_0  |        0|  64|   5|    10|   32|     1|          320|
    |A_cached_row_4_U  |MAT_Multiply_A_cached_row_0  |        0|  64|   5|    10|   32|     1|          320|
    |A_cached_row_5_U  |MAT_Multiply_A_cached_row_0  |        0|  64|   5|    10|   32|     1|          320|
    |A_cached_row_6_U  |MAT_Multiply_A_cached_row_0  |        0|  64|   5|    10|   32|     1|          320|
    |A_cached_row_7_U  |MAT_Multiply_A_cached_row_0  |        0|  64|   5|    10|   32|     1|          320|
    |A_cached_row_8_U  |MAT_Multiply_A_cached_row_0  |        0|  64|   5|    10|   32|     1|          320|
    |A_cached_row_9_U  |MAT_Multiply_A_cached_row_0  |        0|  64|   5|    10|   32|     1|          320|
    |B_cached_0_U      |MAT_Multiply_B_cached_0      |        1|   0|   0|   100|   32|     1|         3200|
    |B_cached_1_U      |MAT_Multiply_B_cached_0      |        1|   0|   0|   100|   32|     1|         3200|
    |B_cached_2_U      |MAT_Multiply_B_cached_0      |        1|   0|   0|   100|   32|     1|         3200|
    |B_cached_3_U      |MAT_Multiply_B_cached_0      |        1|   0|   0|   100|   32|     1|         3200|
    |B_cached_4_U      |MAT_Multiply_B_cached_0      |        1|   0|   0|   100|   32|     1|         3200|
    |B_cached_5_U      |MAT_Multiply_B_cached_0      |        1|   0|   0|   100|   32|     1|         3200|
    |B_cached_6_U      |MAT_Multiply_B_cached_0      |        1|   0|   0|   100|   32|     1|         3200|
    |B_cached_7_U      |MAT_Multiply_B_cached_0      |        1|   0|   0|   100|   32|     1|         3200|
    |B_cached_8_U      |MAT_Multiply_B_cached_0      |        1|   0|   0|   100|   32|     1|         3200|
    |B_cached_9_U      |MAT_Multiply_B_cached_0      |        1|   0|   0|   100|   32|     1|         3200|
    |B_cached_10_U     |MAT_Multiply_B_cached_0      |        1|   0|   0|   100|   32|     1|         3200|
    |B_cached_11_U     |MAT_Multiply_B_cached_0      |        1|   0|   0|   100|   32|     1|         3200|
    |B_cached_12_U     |MAT_Multiply_B_cached_0      |        1|   0|   0|   100|   32|     1|         3200|
    |B_cached_13_U     |MAT_Multiply_B_cached_0      |        1|   0|   0|   100|   32|     1|         3200|
    |B_cached_14_U     |MAT_Multiply_B_cached_0      |        1|   0|   0|   100|   32|     1|         3200|
    |B_cached_15_U     |MAT_Multiply_B_cached_0      |        1|   0|   0|   100|   32|     1|         3200|
    |B_cached_16_U     |MAT_Multiply_B_cached_0      |        1|   0|   0|   100|   32|     1|         3200|
    |B_cached_17_U     |MAT_Multiply_B_cached_0      |        1|   0|   0|   100|   32|     1|         3200|
    |B_cached_18_U     |MAT_Multiply_B_cached_0      |        1|   0|   0|   100|   32|     1|         3200|
    |B_cached_19_U     |MAT_Multiply_B_cached_0      |        1|   0|   0|   100|   32|     1|         3200|
    |B_cached_20_U     |MAT_Multiply_B_cached_0      |        1|   0|   0|   100|   32|     1|         3200|
    |B_cached_21_U     |MAT_Multiply_B_cached_0      |        1|   0|   0|   100|   32|     1|         3200|
    |B_cached_22_U     |MAT_Multiply_B_cached_0      |        1|   0|   0|   100|   32|     1|         3200|
    |B_cached_23_U     |MAT_Multiply_B_cached_0      |        1|   0|   0|   100|   32|     1|         3200|
    |B_cached_24_U     |MAT_Multiply_B_cached_0      |        1|   0|   0|   100|   32|     1|         3200|
    |B_cached_25_U     |MAT_Multiply_B_cached_0      |        1|   0|   0|   100|   32|     1|         3200|
    |B_cached_26_U     |MAT_Multiply_B_cached_0      |        1|   0|   0|   100|   32|     1|         3200|
    |B_cached_27_U     |MAT_Multiply_B_cached_0      |        1|   0|   0|   100|   32|     1|         3200|
    |B_cached_28_U     |MAT_Multiply_B_cached_0      |        1|   0|   0|   100|   32|     1|         3200|
    |B_cached_29_U     |MAT_Multiply_B_cached_0      |        1|   0|   0|   100|   32|     1|         3200|
    |B_cached_30_U     |MAT_Multiply_B_cached_0      |        1|   0|   0|   100|   32|     1|         3200|
    |B_cached_31_U     |MAT_Multiply_B_cached_0      |        1|   0|   0|   100|   32|     1|         3200|
    |B_cached_32_U     |MAT_Multiply_B_cached_0      |        1|   0|   0|   100|   32|     1|         3200|
    |B_cached_33_U     |MAT_Multiply_B_cached_0      |        1|   0|   0|   100|   32|     1|         3200|
    |B_cached_34_U     |MAT_Multiply_B_cached_0      |        1|   0|   0|   100|   32|     1|         3200|
    |B_cached_35_U     |MAT_Multiply_B_cached_0      |        1|   0|   0|   100|   32|     1|         3200|
    |B_cached_36_U     |MAT_Multiply_B_cached_0      |        1|   0|   0|   100|   32|     1|         3200|
    |B_cached_37_U     |MAT_Multiply_B_cached_0      |        1|   0|   0|   100|   32|     1|         3200|
    |B_cached_38_U     |MAT_Multiply_B_cached_0      |        1|   0|   0|   100|   32|     1|         3200|
    |B_cached_39_U     |MAT_Multiply_B_cached_0      |        1|   0|   0|   100|   32|     1|         3200|
    |B_cached_40_U     |MAT_Multiply_B_cached_0      |        1|   0|   0|   100|   32|     1|         3200|
    |B_cached_41_U     |MAT_Multiply_B_cached_0      |        1|   0|   0|   100|   32|     1|         3200|
    |B_cached_42_U     |MAT_Multiply_B_cached_0      |        1|   0|   0|   100|   32|     1|         3200|
    |B_cached_43_U     |MAT_Multiply_B_cached_0      |        1|   0|   0|   100|   32|     1|         3200|
    |B_cached_44_U     |MAT_Multiply_B_cached_0      |        1|   0|   0|   100|   32|     1|         3200|
    |B_cached_45_U     |MAT_Multiply_B_cached_0      |        1|   0|   0|   100|   32|     1|         3200|
    |B_cached_46_U     |MAT_Multiply_B_cached_0      |        1|   0|   0|   100|   32|     1|         3200|
    |B_cached_47_U     |MAT_Multiply_B_cached_0      |        1|   0|   0|   100|   32|     1|         3200|
    |B_cached_48_U     |MAT_Multiply_B_cached_0      |        1|   0|   0|   100|   32|     1|         3200|
    |B_cached_49_U     |MAT_Multiply_B_cached_0      |        1|   0|   0|   100|   32|     1|         3200|
    |B_cached_50_U     |MAT_Multiply_B_cached_0      |        1|   0|   0|   100|   32|     1|         3200|
    |B_cached_51_U     |MAT_Multiply_B_cached_0      |        1|   0|   0|   100|   32|     1|         3200|
    |B_cached_52_U     |MAT_Multiply_B_cached_0      |        1|   0|   0|   100|   32|     1|         3200|
    |B_cached_53_U     |MAT_Multiply_B_cached_0      |        1|   0|   0|   100|   32|     1|         3200|
    |B_cached_54_U     |MAT_Multiply_B_cached_0      |        1|   0|   0|   100|   32|     1|         3200|
    |B_cached_55_U     |MAT_Multiply_B_cached_0      |        1|   0|   0|   100|   32|     1|         3200|
    |B_cached_56_U     |MAT_Multiply_B_cached_0      |        1|   0|   0|   100|   32|     1|         3200|
    |B_cached_57_U     |MAT_Multiply_B_cached_0      |        1|   0|   0|   100|   32|     1|         3200|
    |B_cached_58_U     |MAT_Multiply_B_cached_0      |        1|   0|   0|   100|   32|     1|         3200|
    |B_cached_59_U     |MAT_Multiply_B_cached_0      |        1|   0|   0|   100|   32|     1|         3200|
    |B_cached_60_U     |MAT_Multiply_B_cached_0      |        1|   0|   0|   100|   32|     1|         3200|
    |B_cached_61_U     |MAT_Multiply_B_cached_0      |        1|   0|   0|   100|   32|     1|         3200|
    |B_cached_62_U     |MAT_Multiply_B_cached_0      |        1|   0|   0|   100|   32|     1|         3200|
    |B_cached_63_U     |MAT_Multiply_B_cached_0      |        1|   0|   0|   100|   32|     1|         3200|
    |B_cached_64_U     |MAT_Multiply_B_cached_0      |        1|   0|   0|   100|   32|     1|         3200|
    |B_cached_65_U     |MAT_Multiply_B_cached_0      |        1|   0|   0|   100|   32|     1|         3200|
    |B_cached_66_U     |MAT_Multiply_B_cached_0      |        1|   0|   0|   100|   32|     1|         3200|
    |B_cached_67_U     |MAT_Multiply_B_cached_0      |        1|   0|   0|   100|   32|     1|         3200|
    |B_cached_68_U     |MAT_Multiply_B_cached_0      |        1|   0|   0|   100|   32|     1|         3200|
    |B_cached_69_U     |MAT_Multiply_B_cached_0      |        1|   0|   0|   100|   32|     1|         3200|
    |B_cached_70_U     |MAT_Multiply_B_cached_0      |        1|   0|   0|   100|   32|     1|         3200|
    |B_cached_71_U     |MAT_Multiply_B_cached_0      |        1|   0|   0|   100|   32|     1|         3200|
    |B_cached_72_U     |MAT_Multiply_B_cached_0      |        1|   0|   0|   100|   32|     1|         3200|
    |B_cached_73_U     |MAT_Multiply_B_cached_0      |        1|   0|   0|   100|   32|     1|         3200|
    |B_cached_74_U     |MAT_Multiply_B_cached_0      |        1|   0|   0|   100|   32|     1|         3200|
    |B_cached_75_U     |MAT_Multiply_B_cached_0      |        1|   0|   0|   100|   32|     1|         3200|
    |B_cached_76_U     |MAT_Multiply_B_cached_0      |        1|   0|   0|   100|   32|     1|         3200|
    |B_cached_77_U     |MAT_Multiply_B_cached_0      |        1|   0|   0|   100|   32|     1|         3200|
    |B_cached_78_U     |MAT_Multiply_B_cached_0      |        1|   0|   0|   100|   32|     1|         3200|
    |B_cached_79_U     |MAT_Multiply_B_cached_0      |        1|   0|   0|   100|   32|     1|         3200|
    |B_cached_80_U     |MAT_Multiply_B_cached_0      |        1|   0|   0|   100|   32|     1|         3200|
    |B_cached_81_U     |MAT_Multiply_B_cached_0      |        1|   0|   0|   100|   32|     1|         3200|
    |B_cached_82_U     |MAT_Multiply_B_cached_0      |        1|   0|   0|   100|   32|     1|         3200|
    |B_cached_83_U     |MAT_Multiply_B_cached_0      |        1|   0|   0|   100|   32|     1|         3200|
    |B_cached_84_U     |MAT_Multiply_B_cached_0      |        1|   0|   0|   100|   32|     1|         3200|
    |B_cached_85_U     |MAT_Multiply_B_cached_0      |        1|   0|   0|   100|   32|     1|         3200|
    |B_cached_86_U     |MAT_Multiply_B_cached_0      |        1|   0|   0|   100|   32|     1|         3200|
    |B_cached_87_U     |MAT_Multiply_B_cached_0      |        1|   0|   0|   100|   32|     1|         3200|
    |B_cached_88_U     |MAT_Multiply_B_cached_0      |        1|   0|   0|   100|   32|     1|         3200|
    |B_cached_89_U     |MAT_Multiply_B_cached_0      |        1|   0|   0|   100|   32|     1|         3200|
    |B_cached_90_U     |MAT_Multiply_B_cached_0      |        1|   0|   0|   100|   32|     1|         3200|
    |B_cached_91_U     |MAT_Multiply_B_cached_0      |        1|   0|   0|   100|   32|     1|         3200|
    |B_cached_92_U     |MAT_Multiply_B_cached_0      |        1|   0|   0|   100|   32|     1|         3200|
    |B_cached_93_U     |MAT_Multiply_B_cached_0      |        1|   0|   0|   100|   32|     1|         3200|
    |B_cached_94_U     |MAT_Multiply_B_cached_0      |        1|   0|   0|   100|   32|     1|         3200|
    |B_cached_95_U     |MAT_Multiply_B_cached_0      |        1|   0|   0|   100|   32|     1|         3200|
    |B_cached_96_U     |MAT_Multiply_B_cached_0      |        1|   0|   0|   100|   32|     1|         3200|
    |B_cached_97_U     |MAT_Multiply_B_cached_0      |        1|   0|   0|   100|   32|     1|         3200|
    |B_cached_98_U     |MAT_Multiply_B_cached_0      |        1|   0|   0|   100|   32|     1|         3200|
    |B_cached_99_U     |MAT_Multiply_B_cached_0      |        1|   0|   0|   100|   32|     1|         3200|
    +------------------+-----------------------------+---------+----+----+------+-----+------+-------------+
    |Total             |                             |      100| 640|  50| 10100| 3520|   110|       323200|
    +------------------+-----------------------------+---------+----+----+------+-----+------+-------------+

    * FIFO: 
    N/A

    * Expression: 
    +-----------------------------+----------+-------+---+----+------------+------------+
    |        Variable Name        | Operation| DSP48E| FF| LUT| Bitwidth P0| Bitwidth P1|
    +-----------------------------+----------+-------+---+----+------------+------------+
    |i_1_fu_3282_p2               |     +    |      0|  0|   7|           7|           1|
    |indvars_iv_next1_fu_5579_p2  |     +    |      0|  0|   4|           4|           2|
    |indvars_iv_next2_fu_5585_p2  |     +    |      0|  0|   4|           4|           2|
    |indvars_iv_next9_fu_3465_p2  |     +    |      0|  0|   4|           4|           2|
    |indvars_iv_next_fu_3453_p2   |     +    |      0|  0|   4|           4|           2|
    |j_1_fu_3309_p2               |     +    |      0|  0|   7|           7|           1|
    |k_3_s_fu_3337_p2             |     +    |      0|  0|   7|           7|           5|
    |k_4_s_fu_3599_p2             |     +    |      0|  0|   7|           7|           5|
    |k_5_10_fu_4700_p2            |     +    |      0|  0|   7|           7|           4|
    |k_5_11_fu_4797_p2            |     +    |      0|  0|   7|           7|           4|
    |k_5_12_fu_4894_p2            |     +    |      0|  0|   7|           7|           4|
    |k_5_13_fu_4991_p2            |     +    |      0|  0|   7|           7|           4|
    |k_5_14_fu_5088_p2            |     +    |      0|  0|   7|           7|           4|
    |k_5_15_fu_5185_p2            |     +    |      0|  0|   7|           7|           5|
    |k_5_16_fu_5282_p2            |     +    |      0|  0|   7|           7|           5|
    |k_5_17_fu_5379_p2            |     +    |      0|  0|   7|           7|           5|
    |k_5_18_fu_5476_p2            |     +    |      0|  0|   7|           7|           5|
    |k_5_19_fu_5573_p2            |     +    |      0|  0|   7|           7|           5|
    |k_5_3_fu_4021_p2             |     +    |      0|  0|   7|           7|           3|
    |k_5_4_fu_4118_p2             |     +    |      0|  0|   7|           7|           3|
    |k_5_5_fu_4215_p2             |     +    |      0|  0|   7|           7|           3|
    |k_5_6_fu_4312_p2             |     +    |      0|  0|   7|           7|           3|
    |k_5_7_fu_4409_p2             |     +    |      0|  0|   7|           7|           4|
    |k_5_8_fu_4506_p2             |     +    |      0|  0|   7|           7|           4|
    |k_5_9_fu_4603_p2             |     +    |      0|  0|   7|           7|           4|
    |temp_2_10_fu_4790_p2         |     +    |      0|  0|  64|          64|          64|
    |temp_2_11_fu_4887_p2         |     +    |      0|  0|  64|          64|          64|
    |temp_2_12_fu_4984_p2         |     +    |      0|  0|  64|          64|          64|
    |temp_2_13_fu_5081_p2         |     +    |      0|  0|  64|          64|          64|
    |temp_2_14_fu_5178_p2         |     +    |      0|  0|  64|          64|          64|
    |temp_2_15_fu_5275_p2         |     +    |      0|  0|  64|          64|          64|
    |temp_2_16_fu_5372_p2         |     +    |      0|  0|  64|          64|          64|
    |temp_2_17_fu_5469_p2         |     +    |      0|  0|  64|          64|          64|
    |temp_2_18_fu_5566_p2         |     +    |      0|  0|  64|          64|          64|
    |temp_2_1_fu_3806_p2          |     +    |      0|  0|  64|          64|          64|
    |temp_2_2_fu_3910_p2          |     +    |      0|  0|  64|          64|          64|
    |temp_2_3_fu_4014_p2          |     +    |      0|  0|  64|          64|          64|
    |temp_2_4_fu_4111_p2          |     +    |      0|  0|  64|          64|          64|
    |temp_2_5_fu_4208_p2          |     +    |      0|  0|  64|          64|          64|
    |temp_2_6_fu_4305_p2          |     +    |      0|  0|  64|          64|          64|
    |temp_2_7_fu_4402_p2          |     +    |      0|  0|  64|          64|          64|
    |temp_2_8_fu_4499_p2          |     +    |      0|  0|  64|          64|          64|
    |temp_2_9_fu_4596_p2          |     +    |      0|  0|  64|          64|          64|
    |temp_2_fu_3702_p2            |     +    |      0|  0|  64|          64|          64|
    |temp_2_s_fu_4693_p2          |     +    |      0|  0|  64|          64|          64|
    |newSel10_fu_3881_p3          |  Select  |      0|  0|  32|           1|          32|
    |newSel11_fu_3895_p3          |  Select  |      0|  0|  32|           1|          32|
    |newSel12_fu_3961_p3          |  Select  |      0|  0|  32|           1|          32|
    |newSel13_fu_3973_p3          |  Select  |      0|  0|  32|           1|          32|
    |newSel14_fu_3985_p3          |  Select  |      0|  0|  32|           1|          32|
    |newSel15_fu_3999_p3          |  Select  |      0|  0|  32|           1|          32|
    |newSel16_fu_4059_p3          |  Select  |      0|  0|  32|           1|          32|
    |newSel17_fu_4071_p3          |  Select  |      0|  0|  32|           1|          32|
    |newSel18_fu_4082_p3          |  Select  |      0|  0|  32|           1|          32|
    |newSel19_fu_4096_p3          |  Select  |      0|  0|  32|           1|          32|
    |newSel1_fu_3661_p3           |  Select  |      0|  0|  32|           1|          32|
    |newSel20_fu_4156_p3          |  Select  |      0|  0|  32|           1|          32|
    |newSel21_fu_4168_p3          |  Select  |      0|  0|  32|           1|          32|
    |newSel22_fu_4179_p3          |  Select  |      0|  0|  32|           1|          32|
    |newSel23_fu_4193_p3          |  Select  |      0|  0|  32|           1|          32|
    |newSel24_fu_4253_p3          |  Select  |      0|  0|  32|           1|          32|
    |newSel25_fu_4265_p3          |  Select  |      0|  0|  32|           1|          32|
    |newSel26_fu_4276_p3          |  Select  |      0|  0|  32|           1|          32|
    |newSel27_fu_4290_p3          |  Select  |      0|  0|  32|           1|          32|
    |newSel28_fu_4350_p3          |  Select  |      0|  0|  32|           1|          32|
    |newSel29_fu_4362_p3          |  Select  |      0|  0|  32|           1|          32|
    |newSel2_fu_3673_p3           |  Select  |      0|  0|  32|           1|          32|
    |newSel30_fu_4373_p3          |  Select  |      0|  0|  32|           1|          32|
    |newSel31_fu_4387_p3          |  Select  |      0|  0|  32|           1|          32|
    |newSel32_fu_4447_p3          |  Select  |      0|  0|  32|           1|          32|
    |newSel33_fu_4459_p3          |  Select  |      0|  0|  32|           1|          32|
    |newSel34_fu_4470_p3          |  Select  |      0|  0|  32|           1|          32|
    |newSel35_fu_4484_p3          |  Select  |      0|  0|  32|           1|          32|
    |newSel36_fu_4544_p3          |  Select  |      0|  0|  32|           1|          32|
    |newSel37_fu_4556_p3          |  Select  |      0|  0|  32|           1|          32|
    |newSel38_fu_4567_p3          |  Select  |      0|  0|  32|           1|          32|
    |newSel39_fu_4581_p3          |  Select  |      0|  0|  32|           1|          32|
    |newSel3_fu_3687_p3           |  Select  |      0|  0|  32|           1|          32|
    |newSel40_fu_4641_p3          |  Select  |      0|  0|  32|           1|          32|
    |newSel41_fu_4653_p3          |  Select  |      0|  0|  32|           1|          32|
    |newSel42_fu_4664_p3          |  Select  |      0|  0|  32|           1|          32|
    |newSel43_fu_4678_p3          |  Select  |      0|  0|  32|           1|          32|
    |newSel44_fu_4738_p3          |  Select  |      0|  0|  32|           1|          32|
    |newSel45_fu_4750_p3          |  Select  |      0|  0|  32|           1|          32|
    |newSel46_fu_4761_p3          |  Select  |      0|  0|  32|           1|          32|
    |newSel47_fu_4775_p3          |  Select  |      0|  0|  32|           1|          32|
    |newSel48_fu_4835_p3          |  Select  |      0|  0|  32|           1|          32|
    |newSel49_fu_4847_p3          |  Select  |      0|  0|  32|           1|          32|
    |newSel4_fu_3753_p3           |  Select  |      0|  0|  32|           1|          32|
    |newSel50_fu_4858_p3          |  Select  |      0|  0|  32|           1|          32|
    |newSel51_fu_4872_p3          |  Select  |      0|  0|  32|           1|          32|
    |newSel52_fu_4932_p3          |  Select  |      0|  0|  32|           1|          32|
    |newSel53_fu_4944_p3          |  Select  |      0|  0|  32|           1|          32|
    |newSel54_fu_4955_p3          |  Select  |      0|  0|  32|           1|          32|
    |newSel55_fu_4969_p3          |  Select  |      0|  0|  32|           1|          32|
    |newSel56_fu_5029_p3          |  Select  |      0|  0|  32|           1|          32|
    |newSel57_fu_5041_p3          |  Select  |      0|  0|  32|           1|          32|
    |newSel58_fu_5052_p3          |  Select  |      0|  0|  32|           1|          32|
    |newSel59_fu_5066_p3          |  Select  |      0|  0|  32|           1|          32|
    |newSel5_fu_3765_p3           |  Select  |      0|  0|  32|           1|          32|
    |newSel60_fu_5126_p3          |  Select  |      0|  0|  32|           1|          32|
    |newSel61_fu_5138_p3          |  Select  |      0|  0|  32|           1|          32|
    |newSel62_fu_5149_p3          |  Select  |      0|  0|  32|           1|          32|
    |newSel63_fu_5163_p3          |  Select  |      0|  0|  32|           1|          32|
    |newSel64_fu_5223_p3          |  Select  |      0|  0|  32|           1|          32|
    |newSel65_fu_5235_p3          |  Select  |      0|  0|  32|           1|          32|
    |newSel66_fu_5246_p3          |  Select  |      0|  0|  32|           1|          32|
    |newSel67_fu_5260_p3          |  Select  |      0|  0|  32|           1|          32|
    |newSel68_fu_5320_p3          |  Select  |      0|  0|  32|           1|          32|
    |newSel69_fu_5332_p3          |  Select  |      0|  0|  32|           1|          32|
    |newSel6_fu_3777_p3           |  Select  |      0|  0|  32|           1|          32|
    |newSel70_fu_5343_p3          |  Select  |      0|  0|  32|           1|          32|
    |newSel71_fu_5357_p3          |  Select  |      0|  0|  32|           1|          32|
    |newSel72_fu_5417_p3          |  Select  |      0|  0|  32|           1|          32|
    |newSel73_fu_5429_p3          |  Select  |      0|  0|  32|           1|          32|
    |newSel74_fu_5440_p3          |  Select  |      0|  0|  32|           1|          32|
    |newSel75_fu_5454_p3          |  Select  |      0|  0|  32|           1|          32|
    |newSel76_fu_5514_p3          |  Select  |      0|  0|  32|           1|          32|
    |newSel77_fu_5526_p3          |  Select  |      0|  0|  32|           1|          32|
    |newSel78_fu_5537_p3          |  Select  |      0|  0|  32|           1|          32|
    |newSel79_fu_5551_p3          |  Select  |      0|  0|  32|           1|          32|
    |newSel7_fu_3791_p3           |  Select  |      0|  0|  32|           1|          32|
    |newSel8_fu_3857_p3           |  Select  |      0|  0|  32|           1|          32|
    |newSel9_fu_3869_p3           |  Select  |      0|  0|  32|           1|          32|
    |newSel_fu_3649_p3            |  Select  |      0|  0|  32|           1|          32|
    |ap_sig_bdd_1164              |    and   |      0|  0|   1|           1|           1|
    |ap_sig_bdd_244               |    and   |      0|  0|   1|           1|           1|
    |ap_sig_bdd_3152              |    and   |      0|  0|   1|           1|           1|
    |ap_sig_bdd_3159              |    and   |      0|  0|   1|           1|           1|
    |ap_sig_bdd_3166              |    and   |      0|  0|   1|           1|           1|
    |ap_sig_bdd_3172              |    and   |      0|  0|   1|           1|           1|
    |ap_sig_bdd_3184              |    and   |      0|  0|   1|           1|           1|
    |ap_sig_bdd_725               |    and   |      0|  0|   1|           1|           1|
    |tmp1_fu_3260_p2              |    and   |      0|  0|   1|           1|           1|
    |tmp_4_fu_3266_p2             |    and   |      0|  0|   1|           1|           1|
    |tmp_s_fu_3320_p2             |    and   |      0|  0|   1|           1|           1|
    |exitcond1_fu_3471_p2         |   icmp   |      0|  0|   3|           7|           6|
    |exitcond2_fu_3331_p2         |   icmp   |      0|  0|   3|           7|           6|
    |exitcond3_fu_3303_p2         |   icmp   |      0|  0|   3|           7|           6|
    |exitcond4_fu_3276_p2         |   icmp   |      0|  0|   3|           7|           6|
    |exitcond_fu_3609_p2          |   icmp   |      0|  0|   3|           7|           6|
    |sel_tmp10_fu_3851_p2         |   icmp   |      0|  0|   3|           7|           6|
    |sel_tmp11_fu_3937_p2         |   icmp   |      0|  0|   3|           7|           2|
    |sel_tmp12_fu_3943_p2         |   icmp   |      0|  0|   3|           7|           5|
    |sel_tmp13_fu_3949_p2         |   icmp   |      0|  0|   3|           7|           6|
    |sel_tmp14_fu_3955_p2         |   icmp   |      0|  0|   3|           7|           6|
    |sel_tmp15_fu_4041_p2         |   icmp   |      0|  0|   3|           7|           5|
    |sel_tmp16_fu_4047_p2         |   icmp   |      0|  0|   3|           7|           6|
    |sel_tmp17_fu_4053_p2         |   icmp   |      0|  0|   3|           7|           8|
    |sel_tmp18_fu_4138_p2         |   icmp   |      0|  0|   3|           7|           5|
    |sel_tmp19_fu_4144_p2         |   icmp   |      0|  0|   3|           7|           6|
    |sel_tmp1_fu_3735_p2          |   icmp   |      0|  0|   3|           7|           5|
    |sel_tmp20_fu_4150_p2         |   icmp   |      0|  0|   3|           7|           7|
    |sel_tmp21_fu_4235_p2         |   icmp   |      0|  0|   3|           7|           5|
    |sel_tmp22_fu_4241_p2         |   icmp   |      0|  0|   3|           7|           6|
    |sel_tmp23_fu_4247_p2         |   icmp   |      0|  0|   3|           7|           7|
    |sel_tmp24_fu_4332_p2         |   icmp   |      0|  0|   3|           7|           5|
    |sel_tmp25_fu_4338_p2         |   icmp   |      0|  0|   3|           7|           6|
    |sel_tmp26_fu_4344_p2         |   icmp   |      0|  0|   3|           7|           7|
    |sel_tmp27_fu_4429_p2         |   icmp   |      0|  0|   3|           7|           5|
    |sel_tmp28_fu_4435_p2         |   icmp   |      0|  0|   3|           7|           6|
    |sel_tmp29_fu_4441_p2         |   icmp   |      0|  0|   3|           7|           7|
    |sel_tmp2_fu_3631_p2          |   icmp   |      0|  0|   3|           7|           5|
    |sel_tmp30_fu_4526_p2         |   icmp   |      0|  0|   3|           7|           5|
    |sel_tmp31_fu_4532_p2         |   icmp   |      0|  0|   3|           7|           6|
    |sel_tmp32_fu_4538_p2         |   icmp   |      0|  0|   3|           7|           7|
    |sel_tmp33_fu_4623_p2         |   icmp   |      0|  0|   3|           7|           5|
    |sel_tmp34_fu_4629_p2         |   icmp   |      0|  0|   3|           7|           6|
    |sel_tmp35_fu_4635_p2         |   icmp   |      0|  0|   3|           7|           7|
    |sel_tmp36_fu_4720_p2         |   icmp   |      0|  0|   3|           7|           5|
    |sel_tmp37_fu_4726_p2         |   icmp   |      0|  0|   3|           7|           6|
    |sel_tmp38_fu_4732_p2         |   icmp   |      0|  0|   3|           7|           7|
    |sel_tmp39_fu_4817_p2         |   icmp   |      0|  0|   3|           7|           6|
    |sel_tmp3_fu_3741_p2          |   icmp   |      0|  0|   3|           7|           6|
    |sel_tmp40_fu_4823_p2         |   icmp   |      0|  0|   3|           7|           6|
    |sel_tmp41_fu_4829_p2         |   icmp   |      0|  0|   3|           7|           7|
    |sel_tmp42_fu_4914_p2         |   icmp   |      0|  0|   3|           7|           6|
    |sel_tmp43_fu_4920_p2         |   icmp   |      0|  0|   3|           7|           6|
    |sel_tmp44_fu_4926_p2         |   icmp   |      0|  0|   3|           7|           7|
    |sel_tmp45_fu_5011_p2         |   icmp   |      0|  0|   3|           7|           6|
    |sel_tmp46_fu_5017_p2         |   icmp   |      0|  0|   3|           7|           6|
    |sel_tmp47_fu_5023_p2         |   icmp   |      0|  0|   3|           7|           7|
    |sel_tmp48_fu_5108_p2         |   icmp   |      0|  0|   3|           7|           6|
    |sel_tmp49_fu_5114_p2         |   icmp   |      0|  0|   3|           7|           6|
    |sel_tmp4_fu_3637_p2          |   icmp   |      0|  0|   3|           7|           6|
    |sel_tmp50_fu_5120_p2         |   icmp   |      0|  0|   3|           7|           7|
    |sel_tmp51_fu_5205_p2         |   icmp   |      0|  0|   3|           7|           6|
    |sel_tmp52_fu_5211_p2         |   icmp   |      0|  0|   3|           7|           6|
    |sel_tmp53_fu_5217_p2         |   icmp   |      0|  0|   3|           7|           7|
    |sel_tmp54_fu_5302_p2         |   icmp   |      0|  0|   3|           7|           6|
    |sel_tmp55_fu_5308_p2         |   icmp   |      0|  0|   3|           7|           6|
    |sel_tmp56_fu_5314_p2         |   icmp   |      0|  0|   3|           7|           7|
    |sel_tmp57_fu_5399_p2         |   icmp   |      0|  0|   3|           7|           6|
    |sel_tmp58_fu_5405_p2         |   icmp   |      0|  0|   3|           7|           6|
    |sel_tmp59_fu_5411_p2         |   icmp   |      0|  0|   3|           7|           7|
    |sel_tmp5_fu_3747_p2          |   icmp   |      0|  0|   3|           7|           6|
    |sel_tmp60_fu_5496_p2         |   icmp   |      0|  0|   3|           7|           6|
    |sel_tmp61_fu_5502_p2         |   icmp   |      0|  0|   3|           7|           6|
    |sel_tmp62_fu_5508_p2         |   icmp   |      0|  0|   3|           7|           7|
    |sel_tmp6_fu_3643_p2          |   icmp   |      0|  0|   3|           7|           6|
    |sel_tmp7_fu_3833_p2          |   icmp   |      0|  0|   3|           7|           2|
    |sel_tmp8_fu_3839_p2          |   icmp   |      0|  0|   3|           7|           5|
    |sel_tmp9_fu_3729_p2          |   icmp   |      0|  0|   3|           7|           1|
    |sel_tmp_fu_3845_p2           |   icmp   |      0|  0|   3|           7|           6|
    |tmp_12_fu_3621_p2            |   icmp   |      0|  0|   3|           8|           8|
    |tmp_14_10_fu_4710_p2         |   icmp   |      0|  0|   3|           8|           8|
    |tmp_14_11_fu_4807_p2         |   icmp   |      0|  0|   3|           8|           8|
    |tmp_14_12_fu_4904_p2         |   icmp   |      0|  0|   3|           8|           8|
    |tmp_14_13_fu_5001_p2         |   icmp   |      0|  0|   3|           8|           8|
    |tmp_14_14_fu_5098_p2         |   icmp   |      0|  0|   3|           8|           8|
    |tmp_14_15_fu_5195_p2         |   icmp   |      0|  0|   3|           8|           8|
    |tmp_14_16_fu_5292_p2         |   icmp   |      0|  0|   3|           8|           8|
    |tmp_14_17_fu_5389_p2         |   icmp   |      0|  0|   3|           8|           8|
    |tmp_14_18_fu_5486_p2         |   icmp   |      0|  0|   3|           8|           8|
    |tmp_14_1_fu_3719_p2          |   icmp   |      0|  0|   3|           8|           8|
    |tmp_14_2_fu_3823_p2          |   icmp   |      0|  0|   3|           8|           8|
    |tmp_14_3_fu_3927_p2          |   icmp   |      0|  0|   3|           8|           8|
    |tmp_14_4_fu_4031_p2          |   icmp   |      0|  0|   3|           8|           8|
    |tmp_14_5_fu_4128_p2          |   icmp   |      0|  0|   3|           8|           8|
    |tmp_14_6_fu_4225_p2          |   icmp   |      0|  0|   3|           8|           8|
    |tmp_14_7_fu_4322_p2          |   icmp   |      0|  0|   3|           8|           8|
    |tmp_14_8_fu_4419_p2          |   icmp   |      0|  0|   3|           8|           8|
    |tmp_14_9_fu_4516_p2          |   icmp   |      0|  0|   3|           8|           8|
    |tmp_14_s_fu_4613_p2          |   icmp   |      0|  0|   3|           8|           8|
    |tmp_15_fu_3615_p2            |   icmp   |      0|  0|   3|           7|           1|
    |tmp_1_fu_3248_p2             |   icmp   |      0|  0|   3|           8|           8|
    |tmp_3_fu_3254_p2             |   icmp   |      0|  0|   3|           8|           8|
    |tmp_5_fu_3288_p2             |   icmp   |      0|  0|   3|           8|           8|
    |tmp_6_fu_3293_p2             |   icmp   |      0|  0|   3|           7|           1|
    |tmp_8_fu_3325_p2             |   icmp   |      0|  0|   3|           7|           1|
    |tmp_9_fu_3315_p2             |   icmp   |      0|  0|   3|           8|           8|
    |tmp_fu_3242_p2               |   icmp   |      0|  0|   3|           8|           8|
    |ap_sig_bdd_730               |    or    |      0|  0|   1|           1|           1|
    |k_4_019_t_fu_3581_p2         |    or    |      0|  0|   8|           7|           1|
    |k_4_120_t_fu_3587_p2         |    or    |      0|  0|   8|           7|           2|
    |k_4_221_t_fu_3593_p2         |    or    |      0|  0|   8|           7|           2|
    |k_5_1_fu_3813_p2             |    or    |      0|  0|   8|           7|           2|
    |k_5_2_fu_3917_p2             |    or    |      0|  0|   8|           7|           2|
    |k_5_s_fu_3709_p2             |    or    |      0|  0|   8|           7|           1|
    |or_cond10_fu_3979_p2         |    or    |      0|  0|   1|           1|           1|
    |or_cond11_fu_3993_p2         |    or    |      0|  0|   1|           1|           1|
    |or_cond12_fu_4065_p2         |    or    |      0|  0|   1|           1|           1|
    |or_cond13_fu_4077_p2         |    or    |      0|  0|   1|           1|           1|
    |or_cond14_fu_4090_p2         |    or    |      0|  0|   1|           1|           1|
    |or_cond15_fu_4162_p2         |    or    |      0|  0|   1|           1|           1|
    |or_cond16_fu_4174_p2         |    or    |      0|  0|   1|           1|           1|
    |or_cond17_fu_4187_p2         |    or    |      0|  0|   1|           1|           1|
    |or_cond18_fu_4259_p2         |    or    |      0|  0|   1|           1|           1|
    |or_cond19_fu_4271_p2         |    or    |      0|  0|   1|           1|           1|
    |or_cond1_fu_3667_p2          |    or    |      0|  0|   1|           1|           1|
    |or_cond20_fu_4284_p2         |    or    |      0|  0|   1|           1|           1|
    |or_cond21_fu_4356_p2         |    or    |      0|  0|   1|           1|           1|
    |or_cond22_fu_4368_p2         |    or    |      0|  0|   1|           1|           1|
    |or_cond23_fu_4381_p2         |    or    |      0|  0|   1|           1|           1|
    |or_cond24_fu_4453_p2         |    or    |      0|  0|   1|           1|           1|
    |or_cond25_fu_4465_p2         |    or    |      0|  0|   1|           1|           1|
    |or_cond26_fu_4478_p2         |    or    |      0|  0|   1|           1|           1|
    |or_cond27_fu_4550_p2         |    or    |      0|  0|   1|           1|           1|
    |or_cond28_fu_4562_p2         |    or    |      0|  0|   1|           1|           1|
    |or_cond29_fu_4575_p2         |    or    |      0|  0|   1|           1|           1|
    |or_cond2_fu_3681_p2          |    or    |      0|  0|   1|           1|           1|
    |or_cond30_fu_4647_p2         |    or    |      0|  0|   1|           1|           1|
    |or_cond31_fu_4659_p2         |    or    |      0|  0|   1|           1|           1|
    |or_cond32_fu_4672_p2         |    or    |      0|  0|   1|           1|           1|
    |or_cond33_fu_4744_p2         |    or    |      0|  0|   1|           1|           1|
    |or_cond34_fu_4756_p2         |    or    |      0|  0|   1|           1|           1|
    |or_cond35_fu_4769_p2         |    or    |      0|  0|   1|           1|           1|
    |or_cond36_fu_4841_p2         |    or    |      0|  0|   1|           1|           1|
    |or_cond37_fu_4853_p2         |    or    |      0|  0|   1|           1|           1|
    |or_cond38_fu_4866_p2         |    or    |      0|  0|   1|           1|           1|
    |or_cond39_fu_4938_p2         |    or    |      0|  0|   1|           1|           1|
    |or_cond3_fu_3759_p2          |    or    |      0|  0|   1|           1|           1|
    |or_cond40_fu_4950_p2         |    or    |      0|  0|   1|           1|           1|
    |or_cond41_fu_4963_p2         |    or    |      0|  0|   1|           1|           1|
    |or_cond42_fu_5035_p2         |    or    |      0|  0|   1|           1|           1|
    |or_cond43_fu_5047_p2         |    or    |      0|  0|   1|           1|           1|
    |or_cond44_fu_5060_p2         |    or    |      0|  0|   1|           1|           1|
    |or_cond45_fu_5132_p2         |    or    |      0|  0|   1|           1|           1|
    |or_cond46_fu_5144_p2         |    or    |      0|  0|   1|           1|           1|
    |or_cond47_fu_5157_p2         |    or    |      0|  0|   1|           1|           1|
    |or_cond48_fu_5229_p2         |    or    |      0|  0|   1|           1|           1|
    |or_cond49_fu_5241_p2         |    or    |      0|  0|   1|           1|           1|
    |or_cond4_fu_3771_p2          |    or    |      0|  0|   1|           1|           1|
    |or_cond50_fu_5254_p2         |    or    |      0|  0|   1|           1|           1|
    |or_cond51_fu_5326_p2         |    or    |      0|  0|   1|           1|           1|
    |or_cond52_fu_5338_p2         |    or    |      0|  0|   1|           1|           1|
    |or_cond53_fu_5351_p2         |    or    |      0|  0|   1|           1|           1|
    |or_cond54_fu_5423_p2         |    or    |      0|  0|   1|           1|           1|
    |or_cond55_fu_5435_p2         |    or    |      0|  0|   1|           1|           1|
    |or_cond56_fu_5448_p2         |    or    |      0|  0|   1|           1|           1|
    |or_cond57_fu_5520_p2         |    or    |      0|  0|   1|           1|           1|
    |or_cond58_fu_5532_p2         |    or    |      0|  0|   1|           1|           1|
    |or_cond59_fu_5545_p2         |    or    |      0|  0|   1|           1|           1|
    |or_cond5_fu_3785_p2          |    or    |      0|  0|   1|           1|           1|
    |or_cond6_fu_3863_p2          |    or    |      0|  0|   1|           1|           1|
    |or_cond7_fu_3875_p2          |    or    |      0|  0|   1|           1|           1|
    |or_cond8_fu_3889_p2          |    or    |      0|  0|   1|           1|           1|
    |or_cond9_fu_3967_p2          |    or    |      0|  0|   1|           1|           1|
    |or_cond_fu_3655_p2           |    or    |      0|  0|   1|           1|           1|
    +-----------------------------+----------+-------+---+----+------------+------------+
    |Total                        |          |      0|  0|4411|        2334|        4614|
    +-----------------------------+----------+-------+---+----+------------+------------+

    * Multiplexer: 
    +--------------------------+-----+-----------+-----+-----------+
    |           Name           | LUT | Input Size| Bits| Total Bits|
    +--------------------------+-----+-----------+-----+-----------+
    |A_cached_row_0_address0   |    4|          5|    4|         20|
    |A_cached_row_1_address0   |    4|          5|    4|         20|
    |A_cached_row_2_address0   |    4|          5|    4|         20|
    |A_cached_row_3_address0   |    4|          5|    4|         20|
    |A_cached_row_4_address0   |    4|          5|    4|         20|
    |A_cached_row_5_address0   |    4|          5|    4|         20|
    |A_cached_row_6_address0   |    4|          5|    4|         20|
    |A_cached_row_7_address0   |    4|          5|    4|         20|
    |A_cached_row_8_address0   |    4|          5|    4|         20|
    |A_cached_row_9_address0   |    4|          5|    4|         20|
    |B_cached_0_address0       |    7|          3|    7|         21|
    |B_cached_10_address0      |    7|          3|    7|         21|
    |B_cached_11_address0      |    7|          3|    7|         21|
    |B_cached_12_address0      |    7|          3|    7|         21|
    |B_cached_13_address0      |    7|          3|    7|         21|
    |B_cached_14_address0      |    7|          3|    7|         21|
    |B_cached_15_address0      |    7|          3|    7|         21|
    |B_cached_16_address0      |    7|          3|    7|         21|
    |B_cached_17_address0      |    7|          3|    7|         21|
    |B_cached_18_address0      |    7|          3|    7|         21|
    |B_cached_19_address0      |    7|          3|    7|         21|
    |B_cached_1_address0       |    7|          3|    7|         21|
    |B_cached_20_address0      |    7|          3|    7|         21|
    |B_cached_21_address0      |    7|          3|    7|         21|
    |B_cached_22_address0      |    7|          3|    7|         21|
    |B_cached_23_address0      |    7|          3|    7|         21|
    |B_cached_24_address0      |    7|          3|    7|         21|
    |B_cached_25_address0      |    7|          3|    7|         21|
    |B_cached_26_address0      |    7|          3|    7|         21|
    |B_cached_27_address0      |    7|          3|    7|         21|
    |B_cached_28_address0      |    7|          3|    7|         21|
    |B_cached_29_address0      |    7|          3|    7|         21|
    |B_cached_2_address0       |    7|          3|    7|         21|
    |B_cached_30_address0      |    7|          3|    7|         21|
    |B_cached_31_address0      |    7|          3|    7|         21|
    |B_cached_32_address0      |    7|          3|    7|         21|
    |B_cached_33_address0      |    7|          3|    7|         21|
    |B_cached_34_address0      |    7|          3|    7|         21|
    |B_cached_35_address0      |    7|          3|    7|         21|
    |B_cached_36_address0      |    7|          3|    7|         21|
    |B_cached_37_address0      |    7|          3|    7|         21|
    |B_cached_38_address0      |    7|          3|    7|         21|
    |B_cached_39_address0      |    7|          3|    7|         21|
    |B_cached_3_address0       |    7|          3|    7|         21|
    |B_cached_40_address0      |    7|          3|    7|         21|
    |B_cached_41_address0      |    7|          3|    7|         21|
    |B_cached_42_address0      |    7|          3|    7|         21|
    |B_cached_43_address0      |    7|          3|    7|         21|
    |B_cached_44_address0      |    7|          3|    7|         21|
    |B_cached_45_address0      |    7|          3|    7|         21|
    |B_cached_46_address0      |    7|          3|    7|         21|
    |B_cached_47_address0      |    7|          3|    7|         21|
    |B_cached_48_address0      |    7|          3|    7|         21|
    |B_cached_49_address0      |    7|          3|    7|         21|
    |B_cached_4_address0       |    7|          3|    7|         21|
    |B_cached_50_address0      |    7|          3|    7|         21|
    |B_cached_51_address0      |    7|          3|    7|         21|
    |B_cached_52_address0      |    7|          3|    7|         21|
    |B_cached_53_address0      |    7|          3|    7|         21|
    |B_cached_54_address0      |    7|          3|    7|         21|
    |B_cached_55_address0      |    7|          3|    7|         21|
    |B_cached_56_address0      |    7|          3|    7|         21|
    |B_cached_57_address0      |    7|          3|    7|         21|
    |B_cached_58_address0      |    7|          3|    7|         21|
    |B_cached_59_address0      |    7|          3|    7|         21|
    |B_cached_5_address0       |    7|          3|    7|         21|
    |B_cached_60_address0      |    7|          3|    7|         21|
    |B_cached_61_address0      |    7|          3|    7|         21|
    |B_cached_62_address0      |    7|          3|    7|         21|
    |B_cached_63_address0      |    7|          3|    7|         21|
    |B_cached_64_address0      |    7|          3|    7|         21|
    |B_cached_65_address0      |    7|          3|    7|         21|
    |B_cached_66_address0      |    7|          3|    7|         21|
    |B_cached_67_address0      |    7|          3|    7|         21|
    |B_cached_68_address0      |    7|          3|    7|         21|
    |B_cached_69_address0      |    7|          3|    7|         21|
    |B_cached_6_address0       |    7|          3|    7|         21|
    |B_cached_70_address0      |    7|          3|    7|         21|
    |B_cached_71_address0      |    7|          3|    7|         21|
    |B_cached_72_address0      |    7|          3|    7|         21|
    |B_cached_73_address0      |    7|          3|    7|         21|
    |B_cached_74_address0      |    7|          3|    7|         21|
    |B_cached_75_address0      |    7|          3|    7|         21|
    |B_cached_76_address0      |    7|          3|    7|         21|
    |B_cached_77_address0      |    7|          3|    7|         21|
    |B_cached_78_address0      |    7|          3|    7|         21|
    |B_cached_79_address0      |    7|          3|    7|         21|
    |B_cached_7_address0       |    7|          3|    7|         21|
    |B_cached_80_address0      |    7|          3|    7|         21|
    |B_cached_81_address0      |    7|          3|    7|         21|
    |B_cached_82_address0      |    7|          3|    7|         21|
    |B_cached_83_address0      |    7|          3|    7|         21|
    |B_cached_84_address0      |    7|          3|    7|         21|
    |B_cached_85_address0      |    7|          3|    7|         21|
    |B_cached_86_address0      |    7|          3|    7|         21|
    |B_cached_87_address0      |    7|          3|    7|         21|
    |B_cached_88_address0      |    7|          3|    7|         21|
    |B_cached_89_address0      |    7|          3|    7|         21|
    |B_cached_8_address0       |    7|          3|    7|         21|
    |B_cached_90_address0      |    7|          3|    7|         21|
    |B_cached_91_address0      |    7|          3|    7|         21|
    |B_cached_92_address0      |    7|          3|    7|         21|
    |B_cached_93_address0      |    7|          3|    7|         21|
    |B_cached_94_address0      |    7|          3|    7|         21|
    |B_cached_95_address0      |    7|          3|    7|         21|
    |B_cached_96_address0      |    7|          3|    7|         21|
    |B_cached_97_address0      |    7|          3|    7|         21|
    |B_cached_98_address0      |    7|          3|    7|         21|
    |B_cached_99_address0      |    7|          3|    7|         21|
    |B_cached_9_address0       |    7|          3|    7|         21|
    |ap_NS_fsm                 |  472|        186|    1|        186|
    |i_reg_2856                |    7|          2|    7|         14|
    |indvars_iv1_reg_2926      |    4|          2|    4|          8|
    |indvars_iv2_reg_2879      |    4|          2|    4|          8|
    |indvars_iv3_reg_2938      |    4|          2|    4|          8|
    |indvars_iv_reg_2891       |    4|          2|    4|          8|
    |j_reg_2867                |    7|          2|    7|         14|
    |k_1_reg_2914              |    7|          2|    7|         14|
    |k_2_reg_2950              |    7|          2|    7|         14|
    |k_reg_2903                |    7|          2|    7|         14|
    |temp_1_10_phi_fu_3099_p4  |   64|          2|   64|        128|
    |temp_1_10_reg_3096        |   64|          2|   64|        128|
    |temp_1_11_phi_fu_3110_p4  |   64|          2|   64|        128|
    |temp_1_11_reg_3107        |   64|          2|   64|        128|
    |temp_1_12_phi_fu_3121_p4  |   64|          2|   64|        128|
    |temp_1_12_reg_3118        |   64|          2|   64|        128|
    |temp_1_13_phi_fu_3132_p4  |   64|          2|   64|        128|
    |temp_1_13_reg_3129        |   64|          2|   64|        128|
    |temp_1_14_phi_fu_3143_p4  |   64|          2|   64|        128|
    |temp_1_14_reg_3140        |   64|          2|   64|        128|
    |temp_1_15_phi_fu_3154_p4  |   64|          2|   64|        128|
    |temp_1_15_reg_3151        |   64|          2|   64|        128|
    |temp_1_16_phi_fu_3165_p4  |   64|          2|   64|        128|
    |temp_1_16_reg_3162        |   64|          2|   64|        128|
    |temp_1_17_phi_fu_3176_p4  |   64|          2|   64|        128|
    |temp_1_17_reg_3173        |   64|          2|   64|        128|
    |temp_1_18_phi_fu_3188_p4  |   64|          2|   64|        128|
    |temp_1_18_reg_3184        |   64|          2|   64|        128|
    |temp_1_1_phi_fu_2989_p4   |   64|          2|   64|        128|
    |temp_1_1_reg_2986         |   64|          2|   64|        128|
    |temp_1_2_phi_fu_3000_p4   |   64|          2|   64|        128|
    |temp_1_2_reg_2997         |   64|          2|   64|        128|
    |temp_1_3_phi_fu_3011_p4   |   64|          2|   64|        128|
    |temp_1_3_reg_3008         |   64|          2|   64|        128|
    |temp_1_4_phi_fu_3022_p4   |   64|          2|   64|        128|
    |temp_1_4_reg_3019         |   64|          2|   64|        128|
    |temp_1_5_phi_fu_3033_p4   |   64|          2|   64|        128|
    |temp_1_5_reg_3030         |   64|          2|   64|        128|
    |temp_1_6_phi_fu_3044_p4   |   64|          2|   64|        128|
    |temp_1_6_reg_3041         |   64|          2|   64|        128|
    |temp_1_7_phi_fu_3055_p4   |   64|          2|   64|        128|
    |temp_1_7_reg_3052         |   64|          2|   64|        128|
    |temp_1_8_phi_fu_3066_p4   |   64|          2|   64|        128|
    |temp_1_8_reg_3063         |   64|          2|   64|        128|
    |temp_1_9_phi_fu_3077_p4   |   64|          2|   64|        128|
    |temp_1_9_reg_3074         |   64|          2|   64|        128|
    |temp_1_phi_fu_2978_p4     |   64|          2|   64|        128|
    |temp_1_reg_2975           |   64|          2|   64|        128|
    |temp_1_s_phi_fu_3088_p4   |   64|          2|   64|        128|
    |temp_1_s_reg_3085         |   64|          2|   64|        128|
    |temp_reg_2962             |   64|          2|   64|        128|
    +--------------------------+-----+-----------+-----+-----------+
    |Total                     | 3887|        636| 3416|       7836|
    +--------------------------+-----+-----------+-----+-----------+

    * Register: 
    +---------------------------+-----+----+-----+-----------+
    |            Name           |  FF | LUT| Bits| Const Bits|
    +---------------------------+-----+----+-----+-----------+
    |B_cached_0_addr_reg_5670   |    7|   0|    7|          0|
    |B_cached_0_load_reg_6726   |   32|   0|   32|          0|
    |B_cached_10_addr_reg_5920  |    7|   0|    7|          0|
    |B_cached_10_load_reg_6976  |   32|   0|   32|          0|
    |B_cached_11_addr_reg_5945  |    7|   0|    7|          0|
    |B_cached_11_load_reg_7001  |   32|   0|   32|          0|
    |B_cached_12_addr_reg_5970  |    7|   0|    7|          0|
    |B_cached_12_load_reg_7026  |   32|   0|   32|          0|
    |B_cached_13_addr_reg_5995  |    7|   0|    7|          0|
    |B_cached_13_load_reg_7051  |   32|   0|   32|          0|
    |B_cached_14_addr_reg_6020  |    7|   0|    7|          0|
    |B_cached_14_load_reg_7076  |   32|   0|   32|          0|
    |B_cached_15_addr_reg_6045  |    7|   0|    7|          0|
    |B_cached_15_load_reg_7101  |   32|   0|   32|          0|
    |B_cached_16_addr_reg_6070  |    7|   0|    7|          0|
    |B_cached_16_load_reg_7126  |   32|   0|   32|          0|
    |B_cached_17_addr_reg_6095  |    7|   0|    7|          0|
    |B_cached_17_load_reg_7151  |   32|   0|   32|          0|
    |B_cached_18_addr_reg_6120  |    7|   0|    7|          0|
    |B_cached_18_load_reg_7176  |   32|   0|   32|          0|
    |B_cached_19_addr_reg_6145  |    7|   0|    7|          0|
    |B_cached_19_load_reg_7201  |   32|   0|   32|          0|
    |B_cached_1_addr_reg_5695   |    7|   0|    7|          0|
    |B_cached_1_load_reg_6751   |   32|   0|   32|          0|
    |B_cached_20_addr_reg_5675  |    7|   0|    7|          0|
    |B_cached_20_load_reg_6731  |   32|   0|   32|          0|
    |B_cached_21_addr_reg_5700  |    7|   0|    7|          0|
    |B_cached_21_load_reg_6756  |   32|   0|   32|          0|
    |B_cached_22_addr_reg_5725  |    7|   0|    7|          0|
    |B_cached_22_load_reg_6781  |   32|   0|   32|          0|
    |B_cached_23_addr_reg_5750  |    7|   0|    7|          0|
    |B_cached_23_load_reg_6806  |   32|   0|   32|          0|
    |B_cached_24_addr_reg_5775  |    7|   0|    7|          0|
    |B_cached_24_load_reg_6831  |   32|   0|   32|          0|
    |B_cached_25_addr_reg_5800  |    7|   0|    7|          0|
    |B_cached_25_load_reg_6856  |   32|   0|   32|          0|
    |B_cached_26_addr_reg_5825  |    7|   0|    7|          0|
    |B_cached_26_load_reg_6881  |   32|   0|   32|          0|
    |B_cached_27_addr_reg_5850  |    7|   0|    7|          0|
    |B_cached_27_load_reg_6906  |   32|   0|   32|          0|
    |B_cached_28_addr_reg_5875  |    7|   0|    7|          0|
    |B_cached_28_load_reg_6931  |   32|   0|   32|          0|
    |B_cached_29_addr_reg_5900  |    7|   0|    7|          0|
    |B_cached_29_load_reg_6956  |   32|   0|   32|          0|
    |B_cached_2_addr_reg_5720   |    7|   0|    7|          0|
    |B_cached_2_load_reg_6776   |   32|   0|   32|          0|
    |B_cached_30_addr_reg_5925  |    7|   0|    7|          0|
    |B_cached_30_load_reg_6981  |   32|   0|   32|          0|
    |B_cached_31_addr_reg_5950  |    7|   0|    7|          0|
    |B_cached_31_load_reg_7006  |   32|   0|   32|          0|
    |B_cached_32_addr_reg_5975  |    7|   0|    7|          0|
    |B_cached_32_load_reg_7031  |   32|   0|   32|          0|
    |B_cached_33_addr_reg_6000  |    7|   0|    7|          0|
    |B_cached_33_load_reg_7056  |   32|   0|   32|          0|
    |B_cached_34_addr_reg_6025  |    7|   0|    7|          0|
    |B_cached_34_load_reg_7081  |   32|   0|   32|          0|
    |B_cached_35_addr_reg_6050  |    7|   0|    7|          0|
    |B_cached_35_load_reg_7106  |   32|   0|   32|          0|
    |B_cached_36_addr_reg_6075  |    7|   0|    7|          0|
    |B_cached_36_load_reg_7131  |   32|   0|   32|          0|
    |B_cached_37_addr_reg_6100  |    7|   0|    7|          0|
    |B_cached_37_load_reg_7156  |   32|   0|   32|          0|
    |B_cached_38_addr_reg_6125  |    7|   0|    7|          0|
    |B_cached_38_load_reg_7181  |   32|   0|   32|          0|
    |B_cached_39_addr_reg_6150  |    7|   0|    7|          0|
    |B_cached_39_load_reg_7206  |   32|   0|   32|          0|
    |B_cached_3_addr_reg_5745   |    7|   0|    7|          0|
    |B_cached_3_load_reg_6801   |   32|   0|   32|          0|
    |B_cached_40_addr_reg_5680  |    7|   0|    7|          0|
    |B_cached_40_load_reg_6736  |   32|   0|   32|          0|
    |B_cached_41_addr_reg_5705  |    7|   0|    7|          0|
    |B_cached_41_load_reg_6761  |   32|   0|   32|          0|
    |B_cached_42_addr_reg_5730  |    7|   0|    7|          0|
    |B_cached_42_load_reg_6786  |   32|   0|   32|          0|
    |B_cached_43_addr_reg_5755  |    7|   0|    7|          0|
    |B_cached_43_load_reg_6811  |   32|   0|   32|          0|
    |B_cached_44_addr_reg_5780  |    7|   0|    7|          0|
    |B_cached_44_load_reg_6836  |   32|   0|   32|          0|
    |B_cached_45_addr_reg_5805  |    7|   0|    7|          0|
    |B_cached_45_load_reg_6861  |   32|   0|   32|          0|
    |B_cached_46_addr_reg_5830  |    7|   0|    7|          0|
    |B_cached_46_load_reg_6886  |   32|   0|   32|          0|
    |B_cached_47_addr_reg_5855  |    7|   0|    7|          0|
    |B_cached_47_load_reg_6911  |   32|   0|   32|          0|
    |B_cached_48_addr_reg_5880  |    7|   0|    7|          0|
    |B_cached_48_load_reg_6936  |   32|   0|   32|          0|
    |B_cached_49_addr_reg_5905  |    7|   0|    7|          0|
    |B_cached_49_load_reg_6961  |   32|   0|   32|          0|
    |B_cached_4_addr_reg_5770   |    7|   0|    7|          0|
    |B_cached_4_load_reg_6826   |   32|   0|   32|          0|
    |B_cached_50_addr_reg_5930  |    7|   0|    7|          0|
    |B_cached_50_load_reg_6986  |   32|   0|   32|          0|
    |B_cached_51_addr_reg_5955  |    7|   0|    7|          0|
    |B_cached_51_load_reg_7011  |   32|   0|   32|          0|
    |B_cached_52_addr_reg_5980  |    7|   0|    7|          0|
    |B_cached_52_load_reg_7036  |   32|   0|   32|          0|
    |B_cached_53_addr_reg_6005  |    7|   0|    7|          0|
    |B_cached_53_load_reg_7061  |   32|   0|   32|          0|
    |B_cached_54_addr_reg_6030  |    7|   0|    7|          0|
    |B_cached_54_load_reg_7086  |   32|   0|   32|          0|
    |B_cached_55_addr_reg_6055  |    7|   0|    7|          0|
    |B_cached_55_load_reg_7111  |   32|   0|   32|          0|
    |B_cached_56_addr_reg_6080  |    7|   0|    7|          0|
    |B_cached_56_load_reg_7136  |   32|   0|   32|          0|
    |B_cached_57_addr_reg_6105  |    7|   0|    7|          0|
    |B_cached_57_load_reg_7161  |   32|   0|   32|          0|
    |B_cached_58_addr_reg_6130  |    7|   0|    7|          0|
    |B_cached_58_load_reg_7186  |   32|   0|   32|          0|
    |B_cached_59_addr_reg_6155  |    7|   0|    7|          0|
    |B_cached_59_load_reg_7211  |   32|   0|   32|          0|
    |B_cached_5_addr_reg_5795   |    7|   0|    7|          0|
    |B_cached_5_load_reg_6851   |   32|   0|   32|          0|
    |B_cached_60_addr_reg_5685  |    7|   0|    7|          0|
    |B_cached_60_load_reg_6741  |   32|   0|   32|          0|
    |B_cached_61_addr_reg_5710  |    7|   0|    7|          0|
    |B_cached_61_load_reg_6766  |   32|   0|   32|          0|
    |B_cached_62_addr_reg_5735  |    7|   0|    7|          0|
    |B_cached_62_load_reg_6791  |   32|   0|   32|          0|
    |B_cached_63_addr_reg_5760  |    7|   0|    7|          0|
    |B_cached_63_load_reg_6816  |   32|   0|   32|          0|
    |B_cached_64_addr_reg_5785  |    7|   0|    7|          0|
    |B_cached_64_load_reg_6841  |   32|   0|   32|          0|
    |B_cached_65_addr_reg_5810  |    7|   0|    7|          0|
    |B_cached_65_load_reg_6866  |   32|   0|   32|          0|
    |B_cached_66_addr_reg_5835  |    7|   0|    7|          0|
    |B_cached_66_load_reg_6891  |   32|   0|   32|          0|
    |B_cached_67_addr_reg_5860  |    7|   0|    7|          0|
    |B_cached_67_load_reg_6916  |   32|   0|   32|          0|
    |B_cached_68_addr_reg_5885  |    7|   0|    7|          0|
    |B_cached_68_load_reg_6941  |   32|   0|   32|          0|
    |B_cached_69_addr_reg_5910  |    7|   0|    7|          0|
    |B_cached_69_load_reg_6966  |   32|   0|   32|          0|
    |B_cached_6_addr_reg_5820   |    7|   0|    7|          0|
    |B_cached_6_load_reg_6876   |   32|   0|   32|          0|
    |B_cached_70_addr_reg_5935  |    7|   0|    7|          0|
    |B_cached_70_load_reg_6991  |   32|   0|   32|          0|
    |B_cached_71_addr_reg_5960  |    7|   0|    7|          0|
    |B_cached_71_load_reg_7016  |   32|   0|   32|          0|
    |B_cached_72_addr_reg_5985  |    7|   0|    7|          0|
    |B_cached_72_load_reg_7041  |   32|   0|   32|          0|
    |B_cached_73_addr_reg_6010  |    7|   0|    7|          0|
    |B_cached_73_load_reg_7066  |   32|   0|   32|          0|
    |B_cached_74_addr_reg_6035  |    7|   0|    7|          0|
    |B_cached_74_load_reg_7091  |   32|   0|   32|          0|
    |B_cached_75_addr_reg_6060  |    7|   0|    7|          0|
    |B_cached_75_load_reg_7116  |   32|   0|   32|          0|
    |B_cached_76_addr_reg_6085  |    7|   0|    7|          0|
    |B_cached_76_load_reg_7141  |   32|   0|   32|          0|
    |B_cached_77_addr_reg_6110  |    7|   0|    7|          0|
    |B_cached_77_load_reg_7166  |   32|   0|   32|          0|
    |B_cached_78_addr_reg_6135  |    7|   0|    7|          0|
    |B_cached_78_load_reg_7191  |   32|   0|   32|          0|
    |B_cached_79_addr_reg_6160  |    7|   0|    7|          0|
    |B_cached_79_load_reg_7216  |   32|   0|   32|          0|
    |B_cached_7_addr_reg_5845   |    7|   0|    7|          0|
    |B_cached_7_load_reg_6901   |   32|   0|   32|          0|
    |B_cached_80_addr_reg_5690  |    7|   0|    7|          0|
    |B_cached_80_load_reg_6721  |   32|   0|   32|          0|
    |B_cached_81_addr_reg_5715  |    7|   0|    7|          0|
    |B_cached_81_load_reg_6746  |   32|   0|   32|          0|
    |B_cached_82_addr_reg_5740  |    7|   0|    7|          0|
    |B_cached_82_load_reg_6771  |   32|   0|   32|          0|
    |B_cached_83_addr_reg_5765  |    7|   0|    7|          0|
    |B_cached_83_load_reg_6796  |   32|   0|   32|          0|
    |B_cached_84_addr_reg_5790  |    7|   0|    7|          0|
    |B_cached_84_load_reg_6821  |   32|   0|   32|          0|
    |B_cached_85_addr_reg_5815  |    7|   0|    7|          0|
    |B_cached_85_load_reg_6846  |   32|   0|   32|          0|
    |B_cached_86_addr_reg_5840  |    7|   0|    7|          0|
    |B_cached_86_load_reg_6871  |   32|   0|   32|          0|
    |B_cached_87_addr_reg_5865  |    7|   0|    7|          0|
    |B_cached_87_load_reg_6896  |   32|   0|   32|          0|
    |B_cached_88_addr_reg_5890  |    7|   0|    7|          0|
    |B_cached_88_load_reg_6921  |   32|   0|   32|          0|
    |B_cached_89_addr_reg_5915  |    7|   0|    7|          0|
    |B_cached_89_load_reg_6946  |   32|   0|   32|          0|
    |B_cached_8_addr_reg_5870   |    7|   0|    7|          0|
    |B_cached_8_load_reg_6926   |   32|   0|   32|          0|
    |B_cached_90_addr_reg_5940  |    7|   0|    7|          0|
    |B_cached_90_load_reg_6971  |   32|   0|   32|          0|
    |B_cached_91_addr_reg_5965  |    7|   0|    7|          0|
    |B_cached_91_load_reg_6996  |   32|   0|   32|          0|
    |B_cached_92_addr_reg_5990  |    7|   0|    7|          0|
    |B_cached_92_load_reg_7021  |   32|   0|   32|          0|
    |B_cached_93_addr_reg_6015  |    7|   0|    7|          0|
    |B_cached_93_load_reg_7046  |   32|   0|   32|          0|
    |B_cached_94_addr_reg_6040  |    7|   0|    7|          0|
    |B_cached_94_load_reg_7071  |   32|   0|   32|          0|
    |B_cached_95_addr_reg_6065  |    7|   0|    7|          0|
    |B_cached_95_load_reg_7096  |   32|   0|   32|          0|
    |B_cached_96_addr_reg_6090  |    7|   0|    7|          0|
    |B_cached_96_load_reg_7121  |   32|   0|   32|          0|
    |B_cached_97_addr_reg_6115  |    7|   0|    7|          0|
    |B_cached_97_load_reg_7146  |   32|   0|   32|          0|
    |B_cached_98_addr_reg_6140  |    7|   0|    7|          0|
    |B_cached_98_load_reg_7171  |   32|   0|   32|          0|
    |B_cached_99_addr_reg_6165  |    7|   0|    7|          0|
    |B_cached_99_load_reg_7196  |   32|   0|   32|          0|
    |B_cached_9_addr_reg_5895   |    7|   0|    7|          0|
    |B_cached_9_load_reg_6951   |   32|   0|   32|          0|
    |ap_CS_fsm                  |  185|   0|  185|          0|
    |i_1_reg_5632               |    7|   0|    7|          0|
    |i_reg_2856                 |    7|   0|    7|          0|
    |indvars_iv1_reg_2926       |    4|   0|    4|          0|
    |indvars_iv2_reg_2879       |    4|   0|    4|          0|
    |indvars_iv3_reg_2938       |    4|   0|    4|          0|
    |indvars_iv_next9_reg_6199  |    4|   0|    4|          0|
    |indvars_iv_next_reg_6182   |    4|   0|    4|          0|
    |indvars_iv_reg_2891        |    4|   0|    4|          0|
    |j_1_reg_5649               |    7|   0|    7|          0|
    |j_reg_2867                 |    7|   0|    7|          0|
    |k_1_reg_2914               |    7|   0|    7|          0|
    |k_2_reg_2950               |    7|   0|    7|          0|
    |k_3_s_reg_5665             |    7|   0|    7|          0|
    |k_reg_2903                 |    7|   0|    7|          0|
    |newIndex2_reg_6170         |    4|   0|   64|         60|
    |newIndex_reg_6187          |    4|   0|   64|         60|
    |newSel11_reg_7291          |   32|   0|   32|          0|
    |newSel15_reg_7310          |   32|   0|   32|          0|
    |newSel19_reg_7329          |   32|   0|   32|          0|
    |newSel23_reg_7348          |   32|   0|   32|          0|
    |newSel27_reg_7367          |   32|   0|   32|          0|
    |newSel31_reg_7386          |   32|   0|   32|          0|
    |newSel35_reg_7405          |   32|   0|   32|          0|
    |newSel39_reg_7424          |   32|   0|   32|          0|
    |newSel3_reg_7253           |   32|   0|   32|          0|
    |newSel43_reg_7443          |   32|   0|   32|          0|
    |newSel47_reg_7462          |   32|   0|   32|          0|
    |newSel51_reg_7481          |   32|   0|   32|          0|
    |newSel55_reg_7500          |   32|   0|   32|          0|
    |newSel59_reg_7519          |   32|   0|   32|          0|
    |newSel63_reg_7538          |   32|   0|   32|          0|
    |newSel67_reg_7557          |   32|   0|   32|          0|
    |newSel71_reg_7576          |   32|   0|   32|          0|
    |newSel75_reg_7595          |   32|   0|   32|          0|
    |newSel79_reg_7614          |   32|   0|   32|          0|
    |newSel7_reg_7272           |   32|   0|   32|          0|
    |reg_3197                   |   32|   0|   32|          0|
    |temp_1_10_reg_3096         |   64|   0|   64|          0|
    |temp_1_11_reg_3107         |   64|   0|   64|          0|
    |temp_1_12_reg_3118         |   64|   0|   64|          0|
    |temp_1_13_reg_3129         |   64|   0|   64|          0|
    |temp_1_14_reg_3140         |   64|   0|   64|          0|
    |temp_1_15_reg_3151         |   64|   0|   64|          0|
    |temp_1_16_reg_3162         |   64|   0|   64|          0|
    |temp_1_17_reg_3173         |   64|   0|   64|          0|
    |temp_1_18_reg_3184         |   64|   0|   64|          0|
    |temp_1_1_reg_2986          |   64|   0|   64|          0|
    |temp_1_2_reg_2997          |   64|   0|   64|          0|
    |temp_1_3_reg_3008          |   64|   0|   64|          0|
    |temp_1_4_reg_3019          |   64|   0|   64|          0|
    |temp_1_5_reg_3030          |   64|   0|   64|          0|
    |temp_1_6_reg_3041          |   64|   0|   64|          0|
    |temp_1_7_reg_3052          |   64|   0|   64|          0|
    |temp_1_8_reg_3063          |   64|   0|   64|          0|
    |temp_1_9_reg_3074          |   64|   0|   64|          0|
    |temp_1_reg_2975            |   64|   0|   64|          0|
    |temp_1_s_reg_3085          |   64|   0|   64|          0|
    |temp_reg_2962              |   64|   0|   64|          0|
    |tmp_12_reg_7244            |    1|   0|    1|          0|
    |tmp_13_reg_7258            |   32|   0|   32|          0|
    |tmp_14_10_reg_7453         |    1|   0|    1|          0|
    |tmp_14_11_reg_7472         |    1|   0|    1|          0|
    |tmp_14_12_reg_7491         |    1|   0|    1|          0|
    |tmp_14_13_reg_7510         |    1|   0|    1|          0|
    |tmp_14_14_reg_7529         |    1|   0|    1|          0|
    |tmp_14_15_reg_7548         |    1|   0|    1|          0|
    |tmp_14_16_reg_7567         |    1|   0|    1|          0|
    |tmp_14_17_reg_7586         |    1|   0|    1|          0|
    |tmp_14_18_reg_7605         |    1|   0|    1|          0|
    |tmp_14_1_reg_7263          |    1|   0|    1|          0|
    |tmp_14_2_reg_7282          |    1|   0|    1|          0|
    |tmp_14_3_reg_7301          |    1|   0|    1|          0|
    |tmp_14_4_reg_7320          |    1|   0|    1|          0|
    |tmp_14_5_reg_7339          |    1|   0|    1|          0|
    |tmp_14_6_reg_7358          |    1|   0|    1|          0|
    |tmp_14_7_reg_7377          |    1|   0|    1|          0|
    |tmp_14_8_reg_7396          |    1|   0|    1|          0|
    |tmp_14_9_reg_7415          |    1|   0|    1|          0|
    |tmp_14_s_reg_7434          |    1|   0|    1|          0|
    |tmp_15_reg_7224            |    1|   0|    1|          0|
    |tmp_16_10_reg_7467         |   32|   0|   32|          0|
    |tmp_16_11_reg_7486         |   32|   0|   32|          0|
    |tmp_16_12_reg_7505         |   32|   0|   32|          0|
    |tmp_16_13_reg_7524         |   32|   0|   32|          0|
    |tmp_16_14_reg_7543         |   32|   0|   32|          0|
    |tmp_16_15_reg_7562         |   32|   0|   32|          0|
    |tmp_16_16_reg_7581         |   32|   0|   32|          0|
    |tmp_16_17_reg_7600         |   32|   0|   32|          0|
    |tmp_16_18_reg_7619         |   32|   0|   32|          0|
    |tmp_16_1_reg_7277          |   32|   0|   32|          0|
    |tmp_16_2_reg_7296          |   32|   0|   32|          0|
    |tmp_16_3_reg_7315          |   32|   0|   32|          0|
    |tmp_16_4_reg_7334          |   32|   0|   32|          0|
    |tmp_16_5_reg_7353          |   32|   0|   32|          0|
    |tmp_16_6_reg_7372          |   32|   0|   32|          0|
    |tmp_16_7_reg_7391          |   32|   0|   32|          0|
    |tmp_16_8_reg_7410          |   32|   0|   32|          0|
    |tmp_16_9_reg_7429          |   32|   0|   32|          0|
    |tmp_16_s_reg_7448          |   32|   0|   32|          0|
    |tmp_4_reg_5625             |    1|   0|    1|          0|
    |tmp_5_reg_5637             |    1|   0|    1|          0|
    |tmp_6_reg_5642             |    1|   0|    1|          0|
    |tmp_8_reg_5658             |    1|   0|    1|          0|
    |tmp_s_reg_5654             |    1|   0|    1|          0|
    +---------------------------+-----+----+-----+-----------+
    |Total                      | 6855|   0| 6975|        120|
    +---------------------------+-----+----+-----+-----------+



================================================================
== Interface
================================================================
* Summary: 
+-----------+-----+-----+------------+--------------+--------------+
| RTL Ports | Dir | Bits|  Protocol  | Source Object|    C Type    |
+-----------+-----+-----+------------+--------------+--------------+
|ap_clk     |  in |    1| ap_ctrl_hs | MAT_Multiply | return value |
|ap_rst     |  in |    1| ap_ctrl_hs | MAT_Multiply | return value |
|ap_start   |  in |    1| ap_ctrl_hs | MAT_Multiply | return value |
|ap_done    | out |    1| ap_ctrl_hs | MAT_Multiply | return value |
|ap_idle    | out |    1| ap_ctrl_hs | MAT_Multiply | return value |
|ap_ready   | out |    1| ap_ctrl_hs | MAT_Multiply | return value |
|A_dout     |  in |   32|   ap_fifo  |       A      |    pointer   |
|A_empty_n  |  in |    1|   ap_fifo  |       A      |    pointer   |
|A_read     | out |    1|   ap_fifo  |       A      |    pointer   |
|B_dout     |  in |   32|   ap_fifo  |       B      |    pointer   |
|B_empty_n  |  in |    1|   ap_fifo  |       B      |    pointer   |
|B_read     | out |    1|   ap_fifo  |       B      |    pointer   |
|C_din      | out |   64|   ap_fifo  |       C      |    pointer   |
|C_full_n   |  in |    1|   ap_fifo  |       C      |    pointer   |
|C_write    | out |    1|   ap_fifo  |       C      |    pointer   |
|mA         |  in |    8|   ap_none  |      mA      |    scalar    |
|nA         |  in |    8|   ap_none  |      nA      |    scalar    |
|mB         |  in |    8|   ap_none  |      mB      |    scalar    |
|nB         |  in |    8|   ap_none  |      nB      |    scalar    |
|mC         |  in |    8|   ap_none  |      mC      |    scalar    |
|nC         |  in |    8|   ap_none  |      nC      |    scalar    |
+-----------+-----+-----+------------+--------------+--------------+

