

================================================================
== Vivado HLS Report for 'DCT_MAT_Multiply2_Loop_Col_proc291'
================================================================
* Date:           Wed Oct 28 17:54:17 2015

* Version:        2015.1 (Build 1215546 on Mon Apr 27 19:24:50 PM 2015)
* Project:        dct
* Solution:       solution3opt
* Product family: zynq
* Target device:  xc7z020clg484-1


================================================================
== Performance Estimates
================================================================
+ Timing (ns): 
    * Summary: 
    +---------+-------+----------+------------+
    |  Clock  | Target| Estimated| Uncertainty|
    +---------+-------+----------+------------+
    |default  |  10.00|      7.64|        1.25|
    +---------+-------+----------+------------+

+ Latency (clock cycles): 
    * Summary: 
    +-----+-----+-----+-----+---------+
    |  Latency  |  Interval | Pipeline|
    | min | max | min | max |   Type  |
    +-----+-----+-----+-----+---------+
    |   53|   53|   53|   53|   none  |
    +-----+-----+-----+-----+---------+

    + Detail: 
        * Instance: 
        N/A

        * Loop: 
        +----------+-----+-----+----------+-----------+-----------+------+----------+
        |          |  Latency  | Iteration|  Initiation Interval  | Trip |          |
        | Loop Name| min | max |  Latency |  achieved |   target  | Count| Pipelined|
        +----------+-----+-----+----------+-----------+-----------+------+----------+
        |- Col     |   51|   51|        45|          1|          1|     8|    yes   |
        +----------+-----+-----+----------+-----------+-----------+------+----------+



================================================================
== Utilization Estimates
================================================================
* Summary: 
+-----------------+---------+-------+--------+-------+
|       Name      | BRAM_18K| DSP48E|   FF   |  LUT  |
+-----------------+---------+-------+--------+-------+
|Expression       |        -|      -|       -|      -|
|FIFO             |        -|      -|       -|      -|
|Instance         |        -|      -|       -|      -|
|Memory           |        -|      -|       -|      -|
|Multiplexer      |        -|      -|       -|      -|
|Register         |        -|      -|       -|      -|
+-----------------+---------+-------+--------+-------+
|Total            |        0|      0|       0|      0|
+-----------------+---------+-------+--------+-------+
|Available        |      280|    220|  106400|  53200|
+-----------------+---------+-------+--------+-------+
|Utilization (%)  |        0|      0|       0|      0|
+-----------------+---------+-------+--------+-------+

+ Detail: 
    * Instance: 
    N/A

    * Memory: 
    N/A

    * FIFO: 
    N/A

    * Expression: 
    N/A

    * Multiplexer: 
    N/A

    * Register: 
    N/A



================================================================
== Interface
================================================================
* Summary: 
N/A

============================================================
+ Verbose Summary: Synthesis Manager
============================================================
InlineROM: 1
ExposeGlobal: 0
============================================================
+ Verbose Summary: CDFG Model
============================================================
IsTopModel: 0
ResetActiveHigh: 1
IsCombinational: 2
IsDatapathOnly: 0
HasWiredReturn: 1
HasMFsm: 0
HasVarLatency: 1
IsPipeline: 0
IsRtlPipelined: 0
IsInstanceOverlapped: 0
IsDontTouch: 0
HasImplIP: 0
IsGatedGlobalClock: 0

+ Individual pipeline summary: 
  * Pipeline-0: initiation interval (II) = 1, depth = 45


============================================================
+ Verbose Summary: Schedule
============================================================
* Number of FSM states: 47
* Pipeline: 1
  Pipeline-0: II = 1, D = 45, States = { 2 3 4 5 6 7 8 9 10 11 12 13 14 15 16 17 18 19 20 21 22 23 24 25 26 27 28 29 30 31 32 33 34 35 36 37 38 39 40 41 42 43 44 45 46 }
* Dataflow Pipeline: 0

* FSM state transitions: 
1 --> 
	2  / true
2 --> 
	47  / (exitcond1_i)
	3  / (!exitcond1_i)
3 --> 
	4  / true
4 --> 
	5  / true
5 --> 
	6  / true
6 --> 
	7  / true
7 --> 
	8  / true
8 --> 
	9  / true
9 --> 
	10  / true
10 --> 
	11  / true
11 --> 
	12  / true
12 --> 
	13  / true
13 --> 
	14  / true
14 --> 
	15  / true
15 --> 
	16  / true
16 --> 
	17  / true
17 --> 
	18  / true
18 --> 
	19  / true
19 --> 
	20  / true
20 --> 
	21  / true
21 --> 
	22  / true
22 --> 
	23  / true
23 --> 
	24  / true
24 --> 
	25  / true
25 --> 
	26  / true
26 --> 
	27  / true
27 --> 
	28  / true
28 --> 
	29  / true
29 --> 
	30  / true
30 --> 
	31  / true
31 --> 
	32  / true
32 --> 
	33  / true
33 --> 
	34  / true
34 --> 
	35  / true
35 --> 
	36  / true
36 --> 
	37  / true
37 --> 
	38  / true
38 --> 
	39  / true
39 --> 
	40  / true
40 --> 
	41  / true
41 --> 
	42  / true
42 --> 
	43  / true
43 --> 
	44  / true
44 --> 
	45  / true
45 --> 
	46  / true
46 --> 
	2  / true
47 --> 
* FSM state operations: 

 <State 1>: 4.38ns
ST_1: stg_48 [1/1] 0.00ns
entry:0  call void (...)* @_ssdm_op_SpecInterface(float* %C, [8 x i8]* @p_str19, i32 0, i32 0, i32 0, i32 0, [1 x i8]* @p_str8, [1 x i8]* @p_str8, [1 x i8]* @p_str8)

ST_1: p_read715 [1/1] 0.00ns
entry:1  %p_read715 = call float @_ssdm_op_Read.ap_auto.float(float %p_read7)

ST_1: p_read614 [1/1] 0.00ns
entry:2  %p_read614 = call float @_ssdm_op_Read.ap_auto.float(float %p_read6)

ST_1: p_read513 [1/1] 0.00ns
entry:3  %p_read513 = call float @_ssdm_op_Read.ap_auto.float(float %p_read5)

ST_1: p_read412 [1/1] 0.00ns
entry:4  %p_read412 = call float @_ssdm_op_Read.ap_auto.float(float %p_read4)

ST_1: p_read311 [1/1] 0.00ns
entry:5  %p_read311 = call float @_ssdm_op_Read.ap_auto.float(float %p_read3)

ST_1: p_read210 [1/1] 0.00ns
entry:6  %p_read210 = call float @_ssdm_op_Read.ap_auto.float(float %p_read2)

ST_1: p_read19 [1/1] 0.00ns
entry:7  %p_read19 = call float @_ssdm_op_Read.ap_auto.float(float %p_read1)

ST_1: p_read_158 [1/1] 0.00ns
entry:8  %p_read_158 = call float @_ssdm_op_Read.ap_auto.float(float %p_read)

ST_1: B_0_0_read [1/1] 4.38ns
entry:9  %B_0_0_read = call float @_ssdm_op_Read.ap_fifo.floatP(float* %B_0_0)

ST_1: stg_58 [1/1] 0.00ns
entry:10  call void (...)* @_ssdm_op_SpecInterface(float* %B_0_0, [8 x i8]* @str912, i32 0, i32 0, i32 0, i32 0, [8 x i8]* @str912, [8 x i8]* @str912, [8 x i8]* @str912)

ST_1: B_0_1_read [1/1] 4.38ns
entry:11  %B_0_1_read = call float @_ssdm_op_Read.ap_fifo.floatP(float* %B_0_1)

ST_1: stg_60 [1/1] 0.00ns
entry:12  call void (...)* @_ssdm_op_SpecInterface(float* %B_0_1, [8 x i8]* @str913, i32 0, i32 0, i32 0, i32 0, [8 x i8]* @str913, [8 x i8]* @str913, [8 x i8]* @str913)

ST_1: B_0_2_read [1/1] 4.38ns
entry:13  %B_0_2_read = call float @_ssdm_op_Read.ap_fifo.floatP(float* %B_0_2)

ST_1: stg_62 [1/1] 0.00ns
entry:14  call void (...)* @_ssdm_op_SpecInterface(float* %B_0_2, [8 x i8]* @str914, i32 0, i32 0, i32 0, i32 0, [8 x i8]* @str914, [8 x i8]* @str914, [8 x i8]* @str914)

ST_1: B_0_3_read [1/1] 4.38ns
entry:15  %B_0_3_read = call float @_ssdm_op_Read.ap_fifo.floatP(float* %B_0_3)

ST_1: stg_64 [1/1] 0.00ns
entry:16  call void (...)* @_ssdm_op_SpecInterface(float* %B_0_3, [8 x i8]* @str915, i32 0, i32 0, i32 0, i32 0, [8 x i8]* @str915, [8 x i8]* @str915, [8 x i8]* @str915)

ST_1: B_0_4_read [1/1] 4.38ns
entry:17  %B_0_4_read = call float @_ssdm_op_Read.ap_fifo.floatP(float* %B_0_4)

ST_1: stg_66 [1/1] 0.00ns
entry:18  call void (...)* @_ssdm_op_SpecInterface(float* %B_0_4, [8 x i8]* @str916, i32 0, i32 0, i32 0, i32 0, [8 x i8]* @str916, [8 x i8]* @str916, [8 x i8]* @str916)

ST_1: B_0_5_read [1/1] 4.38ns
entry:19  %B_0_5_read = call float @_ssdm_op_Read.ap_fifo.floatP(float* %B_0_5)

ST_1: stg_68 [1/1] 0.00ns
entry:20  call void (...)* @_ssdm_op_SpecInterface(float* %B_0_5, [8 x i8]* @str917, i32 0, i32 0, i32 0, i32 0, [8 x i8]* @str917, [8 x i8]* @str917, [8 x i8]* @str917)

ST_1: B_0_6_read [1/1] 4.38ns
entry:21  %B_0_6_read = call float @_ssdm_op_Read.ap_fifo.floatP(float* %B_0_6)

ST_1: stg_70 [1/1] 0.00ns
entry:22  call void (...)* @_ssdm_op_SpecInterface(float* %B_0_6, [8 x i8]* @str918, i32 0, i32 0, i32 0, i32 0, [8 x i8]* @str918, [8 x i8]* @str918, [8 x i8]* @str918)

ST_1: B_0_7_read [1/1] 4.38ns
entry:23  %B_0_7_read = call float @_ssdm_op_Read.ap_fifo.floatP(float* %B_0_7)

ST_1: stg_72 [1/1] 0.00ns
entry:24  call void (...)* @_ssdm_op_SpecInterface(float* %B_0_7, [8 x i8]* @str919, i32 0, i32 0, i32 0, i32 0, [8 x i8]* @str919, [8 x i8]* @str919, [8 x i8]* @str919)

ST_1: B_1_0_read [1/1] 4.38ns
entry:25  %B_1_0_read = call float @_ssdm_op_Read.ap_fifo.floatP(float* %B_1_0)

ST_1: stg_74 [1/1] 0.00ns
entry:26  call void (...)* @_ssdm_op_SpecInterface(float* %B_1_0, [8 x i8]* @str920, i32 0, i32 0, i32 0, i32 0, [8 x i8]* @str920, [8 x i8]* @str920, [8 x i8]* @str920)

ST_1: B_1_1_read [1/1] 4.38ns
entry:27  %B_1_1_read = call float @_ssdm_op_Read.ap_fifo.floatP(float* %B_1_1)

ST_1: stg_76 [1/1] 0.00ns
entry:28  call void (...)* @_ssdm_op_SpecInterface(float* %B_1_1, [8 x i8]* @str921, i32 0, i32 0, i32 0, i32 0, [8 x i8]* @str921, [8 x i8]* @str921, [8 x i8]* @str921)

ST_1: B_1_2_read [1/1] 4.38ns
entry:29  %B_1_2_read = call float @_ssdm_op_Read.ap_fifo.floatP(float* %B_1_2)

ST_1: stg_78 [1/1] 0.00ns
entry:30  call void (...)* @_ssdm_op_SpecInterface(float* %B_1_2, [8 x i8]* @str922, i32 0, i32 0, i32 0, i32 0, [8 x i8]* @str922, [8 x i8]* @str922, [8 x i8]* @str922)

ST_1: B_1_3_read [1/1] 4.38ns
entry:31  %B_1_3_read = call float @_ssdm_op_Read.ap_fifo.floatP(float* %B_1_3)

ST_1: stg_80 [1/1] 0.00ns
entry:32  call void (...)* @_ssdm_op_SpecInterface(float* %B_1_3, [8 x i8]* @str923, i32 0, i32 0, i32 0, i32 0, [8 x i8]* @str923, [8 x i8]* @str923, [8 x i8]* @str923)

ST_1: B_1_4_read [1/1] 4.38ns
entry:33  %B_1_4_read = call float @_ssdm_op_Read.ap_fifo.floatP(float* %B_1_4)

ST_1: stg_82 [1/1] 0.00ns
entry:34  call void (...)* @_ssdm_op_SpecInterface(float* %B_1_4, [8 x i8]* @str924, i32 0, i32 0, i32 0, i32 0, [8 x i8]* @str924, [8 x i8]* @str924, [8 x i8]* @str924)

ST_1: B_1_5_read [1/1] 4.38ns
entry:35  %B_1_5_read = call float @_ssdm_op_Read.ap_fifo.floatP(float* %B_1_5)

ST_1: stg_84 [1/1] 0.00ns
entry:36  call void (...)* @_ssdm_op_SpecInterface(float* %B_1_5, [8 x i8]* @str925, i32 0, i32 0, i32 0, i32 0, [8 x i8]* @str925, [8 x i8]* @str925, [8 x i8]* @str925)

ST_1: B_1_6_read [1/1] 4.38ns
entry:37  %B_1_6_read = call float @_ssdm_op_Read.ap_fifo.floatP(float* %B_1_6)

ST_1: stg_86 [1/1] 0.00ns
entry:38  call void (...)* @_ssdm_op_SpecInterface(float* %B_1_6, [8 x i8]* @str926, i32 0, i32 0, i32 0, i32 0, [8 x i8]* @str926, [8 x i8]* @str926, [8 x i8]* @str926)

ST_1: B_1_7_read [1/1] 4.38ns
entry:39  %B_1_7_read = call float @_ssdm_op_Read.ap_fifo.floatP(float* %B_1_7)

ST_1: stg_88 [1/1] 0.00ns
entry:40  call void (...)* @_ssdm_op_SpecInterface(float* %B_1_7, [8 x i8]* @str927, i32 0, i32 0, i32 0, i32 0, [8 x i8]* @str927, [8 x i8]* @str927, [8 x i8]* @str927)

ST_1: B_2_0_read [1/1] 4.38ns
entry:41  %B_2_0_read = call float @_ssdm_op_Read.ap_fifo.floatP(float* %B_2_0)

ST_1: stg_90 [1/1] 0.00ns
entry:42  call void (...)* @_ssdm_op_SpecInterface(float* %B_2_0, [8 x i8]* @str928, i32 0, i32 0, i32 0, i32 0, [8 x i8]* @str928, [8 x i8]* @str928, [8 x i8]* @str928)

ST_1: B_2_1_read [1/1] 4.38ns
entry:43  %B_2_1_read = call float @_ssdm_op_Read.ap_fifo.floatP(float* %B_2_1)

ST_1: stg_92 [1/1] 0.00ns
entry:44  call void (...)* @_ssdm_op_SpecInterface(float* %B_2_1, [8 x i8]* @str929, i32 0, i32 0, i32 0, i32 0, [8 x i8]* @str929, [8 x i8]* @str929, [8 x i8]* @str929)

ST_1: B_2_2_read [1/1] 4.38ns
entry:45  %B_2_2_read = call float @_ssdm_op_Read.ap_fifo.floatP(float* %B_2_2)

ST_1: stg_94 [1/1] 0.00ns
entry:46  call void (...)* @_ssdm_op_SpecInterface(float* %B_2_2, [8 x i8]* @str930, i32 0, i32 0, i32 0, i32 0, [8 x i8]* @str930, [8 x i8]* @str930, [8 x i8]* @str930)

ST_1: B_2_3_read [1/1] 4.38ns
entry:47  %B_2_3_read = call float @_ssdm_op_Read.ap_fifo.floatP(float* %B_2_3)

ST_1: stg_96 [1/1] 0.00ns
entry:48  call void (...)* @_ssdm_op_SpecInterface(float* %B_2_3, [8 x i8]* @str931, i32 0, i32 0, i32 0, i32 0, [8 x i8]* @str931, [8 x i8]* @str931, [8 x i8]* @str931)

ST_1: B_2_4_read [1/1] 4.38ns
entry:49  %B_2_4_read = call float @_ssdm_op_Read.ap_fifo.floatP(float* %B_2_4)

ST_1: stg_98 [1/1] 0.00ns
entry:50  call void (...)* @_ssdm_op_SpecInterface(float* %B_2_4, [8 x i8]* @str932, i32 0, i32 0, i32 0, i32 0, [8 x i8]* @str932, [8 x i8]* @str932, [8 x i8]* @str932)

ST_1: B_2_5_read [1/1] 4.38ns
entry:51  %B_2_5_read = call float @_ssdm_op_Read.ap_fifo.floatP(float* %B_2_5)

ST_1: stg_100 [1/1] 0.00ns
entry:52  call void (...)* @_ssdm_op_SpecInterface(float* %B_2_5, [8 x i8]* @str933, i32 0, i32 0, i32 0, i32 0, [8 x i8]* @str933, [8 x i8]* @str933, [8 x i8]* @str933)

ST_1: B_2_6_read [1/1] 4.38ns
entry:53  %B_2_6_read = call float @_ssdm_op_Read.ap_fifo.floatP(float* %B_2_6)

ST_1: stg_102 [1/1] 0.00ns
entry:54  call void (...)* @_ssdm_op_SpecInterface(float* %B_2_6, [8 x i8]* @str934, i32 0, i32 0, i32 0, i32 0, [8 x i8]* @str934, [8 x i8]* @str934, [8 x i8]* @str934)

ST_1: B_2_7_read [1/1] 4.38ns
entry:55  %B_2_7_read = call float @_ssdm_op_Read.ap_fifo.floatP(float* %B_2_7)

ST_1: stg_104 [1/1] 0.00ns
entry:56  call void (...)* @_ssdm_op_SpecInterface(float* %B_2_7, [8 x i8]* @str935, i32 0, i32 0, i32 0, i32 0, [8 x i8]* @str935, [8 x i8]* @str935, [8 x i8]* @str935)

ST_1: B_3_0_read [1/1] 4.38ns
entry:57  %B_3_0_read = call float @_ssdm_op_Read.ap_fifo.floatP(float* %B_3_0)

ST_1: stg_106 [1/1] 0.00ns
entry:58  call void (...)* @_ssdm_op_SpecInterface(float* %B_3_0, [8 x i8]* @str936, i32 0, i32 0, i32 0, i32 0, [8 x i8]* @str936, [8 x i8]* @str936, [8 x i8]* @str936)

ST_1: B_3_1_read [1/1] 4.38ns
entry:59  %B_3_1_read = call float @_ssdm_op_Read.ap_fifo.floatP(float* %B_3_1)

ST_1: stg_108 [1/1] 0.00ns
entry:60  call void (...)* @_ssdm_op_SpecInterface(float* %B_3_1, [8 x i8]* @str937, i32 0, i32 0, i32 0, i32 0, [8 x i8]* @str937, [8 x i8]* @str937, [8 x i8]* @str937)

ST_1: B_3_2_read [1/1] 4.38ns
entry:61  %B_3_2_read = call float @_ssdm_op_Read.ap_fifo.floatP(float* %B_3_2)

ST_1: stg_110 [1/1] 0.00ns
entry:62  call void (...)* @_ssdm_op_SpecInterface(float* %B_3_2, [8 x i8]* @str938, i32 0, i32 0, i32 0, i32 0, [8 x i8]* @str938, [8 x i8]* @str938, [8 x i8]* @str938)

ST_1: B_3_3_read [1/1] 4.38ns
entry:63  %B_3_3_read = call float @_ssdm_op_Read.ap_fifo.floatP(float* %B_3_3)

ST_1: stg_112 [1/1] 0.00ns
entry:64  call void (...)* @_ssdm_op_SpecInterface(float* %B_3_3, [8 x i8]* @str939, i32 0, i32 0, i32 0, i32 0, [8 x i8]* @str939, [8 x i8]* @str939, [8 x i8]* @str939)

ST_1: B_3_4_read [1/1] 4.38ns
entry:65  %B_3_4_read = call float @_ssdm_op_Read.ap_fifo.floatP(float* %B_3_4)

ST_1: stg_114 [1/1] 0.00ns
entry:66  call void (...)* @_ssdm_op_SpecInterface(float* %B_3_4, [8 x i8]* @str940, i32 0, i32 0, i32 0, i32 0, [8 x i8]* @str940, [8 x i8]* @str940, [8 x i8]* @str940)

ST_1: B_3_5_read [1/1] 4.38ns
entry:67  %B_3_5_read = call float @_ssdm_op_Read.ap_fifo.floatP(float* %B_3_5)

ST_1: stg_116 [1/1] 0.00ns
entry:68  call void (...)* @_ssdm_op_SpecInterface(float* %B_3_5, [8 x i8]* @str941, i32 0, i32 0, i32 0, i32 0, [8 x i8]* @str941, [8 x i8]* @str941, [8 x i8]* @str941)

ST_1: B_3_6_read [1/1] 4.38ns
entry:69  %B_3_6_read = call float @_ssdm_op_Read.ap_fifo.floatP(float* %B_3_6)

ST_1: stg_118 [1/1] 0.00ns
entry:70  call void (...)* @_ssdm_op_SpecInterface(float* %B_3_6, [8 x i8]* @str942, i32 0, i32 0, i32 0, i32 0, [8 x i8]* @str942, [8 x i8]* @str942, [8 x i8]* @str942)

ST_1: B_3_7_read [1/1] 4.38ns
entry:71  %B_3_7_read = call float @_ssdm_op_Read.ap_fifo.floatP(float* %B_3_7)

ST_1: stg_120 [1/1] 0.00ns
entry:72  call void (...)* @_ssdm_op_SpecInterface(float* %B_3_7, [8 x i8]* @str943, i32 0, i32 0, i32 0, i32 0, [8 x i8]* @str943, [8 x i8]* @str943, [8 x i8]* @str943)

ST_1: B_4_0_read [1/1] 4.38ns
entry:73  %B_4_0_read = call float @_ssdm_op_Read.ap_fifo.floatP(float* %B_4_0)

ST_1: stg_122 [1/1] 0.00ns
entry:74  call void (...)* @_ssdm_op_SpecInterface(float* %B_4_0, [8 x i8]* @str944, i32 0, i32 0, i32 0, i32 0, [8 x i8]* @str944, [8 x i8]* @str944, [8 x i8]* @str944)

ST_1: B_4_1_read [1/1] 4.38ns
entry:75  %B_4_1_read = call float @_ssdm_op_Read.ap_fifo.floatP(float* %B_4_1)

ST_1: stg_124 [1/1] 0.00ns
entry:76  call void (...)* @_ssdm_op_SpecInterface(float* %B_4_1, [8 x i8]* @str945, i32 0, i32 0, i32 0, i32 0, [8 x i8]* @str945, [8 x i8]* @str945, [8 x i8]* @str945)

ST_1: B_4_2_read [1/1] 4.38ns
entry:77  %B_4_2_read = call float @_ssdm_op_Read.ap_fifo.floatP(float* %B_4_2)

ST_1: stg_126 [1/1] 0.00ns
entry:78  call void (...)* @_ssdm_op_SpecInterface(float* %B_4_2, [8 x i8]* @str946, i32 0, i32 0, i32 0, i32 0, [8 x i8]* @str946, [8 x i8]* @str946, [8 x i8]* @str946)

ST_1: B_4_3_read [1/1] 4.38ns
entry:79  %B_4_3_read = call float @_ssdm_op_Read.ap_fifo.floatP(float* %B_4_3)

ST_1: stg_128 [1/1] 0.00ns
entry:80  call void (...)* @_ssdm_op_SpecInterface(float* %B_4_3, [8 x i8]* @str947, i32 0, i32 0, i32 0, i32 0, [8 x i8]* @str947, [8 x i8]* @str947, [8 x i8]* @str947)

ST_1: B_4_4_read [1/1] 4.38ns
entry:81  %B_4_4_read = call float @_ssdm_op_Read.ap_fifo.floatP(float* %B_4_4)

ST_1: stg_130 [1/1] 0.00ns
entry:82  call void (...)* @_ssdm_op_SpecInterface(float* %B_4_4, [8 x i8]* @str948, i32 0, i32 0, i32 0, i32 0, [8 x i8]* @str948, [8 x i8]* @str948, [8 x i8]* @str948)

ST_1: B_4_5_read [1/1] 4.38ns
entry:83  %B_4_5_read = call float @_ssdm_op_Read.ap_fifo.floatP(float* %B_4_5)

ST_1: stg_132 [1/1] 0.00ns
entry:84  call void (...)* @_ssdm_op_SpecInterface(float* %B_4_5, [8 x i8]* @str949, i32 0, i32 0, i32 0, i32 0, [8 x i8]* @str949, [8 x i8]* @str949, [8 x i8]* @str949)

ST_1: B_4_6_read [1/1] 4.38ns
entry:85  %B_4_6_read = call float @_ssdm_op_Read.ap_fifo.floatP(float* %B_4_6)

ST_1: stg_134 [1/1] 0.00ns
entry:86  call void (...)* @_ssdm_op_SpecInterface(float* %B_4_6, [8 x i8]* @str950, i32 0, i32 0, i32 0, i32 0, [8 x i8]* @str950, [8 x i8]* @str950, [8 x i8]* @str950)

ST_1: B_4_7_read [1/1] 4.38ns
entry:87  %B_4_7_read = call float @_ssdm_op_Read.ap_fifo.floatP(float* %B_4_7)

ST_1: stg_136 [1/1] 0.00ns
entry:88  call void (...)* @_ssdm_op_SpecInterface(float* %B_4_7, [8 x i8]* @str951, i32 0, i32 0, i32 0, i32 0, [8 x i8]* @str951, [8 x i8]* @str951, [8 x i8]* @str951)

ST_1: B_5_0_read [1/1] 4.38ns
entry:89  %B_5_0_read = call float @_ssdm_op_Read.ap_fifo.floatP(float* %B_5_0)

ST_1: stg_138 [1/1] 0.00ns
entry:90  call void (...)* @_ssdm_op_SpecInterface(float* %B_5_0, [8 x i8]* @str952, i32 0, i32 0, i32 0, i32 0, [8 x i8]* @str952, [8 x i8]* @str952, [8 x i8]* @str952)

ST_1: B_5_1_read [1/1] 4.38ns
entry:91  %B_5_1_read = call float @_ssdm_op_Read.ap_fifo.floatP(float* %B_5_1)

ST_1: stg_140 [1/1] 0.00ns
entry:92  call void (...)* @_ssdm_op_SpecInterface(float* %B_5_1, [8 x i8]* @str953, i32 0, i32 0, i32 0, i32 0, [8 x i8]* @str953, [8 x i8]* @str953, [8 x i8]* @str953)

ST_1: B_5_2_read [1/1] 4.38ns
entry:93  %B_5_2_read = call float @_ssdm_op_Read.ap_fifo.floatP(float* %B_5_2)

ST_1: stg_142 [1/1] 0.00ns
entry:94  call void (...)* @_ssdm_op_SpecInterface(float* %B_5_2, [8 x i8]* @str954, i32 0, i32 0, i32 0, i32 0, [8 x i8]* @str954, [8 x i8]* @str954, [8 x i8]* @str954)

ST_1: B_5_3_read [1/1] 4.38ns
entry:95  %B_5_3_read = call float @_ssdm_op_Read.ap_fifo.floatP(float* %B_5_3)

ST_1: stg_144 [1/1] 0.00ns
entry:96  call void (...)* @_ssdm_op_SpecInterface(float* %B_5_3, [8 x i8]* @str955, i32 0, i32 0, i32 0, i32 0, [8 x i8]* @str955, [8 x i8]* @str955, [8 x i8]* @str955)

ST_1: B_5_4_read [1/1] 4.38ns
entry:97  %B_5_4_read = call float @_ssdm_op_Read.ap_fifo.floatP(float* %B_5_4)

ST_1: stg_146 [1/1] 0.00ns
entry:98  call void (...)* @_ssdm_op_SpecInterface(float* %B_5_4, [8 x i8]* @str956, i32 0, i32 0, i32 0, i32 0, [8 x i8]* @str956, [8 x i8]* @str956, [8 x i8]* @str956)

ST_1: B_5_5_read [1/1] 4.38ns
entry:99  %B_5_5_read = call float @_ssdm_op_Read.ap_fifo.floatP(float* %B_5_5)

ST_1: stg_148 [1/1] 0.00ns
entry:100  call void (...)* @_ssdm_op_SpecInterface(float* %B_5_5, [8 x i8]* @str957, i32 0, i32 0, i32 0, i32 0, [8 x i8]* @str957, [8 x i8]* @str957, [8 x i8]* @str957)

ST_1: B_5_6_read [1/1] 4.38ns
entry:101  %B_5_6_read = call float @_ssdm_op_Read.ap_fifo.floatP(float* %B_5_6)

ST_1: stg_150 [1/1] 0.00ns
entry:102  call void (...)* @_ssdm_op_SpecInterface(float* %B_5_6, [8 x i8]* @str958, i32 0, i32 0, i32 0, i32 0, [8 x i8]* @str958, [8 x i8]* @str958, [8 x i8]* @str958)

ST_1: B_5_7_read [1/1] 4.38ns
entry:103  %B_5_7_read = call float @_ssdm_op_Read.ap_fifo.floatP(float* %B_5_7)

ST_1: stg_152 [1/1] 0.00ns
entry:104  call void (...)* @_ssdm_op_SpecInterface(float* %B_5_7, [8 x i8]* @str959, i32 0, i32 0, i32 0, i32 0, [8 x i8]* @str959, [8 x i8]* @str959, [8 x i8]* @str959)

ST_1: B_6_0_read [1/1] 4.38ns
entry:105  %B_6_0_read = call float @_ssdm_op_Read.ap_fifo.floatP(float* %B_6_0)

ST_1: stg_154 [1/1] 0.00ns
entry:106  call void (...)* @_ssdm_op_SpecInterface(float* %B_6_0, [8 x i8]* @str960, i32 0, i32 0, i32 0, i32 0, [8 x i8]* @str960, [8 x i8]* @str960, [8 x i8]* @str960)

ST_1: B_6_1_read [1/1] 4.38ns
entry:107  %B_6_1_read = call float @_ssdm_op_Read.ap_fifo.floatP(float* %B_6_1)

ST_1: stg_156 [1/1] 0.00ns
entry:108  call void (...)* @_ssdm_op_SpecInterface(float* %B_6_1, [8 x i8]* @str961, i32 0, i32 0, i32 0, i32 0, [8 x i8]* @str961, [8 x i8]* @str961, [8 x i8]* @str961)

ST_1: B_6_2_read [1/1] 4.38ns
entry:109  %B_6_2_read = call float @_ssdm_op_Read.ap_fifo.floatP(float* %B_6_2)

ST_1: stg_158 [1/1] 0.00ns
entry:110  call void (...)* @_ssdm_op_SpecInterface(float* %B_6_2, [8 x i8]* @str962, i32 0, i32 0, i32 0, i32 0, [8 x i8]* @str962, [8 x i8]* @str962, [8 x i8]* @str962)

ST_1: B_6_3_read [1/1] 4.38ns
entry:111  %B_6_3_read = call float @_ssdm_op_Read.ap_fifo.floatP(float* %B_6_3)

ST_1: stg_160 [1/1] 0.00ns
entry:112  call void (...)* @_ssdm_op_SpecInterface(float* %B_6_3, [8 x i8]* @str963, i32 0, i32 0, i32 0, i32 0, [8 x i8]* @str963, [8 x i8]* @str963, [8 x i8]* @str963)

ST_1: B_6_4_read [1/1] 4.38ns
entry:113  %B_6_4_read = call float @_ssdm_op_Read.ap_fifo.floatP(float* %B_6_4)

ST_1: stg_162 [1/1] 0.00ns
entry:114  call void (...)* @_ssdm_op_SpecInterface(float* %B_6_4, [8 x i8]* @str964, i32 0, i32 0, i32 0, i32 0, [8 x i8]* @str964, [8 x i8]* @str964, [8 x i8]* @str964)

ST_1: B_6_5_read [1/1] 4.38ns
entry:115  %B_6_5_read = call float @_ssdm_op_Read.ap_fifo.floatP(float* %B_6_5)

ST_1: stg_164 [1/1] 0.00ns
entry:116  call void (...)* @_ssdm_op_SpecInterface(float* %B_6_5, [8 x i8]* @str965, i32 0, i32 0, i32 0, i32 0, [8 x i8]* @str965, [8 x i8]* @str965, [8 x i8]* @str965)

ST_1: B_6_6_read [1/1] 4.38ns
entry:117  %B_6_6_read = call float @_ssdm_op_Read.ap_fifo.floatP(float* %B_6_6)

ST_1: stg_166 [1/1] 0.00ns
entry:118  call void (...)* @_ssdm_op_SpecInterface(float* %B_6_6, [8 x i8]* @str966, i32 0, i32 0, i32 0, i32 0, [8 x i8]* @str966, [8 x i8]* @str966, [8 x i8]* @str966)

ST_1: B_6_7_read [1/1] 4.38ns
entry:119  %B_6_7_read = call float @_ssdm_op_Read.ap_fifo.floatP(float* %B_6_7)

ST_1: stg_168 [1/1] 0.00ns
entry:120  call void (...)* @_ssdm_op_SpecInterface(float* %B_6_7, [8 x i8]* @str967, i32 0, i32 0, i32 0, i32 0, [8 x i8]* @str967, [8 x i8]* @str967, [8 x i8]* @str967)

ST_1: B_7_0_read [1/1] 4.38ns
entry:121  %B_7_0_read = call float @_ssdm_op_Read.ap_fifo.floatP(float* %B_7_0)

ST_1: stg_170 [1/1] 0.00ns
entry:122  call void (...)* @_ssdm_op_SpecInterface(float* %B_7_0, [8 x i8]* @str968, i32 0, i32 0, i32 0, i32 0, [8 x i8]* @str968, [8 x i8]* @str968, [8 x i8]* @str968)

ST_1: B_7_1_read [1/1] 4.38ns
entry:123  %B_7_1_read = call float @_ssdm_op_Read.ap_fifo.floatP(float* %B_7_1)

ST_1: stg_172 [1/1] 0.00ns
entry:124  call void (...)* @_ssdm_op_SpecInterface(float* %B_7_1, [8 x i8]* @str969, i32 0, i32 0, i32 0, i32 0, [8 x i8]* @str969, [8 x i8]* @str969, [8 x i8]* @str969)

ST_1: B_7_2_read [1/1] 4.38ns
entry:125  %B_7_2_read = call float @_ssdm_op_Read.ap_fifo.floatP(float* %B_7_2)

ST_1: stg_174 [1/1] 0.00ns
entry:126  call void (...)* @_ssdm_op_SpecInterface(float* %B_7_2, [8 x i8]* @str970, i32 0, i32 0, i32 0, i32 0, [8 x i8]* @str970, [8 x i8]* @str970, [8 x i8]* @str970)

ST_1: B_7_3_read [1/1] 4.38ns
entry:127  %B_7_3_read = call float @_ssdm_op_Read.ap_fifo.floatP(float* %B_7_3)

ST_1: stg_176 [1/1] 0.00ns
entry:128  call void (...)* @_ssdm_op_SpecInterface(float* %B_7_3, [8 x i8]* @str971, i32 0, i32 0, i32 0, i32 0, [8 x i8]* @str971, [8 x i8]* @str971, [8 x i8]* @str971)

ST_1: B_7_4_read [1/1] 4.38ns
entry:129  %B_7_4_read = call float @_ssdm_op_Read.ap_fifo.floatP(float* %B_7_4)

ST_1: stg_178 [1/1] 0.00ns
entry:130  call void (...)* @_ssdm_op_SpecInterface(float* %B_7_4, [8 x i8]* @str972, i32 0, i32 0, i32 0, i32 0, [8 x i8]* @str972, [8 x i8]* @str972, [8 x i8]* @str972)

ST_1: B_7_5_read [1/1] 4.38ns
entry:131  %B_7_5_read = call float @_ssdm_op_Read.ap_fifo.floatP(float* %B_7_5)

ST_1: stg_180 [1/1] 0.00ns
entry:132  call void (...)* @_ssdm_op_SpecInterface(float* %B_7_5, [8 x i8]* @str973, i32 0, i32 0, i32 0, i32 0, [8 x i8]* @str973, [8 x i8]* @str973, [8 x i8]* @str973)

ST_1: B_7_6_read [1/1] 4.38ns
entry:133  %B_7_6_read = call float @_ssdm_op_Read.ap_fifo.floatP(float* %B_7_6)

ST_1: stg_182 [1/1] 0.00ns
entry:134  call void (...)* @_ssdm_op_SpecInterface(float* %B_7_6, [8 x i8]* @str974, i32 0, i32 0, i32 0, i32 0, [8 x i8]* @str974, [8 x i8]* @str974, [8 x i8]* @str974)

ST_1: B_7_7_read [1/1] 4.38ns
entry:135  %B_7_7_read = call float @_ssdm_op_Read.ap_fifo.floatP(float* %B_7_7)

ST_1: stg_184 [1/1] 0.00ns
entry:136  call void (...)* @_ssdm_op_SpecInterface(float* %B_7_7, [8 x i8]* @str975, i32 0, i32 0, i32 0, i32 0, [8 x i8]* @str975, [8 x i8]* @str975, [8 x i8]* @str975)

ST_1: stg_185 [1/1] 1.57ns
entry:137  br label %.preheader.i


 <State 2>: 7.64ns
ST_2: j_i [1/1] 0.00ns
.preheader.i:0  %j_i = phi i4 [ %j, %0 ], [ 0, %entry ]

ST_2: exitcond1_i [1/1] 1.88ns
.preheader.i:1  %exitcond1_i = icmp eq i4 %j_i, -8

ST_2: j [1/1] 0.80ns
.preheader.i:2  %j = add i4 %j_i, 1

ST_2: stg_189 [1/1] 0.00ns
.preheader.i:3  br i1 %exitcond1_i, label %MAT_Multiply2_Loop_Col_proc2.exit, label %0

ST_2: tmp_21 [1/1] 0.00ns
:4  %tmp_21 = trunc i4 %j_i to i3

ST_2: tmp [1/1] 1.94ns
:5  %tmp = call float @_ssdm_op_Mux.ap_auto.8float.i3(float %B_0_0_read, float %B_0_1_read, float %B_0_2_read, float %B_0_3_read, float %B_0_4_read, float %B_0_5_read, float %B_0_6_read, float %B_0_7_read, i3 %tmp_21)

ST_2: tmp_4_i [4/4] 5.70ns
:6  %tmp_4_i = fmul float %tmp, %p_read_158


 <State 3>: 5.70ns
ST_3: tmp_4_i [3/4] 5.70ns
:6  %tmp_4_i = fmul float %tmp, %p_read_158


 <State 4>: 5.70ns
ST_4: tmp_4_i [2/4] 5.70ns
:6  %tmp_4_i = fmul float %tmp, %p_read_158


 <State 5>: 5.70ns
ST_5: tmp_4_i [1/4] 5.70ns
:6  %tmp_4_i = fmul float %tmp, %p_read_158


 <State 6>: 7.26ns
ST_6: temp_2_i [5/5] 7.26ns
:7  %temp_2_i = fadd float %tmp_4_i, 0.000000e+00


 <State 7>: 7.64ns
ST_7: temp_2_i [4/5] 7.26ns
:7  %temp_2_i = fadd float %tmp_4_i, 0.000000e+00

ST_7: tmp_s [1/1] 1.94ns
:8  %tmp_s = call float @_ssdm_op_Mux.ap_auto.8float.i3(float %B_1_0_read, float %B_1_1_read, float %B_1_2_read, float %B_1_3_read, float %B_1_4_read, float %B_1_5_read, float %B_1_6_read, float %B_1_7_read, i3 %tmp_21)

ST_7: tmp_4_1_i [4/4] 5.70ns
:9  %tmp_4_1_i = fmul float %tmp_s, %p_read19


 <State 8>: 7.26ns
ST_8: temp_2_i [3/5] 7.26ns
:7  %temp_2_i = fadd float %tmp_4_i, 0.000000e+00

ST_8: tmp_4_1_i [3/4] 5.70ns
:9  %tmp_4_1_i = fmul float %tmp_s, %p_read19


 <State 9>: 7.26ns
ST_9: temp_2_i [2/5] 7.26ns
:7  %temp_2_i = fadd float %tmp_4_i, 0.000000e+00

ST_9: tmp_4_1_i [2/4] 5.70ns
:9  %tmp_4_1_i = fmul float %tmp_s, %p_read19


 <State 10>: 7.26ns
ST_10: temp_2_i [1/5] 7.26ns
:7  %temp_2_i = fadd float %tmp_4_i, 0.000000e+00

ST_10: tmp_4_1_i [1/4] 5.70ns
:9  %tmp_4_1_i = fmul float %tmp_s, %p_read19


 <State 11>: 7.26ns
ST_11: temp_2_1_i [5/5] 7.26ns
:10  %temp_2_1_i = fadd float %temp_2_i, %tmp_4_1_i


 <State 12>: 7.64ns
ST_12: temp_2_1_i [4/5] 7.26ns
:10  %temp_2_1_i = fadd float %temp_2_i, %tmp_4_1_i

ST_12: tmp_15 [1/1] 1.94ns
:11  %tmp_15 = call float @_ssdm_op_Mux.ap_auto.8float.i3(float %B_2_0_read, float %B_2_1_read, float %B_2_2_read, float %B_2_3_read, float %B_2_4_read, float %B_2_5_read, float %B_2_6_read, float %B_2_7_read, i3 %tmp_21)

ST_12: tmp_4_2_i [4/4] 5.70ns
:12  %tmp_4_2_i = fmul float %tmp_15, %p_read210


 <State 13>: 7.26ns
ST_13: temp_2_1_i [3/5] 7.26ns
:10  %temp_2_1_i = fadd float %temp_2_i, %tmp_4_1_i

ST_13: tmp_4_2_i [3/4] 5.70ns
:12  %tmp_4_2_i = fmul float %tmp_15, %p_read210


 <State 14>: 7.26ns
ST_14: temp_2_1_i [2/5] 7.26ns
:10  %temp_2_1_i = fadd float %temp_2_i, %tmp_4_1_i

ST_14: tmp_4_2_i [2/4] 5.70ns
:12  %tmp_4_2_i = fmul float %tmp_15, %p_read210


 <State 15>: 7.26ns
ST_15: temp_2_1_i [1/5] 7.26ns
:10  %temp_2_1_i = fadd float %temp_2_i, %tmp_4_1_i

ST_15: tmp_4_2_i [1/4] 5.70ns
:12  %tmp_4_2_i = fmul float %tmp_15, %p_read210


 <State 16>: 7.26ns
ST_16: temp_2_2_i [5/5] 7.26ns
:13  %temp_2_2_i = fadd float %temp_2_1_i, %tmp_4_2_i


 <State 17>: 7.64ns
ST_17: temp_2_2_i [4/5] 7.26ns
:13  %temp_2_2_i = fadd float %temp_2_1_i, %tmp_4_2_i

ST_17: tmp_16 [1/1] 1.94ns
:14  %tmp_16 = call float @_ssdm_op_Mux.ap_auto.8float.i3(float %B_3_0_read, float %B_3_1_read, float %B_3_2_read, float %B_3_3_read, float %B_3_4_read, float %B_3_5_read, float %B_3_6_read, float %B_3_7_read, i3 %tmp_21)

ST_17: tmp_4_3_i [4/4] 5.70ns
:15  %tmp_4_3_i = fmul float %tmp_16, %p_read311


 <State 18>: 7.26ns
ST_18: temp_2_2_i [3/5] 7.26ns
:13  %temp_2_2_i = fadd float %temp_2_1_i, %tmp_4_2_i

ST_18: tmp_4_3_i [3/4] 5.70ns
:15  %tmp_4_3_i = fmul float %tmp_16, %p_read311


 <State 19>: 7.26ns
ST_19: temp_2_2_i [2/5] 7.26ns
:13  %temp_2_2_i = fadd float %temp_2_1_i, %tmp_4_2_i

ST_19: tmp_4_3_i [2/4] 5.70ns
:15  %tmp_4_3_i = fmul float %tmp_16, %p_read311


 <State 20>: 7.26ns
ST_20: temp_2_2_i [1/5] 7.26ns
:13  %temp_2_2_i = fadd float %temp_2_1_i, %tmp_4_2_i

ST_20: tmp_4_3_i [1/4] 5.70ns
:15  %tmp_4_3_i = fmul float %tmp_16, %p_read311


 <State 21>: 7.26ns
ST_21: temp_2_3_i [5/5] 7.26ns
:16  %temp_2_3_i = fadd float %temp_2_2_i, %tmp_4_3_i


 <State 22>: 7.64ns
ST_22: temp_2_3_i [4/5] 7.26ns
:16  %temp_2_3_i = fadd float %temp_2_2_i, %tmp_4_3_i

ST_22: tmp_17 [1/1] 1.94ns
:17  %tmp_17 = call float @_ssdm_op_Mux.ap_auto.8float.i3(float %B_4_0_read, float %B_4_1_read, float %B_4_2_read, float %B_4_3_read, float %B_4_4_read, float %B_4_5_read, float %B_4_6_read, float %B_4_7_read, i3 %tmp_21)

ST_22: tmp_4_4_i [4/4] 5.70ns
:18  %tmp_4_4_i = fmul float %tmp_17, %p_read412


 <State 23>: 7.26ns
ST_23: temp_2_3_i [3/5] 7.26ns
:16  %temp_2_3_i = fadd float %temp_2_2_i, %tmp_4_3_i

ST_23: tmp_4_4_i [3/4] 5.70ns
:18  %tmp_4_4_i = fmul float %tmp_17, %p_read412


 <State 24>: 7.26ns
ST_24: temp_2_3_i [2/5] 7.26ns
:16  %temp_2_3_i = fadd float %temp_2_2_i, %tmp_4_3_i

ST_24: tmp_4_4_i [2/4] 5.70ns
:18  %tmp_4_4_i = fmul float %tmp_17, %p_read412


 <State 25>: 7.26ns
ST_25: temp_2_3_i [1/5] 7.26ns
:16  %temp_2_3_i = fadd float %temp_2_2_i, %tmp_4_3_i

ST_25: tmp_4_4_i [1/4] 5.70ns
:18  %tmp_4_4_i = fmul float %tmp_17, %p_read412


 <State 26>: 7.26ns
ST_26: temp_2_4_i [5/5] 7.26ns
:19  %temp_2_4_i = fadd float %temp_2_3_i, %tmp_4_4_i


 <State 27>: 7.64ns
ST_27: temp_2_4_i [4/5] 7.26ns
:19  %temp_2_4_i = fadd float %temp_2_3_i, %tmp_4_4_i

ST_27: tmp_18 [1/1] 1.94ns
:20  %tmp_18 = call float @_ssdm_op_Mux.ap_auto.8float.i3(float %B_5_0_read, float %B_5_1_read, float %B_5_2_read, float %B_5_3_read, float %B_5_4_read, float %B_5_5_read, float %B_5_6_read, float %B_5_7_read, i3 %tmp_21)

ST_27: tmp_4_5_i [4/4] 5.70ns
:21  %tmp_4_5_i = fmul float %tmp_18, %p_read513


 <State 28>: 7.26ns
ST_28: temp_2_4_i [3/5] 7.26ns
:19  %temp_2_4_i = fadd float %temp_2_3_i, %tmp_4_4_i

ST_28: tmp_4_5_i [3/4] 5.70ns
:21  %tmp_4_5_i = fmul float %tmp_18, %p_read513


 <State 29>: 7.26ns
ST_29: temp_2_4_i [2/5] 7.26ns
:19  %temp_2_4_i = fadd float %temp_2_3_i, %tmp_4_4_i

ST_29: tmp_4_5_i [2/4] 5.70ns
:21  %tmp_4_5_i = fmul float %tmp_18, %p_read513


 <State 30>: 7.26ns
ST_30: temp_2_4_i [1/5] 7.26ns
:19  %temp_2_4_i = fadd float %temp_2_3_i, %tmp_4_4_i

ST_30: tmp_4_5_i [1/4] 5.70ns
:21  %tmp_4_5_i = fmul float %tmp_18, %p_read513


 <State 31>: 7.26ns
ST_31: temp_2_5_i [5/5] 7.26ns
:22  %temp_2_5_i = fadd float %temp_2_4_i, %tmp_4_5_i


 <State 32>: 7.64ns
ST_32: temp_2_5_i [4/5] 7.26ns
:22  %temp_2_5_i = fadd float %temp_2_4_i, %tmp_4_5_i

ST_32: tmp_19 [1/1] 1.94ns
:23  %tmp_19 = call float @_ssdm_op_Mux.ap_auto.8float.i3(float %B_6_0_read, float %B_6_1_read, float %B_6_2_read, float %B_6_3_read, float %B_6_4_read, float %B_6_5_read, float %B_6_6_read, float %B_6_7_read, i3 %tmp_21)

ST_32: tmp_4_6_i [4/4] 5.70ns
:24  %tmp_4_6_i = fmul float %tmp_19, %p_read614


 <State 33>: 7.26ns
ST_33: temp_2_5_i [3/5] 7.26ns
:22  %temp_2_5_i = fadd float %temp_2_4_i, %tmp_4_5_i

ST_33: tmp_4_6_i [3/4] 5.70ns
:24  %tmp_4_6_i = fmul float %tmp_19, %p_read614


 <State 34>: 7.26ns
ST_34: temp_2_5_i [2/5] 7.26ns
:22  %temp_2_5_i = fadd float %temp_2_4_i, %tmp_4_5_i

ST_34: tmp_4_6_i [2/4] 5.70ns
:24  %tmp_4_6_i = fmul float %tmp_19, %p_read614


 <State 35>: 7.26ns
ST_35: temp_2_5_i [1/5] 7.26ns
:22  %temp_2_5_i = fadd float %temp_2_4_i, %tmp_4_5_i

ST_35: tmp_4_6_i [1/4] 5.70ns
:24  %tmp_4_6_i = fmul float %tmp_19, %p_read614


 <State 36>: 7.26ns
ST_36: temp_2_6_i [5/5] 7.26ns
:25  %temp_2_6_i = fadd float %temp_2_5_i, %tmp_4_6_i


 <State 37>: 7.64ns
ST_37: temp_2_6_i [4/5] 7.26ns
:25  %temp_2_6_i = fadd float %temp_2_5_i, %tmp_4_6_i

ST_37: tmp_20 [1/1] 1.94ns
:26  %tmp_20 = call float @_ssdm_op_Mux.ap_auto.8float.i3(float %B_7_0_read, float %B_7_1_read, float %B_7_2_read, float %B_7_3_read, float %B_7_4_read, float %B_7_5_read, float %B_7_6_read, float %B_7_7_read, i3 %tmp_21)

ST_37: tmp_4_7_i [4/4] 5.70ns
:27  %tmp_4_7_i = fmul float %tmp_20, %p_read715


 <State 38>: 7.26ns
ST_38: temp_2_6_i [3/5] 7.26ns
:25  %temp_2_6_i = fadd float %temp_2_5_i, %tmp_4_6_i

ST_38: tmp_4_7_i [3/4] 5.70ns
:27  %tmp_4_7_i = fmul float %tmp_20, %p_read715


 <State 39>: 7.26ns
ST_39: temp_2_6_i [2/5] 7.26ns
:25  %temp_2_6_i = fadd float %temp_2_5_i, %tmp_4_6_i

ST_39: tmp_4_7_i [2/4] 5.70ns
:27  %tmp_4_7_i = fmul float %tmp_20, %p_read715


 <State 40>: 7.26ns
ST_40: temp_2_6_i [1/5] 7.26ns
:25  %temp_2_6_i = fadd float %temp_2_5_i, %tmp_4_6_i

ST_40: tmp_4_7_i [1/4] 5.70ns
:27  %tmp_4_7_i = fmul float %tmp_20, %p_read715


 <State 41>: 7.26ns
ST_41: temp_2_7_i [5/5] 7.26ns
:28  %temp_2_7_i = fadd float %temp_2_6_i, %tmp_4_7_i


 <State 42>: 7.26ns
ST_42: temp_2_7_i [4/5] 7.26ns
:28  %temp_2_7_i = fadd float %temp_2_6_i, %tmp_4_7_i


 <State 43>: 7.26ns
ST_43: temp_2_7_i [3/5] 7.26ns
:28  %temp_2_7_i = fadd float %temp_2_6_i, %tmp_4_7_i


 <State 44>: 7.26ns
ST_44: temp_2_7_i [2/5] 7.26ns
:28  %temp_2_7_i = fadd float %temp_2_6_i, %tmp_4_7_i


 <State 45>: 7.26ns
ST_45: temp_2_7_i [1/5] 7.26ns
:28  %temp_2_7_i = fadd float %temp_2_6_i, %tmp_4_7_i


 <State 46>: 4.38ns
ST_46: empty [1/1] 0.00ns
:0  %empty = call i32 (...)* @_ssdm_op_SpecLoopTripCount(i64 8, i64 8, i64 8)

ST_46: stg_272 [1/1] 0.00ns
:1  call void (...)* @_ssdm_op_SpecLoopName([4 x i8]* @p_str5) nounwind

ST_46: tmp_1_i [1/1] 0.00ns
:2  %tmp_1_i = call i32 (...)* @_ssdm_op_SpecRegionBegin([4 x i8]* @p_str5)

ST_46: stg_274 [1/1] 0.00ns
:3  call void (...)* @_ssdm_op_SpecPipeline(i32 1, i32 1, i32 1, i32 0, [1 x i8]* @p_str) nounwind

ST_46: stg_275 [1/1] 4.38ns
:29  call void @_ssdm_op_Write.ap_fifo.volatile.floatP(float* %C, float %temp_2_7_i)

ST_46: empty_133 [1/1] 0.00ns
:30  %empty_133 = call i32 (...)* @_ssdm_op_SpecRegionEnd([4 x i8]* @p_str5, i32 %tmp_1_i)

ST_46: stg_277 [1/1] 0.00ns
:31  br label %.preheader.i


 <State 47>: 0.00ns
ST_47: stg_278 [1/1] 0.00ns
MAT_Multiply2_Loop_Col_proc2.exit:0  ret void



============================================================
+ Verbose Summary: Binding
============================================================
N/A
* FSMD analyzer results:
  - Output states:
  - Chain level:
	State 1
	State 2
	State 3
	State 4
	State 5
	State 6
	State 7
	State 8
	State 9
	State 10
	State 11
	State 12
	State 13
	State 14
	State 15
	State 16
	State 17
	State 18
	State 19
	State 20
	State 21
	State 22
	State 23
	State 24
	State 25
	State 26
	State 27
	State 28
	State 29
	State 30
	State 31
	State 32
	State 33
	State 34
	State 35
	State 36
	State 37
	State 38
	State 39
	State 40
	State 41
	State 42
	State 43
	State 44
	State 45
	State 46
	State 47


============================================================
+ Verbose Summary: Datapath Resource usage 
============================================================
N/A
