

================================================================
== Vivado HLS Report for 'DCT_Block_proc'
================================================================
* Date:           Wed Oct 28 17:54:18 2015

* Version:        2015.1 (Build 1215546 on Mon Apr 27 19:24:50 PM 2015)
* Project:        dct
* Solution:       solution3opt
* Product family: zynq
* Target device:  xc7z020clg484-1


================================================================
== Performance Estimates
================================================================
+ Timing (ns): 
    * Summary: 
    +---------+-------+----------+------------+
    |  Clock  | Target| Estimated| Uncertainty|
    +---------+-------+----------+------------+
    |default  |  10.00|      8.22|        1.25|
    +---------+-------+----------+------------+

+ Latency (clock cycles): 
    * Summary: 
    +-----+-----+-----+-----+---------+
    |  Latency  |  Interval | Pipeline|
    | min | max | min | max |   Type  |
    +-----+-----+-----+-----+---------+
    |  302|  302|  302|  302|   none  |
    +-----+-----+-----+-----+---------+

    + Detail: 
        * Instance: 
        N/A

        * Loop: 
        N/A



================================================================
== Utilization Estimates
================================================================
* Summary: 
+-----------------+---------+-------+--------+-------+
|       Name      | BRAM_18K| DSP48E|   FF   |  LUT  |
+-----------------+---------+-------+--------+-------+
|Expression       |        -|      -|       -|      -|
|FIFO             |        -|      -|       -|      -|
|Instance         |        -|      -|       -|      -|
|Memory           |        -|      -|       -|      -|
|Multiplexer      |        -|      -|       -|      -|
|Register         |        -|      -|       -|      -|
+-----------------+---------+-------+--------+-------+
|Total            |        0|      0|       0|      0|
+-----------------+---------+-------+--------+-------+
|Available        |      280|    220|  106400|  53200|
+-----------------+---------+-------+--------+-------+
|Utilization (%)  |        0|      0|       0|      0|
+-----------------+---------+-------+--------+-------+

+ Detail: 
    * Instance: 
    N/A

    * Memory: 
    N/A

    * FIFO: 
    N/A

    * Expression: 
    N/A

    * Multiplexer: 
    N/A

    * Register: 
    N/A



================================================================
== Interface
================================================================
* Summary: 
N/A

============================================================
+ Verbose Summary: Synthesis Manager
============================================================
InlineROM: 1
ExposeGlobal: 0
============================================================
+ Verbose Summary: CDFG Model
============================================================
IsTopModel: 0
ResetActiveHigh: 1
IsCombinational: 2
IsDatapathOnly: 0
HasWiredReturn: 1
HasMFsm: 0
HasVarLatency: 1
IsPipeline: 0
IsRtlPipelined: 0
IsInstanceOverlapped: 0
IsDontTouch: 0
HasImplIP: 0
IsGatedGlobalClock: 0


============================================================
+ Verbose Summary: Schedule
============================================================
* Number of FSM states: 6
* Pipeline: 0
* Dataflow Pipeline: 0

* FSM state transitions: 
1 --> 
	2  / (!cond)
	5  / (cond)
2 --> 
	3  / true
3 --> 
	4  / true
4 --> 
5 --> 
	6  / true
6 --> 
	4  / true
* FSM state operations: 

 <State 1>: 2.00ns
ST_1: stg_7 [1/1] 0.00ns
newFuncRoot:0  call void (...)* @_ssdm_op_SpecInterface(float* %Y, [8 x i8]* @p_str19, i32 0, i32 0, i32 0, i32 0, [1 x i8]* @p_str8, [1 x i8]* @p_str8, [1 x i8]* @p_str8)

ST_1: stg_8 [1/1] 0.00ns
newFuncRoot:1  call void (...)* @_ssdm_op_SpecInterface(float* %X, [8 x i8]* @p_str19, i32 0, i32 0, i32 0, i32 0, [1 x i8]* @p_str8, [1 x i8]* @p_str8, [1 x i8]* @p_str8)

ST_1: function_read [1/1] 0.00ns
newFuncRoot:2  %function_read = call i8 @_ssdm_op_Read.ap_auto.i8(i8 %function_r)

ST_1: temp [1/1] 0.00ns
newFuncRoot:3  %temp = alloca [64 x float], align 4

ST_1: cond [1/1] 2.00ns
newFuncRoot:4  %cond = icmp eq i8 %function_read, 1

ST_1: stg_12 [1/1] 0.00ns
newFuncRoot:5  br i1 %cond, label %0, label %1

ST_1: stg_13 [2/2] 1.04ns
:0  call fastcc void @DCT_MAT_Multiply(float 0x3FD6A09E60000000, float 0x3FD6A09E60000000, float 0x3FD6A09E60000000, float 0x3FD6A09E60000000, float 0x3FD6A09E60000000, float 0x3FD6A09E60000000, float 0x3FDF6297C0000000, float 0x3FD1C73B40000000, float 0x3FB8F8B840000000, float 0xBFB8F8B840000000, float 0xBFD1C73B40000000, float 0xBFDA9B6620000000, float 0xBFDF6297C0000000, float 0x3FDD906BE0000000, float 0x3FC87DE2A0000000, float 0xBFDD906BE0000000, float 0xBFDD906BE0000000, float 0xBFC87DE2A0000000, float 0x3FC87DE2A0000000, float 0x3FDD906BE0000000, float 0x3FDA9B6620000000, float 0xBFB8F8B840000000, float 0xBFDF6297C0000000, float 0x3FD1C73B40000000, float 0x3FDF6297C0000000, float 0x3FB8F8B840000000, float 0xBFDA9B6620000000, float 0xBFD6A09E60000000, float 0xBFD6A09E60000000, float 0x3FD6A09E60000000, float 0xBFD6A09E60000000, float 0xBFD6A09E60000000, float 0x3FD6A09E60000000, float 0x3FD1C73B40000000, float 0xBFDF6297C0000000, float 0x3FB8F8B840000000, float 0x3FDA9B6620000000, float 0xBFDA9B6620000000, float 0x3FDF6297C0000000, float 0xBFD1C73B40000000, float 0x3FC87DE2A0000000, float 0xBFDD906BE0000000, float 0x3FDD906BE0000000, float 0xBFC87DE2A0000000, float 0xBFC87DE2A0000000, float 0x3FDD906BE0000000, float 0x3FC87DE2A0000000, float 0x3FB8F8B840000000, float 0xBFD1C73B40000000, float 0x3FDA9B6620000000, float 0xBFDF6297C0000000, float 0x3FDF6297C0000000, float 0xBFDA9B6620000000, float 0x3FD1C73B40000000, float* %X, [64 x float]* nocapture %temp)

ST_1: stg_14 [2/2] 1.04ns
:0  call fastcc void @DCT_MAT_Multiply(float 0x3FDF6297C0000000, float 0x3FDD906BE0000000, float 0x3FDA9B6620000000, float 0x3FD1C73B40000000, float 0x3FC87DE2A0000000, float 0x3FB8F8B840000000, float 0x3FD6A09E60000000, float 0x3FC87DE2A0000000, float 0xBFB8F8B840000000, float 0xBFD6A09E60000000, float 0xBFDF6297C0000000, float 0xBFDD906BE0000000, float 0xBFD1C73B40000000, float 0x3FD6A09E60000000, float 0x3FD1C73B40000000, float 0xBFDF6297C0000000, float 0xBFD6A09E60000000, float 0x3FB8F8B840000000, float 0x3FDD906BE0000000, float 0x3FDA9B6620000000, float 0x3FD6A09E60000000, float 0x3FB8F8B840000000, float 0xBFDD906BE0000000, float 0x3FD6A09E60000000, float 0x3FDA9B6620000000, float 0xBFC87DE2A0000000, float 0xBFDF6297C0000000, float 0xBFB8F8B840000000, float 0xBFDD906BE0000000, float 0x3FD1C73B40000000, float 0xBFDA9B6620000000, float 0xBFC87DE2A0000000, float 0x3FDF6297C0000000, float 0x3FD6A09E60000000, float 0xBFD1C73B40000000, float 0xBFC87DE2A0000000, float 0x3FDF6297C0000000, float 0xBFD6A09E60000000, float 0x3FDD906BE0000000, float 0xBFDA9B6620000000, float 0x3FD6A09E60000000, float 0xBFDA9B6620000000, float 0x3FC87DE2A0000000, float 0x3FB8F8B840000000, float 0xBFD6A09E60000000, float 0x3FDF6297C0000000, float 0x3FD1C73B40000000, float 0x3FD6A09E60000000, float 0xBFDF6297C0000000, float 0x3FDD906BE0000000, float 0xBFDA9B6620000000, float 0x3FD6A09E60000000, float 0xBFD1C73B40000000, float 0x3FC87DE2A0000000, float* %X, [64 x float]* nocapture %temp)


 <State 2>: 0.00ns
ST_2: stg_15 [1/2] 0.00ns
:0  call fastcc void @DCT_MAT_Multiply(float 0x3FD6A09E60000000, float 0x3FD6A09E60000000, float 0x3FD6A09E60000000, float 0x3FD6A09E60000000, float 0x3FD6A09E60000000, float 0x3FD6A09E60000000, float 0x3FDF6297C0000000, float 0x3FD1C73B40000000, float 0x3FB8F8B840000000, float 0xBFB8F8B840000000, float 0xBFD1C73B40000000, float 0xBFDA9B6620000000, float 0xBFDF6297C0000000, float 0x3FDD906BE0000000, float 0x3FC87DE2A0000000, float 0xBFDD906BE0000000, float 0xBFDD906BE0000000, float 0xBFC87DE2A0000000, float 0x3FC87DE2A0000000, float 0x3FDD906BE0000000, float 0x3FDA9B6620000000, float 0xBFB8F8B840000000, float 0xBFDF6297C0000000, float 0x3FD1C73B40000000, float 0x3FDF6297C0000000, float 0x3FB8F8B840000000, float 0xBFDA9B6620000000, float 0xBFD6A09E60000000, float 0xBFD6A09E60000000, float 0x3FD6A09E60000000, float 0xBFD6A09E60000000, float 0xBFD6A09E60000000, float 0x3FD6A09E60000000, float 0x3FD1C73B40000000, float 0xBFDF6297C0000000, float 0x3FB8F8B840000000, float 0x3FDA9B6620000000, float 0xBFDA9B6620000000, float 0x3FDF6297C0000000, float 0xBFD1C73B40000000, float 0x3FC87DE2A0000000, float 0xBFDD906BE0000000, float 0x3FDD906BE0000000, float 0xBFC87DE2A0000000, float 0xBFC87DE2A0000000, float 0x3FDD906BE0000000, float 0x3FC87DE2A0000000, float 0x3FB8F8B840000000, float 0xBFD1C73B40000000, float 0x3FDA9B6620000000, float 0xBFDF6297C0000000, float 0x3FDF6297C0000000, float 0xBFDA9B6620000000, float 0x3FD1C73B40000000, float* %X, [64 x float]* nocapture %temp)


 <State 3>: 1.04ns
ST_3: stg_16 [2/2] 1.04ns
:1  call fastcc void @DCT_MAT_Multiply2([64 x float]* nocapture %temp, float 0x3FDF6297C0000000, float 0x3FDD906BE0000000, float 0x3FDA9B6620000000, float 0x3FD1C73B40000000, float 0x3FC87DE2A0000000, float 0x3FB8F8B840000000, float 0x3FD6A09E60000000, float 0x3FC87DE2A0000000, float 0xBFB8F8B840000000, float 0xBFD6A09E60000000, float 0xBFDF6297C0000000, float 0xBFDD906BE0000000, float 0xBFD1C73B40000000, float 0x3FD6A09E60000000, float 0x3FD1C73B40000000, float 0xBFDF6297C0000000, float 0xBFD6A09E60000000, float 0x3FB8F8B840000000, float 0x3FDD906BE0000000, float 0x3FDA9B6620000000, float 0x3FD6A09E60000000, float 0x3FB8F8B840000000, float 0xBFDD906BE0000000, float 0x3FD6A09E60000000, float 0x3FDA9B6620000000, float 0xBFC87DE2A0000000, float 0xBFDF6297C0000000, float 0xBFB8F8B840000000, float 0xBFDD906BE0000000, float 0x3FD1C73B40000000, float 0xBFDA9B6620000000, float 0xBFC87DE2A0000000, float 0x3FDF6297C0000000, float 0x3FD6A09E60000000, float 0xBFD1C73B40000000, float 0xBFC87DE2A0000000, float 0x3FDF6297C0000000, float 0xBFD6A09E60000000, float 0x3FDD906BE0000000, float 0xBFDA9B6620000000, float 0x3FD6A09E60000000, float 0xBFDA9B6620000000, float 0x3FC87DE2A0000000, float 0x3FB8F8B840000000, float 0xBFD6A09E60000000, float 0x3FDF6297C0000000, float 0x3FD1C73B40000000, float 0x3FD6A09E60000000, float 0xBFDF6297C0000000, float 0x3FDD906BE0000000, float 0xBFDA9B6620000000, float 0x3FD6A09E60000000, float 0xBFD1C73B40000000, float 0x3FC87DE2A0000000, float* %Y)


 <State 4>: 0.00ns
ST_4: stg_17 [1/2] 0.00ns
:1  call fastcc void @DCT_MAT_Multiply2([64 x float]* nocapture %temp, float 0x3FDF6297C0000000, float 0x3FDD906BE0000000, float 0x3FDA9B6620000000, float 0x3FD1C73B40000000, float 0x3FC87DE2A0000000, float 0x3FB8F8B840000000, float 0x3FD6A09E60000000, float 0x3FC87DE2A0000000, float 0xBFB8F8B840000000, float 0xBFD6A09E60000000, float 0xBFDF6297C0000000, float 0xBFDD906BE0000000, float 0xBFD1C73B40000000, float 0x3FD6A09E60000000, float 0x3FD1C73B40000000, float 0xBFDF6297C0000000, float 0xBFD6A09E60000000, float 0x3FB8F8B840000000, float 0x3FDD906BE0000000, float 0x3FDA9B6620000000, float 0x3FD6A09E60000000, float 0x3FB8F8B840000000, float 0xBFDD906BE0000000, float 0x3FD6A09E60000000, float 0x3FDA9B6620000000, float 0xBFC87DE2A0000000, float 0xBFDF6297C0000000, float 0xBFB8F8B840000000, float 0xBFDD906BE0000000, float 0x3FD1C73B40000000, float 0xBFDA9B6620000000, float 0xBFC87DE2A0000000, float 0x3FDF6297C0000000, float 0x3FD6A09E60000000, float 0xBFD1C73B40000000, float 0xBFC87DE2A0000000, float 0x3FDF6297C0000000, float 0xBFD6A09E60000000, float 0x3FDD906BE0000000, float 0xBFDA9B6620000000, float 0x3FD6A09E60000000, float 0xBFDA9B6620000000, float 0x3FC87DE2A0000000, float 0x3FB8F8B840000000, float 0xBFD6A09E60000000, float 0x3FDF6297C0000000, float 0x3FD1C73B40000000, float 0x3FD6A09E60000000, float 0xBFDF6297C0000000, float 0x3FDD906BE0000000, float 0xBFDA9B6620000000, float 0x3FD6A09E60000000, float 0xBFD1C73B40000000, float 0x3FC87DE2A0000000, float* %Y)

ST_4: stg_18 [1/1] 0.00ns
:2  br label %.ret.exitStub

ST_4: stg_19 [1/2] 0.00ns
:1  call fastcc void @DCT_MAT_Multiply2([64 x float]* nocapture %temp, float 0x3FD6A09E60000000, float 0x3FD6A09E60000000, float 0x3FD6A09E60000000, float 0x3FD6A09E60000000, float 0x3FD6A09E60000000, float 0x3FD6A09E60000000, float 0x3FDF6297C0000000, float 0x3FD1C73B40000000, float 0x3FB8F8B840000000, float 0xBFB8F8B840000000, float 0xBFD1C73B40000000, float 0xBFDA9B6620000000, float 0xBFDF6297C0000000, float 0x3FDD906BE0000000, float 0x3FC87DE2A0000000, float 0xBFDD906BE0000000, float 0xBFDD906BE0000000, float 0xBFC87DE2A0000000, float 0x3FC87DE2A0000000, float 0x3FDD906BE0000000, float 0x3FDA9B6620000000, float 0xBFB8F8B840000000, float 0xBFDF6297C0000000, float 0x3FD1C73B40000000, float 0x3FDF6297C0000000, float 0x3FB8F8B840000000, float 0xBFDA9B6620000000, float 0xBFD6A09E60000000, float 0xBFD6A09E60000000, float 0x3FD6A09E60000000, float 0xBFD6A09E60000000, float 0xBFD6A09E60000000, float 0x3FD6A09E60000000, float 0x3FD1C73B40000000, float 0xBFDF6297C0000000, float 0x3FB8F8B840000000, float 0x3FDA9B6620000000, float 0xBFDA9B6620000000, float 0x3FDF6297C0000000, float 0xBFD1C73B40000000, float 0x3FC87DE2A0000000, float 0xBFDD906BE0000000, float 0x3FDD906BE0000000, float 0xBFC87DE2A0000000, float 0xBFC87DE2A0000000, float 0x3FDD906BE0000000, float 0x3FC87DE2A0000000, float 0x3FB8F8B840000000, float 0xBFD1C73B40000000, float 0x3FDA9B6620000000, float 0xBFDF6297C0000000, float 0x3FDF6297C0000000, float 0xBFDA9B6620000000, float 0x3FD1C73B40000000, float* %Y)

ST_4: stg_20 [1/1] 0.00ns
:2  br label %.ret.exitStub

ST_4: stg_21 [1/1] 0.00ns
.ret.exitStub:0  ret void


 <State 5>: 0.00ns
ST_5: stg_22 [1/2] 0.00ns
:0  call fastcc void @DCT_MAT_Multiply(float 0x3FDF6297C0000000, float 0x3FDD906BE0000000, float 0x3FDA9B6620000000, float 0x3FD1C73B40000000, float 0x3FC87DE2A0000000, float 0x3FB8F8B840000000, float 0x3FD6A09E60000000, float 0x3FC87DE2A0000000, float 0xBFB8F8B840000000, float 0xBFD6A09E60000000, float 0xBFDF6297C0000000, float 0xBFDD906BE0000000, float 0xBFD1C73B40000000, float 0x3FD6A09E60000000, float 0x3FD1C73B40000000, float 0xBFDF6297C0000000, float 0xBFD6A09E60000000, float 0x3FB8F8B840000000, float 0x3FDD906BE0000000, float 0x3FDA9B6620000000, float 0x3FD6A09E60000000, float 0x3FB8F8B840000000, float 0xBFDD906BE0000000, float 0x3FD6A09E60000000, float 0x3FDA9B6620000000, float 0xBFC87DE2A0000000, float 0xBFDF6297C0000000, float 0xBFB8F8B840000000, float 0xBFDD906BE0000000, float 0x3FD1C73B40000000, float 0xBFDA9B6620000000, float 0xBFC87DE2A0000000, float 0x3FDF6297C0000000, float 0x3FD6A09E60000000, float 0xBFD1C73B40000000, float 0xBFC87DE2A0000000, float 0x3FDF6297C0000000, float 0xBFD6A09E60000000, float 0x3FDD906BE0000000, float 0xBFDA9B6620000000, float 0x3FD6A09E60000000, float 0xBFDA9B6620000000, float 0x3FC87DE2A0000000, float 0x3FB8F8B840000000, float 0xBFD6A09E60000000, float 0x3FDF6297C0000000, float 0x3FD1C73B40000000, float 0x3FD6A09E60000000, float 0xBFDF6297C0000000, float 0x3FDD906BE0000000, float 0xBFDA9B6620000000, float 0x3FD6A09E60000000, float 0xBFD1C73B40000000, float 0x3FC87DE2A0000000, float* %X, [64 x float]* nocapture %temp)


 <State 6>: 1.04ns
ST_6: stg_23 [2/2] 1.04ns
:1  call fastcc void @DCT_MAT_Multiply2([64 x float]* nocapture %temp, float 0x3FD6A09E60000000, float 0x3FD6A09E60000000, float 0x3FD6A09E60000000, float 0x3FD6A09E60000000, float 0x3FD6A09E60000000, float 0x3FD6A09E60000000, float 0x3FDF6297C0000000, float 0x3FD1C73B40000000, float 0x3FB8F8B840000000, float 0xBFB8F8B840000000, float 0xBFD1C73B40000000, float 0xBFDA9B6620000000, float 0xBFDF6297C0000000, float 0x3FDD906BE0000000, float 0x3FC87DE2A0000000, float 0xBFDD906BE0000000, float 0xBFDD906BE0000000, float 0xBFC87DE2A0000000, float 0x3FC87DE2A0000000, float 0x3FDD906BE0000000, float 0x3FDA9B6620000000, float 0xBFB8F8B840000000, float 0xBFDF6297C0000000, float 0x3FD1C73B40000000, float 0x3FDF6297C0000000, float 0x3FB8F8B840000000, float 0xBFDA9B6620000000, float 0xBFD6A09E60000000, float 0xBFD6A09E60000000, float 0x3FD6A09E60000000, float 0xBFD6A09E60000000, float 0xBFD6A09E60000000, float 0x3FD6A09E60000000, float 0x3FD1C73B40000000, float 0xBFDF6297C0000000, float 0x3FB8F8B840000000, float 0x3FDA9B6620000000, float 0xBFDA9B6620000000, float 0x3FDF6297C0000000, float 0xBFD1C73B40000000, float 0x3FC87DE2A0000000, float 0xBFDD906BE0000000, float 0x3FDD906BE0000000, float 0xBFC87DE2A0000000, float 0xBFC87DE2A0000000, float 0x3FDD906BE0000000, float 0x3FC87DE2A0000000, float 0x3FB8F8B840000000, float 0xBFD1C73B40000000, float 0x3FDA9B6620000000, float 0xBFDF6297C0000000, float 0x3FDF6297C0000000, float 0xBFDA9B6620000000, float 0x3FD1C73B40000000, float* %Y)



============================================================
+ Verbose Summary: Binding
============================================================
N/A
* FSMD analyzer results:
  - Output states:
  - Chain level:
	State 1
	State 2
	State 3
	State 4
	State 5
	State 6


============================================================
+ Verbose Summary: Datapath Resource usage 
============================================================
N/A
