@I [HLS-10] Running '/opt/Xilinx/Vivado_HLS/2015.1/bin/unwrapped/lnx64.o/apcc'
            for user 'root' on host 'ubuntu' (Linux_x86_64 version 3.13.0-65-generic) on Fri Oct 02 07:14:52 CDT 2015
            in directory '/home/parallels/source_code/ECE_527_MP/mp3/partB/solution1_non_optimized/csim/build'
../../../matrixmath.c:32:14: warning: incompatible pointer types passing 'int [100][100]' to parameter of type 'int *' [-Wincompatible-pointer-types]
                load_mat(A,arrayA,mA,nA);
                           ^~~~~~
../../../matrixmath.c:4:28: note: passing argument to parameter 'arrayX' here
void load_mat(int *X, int *arrayX, unsigned int m, unsigned int n)
                           ^
../../../matrixmath.c:33:14: warning: incompatible pointer types passing 'int [100][100]' to parameter of type 'int *' [-Wincompatible-pointer-types]
                load_mat(B,arrayB,mB,nB);
                           ^~~~~~
../../../matrixmath.c:4:28: note: passing argument to parameter 'arrayX' here
void load_mat(int *X, int *arrayX, unsigned int m, unsigned int n)
                           ^
2 warnings generated.
../../../matrixmath.c:32:14: warning: incompatible pointer types passing 'int [100][100]' to parameter of type 'int *' [-Wincompatible-pointer-types]
                load_mat(A,arrayA,mA,nA);
                           ^~~~~~
../../../matrixmath.c:4:28: note: passing argument to parameter 'arrayX' here
void load_mat(int *X, int *arrayX, unsigned int m, unsigned int n)
                           ^
../../../matrixmath.c:33:14: warning: incompatible pointer types passing 'int [100][100]' to parameter of type 'int *' [-Wincompatible-pointer-types]
                load_mat(B,arrayB,mB,nB);
                           ^~~~~~
../../../matrixmath.c:4:28: note: passing argument to parameter 'arrayX' here
void load_mat(int *X, int *arrayX, unsigned int m, unsigned int n)
                           ^
2 warnings generated.
@I [APCC-3] Tmp directory is /tmp/apcc_db_root/75001443788092377677
@I [APCC-1] APCC is done.
