@I [HLS-0] Workspace /home/parallels/source_code/ECE_527_MP/mp3/parta/solution1 opened at Mon Sep 28 10:21:52 CDT 2015
@I [HLS-100] Command "config_clock -quiet -name default -period 10 -default=false "
@I [SYN-201] Setting up clock 'default' with a period of 10ns.
@I [HLS-100] Command 'config_clock' returned 0; elapsed 0.000307Total elapsed time: 0.357 sec.
@I [HLS-100] Command "open_platform DefaultPlatform "
@I [HLS-100] Command 'open_platform' returned 0; elapsed 0.0004Total elapsed time: 0.361 sec.
@I [HLS-100] Command "import_lib /opt/Xilinx/Vivado_HLS/2015.1/common/technology/xilinx/zynq/zynq "
@I [HLS-100] Command "source /opt/Xilinx/Vivado_HLS/2015.1/common/technology/xilinx/common/xilinx.lib "
@I [HLS-100] Command "source /opt/Xilinx/Vivado_HLS/2015.1/common/technology/xilinx/interface/xilinx_interface.lib "
@I [HLS-100] Command "source /opt/Xilinx/Vivado_HLS/2015.1/common/technology/xilinx/interface/plb46.lib "
@I [HLS-100] Command 'ap_source' returned 0; elapsed 0.000531Total elapsed time: 0.366 sec.
@I [HLS-100] Command "source /opt/Xilinx/Vivado_HLS/2015.1/common/technology/xilinx/interface/fsl.lib "
@I [HLS-100] Command 'ap_source' returned 0; elapsed 0.000207Total elapsed time: 0.366 sec.
@I [HLS-100] Command "source /opt/Xilinx/Vivado_HLS/2015.1/common/technology/xilinx/interface/axi4.lib "
@I [HLS-100] Command 'ap_source' returned 0; elapsed 0.000198Total elapsed time: 0.367 sec.
@I [HLS-100] Command "source /opt/Xilinx/Vivado_HLS/2015.1/common/technology/xilinx/interface/maxi.lib "
@I [HLS-100] Command 'ap_source' returned 0; elapsed 0.000242Total elapsed time: 0.368 sec.
@I [HLS-100] Command "source /opt/Xilinx/Vivado_HLS/2015.1/common/technology/xilinx/interface/saxilite.lib "
@I [HLS-100] Command 'ap_source' returned 0; elapsed 0.000142Total elapsed time: 0.368 sec.
@I [HLS-100] Command 'ap_source' returned 0; elapsed 0.001706Total elapsed time: 0.368 sec.
@I [HLS-100] Command "source /opt/Xilinx/Vivado_HLS/2015.1/common/technology/xilinx/common/dsp48.lib "
@I [HLS-100] Command 'ap_source' returned 0; elapsed 0.000141Total elapsed time: 0.369 sec.
@I [HLS-100] Command "source /opt/Xilinx/Vivado_HLS/2015.1/common/technology/xilinx/ip/xfir.lib "
@I [HLS-100] Command 'ap_source' returned 0; elapsed 0.000159Total elapsed time: 0.369 sec.
@I [HLS-100] Command "source /opt/Xilinx/Vivado_HLS/2015.1/common/technology/xilinx/ip/dds_compiler.lib "
@I [HLS-100] Command 'ap_source' returned 0; elapsed 0.000163Total elapsed time: 0.370 sec.
@I [HLS-100] Command "source /opt/Xilinx/Vivado_HLS/2015.1/common/technology/xilinx/ip/xfft.lib "
@I [HLS-100] Command 'ap_source' returned 0; elapsed 0.000115Total elapsed time: 0.370 sec.
@I [HLS-100] Command 'ap_source' returned 0; elapsed 0.004105Total elapsed time: 0.372 sec.
@I [HLS-100] Command "source /opt/Xilinx/Vivado_HLS/2015.1/common/technology/xilinx/common/xilinx_old.lib "
@I [HLS-100] Command 'ap_source' returned 0; elapsed 0.000608Total elapsed time: 0.373 sec.
@I [HLS-100] Command "source /opt/Xilinx/Vivado_HLS/2015.1/common/technology/xilinx/common/xilinx_vivado.lib "
@I [HLS-100] Command 'ap_source' returned 0; elapsed 0.000423Total elapsed time: 0.374 sec.
@I [HLS-100] Command "source /opt/Xilinx/Vivado_HLS/2015.1/common/technology/xilinx/common/xilinx.hlp "
@I [HLS-100] Command "source /opt/Xilinx/Vivado_HLS/2015.1/common/technology/xilinx/common/target_info.tcl "
@I [HLS-100] Command 'ap_source' returned 0; elapsed 0.00022Total elapsed time: 0.379 sec.
@I [HLS-100] Command "source /opt/Xilinx/Vivado_HLS/2015.1/common/technology/xilinx/interface/xilinx_interface.hlp "
@I [HLS-100] Command "source /opt/Xilinx/Vivado_HLS/2015.1/common/technology/xilinx/interface/maxi.hlp "
@I [HLS-100] Command 'ap_source' returned 0; elapsed 0.000134Total elapsed time: 0.380 sec.
@I [HLS-100] Command "source /opt/Xilinx/Vivado_HLS/2015.1/common/technology/xilinx/interface/saxilite.hlp "
@I [HLS-100] Command 'ap_source' returned 0; elapsed 0.000141Total elapsed time: 0.380 sec.
@I [HLS-100] Command 'ap_source' returned 0; elapsed 0.000502Total elapsed time: 0.380 sec.
@I [HLS-100] Command "source /opt/Xilinx/Vivado_HLS/2015.1/common/technology/xilinx/common/dsp48.hlp "
@I [HLS-100] Command 'ap_source' returned 0; elapsed 0.000483Total elapsed time: 0.382 sec.
@I [HLS-100] Command 'ap_source' returned 0; elapsed 0.002157Total elapsed time: 0.382 sec.
@I [HLS-100] Command "source /opt/Xilinx/Vivado_HLS/2015.1/common/technology/xilinx/zynq/dsp48e1.hlp "
@I [HLS-100] Command 'ap_source' returned 0; elapsed 0.000146Total elapsed time: 0.383 sec.
@I [HLS-100] Command "get_default_platform "
@I [HLS-100] Command 'get_default_platform' returned 0; elapsed 5e-06Total elapsed time: 0.383 sec.
@I [HLS-100] Command "config_chip_info -quiet -resource  {SLICE 13300}  {LUT 53200}     {FF 106400} {DSP48E 220}   {BRAM 280}  "
@I [HLS-100] Command 'config_chip_info' returned 0; elapsed 1.4e-05Total elapsed time: 0.383 sec.
@I [HLS-100] Command "config_chip_info -quiet -speed medium "
@I [HLS-100] Command 'config_chip_info' returned 0; elapsed 3e-06Total elapsed time: 0.383 sec.
@I [HLS-100] Command 'import_lib' returned 0; elapsed 0.011467Total elapsed time: 0.384 sec.
@I [HLS-100] Command "source /opt/Xilinx/Vivado_HLS/2015.1/common/technology/xilinx/zynq/zynq.gen "
@I [HLS-100] Command "source /opt/Xilinx/Vivado_HLS/2015.1/common/technology/xilinx/common/virtex.gen "
@I [HLS-100] Command "source /opt/Xilinx/Vivado_HLS/2015.1/common/technology/xilinx/common/xilinx.gen "
@I [HLS-100] Command "source /opt/Xilinx/Vivado_HLS/2015.1/common/technology/xilinx/interface/plb46.gen "
@I [HLS-100] Command 'ap_source' returned 0; elapsed 0.001224Total elapsed time: 0.388 sec.
@I [HLS-100] Command "source /opt/Xilinx/Vivado_HLS/2015.1/common/technology/xilinx/interface/fsl.gen "
@I [HLS-100] Command 'ap_source' returned 0; elapsed 0.000399Total elapsed time: 0.389 sec.
@I [HLS-100] Command "source /opt/Xilinx/Vivado_HLS/2015.1/common/technology/xilinx/interface/axi4.gen "
@I [HLS-100] Command 'ap_source' returned 0; elapsed 0.001597Total elapsed time: 0.392 sec.
@I [HLS-100] Command "source /opt/Xilinx/Vivado_HLS/2015.1/common/technology/xilinx/interface/nativeAXI4.gen "
@I [HLS-100] Command "source /opt/Xilinx/Vivado_HLS/2015.1/common/technology/xilinx/interface/saxilite.gen "
@I [HLS-100] Command 'ap_source' returned 0; elapsed 0.002661Total elapsed time: 0.396 sec.
@I [HLS-100] Command "source /opt/Xilinx/Vivado_HLS/2015.1/common/technology/xilinx/interface/maxi.gen "
@I [HLS-100] Command 'ap_source' returned 0; elapsed 0.005508Total elapsed time: 0.404 sec.
@I [HLS-100] Command 'ap_source' returned 0; elapsed 0.008432Total elapsed time: 0.404 sec.
@I [HLS-100] Command "source /opt/Xilinx/Vivado_HLS/2015.1/common/technology/xilinx/scripts/xilinxcoregen.gen "
@I [HLS-100] Command 'ap_source' returned 0; elapsed 0.007161Total elapsed time: 0.414 sec.
@I [HLS-100] Command "source /opt/Xilinx/Vivado_HLS/2015.1/common/technology/xilinx/interface/XilEDKCoreGen.gen "
@I [HLS-100] Command 'ap_source' returned 0; elapsed 0.006011Total elapsed time: 0.422 sec.
@I [HLS-100] Command "source /opt/Xilinx/Vivado_HLS/2015.1/common/technology/xilinx/ip/xfft.gen "
@I [HLS-100] Command 'ap_source' returned 0; elapsed 0.072737Total elapsed time: 0.508 sec.
@I [HLS-100] Command "source /opt/Xilinx/Vivado_HLS/2015.1/common/technology/xilinx/ip/xfir.gen "
@I [HLS-100] Command "source /opt/Xilinx/Vivado_HLS/2015.1/tps/tcl/tcllib1.11.1/struct/list.tcl "
@I [HLS-100] Command "source /opt/Xilinx/Vivado_HLS/2015.1/tps/tcl/tcllib1.11.1/cmdline/cmdline.tcl "
@I [HLS-100] Command 'ap_source' returned 0; elapsed 0.000852Total elapsed time: 0.527 sec.
@I [HLS-100] Command 'ap_source' returned 0; elapsed 0.001648Total elapsed time: 0.527 sec.
@I [HLS-100] Command "source /opt/Xilinx/Vivado_HLS/2015.1/tps/tcl/tcllib1.11.1/math/bignum.tcl "
@I [HLS-100] Command 'ap_source' returned 0; elapsed 0.000684Total elapsed time: 0.545 sec.
@I [HLS-100] Command 'ap_source' returned 0; elapsed 0.026115Total elapsed time: 0.552 sec.
@I [HLS-100] Command "source /opt/Xilinx/Vivado_HLS/2015.1/common/technology/xilinx/ip/dds_compiler.gen "
@I [HLS-100] Command 'ap_source' returned 0; elapsed 0.003092Total elapsed time: 0.558 sec.
@I [HLS-100] Command "source /opt/Xilinx/Vivado_HLS/2015.1/common/technology/xilinx/ip/util.gen "
@I [HLS-100] Command 'ap_source' returned 0; elapsed 0.000169Total elapsed time: 0.558 sec.
@I [HLS-100] Command 'ap_source' returned 0; elapsed 0.127714Total elapsed time: 0.558 sec.
@I [HLS-100] Command "source /opt/Xilinx/Vivado_HLS/2015.1/common/technology/xilinx/common/dsp48.gen "
@I [HLS-100] Command 'ap_source' returned 0; elapsed 0.000126Total elapsed time: 0.560 sec.
@I [HLS-100] Command 'ap_source' returned 0; elapsed 0.129382Total elapsed time: 0.560 sec.
@I [HLS-100] Command 'ap_source' returned 0; elapsed 0.129546Total elapsed time: 0.560 sec.
@I [HLS-100] Command "open_platform DefaultPlatform "
@I [HLS-100] Command 'open_platform' returned 0; elapsed 1.1e-05Total elapsed time: 0.561 sec.
@I [HLS-100] Command "import_lib /opt/Xilinx/Vivado_HLS/2015.1/common/technology/xilinx/zynq/zynq_fpv6 "
@I [HLS-100] Command "source /opt/Xilinx/Vivado_HLS/2015.1/common/technology/xilinx/common/xilinx_fpv7.lib "
@I [HLS-100] Command 'ap_source' returned 0; elapsed 0.002067Total elapsed time: 0.566 sec.
@I [HLS-100] Command "source /opt/Xilinx/Vivado_HLS/2015.1/common/technology/xilinx/common/xilinx_fpv.hlp "
@I [HLS-100] Command "source /opt/Xilinx/Vivado_HLS/2015.1/common/technology/xilinx/common/xilinx.hlp "
@I [HLS-100] Command "source /opt/Xilinx/Vivado_HLS/2015.1/common/technology/xilinx/common/target_info.tcl "
@I [HLS-100] Command 'ap_source' returned 0; elapsed 0.000144Total elapsed time: 0.576 sec.
@I [HLS-100] Command "source /opt/Xilinx/Vivado_HLS/2015.1/common/technology/xilinx/interface/xilinx_interface.hlp "
@I [HLS-100] Command "source /opt/Xilinx/Vivado_HLS/2015.1/common/technology/xilinx/interface/maxi.hlp "
@I [HLS-100] Command 'ap_source' returned 0; elapsed 8.9e-05Total elapsed time: 0.576 sec.
@I [HLS-100] Command "source /opt/Xilinx/Vivado_HLS/2015.1/common/technology/xilinx/interface/saxilite.hlp "
@I [HLS-100] Command 'ap_source' returned 0; elapsed 7.3e-05Total elapsed time: 0.576 sec.
@I [HLS-100] Command 'ap_source' returned 0; elapsed 0.000346Total elapsed time: 0.576 sec.
@I [HLS-100] Command "source /opt/Xilinx/Vivado_HLS/2015.1/common/technology/xilinx/common/dsp48.hlp "
@I [HLS-100] Command 'ap_source' returned 0; elapsed 0.000529Total elapsed time: 0.582 sec.
@I [HLS-100] Command 'ap_source' returned 0; elapsed 0.001885Total elapsed time: 0.583 sec.
@I [HLS-100] Command 'ap_source' returned 0; elapsed 0.002428Total elapsed time: 0.583 sec.
@I [HLS-100] Command 'import_lib' returned 0; elapsed 0.012976Total elapsed time: 0.587 sec.
@I [HLS-100] Command "source /opt/Xilinx/Vivado_HLS/2015.1/common/technology/xilinx/zynq/zynq_fpv6.gen "
@I [HLS-100] Command "source /opt/Xilinx/Vivado_HLS/2015.1/common/technology/xilinx/common/xilinx_fpv6.gen "
@I [HLS-100] Command 'ap_source' returned 0; elapsed 0.001398Total elapsed time: 0.590 sec.
@I [HLS-100] Command 'ap_source' returned 0; elapsed 0.001679Total elapsed time: 0.590 sec.
@I [HLS-100] Command "set_part xc7z020clg484-1 "
@I [HLS-100] Command "add_library xilinx/zynq/zynq:xc7z020:clg484:-1 "
@I [HLS-100] Command "get_default_platform "
@I [HLS-100] Command 'get_default_platform' returned 0; elapsed 8e-06Total elapsed time: 0.599 sec.
@I [HLS-100] Command "license_exists VIVADO_HLS "
@I [HLS-100] Command 'license_exists' returned 0; elapsed 8e-06Total elapsed time: 0.599 sec.
@I [HLS-100] Command "get_default_platform "
@I [HLS-100] Command 'get_default_platform' returned 0; elapsed 1e-05Total elapsed time: 0.600 sec.
@I [HLS-100] Command "config_chip_info -quiet -resource  {SLICE 13300}  {LUT 53200}     {FF 106400} {DSP48E 220}   {BRAM 280}  "
@I [HLS-100] Command 'config_chip_info' returned 0; elapsed 1.6e-05Total elapsed time: 0.601 sec.
@I [HLS-100] Command "config_chip_info -quiet -speed slow "
@I [HLS-100] Command 'config_chip_info' returned 0; elapsed 3e-06Total elapsed time: 0.601 sec.
@I [HLS-100] Command 'add_library' returned 0; elapsed 0.004499Total elapsed time: 0.603 sec.
@I [HLS-100] Command "add_library xilinx/zynq/zynq_fpv6 "
@I [HLS-100] Command "get_default_platform "
@I [HLS-100] Command 'get_default_platform' returned 0; elapsed 3e-06Total elapsed time: 0.603 sec.
@I [HLS-100] Command "license_exists VIVADO_HLS "
@I [HLS-100] Command 'license_exists' returned 0; elapsed 6e-06Total elapsed time: 0.604 sec.
@I [HLS-100] Command 'add_library' returned 0; elapsed 0.00185Total elapsed time: 0.605 sec.
@I [HLS-10] Setting target device to 'xc7z020clg484-1'
@I [HLS-100] Command 'set_part' returned 0; elapsed 0.009356Total elapsed time: 0.606 sec.
@I [HLS-100] Command "get_default_platform "
@I [HLS-100] Command 'get_default_platform' returned 0; elapsed 5e-06Total elapsed time: 0.606 sec.
@I [HLS-100] Command "config_chip_info -quiet -resource  {SLICE 13300}  {LUT 53200}     {FF 106400} {DSP48E 220}   {BRAM 280}  "
@I [HLS-100] Command 'config_chip_info' returned 0; elapsed 9e-06Total elapsed time: 0.606 sec.
@I [HLS-100] Command "config_chip_info -quiet -speed slow "
@I [HLS-100] Command 'config_chip_info' returned 0; elapsed 3e-06Total elapsed time: 0.606 sec.
@I [HLS-100] Command 'open_solution' returned 0; elapsed 0.171703Total elapsed time: 0.607 sec.
@I [HLS-100] Command "csim_design -quiet "
@I [HLS-100] Command "source csim/.lst_opt.tcl "
@I [HLS-100] Command 'ap_source' returned 0; elapsed 0.000184Total elapsed time: 0.618 sec.
@I [HLS-100] Command "is_encrypted /home/parallels/source_code/ECE_527_MP/mp3/parta/matrixmath_test.c "
@I [HLS-100] Command 'is_encrypted' returned 0; elapsed 0.000107Total elapsed time: 0.624 sec.
@I [HLS-100] Command "is_encrypted /home/parallels/source_code/ECE_527_MP/mp3/parta/matrixmath.c "
@I [HLS-100] Command 'is_encrypted' returned 0; elapsed 8.3e-05Total elapsed time: 0.624 sec.
@I [HLS-100] Command "is_encrypted /home/parallels/source_code/ECE_527_MP/mp3/parta/matrixmath.h "
@I [HLS-100] Command 'is_encrypted' returned 0; elapsed 2.3e-05Total elapsed time: 0.624 sec.
@I [HLS-100] Command "source run_sim.tcl "
@I [HLS-100] Command 'ap_source' returned 0; elapsed 0.003017Total elapsed time: 0.790 sec.
@I [SIM-1] CSim done with 0 errors.
@I [HLS-100] Command 'csim_design' returned 0; elapsed 0.019376Total elapsed time: 0.791 sec.
@I [HLS-100] Command 'ap_source' returned 0; elapsed 0.19285Total elapsed time: 0.791 sec.
@I [HLS-100] Command "cleanup_all "
@I [HLS-100] Command 'cleanup_all' returned 0; elapsed 0.000315Total elapsed time: 0.792 sec.
