#
# An unexpected error has occurred (11)
#
Stack:
/opt/Xilinx/Vivado/2015.1/tps/lnx64/jre/lib/amd64/server/libjvm.so(+0x8e58a9) [0x7f363a1c28a9]
/opt/Xilinx/Vivado/2015.1/tps/lnx64/jre/lib/amd64/server/libjvm.so(JVM_handle_linux_signal+0xb6) [0x7f363a1c84f6]
/opt/Xilinx/Vivado/2015.1/tps/lnx64/jre/lib/amd64/server/libjvm.so(+0x8e2523) [0x7f363a1bf523]
/lib/x86_64-linux-gnu/libc.so.6(+0x36d40) [0x7f36690b5d40]
/opt/Xilinx/Vivado/2015.1/lib/lnx64.o/libstdc++.so.6(_ZNSsC1ERKSs+0xb) [0x7f3669713a1b]
/opt/Xilinx/Vivado/2015.1/lib/lnx64.o/librdi_commoncwebtalk.so(IDT::WebTalkHandler::addUserEnvironmentData()+0x2ed) [0x7f3640a3feed]
/opt/Xilinx/Vivado/2015.1/lib/lnx64.o/librdi_commoncwebtalk.so(IDT::WebTalkHandler::prepareWebTalkData()+0x94) [0x7f3640a40464]
/opt/Xilinx/Vivado/2015.1/lib/lnx64.o/librdi_commoncwebtalk.so(IDT::WebTalk::send(char const*, IDT::WebTalk::ProductType)+0xae) [0x7f3640a4937e]
/opt/Xilinx/Vivado/2015.1/lib/lnx64.o/librdi_labtools.so(LTDWebTalk::webtalkTransmit(LTDHWSessionMgr const*)+0xb7) [0x7f3644b154d7]
/opt/Xilinx/Vivado/2015.1/lib/lnx64.o/librdi_labtools.so(LTDHWServer::~LTDHWServer()+0x20) [0x7f364488d030]
/opt/Xilinx/Vivado/2015.1/lib/lnx64.o/librdi_labtools.so(LTDHWServerManager::destroyServer(LTDHWServer*)+0x32) [0x7f364488d2d2]
/opt/Xilinx/Vivado/2015.1/lib/lnx64.o/librdi_labtoolstasks.so(LTTTCloseHardware::execute(Tcl_Interp*)+0x149) [0x7f361f9af069]
/opt/Xilinx/Vivado/2015.1/lib/lnx64.o/librdi_common.so(+0x620fff) [0x7f366a188fff]
/opt/Xilinx/Vivado/2015.1/lib/lnx64.o/libtcl8.5.so(+0x331f5) [0x7f36651271f5]
/opt/Xilinx/Vivado/2015.1/lib/lnx64.o/libtcl8.5.so(+0x76bbe) [0x7f366516abbe]
/opt/Xilinx/Vivado/2015.1/lib/lnx64.o/libtcl8.5.so(+0x7e767) [0x7f3665172767]
/opt/Xilinx/Vivado/2015.1/lib/lnx64.o/libtcl8.5.so(TclEvalObjEx+0x77) [0x7f3665129327]
/opt/Xilinx/Vivado/2015.1/lib/lnx64.o/librdi_common.so(+0x620902) [0x7f366a188902]
/opt/Xilinx/Vivado/2015.1/lib/lnx64.o/libtcl8.5.so(Tcl_ServiceEvent+0x87) [0x7f366519bb37]
/opt/Xilinx/Vivado/2015.1/lib/lnx64.o/libtcl8.5.so(Tcl_DoOneEvent+0x129) [0x7f366519be69]
/opt/Xilinx/Vivado/2015.1/lib/lnx64.o/librdi_commontasks.so(+0x307205) [0x7f3660fb5205]
/opt/Xilinx/Vivado/2015.1/lib/lnx64.o/librdi_commontasks.so(+0x30e8cb) [0x7f3660fbc8cb]
/opt/Xilinx/Vivado/2015.1/lib/lnx64.o/librdi_commontasks.so(+0x3078e3) [0x7f3660fb58e3]
/opt/Xilinx/Vivado/2015.1/lib/lnx64.o/librdi_common.so(+0x620fff) [0x7f366a188fff]
/opt/Xilinx/Vivado/2015.1/lib/lnx64.o/libtcl8.5.so(+0x331f5) [0x7f36651271f5]
/opt/Xilinx/Vivado/2015.1/lib/lnx64.o/libtcl8.5.so(+0x76bbe) [0x7f366516abbe]
/opt/Xilinx/Vivado/2015.1/lib/lnx64.o/libtcl8.5.so(+0x7e767) [0x7f3665172767]
/opt/Xilinx/Vivado/2015.1/lib/lnx64.o/libtcl8.5.so(TclEvalObjEx+0x77) [0x7f3665129327]
/opt/Xilinx/Vivado/2015.1/lib/lnx64.o/librdi_commonmain.so(+0x7110) [0x7f3669963110]
/opt/Xilinx/Vivado/2015.1/lib/lnx64.o/libtcl8.5.so(Tcl_Main+0x1d5) [0x7f3665194175]
/opt/Xilinx/Vivado/2015.1/lib/lnx64.o/librdi_common.so(+0x659c39) [0x7f366a1c1c39]
/lib/x86_64-linux-gnu/libpthread.so.0(+0x8182) [0x7f3668b63182]
/lib/x86_64-linux-gnu/libc.so.6(clone+0x6d) [0x7f366917947d]
