

================================================================
== Vivado HLS Report for 'MAT_Multiply'
================================================================
* Date:           Fri Oct  2 07:16:15 2015

* Version:        2015.1 (Build 1215546 on Mon Apr 27 19:24:50 PM 2015)
* Project:        parta_2
* Solution:       solution_fifo_non_optimized
* Product family: zynq
* Target device:  xc7z020clg484-1


================================================================
== Performance Estimates
================================================================
+ Timing (ns): 
    * Summary: 
    +---------+-------+----------+------------+
    |  Clock  | Target| Estimated| Uncertainty|
    +---------+-------+----------+------------+
    |default  |  10.00|      7.08|        1.25|
    +---------+-------+----------+------------+

+ Latency (clock cycles): 
    * Summary: 
    +-----+---------+-----+---------+---------+
    |    Latency    |    Interval   | Pipeline|
    | min |   max   | min |   max   |   Type  |
    +-----+---------+-----+---------+---------+
    |    1|  1387601|    2|  1387602|   none  |
    +-----+---------+-----+---------+---------+

    + Detail: 
        * Instance: 
        N/A

        * Loop: 
        +-----------------+------+---------+-------------+-----------+-----------+------+----------+
        |                 |     Latency    |  Iteration  |  Initiation Interval  | Trip |          |
        |    Loop Name    |  min |   max   |   Latency   |  achieved |   target  | Count| Pipelined|
        +-----------------+------+---------+-------------+-----------+-----------+------+----------+
        |- Row            |  5100|  1387600| 102 ~ 27752 |          -|          -|    50|    no    |
        | + Col           |   100|    27750|   2 ~ 555   |          -|          -|    50|    no    |
        |  ++ RowCaching  |    50|       50|            1|          -|          -|    50|    no    |
        |  ++ ColCaching  |    50|       50|            1|          -|          -|    50|    no    |
        |  ++ Product     |   450|      450|            9|          -|          -|    50|    no    |
        +-----------------+------+---------+-------------+-----------+-----------+------+----------+



================================================================
== Utilization Estimates
================================================================
* Summary: 
+-----------------+---------+-------+--------+-------+
|       Name      | BRAM_18K| DSP48E|   FF   |  LUT  |
+-----------------+---------+-------+--------+-------+
|Expression       |        -|      -|       0|    250|
|FIFO             |        -|      -|       -|      -|
|Instance         |        -|      4|       0|      0|
|Memory           |        9|      -|       0|      0|
|Multiplexer      |        -|      -|       -|    210|
|Register         |        -|      -|     340|      -|
+-----------------+---------+-------+--------+-------+
|Total            |        9|      4|     340|    460|
+-----------------+---------+-------+--------+-------+
|Available        |      280|    220|  106400|  53200|
+-----------------+---------+-------+--------+-------+
|Utilization (%)  |        3|      1|   ~0   |   ~0  |
+-----------------+---------+-------+--------+-------+

+ Detail: 
    * Instance: 
    +----------------------------------+-------------------------------+---------+-------+---+----+
    |             Instance             |             Module            | BRAM_18K| DSP48E| FF| LUT|
    +----------------------------------+-------------------------------+---------+-------+---+----+
    |MAT_Multiply_mul_32s_32s_32_6_U1  |MAT_Multiply_mul_32s_32s_32_6  |        0|      4|  0|   0|
    +----------------------------------+-------------------------------+---------+-------+---+----+
    |Total                             |                               |        0|      4|  0|   0|
    +----------------------------------+-------------------------------+---------+-------+---+----+

    * Memory: 
    +----------------+---------------------------+---------+---+----+------+-----+------+-------------+
    |     Memory     |           Module          | BRAM_18K| FF| LUT| Words| Bits| Banks| W*Bits*Banks|
    +----------------+---------------------------+---------+---+----+------+-----+------+-------------+
    |A_cached_row_U  |MAT_Multiply_A_cached_row  |        1|  0|   0|    50|   32|     1|         1600|
    |B_cached_U      |MAT_Multiply_B_cached      |        8|  0|   0|  2500|   32|     1|        80000|
    +----------------+---------------------------+---------+---+----+------+-----+------+-------------+
    |Total           |                           |        9|  0|   0|  2550|   64|     2|        81600|
    +----------------+---------------------------+---------+---+----+------+-----+------+-------------+

    * FIFO: 
    N/A

    * Expression: 
    +---------------------+----------+-------+---+----+------------+------------+
    |    Variable Name    | Operation| DSP48E| FF| LUT| Bitwidth P0| Bitwidth P1|
    +---------------------+----------+-------+---+----+------------+------------+
    |i_1_fu_319_p2        |     +    |      0|  0|   6|           6|           1|
    |j_1_fu_346_p2        |     +    |      0|  0|   6|           6|           1|
    |k_3_fu_374_p2        |     +    |      0|  0|   6|           6|           1|
    |k_4_fu_395_p2        |     +    |      0|  0|   6|           6|           1|
    |k_5_fu_431_p2        |     +    |      0|  0|   6|           6|           1|
    |next_mul5_fu_447_p2  |     +    |      0|  0|  12|          12|           6|
    |next_mul_fu_401_p2   |     +    |      0|  0|  12|          12|           6|
    |p_addr1_fu_453_p2    |     +    |      0|  0|  12|          12|          12|
    |p_addr3_fu_407_p2    |     +    |      0|  0|  12|          12|          12|
    |temp_3_fu_470_p2     |     +    |      0|  0|  64|          64|          64|
    |temp_1_fu_476_p3     |  Select  |      0|  0|  64|           1|          64|
    |ap_sig_bdd_122       |    and   |      0|  0|   1|           1|           1|
    |ap_sig_bdd_149       |    and   |      0|  0|   1|           1|           1|
    |tmp1_fu_297_p2       |    and   |      0|  0|   1|           1|           1|
    |tmp_4_fu_303_p2      |    and   |      0|  0|   1|           1|           1|
    |tmp_s_fu_357_p2      |    and   |      0|  0|   1|           1|           1|
    |exitcond1_fu_389_p2  |   icmp   |      0|  0|   3|           6|           5|
    |exitcond2_fu_368_p2  |   icmp   |      0|  0|   3|           6|           5|
    |exitcond3_fu_340_p2  |   icmp   |      0|  0|   3|           6|           5|
    |exitcond4_fu_313_p2  |   icmp   |      0|  0|   3|           6|           5|
    |exitcond_fu_425_p2   |   icmp   |      0|  0|   3|           6|           5|
    |tmp_12_fu_437_p2     |   icmp   |      0|  0|   3|           8|           8|
    |tmp_1_fu_285_p2      |   icmp   |      0|  0|   3|           8|           8|
    |tmp_3_fu_291_p2      |   icmp   |      0|  0|   3|           8|           8|
    |tmp_5_fu_325_p2      |   icmp   |      0|  0|   3|           8|           8|
    |tmp_6_fu_330_p2      |   icmp   |      0|  0|   3|           6|           1|
    |tmp_8_fu_362_p2      |   icmp   |      0|  0|   3|           6|           1|
    |tmp_9_fu_352_p2      |   icmp   |      0|  0|   3|           8|           8|
    |tmp_fu_279_p2        |   icmp   |      0|  0|   3|           8|           8|
    +---------------------+----------+-------+---+----+------------+------------+
    |Total                |          |      0|  0| 250|         238|         249|
    +---------------------+----------+-------+---+----+------------+------------+

    * Multiplexer: 
    +-----------------------+----+-----------+-----+-----------+
    |          Name         | LUT| Input Size| Bits| Total Bits|
    +-----------------------+----+-----------+-----+-----------+
    |A_cached_row_address0  |   6|          3|    6|         18|
    |B_cached_address0      |  12|          3|   12|         36|
    |ap_NS_fsm              |  10|         16|    1|         16|
    |i_reg_175              |   6|          2|    6|         12|
    |j_reg_186              |   6|          2|    6|         12|
    |k_1_reg_209            |   6|          2|    6|         12|
    |k_2_reg_231            |   6|          2|    6|         12|
    |k_reg_198              |   6|          2|    6|         12|
    |phi_mul4_reg_254       |  12|          2|   12|         24|
    |phi_mul_reg_220        |  12|          2|   12|         24|
    |temp_2_reg_265         |  64|          2|   64|        128|
    |temp_reg_242           |  64|          2|   64|        128|
    +-----------------------+----+-----------+-----+-----------+
    |Total                  | 210|         40|  201|        434|
    +-----------------------+----+-----------+-----+-----------+

    * Register: 
    +---------------------------+----+----+-----+-----------+
    |            Name           | FF | LUT| Bits| Const Bits|
    +---------------------------+----+----+-----+-----------+
    |A_cached_row_load_reg_593  |  32|   0|   32|          0|
    |B_cached_load_reg_598      |  32|   0|   32|          0|
    |ap_CS_fsm                  |  15|   0|   15|          0|
    |i_1_reg_505                |   6|   0|    6|          0|
    |i_reg_175                  |   6|   0|    6|          0|
    |j_1_reg_522                |   6|   0|    6|          0|
    |j_reg_186                  |   6|   0|    6|          0|
    |k_1_reg_209                |   6|   0|    6|          0|
    |k_2_reg_231                |   6|   0|    6|          0|
    |k_5_reg_568                |   6|   0|    6|          0|
    |k_reg_198                  |   6|   0|    6|          0|
    |next_mul5_reg_583          |  12|   0|   12|          0|
    |phi_mul4_reg_254           |  12|   0|   12|          0|
    |phi_mul_reg_220            |  12|   0|   12|          0|
    |temp_2_reg_265             |  64|   0|   64|          0|
    |temp_reg_242               |  64|   0|   64|          0|
    |tmp_11_trn_cast_reg_542    |   6|   0|   12|          6|
    |tmp_12_reg_573             |   1|   0|    1|          0|
    |tmp_13_trn_cast_reg_560    |   6|   0|   12|          6|
    |tmp_15_reg_603             |  32|   0|   32|          0|
    |tmp_4_reg_498              |   1|   0|    1|          0|
    |tmp_5_reg_510              |   1|   0|    1|          0|
    |tmp_6_reg_515              |   1|   0|    1|          0|
    |tmp_8_reg_530              |   1|   0|    1|          0|
    +---------------------------+----+----+-----+-----------+
    |Total                      | 340|   0|  352|         12|
    +---------------------------+----+----+-----+-----------+



================================================================
== Interface
================================================================
* Summary: 
+-----------+-----+-----+------------+--------------+--------------+
| RTL Ports | Dir | Bits|  Protocol  | Source Object|    C Type    |
+-----------+-----+-----+------------+--------------+--------------+
|ap_clk     |  in |    1| ap_ctrl_hs | MAT_Multiply | return value |
|ap_rst     |  in |    1| ap_ctrl_hs | MAT_Multiply | return value |
|ap_start   |  in |    1| ap_ctrl_hs | MAT_Multiply | return value |
|ap_done    | out |    1| ap_ctrl_hs | MAT_Multiply | return value |
|ap_idle    | out |    1| ap_ctrl_hs | MAT_Multiply | return value |
|ap_ready   | out |    1| ap_ctrl_hs | MAT_Multiply | return value |
|A_dout     |  in |   32|   ap_fifo  |       A      |    pointer   |
|A_empty_n  |  in |    1|   ap_fifo  |       A      |    pointer   |
|A_read     | out |    1|   ap_fifo  |       A      |    pointer   |
|B_dout     |  in |   32|   ap_fifo  |       B      |    pointer   |
|B_empty_n  |  in |    1|   ap_fifo  |       B      |    pointer   |
|B_read     | out |    1|   ap_fifo  |       B      |    pointer   |
|C_din      | out |   64|   ap_fifo  |       C      |    pointer   |
|C_full_n   |  in |    1|   ap_fifo  |       C      |    pointer   |
|C_write    | out |    1|   ap_fifo  |       C      |    pointer   |
|mA         |  in |    8|   ap_none  |      mA      |    scalar    |
|nA         |  in |    8|   ap_none  |      nA      |    scalar    |
|mB         |  in |    8|   ap_none  |      mB      |    scalar    |
|nB         |  in |    8|   ap_none  |      nB      |    scalar    |
|mC         |  in |    8|   ap_none  |      mC      |    scalar    |
|nC         |  in |    8|   ap_none  |      nC      |    scalar    |
+-----------+-----+-----+------------+--------------+--------------+

