

================================================================
== Vivado HLS Report for 'Accelerator_MAT_Multiply'
================================================================
* Date:           Thu Oct 29 21:20:46 2015

* Version:        2015.1 (Build 1215546 on Mon Apr 27 19:24:50 PM 2015)
* Project:        accelerator
* Solution:       solution1
* Product family: zynq
* Target device:  xc7z020clg484-1


================================================================
== Performance Estimates
================================================================
+ Timing (ns): 
    * Summary: 
    +---------+-------+----------+------------+
    |  Clock  | Target| Estimated| Uncertainty|
    +---------+-------+----------+------------+
    |default  |  10.00|      8.41|        1.25|
    +---------+-------+----------+------------+

+ Latency (clock cycles): 
    * Summary: 
    +------+------+------+------+---------+
    |   Latency   |   Interval  | Pipeline|
    |  min |  max |  min |  max |   Type  |
    +------+------+------+------+---------+
    |  5410|  5410|  5410|  5410|   none  |
    +------+------+------+------+---------+

    + Detail: 
        * Instance: 
        N/A

        * Loop: 
        +--------------+------+------+----------+-----------+-----------+------+----------+
        |              |   Latency   | Iteration|  Initiation Interval  | Trip |          |
        |   Loop Name  |  min |  max |  Latency |  achieved |   target  | Count| Pipelined|
        +--------------+------+------+----------+-----------+-----------+------+----------+
        |- LoadRow     |   144|   144|        18|          -|          -|     8|    no    |
        | + LoadCol    |    16|    16|         2|          -|          -|     8|    no    |
        |- Row         |  5264|  5264|       658|          -|          -|     8|    no    |
        | + Col        |   656|   656|        82|          -|          -|     8|    no    |
        |  ++ Product  |    80|    80|        10|          -|          -|     8|    no    |
        +--------------+------+------+----------+-----------+-----------+------+----------+



================================================================
== Utilization Estimates
================================================================
* Summary: 
+-----------------+---------+-------+--------+-------+
|       Name      | BRAM_18K| DSP48E|   FF   |  LUT  |
+-----------------+---------+-------+--------+-------+
|Expression       |        -|      -|       -|      -|
|FIFO             |        -|      -|       -|      -|
|Instance         |        -|      -|       -|      -|
|Memory           |        -|      -|       -|      -|
|Multiplexer      |        -|      -|       -|      -|
|Register         |        -|      -|       -|      -|
+-----------------+---------+-------+--------+-------+
|Total            |        0|      0|       0|      0|
+-----------------+---------+-------+--------+-------+
|Available        |      280|    220|  106400|  53200|
+-----------------+---------+-------+--------+-------+
|Utilization (%)  |        0|      0|       0|      0|
+-----------------+---------+-------+--------+-------+

+ Detail: 
    * Instance: 
    N/A

    * Memory: 
    N/A

    * FIFO: 
    N/A

    * Expression: 
    N/A

    * Multiplexer: 
    N/A

    * Register: 
    N/A



================================================================
== Interface
================================================================
* Summary: 
N/A

============================================================
+ Verbose Summary: Synthesis Manager
============================================================
InlineROM: 1
ExposeGlobal: 0
============================================================
+ Verbose Summary: CDFG Model
============================================================
IsTopModel: 0
ResetActiveHigh: 1
IsCombinational: 0
IsDatapathOnly: 0
HasWiredReturn: 1
HasMFsm: 0
HasVarLatency: 1
IsPipeline: 0
IsRtlPipelined: 0
IsInstanceOverlapped: 0
IsDontTouch: 0
HasImplIP: 0
IsGatedGlobalClock: 0


============================================================
+ Verbose Summary: Schedule
============================================================
* Number of FSM states: 16
* Pipeline: 0
* Dataflow Pipeline: 0

* FSM state transitions: 
1 --> 
	2  / true
2 --> 
	5  / (exitcond4)
	3  / (!exitcond4)
3 --> 
	4  / (!exitcond3)
	2  / (exitcond3)
4 --> 
	3  / true
5 --> 
	6  / (!exitcond2)
6 --> 
	7  / (!exitcond1)
	5  / (exitcond1)
7 --> 
	8  / (!exitcond)
	6  / (exitcond)
8 --> 
	9  / true
9 --> 
	10  / true
10 --> 
	11  / true
11 --> 
	12  / true
12 --> 
	13  / true
13 --> 
	14  / true
14 --> 
	15  / true
15 --> 
	16  / true
16 --> 
	7  / true
* FSM state operations: 

 <State 1>: 1.57ns
ST_1: B_cached [1/1] 0.00ns
:0  %B_cached = alloca [64 x float], align 4

ST_1: stg_18 [1/1] 1.57ns
:1  br label %1


 <State 2>: 3.45ns
ST_2: i [1/1] 0.00ns
:0  %i = phi i4 [ 0, %0 ], [ %i_2, %5 ]

ST_2: exitcond4 [1/1] 1.88ns
:1  %exitcond4 = icmp eq i4 %i, -8

ST_2: empty [1/1] 0.00ns
:2  %empty = call i32 (...)* @_ssdm_op_SpecLoopTripCount(i64 8, i64 8, i64 8)

ST_2: i_2 [1/1] 0.80ns
:3  %i_2 = add i4 %i, 1

ST_2: stg_23 [1/1] 1.57ns
:4  br i1 %exitcond4, label %.preheader, label %2

ST_2: stg_24 [1/1] 0.00ns
:0  call void (...)* @_ssdm_op_SpecLoopName([8 x i8]* @p_str) nounwind

ST_2: tmp_s [1/1] 0.00ns
:1  %tmp_s = call i32 (...)* @_ssdm_op_SpecRegionBegin([8 x i8]* @p_str)

ST_2: tmp [1/1] 0.00ns
:2  %tmp = call i7 @_ssdm_op_BitConcatenate.i7.i4.i3(i4 %i, i3 0)

ST_2: p_addr8_cast [1/1] 0.00ns
:3  %p_addr8_cast = zext i7 %tmp to i8

ST_2: stg_28 [1/1] 1.57ns
:4  br label %3


 <State 3>: 4.43ns
ST_3: j [1/1] 0.00ns
:0  %j = phi i4 [ 0, %2 ], [ %j_2, %4 ]

ST_3: exitcond3 [1/1] 1.88ns
:1  %exitcond3 = icmp eq i4 %j, -8

ST_3: empty_8 [1/1] 0.00ns
:2  %empty_8 = call i32 (...)* @_ssdm_op_SpecLoopTripCount(i64 8, i64 8, i64 8)

ST_3: j_2 [1/1] 0.80ns
:3  %j_2 = add i4 %j, 1

ST_3: stg_33 [1/1] 0.00ns
:4  br i1 %exitcond3, label %5, label %4

ST_3: tmp_3_trn7_cast [1/1] 0.00ns
:1  %tmp_3_trn7_cast = zext i4 %j to i8

ST_3: p_addr9 [1/1] 1.72ns
:2  %p_addr9 = add i8 %tmp_3_trn7_cast, %p_addr8_cast

ST_3: tmp_3 [1/1] 0.00ns
:3  %tmp_3 = zext i8 %p_addr9 to i64

ST_3: B_addr [1/1] 0.00ns
:4  %B_addr = getelementptr [64 x float]* %B, i64 0, i64 %tmp_3

ST_3: B_load [2/2] 2.71ns
:5  %B_load = load float* %B_addr, align 4

ST_3: empty_9 [1/1] 0.00ns
:0  %empty_9 = call i32 (...)* @_ssdm_op_SpecRegionEnd([8 x i8]* @p_str, i32 %tmp_s)

ST_3: stg_40 [1/1] 0.00ns
:1  br label %1


 <State 4>: 5.42ns
ST_4: stg_41 [1/1] 0.00ns
:0  call void (...)* @_ssdm_op_SpecLoopName([8 x i8]* @p_str1) nounwind

ST_4: B_load [1/2] 2.71ns
:5  %B_load = load float* %B_addr, align 4

ST_4: B_cached_addr [1/1] 0.00ns
:6  %B_cached_addr = getelementptr [64 x float]* %B_cached, i64 0, i64 %tmp_3

ST_4: stg_44 [1/1] 2.71ns
:7  store float %B_load, float* %B_cached_addr, align 4

ST_4: stg_45 [1/1] 0.00ns
:8  br label %3


 <State 5>: 1.88ns
ST_5: i_1 [1/1] 0.00ns
.preheader:0  %i_1 = phi i4 [ %i_3, %12 ], [ 0, %1 ]

ST_5: exitcond2 [1/1] 1.88ns
.preheader:1  %exitcond2 = icmp eq i4 %i_1, -8

ST_5: empty_10 [1/1] 0.00ns
.preheader:2  %empty_10 = call i32 (...)* @_ssdm_op_SpecLoopTripCount(i64 8, i64 8, i64 8)

ST_5: i_3 [1/1] 0.80ns
.preheader:3  %i_3 = add i4 %i_1, 1

ST_5: stg_50 [1/1] 0.00ns
.preheader:4  br i1 %exitcond2, label %13, label %6

ST_5: stg_51 [1/1] 0.00ns
:0  call void (...)* @_ssdm_op_SpecLoopName([4 x i8]* @p_str2) nounwind

ST_5: tmp_2 [1/1] 0.00ns
:1  %tmp_2 = call i32 (...)* @_ssdm_op_SpecRegionBegin([4 x i8]* @p_str2)

ST_5: tmp_1 [1/1] 0.00ns
:2  %tmp_1 = call i7 @_ssdm_op_BitConcatenate.i7.i4.i3(i4 %i_1, i3 0)

ST_5: p_addr4_cast [1/1] 0.00ns
:3  %p_addr4_cast = zext i7 %tmp_1 to i8

ST_5: stg_55 [1/1] 1.57ns
:4  br label %7

ST_5: stg_56 [1/1] 0.00ns
:0  ret void


 <State 6>: 1.88ns
ST_6: j_1 [1/1] 0.00ns
:0  %j_1 = phi i4 [ 0, %6 ], [ %j_3, %11 ]

ST_6: exitcond1 [1/1] 1.88ns
:1  %exitcond1 = icmp eq i4 %j_1, -8

ST_6: empty_11 [1/1] 0.00ns
:2  %empty_11 = call i32 (...)* @_ssdm_op_SpecLoopTripCount(i64 8, i64 8, i64 8)

ST_6: j_3 [1/1] 0.80ns
:3  %j_3 = add i4 %j_1, 1

ST_6: stg_61 [1/1] 0.00ns
:4  br i1 %exitcond1, label %12, label %8

ST_6: stg_62 [1/1] 0.00ns
:0  call void (...)* @_ssdm_op_SpecLoopName([4 x i8]* @p_str3) nounwind

ST_6: tmp_5 [1/1] 0.00ns
:1  %tmp_5 = call i32 (...)* @_ssdm_op_SpecRegionBegin([4 x i8]* @p_str3)

ST_6: tmp_6_trn_cast [1/1] 0.00ns
:2  %tmp_6_trn_cast = zext i4 %j_1 to i8

ST_6: stg_65 [1/1] 1.57ns
:3  br label %9

ST_6: empty_14 [1/1] 0.00ns
:0  %empty_14 = call i32 (...)* @_ssdm_op_SpecRegionEnd([4 x i8]* @p_str2, i32 %tmp_2)

ST_6: stg_67 [1/1] 0.00ns
:1  br label %.preheader


 <State 7>: 4.43ns
ST_7: k [1/1] 0.00ns
:0  %k = phi i4 [ 0, %8 ], [ %k_1, %10 ]

ST_7: temp [1/1] 0.00ns
:1  %temp = phi float [ 0.000000e+00, %8 ], [ %temp_1, %10 ]

ST_7: exitcond [1/1] 1.88ns
:2  %exitcond = icmp eq i4 %k, -8

ST_7: empty_12 [1/1] 0.00ns
:3  %empty_12 = call i32 (...)* @_ssdm_op_SpecLoopTripCount(i64 8, i64 8, i64 8)

ST_7: k_1 [1/1] 0.80ns
:4  %k_1 = add i4 %k, 1

ST_7: stg_73 [1/1] 0.00ns
:5  br i1 %exitcond, label %11, label %10

ST_7: tmp_8_trn1_cast [1/1] 0.00ns
:1  %tmp_8_trn1_cast = zext i4 %k to i8

ST_7: p_addr5 [1/1] 1.72ns
:2  %p_addr5 = add i8 %tmp_8_trn1_cast, %p_addr4_cast

ST_7: tmp_6 [1/1] 0.00ns
:3  %tmp_6 = zext i8 %p_addr5 to i64

ST_7: A_addr [1/1] 0.00ns
:4  %A_addr = getelementptr [64 x float]* %A, i64 0, i64 %tmp_6

ST_7: A_load [2/2] 2.71ns
:5  %A_load = load float* %A_addr, align 4

ST_7: tmp_7 [1/1] 0.00ns
:6  %tmp_7 = call i7 @_ssdm_op_BitConcatenate.i7.i4.i3(i4 %k, i3 0)

ST_7: p_addr_cast [1/1] 0.00ns
:7  %p_addr_cast = zext i7 %tmp_7 to i8

ST_7: p_addr1 [1/1] 1.72ns
:8  %p_addr1 = add i8 %tmp_6_trn_cast, %p_addr_cast

ST_7: tmp_8 [1/1] 0.00ns
:9  %tmp_8 = zext i8 %p_addr1 to i64

ST_7: B_cached_addr_1 [1/1] 0.00ns
:10  %B_cached_addr_1 = getelementptr [64 x float]* %B_cached, i64 0, i64 %tmp_8

ST_7: B_cached_load [2/2] 2.71ns
:11  %B_cached_load = load float* %B_cached_addr_1, align 4

ST_7: p_addr7 [1/1] 1.72ns
:0  %p_addr7 = add i8 %tmp_6_trn_cast, %p_addr4_cast

ST_7: tmp_4 [1/1] 0.00ns
:1  %tmp_4 = zext i8 %p_addr7 to i64

ST_7: C_addr [1/1] 0.00ns
:2  %C_addr = getelementptr [64 x float]* %C, i64 0, i64 %tmp_4

ST_7: stg_88 [1/1] 2.71ns
:3  store float %temp, float* %C_addr, align 4

ST_7: empty_13 [1/1] 0.00ns
:4  %empty_13 = call i32 (...)* @_ssdm_op_SpecRegionEnd([4 x i8]* @p_str3, i32 %tmp_5)

ST_7: stg_90 [1/1] 0.00ns
:5  br label %7


 <State 8>: 8.41ns
ST_8: A_load [1/2] 2.71ns
:5  %A_load = load float* %A_addr, align 4

ST_8: B_cached_load [1/2] 2.71ns
:11  %B_cached_load = load float* %B_cached_addr_1, align 4

ST_8: tmp_9 [4/4] 5.70ns
:12  %tmp_9 = fmul float %A_load, %B_cached_load


 <State 9>: 5.70ns
ST_9: tmp_9 [3/4] 5.70ns
:12  %tmp_9 = fmul float %A_load, %B_cached_load


 <State 10>: 5.70ns
ST_10: tmp_9 [2/4] 5.70ns
:12  %tmp_9 = fmul float %A_load, %B_cached_load


 <State 11>: 5.70ns
ST_11: tmp_9 [1/4] 5.70ns
:12  %tmp_9 = fmul float %A_load, %B_cached_load


 <State 12>: 7.26ns
ST_12: temp_1 [5/5] 7.26ns
:13  %temp_1 = fadd float %temp, %tmp_9


 <State 13>: 7.26ns
ST_13: temp_1 [4/5] 7.26ns
:13  %temp_1 = fadd float %temp, %tmp_9


 <State 14>: 7.26ns
ST_14: temp_1 [3/5] 7.26ns
:13  %temp_1 = fadd float %temp, %tmp_9


 <State 15>: 7.26ns
ST_15: temp_1 [2/5] 7.26ns
:13  %temp_1 = fadd float %temp, %tmp_9


 <State 16>: 7.26ns
ST_16: stg_101 [1/1] 0.00ns
:0  call void (...)* @_ssdm_op_SpecLoopName([8 x i8]* @p_str4) nounwind

ST_16: temp_1 [1/5] 7.26ns
:13  %temp_1 = fadd float %temp, %tmp_9

ST_16: stg_103 [1/1] 0.00ns
:14  br label %9



============================================================
+ Verbose Summary: Binding
============================================================
N/A
* FSMD analyzer results:
  - Output states:
  - Chain level:
	State 1
	State 2
	State 3
	State 4
	State 5
	State 6
	State 7
	State 8
	State 9
	State 10
	State 11
	State 12
	State 13
	State 14
	State 15
	State 16


============================================================
+ Verbose Summary: Datapath Resource usage 
============================================================
N/A
