

================================================================
== Vivado HLS Report for 'Accelerator'
================================================================
* Date:           Thu Oct 29 21:20:46 2015

* Version:        2015.1 (Build 1215546 on Mon Apr 27 19:24:50 PM 2015)
* Project:        accelerator
* Solution:       solution1
* Product family: zynq
* Target device:  xc7z020clg484-1


================================================================
== Performance Estimates
================================================================
+ Timing (ns): 
    * Summary: 
    +---------+-------+----------+------------+
    |  Clock  | Target| Estimated| Uncertainty|
    +---------+-------+----------+------------+
    |default  |  10.00|      8.46|        1.25|
    +---------+-------+----------+------------+

+ Latency (clock cycles): 
    * Summary: 
    +------+------+------+------+---------+
    |   Latency   |   Interval  | Pipeline|
    |  min |  max |  min |  max |   Type  |
    +------+------+------+------+---------+
    |  6216|  7450|  6217|  7451|   none  |
    +------+------+------+------+---------+

    + Detail: 
        * Instance: 
        N/A

        * Loop: 
        N/A



================================================================
== Utilization Estimates
================================================================
* Summary: 
+-----------------+---------+-------+--------+-------+
|       Name      | BRAM_18K| DSP48E|   FF   |  LUT  |
+-----------------+---------+-------+--------+-------+
|Expression       |        -|      -|       -|      -|
|FIFO             |        -|      -|       -|      -|
|Instance         |        -|      -|       -|      -|
|Memory           |        -|      -|       -|      -|
|Multiplexer      |        -|      -|       -|      -|
|Register         |        -|      -|       -|      -|
+-----------------+---------+-------+--------+-------+
|Total            |        0|      0|       0|      0|
+-----------------+---------+-------+--------+-------+
|Available        |      280|    220|  106400|  53200|
+-----------------+---------+-------+--------+-------+
|Utilization (%)  |        0|      0|       0|      0|
+-----------------+---------+-------+--------+-------+

+ Detail: 
    * Instance: 
    N/A

    * Memory: 
    N/A

    * FIFO: 
    N/A

    * Expression: 
    N/A

    * Multiplexer: 
    N/A

    * Register: 
    N/A



================================================================
== Interface
================================================================
* Summary: 
N/A

============================================================
+ Verbose Summary: Synthesis Manager
============================================================
InlineROM: 1
ExposeGlobal: 0
============================================================
+ Verbose Summary: CDFG Model
============================================================
IsTopModel: 1
ResetActiveHigh: 1
IsCombinational: 0
IsDatapathOnly: 0
HasWiredReturn: 1
HasMFsm: 0
HasVarLatency: 1
IsPipeline: 0
IsRtlPipelined: 0
IsInstanceOverlapped: 0
IsDontTouch: 0
HasImplIP: 0
IsGatedGlobalClock: 0


============================================================
+ Verbose Summary: Schedule
============================================================
* Number of FSM states: 9
* Pipeline: 0
* Dataflow Pipeline: 0

* FSM state transitions: 
1 --> 
	2  / (!cond)
	5  / (cond)
2 --> 
	3  / true
3 --> 
	4  / true
4 --> 
	9  / true
5 --> 
	6  / true
6 --> 
	7  / true
7 --> 
	8  / true
8 --> 
	9  / true
9 --> 
* FSM state operations: 

 <State 1>: 4.61ns
ST_1: function_read [1/1] 0.00ns
:0  %function_read = call i8 @_ssdm_op_Read.ap_auto.i8(i8 %function_r) nounwind

ST_1: temp_1 [1/1] 0.00ns
:1  %temp_1 = alloca [64 x float], align 4

ST_1: temp [1/1] 0.00ns
:2  %temp = alloca [64 x float], align 4

ST_1: stg_13 [1/1] 0.00ns
:3  call void (...)* @_ssdm_op_SpecBitsMap([64 x float]* %X) nounwind, !map !0

ST_1: stg_14 [1/1] 0.00ns
:4  call void (...)* @_ssdm_op_SpecBitsMap(i8 %function_r) nounwind, !map !6

ST_1: stg_15 [1/1] 0.00ns
:5  call void (...)* @_ssdm_op_SpecBitsMap([64 x float]* %Y) nounwind, !map !12

ST_1: stg_16 [1/1] 0.00ns
:6  call void (...)* @_ssdm_op_SpecTopModule([12 x i8]* @str) nounwind

ST_1: temp_2 [1/1] 0.00ns
:7  %temp_2 = alloca [64 x float], align 4

ST_1: cond [1/1] 2.00ns
:8  %cond = icmp eq i8 %function_read, 1

ST_1: stg_19 [1/1] 0.00ns
:9  br i1 %cond, label %1, label %DCT.exit

ST_1: stg_20 [2/2] 0.00ns
DCT.exit:0  call fastcc void @Accelerator_MAT_Multiply([64 x float]* nocapture @T, [64 x float]* nocapture %X, [64 x float]* nocapture %temp_1) nounwind

ST_1: stg_21 [2/2] 4.61ns
:0  call fastcc void @Accelerator_Quant([64 x float]* nocapture %X, i8 zeroext 1, [64 x float]* nocapture %Y) nounwind


 <State 2>: 0.00ns
ST_2: stg_22 [1/2] 0.00ns
DCT.exit:0  call fastcc void @Accelerator_MAT_Multiply([64 x float]* nocapture @T, [64 x float]* nocapture %X, [64 x float]* nocapture %temp_1) nounwind


 <State 3>: 4.61ns
ST_3: stg_23 [2/2] 0.00ns
DCT.exit:1  call fastcc void @Accelerator_MAT_Multiply2([64 x float]* nocapture %temp_1, [64 x float]* nocapture @Tinv, [64 x float]* nocapture %temp_2) nounwind

ST_3: stg_24 [2/2] 4.61ns
DCT.exit:2  call fastcc void @Accelerator_Quant([64 x float]* nocapture %X, i8 zeroext %function_read, [64 x float]* nocapture %Y) nounwind


 <State 4>: 0.00ns
ST_4: stg_25 [1/2] 0.00ns
DCT.exit:1  call fastcc void @Accelerator_MAT_Multiply2([64 x float]* nocapture %temp_1, [64 x float]* nocapture @Tinv, [64 x float]* nocapture %temp_2) nounwind

ST_4: stg_26 [1/2] 0.00ns
DCT.exit:2  call fastcc void @Accelerator_Quant([64 x float]* nocapture %X, i8 zeroext %function_read, [64 x float]* nocapture %Y) nounwind

ST_4: stg_27 [1/1] 0.00ns
DCT.exit:3  br label %2


 <State 5>: 0.00ns
ST_5: stg_28 [1/2] 0.00ns
:0  call fastcc void @Accelerator_Quant([64 x float]* nocapture %X, i8 zeroext 1, [64 x float]* nocapture %Y) nounwind


 <State 6>: 0.00ns
ST_6: stg_29 [2/2] 0.00ns
:1  call fastcc void @Accelerator_MAT_Multiply([64 x float]* nocapture @Tinv, [64 x float]* nocapture %X, [64 x float]* nocapture %temp) nounwind


 <State 7>: 0.00ns
ST_7: stg_30 [1/2] 0.00ns
:1  call fastcc void @Accelerator_MAT_Multiply([64 x float]* nocapture @Tinv, [64 x float]* nocapture %X, [64 x float]* nocapture %temp) nounwind


 <State 8>: 0.00ns
ST_8: stg_31 [2/2] 0.00ns
:2  call fastcc void @Accelerator_MAT_Multiply2([64 x float]* nocapture %temp, [64 x float]* nocapture @T, [64 x float]* nocapture %temp_2) nounwind


 <State 9>: 0.00ns
ST_9: stg_32 [1/2] 0.00ns
:2  call fastcc void @Accelerator_MAT_Multiply2([64 x float]* nocapture %temp, [64 x float]* nocapture @T, [64 x float]* nocapture %temp_2) nounwind

ST_9: stg_33 [1/1] 0.00ns
:3  br label %2

ST_9: stg_34 [1/1] 0.00ns
:0  ret void



============================================================
+ Verbose Summary: Binding
============================================================
N/A
* FSMD analyzer results:
  - Output states:
  - Chain level:
	State 1
	State 2
	State 3
	State 4
	State 5
	State 6
	State 7
	State 8
	State 9


============================================================
+ Verbose Summary: Datapath Resource usage 
============================================================
N/A
