@I [SIM-47] Using XSIM for RTL simulation.
@I [SIM-14] Instrumenting C test bench ...
   Build using "/opt/Xilinx/Vivado_HLS/2015.1/lnx64/tools/gcc/bin/g++"
   Compiling apatb_MAT_Multiply.cpp
   Compiling(apcc) matrixmath.c_pre.c.tb.c
@I [HLS-10] Running '/opt/Xilinx/Vivado_HLS/2015.1/bin/unwrapped/lnx64.o/apcc'
            for user 'root' on host 'ubuntu' (Linux_x86_64 version 3.13.0-66-generic) on Wed Oct 21 12:23:01 CDT 2015
            in directory '/home/parallels/source_code/ECE_527_MP/mp4/Mat_mult/solution1/sim/wrapc'
clang: warning: argument unused during compilation: '-fno-builtin-isinf'
clang: warning: argument unused during compilation: '-fno-builtin-isnan'
@I [APCC-1] APCC is done.
   Compiling(apcc) matrixmath_test.c_pre.c.tb.c
@I [HLS-10] Running '/opt/Xilinx/Vivado_HLS/2015.1/bin/unwrapped/lnx64.o/apcc'
            for user 'root' on host 'ubuntu' (Linux_x86_64 version 3.13.0-66-generic) on Wed Oct 21 12:23:01 CDT 2015
            in directory '/home/parallels/source_code/ECE_527_MP/mp4/Mat_mult/solution1/sim/wrapc'
clang: warning: argument unused during compilation: '-fno-builtin-isinf'
clang: warning: argument unused during compilation: '-fno-builtin-isnan'
@I [APCC-1] APCC is done.
   Generating cosim.tv.exe
@I [SIM-302] Starting C TB testing ... 
@I [SIM-333] Generating C post check test bench ...
@I [SIM-12] Generating RTL test bench ...
@I [SIM-323] Starting verilog simulation. 
@I [SIM-15] Starting XSIM ...
