Copyright 1986-2015 Xilinx, Inc. All Rights Reserved.
------------------------------------------------------------------------------------
| Tool Version : Vivado v.2015.1 (win64) Build 1215546 Mon Apr 27 19:22:08 MDT 2015
| Date         : Fri Oct 30 15:01:06 2015
| Host         : zombie running 64-bit Service Pack 1  (build 7601)
| Command      : report_drc
------------------------------------------------------------------------------------

Report DRC

Table of Contents
-----------------
1. REPORT SUMMARY
2. REPORT DETAILS

1. REPORT SUMMARY
-----------------
            Netlist: netlist
          Floorplan: checkpoint_DCT
      Design limits: <entire design considered>
           Ruledeck: default
             Max violations: <unlimited>
             Violations found: 161

2. REPORT DETAILS
-----------------
DPIP-1#1 Warning
Input pipelining  
DSP DCT_MAT_Multiply_1_U0/DCT_MAT_Multiply_1_Loop_Row_proc_U0/DCT_fadd_32ns_32ns_32_5_full_dsp_U183/DCT_ap_fadd_3_full_dsp_32_u/U0/i_synth/ADDSUB_OP.ADDSUB/SPEED_OP.DSP.OP/DSP48E1_BODY.ALIGN_ADD/DSP2/DSP input A B C is not pipelined. Pipelining DSP48 input will improve performance.
Related violations: <none>

DPIP-1#2 Warning
Input pipelining  
DSP DCT_MAT_Multiply_1_U0/DCT_MAT_Multiply_1_Loop_Row_proc_U0/DCT_fadd_32ns_32ns_32_5_full_dsp_U183/DCT_ap_fadd_3_full_dsp_32_u/U0/i_synth/ADDSUB_OP.ADDSUB/SPEED_OP.DSP.OP/DSP48E1_BODY.NORM_RND/SHIFT_RND/DSP input C is not pipelined. Pipelining DSP48 input will improve performance.
Related violations: <none>

DPIP-1#3 Warning
Input pipelining  
DSP DCT_MAT_Multiply_1_U0/DCT_MAT_Multiply_1_Loop_Row_proc_U0/DCT_fadd_32ns_32ns_32_5_full_dsp_U184/DCT_ap_fadd_3_full_dsp_32_u/U0/i_synth/ADDSUB_OP.ADDSUB/SPEED_OP.DSP.OP/DSP48E1_BODY.ALIGN_ADD/DSP2/DSP input A B C is not pipelined. Pipelining DSP48 input will improve performance.
Related violations: <none>

DPIP-1#4 Warning
Input pipelining  
DSP DCT_MAT_Multiply_1_U0/DCT_MAT_Multiply_1_Loop_Row_proc_U0/DCT_fadd_32ns_32ns_32_5_full_dsp_U184/DCT_ap_fadd_3_full_dsp_32_u/U0/i_synth/ADDSUB_OP.ADDSUB/SPEED_OP.DSP.OP/DSP48E1_BODY.NORM_RND/SHIFT_RND/DSP input C is not pipelined. Pipelining DSP48 input will improve performance.
Related violations: <none>

DPIP-1#5 Warning
Input pipelining  
DSP DCT_MAT_Multiply_1_U0/DCT_MAT_Multiply_1_Loop_Row_proc_U0/DCT_fmul_32ns_32ns_32_4_max_dsp_U185/DCT_ap_fmul_2_max_dsp_32_u/U0/i_synth/MULT.OP/MULT/DSP48E1_SPD_SGL_VARIANT.FIX_MULT/DSP1/DSP input A B is not pipelined. Pipelining DSP48 input will improve performance.
Related violations: <none>

DPIP-1#6 Warning
Input pipelining  
DSP DCT_MAT_Multiply_1_U0/DCT_MAT_Multiply_1_Loop_Row_proc_U0/DCT_fmul_32ns_32ns_32_4_max_dsp_U185/DCT_ap_fmul_2_max_dsp_32_u/U0/i_synth/MULT.OP/MULT/DSP48E1_SPD_SGL_VARIANT.FIX_MULT/DSP2/DSP input B is not pipelined. Pipelining DSP48 input will improve performance.
Related violations: <none>

DPIP-1#7 Warning
Input pipelining  
DSP DCT_MAT_Multiply_1_U0/DCT_MAT_Multiply_1_Loop_Row_proc_U0/DCT_fmul_32ns_32ns_32_4_max_dsp_U185/DCT_ap_fmul_2_max_dsp_32_u/U0/i_synth/MULT.OP/R_AND_R/LAT_OPT.FULL.R_AND_R/DSP48E1_SGL_EXP_IP.OLD_ADD.ADD/DSP input A C is not pipelined. Pipelining DSP48 input will improve performance.
Related violations: <none>

DPIP-1#8 Warning
Input pipelining  
DSP DCT_MAT_Multiply_1_U0/DCT_MAT_Multiply_1_Loop_Row_proc_U0/DCT_fmul_32ns_32ns_32_4_max_dsp_U186/DCT_ap_fmul_2_max_dsp_32_u/U0/i_synth/MULT.OP/MULT/DSP48E1_SPD_SGL_VARIANT.FIX_MULT/DSP1/DSP input A B is not pipelined. Pipelining DSP48 input will improve performance.
Related violations: <none>

DPIP-1#9 Warning
Input pipelining  
DSP DCT_MAT_Multiply_1_U0/DCT_MAT_Multiply_1_Loop_Row_proc_U0/DCT_fmul_32ns_32ns_32_4_max_dsp_U186/DCT_ap_fmul_2_max_dsp_32_u/U0/i_synth/MULT.OP/MULT/DSP48E1_SPD_SGL_VARIANT.FIX_MULT/DSP2/DSP input B is not pipelined. Pipelining DSP48 input will improve performance.
Related violations: <none>

DPIP-1#10 Warning
Input pipelining  
DSP DCT_MAT_Multiply_1_U0/DCT_MAT_Multiply_1_Loop_Row_proc_U0/DCT_fmul_32ns_32ns_32_4_max_dsp_U186/DCT_ap_fmul_2_max_dsp_32_u/U0/i_synth/MULT.OP/R_AND_R/LAT_OPT.FULL.R_AND_R/DSP48E1_SGL_EXP_IP.OLD_ADD.ADD/DSP input A C is not pipelined. Pipelining DSP48 input will improve performance.
Related violations: <none>

DPIP-1#11 Warning
Input pipelining  
DSP DCT_MAT_Multiply_U0/DCT_MAT_Multiply_Loop_Row_proc_U0/DCT_fadd_32ns_32ns_32_5_full_dsp_U10/DCT_ap_fadd_3_full_dsp_32_u/U0/i_synth/ADDSUB_OP.ADDSUB/SPEED_OP.DSP.OP/DSP48E1_BODY.ALIGN_ADD/DSP2/DSP input A B C is not pipelined. Pipelining DSP48 input will improve performance.
Related violations: <none>

DPIP-1#12 Warning
Input pipelining  
DSP DCT_MAT_Multiply_U0/DCT_MAT_Multiply_Loop_Row_proc_U0/DCT_fadd_32ns_32ns_32_5_full_dsp_U10/DCT_ap_fadd_3_full_dsp_32_u/U0/i_synth/ADDSUB_OP.ADDSUB/SPEED_OP.DSP.OP/DSP48E1_BODY.NORM_RND/SHIFT_RND/DSP input C is not pipelined. Pipelining DSP48 input will improve performance.
Related violations: <none>

DPIP-1#13 Warning
Input pipelining  
DSP DCT_MAT_Multiply_U0/DCT_MAT_Multiply_Loop_Row_proc_U0/DCT_fadd_32ns_32ns_32_5_full_dsp_U11/DCT_ap_fadd_3_full_dsp_32_u/U0/i_synth/ADDSUB_OP.ADDSUB/SPEED_OP.DSP.OP/DSP48E1_BODY.ALIGN_ADD/DSP2/DSP input A B C is not pipelined. Pipelining DSP48 input will improve performance.
Related violations: <none>

DPIP-1#14 Warning
Input pipelining  
DSP DCT_MAT_Multiply_U0/DCT_MAT_Multiply_Loop_Row_proc_U0/DCT_fadd_32ns_32ns_32_5_full_dsp_U11/DCT_ap_fadd_3_full_dsp_32_u/U0/i_synth/ADDSUB_OP.ADDSUB/SPEED_OP.DSP.OP/DSP48E1_BODY.NORM_RND/SHIFT_RND/DSP input C is not pipelined. Pipelining DSP48 input will improve performance.
Related violations: <none>

DPIP-1#15 Warning
Input pipelining  
DSP DCT_MAT_Multiply_U0/DCT_MAT_Multiply_Loop_Row_proc_U0/DCT_fadd_32ns_32ns_32_5_full_dsp_U12/DCT_ap_fadd_3_full_dsp_32_u/U0/i_synth/ADDSUB_OP.ADDSUB/SPEED_OP.DSP.OP/DSP48E1_BODY.ALIGN_ADD/DSP2/DSP input A B C is not pipelined. Pipelining DSP48 input will improve performance.
Related violations: <none>

DPIP-1#16 Warning
Input pipelining  
DSP DCT_MAT_Multiply_U0/DCT_MAT_Multiply_Loop_Row_proc_U0/DCT_fadd_32ns_32ns_32_5_full_dsp_U12/DCT_ap_fadd_3_full_dsp_32_u/U0/i_synth/ADDSUB_OP.ADDSUB/SPEED_OP.DSP.OP/DSP48E1_BODY.NORM_RND/SHIFT_RND/DSP input C is not pipelined. Pipelining DSP48 input will improve performance.
Related violations: <none>

DPIP-1#17 Warning
Input pipelining  
DSP DCT_MAT_Multiply_U0/DCT_MAT_Multiply_Loop_Row_proc_U0/DCT_fadd_32ns_32ns_32_5_full_dsp_U5/DCT_ap_fadd_3_full_dsp_32_u/U0/i_synth/ADDSUB_OP.ADDSUB/SPEED_OP.DSP.OP/DSP48E1_BODY.ALIGN_ADD/DSP2/DSP input A B C is not pipelined. Pipelining DSP48 input will improve performance.
Related violations: <none>

DPIP-1#18 Warning
Input pipelining  
DSP DCT_MAT_Multiply_U0/DCT_MAT_Multiply_Loop_Row_proc_U0/DCT_fadd_32ns_32ns_32_5_full_dsp_U5/DCT_ap_fadd_3_full_dsp_32_u/U0/i_synth/ADDSUB_OP.ADDSUB/SPEED_OP.DSP.OP/DSP48E1_BODY.NORM_RND/SHIFT_RND/DSP input C is not pipelined. Pipelining DSP48 input will improve performance.
Related violations: <none>

DPIP-1#19 Warning
Input pipelining  
DSP DCT_MAT_Multiply_U0/DCT_MAT_Multiply_Loop_Row_proc_U0/DCT_fadd_32ns_32ns_32_5_full_dsp_U6/DCT_ap_fadd_3_full_dsp_32_u/U0/i_synth/ADDSUB_OP.ADDSUB/SPEED_OP.DSP.OP/DSP48E1_BODY.ALIGN_ADD/DSP2/DSP input A B C is not pipelined. Pipelining DSP48 input will improve performance.
Related violations: <none>

DPIP-1#20 Warning
Input pipelining  
DSP DCT_MAT_Multiply_U0/DCT_MAT_Multiply_Loop_Row_proc_U0/DCT_fadd_32ns_32ns_32_5_full_dsp_U6/DCT_ap_fadd_3_full_dsp_32_u/U0/i_synth/ADDSUB_OP.ADDSUB/SPEED_OP.DSP.OP/DSP48E1_BODY.NORM_RND/SHIFT_RND/DSP input C is not pipelined. Pipelining DSP48 input will improve performance.
Related violations: <none>

DPIP-1#21 Warning
Input pipelining  
DSP DCT_MAT_Multiply_U0/DCT_MAT_Multiply_Loop_Row_proc_U0/DCT_fadd_32ns_32ns_32_5_full_dsp_U7/DCT_ap_fadd_3_full_dsp_32_u/U0/i_synth/ADDSUB_OP.ADDSUB/SPEED_OP.DSP.OP/DSP48E1_BODY.ALIGN_ADD/DSP2/DSP input A B C is not pipelined. Pipelining DSP48 input will improve performance.
Related violations: <none>

DPIP-1#22 Warning
Input pipelining  
DSP DCT_MAT_Multiply_U0/DCT_MAT_Multiply_Loop_Row_proc_U0/DCT_fadd_32ns_32ns_32_5_full_dsp_U7/DCT_ap_fadd_3_full_dsp_32_u/U0/i_synth/ADDSUB_OP.ADDSUB/SPEED_OP.DSP.OP/DSP48E1_BODY.NORM_RND/SHIFT_RND/DSP input C is not pipelined. Pipelining DSP48 input will improve performance.
Related violations: <none>

DPIP-1#23 Warning
Input pipelining  
DSP DCT_MAT_Multiply_U0/DCT_MAT_Multiply_Loop_Row_proc_U0/DCT_fadd_32ns_32ns_32_5_full_dsp_U8/DCT_ap_fadd_3_full_dsp_32_u/U0/i_synth/ADDSUB_OP.ADDSUB/SPEED_OP.DSP.OP/DSP48E1_BODY.ALIGN_ADD/DSP2/DSP input A B C is not pipelined. Pipelining DSP48 input will improve performance.
Related violations: <none>

DPIP-1#24 Warning
Input pipelining  
DSP DCT_MAT_Multiply_U0/DCT_MAT_Multiply_Loop_Row_proc_U0/DCT_fadd_32ns_32ns_32_5_full_dsp_U8/DCT_ap_fadd_3_full_dsp_32_u/U0/i_synth/ADDSUB_OP.ADDSUB/SPEED_OP.DSP.OP/DSP48E1_BODY.NORM_RND/SHIFT_RND/DSP input C is not pipelined. Pipelining DSP48 input will improve performance.
Related violations: <none>

DPIP-1#25 Warning
Input pipelining  
DSP DCT_MAT_Multiply_U0/DCT_MAT_Multiply_Loop_Row_proc_U0/DCT_fadd_32ns_32ns_32_5_full_dsp_U9/DCT_ap_fadd_3_full_dsp_32_u/U0/i_synth/ADDSUB_OP.ADDSUB/SPEED_OP.DSP.OP/DSP48E1_BODY.ALIGN_ADD/DSP2/DSP input A B C is not pipelined. Pipelining DSP48 input will improve performance.
Related violations: <none>

DPIP-1#26 Warning
Input pipelining  
DSP DCT_MAT_Multiply_U0/DCT_MAT_Multiply_Loop_Row_proc_U0/DCT_fadd_32ns_32ns_32_5_full_dsp_U9/DCT_ap_fadd_3_full_dsp_32_u/U0/i_synth/ADDSUB_OP.ADDSUB/SPEED_OP.DSP.OP/DSP48E1_BODY.NORM_RND/SHIFT_RND/DSP input C is not pipelined. Pipelining DSP48 input will improve performance.
Related violations: <none>

DPIP-1#27 Warning
Input pipelining  
DSP DCT_MAT_Multiply_U0/DCT_MAT_Multiply_Loop_Row_proc_U0/DCT_fmul_32ns_32ns_32_4_max_dsp_U13/DCT_ap_fmul_2_max_dsp_32_u/U0/i_synth/MULT.OP/MULT/DSP48E1_SPD_SGL_VARIANT.FIX_MULT/DSP1/DSP input A B is not pipelined. Pipelining DSP48 input will improve performance.
Related violations: <none>

DPIP-1#28 Warning
Input pipelining  
DSP DCT_MAT_Multiply_U0/DCT_MAT_Multiply_Loop_Row_proc_U0/DCT_fmul_32ns_32ns_32_4_max_dsp_U13/DCT_ap_fmul_2_max_dsp_32_u/U0/i_synth/MULT.OP/MULT/DSP48E1_SPD_SGL_VARIANT.FIX_MULT/DSP2/DSP input B is not pipelined. Pipelining DSP48 input will improve performance.
Related violations: <none>

DPIP-1#29 Warning
Input pipelining  
DSP DCT_MAT_Multiply_U0/DCT_MAT_Multiply_Loop_Row_proc_U0/DCT_fmul_32ns_32ns_32_4_max_dsp_U13/DCT_ap_fmul_2_max_dsp_32_u/U0/i_synth/MULT.OP/R_AND_R/LAT_OPT.FULL.R_AND_R/DSP48E1_SGL_EXP_IP.OLD_ADD.ADD/DSP input A C is not pipelined. Pipelining DSP48 input will improve performance.
Related violations: <none>

DPIP-1#30 Warning
Input pipelining  
DSP DCT_MAT_Multiply_U0/DCT_MAT_Multiply_Loop_Row_proc_U0/DCT_fmul_32ns_32ns_32_4_max_dsp_U14/DCT_ap_fmul_2_max_dsp_32_u/U0/i_synth/MULT.OP/MULT/DSP48E1_SPD_SGL_VARIANT.FIX_MULT/DSP1/DSP input A B is not pipelined. Pipelining DSP48 input will improve performance.
Related violations: <none>

DPIP-1#31 Warning
Input pipelining  
DSP DCT_MAT_Multiply_U0/DCT_MAT_Multiply_Loop_Row_proc_U0/DCT_fmul_32ns_32ns_32_4_max_dsp_U14/DCT_ap_fmul_2_max_dsp_32_u/U0/i_synth/MULT.OP/MULT/DSP48E1_SPD_SGL_VARIANT.FIX_MULT/DSP2/DSP input B is not pipelined. Pipelining DSP48 input will improve performance.
Related violations: <none>

DPIP-1#32 Warning
Input pipelining  
DSP DCT_MAT_Multiply_U0/DCT_MAT_Multiply_Loop_Row_proc_U0/DCT_fmul_32ns_32ns_32_4_max_dsp_U14/DCT_ap_fmul_2_max_dsp_32_u/U0/i_synth/MULT.OP/R_AND_R/LAT_OPT.FULL.R_AND_R/DSP48E1_SGL_EXP_IP.OLD_ADD.ADD/DSP input A C is not pipelined. Pipelining DSP48 input will improve performance.
Related violations: <none>

DPIP-1#33 Warning
Input pipelining  
DSP DCT_MAT_Multiply_U0/DCT_MAT_Multiply_Loop_Row_proc_U0/DCT_fmul_32ns_32ns_32_4_max_dsp_U15/DCT_ap_fmul_2_max_dsp_32_u/U0/i_synth/MULT.OP/MULT/DSP48E1_SPD_SGL_VARIANT.FIX_MULT/DSP1/DSP input A B is not pipelined. Pipelining DSP48 input will improve performance.
Related violations: <none>

DPIP-1#34 Warning
Input pipelining  
DSP DCT_MAT_Multiply_U0/DCT_MAT_Multiply_Loop_Row_proc_U0/DCT_fmul_32ns_32ns_32_4_max_dsp_U15/DCT_ap_fmul_2_max_dsp_32_u/U0/i_synth/MULT.OP/MULT/DSP48E1_SPD_SGL_VARIANT.FIX_MULT/DSP2/DSP input B is not pipelined. Pipelining DSP48 input will improve performance.
Related violations: <none>

DPIP-1#35 Warning
Input pipelining  
DSP DCT_MAT_Multiply_U0/DCT_MAT_Multiply_Loop_Row_proc_U0/DCT_fmul_32ns_32ns_32_4_max_dsp_U15/DCT_ap_fmul_2_max_dsp_32_u/U0/i_synth/MULT.OP/R_AND_R/LAT_OPT.FULL.R_AND_R/DSP48E1_SGL_EXP_IP.OLD_ADD.ADD/DSP input A C is not pipelined. Pipelining DSP48 input will improve performance.
Related violations: <none>

DPIP-1#36 Warning
Input pipelining  
DSP DCT_MAT_Multiply_U0/DCT_MAT_Multiply_Loop_Row_proc_U0/DCT_fmul_32ns_32ns_32_4_max_dsp_U16/DCT_ap_fmul_2_max_dsp_32_u/U0/i_synth/MULT.OP/MULT/DSP48E1_SPD_SGL_VARIANT.FIX_MULT/DSP1/DSP input A B is not pipelined. Pipelining DSP48 input will improve performance.
Related violations: <none>

DPIP-1#37 Warning
Input pipelining  
DSP DCT_MAT_Multiply_U0/DCT_MAT_Multiply_Loop_Row_proc_U0/DCT_fmul_32ns_32ns_32_4_max_dsp_U16/DCT_ap_fmul_2_max_dsp_32_u/U0/i_synth/MULT.OP/MULT/DSP48E1_SPD_SGL_VARIANT.FIX_MULT/DSP2/DSP input B is not pipelined. Pipelining DSP48 input will improve performance.
Related violations: <none>

DPIP-1#38 Warning
Input pipelining  
DSP DCT_MAT_Multiply_U0/DCT_MAT_Multiply_Loop_Row_proc_U0/DCT_fmul_32ns_32ns_32_4_max_dsp_U16/DCT_ap_fmul_2_max_dsp_32_u/U0/i_synth/MULT.OP/R_AND_R/LAT_OPT.FULL.R_AND_R/DSP48E1_SGL_EXP_IP.OLD_ADD.ADD/DSP input A C is not pipelined. Pipelining DSP48 input will improve performance.
Related violations: <none>

DPIP-1#39 Warning
Input pipelining  
DSP DCT_MAT_Multiply_U0/DCT_MAT_Multiply_Loop_Row_proc_U0/DCT_fmul_32ns_32ns_32_4_max_dsp_U17/DCT_ap_fmul_2_max_dsp_32_u/U0/i_synth/MULT.OP/MULT/DSP48E1_SPD_SGL_VARIANT.FIX_MULT/DSP1/DSP input A B is not pipelined. Pipelining DSP48 input will improve performance.
Related violations: <none>

DPIP-1#40 Warning
Input pipelining  
DSP DCT_MAT_Multiply_U0/DCT_MAT_Multiply_Loop_Row_proc_U0/DCT_fmul_32ns_32ns_32_4_max_dsp_U17/DCT_ap_fmul_2_max_dsp_32_u/U0/i_synth/MULT.OP/MULT/DSP48E1_SPD_SGL_VARIANT.FIX_MULT/DSP2/DSP input B is not pipelined. Pipelining DSP48 input will improve performance.
Related violations: <none>

DPIP-1#41 Warning
Input pipelining  
DSP DCT_MAT_Multiply_U0/DCT_MAT_Multiply_Loop_Row_proc_U0/DCT_fmul_32ns_32ns_32_4_max_dsp_U17/DCT_ap_fmul_2_max_dsp_32_u/U0/i_synth/MULT.OP/R_AND_R/LAT_OPT.FULL.R_AND_R/DSP48E1_SGL_EXP_IP.OLD_ADD.ADD/DSP input A C is not pipelined. Pipelining DSP48 input will improve performance.
Related violations: <none>

DPIP-1#42 Warning
Input pipelining  
DSP DCT_MAT_Multiply_U0/DCT_MAT_Multiply_Loop_Row_proc_U0/DCT_fmul_32ns_32ns_32_4_max_dsp_U18/DCT_ap_fmul_2_max_dsp_32_u/U0/i_synth/MULT.OP/MULT/DSP48E1_SPD_SGL_VARIANT.FIX_MULT/DSP1/DSP input A B is not pipelined. Pipelining DSP48 input will improve performance.
Related violations: <none>

DPIP-1#43 Warning
Input pipelining  
DSP DCT_MAT_Multiply_U0/DCT_MAT_Multiply_Loop_Row_proc_U0/DCT_fmul_32ns_32ns_32_4_max_dsp_U18/DCT_ap_fmul_2_max_dsp_32_u/U0/i_synth/MULT.OP/MULT/DSP48E1_SPD_SGL_VARIANT.FIX_MULT/DSP2/DSP input B is not pipelined. Pipelining DSP48 input will improve performance.
Related violations: <none>

DPIP-1#44 Warning
Input pipelining  
DSP DCT_MAT_Multiply_U0/DCT_MAT_Multiply_Loop_Row_proc_U0/DCT_fmul_32ns_32ns_32_4_max_dsp_U18/DCT_ap_fmul_2_max_dsp_32_u/U0/i_synth/MULT.OP/R_AND_R/LAT_OPT.FULL.R_AND_R/DSP48E1_SGL_EXP_IP.OLD_ADD.ADD/DSP input A C is not pipelined. Pipelining DSP48 input will improve performance.
Related violations: <none>

DPIP-1#45 Warning
Input pipelining  
DSP DCT_MAT_Multiply_U0/DCT_MAT_Multiply_Loop_Row_proc_U0/DCT_fmul_32ns_32ns_32_4_max_dsp_U19/DCT_ap_fmul_2_max_dsp_32_u/U0/i_synth/MULT.OP/MULT/DSP48E1_SPD_SGL_VARIANT.FIX_MULT/DSP1/DSP input A B is not pipelined. Pipelining DSP48 input will improve performance.
Related violations: <none>

DPIP-1#46 Warning
Input pipelining  
DSP DCT_MAT_Multiply_U0/DCT_MAT_Multiply_Loop_Row_proc_U0/DCT_fmul_32ns_32ns_32_4_max_dsp_U19/DCT_ap_fmul_2_max_dsp_32_u/U0/i_synth/MULT.OP/MULT/DSP48E1_SPD_SGL_VARIANT.FIX_MULT/DSP2/DSP input B is not pipelined. Pipelining DSP48 input will improve performance.
Related violations: <none>

DPIP-1#47 Warning
Input pipelining  
DSP DCT_MAT_Multiply_U0/DCT_MAT_Multiply_Loop_Row_proc_U0/DCT_fmul_32ns_32ns_32_4_max_dsp_U19/DCT_ap_fmul_2_max_dsp_32_u/U0/i_synth/MULT.OP/R_AND_R/LAT_OPT.FULL.R_AND_R/DSP48E1_SGL_EXP_IP.OLD_ADD.ADD/DSP input A C is not pipelined. Pipelining DSP48 input will improve performance.
Related violations: <none>

DPIP-1#48 Warning
Input pipelining  
DSP DCT_MAT_Multiply_U0/DCT_MAT_Multiply_Loop_Row_proc_U0/DCT_fmul_32ns_32ns_32_4_max_dsp_U20/DCT_ap_fmul_2_max_dsp_32_u/U0/i_synth/MULT.OP/MULT/DSP48E1_SPD_SGL_VARIANT.FIX_MULT/DSP1/DSP input A B is not pipelined. Pipelining DSP48 input will improve performance.
Related violations: <none>

DPIP-1#49 Warning
Input pipelining  
DSP DCT_MAT_Multiply_U0/DCT_MAT_Multiply_Loop_Row_proc_U0/DCT_fmul_32ns_32ns_32_4_max_dsp_U20/DCT_ap_fmul_2_max_dsp_32_u/U0/i_synth/MULT.OP/MULT/DSP48E1_SPD_SGL_VARIANT.FIX_MULT/DSP2/DSP input B is not pipelined. Pipelining DSP48 input will improve performance.
Related violations: <none>

DPIP-1#50 Warning
Input pipelining  
DSP DCT_MAT_Multiply_U0/DCT_MAT_Multiply_Loop_Row_proc_U0/DCT_fmul_32ns_32ns_32_4_max_dsp_U20/DCT_ap_fmul_2_max_dsp_32_u/U0/i_synth/MULT.OP/R_AND_R/LAT_OPT.FULL.R_AND_R/DSP48E1_SGL_EXP_IP.OLD_ADD.ADD/DSP input A C is not pipelined. Pipelining DSP48 input will improve performance.
Related violations: <none>

DPOP-1#1 Warning
Output pipelining  
DSP DCT_MAT_Multiply_1_U0/DCT_MAT_Multiply_1_Loop_Row_proc_U0/DCT_fadd_32ns_32ns_32_5_full_dsp_U183/DCT_ap_fadd_3_full_dsp_32_u/U0/i_synth/ADDSUB_OP.ADDSUB/SPEED_OP.DSP.OP/DSP48E1_BODY.ALIGN_ADD/DSP2/DSP output P is not pipelined. Pipelining DSP48 output will improve performance. Both multiplier/adder output can be pipelined.
Related violations: <none>

DPOP-1#2 Warning
Output pipelining  
DSP DCT_MAT_Multiply_1_U0/DCT_MAT_Multiply_1_Loop_Row_proc_U0/DCT_fadd_32ns_32ns_32_5_full_dsp_U183/DCT_ap_fadd_3_full_dsp_32_u/U0/i_synth/ADDSUB_OP.ADDSUB/SPEED_OP.DSP.OP/DSP48E1_BODY.NORM_RND/SHIFT_RND/DSP output P is not pipelined. Pipelining DSP48 output will improve performance. Both multiplier/adder output can be pipelined.
Related violations: <none>

DPOP-1#3 Warning
Output pipelining  
DSP DCT_MAT_Multiply_1_U0/DCT_MAT_Multiply_1_Loop_Row_proc_U0/DCT_fadd_32ns_32ns_32_5_full_dsp_U184/DCT_ap_fadd_3_full_dsp_32_u/U0/i_synth/ADDSUB_OP.ADDSUB/SPEED_OP.DSP.OP/DSP48E1_BODY.ALIGN_ADD/DSP2/DSP output P is not pipelined. Pipelining DSP48 output will improve performance. Both multiplier/adder output can be pipelined.
Related violations: <none>

DPOP-1#4 Warning
Output pipelining  
DSP DCT_MAT_Multiply_1_U0/DCT_MAT_Multiply_1_Loop_Row_proc_U0/DCT_fadd_32ns_32ns_32_5_full_dsp_U184/DCT_ap_fadd_3_full_dsp_32_u/U0/i_synth/ADDSUB_OP.ADDSUB/SPEED_OP.DSP.OP/DSP48E1_BODY.NORM_RND/SHIFT_RND/DSP output P is not pipelined. Pipelining DSP48 output will improve performance. Both multiplier/adder output can be pipelined.
Related violations: <none>

DPOP-1#5 Warning
Output pipelining  
DSP DCT_MAT_Multiply_1_U0/DCT_MAT_Multiply_1_Loop_Row_proc_U0/DCT_fmul_32ns_32ns_32_4_max_dsp_U185/DCT_ap_fmul_2_max_dsp_32_u/U0/i_synth/MULT.OP/MULT/DSP48E1_SPD_SGL_VARIANT.FIX_MULT/DSP1/DSP output P is not pipelined. Pipelining DSP48 output will improve performance. Both multiplier/adder output can be pipelined.
Related violations: <none>

DPOP-1#6 Warning
Output pipelining  
DSP DCT_MAT_Multiply_1_U0/DCT_MAT_Multiply_1_Loop_Row_proc_U0/DCT_fmul_32ns_32ns_32_4_max_dsp_U185/DCT_ap_fmul_2_max_dsp_32_u/U0/i_synth/MULT.OP/MULT/DSP48E1_SPD_SGL_VARIANT.FIX_MULT/DSP2/DSP output P is not pipelined. Pipelining DSP48 output will improve performance. Both multiplier/adder output can be pipelined.
Related violations: <none>

DPOP-1#7 Warning
Output pipelining  
DSP DCT_MAT_Multiply_1_U0/DCT_MAT_Multiply_1_Loop_Row_proc_U0/DCT_fmul_32ns_32ns_32_4_max_dsp_U185/DCT_ap_fmul_2_max_dsp_32_u/U0/i_synth/MULT.OP/R_AND_R/LAT_OPT.FULL.R_AND_R/DSP48E1_SGL_EXP_IP.OLD_ADD.ADD/DSP output P is not pipelined. Pipelining DSP48 output will improve performance. Both multiplier/adder output can be pipelined.
Related violations: <none>

DPOP-1#8 Warning
Output pipelining  
DSP DCT_MAT_Multiply_1_U0/DCT_MAT_Multiply_1_Loop_Row_proc_U0/DCT_fmul_32ns_32ns_32_4_max_dsp_U186/DCT_ap_fmul_2_max_dsp_32_u/U0/i_synth/MULT.OP/MULT/DSP48E1_SPD_SGL_VARIANT.FIX_MULT/DSP1/DSP output P is not pipelined. Pipelining DSP48 output will improve performance. Both multiplier/adder output can be pipelined.
Related violations: <none>

DPOP-1#9 Warning
Output pipelining  
DSP DCT_MAT_Multiply_1_U0/DCT_MAT_Multiply_1_Loop_Row_proc_U0/DCT_fmul_32ns_32ns_32_4_max_dsp_U186/DCT_ap_fmul_2_max_dsp_32_u/U0/i_synth/MULT.OP/MULT/DSP48E1_SPD_SGL_VARIANT.FIX_MULT/DSP2/DSP output P is not pipelined. Pipelining DSP48 output will improve performance. Both multiplier/adder output can be pipelined.
Related violations: <none>

DPOP-1#10 Warning
Output pipelining  
DSP DCT_MAT_Multiply_1_U0/DCT_MAT_Multiply_1_Loop_Row_proc_U0/DCT_fmul_32ns_32ns_32_4_max_dsp_U186/DCT_ap_fmul_2_max_dsp_32_u/U0/i_synth/MULT.OP/R_AND_R/LAT_OPT.FULL.R_AND_R/DSP48E1_SGL_EXP_IP.OLD_ADD.ADD/DSP output P is not pipelined. Pipelining DSP48 output will improve performance. Both multiplier/adder output can be pipelined.
Related violations: <none>

DPOP-1#11 Warning
Output pipelining  
DSP DCT_MAT_Multiply_U0/DCT_MAT_Multiply_Loop_Row_proc_U0/DCT_fadd_32ns_32ns_32_5_full_dsp_U10/DCT_ap_fadd_3_full_dsp_32_u/U0/i_synth/ADDSUB_OP.ADDSUB/SPEED_OP.DSP.OP/DSP48E1_BODY.ALIGN_ADD/DSP2/DSP output P is not pipelined. Pipelining DSP48 output will improve performance. Both multiplier/adder output can be pipelined.
Related violations: <none>

DPOP-1#12 Warning
Output pipelining  
DSP DCT_MAT_Multiply_U0/DCT_MAT_Multiply_Loop_Row_proc_U0/DCT_fadd_32ns_32ns_32_5_full_dsp_U10/DCT_ap_fadd_3_full_dsp_32_u/U0/i_synth/ADDSUB_OP.ADDSUB/SPEED_OP.DSP.OP/DSP48E1_BODY.NORM_RND/SHIFT_RND/DSP output P is not pipelined. Pipelining DSP48 output will improve performance. Both multiplier/adder output can be pipelined.
Related violations: <none>

DPOP-1#13 Warning
Output pipelining  
DSP DCT_MAT_Multiply_U0/DCT_MAT_Multiply_Loop_Row_proc_U0/DCT_fadd_32ns_32ns_32_5_full_dsp_U11/DCT_ap_fadd_3_full_dsp_32_u/U0/i_synth/ADDSUB_OP.ADDSUB/SPEED_OP.DSP.OP/DSP48E1_BODY.ALIGN_ADD/DSP2/DSP output P is not pipelined. Pipelining DSP48 output will improve performance. Both multiplier/adder output can be pipelined.
Related violations: <none>

DPOP-1#14 Warning
Output pipelining  
DSP DCT_MAT_Multiply_U0/DCT_MAT_Multiply_Loop_Row_proc_U0/DCT_fadd_32ns_32ns_32_5_full_dsp_U11/DCT_ap_fadd_3_full_dsp_32_u/U0/i_synth/ADDSUB_OP.ADDSUB/SPEED_OP.DSP.OP/DSP48E1_BODY.NORM_RND/SHIFT_RND/DSP output P is not pipelined. Pipelining DSP48 output will improve performance. Both multiplier/adder output can be pipelined.
Related violations: <none>

DPOP-1#15 Warning
Output pipelining  
DSP DCT_MAT_Multiply_U0/DCT_MAT_Multiply_Loop_Row_proc_U0/DCT_fadd_32ns_32ns_32_5_full_dsp_U12/DCT_ap_fadd_3_full_dsp_32_u/U0/i_synth/ADDSUB_OP.ADDSUB/SPEED_OP.DSP.OP/DSP48E1_BODY.ALIGN_ADD/DSP2/DSP output P is not pipelined. Pipelining DSP48 output will improve performance. Both multiplier/adder output can be pipelined.
Related violations: <none>

DPOP-1#16 Warning
Output pipelining  
DSP DCT_MAT_Multiply_U0/DCT_MAT_Multiply_Loop_Row_proc_U0/DCT_fadd_32ns_32ns_32_5_full_dsp_U12/DCT_ap_fadd_3_full_dsp_32_u/U0/i_synth/ADDSUB_OP.ADDSUB/SPEED_OP.DSP.OP/DSP48E1_BODY.NORM_RND/SHIFT_RND/DSP output P is not pipelined. Pipelining DSP48 output will improve performance. Both multiplier/adder output can be pipelined.
Related violations: <none>

DPOP-1#17 Warning
Output pipelining  
DSP DCT_MAT_Multiply_U0/DCT_MAT_Multiply_Loop_Row_proc_U0/DCT_fadd_32ns_32ns_32_5_full_dsp_U5/DCT_ap_fadd_3_full_dsp_32_u/U0/i_synth/ADDSUB_OP.ADDSUB/SPEED_OP.DSP.OP/DSP48E1_BODY.ALIGN_ADD/DSP2/DSP output P is not pipelined. Pipelining DSP48 output will improve performance. Both multiplier/adder output can be pipelined.
Related violations: <none>

DPOP-1#18 Warning
Output pipelining  
DSP DCT_MAT_Multiply_U0/DCT_MAT_Multiply_Loop_Row_proc_U0/DCT_fadd_32ns_32ns_32_5_full_dsp_U5/DCT_ap_fadd_3_full_dsp_32_u/U0/i_synth/ADDSUB_OP.ADDSUB/SPEED_OP.DSP.OP/DSP48E1_BODY.NORM_RND/SHIFT_RND/DSP output P is not pipelined. Pipelining DSP48 output will improve performance. Both multiplier/adder output can be pipelined.
Related violations: <none>

DPOP-1#19 Warning
Output pipelining  
DSP DCT_MAT_Multiply_U0/DCT_MAT_Multiply_Loop_Row_proc_U0/DCT_fadd_32ns_32ns_32_5_full_dsp_U6/DCT_ap_fadd_3_full_dsp_32_u/U0/i_synth/ADDSUB_OP.ADDSUB/SPEED_OP.DSP.OP/DSP48E1_BODY.ALIGN_ADD/DSP2/DSP output P is not pipelined. Pipelining DSP48 output will improve performance. Both multiplier/adder output can be pipelined.
Related violations: <none>

DPOP-1#20 Warning
Output pipelining  
DSP DCT_MAT_Multiply_U0/DCT_MAT_Multiply_Loop_Row_proc_U0/DCT_fadd_32ns_32ns_32_5_full_dsp_U6/DCT_ap_fadd_3_full_dsp_32_u/U0/i_synth/ADDSUB_OP.ADDSUB/SPEED_OP.DSP.OP/DSP48E1_BODY.NORM_RND/SHIFT_RND/DSP output P is not pipelined. Pipelining DSP48 output will improve performance. Both multiplier/adder output can be pipelined.
Related violations: <none>

DPOP-1#21 Warning
Output pipelining  
DSP DCT_MAT_Multiply_U0/DCT_MAT_Multiply_Loop_Row_proc_U0/DCT_fadd_32ns_32ns_32_5_full_dsp_U7/DCT_ap_fadd_3_full_dsp_32_u/U0/i_synth/ADDSUB_OP.ADDSUB/SPEED_OP.DSP.OP/DSP48E1_BODY.ALIGN_ADD/DSP2/DSP output P is not pipelined. Pipelining DSP48 output will improve performance. Both multiplier/adder output can be pipelined.
Related violations: <none>

DPOP-1#22 Warning
Output pipelining  
DSP DCT_MAT_Multiply_U0/DCT_MAT_Multiply_Loop_Row_proc_U0/DCT_fadd_32ns_32ns_32_5_full_dsp_U7/DCT_ap_fadd_3_full_dsp_32_u/U0/i_synth/ADDSUB_OP.ADDSUB/SPEED_OP.DSP.OP/DSP48E1_BODY.NORM_RND/SHIFT_RND/DSP output P is not pipelined. Pipelining DSP48 output will improve performance. Both multiplier/adder output can be pipelined.
Related violations: <none>

DPOP-1#23 Warning
Output pipelining  
DSP DCT_MAT_Multiply_U0/DCT_MAT_Multiply_Loop_Row_proc_U0/DCT_fadd_32ns_32ns_32_5_full_dsp_U8/DCT_ap_fadd_3_full_dsp_32_u/U0/i_synth/ADDSUB_OP.ADDSUB/SPEED_OP.DSP.OP/DSP48E1_BODY.ALIGN_ADD/DSP2/DSP output P is not pipelined. Pipelining DSP48 output will improve performance. Both multiplier/adder output can be pipelined.
Related violations: <none>

DPOP-1#24 Warning
Output pipelining  
DSP DCT_MAT_Multiply_U0/DCT_MAT_Multiply_Loop_Row_proc_U0/DCT_fadd_32ns_32ns_32_5_full_dsp_U8/DCT_ap_fadd_3_full_dsp_32_u/U0/i_synth/ADDSUB_OP.ADDSUB/SPEED_OP.DSP.OP/DSP48E1_BODY.NORM_RND/SHIFT_RND/DSP output P is not pipelined. Pipelining DSP48 output will improve performance. Both multiplier/adder output can be pipelined.
Related violations: <none>

DPOP-1#25 Warning
Output pipelining  
DSP DCT_MAT_Multiply_U0/DCT_MAT_Multiply_Loop_Row_proc_U0/DCT_fadd_32ns_32ns_32_5_full_dsp_U9/DCT_ap_fadd_3_full_dsp_32_u/U0/i_synth/ADDSUB_OP.ADDSUB/SPEED_OP.DSP.OP/DSP48E1_BODY.ALIGN_ADD/DSP2/DSP output P is not pipelined. Pipelining DSP48 output will improve performance. Both multiplier/adder output can be pipelined.
Related violations: <none>

DPOP-1#26 Warning
Output pipelining  
DSP DCT_MAT_Multiply_U0/DCT_MAT_Multiply_Loop_Row_proc_U0/DCT_fadd_32ns_32ns_32_5_full_dsp_U9/DCT_ap_fadd_3_full_dsp_32_u/U0/i_synth/ADDSUB_OP.ADDSUB/SPEED_OP.DSP.OP/DSP48E1_BODY.NORM_RND/SHIFT_RND/DSP output P is not pipelined. Pipelining DSP48 output will improve performance. Both multiplier/adder output can be pipelined.
Related violations: <none>

DPOP-1#27 Warning
Output pipelining  
DSP DCT_MAT_Multiply_U0/DCT_MAT_Multiply_Loop_Row_proc_U0/DCT_fmul_32ns_32ns_32_4_max_dsp_U13/DCT_ap_fmul_2_max_dsp_32_u/U0/i_synth/MULT.OP/MULT/DSP48E1_SPD_SGL_VARIANT.FIX_MULT/DSP1/DSP output P is not pipelined. Pipelining DSP48 output will improve performance. Both multiplier/adder output can be pipelined.
Related violations: <none>

DPOP-1#28 Warning
Output pipelining  
DSP DCT_MAT_Multiply_U0/DCT_MAT_Multiply_Loop_Row_proc_U0/DCT_fmul_32ns_32ns_32_4_max_dsp_U13/DCT_ap_fmul_2_max_dsp_32_u/U0/i_synth/MULT.OP/MULT/DSP48E1_SPD_SGL_VARIANT.FIX_MULT/DSP2/DSP output P is not pipelined. Pipelining DSP48 output will improve performance. Both multiplier/adder output can be pipelined.
Related violations: <none>

DPOP-1#29 Warning
Output pipelining  
DSP DCT_MAT_Multiply_U0/DCT_MAT_Multiply_Loop_Row_proc_U0/DCT_fmul_32ns_32ns_32_4_max_dsp_U13/DCT_ap_fmul_2_max_dsp_32_u/U0/i_synth/MULT.OP/R_AND_R/LAT_OPT.FULL.R_AND_R/DSP48E1_SGL_EXP_IP.OLD_ADD.ADD/DSP output P is not pipelined. Pipelining DSP48 output will improve performance. Both multiplier/adder output can be pipelined.
Related violations: <none>

DPOP-1#30 Warning
Output pipelining  
DSP DCT_MAT_Multiply_U0/DCT_MAT_Multiply_Loop_Row_proc_U0/DCT_fmul_32ns_32ns_32_4_max_dsp_U14/DCT_ap_fmul_2_max_dsp_32_u/U0/i_synth/MULT.OP/MULT/DSP48E1_SPD_SGL_VARIANT.FIX_MULT/DSP1/DSP output P is not pipelined. Pipelining DSP48 output will improve performance. Both multiplier/adder output can be pipelined.
Related violations: <none>

DPOP-1#31 Warning
Output pipelining  
DSP DCT_MAT_Multiply_U0/DCT_MAT_Multiply_Loop_Row_proc_U0/DCT_fmul_32ns_32ns_32_4_max_dsp_U14/DCT_ap_fmul_2_max_dsp_32_u/U0/i_synth/MULT.OP/MULT/DSP48E1_SPD_SGL_VARIANT.FIX_MULT/DSP2/DSP output P is not pipelined. Pipelining DSP48 output will improve performance. Both multiplier/adder output can be pipelined.
Related violations: <none>

DPOP-1#32 Warning
Output pipelining  
DSP DCT_MAT_Multiply_U0/DCT_MAT_Multiply_Loop_Row_proc_U0/DCT_fmul_32ns_32ns_32_4_max_dsp_U14/DCT_ap_fmul_2_max_dsp_32_u/U0/i_synth/MULT.OP/R_AND_R/LAT_OPT.FULL.R_AND_R/DSP48E1_SGL_EXP_IP.OLD_ADD.ADD/DSP output P is not pipelined. Pipelining DSP48 output will improve performance. Both multiplier/adder output can be pipelined.
Related violations: <none>

DPOP-1#33 Warning
Output pipelining  
DSP DCT_MAT_Multiply_U0/DCT_MAT_Multiply_Loop_Row_proc_U0/DCT_fmul_32ns_32ns_32_4_max_dsp_U15/DCT_ap_fmul_2_max_dsp_32_u/U0/i_synth/MULT.OP/MULT/DSP48E1_SPD_SGL_VARIANT.FIX_MULT/DSP1/DSP output P is not pipelined. Pipelining DSP48 output will improve performance. Both multiplier/adder output can be pipelined.
Related violations: <none>

DPOP-1#34 Warning
Output pipelining  
DSP DCT_MAT_Multiply_U0/DCT_MAT_Multiply_Loop_Row_proc_U0/DCT_fmul_32ns_32ns_32_4_max_dsp_U15/DCT_ap_fmul_2_max_dsp_32_u/U0/i_synth/MULT.OP/MULT/DSP48E1_SPD_SGL_VARIANT.FIX_MULT/DSP2/DSP output P is not pipelined. Pipelining DSP48 output will improve performance. Both multiplier/adder output can be pipelined.
Related violations: <none>

DPOP-1#35 Warning
Output pipelining  
DSP DCT_MAT_Multiply_U0/DCT_MAT_Multiply_Loop_Row_proc_U0/DCT_fmul_32ns_32ns_32_4_max_dsp_U15/DCT_ap_fmul_2_max_dsp_32_u/U0/i_synth/MULT.OP/R_AND_R/LAT_OPT.FULL.R_AND_R/DSP48E1_SGL_EXP_IP.OLD_ADD.ADD/DSP output P is not pipelined. Pipelining DSP48 output will improve performance. Both multiplier/adder output can be pipelined.
Related violations: <none>

DPOP-1#36 Warning
Output pipelining  
DSP DCT_MAT_Multiply_U0/DCT_MAT_Multiply_Loop_Row_proc_U0/DCT_fmul_32ns_32ns_32_4_max_dsp_U16/DCT_ap_fmul_2_max_dsp_32_u/U0/i_synth/MULT.OP/MULT/DSP48E1_SPD_SGL_VARIANT.FIX_MULT/DSP1/DSP output P is not pipelined. Pipelining DSP48 output will improve performance. Both multiplier/adder output can be pipelined.
Related violations: <none>

DPOP-1#37 Warning
Output pipelining  
DSP DCT_MAT_Multiply_U0/DCT_MAT_Multiply_Loop_Row_proc_U0/DCT_fmul_32ns_32ns_32_4_max_dsp_U16/DCT_ap_fmul_2_max_dsp_32_u/U0/i_synth/MULT.OP/MULT/DSP48E1_SPD_SGL_VARIANT.FIX_MULT/DSP2/DSP output P is not pipelined. Pipelining DSP48 output will improve performance. Both multiplier/adder output can be pipelined.
Related violations: <none>

DPOP-1#38 Warning
Output pipelining  
DSP DCT_MAT_Multiply_U0/DCT_MAT_Multiply_Loop_Row_proc_U0/DCT_fmul_32ns_32ns_32_4_max_dsp_U16/DCT_ap_fmul_2_max_dsp_32_u/U0/i_synth/MULT.OP/R_AND_R/LAT_OPT.FULL.R_AND_R/DSP48E1_SGL_EXP_IP.OLD_ADD.ADD/DSP output P is not pipelined. Pipelining DSP48 output will improve performance. Both multiplier/adder output can be pipelined.
Related violations: <none>

DPOP-1#39 Warning
Output pipelining  
DSP DCT_MAT_Multiply_U0/DCT_MAT_Multiply_Loop_Row_proc_U0/DCT_fmul_32ns_32ns_32_4_max_dsp_U17/DCT_ap_fmul_2_max_dsp_32_u/U0/i_synth/MULT.OP/MULT/DSP48E1_SPD_SGL_VARIANT.FIX_MULT/DSP1/DSP output P is not pipelined. Pipelining DSP48 output will improve performance. Both multiplier/adder output can be pipelined.
Related violations: <none>

DPOP-1#40 Warning
Output pipelining  
DSP DCT_MAT_Multiply_U0/DCT_MAT_Multiply_Loop_Row_proc_U0/DCT_fmul_32ns_32ns_32_4_max_dsp_U17/DCT_ap_fmul_2_max_dsp_32_u/U0/i_synth/MULT.OP/MULT/DSP48E1_SPD_SGL_VARIANT.FIX_MULT/DSP2/DSP output P is not pipelined. Pipelining DSP48 output will improve performance. Both multiplier/adder output can be pipelined.
Related violations: <none>

DPOP-1#41 Warning
Output pipelining  
DSP DCT_MAT_Multiply_U0/DCT_MAT_Multiply_Loop_Row_proc_U0/DCT_fmul_32ns_32ns_32_4_max_dsp_U17/DCT_ap_fmul_2_max_dsp_32_u/U0/i_synth/MULT.OP/R_AND_R/LAT_OPT.FULL.R_AND_R/DSP48E1_SGL_EXP_IP.OLD_ADD.ADD/DSP output P is not pipelined. Pipelining DSP48 output will improve performance. Both multiplier/adder output can be pipelined.
Related violations: <none>

DPOP-1#42 Warning
Output pipelining  
DSP DCT_MAT_Multiply_U0/DCT_MAT_Multiply_Loop_Row_proc_U0/DCT_fmul_32ns_32ns_32_4_max_dsp_U18/DCT_ap_fmul_2_max_dsp_32_u/U0/i_synth/MULT.OP/MULT/DSP48E1_SPD_SGL_VARIANT.FIX_MULT/DSP1/DSP output P is not pipelined. Pipelining DSP48 output will improve performance. Both multiplier/adder output can be pipelined.
Related violations: <none>

DPOP-1#43 Warning
Output pipelining  
DSP DCT_MAT_Multiply_U0/DCT_MAT_Multiply_Loop_Row_proc_U0/DCT_fmul_32ns_32ns_32_4_max_dsp_U18/DCT_ap_fmul_2_max_dsp_32_u/U0/i_synth/MULT.OP/MULT/DSP48E1_SPD_SGL_VARIANT.FIX_MULT/DSP2/DSP output P is not pipelined. Pipelining DSP48 output will improve performance. Both multiplier/adder output can be pipelined.
Related violations: <none>

DPOP-1#44 Warning
Output pipelining  
DSP DCT_MAT_Multiply_U0/DCT_MAT_Multiply_Loop_Row_proc_U0/DCT_fmul_32ns_32ns_32_4_max_dsp_U18/DCT_ap_fmul_2_max_dsp_32_u/U0/i_synth/MULT.OP/R_AND_R/LAT_OPT.FULL.R_AND_R/DSP48E1_SGL_EXP_IP.OLD_ADD.ADD/DSP output P is not pipelined. Pipelining DSP48 output will improve performance. Both multiplier/adder output can be pipelined.
Related violations: <none>

DPOP-1#45 Warning
Output pipelining  
DSP DCT_MAT_Multiply_U0/DCT_MAT_Multiply_Loop_Row_proc_U0/DCT_fmul_32ns_32ns_32_4_max_dsp_U19/DCT_ap_fmul_2_max_dsp_32_u/U0/i_synth/MULT.OP/MULT/DSP48E1_SPD_SGL_VARIANT.FIX_MULT/DSP1/DSP output P is not pipelined. Pipelining DSP48 output will improve performance. Both multiplier/adder output can be pipelined.
Related violations: <none>

DPOP-1#46 Warning
Output pipelining  
DSP DCT_MAT_Multiply_U0/DCT_MAT_Multiply_Loop_Row_proc_U0/DCT_fmul_32ns_32ns_32_4_max_dsp_U19/DCT_ap_fmul_2_max_dsp_32_u/U0/i_synth/MULT.OP/MULT/DSP48E1_SPD_SGL_VARIANT.FIX_MULT/DSP2/DSP output P is not pipelined. Pipelining DSP48 output will improve performance. Both multiplier/adder output can be pipelined.
Related violations: <none>

DPOP-1#47 Warning
Output pipelining  
DSP DCT_MAT_Multiply_U0/DCT_MAT_Multiply_Loop_Row_proc_U0/DCT_fmul_32ns_32ns_32_4_max_dsp_U19/DCT_ap_fmul_2_max_dsp_32_u/U0/i_synth/MULT.OP/R_AND_R/LAT_OPT.FULL.R_AND_R/DSP48E1_SGL_EXP_IP.OLD_ADD.ADD/DSP output P is not pipelined. Pipelining DSP48 output will improve performance. Both multiplier/adder output can be pipelined.
Related violations: <none>

DPOP-1#48 Warning
Output pipelining  
DSP DCT_MAT_Multiply_U0/DCT_MAT_Multiply_Loop_Row_proc_U0/DCT_fmul_32ns_32ns_32_4_max_dsp_U20/DCT_ap_fmul_2_max_dsp_32_u/U0/i_synth/MULT.OP/MULT/DSP48E1_SPD_SGL_VARIANT.FIX_MULT/DSP1/DSP output P is not pipelined. Pipelining DSP48 output will improve performance. Both multiplier/adder output can be pipelined.
Related violations: <none>

DPOP-1#49 Warning
Output pipelining  
DSP DCT_MAT_Multiply_U0/DCT_MAT_Multiply_Loop_Row_proc_U0/DCT_fmul_32ns_32ns_32_4_max_dsp_U20/DCT_ap_fmul_2_max_dsp_32_u/U0/i_synth/MULT.OP/MULT/DSP48E1_SPD_SGL_VARIANT.FIX_MULT/DSP2/DSP output P is not pipelined. Pipelining DSP48 output will improve performance. Both multiplier/adder output can be pipelined.
Related violations: <none>

DPOP-1#50 Warning
Output pipelining  
DSP DCT_MAT_Multiply_U0/DCT_MAT_Multiply_Loop_Row_proc_U0/DCT_fmul_32ns_32ns_32_4_max_dsp_U20/DCT_ap_fmul_2_max_dsp_32_u/U0/i_synth/MULT.OP/R_AND_R/LAT_OPT.FULL.R_AND_R/DSP48E1_SGL_EXP_IP.OLD_ADD.ADD/DSP output P is not pipelined. Pipelining DSP48 output will improve performance. Both multiplier/adder output can be pipelined.
Related violations: <none>

ZPS7-1#1 Warning
PS7 block required  
The PS7 cell must be used in this Zynq design in order to enable correct default configuration.
Related violations: <none>

AVAL-4#1 Advisory
enum_USE_DPORT_FALSE_enum_DREG_ADREG_0_connects_CED_CEAD_RSTD_GND  
DCT_MAT_Multiply_1_U0/DCT_MAT_Multiply_1_Loop_Row_proc_U0/DCT_fadd_32ns_32ns_32_5_full_dsp_U183/DCT_ap_fadd_3_full_dsp_32_u/U0/i_synth/ADDSUB_OP.ADDSUB/SPEED_OP.DSP.OP/DSP48E1_BODY.ALIGN_ADD/DSP2/DSP: DSP48E1 is not using the D port (USE_DPORT = FALSE). For improved power characteristics, set DREG and ADREG to '1', tie CED, CEAD, and RSTD to logic '0'.
Related violations: <none>

AVAL-4#2 Advisory
enum_USE_DPORT_FALSE_enum_DREG_ADREG_0_connects_CED_CEAD_RSTD_GND  
DCT_MAT_Multiply_1_U0/DCT_MAT_Multiply_1_Loop_Row_proc_U0/DCT_fadd_32ns_32ns_32_5_full_dsp_U183/DCT_ap_fadd_3_full_dsp_32_u/U0/i_synth/ADDSUB_OP.ADDSUB/SPEED_OP.DSP.OP/DSP48E1_BODY.NORM_RND/SHIFT_RND/DSP: DSP48E1 is not using the D port (USE_DPORT = FALSE). For improved power characteristics, set DREG and ADREG to '1', tie CED, CEAD, and RSTD to logic '0'.
Related violations: <none>

AVAL-4#3 Advisory
enum_USE_DPORT_FALSE_enum_DREG_ADREG_0_connects_CED_CEAD_RSTD_GND  
DCT_MAT_Multiply_1_U0/DCT_MAT_Multiply_1_Loop_Row_proc_U0/DCT_fadd_32ns_32ns_32_5_full_dsp_U184/DCT_ap_fadd_3_full_dsp_32_u/U0/i_synth/ADDSUB_OP.ADDSUB/SPEED_OP.DSP.OP/DSP48E1_BODY.ALIGN_ADD/DSP2/DSP: DSP48E1 is not using the D port (USE_DPORT = FALSE). For improved power characteristics, set DREG and ADREG to '1', tie CED, CEAD, and RSTD to logic '0'.
Related violations: <none>

AVAL-4#4 Advisory
enum_USE_DPORT_FALSE_enum_DREG_ADREG_0_connects_CED_CEAD_RSTD_GND  
DCT_MAT_Multiply_1_U0/DCT_MAT_Multiply_1_Loop_Row_proc_U0/DCT_fadd_32ns_32ns_32_5_full_dsp_U184/DCT_ap_fadd_3_full_dsp_32_u/U0/i_synth/ADDSUB_OP.ADDSUB/SPEED_OP.DSP.OP/DSP48E1_BODY.NORM_RND/SHIFT_RND/DSP: DSP48E1 is not using the D port (USE_DPORT = FALSE). For improved power characteristics, set DREG and ADREG to '1', tie CED, CEAD, and RSTD to logic '0'.
Related violations: <none>

AVAL-4#5 Advisory
enum_USE_DPORT_FALSE_enum_DREG_ADREG_0_connects_CED_CEAD_RSTD_GND  
DCT_MAT_Multiply_1_U0/DCT_MAT_Multiply_1_Loop_Row_proc_U0/DCT_fmul_32ns_32ns_32_4_max_dsp_U185/DCT_ap_fmul_2_max_dsp_32_u/U0/i_synth/MULT.OP/MULT/DSP48E1_SPD_SGL_VARIANT.FIX_MULT/DSP1/DSP: DSP48E1 is not using the D port (USE_DPORT = FALSE). For improved power characteristics, set DREG and ADREG to '1', tie CED, CEAD, and RSTD to logic '0'.
Related violations: <none>

AVAL-4#6 Advisory
enum_USE_DPORT_FALSE_enum_DREG_ADREG_0_connects_CED_CEAD_RSTD_GND  
DCT_MAT_Multiply_1_U0/DCT_MAT_Multiply_1_Loop_Row_proc_U0/DCT_fmul_32ns_32ns_32_4_max_dsp_U185/DCT_ap_fmul_2_max_dsp_32_u/U0/i_synth/MULT.OP/MULT/DSP48E1_SPD_SGL_VARIANT.FIX_MULT/DSP2/DSP: DSP48E1 is not using the D port (USE_DPORT = FALSE). For improved power characteristics, set DREG and ADREG to '1', tie CED, CEAD, and RSTD to logic '0'.
Related violations: <none>

AVAL-4#7 Advisory
enum_USE_DPORT_FALSE_enum_DREG_ADREG_0_connects_CED_CEAD_RSTD_GND  
DCT_MAT_Multiply_1_U0/DCT_MAT_Multiply_1_Loop_Row_proc_U0/DCT_fmul_32ns_32ns_32_4_max_dsp_U185/DCT_ap_fmul_2_max_dsp_32_u/U0/i_synth/MULT.OP/R_AND_R/LAT_OPT.FULL.R_AND_R/DSP48E1_SGL_EXP_IP.OLD_ADD.ADD/DSP: DSP48E1 is not using the D port (USE_DPORT = FALSE). For improved power characteristics, set DREG and ADREG to '1', tie CED, CEAD, and RSTD to logic '0'.
Related violations: <none>

AVAL-4#8 Advisory
enum_USE_DPORT_FALSE_enum_DREG_ADREG_0_connects_CED_CEAD_RSTD_GND  
DCT_MAT_Multiply_1_U0/DCT_MAT_Multiply_1_Loop_Row_proc_U0/DCT_fmul_32ns_32ns_32_4_max_dsp_U186/DCT_ap_fmul_2_max_dsp_32_u/U0/i_synth/MULT.OP/MULT/DSP48E1_SPD_SGL_VARIANT.FIX_MULT/DSP1/DSP: DSP48E1 is not using the D port (USE_DPORT = FALSE). For improved power characteristics, set DREG and ADREG to '1', tie CED, CEAD, and RSTD to logic '0'.
Related violations: <none>

AVAL-4#9 Advisory
enum_USE_DPORT_FALSE_enum_DREG_ADREG_0_connects_CED_CEAD_RSTD_GND  
DCT_MAT_Multiply_1_U0/DCT_MAT_Multiply_1_Loop_Row_proc_U0/DCT_fmul_32ns_32ns_32_4_max_dsp_U186/DCT_ap_fmul_2_max_dsp_32_u/U0/i_synth/MULT.OP/MULT/DSP48E1_SPD_SGL_VARIANT.FIX_MULT/DSP2/DSP: DSP48E1 is not using the D port (USE_DPORT = FALSE). For improved power characteristics, set DREG and ADREG to '1', tie CED, CEAD, and RSTD to logic '0'.
Related violations: <none>

AVAL-4#10 Advisory
enum_USE_DPORT_FALSE_enum_DREG_ADREG_0_connects_CED_CEAD_RSTD_GND  
DCT_MAT_Multiply_1_U0/DCT_MAT_Multiply_1_Loop_Row_proc_U0/DCT_fmul_32ns_32ns_32_4_max_dsp_U186/DCT_ap_fmul_2_max_dsp_32_u/U0/i_synth/MULT.OP/R_AND_R/LAT_OPT.FULL.R_AND_R/DSP48E1_SGL_EXP_IP.OLD_ADD.ADD/DSP: DSP48E1 is not using the D port (USE_DPORT = FALSE). For improved power characteristics, set DREG and ADREG to '1', tie CED, CEAD, and RSTD to logic '0'.
Related violations: <none>

AVAL-4#11 Advisory
enum_USE_DPORT_FALSE_enum_DREG_ADREG_0_connects_CED_CEAD_RSTD_GND  
DCT_MAT_Multiply_U0/DCT_MAT_Multiply_Loop_Row_proc_U0/DCT_fadd_32ns_32ns_32_5_full_dsp_U10/DCT_ap_fadd_3_full_dsp_32_u/U0/i_synth/ADDSUB_OP.ADDSUB/SPEED_OP.DSP.OP/DSP48E1_BODY.ALIGN_ADD/DSP2/DSP: DSP48E1 is not using the D port (USE_DPORT = FALSE). For improved power characteristics, set DREG and ADREG to '1', tie CED, CEAD, and RSTD to logic '0'.
Related violations: <none>

AVAL-4#12 Advisory
enum_USE_DPORT_FALSE_enum_DREG_ADREG_0_connects_CED_CEAD_RSTD_GND  
DCT_MAT_Multiply_U0/DCT_MAT_Multiply_Loop_Row_proc_U0/DCT_fadd_32ns_32ns_32_5_full_dsp_U10/DCT_ap_fadd_3_full_dsp_32_u/U0/i_synth/ADDSUB_OP.ADDSUB/SPEED_OP.DSP.OP/DSP48E1_BODY.NORM_RND/SHIFT_RND/DSP: DSP48E1 is not using the D port (USE_DPORT = FALSE). For improved power characteristics, set DREG and ADREG to '1', tie CED, CEAD, and RSTD to logic '0'.
Related violations: <none>

AVAL-4#13 Advisory
enum_USE_DPORT_FALSE_enum_DREG_ADREG_0_connects_CED_CEAD_RSTD_GND  
DCT_MAT_Multiply_U0/DCT_MAT_Multiply_Loop_Row_proc_U0/DCT_fadd_32ns_32ns_32_5_full_dsp_U11/DCT_ap_fadd_3_full_dsp_32_u/U0/i_synth/ADDSUB_OP.ADDSUB/SPEED_OP.DSP.OP/DSP48E1_BODY.ALIGN_ADD/DSP2/DSP: DSP48E1 is not using the D port (USE_DPORT = FALSE). For improved power characteristics, set DREG and ADREG to '1', tie CED, CEAD, and RSTD to logic '0'.
Related violations: <none>

AVAL-4#14 Advisory
enum_USE_DPORT_FALSE_enum_DREG_ADREG_0_connects_CED_CEAD_RSTD_GND  
DCT_MAT_Multiply_U0/DCT_MAT_Multiply_Loop_Row_proc_U0/DCT_fadd_32ns_32ns_32_5_full_dsp_U11/DCT_ap_fadd_3_full_dsp_32_u/U0/i_synth/ADDSUB_OP.ADDSUB/SPEED_OP.DSP.OP/DSP48E1_BODY.NORM_RND/SHIFT_RND/DSP: DSP48E1 is not using the D port (USE_DPORT = FALSE). For improved power characteristics, set DREG and ADREG to '1', tie CED, CEAD, and RSTD to logic '0'.
Related violations: <none>

AVAL-4#15 Advisory
enum_USE_DPORT_FALSE_enum_DREG_ADREG_0_connects_CED_CEAD_RSTD_GND  
DCT_MAT_Multiply_U0/DCT_MAT_Multiply_Loop_Row_proc_U0/DCT_fadd_32ns_32ns_32_5_full_dsp_U12/DCT_ap_fadd_3_full_dsp_32_u/U0/i_synth/ADDSUB_OP.ADDSUB/SPEED_OP.DSP.OP/DSP48E1_BODY.ALIGN_ADD/DSP2/DSP: DSP48E1 is not using the D port (USE_DPORT = FALSE). For improved power characteristics, set DREG and ADREG to '1', tie CED, CEAD, and RSTD to logic '0'.
Related violations: <none>

AVAL-4#16 Advisory
enum_USE_DPORT_FALSE_enum_DREG_ADREG_0_connects_CED_CEAD_RSTD_GND  
DCT_MAT_Multiply_U0/DCT_MAT_Multiply_Loop_Row_proc_U0/DCT_fadd_32ns_32ns_32_5_full_dsp_U12/DCT_ap_fadd_3_full_dsp_32_u/U0/i_synth/ADDSUB_OP.ADDSUB/SPEED_OP.DSP.OP/DSP48E1_BODY.NORM_RND/SHIFT_RND/DSP: DSP48E1 is not using the D port (USE_DPORT = FALSE). For improved power characteristics, set DREG and ADREG to '1', tie CED, CEAD, and RSTD to logic '0'.
Related violations: <none>

AVAL-4#17 Advisory
enum_USE_DPORT_FALSE_enum_DREG_ADREG_0_connects_CED_CEAD_RSTD_GND  
DCT_MAT_Multiply_U0/DCT_MAT_Multiply_Loop_Row_proc_U0/DCT_fadd_32ns_32ns_32_5_full_dsp_U5/DCT_ap_fadd_3_full_dsp_32_u/U0/i_synth/ADDSUB_OP.ADDSUB/SPEED_OP.DSP.OP/DSP48E1_BODY.ALIGN_ADD/DSP2/DSP: DSP48E1 is not using the D port (USE_DPORT = FALSE). For improved power characteristics, set DREG and ADREG to '1', tie CED, CEAD, and RSTD to logic '0'.
Related violations: <none>

AVAL-4#18 Advisory
enum_USE_DPORT_FALSE_enum_DREG_ADREG_0_connects_CED_CEAD_RSTD_GND  
DCT_MAT_Multiply_U0/DCT_MAT_Multiply_Loop_Row_proc_U0/DCT_fadd_32ns_32ns_32_5_full_dsp_U5/DCT_ap_fadd_3_full_dsp_32_u/U0/i_synth/ADDSUB_OP.ADDSUB/SPEED_OP.DSP.OP/DSP48E1_BODY.NORM_RND/SHIFT_RND/DSP: DSP48E1 is not using the D port (USE_DPORT = FALSE). For improved power characteristics, set DREG and ADREG to '1', tie CED, CEAD, and RSTD to logic '0'.
Related violations: <none>

AVAL-4#19 Advisory
enum_USE_DPORT_FALSE_enum_DREG_ADREG_0_connects_CED_CEAD_RSTD_GND  
DCT_MAT_Multiply_U0/DCT_MAT_Multiply_Loop_Row_proc_U0/DCT_fadd_32ns_32ns_32_5_full_dsp_U6/DCT_ap_fadd_3_full_dsp_32_u/U0/i_synth/ADDSUB_OP.ADDSUB/SPEED_OP.DSP.OP/DSP48E1_BODY.ALIGN_ADD/DSP2/DSP: DSP48E1 is not using the D port (USE_DPORT = FALSE). For improved power characteristics, set DREG and ADREG to '1', tie CED, CEAD, and RSTD to logic '0'.
Related violations: <none>

AVAL-4#20 Advisory
enum_USE_DPORT_FALSE_enum_DREG_ADREG_0_connects_CED_CEAD_RSTD_GND  
DCT_MAT_Multiply_U0/DCT_MAT_Multiply_Loop_Row_proc_U0/DCT_fadd_32ns_32ns_32_5_full_dsp_U6/DCT_ap_fadd_3_full_dsp_32_u/U0/i_synth/ADDSUB_OP.ADDSUB/SPEED_OP.DSP.OP/DSP48E1_BODY.NORM_RND/SHIFT_RND/DSP: DSP48E1 is not using the D port (USE_DPORT = FALSE). For improved power characteristics, set DREG and ADREG to '1', tie CED, CEAD, and RSTD to logic '0'.
Related violations: <none>

AVAL-4#21 Advisory
enum_USE_DPORT_FALSE_enum_DREG_ADREG_0_connects_CED_CEAD_RSTD_GND  
DCT_MAT_Multiply_U0/DCT_MAT_Multiply_Loop_Row_proc_U0/DCT_fadd_32ns_32ns_32_5_full_dsp_U7/DCT_ap_fadd_3_full_dsp_32_u/U0/i_synth/ADDSUB_OP.ADDSUB/SPEED_OP.DSP.OP/DSP48E1_BODY.ALIGN_ADD/DSP2/DSP: DSP48E1 is not using the D port (USE_DPORT = FALSE). For improved power characteristics, set DREG and ADREG to '1', tie CED, CEAD, and RSTD to logic '0'.
Related violations: <none>

AVAL-4#22 Advisory
enum_USE_DPORT_FALSE_enum_DREG_ADREG_0_connects_CED_CEAD_RSTD_GND  
DCT_MAT_Multiply_U0/DCT_MAT_Multiply_Loop_Row_proc_U0/DCT_fadd_32ns_32ns_32_5_full_dsp_U7/DCT_ap_fadd_3_full_dsp_32_u/U0/i_synth/ADDSUB_OP.ADDSUB/SPEED_OP.DSP.OP/DSP48E1_BODY.NORM_RND/SHIFT_RND/DSP: DSP48E1 is not using the D port (USE_DPORT = FALSE). For improved power characteristics, set DREG and ADREG to '1', tie CED, CEAD, and RSTD to logic '0'.
Related violations: <none>

AVAL-4#23 Advisory
enum_USE_DPORT_FALSE_enum_DREG_ADREG_0_connects_CED_CEAD_RSTD_GND  
DCT_MAT_Multiply_U0/DCT_MAT_Multiply_Loop_Row_proc_U0/DCT_fadd_32ns_32ns_32_5_full_dsp_U8/DCT_ap_fadd_3_full_dsp_32_u/U0/i_synth/ADDSUB_OP.ADDSUB/SPEED_OP.DSP.OP/DSP48E1_BODY.ALIGN_ADD/DSP2/DSP: DSP48E1 is not using the D port (USE_DPORT = FALSE). For improved power characteristics, set DREG and ADREG to '1', tie CED, CEAD, and RSTD to logic '0'.
Related violations: <none>

AVAL-4#24 Advisory
enum_USE_DPORT_FALSE_enum_DREG_ADREG_0_connects_CED_CEAD_RSTD_GND  
DCT_MAT_Multiply_U0/DCT_MAT_Multiply_Loop_Row_proc_U0/DCT_fadd_32ns_32ns_32_5_full_dsp_U8/DCT_ap_fadd_3_full_dsp_32_u/U0/i_synth/ADDSUB_OP.ADDSUB/SPEED_OP.DSP.OP/DSP48E1_BODY.NORM_RND/SHIFT_RND/DSP: DSP48E1 is not using the D port (USE_DPORT = FALSE). For improved power characteristics, set DREG and ADREG to '1', tie CED, CEAD, and RSTD to logic '0'.
Related violations: <none>

AVAL-4#25 Advisory
enum_USE_DPORT_FALSE_enum_DREG_ADREG_0_connects_CED_CEAD_RSTD_GND  
DCT_MAT_Multiply_U0/DCT_MAT_Multiply_Loop_Row_proc_U0/DCT_fadd_32ns_32ns_32_5_full_dsp_U9/DCT_ap_fadd_3_full_dsp_32_u/U0/i_synth/ADDSUB_OP.ADDSUB/SPEED_OP.DSP.OP/DSP48E1_BODY.ALIGN_ADD/DSP2/DSP: DSP48E1 is not using the D port (USE_DPORT = FALSE). For improved power characteristics, set DREG and ADREG to '1', tie CED, CEAD, and RSTD to logic '0'.
Related violations: <none>

AVAL-4#26 Advisory
enum_USE_DPORT_FALSE_enum_DREG_ADREG_0_connects_CED_CEAD_RSTD_GND  
DCT_MAT_Multiply_U0/DCT_MAT_Multiply_Loop_Row_proc_U0/DCT_fadd_32ns_32ns_32_5_full_dsp_U9/DCT_ap_fadd_3_full_dsp_32_u/U0/i_synth/ADDSUB_OP.ADDSUB/SPEED_OP.DSP.OP/DSP48E1_BODY.NORM_RND/SHIFT_RND/DSP: DSP48E1 is not using the D port (USE_DPORT = FALSE). For improved power characteristics, set DREG and ADREG to '1', tie CED, CEAD, and RSTD to logic '0'.
Related violations: <none>

AVAL-4#27 Advisory
enum_USE_DPORT_FALSE_enum_DREG_ADREG_0_connects_CED_CEAD_RSTD_GND  
DCT_MAT_Multiply_U0/DCT_MAT_Multiply_Loop_Row_proc_U0/DCT_fmul_32ns_32ns_32_4_max_dsp_U13/DCT_ap_fmul_2_max_dsp_32_u/U0/i_synth/MULT.OP/MULT/DSP48E1_SPD_SGL_VARIANT.FIX_MULT/DSP1/DSP: DSP48E1 is not using the D port (USE_DPORT = FALSE). For improved power characteristics, set DREG and ADREG to '1', tie CED, CEAD, and RSTD to logic '0'.
Related violations: <none>

AVAL-4#28 Advisory
enum_USE_DPORT_FALSE_enum_DREG_ADREG_0_connects_CED_CEAD_RSTD_GND  
DCT_MAT_Multiply_U0/DCT_MAT_Multiply_Loop_Row_proc_U0/DCT_fmul_32ns_32ns_32_4_max_dsp_U13/DCT_ap_fmul_2_max_dsp_32_u/U0/i_synth/MULT.OP/MULT/DSP48E1_SPD_SGL_VARIANT.FIX_MULT/DSP2/DSP: DSP48E1 is not using the D port (USE_DPORT = FALSE). For improved power characteristics, set DREG and ADREG to '1', tie CED, CEAD, and RSTD to logic '0'.
Related violations: <none>

AVAL-4#29 Advisory
enum_USE_DPORT_FALSE_enum_DREG_ADREG_0_connects_CED_CEAD_RSTD_GND  
DCT_MAT_Multiply_U0/DCT_MAT_Multiply_Loop_Row_proc_U0/DCT_fmul_32ns_32ns_32_4_max_dsp_U13/DCT_ap_fmul_2_max_dsp_32_u/U0/i_synth/MULT.OP/R_AND_R/LAT_OPT.FULL.R_AND_R/DSP48E1_SGL_EXP_IP.OLD_ADD.ADD/DSP: DSP48E1 is not using the D port (USE_DPORT = FALSE). For improved power characteristics, set DREG and ADREG to '1', tie CED, CEAD, and RSTD to logic '0'.
Related violations: <none>

AVAL-4#30 Advisory
enum_USE_DPORT_FALSE_enum_DREG_ADREG_0_connects_CED_CEAD_RSTD_GND  
DCT_MAT_Multiply_U0/DCT_MAT_Multiply_Loop_Row_proc_U0/DCT_fmul_32ns_32ns_32_4_max_dsp_U14/DCT_ap_fmul_2_max_dsp_32_u/U0/i_synth/MULT.OP/MULT/DSP48E1_SPD_SGL_VARIANT.FIX_MULT/DSP1/DSP: DSP48E1 is not using the D port (USE_DPORT = FALSE). For improved power characteristics, set DREG and ADREG to '1', tie CED, CEAD, and RSTD to logic '0'.
Related violations: <none>

AVAL-4#31 Advisory
enum_USE_DPORT_FALSE_enum_DREG_ADREG_0_connects_CED_CEAD_RSTD_GND  
DCT_MAT_Multiply_U0/DCT_MAT_Multiply_Loop_Row_proc_U0/DCT_fmul_32ns_32ns_32_4_max_dsp_U14/DCT_ap_fmul_2_max_dsp_32_u/U0/i_synth/MULT.OP/MULT/DSP48E1_SPD_SGL_VARIANT.FIX_MULT/DSP2/DSP: DSP48E1 is not using the D port (USE_DPORT = FALSE). For improved power characteristics, set DREG and ADREG to '1', tie CED, CEAD, and RSTD to logic '0'.
Related violations: <none>

AVAL-4#32 Advisory
enum_USE_DPORT_FALSE_enum_DREG_ADREG_0_connects_CED_CEAD_RSTD_GND  
DCT_MAT_Multiply_U0/DCT_MAT_Multiply_Loop_Row_proc_U0/DCT_fmul_32ns_32ns_32_4_max_dsp_U14/DCT_ap_fmul_2_max_dsp_32_u/U0/i_synth/MULT.OP/R_AND_R/LAT_OPT.FULL.R_AND_R/DSP48E1_SGL_EXP_IP.OLD_ADD.ADD/DSP: DSP48E1 is not using the D port (USE_DPORT = FALSE). For improved power characteristics, set DREG and ADREG to '1', tie CED, CEAD, and RSTD to logic '0'.
Related violations: <none>

AVAL-4#33 Advisory
enum_USE_DPORT_FALSE_enum_DREG_ADREG_0_connects_CED_CEAD_RSTD_GND  
DCT_MAT_Multiply_U0/DCT_MAT_Multiply_Loop_Row_proc_U0/DCT_fmul_32ns_32ns_32_4_max_dsp_U15/DCT_ap_fmul_2_max_dsp_32_u/U0/i_synth/MULT.OP/MULT/DSP48E1_SPD_SGL_VARIANT.FIX_MULT/DSP1/DSP: DSP48E1 is not using the D port (USE_DPORT = FALSE). For improved power characteristics, set DREG and ADREG to '1', tie CED, CEAD, and RSTD to logic '0'.
Related violations: <none>

AVAL-4#34 Advisory
enum_USE_DPORT_FALSE_enum_DREG_ADREG_0_connects_CED_CEAD_RSTD_GND  
DCT_MAT_Multiply_U0/DCT_MAT_Multiply_Loop_Row_proc_U0/DCT_fmul_32ns_32ns_32_4_max_dsp_U15/DCT_ap_fmul_2_max_dsp_32_u/U0/i_synth/MULT.OP/MULT/DSP48E1_SPD_SGL_VARIANT.FIX_MULT/DSP2/DSP: DSP48E1 is not using the D port (USE_DPORT = FALSE). For improved power characteristics, set DREG and ADREG to '1', tie CED, CEAD, and RSTD to logic '0'.
Related violations: <none>

AVAL-4#35 Advisory
enum_USE_DPORT_FALSE_enum_DREG_ADREG_0_connects_CED_CEAD_RSTD_GND  
DCT_MAT_Multiply_U0/DCT_MAT_Multiply_Loop_Row_proc_U0/DCT_fmul_32ns_32ns_32_4_max_dsp_U15/DCT_ap_fmul_2_max_dsp_32_u/U0/i_synth/MULT.OP/R_AND_R/LAT_OPT.FULL.R_AND_R/DSP48E1_SGL_EXP_IP.OLD_ADD.ADD/DSP: DSP48E1 is not using the D port (USE_DPORT = FALSE). For improved power characteristics, set DREG and ADREG to '1', tie CED, CEAD, and RSTD to logic '0'.
Related violations: <none>

AVAL-4#36 Advisory
enum_USE_DPORT_FALSE_enum_DREG_ADREG_0_connects_CED_CEAD_RSTD_GND  
DCT_MAT_Multiply_U0/DCT_MAT_Multiply_Loop_Row_proc_U0/DCT_fmul_32ns_32ns_32_4_max_dsp_U16/DCT_ap_fmul_2_max_dsp_32_u/U0/i_synth/MULT.OP/MULT/DSP48E1_SPD_SGL_VARIANT.FIX_MULT/DSP1/DSP: DSP48E1 is not using the D port (USE_DPORT = FALSE). For improved power characteristics, set DREG and ADREG to '1', tie CED, CEAD, and RSTD to logic '0'.
Related violations: <none>

AVAL-4#37 Advisory
enum_USE_DPORT_FALSE_enum_DREG_ADREG_0_connects_CED_CEAD_RSTD_GND  
DCT_MAT_Multiply_U0/DCT_MAT_Multiply_Loop_Row_proc_U0/DCT_fmul_32ns_32ns_32_4_max_dsp_U16/DCT_ap_fmul_2_max_dsp_32_u/U0/i_synth/MULT.OP/MULT/DSP48E1_SPD_SGL_VARIANT.FIX_MULT/DSP2/DSP: DSP48E1 is not using the D port (USE_DPORT = FALSE). For improved power characteristics, set DREG and ADREG to '1', tie CED, CEAD, and RSTD to logic '0'.
Related violations: <none>

AVAL-4#38 Advisory
enum_USE_DPORT_FALSE_enum_DREG_ADREG_0_connects_CED_CEAD_RSTD_GND  
DCT_MAT_Multiply_U0/DCT_MAT_Multiply_Loop_Row_proc_U0/DCT_fmul_32ns_32ns_32_4_max_dsp_U16/DCT_ap_fmul_2_max_dsp_32_u/U0/i_synth/MULT.OP/R_AND_R/LAT_OPT.FULL.R_AND_R/DSP48E1_SGL_EXP_IP.OLD_ADD.ADD/DSP: DSP48E1 is not using the D port (USE_DPORT = FALSE). For improved power characteristics, set DREG and ADREG to '1', tie CED, CEAD, and RSTD to logic '0'.
Related violations: <none>

AVAL-4#39 Advisory
enum_USE_DPORT_FALSE_enum_DREG_ADREG_0_connects_CED_CEAD_RSTD_GND  
DCT_MAT_Multiply_U0/DCT_MAT_Multiply_Loop_Row_proc_U0/DCT_fmul_32ns_32ns_32_4_max_dsp_U17/DCT_ap_fmul_2_max_dsp_32_u/U0/i_synth/MULT.OP/MULT/DSP48E1_SPD_SGL_VARIANT.FIX_MULT/DSP1/DSP: DSP48E1 is not using the D port (USE_DPORT = FALSE). For improved power characteristics, set DREG and ADREG to '1', tie CED, CEAD, and RSTD to logic '0'.
Related violations: <none>

AVAL-4#40 Advisory
enum_USE_DPORT_FALSE_enum_DREG_ADREG_0_connects_CED_CEAD_RSTD_GND  
DCT_MAT_Multiply_U0/DCT_MAT_Multiply_Loop_Row_proc_U0/DCT_fmul_32ns_32ns_32_4_max_dsp_U17/DCT_ap_fmul_2_max_dsp_32_u/U0/i_synth/MULT.OP/MULT/DSP48E1_SPD_SGL_VARIANT.FIX_MULT/DSP2/DSP: DSP48E1 is not using the D port (USE_DPORT = FALSE). For improved power characteristics, set DREG and ADREG to '1', tie CED, CEAD, and RSTD to logic '0'.
Related violations: <none>

AVAL-4#41 Advisory
enum_USE_DPORT_FALSE_enum_DREG_ADREG_0_connects_CED_CEAD_RSTD_GND  
DCT_MAT_Multiply_U0/DCT_MAT_Multiply_Loop_Row_proc_U0/DCT_fmul_32ns_32ns_32_4_max_dsp_U17/DCT_ap_fmul_2_max_dsp_32_u/U0/i_synth/MULT.OP/R_AND_R/LAT_OPT.FULL.R_AND_R/DSP48E1_SGL_EXP_IP.OLD_ADD.ADD/DSP: DSP48E1 is not using the D port (USE_DPORT = FALSE). For improved power characteristics, set DREG and ADREG to '1', tie CED, CEAD, and RSTD to logic '0'.
Related violations: <none>

AVAL-4#42 Advisory
enum_USE_DPORT_FALSE_enum_DREG_ADREG_0_connects_CED_CEAD_RSTD_GND  
DCT_MAT_Multiply_U0/DCT_MAT_Multiply_Loop_Row_proc_U0/DCT_fmul_32ns_32ns_32_4_max_dsp_U18/DCT_ap_fmul_2_max_dsp_32_u/U0/i_synth/MULT.OP/MULT/DSP48E1_SPD_SGL_VARIANT.FIX_MULT/DSP1/DSP: DSP48E1 is not using the D port (USE_DPORT = FALSE). For improved power characteristics, set DREG and ADREG to '1', tie CED, CEAD, and RSTD to logic '0'.
Related violations: <none>

AVAL-4#43 Advisory
enum_USE_DPORT_FALSE_enum_DREG_ADREG_0_connects_CED_CEAD_RSTD_GND  
DCT_MAT_Multiply_U0/DCT_MAT_Multiply_Loop_Row_proc_U0/DCT_fmul_32ns_32ns_32_4_max_dsp_U18/DCT_ap_fmul_2_max_dsp_32_u/U0/i_synth/MULT.OP/MULT/DSP48E1_SPD_SGL_VARIANT.FIX_MULT/DSP2/DSP: DSP48E1 is not using the D port (USE_DPORT = FALSE). For improved power characteristics, set DREG and ADREG to '1', tie CED, CEAD, and RSTD to logic '0'.
Related violations: <none>

AVAL-4#44 Advisory
enum_USE_DPORT_FALSE_enum_DREG_ADREG_0_connects_CED_CEAD_RSTD_GND  
DCT_MAT_Multiply_U0/DCT_MAT_Multiply_Loop_Row_proc_U0/DCT_fmul_32ns_32ns_32_4_max_dsp_U18/DCT_ap_fmul_2_max_dsp_32_u/U0/i_synth/MULT.OP/R_AND_R/LAT_OPT.FULL.R_AND_R/DSP48E1_SGL_EXP_IP.OLD_ADD.ADD/DSP: DSP48E1 is not using the D port (USE_DPORT = FALSE). For improved power characteristics, set DREG and ADREG to '1', tie CED, CEAD, and RSTD to logic '0'.
Related violations: <none>

AVAL-4#45 Advisory
enum_USE_DPORT_FALSE_enum_DREG_ADREG_0_connects_CED_CEAD_RSTD_GND  
DCT_MAT_Multiply_U0/DCT_MAT_Multiply_Loop_Row_proc_U0/DCT_fmul_32ns_32ns_32_4_max_dsp_U19/DCT_ap_fmul_2_max_dsp_32_u/U0/i_synth/MULT.OP/MULT/DSP48E1_SPD_SGL_VARIANT.FIX_MULT/DSP1/DSP: DSP48E1 is not using the D port (USE_DPORT = FALSE). For improved power characteristics, set DREG and ADREG to '1', tie CED, CEAD, and RSTD to logic '0'.
Related violations: <none>

AVAL-4#46 Advisory
enum_USE_DPORT_FALSE_enum_DREG_ADREG_0_connects_CED_CEAD_RSTD_GND  
DCT_MAT_Multiply_U0/DCT_MAT_Multiply_Loop_Row_proc_U0/DCT_fmul_32ns_32ns_32_4_max_dsp_U19/DCT_ap_fmul_2_max_dsp_32_u/U0/i_synth/MULT.OP/MULT/DSP48E1_SPD_SGL_VARIANT.FIX_MULT/DSP2/DSP: DSP48E1 is not using the D port (USE_DPORT = FALSE). For improved power characteristics, set DREG and ADREG to '1', tie CED, CEAD, and RSTD to logic '0'.
Related violations: <none>

AVAL-4#47 Advisory
enum_USE_DPORT_FALSE_enum_DREG_ADREG_0_connects_CED_CEAD_RSTD_GND  
DCT_MAT_Multiply_U0/DCT_MAT_Multiply_Loop_Row_proc_U0/DCT_fmul_32ns_32ns_32_4_max_dsp_U19/DCT_ap_fmul_2_max_dsp_32_u/U0/i_synth/MULT.OP/R_AND_R/LAT_OPT.FULL.R_AND_R/DSP48E1_SGL_EXP_IP.OLD_ADD.ADD/DSP: DSP48E1 is not using the D port (USE_DPORT = FALSE). For improved power characteristics, set DREG and ADREG to '1', tie CED, CEAD, and RSTD to logic '0'.
Related violations: <none>

AVAL-4#48 Advisory
enum_USE_DPORT_FALSE_enum_DREG_ADREG_0_connects_CED_CEAD_RSTD_GND  
DCT_MAT_Multiply_U0/DCT_MAT_Multiply_Loop_Row_proc_U0/DCT_fmul_32ns_32ns_32_4_max_dsp_U20/DCT_ap_fmul_2_max_dsp_32_u/U0/i_synth/MULT.OP/MULT/DSP48E1_SPD_SGL_VARIANT.FIX_MULT/DSP1/DSP: DSP48E1 is not using the D port (USE_DPORT = FALSE). For improved power characteristics, set DREG and ADREG to '1', tie CED, CEAD, and RSTD to logic '0'.
Related violations: <none>

AVAL-4#49 Advisory
enum_USE_DPORT_FALSE_enum_DREG_ADREG_0_connects_CED_CEAD_RSTD_GND  
DCT_MAT_Multiply_U0/DCT_MAT_Multiply_Loop_Row_proc_U0/DCT_fmul_32ns_32ns_32_4_max_dsp_U20/DCT_ap_fmul_2_max_dsp_32_u/U0/i_synth/MULT.OP/MULT/DSP48E1_SPD_SGL_VARIANT.FIX_MULT/DSP2/DSP: DSP48E1 is not using the D port (USE_DPORT = FALSE). For improved power characteristics, set DREG and ADREG to '1', tie CED, CEAD, and RSTD to logic '0'.
Related violations: <none>

AVAL-4#50 Advisory
enum_USE_DPORT_FALSE_enum_DREG_ADREG_0_connects_CED_CEAD_RSTD_GND  
DCT_MAT_Multiply_U0/DCT_MAT_Multiply_Loop_Row_proc_U0/DCT_fmul_32ns_32ns_32_4_max_dsp_U20/DCT_ap_fmul_2_max_dsp_32_u/U0/i_synth/MULT.OP/R_AND_R/LAT_OPT.FULL.R_AND_R/DSP48E1_SGL_EXP_IP.OLD_ADD.ADD/DSP: DSP48E1 is not using the D port (USE_DPORT = FALSE). For improved power characteristics, set DREG and ADREG to '1', tie CED, CEAD, and RSTD to logic '0'.
Related violations: <none>

AVAL-5#1 Advisory
enum_USE_MULT_NONE_enum_DREG_ADREG_0_connects_CED_CEAD_RSTD_GND  
DCT_MAT_Multiply_1_U0/DCT_MAT_Multiply_1_Loop_Row_proc_U0/DCT_fmul_32ns_32ns_32_4_max_dsp_U185/DCT_ap_fmul_2_max_dsp_32_u/U0/i_synth/MULT.OP/R_AND_R/LAT_OPT.FULL.R_AND_R/DSP48E1_SGL_EXP_IP.OLD_ADD.ADD/DSP: DSP48E1 is not using the Multiplier (USE_MULT = NONE). For improved power characteristics, set DREG and ADREG to '1', tie CED, CEAD, and RSTD to logic '0'.
Related violations: <none>

AVAL-5#2 Advisory
enum_USE_MULT_NONE_enum_DREG_ADREG_0_connects_CED_CEAD_RSTD_GND  
DCT_MAT_Multiply_1_U0/DCT_MAT_Multiply_1_Loop_Row_proc_U0/DCT_fmul_32ns_32ns_32_4_max_dsp_U186/DCT_ap_fmul_2_max_dsp_32_u/U0/i_synth/MULT.OP/R_AND_R/LAT_OPT.FULL.R_AND_R/DSP48E1_SGL_EXP_IP.OLD_ADD.ADD/DSP: DSP48E1 is not using the Multiplier (USE_MULT = NONE). For improved power characteristics, set DREG and ADREG to '1', tie CED, CEAD, and RSTD to logic '0'.
Related violations: <none>

AVAL-5#3 Advisory
enum_USE_MULT_NONE_enum_DREG_ADREG_0_connects_CED_CEAD_RSTD_GND  
DCT_MAT_Multiply_U0/DCT_MAT_Multiply_Loop_Row_proc_U0/DCT_fmul_32ns_32ns_32_4_max_dsp_U13/DCT_ap_fmul_2_max_dsp_32_u/U0/i_synth/MULT.OP/R_AND_R/LAT_OPT.FULL.R_AND_R/DSP48E1_SGL_EXP_IP.OLD_ADD.ADD/DSP: DSP48E1 is not using the Multiplier (USE_MULT = NONE). For improved power characteristics, set DREG and ADREG to '1', tie CED, CEAD, and RSTD to logic '0'.
Related violations: <none>

AVAL-5#4 Advisory
enum_USE_MULT_NONE_enum_DREG_ADREG_0_connects_CED_CEAD_RSTD_GND  
DCT_MAT_Multiply_U0/DCT_MAT_Multiply_Loop_Row_proc_U0/DCT_fmul_32ns_32ns_32_4_max_dsp_U14/DCT_ap_fmul_2_max_dsp_32_u/U0/i_synth/MULT.OP/R_AND_R/LAT_OPT.FULL.R_AND_R/DSP48E1_SGL_EXP_IP.OLD_ADD.ADD/DSP: DSP48E1 is not using the Multiplier (USE_MULT = NONE). For improved power characteristics, set DREG and ADREG to '1', tie CED, CEAD, and RSTD to logic '0'.
Related violations: <none>

AVAL-5#5 Advisory
enum_USE_MULT_NONE_enum_DREG_ADREG_0_connects_CED_CEAD_RSTD_GND  
DCT_MAT_Multiply_U0/DCT_MAT_Multiply_Loop_Row_proc_U0/DCT_fmul_32ns_32ns_32_4_max_dsp_U15/DCT_ap_fmul_2_max_dsp_32_u/U0/i_synth/MULT.OP/R_AND_R/LAT_OPT.FULL.R_AND_R/DSP48E1_SGL_EXP_IP.OLD_ADD.ADD/DSP: DSP48E1 is not using the Multiplier (USE_MULT = NONE). For improved power characteristics, set DREG and ADREG to '1', tie CED, CEAD, and RSTD to logic '0'.
Related violations: <none>

AVAL-5#6 Advisory
enum_USE_MULT_NONE_enum_DREG_ADREG_0_connects_CED_CEAD_RSTD_GND  
DCT_MAT_Multiply_U0/DCT_MAT_Multiply_Loop_Row_proc_U0/DCT_fmul_32ns_32ns_32_4_max_dsp_U16/DCT_ap_fmul_2_max_dsp_32_u/U0/i_synth/MULT.OP/R_AND_R/LAT_OPT.FULL.R_AND_R/DSP48E1_SGL_EXP_IP.OLD_ADD.ADD/DSP: DSP48E1 is not using the Multiplier (USE_MULT = NONE). For improved power characteristics, set DREG and ADREG to '1', tie CED, CEAD, and RSTD to logic '0'.
Related violations: <none>

AVAL-5#7 Advisory
enum_USE_MULT_NONE_enum_DREG_ADREG_0_connects_CED_CEAD_RSTD_GND  
DCT_MAT_Multiply_U0/DCT_MAT_Multiply_Loop_Row_proc_U0/DCT_fmul_32ns_32ns_32_4_max_dsp_U17/DCT_ap_fmul_2_max_dsp_32_u/U0/i_synth/MULT.OP/R_AND_R/LAT_OPT.FULL.R_AND_R/DSP48E1_SGL_EXP_IP.OLD_ADD.ADD/DSP: DSP48E1 is not using the Multiplier (USE_MULT = NONE). For improved power characteristics, set DREG and ADREG to '1', tie CED, CEAD, and RSTD to logic '0'.
Related violations: <none>

AVAL-5#8 Advisory
enum_USE_MULT_NONE_enum_DREG_ADREG_0_connects_CED_CEAD_RSTD_GND  
DCT_MAT_Multiply_U0/DCT_MAT_Multiply_Loop_Row_proc_U0/DCT_fmul_32ns_32ns_32_4_max_dsp_U18/DCT_ap_fmul_2_max_dsp_32_u/U0/i_synth/MULT.OP/R_AND_R/LAT_OPT.FULL.R_AND_R/DSP48E1_SGL_EXP_IP.OLD_ADD.ADD/DSP: DSP48E1 is not using the Multiplier (USE_MULT = NONE). For improved power characteristics, set DREG and ADREG to '1', tie CED, CEAD, and RSTD to logic '0'.
Related violations: <none>

AVAL-5#9 Advisory
enum_USE_MULT_NONE_enum_DREG_ADREG_0_connects_CED_CEAD_RSTD_GND  
DCT_MAT_Multiply_U0/DCT_MAT_Multiply_Loop_Row_proc_U0/DCT_fmul_32ns_32ns_32_4_max_dsp_U19/DCT_ap_fmul_2_max_dsp_32_u/U0/i_synth/MULT.OP/R_AND_R/LAT_OPT.FULL.R_AND_R/DSP48E1_SGL_EXP_IP.OLD_ADD.ADD/DSP: DSP48E1 is not using the Multiplier (USE_MULT = NONE). For improved power characteristics, set DREG and ADREG to '1', tie CED, CEAD, and RSTD to logic '0'.
Related violations: <none>

AVAL-5#10 Advisory
enum_USE_MULT_NONE_enum_DREG_ADREG_0_connects_CED_CEAD_RSTD_GND  
DCT_MAT_Multiply_U0/DCT_MAT_Multiply_Loop_Row_proc_U0/DCT_fmul_32ns_32ns_32_4_max_dsp_U20/DCT_ap_fmul_2_max_dsp_32_u/U0/i_synth/MULT.OP/R_AND_R/LAT_OPT.FULL.R_AND_R/DSP48E1_SGL_EXP_IP.OLD_ADD.ADD/DSP: DSP48E1 is not using the Multiplier (USE_MULT = NONE). For improved power characteristics, set DREG and ADREG to '1', tie CED, CEAD, and RSTD to logic '0'.
Related violations: <none>


