
*** Running vivado
    with args -log DCT.vdi -applog -m64 -messageDb vivado.pb -mode batch -source DCT.tcl -notrace


****** Vivado v2015.1 (64-bit)
  **** SW Build 1215546 on Mon Apr 27 19:22:08 MDT 2015
  **** IP Build 1209967 on Tue Apr 21 11:39:20 MDT 2015
    ** Copyright 1986-2015 Xilinx, Inc. All Rights Reserved.

source DCT.tcl -notrace
Command: open_checkpoint E:/Ubuntu_source_code_data/ECE_527_MP/mp4/dct/solution2optimize/impl/verilog/project.runs/impl_1/DCT.dcp
INFO: [Project 1-479] Netlist was created with Vivado 2015.1
INFO: [Device 21-403] Loading part xc7z020clg484-1
INFO: [Project 1-570] Preparing netlist for logic optimization
Parsing XDC File [E:/Ubuntu_source_code_data/ECE_527_MP/mp4/dct/solution2optimize/impl/verilog/project.runs/impl_1/.Xil/Vivado-6680-zombie/dcp/DCT.xdc]
Finished Parsing XDC File [E:/Ubuntu_source_code_data/ECE_527_MP/mp4/dct/solution2optimize/impl/verilog/project.runs/impl_1/.Xil/Vivado-6680-zombie/dcp/DCT.xdc]
INFO: [Project 1-111] Unisim Transformation Summary:
No Unisim elements were transformed.

INFO: [Project 1-484] Checkpoint was created with build 1215546
open_checkpoint: Time (s): cpu = 00:00:05 ; elapsed = 00:00:10 . Memory (MB): peak = 466.742 ; gain = 274.246
Command: opt_design
Attempting to get a license for feature 'Implementation' and/or device 'xc7z020'
INFO: [Common 17-349] Got license for feature 'Implementation' and/or device 'xc7z020'
Running DRC as a precondition to command opt_design

Starting DRC Task
INFO: [DRC 23-27] Running DRC with 2 threads
INFO: [Project 1-461] DRC finished with 0 Errors
INFO: [Project 1-462] Please refer to the DRC report (report_drc) for more information.

Time (s): cpu = 00:00:00 ; elapsed = 00:00:00.078 . Memory (MB): peak = 470.707 ; gain = 1.977
INFO: [Timing 38-35] Done setting XDC timing constraints.

Starting Logic Optimization Task

Phase 1 Retarget

INFO: [Opt 31-138] Pushed 0 inverter(s) to 0 load pin(s).
INFO: [Opt 31-49] Retargeted 0 cell(s).
Phase 1 Retarget | Checksum: 30e7c209

Time (s): cpu = 00:00:00 ; elapsed = 00:00:00.010 . Memory (MB): peak = 873.660 ; gain = 0.000

Phase 2 Constant Propagation
INFO: [Opt 31-138] Pushed 0 inverter(s) to 0 load pin(s).
INFO: [Opt 31-10] Eliminated 0 cells.
Phase 2 Constant Propagation | Checksum: 30e7c209

Time (s): cpu = 00:00:00 ; elapsed = 00:00:00.011 . Memory (MB): peak = 873.660 ; gain = 0.000

Phase 3 Sweep
INFO: [Opt 31-12] Eliminated 0 unconnected nets.
INFO: [Opt 31-11] Eliminated 0 unconnected cells.
Phase 3 Sweep | Checksum: 30e7c209

Time (s): cpu = 00:00:00 ; elapsed = 00:00:00.012 . Memory (MB): peak = 873.660 ; gain = 0.000

Starting Connectivity Check Task

Time (s): cpu = 00:00:00 ; elapsed = 00:00:00.001 . Memory (MB): peak = 873.660 ; gain = 0.000
Ending Logic Optimization Task | Checksum: 30e7c209

Time (s): cpu = 00:00:00 ; elapsed = 00:00:00.013 . Memory (MB): peak = 873.660 ; gain = 0.000
Implement Debug Cores | Checksum: 30e7c209
Logic Optimization | Checksum: 30e7c209

Starting Power Optimization Task
INFO: [Pwropt 34-132] Skipping clock gating for clocks with a period < 3.13 ns.
Ending Power Optimization Task | Checksum: 30e7c209

Time (s): cpu = 00:00:00 ; elapsed = 00:00:00.007 . Memory (MB): peak = 873.660 ; gain = 0.000
INFO: [Common 17-83] Releasing license: Implementation
18 Infos, 0 Warnings, 0 Critical Warnings and 0 Errors encountered.
opt_design completed successfully
opt_design: Time (s): cpu = 00:00:14 ; elapsed = 00:00:22 . Memory (MB): peak = 873.660 ; gain = 406.918
INFO: [Timing 38-35] Done setting XDC timing constraints.
INFO: [DRC 23-27] Running DRC with 2 threads
INFO: [Coretcl 2-168] The results of DRC are in file E:/Ubuntu_source_code_data/ECE_527_MP/mp4/dct/solution2optimize/impl/verilog/project.runs/impl_1/DCT_drc_opted.rpt.
Command: place_design
Attempting to get a license for feature 'Implementation' and/or device 'xc7z020'
INFO: [Common 17-349] Got license for feature 'Implementation' and/or device 'xc7z020'
INFO: [DRC 23-27] Running DRC with 2 threads
INFO: [Vivado_Tcl 4-198] DRC finished with 0 Errors
INFO: [Vivado_Tcl 4-199] Please refer to the DRC report (report_drc) for more information.
Running DRC as a precondition to command place_design
INFO: [DRC 23-27] Running DRC with 2 threads
INFO: [Vivado_Tcl 4-198] DRC finished with 0 Errors
INFO: [Vivado_Tcl 4-199] Please refer to the DRC report (report_drc) for more information.

Starting Placer Task
INFO: [Place 30-611] Multithreading enabled for place_design using a maximum of 2 CPUs

Phase 1 Placer Runtime Estimator
Phase 1 Placer Runtime Estimator | Checksum: 00000000

Time (s): cpu = 00:00:00 ; elapsed = 00:00:00.020 . Memory (MB): peak = 903.500 ; gain = 0.000

Phase 2 Placer Initialization
Netlist sorting complete. Time (s): cpu = 00:00:00 ; elapsed = 00:00:00 . Memory (MB): peak = 903.500 ; gain = 0.000
Netlist sorting complete. Time (s): cpu = 00:00:00 ; elapsed = 00:00:00 . Memory (MB): peak = 903.500 ; gain = 0.000

Phase 2.1 IO Placement/ Clock Placement/ Build Placer Device

Phase 2.1.1 Pre-Place Cells
Phase 2.1.1 Pre-Place Cells | Checksum: 00000000

Time (s): cpu = 00:00:00 ; elapsed = 00:00:00.030 . Memory (MB): peak = 903.500 ; gain = 0.000

Phase 2.1.2 IO & Clk Clean Up
Phase 2.1.2 IO & Clk Clean Up | Checksum: 00000000

Time (s): cpu = 00:00:01 ; elapsed = 00:00:00.556 . Memory (MB): peak = 903.500 ; gain = 0.000

Phase 2.1.3 Implementation Feasibility check On IDelay
Phase 2.1.3 Implementation Feasibility check On IDelay | Checksum: 00000000

Time (s): cpu = 00:00:01 ; elapsed = 00:00:00.556 . Memory (MB): peak = 903.500 ; gain = 0.000

Phase 2.1.4 Commit IO Placement
Phase 2.1.4 Commit IO Placement | Checksum: 00000000

Time (s): cpu = 00:00:01 ; elapsed = 00:00:00.556 . Memory (MB): peak = 903.500 ; gain = 0.000
Phase 2.1 IO Placement/ Clock Placement/ Build Placer Device | Checksum: 508e41f2

Time (s): cpu = 00:00:01 ; elapsed = 00:00:00.566 . Memory (MB): peak = 903.500 ; gain = 0.000

Phase 2.2 Build Placer Netlist Model

Phase 2.2.1 Place Init Design

Phase 2.2.1.1 Init Lut Pin Assignment
Phase 2.2.1.1 Init Lut Pin Assignment | Checksum: db4deb52

Time (s): cpu = 00:00:01 ; elapsed = 00:00:00.566 . Memory (MB): peak = 903.500 ; gain = 0.000
Phase 2.2.1 Place Init Design | Checksum: d5cc486a

Time (s): cpu = 00:00:01 ; elapsed = 00:00:00.576 . Memory (MB): peak = 903.500 ; gain = 0.000
Phase 2.2 Build Placer Netlist Model | Checksum: d5cc486a

Time (s): cpu = 00:00:01 ; elapsed = 00:00:00.576 . Memory (MB): peak = 903.500 ; gain = 0.000

Phase 2.3 Constrain Clocks/Macros

Phase 2.3.1 Constrain Global/Regional Clocks
Phase 2.3.1 Constrain Global/Regional Clocks | Checksum: d5cc486a

Time (s): cpu = 00:00:01 ; elapsed = 00:00:00.576 . Memory (MB): peak = 903.500 ; gain = 0.000
Phase 2.3 Constrain Clocks/Macros | Checksum: d5cc486a

Time (s): cpu = 00:00:01 ; elapsed = 00:00:00.576 . Memory (MB): peak = 903.500 ; gain = 0.000
Phase 2 Placer Initialization | Checksum: d5cc486a

Time (s): cpu = 00:00:01 ; elapsed = 00:00:00.576 . Memory (MB): peak = 903.500 ; gain = 0.000

Phase 3 Global Placement
Phase 3 Global Placement | Checksum: 921e4af8

Time (s): cpu = 00:00:01 ; elapsed = 00:00:00.769 . Memory (MB): peak = 903.500 ; gain = 0.000

Phase 4 Detail Placement

Phase 4.1 Commit Multi Column Macros
Phase 4.1 Commit Multi Column Macros | Checksum: 921e4af8

Time (s): cpu = 00:00:01 ; elapsed = 00:00:00.769 . Memory (MB): peak = 903.500 ; gain = 0.000

Phase 4.2 Commit Most Macros & LUTRAMs
Phase 4.2 Commit Most Macros & LUTRAMs | Checksum: dcca167a

Time (s): cpu = 00:00:01 ; elapsed = 00:00:00.779 . Memory (MB): peak = 903.500 ; gain = 0.000

Phase 4.3 Area Swap Optimization
Phase 4.3 Area Swap Optimization | Checksum: 10d850056

Time (s): cpu = 00:00:01 ; elapsed = 00:00:00.789 . Memory (MB): peak = 903.500 ; gain = 0.000

Phase 4.4 Small Shape Detail Placement

Phase 4.4.1 Commit Small Macros & Core Logic

Phase 4.4.1.1 Commit Slice Clusters
Phase 4.4.1.1 Commit Slice Clusters | Checksum: 1a3aa8440

Time (s): cpu = 00:00:01 ; elapsed = 00:00:00.899 . Memory (MB): peak = 903.500 ; gain = 0.000
Phase 4.4.1 Commit Small Macros & Core Logic | Checksum: 1a3aa8440

Time (s): cpu = 00:00:01 ; elapsed = 00:00:00.899 . Memory (MB): peak = 903.500 ; gain = 0.000

Phase 4.4.2 Clock Restriction Legalization for Leaf Columns
Phase 4.4.2 Clock Restriction Legalization for Leaf Columns | Checksum: 1a3aa8440

Time (s): cpu = 00:00:01 ; elapsed = 00:00:00.909 . Memory (MB): peak = 903.500 ; gain = 0.000

Phase 4.4.3 Clock Restriction Legalization for Non-Clock Pins
Phase 4.4.3 Clock Restriction Legalization for Non-Clock Pins | Checksum: 1a3aa8440

Time (s): cpu = 00:00:01 ; elapsed = 00:00:00.909 . Memory (MB): peak = 903.500 ; gain = 0.000
Phase 4.4 Small Shape Detail Placement | Checksum: 1a3aa8440

Time (s): cpu = 00:00:01 ; elapsed = 00:00:00.909 . Memory (MB): peak = 903.500 ; gain = 0.000

Phase 4.5 Re-assign LUT pins
Phase 4.5 Re-assign LUT pins | Checksum: 1a3aa8440

Time (s): cpu = 00:00:01 ; elapsed = 00:00:00.919 . Memory (MB): peak = 903.500 ; gain = 0.000
Phase 4 Detail Placement | Checksum: 1a3aa8440

Time (s): cpu = 00:00:01 ; elapsed = 00:00:00.919 . Memory (MB): peak = 903.500 ; gain = 0.000

Phase 5 Post Placement Optimization and Clean-Up

Phase 5.1 PCOPT Shape updates
Phase 5.1 PCOPT Shape updates | Checksum: 1a3aa8440

Time (s): cpu = 00:00:01 ; elapsed = 00:00:00.919 . Memory (MB): peak = 903.500 ; gain = 0.000

Phase 5.2 Post Commit Optimization
Phase 5.2 Post Commit Optimization | Checksum: 1a3aa8440

Time (s): cpu = 00:00:01 ; elapsed = 00:00:00.919 . Memory (MB): peak = 903.500 ; gain = 0.000

Phase 5.3 Sweep Clock Roots: Post-Placement
Phase 5.3 Sweep Clock Roots: Post-Placement | Checksum: 1a3aa8440

Time (s): cpu = 00:00:01 ; elapsed = 00:00:00.919 . Memory (MB): peak = 903.500 ; gain = 0.000

Phase 5.4 Post Placement Cleanup
Phase 5.4 Post Placement Cleanup | Checksum: 1a3aa8440

Time (s): cpu = 00:00:01 ; elapsed = 00:00:00.919 . Memory (MB): peak = 903.500 ; gain = 0.000

Phase 5.5 Placer Reporting
Phase 5.5 Placer Reporting | Checksum: 1a3aa8440

Time (s): cpu = 00:00:01 ; elapsed = 00:00:00.919 . Memory (MB): peak = 903.500 ; gain = 0.000

Phase 5.6 Final Placement Cleanup
Phase 5.6 Final Placement Cleanup | Checksum: 1531c424e

Time (s): cpu = 00:00:01 ; elapsed = 00:00:00.919 . Memory (MB): peak = 903.500 ; gain = 0.000
Phase 5 Post Placement Optimization and Clean-Up | Checksum: 1531c424e

Time (s): cpu = 00:00:01 ; elapsed = 00:00:00.919 . Memory (MB): peak = 903.500 ; gain = 0.000
Ending Placer Task | Checksum: 98af36c8

Time (s): cpu = 00:00:01 ; elapsed = 00:00:00.929 . Memory (MB): peak = 903.500 ; gain = 0.000
INFO: [Common 17-83] Releasing license: Implementation
30 Infos, 0 Warnings, 0 Critical Warnings and 0 Errors encountered.
place_design completed successfully
place_design: Time (s): cpu = 00:00:02 ; elapsed = 00:00:11 . Memory (MB): peak = 903.500 ; gain = 2.016
Writing placer database...
Writing XDEF routing.
Writing XDEF routing logical nets.
Writing XDEF routing special nets.
Write XDEF Complete: Time (s): cpu = 00:00:00 ; elapsed = 00:00:00.060 . Memory (MB): peak = 903.500 ; gain = 0.000
report_io: Time (s): cpu = 00:00:00 ; elapsed = 00:00:00.057 . Memory (MB): peak = 903.500 ; gain = 0.000
report_utilization: Time (s): cpu = 00:00:00 ; elapsed = 00:00:00.048 . Memory (MB): peak = 903.500 ; gain = 0.000
report_control_sets: Time (s): cpu = 00:00:00 ; elapsed = 00:00:00.001 . Memory (MB): peak = 903.500 ; gain = 0.000
Command: phys_opt_design
Attempting to get a license for feature 'Implementation' and/or device 'xc7z020'
INFO: [Common 17-349] Got license for feature 'Implementation' and/or device 'xc7z020'

Starting Physical Synthesis Task

Phase 1 Physical Synthesis Initialization
INFO: [Physopt 32-721] Multithreading enabled for phys_opt_design using a maximum of 2 CPUs
Phase 1 Physical Synthesis Initialization | Checksum: c996f8d1

Time (s): cpu = 00:00:01 ; elapsed = 00:00:00.582 . Memory (MB): peak = 903.500 ; gain = 0.000
Netlist sorting complete. Time (s): cpu = 00:00:00 ; elapsed = 00:00:00 . Memory (MB): peak = 903.500 ; gain = 0.000
INFO: [Physopt 32-619] Estimated Timing Summary | WNS=0.000 | TNS=0.000 |

Phase 2 Fanout Optimization
INFO: [Physopt 32-64] No nets found for fanout-optimization.
Phase 2 Fanout Optimization | Checksum: c996f8d1

Time (s): cpu = 00:00:01 ; elapsed = 00:00:00.592 . Memory (MB): peak = 903.500 ; gain = 0.000

Phase 3 Placement Based Optimization
INFO: [Physopt 32-540] No nets found for placement-based optimization.
Phase 3 Placement Based Optimization | Checksum: c996f8d1

Time (s): cpu = 00:00:01 ; elapsed = 00:00:00.592 . Memory (MB): peak = 903.500 ; gain = 0.000

Phase 4 Rewire
INFO: [Physopt 32-246] Starting Signal Push optimization...
INFO: [Physopt 32-241] No nets found for rewiring (Signal Push) optimization.
Netlist sorting complete. Time (s): cpu = 00:00:00 ; elapsed = 00:00:00 . Memory (MB): peak = 903.500 ; gain = 0.000
Phase 4 Rewire | Checksum: c996f8d1

Time (s): cpu = 00:00:01 ; elapsed = 00:00:00.592 . Memory (MB): peak = 903.500 ; gain = 0.000

Phase 5 Critical Cell Optimization
INFO: [Physopt 32-68] No nets found for critical-cell optimization.
Phase 5 Critical Cell Optimization | Checksum: c996f8d1

Time (s): cpu = 00:00:01 ; elapsed = 00:00:00.592 . Memory (MB): peak = 903.500 ; gain = 0.000

Phase 6 DSP Register Optimization
INFO: [Physopt 32-456] No candidate cells for DSP register optimization found in the design.
Phase 6 DSP Register Optimization | Checksum: c996f8d1

Time (s): cpu = 00:00:01 ; elapsed = 00:00:00.592 . Memory (MB): peak = 903.500 ; gain = 0.000

Phase 7 BRAM Register Optimization
INFO: [Physopt 32-526] No candidate cells for BRAM register optimization found in the design
Phase 7 BRAM Register Optimization | Checksum: c996f8d1

Time (s): cpu = 00:00:01 ; elapsed = 00:00:00.592 . Memory (MB): peak = 903.500 ; gain = 0.000

Phase 8 Shift Register Optimization
INFO: [Physopt 32-677] No candidate cells for Shift Register optimization found in the design
Phase 8 Shift Register Optimization | Checksum: c996f8d1

Time (s): cpu = 00:00:01 ; elapsed = 00:00:00.592 . Memory (MB): peak = 903.500 ; gain = 0.000

Phase 9 Critical Pin Optimization
INFO: [Physopt 32-607] No candidate nets found for critical-pin optimization.
Phase 9 Critical Pin Optimization | Checksum: c996f8d1

Time (s): cpu = 00:00:01 ; elapsed = 00:00:00.592 . Memory (MB): peak = 903.500 ; gain = 0.000

Phase 10 Very High Fanout Optimization
INFO: [Physopt 32-64] No nets found for fanout-optimization.
Phase 10 Very High Fanout Optimization | Checksum: c996f8d1

Time (s): cpu = 00:00:01 ; elapsed = 00:00:00.592 . Memory (MB): peak = 903.500 ; gain = 0.000

Phase 11 BRAM Enable Optimization
Phase 11 BRAM Enable Optimization | Checksum: c996f8d1

Time (s): cpu = 00:00:01 ; elapsed = 00:00:00.592 . Memory (MB): peak = 903.500 ; gain = 0.000
Netlist sorting complete. Time (s): cpu = 00:00:00 ; elapsed = 00:00:00 . Memory (MB): peak = 903.500 ; gain = 0.000
INFO: [Physopt 32-603] Post Physical Optimization Timing Summary | WNS=0.000 | TNS=0.000 |
Ending Physical Synthesis Task | Checksum: c996f8d1

Time (s): cpu = 00:00:01 ; elapsed = 00:00:00.592 . Memory (MB): peak = 903.500 ; gain = 0.000
INFO: [Common 17-83] Releasing license: Implementation
45 Infos, 0 Warnings, 0 Critical Warnings and 0 Errors encountered.
phys_opt_design completed successfully
phys_opt_design: Time (s): cpu = 00:00:01 ; elapsed = 00:00:08 . Memory (MB): peak = 903.500 ; gain = 0.000
Writing placer database...
Writing XDEF routing.
Writing XDEF routing logical nets.
Writing XDEF routing special nets.
Write XDEF Complete: Time (s): cpu = 00:00:00 ; elapsed = 00:00:00.050 . Memory (MB): peak = 903.500 ; gain = 0.000
Command: route_design
Attempting to get a license for feature 'Implementation' and/or device 'xc7z020'
INFO: [Common 17-349] Got license for feature 'Implementation' and/or device 'xc7z020'
Running DRC as a precondition to command route_design
INFO: [DRC 23-27] Running DRC with 2 threads
INFO: [Vivado_Tcl 4-198] DRC finished with 0 Errors
INFO: [Vivado_Tcl 4-199] Please refer to the DRC report (report_drc) for more information.


Starting Routing Task
INFO: [Route 35-254] Multithreading enabled for route_design using a maximum of 2 CPUs

Phase 1 Build RT Design
WARNING: [Route 35-198] Port "ap_rst" does not have an associated HD.PARTPIN_LOCS, which will prevent the partial routing of the signal "ap_rst". Without this partial route, timing analysis to/from this port will not be accurate, and no routing information for this port can be exported.
WARNING: [Route 35-198] Port "X_empty_n" does not have an associated HD.PARTPIN_LOCS, which will prevent the partial routing of the signal "X_empty_n". Without this partial route, timing analysis to/from this port will not be accurate, and no routing information for this port can be exported.
WARNING: [Route 35-198] Port "Y_full_n" does not have an associated HD.PARTPIN_LOCS, which will prevent the partial routing of the signal "Y_full_n". Without this partial route, timing analysis to/from this port will not be accurate, and no routing information for this port can be exported.
Phase 1 Build RT Design | Checksum: 11feaf62a

Time (s): cpu = 00:00:33 ; elapsed = 00:00:30 . Memory (MB): peak = 1030.816 ; gain = 127.316

Phase 2 Router Initialization

Phase 2.1 Create Timer
Phase 2.1 Create Timer | Checksum: 11feaf62a

Time (s): cpu = 00:00:33 ; elapsed = 00:00:30 . Memory (MB): peak = 1032.426 ; gain = 128.926

Phase 2.2 Pre Route Cleanup
Phase 2.2 Pre Route Cleanup | Checksum: 11feaf62a

Time (s): cpu = 00:00:33 ; elapsed = 00:00:30 . Memory (MB): peak = 1039.945 ; gain = 136.445

Phase 2.3 Update Timing
Phase 2.3 Update Timing | Checksum: 11feaf62a

Time (s): cpu = 00:00:33 ; elapsed = 00:00:30 . Memory (MB): peak = 1042.625 ; gain = 139.125
INFO: [Route 35-57] Estimated Timing Summary | WNS=1000000015047466200000000000000000000000.000| TNS=0.000  | WHS=1000000015047466200000000000000000000000.000| THS=0.000  |

Phase 2 Router Initialization | Checksum: 11feaf62a

Time (s): cpu = 00:00:33 ; elapsed = 00:00:30 . Memory (MB): peak = 1042.625 ; gain = 139.125

Phase 3 Initial Routing
 Number of Nodes with overlaps = 0
Phase 3 Initial Routing | Checksum: 1546d9c46

Time (s): cpu = 00:00:33 ; elapsed = 00:00:30 . Memory (MB): peak = 1042.625 ; gain = 139.125

Phase 4 Rip-up And Reroute

Phase 4.1 Global Iteration 0

Phase 4.1.1 Update Timing
Phase 4.1.1 Update Timing | Checksum: 1546d9c46

Time (s): cpu = 00:00:33 ; elapsed = 00:00:30 . Memory (MB): peak = 1042.625 ; gain = 139.125
INFO: [Route 35-57] Estimated Timing Summary | WNS=1000000015047466200000000000000000000000.000| TNS=0.000  | WHS=N/A    | THS=N/A    |

Phase 4.1 Global Iteration 0 | Checksum: 1546d9c46

Time (s): cpu = 00:00:33 ; elapsed = 00:00:30 . Memory (MB): peak = 1042.625 ; gain = 139.125

Phase 4.2 Global Iteration 1

Phase 4.2.1 Update Timing
Phase 4.2.1 Update Timing | Checksum: 1546d9c46

Time (s): cpu = 00:00:33 ; elapsed = 00:00:30 . Memory (MB): peak = 1042.625 ; gain = 139.125
INFO: [Route 35-57] Estimated Timing Summary | WNS=1000000015047466200000000000000000000000.000| TNS=0.000  | WHS=N/A    | THS=N/A    |

Phase 4.2 Global Iteration 1 | Checksum: 1546d9c46

Time (s): cpu = 00:00:33 ; elapsed = 00:00:30 . Memory (MB): peak = 1042.625 ; gain = 139.125

Phase 4.3 Global Iteration 2

Phase 4.3.1 Update Timing
Phase 4.3.1 Update Timing | Checksum: 1546d9c46

Time (s): cpu = 00:00:33 ; elapsed = 00:00:30 . Memory (MB): peak = 1042.625 ; gain = 139.125
INFO: [Route 35-57] Estimated Timing Summary | WNS=1000000015047466200000000000000000000000.000| TNS=0.000  | WHS=N/A    | THS=N/A    |

Phase 4.3 Global Iteration 2 | Checksum: 1546d9c46

Time (s): cpu = 00:00:33 ; elapsed = 00:00:30 . Memory (MB): peak = 1042.625 ; gain = 139.125

Phase 4.4 Global Iteration 3

Phase 4.4.1 Update Timing
Phase 4.4.1 Update Timing | Checksum: 1546d9c46

Time (s): cpu = 00:00:33 ; elapsed = 00:00:30 . Memory (MB): peak = 1042.625 ; gain = 139.125
INFO: [Route 35-57] Estimated Timing Summary | WNS=1000000015047466200000000000000000000000.000| TNS=0.000  | WHS=N/A    | THS=N/A    |

Phase 4.4 Global Iteration 3 | Checksum: 1546d9c46

Time (s): cpu = 00:00:33 ; elapsed = 00:00:30 . Memory (MB): peak = 1042.625 ; gain = 139.125

Phase 4.5 Global Iteration 4

Phase 4.5.1 Update Timing
Phase 4.5.1 Update Timing | Checksum: 1546d9c46

Time (s): cpu = 00:00:33 ; elapsed = 00:00:30 . Memory (MB): peak = 1042.625 ; gain = 139.125
INFO: [Route 35-57] Estimated Timing Summary | WNS=1000000015047466200000000000000000000000.000| TNS=0.000  | WHS=N/A    | THS=N/A    |

Phase 4.5 Global Iteration 4 | Checksum: 1546d9c46

Time (s): cpu = 00:00:33 ; elapsed = 00:00:30 . Memory (MB): peak = 1042.625 ; gain = 139.125
Phase 4 Rip-up And Reroute | Checksum: 1546d9c46

Time (s): cpu = 00:00:33 ; elapsed = 00:00:30 . Memory (MB): peak = 1042.625 ; gain = 139.125

Phase 5 Delay and Skew Optimization

Phase 5.1 Delay CleanUp

Phase 5.1.1 Update Timing
Phase 5.1.1 Update Timing | Checksum: 1546d9c46

Time (s): cpu = 00:00:33 ; elapsed = 00:00:30 . Memory (MB): peak = 1042.625 ; gain = 139.125
INFO: [Route 35-57] Estimated Timing Summary | WNS=1000000015047466200000000000000000000000.000| TNS=0.000  | WHS=N/A    | THS=N/A    |

Phase 5.1 Delay CleanUp | Checksum: 1546d9c46

Time (s): cpu = 00:00:33 ; elapsed = 00:00:30 . Memory (MB): peak = 1042.625 ; gain = 139.125

Phase 5.2 Clock Skew Optimization
Phase 5.2 Clock Skew Optimization | Checksum: 1546d9c46

Time (s): cpu = 00:00:33 ; elapsed = 00:00:30 . Memory (MB): peak = 1042.625 ; gain = 139.125
Phase 5 Delay and Skew Optimization | Checksum: 1546d9c46

Time (s): cpu = 00:00:33 ; elapsed = 00:00:30 . Memory (MB): peak = 1042.625 ; gain = 139.125

Phase 6 Post Hold Fix

Phase 6.1 Update Timing
Phase 6.1 Update Timing | Checksum: 1546d9c46

Time (s): cpu = 00:00:33 ; elapsed = 00:00:30 . Memory (MB): peak = 1042.625 ; gain = 139.125
INFO: [Route 35-57] Estimated Timing Summary | WNS=1000000015047466200000000000000000000000.000| TNS=0.000  | WHS=1000000015047466200000000000000000000000.000| THS=0.000  |

Phase 6 Post Hold Fix | Checksum: 1546d9c46

Time (s): cpu = 00:00:33 ; elapsed = 00:00:30 . Memory (MB): peak = 1042.625 ; gain = 139.125

Phase 7 Route finalize

Router Utilization Summary
  Global Vertical Routing Utilization    = 0 %
  Global Horizontal Routing Utilization  = 0 %
  Routable Net Status*
  *Does not include unroutable nets such as driverless and loadless.
  Run report_route_status for detailed report.
  Number of Failed Nets               = 0
  Number of Unrouted Nets             = 0
  Number of Partially Routed Nets     = 0
  Number of Node Overlaps             = 0

Phase 7 Route finalize | Checksum: 1546d9c46

Time (s): cpu = 00:00:33 ; elapsed = 00:00:30 . Memory (MB): peak = 1042.625 ; gain = 139.125

Phase 8 Verifying routed nets

 Verification completed successfully
Phase 8 Verifying routed nets | Checksum: 1546d9c46

Time (s): cpu = 00:00:33 ; elapsed = 00:00:30 . Memory (MB): peak = 1043.523 ; gain = 140.023

Phase 9 Depositing Routes
Phase 9 Depositing Routes | Checksum: 1c08b1533

Time (s): cpu = 00:00:33 ; elapsed = 00:00:30 . Memory (MB): peak = 1043.523 ; gain = 140.023

Phase 10 Post Router Timing
INFO: [Route 35-57] Estimated Timing Summary | WNS=1000000015047466200000000000000000000000.000| TNS=0.000  | WHS=1000000015047466200000000000000000000000.000| THS=0.000  |

INFO: [Route 35-327] The final timing numbers are based on the router estimated timing analysis. For a complete and accurate timing signoff, please run report_timing_summary.
Phase 10 Post Router Timing | Checksum: 1c08b1533

Time (s): cpu = 00:00:33 ; elapsed = 00:00:30 . Memory (MB): peak = 1043.523 ; gain = 140.023
INFO: [Route 35-16] Router Completed Successfully

Time (s): cpu = 00:00:33 ; elapsed = 00:00:30 . Memory (MB): peak = 1043.523 ; gain = 140.023

Routing Is Done.
INFO: [Common 17-83] Releasing license: Implementation
62 Infos, 3 Warnings, 0 Critical Warnings and 0 Errors encountered.
route_design completed successfully
route_design: Time (s): cpu = 00:00:35 ; elapsed = 00:00:42 . Memory (MB): peak = 1043.523 ; gain = 140.023
Writing placer database...
Writing XDEF routing.
Writing XDEF routing logical nets.
Writing XDEF routing special nets.
Write XDEF Complete: Time (s): cpu = 00:00:00 ; elapsed = 00:00:00.055 . Memory (MB): peak = 1043.523 ; gain = 0.000
INFO: [DRC 23-27] Running DRC with 2 threads
INFO: [Coretcl 2-168] The results of DRC are in file E:/Ubuntu_source_code_data/ECE_527_MP/mp4/dct/solution2optimize/impl/verilog/project.runs/impl_1/DCT_drc_routed.rpt.
INFO: [Timing 38-91] UpdateTimingParams: Speed grade: -1, Delay Type: min_max.
INFO: [Timing 38-191] Multithreading enabled for timing update using a maximum of 2 CPUs
Running Vector-less Activity Propagation...

Finished Running Vector-less Activity Propagation
INFO: [Common 17-206] Exiting Vivado at Thu Oct 29 01:13:54 2015...
