

================================================================
== Vivado HLS Report for 'DCT_MAT_Multiply_Loop_Row_proc440'
================================================================
* Date:           Thu Oct 22 22:21:32 2015

* Version:        2015.1 (Build 1215546 on Mon Apr 27 19:24:50 PM 2015)
* Project:        dct
* Solution:       solution2optimize
* Product family: zynq
* Target device:  xc7z020clg484-1


================================================================
== Performance Estimates
================================================================
+ Timing (ns): 
    * Summary: 
    +---------+-------+----------+------------+
    |  Clock  | Target| Estimated| Uncertainty|
    +---------+-------+----------+------------+
    |default  |  10.00|      7.64|        1.25|
    +---------+-------+----------+------------+

+ Latency (clock cycles): 
    * Summary: 
    +-----+-----+-----+-----+---------+
    |  Latency  |  Interval | Pipeline|
    | min | max | min | max |   Type  |
    +-----+-----+-----+-----+---------+
    |  110|  110|  110|  110|   none  |
    +-----+-----+-----+-----+---------+

    + Detail: 
        * Instance: 
        N/A

        * Loop: 
        +-----------+-----+-----+----------+-----------+-----------+------+----------+
        |           |  Latency  | Iteration|  Initiation Interval  | Trip |          |
        | Loop Name | min | max |  Latency |  achieved |   target  | Count| Pipelined|
        +-----------+-----+-----+----------+-----------+-----------+------+----------+
        |- Row_Col  |  108|  108|        46|          1|          1|    64|    yes   |
        +-----------+-----+-----+----------+-----------+-----------+------+----------+



================================================================
== Utilization Estimates
================================================================
* Summary: 
+-----------------+---------+-------+--------+-------+
|       Name      | BRAM_18K| DSP48E|   FF   |  LUT  |
+-----------------+---------+-------+--------+-------+
|Expression       |        -|      -|       -|      -|
|FIFO             |        -|      -|       -|      -|
|Instance         |        -|      -|       -|      -|
|Memory           |        -|      -|       -|      -|
|Multiplexer      |        -|      -|       -|      -|
|Register         |        -|      -|       -|      -|
+-----------------+---------+-------+--------+-------+
|Total            |        0|      0|       0|      0|
+-----------------+---------+-------+--------+-------+
|Available        |      280|    220|  106400|  53200|
+-----------------+---------+-------+--------+-------+
|Utilization (%)  |        0|      0|       0|      0|
+-----------------+---------+-------+--------+-------+

+ Detail: 
    * Instance: 
    N/A

    * Memory: 
    N/A

    * FIFO: 
    N/A

    * Expression: 
    N/A

    * Multiplexer: 
    N/A

    * Register: 
    N/A



================================================================
== Interface
================================================================
* Summary: 
N/A

============================================================
+ Verbose Summary: Synthesis Manager
============================================================
InlineROM: 1
ExposeGlobal: 0
============================================================
+ Verbose Summary: CDFG Model
============================================================
IsTopModel: 0
ResetActiveHigh: 1
IsCombinational: 2
IsDatapathOnly: 0
HasWiredReturn: 1
HasMFsm: 0
HasVarLatency: 1
IsPipeline: 0
IsRtlPipelined: 0
IsInstanceOverlapped: 0
IsDontTouch: 0
HasImplIP: 0
IsGatedGlobalClock: 0

+ Individual pipeline summary: 
  * Pipeline-0: initiation interval (II) = 1, depth = 46


============================================================
+ Verbose Summary: Schedule
============================================================
* Number of FSM states: 48
* Pipeline: 1
  Pipeline-0: II = 1, D = 46, States = { 2 3 4 5 6 7 8 9 10 11 12 13 14 15 16 17 18 19 20 21 22 23 24 25 26 27 28 29 30 31 32 33 34 35 36 37 38 39 40 41 42 43 44 45 46 47 }
* Dataflow Pipeline: 0

* FSM state transitions: 
1 --> 
	2  / true
2 --> 
	48  / (exitcond_flatten)
	3  / (!exitcond_flatten)
3 --> 
	4  / true
4 --> 
	5  / true
5 --> 
	6  / true
6 --> 
	7  / true
7 --> 
	8  / true
8 --> 
	9  / true
9 --> 
	10  / true
10 --> 
	11  / true
11 --> 
	12  / true
12 --> 
	13  / true
13 --> 
	14  / true
14 --> 
	15  / true
15 --> 
	16  / true
16 --> 
	17  / true
17 --> 
	18  / true
18 --> 
	19  / true
19 --> 
	20  / true
20 --> 
	21  / true
21 --> 
	22  / true
22 --> 
	23  / true
23 --> 
	24  / true
24 --> 
	25  / true
25 --> 
	26  / true
26 --> 
	27  / true
27 --> 
	28  / true
28 --> 
	29  / true
29 --> 
	30  / true
30 --> 
	31  / true
31 --> 
	32  / true
32 --> 
	33  / true
33 --> 
	34  / true
34 --> 
	35  / true
35 --> 
	36  / true
36 --> 
	37  / true
37 --> 
	38  / true
38 --> 
	39  / true
39 --> 
	40  / true
40 --> 
	41  / true
41 --> 
	42  / true
42 --> 
	43  / true
43 --> 
	44  / true
44 --> 
	45  / true
45 --> 
	46  / true
46 --> 
	47  / true
47 --> 
	2  / true
48 --> 
* FSM state operations: 

 <State 1>: 4.38ns
ST_1: p_read_1 [1/1] 0.00ns
entry:0  %p_read_1 = call float @_ssdm_op_Read.ap_auto.float(float %p_read63)

ST_1: p_read_2 [1/1] 0.00ns
entry:1  %p_read_2 = call float @_ssdm_op_Read.ap_auto.float(float %p_read62)

ST_1: p_read_3 [1/1] 0.00ns
entry:2  %p_read_3 = call float @_ssdm_op_Read.ap_auto.float(float %p_read61)

ST_1: p_read_4 [1/1] 0.00ns
entry:3  %p_read_4 = call float @_ssdm_op_Read.ap_auto.float(float %p_read60)

ST_1: p_read_5 [1/1] 0.00ns
entry:4  %p_read_5 = call float @_ssdm_op_Read.ap_auto.float(float %p_read59)

ST_1: p_read_6 [1/1] 0.00ns
entry:5  %p_read_6 = call float @_ssdm_op_Read.ap_auto.float(float %p_read58)

ST_1: p_read_7 [1/1] 0.00ns
entry:6  %p_read_7 = call float @_ssdm_op_Read.ap_auto.float(float %p_read57)

ST_1: p_read_8 [1/1] 0.00ns
entry:7  %p_read_8 = call float @_ssdm_op_Read.ap_auto.float(float %p_read56)

ST_1: p_read_9 [1/1] 0.00ns
entry:8  %p_read_9 = call float @_ssdm_op_Read.ap_auto.float(float %p_read55)

ST_1: p_read_10 [1/1] 0.00ns
entry:9  %p_read_10 = call float @_ssdm_op_Read.ap_auto.float(float %p_read54)

ST_1: p_read_11 [1/1] 0.00ns
entry:10  %p_read_11 = call float @_ssdm_op_Read.ap_auto.float(float %p_read53)

ST_1: p_read_12 [1/1] 0.00ns
entry:11  %p_read_12 = call float @_ssdm_op_Read.ap_auto.float(float %p_read52)

ST_1: p_read_13 [1/1] 0.00ns
entry:12  %p_read_13 = call float @_ssdm_op_Read.ap_auto.float(float %p_read51)

ST_1: p_read_14 [1/1] 0.00ns
entry:13  %p_read_14 = call float @_ssdm_op_Read.ap_auto.float(float %p_read50)

ST_1: p_read_15 [1/1] 0.00ns
entry:14  %p_read_15 = call float @_ssdm_op_Read.ap_auto.float(float %p_read49)

ST_1: p_read_16 [1/1] 0.00ns
entry:15  %p_read_16 = call float @_ssdm_op_Read.ap_auto.float(float %p_read48)

ST_1: p_read_17 [1/1] 0.00ns
entry:16  %p_read_17 = call float @_ssdm_op_Read.ap_auto.float(float %p_read47)

ST_1: p_read_18 [1/1] 0.00ns
entry:17  %p_read_18 = call float @_ssdm_op_Read.ap_auto.float(float %p_read46)

ST_1: p_read_19 [1/1] 0.00ns
entry:18  %p_read_19 = call float @_ssdm_op_Read.ap_auto.float(float %p_read45)

ST_1: p_read_20 [1/1] 0.00ns
entry:19  %p_read_20 = call float @_ssdm_op_Read.ap_auto.float(float %p_read44)

ST_1: p_read_21 [1/1] 0.00ns
entry:20  %p_read_21 = call float @_ssdm_op_Read.ap_auto.float(float %p_read43)

ST_1: p_read_22 [1/1] 0.00ns
entry:21  %p_read_22 = call float @_ssdm_op_Read.ap_auto.float(float %p_read42)

ST_1: p_read_23 [1/1] 0.00ns
entry:22  %p_read_23 = call float @_ssdm_op_Read.ap_auto.float(float %p_read41)

ST_1: p_read_24 [1/1] 0.00ns
entry:23  %p_read_24 = call float @_ssdm_op_Read.ap_auto.float(float %p_read40)

ST_1: p_read_25 [1/1] 0.00ns
entry:24  %p_read_25 = call float @_ssdm_op_Read.ap_auto.float(float %p_read39)

ST_1: p_read_26 [1/1] 0.00ns
entry:25  %p_read_26 = call float @_ssdm_op_Read.ap_auto.float(float %p_read38)

ST_1: p_read_27 [1/1] 0.00ns
entry:26  %p_read_27 = call float @_ssdm_op_Read.ap_auto.float(float %p_read37)

ST_1: p_read_28 [1/1] 0.00ns
entry:27  %p_read_28 = call float @_ssdm_op_Read.ap_auto.float(float %p_read36)

ST_1: p_read_29 [1/1] 0.00ns
entry:28  %p_read_29 = call float @_ssdm_op_Read.ap_auto.float(float %p_read35)

ST_1: p_read_30 [1/1] 0.00ns
entry:29  %p_read_30 = call float @_ssdm_op_Read.ap_auto.float(float %p_read34)

ST_1: p_read_31 [1/1] 0.00ns
entry:30  %p_read_31 = call float @_ssdm_op_Read.ap_auto.float(float %p_read33)

ST_1: p_read_32 [1/1] 0.00ns
entry:31  %p_read_32 = call float @_ssdm_op_Read.ap_auto.float(float %p_read32)

ST_1: p_read_33 [1/1] 0.00ns
entry:32  %p_read_33 = call float @_ssdm_op_Read.ap_auto.float(float %p_read31)

ST_1: p_read_34 [1/1] 0.00ns
entry:33  %p_read_34 = call float @_ssdm_op_Read.ap_auto.float(float %p_read30)

ST_1: p_read_35 [1/1] 0.00ns
entry:34  %p_read_35 = call float @_ssdm_op_Read.ap_auto.float(float %p_read29)

ST_1: p_read_36 [1/1] 0.00ns
entry:35  %p_read_36 = call float @_ssdm_op_Read.ap_auto.float(float %p_read28)

ST_1: p_read_37 [1/1] 0.00ns
entry:36  %p_read_37 = call float @_ssdm_op_Read.ap_auto.float(float %p_read27)

ST_1: p_read_38 [1/1] 0.00ns
entry:37  %p_read_38 = call float @_ssdm_op_Read.ap_auto.float(float %p_read26)

ST_1: p_read_39 [1/1] 0.00ns
entry:38  %p_read_39 = call float @_ssdm_op_Read.ap_auto.float(float %p_read25)

ST_1: p_read_40 [1/1] 0.00ns
entry:39  %p_read_40 = call float @_ssdm_op_Read.ap_auto.float(float %p_read24)

ST_1: p_read_41 [1/1] 0.00ns
entry:40  %p_read_41 = call float @_ssdm_op_Read.ap_auto.float(float %p_read23)

ST_1: p_read_42 [1/1] 0.00ns
entry:41  %p_read_42 = call float @_ssdm_op_Read.ap_auto.float(float %p_read22)

ST_1: p_read_43 [1/1] 0.00ns
entry:42  %p_read_43 = call float @_ssdm_op_Read.ap_auto.float(float %p_read21)

ST_1: p_read_44 [1/1] 0.00ns
entry:43  %p_read_44 = call float @_ssdm_op_Read.ap_auto.float(float %p_read20)

ST_1: p_read_45 [1/1] 0.00ns
entry:44  %p_read_45 = call float @_ssdm_op_Read.ap_auto.float(float %p_read19)

ST_1: p_read_46 [1/1] 0.00ns
entry:45  %p_read_46 = call float @_ssdm_op_Read.ap_auto.float(float %p_read18)

ST_1: p_read_47 [1/1] 0.00ns
entry:46  %p_read_47 = call float @_ssdm_op_Read.ap_auto.float(float %p_read17)

ST_1: p_read_48 [1/1] 0.00ns
entry:47  %p_read_48 = call float @_ssdm_op_Read.ap_auto.float(float %p_read16)

ST_1: p_read_49 [1/1] 0.00ns
entry:48  %p_read_49 = call float @_ssdm_op_Read.ap_auto.float(float %p_read15)

ST_1: p_read_50 [1/1] 0.00ns
entry:49  %p_read_50 = call float @_ssdm_op_Read.ap_auto.float(float %p_read14)

ST_1: p_read_51 [1/1] 0.00ns
entry:50  %p_read_51 = call float @_ssdm_op_Read.ap_auto.float(float %p_read13)

ST_1: p_read_52 [1/1] 0.00ns
entry:51  %p_read_52 = call float @_ssdm_op_Read.ap_auto.float(float %p_read12)

ST_1: p_read_53 [1/1] 0.00ns
entry:52  %p_read_53 = call float @_ssdm_op_Read.ap_auto.float(float %p_read11)

ST_1: p_read_54 [1/1] 0.00ns
entry:53  %p_read_54 = call float @_ssdm_op_Read.ap_auto.float(float %p_read10)

ST_1: p_read_55 [1/1] 0.00ns
entry:54  %p_read_55 = call float @_ssdm_op_Read.ap_auto.float(float %p_read9)

ST_1: p_read_56 [1/1] 0.00ns
entry:55  %p_read_56 = call float @_ssdm_op_Read.ap_auto.float(float %p_read8)

ST_1: p_read_57 [1/1] 0.00ns
entry:56  %p_read_57 = call float @_ssdm_op_Read.ap_auto.float(float %p_read7)

ST_1: p_read_58 [1/1] 0.00ns
entry:57  %p_read_58 = call float @_ssdm_op_Read.ap_auto.float(float %p_read6)

ST_1: p_read_59 [1/1] 0.00ns
entry:58  %p_read_59 = call float @_ssdm_op_Read.ap_auto.float(float %p_read5)

ST_1: p_read_60 [1/1] 0.00ns
entry:59  %p_read_60 = call float @_ssdm_op_Read.ap_auto.float(float %p_read4)

ST_1: p_read_61 [1/1] 0.00ns
entry:60  %p_read_61 = call float @_ssdm_op_Read.ap_auto.float(float %p_read3)

ST_1: p_read_62 [1/1] 0.00ns
entry:61  %p_read_62 = call float @_ssdm_op_Read.ap_auto.float(float %p_read2)

ST_1: p_read_63 [1/1] 0.00ns
entry:62  %p_read_63 = call float @_ssdm_op_Read.ap_auto.float(float %p_read1)

ST_1: p_read64 [1/1] 0.00ns
entry:63  %p_read64 = call float @_ssdm_op_Read.ap_auto.float(float %p_read)

ST_1: A_0_0_read [1/1] 4.38ns
entry:64  %A_0_0_read = call float @_ssdm_op_Read.ap_fifo.floatP(float* %A_0_0)

ST_1: stg_114 [1/1] 0.00ns
entry:65  call void (...)* @_ssdm_op_SpecInterface(float* %A_0_0, [8 x i8]* @str441, i32 0, i32 0, i32 0, i32 0, [8 x i8]* @str441, [8 x i8]* @str441, [8 x i8]* @str441)

ST_1: A_1_0_read [1/1] 4.38ns
entry:66  %A_1_0_read = call float @_ssdm_op_Read.ap_fifo.floatP(float* %A_1_0)

ST_1: stg_116 [1/1] 0.00ns
entry:67  call void (...)* @_ssdm_op_SpecInterface(float* %A_1_0, [8 x i8]* @str442, i32 0, i32 0, i32 0, i32 0, [8 x i8]* @str442, [8 x i8]* @str442, [8 x i8]* @str442)

ST_1: A_2_0_read [1/1] 4.38ns
entry:68  %A_2_0_read = call float @_ssdm_op_Read.ap_fifo.floatP(float* %A_2_0)

ST_1: stg_118 [1/1] 0.00ns
entry:69  call void (...)* @_ssdm_op_SpecInterface(float* %A_2_0, [8 x i8]* @str443, i32 0, i32 0, i32 0, i32 0, [8 x i8]* @str443, [8 x i8]* @str443, [8 x i8]* @str443)

ST_1: A_3_0_read [1/1] 4.38ns
entry:70  %A_3_0_read = call float @_ssdm_op_Read.ap_fifo.floatP(float* %A_3_0)

ST_1: stg_120 [1/1] 0.00ns
entry:71  call void (...)* @_ssdm_op_SpecInterface(float* %A_3_0, [8 x i8]* @str444, i32 0, i32 0, i32 0, i32 0, [8 x i8]* @str444, [8 x i8]* @str444, [8 x i8]* @str444)

ST_1: A_4_0_read [1/1] 4.38ns
entry:72  %A_4_0_read = call float @_ssdm_op_Read.ap_fifo.floatP(float* %A_4_0)

ST_1: stg_122 [1/1] 0.00ns
entry:73  call void (...)* @_ssdm_op_SpecInterface(float* %A_4_0, [8 x i8]* @str445, i32 0, i32 0, i32 0, i32 0, [8 x i8]* @str445, [8 x i8]* @str445, [8 x i8]* @str445)

ST_1: A_5_0_read [1/1] 4.38ns
entry:74  %A_5_0_read = call float @_ssdm_op_Read.ap_fifo.floatP(float* %A_5_0)

ST_1: stg_124 [1/1] 0.00ns
entry:75  call void (...)* @_ssdm_op_SpecInterface(float* %A_5_0, [8 x i8]* @str446, i32 0, i32 0, i32 0, i32 0, [8 x i8]* @str446, [8 x i8]* @str446, [8 x i8]* @str446)

ST_1: A_6_0_read [1/1] 4.38ns
entry:76  %A_6_0_read = call float @_ssdm_op_Read.ap_fifo.floatP(float* %A_6_0)

ST_1: stg_126 [1/1] 0.00ns
entry:77  call void (...)* @_ssdm_op_SpecInterface(float* %A_6_0, [8 x i8]* @str447, i32 0, i32 0, i32 0, i32 0, [8 x i8]* @str447, [8 x i8]* @str447, [8 x i8]* @str447)

ST_1: A_7_0_read [1/1] 4.38ns
entry:78  %A_7_0_read = call float @_ssdm_op_Read.ap_fifo.floatP(float* %A_7_0)

ST_1: stg_128 [1/1] 0.00ns
entry:79  call void (...)* @_ssdm_op_SpecInterface(float* %A_7_0, [8 x i8]* @str448, i32 0, i32 0, i32 0, i32 0, [8 x i8]* @str448, [8 x i8]* @str448, [8 x i8]* @str448)

ST_1: A_0_1_read [1/1] 4.38ns
entry:80  %A_0_1_read = call float @_ssdm_op_Read.ap_fifo.floatP(float* %A_0_1)

ST_1: stg_130 [1/1] 0.00ns
entry:81  call void (...)* @_ssdm_op_SpecInterface(float* %A_0_1, [8 x i8]* @str449, i32 0, i32 0, i32 0, i32 0, [8 x i8]* @str449, [8 x i8]* @str449, [8 x i8]* @str449)

ST_1: A_1_1_read [1/1] 4.38ns
entry:82  %A_1_1_read = call float @_ssdm_op_Read.ap_fifo.floatP(float* %A_1_1)

ST_1: stg_132 [1/1] 0.00ns
entry:83  call void (...)* @_ssdm_op_SpecInterface(float* %A_1_1, [8 x i8]* @str450, i32 0, i32 0, i32 0, i32 0, [8 x i8]* @str450, [8 x i8]* @str450, [8 x i8]* @str450)

ST_1: A_2_1_read [1/1] 4.38ns
entry:84  %A_2_1_read = call float @_ssdm_op_Read.ap_fifo.floatP(float* %A_2_1)

ST_1: stg_134 [1/1] 0.00ns
entry:85  call void (...)* @_ssdm_op_SpecInterface(float* %A_2_1, [8 x i8]* @str451, i32 0, i32 0, i32 0, i32 0, [8 x i8]* @str451, [8 x i8]* @str451, [8 x i8]* @str451)

ST_1: A_3_1_read [1/1] 4.38ns
entry:86  %A_3_1_read = call float @_ssdm_op_Read.ap_fifo.floatP(float* %A_3_1)

ST_1: stg_136 [1/1] 0.00ns
entry:87  call void (...)* @_ssdm_op_SpecInterface(float* %A_3_1, [8 x i8]* @str452, i32 0, i32 0, i32 0, i32 0, [8 x i8]* @str452, [8 x i8]* @str452, [8 x i8]* @str452)

ST_1: A_4_1_read [1/1] 4.38ns
entry:88  %A_4_1_read = call float @_ssdm_op_Read.ap_fifo.floatP(float* %A_4_1)

ST_1: stg_138 [1/1] 0.00ns
entry:89  call void (...)* @_ssdm_op_SpecInterface(float* %A_4_1, [8 x i8]* @str453, i32 0, i32 0, i32 0, i32 0, [8 x i8]* @str453, [8 x i8]* @str453, [8 x i8]* @str453)

ST_1: A_5_1_read [1/1] 4.38ns
entry:90  %A_5_1_read = call float @_ssdm_op_Read.ap_fifo.floatP(float* %A_5_1)

ST_1: stg_140 [1/1] 0.00ns
entry:91  call void (...)* @_ssdm_op_SpecInterface(float* %A_5_1, [8 x i8]* @str454, i32 0, i32 0, i32 0, i32 0, [8 x i8]* @str454, [8 x i8]* @str454, [8 x i8]* @str454)

ST_1: A_6_1_read [1/1] 4.38ns
entry:92  %A_6_1_read = call float @_ssdm_op_Read.ap_fifo.floatP(float* %A_6_1)

ST_1: stg_142 [1/1] 0.00ns
entry:93  call void (...)* @_ssdm_op_SpecInterface(float* %A_6_1, [8 x i8]* @str455, i32 0, i32 0, i32 0, i32 0, [8 x i8]* @str455, [8 x i8]* @str455, [8 x i8]* @str455)

ST_1: A_7_1_read [1/1] 4.38ns
entry:94  %A_7_1_read = call float @_ssdm_op_Read.ap_fifo.floatP(float* %A_7_1)

ST_1: stg_144 [1/1] 0.00ns
entry:95  call void (...)* @_ssdm_op_SpecInterface(float* %A_7_1, [8 x i8]* @str456, i32 0, i32 0, i32 0, i32 0, [8 x i8]* @str456, [8 x i8]* @str456, [8 x i8]* @str456)

ST_1: A_0_2_read [1/1] 4.38ns
entry:96  %A_0_2_read = call float @_ssdm_op_Read.ap_fifo.floatP(float* %A_0_2)

ST_1: stg_146 [1/1] 0.00ns
entry:97  call void (...)* @_ssdm_op_SpecInterface(float* %A_0_2, [8 x i8]* @str457, i32 0, i32 0, i32 0, i32 0, [8 x i8]* @str457, [8 x i8]* @str457, [8 x i8]* @str457)

ST_1: A_1_2_read [1/1] 4.38ns
entry:98  %A_1_2_read = call float @_ssdm_op_Read.ap_fifo.floatP(float* %A_1_2)

ST_1: stg_148 [1/1] 0.00ns
entry:99  call void (...)* @_ssdm_op_SpecInterface(float* %A_1_2, [8 x i8]* @str458, i32 0, i32 0, i32 0, i32 0, [8 x i8]* @str458, [8 x i8]* @str458, [8 x i8]* @str458)

ST_1: A_2_2_read [1/1] 4.38ns
entry:100  %A_2_2_read = call float @_ssdm_op_Read.ap_fifo.floatP(float* %A_2_2)

ST_1: stg_150 [1/1] 0.00ns
entry:101  call void (...)* @_ssdm_op_SpecInterface(float* %A_2_2, [8 x i8]* @str459, i32 0, i32 0, i32 0, i32 0, [8 x i8]* @str459, [8 x i8]* @str459, [8 x i8]* @str459)

ST_1: A_3_2_read [1/1] 4.38ns
entry:102  %A_3_2_read = call float @_ssdm_op_Read.ap_fifo.floatP(float* %A_3_2)

ST_1: stg_152 [1/1] 0.00ns
entry:103  call void (...)* @_ssdm_op_SpecInterface(float* %A_3_2, [8 x i8]* @str460, i32 0, i32 0, i32 0, i32 0, [8 x i8]* @str460, [8 x i8]* @str460, [8 x i8]* @str460)

ST_1: A_4_2_read [1/1] 4.38ns
entry:104  %A_4_2_read = call float @_ssdm_op_Read.ap_fifo.floatP(float* %A_4_2)

ST_1: stg_154 [1/1] 0.00ns
entry:105  call void (...)* @_ssdm_op_SpecInterface(float* %A_4_2, [8 x i8]* @str461, i32 0, i32 0, i32 0, i32 0, [8 x i8]* @str461, [8 x i8]* @str461, [8 x i8]* @str461)

ST_1: A_5_2_read [1/1] 4.38ns
entry:106  %A_5_2_read = call float @_ssdm_op_Read.ap_fifo.floatP(float* %A_5_2)

ST_1: stg_156 [1/1] 0.00ns
entry:107  call void (...)* @_ssdm_op_SpecInterface(float* %A_5_2, [8 x i8]* @str462, i32 0, i32 0, i32 0, i32 0, [8 x i8]* @str462, [8 x i8]* @str462, [8 x i8]* @str462)

ST_1: A_6_2_read [1/1] 4.38ns
entry:108  %A_6_2_read = call float @_ssdm_op_Read.ap_fifo.floatP(float* %A_6_2)

ST_1: stg_158 [1/1] 0.00ns
entry:109  call void (...)* @_ssdm_op_SpecInterface(float* %A_6_2, [8 x i8]* @str463, i32 0, i32 0, i32 0, i32 0, [8 x i8]* @str463, [8 x i8]* @str463, [8 x i8]* @str463)

ST_1: A_7_2_read [1/1] 4.38ns
entry:110  %A_7_2_read = call float @_ssdm_op_Read.ap_fifo.floatP(float* %A_7_2)

ST_1: stg_160 [1/1] 0.00ns
entry:111  call void (...)* @_ssdm_op_SpecInterface(float* %A_7_2, [8 x i8]* @str464, i32 0, i32 0, i32 0, i32 0, [8 x i8]* @str464, [8 x i8]* @str464, [8 x i8]* @str464)

ST_1: A_0_3_read [1/1] 4.38ns
entry:112  %A_0_3_read = call float @_ssdm_op_Read.ap_fifo.floatP(float* %A_0_3)

ST_1: stg_162 [1/1] 0.00ns
entry:113  call void (...)* @_ssdm_op_SpecInterface(float* %A_0_3, [8 x i8]* @str465, i32 0, i32 0, i32 0, i32 0, [8 x i8]* @str465, [8 x i8]* @str465, [8 x i8]* @str465)

ST_1: A_1_3_read [1/1] 4.38ns
entry:114  %A_1_3_read = call float @_ssdm_op_Read.ap_fifo.floatP(float* %A_1_3)

ST_1: stg_164 [1/1] 0.00ns
entry:115  call void (...)* @_ssdm_op_SpecInterface(float* %A_1_3, [8 x i8]* @str466, i32 0, i32 0, i32 0, i32 0, [8 x i8]* @str466, [8 x i8]* @str466, [8 x i8]* @str466)

ST_1: A_2_3_read [1/1] 4.38ns
entry:116  %A_2_3_read = call float @_ssdm_op_Read.ap_fifo.floatP(float* %A_2_3)

ST_1: stg_166 [1/1] 0.00ns
entry:117  call void (...)* @_ssdm_op_SpecInterface(float* %A_2_3, [8 x i8]* @str467, i32 0, i32 0, i32 0, i32 0, [8 x i8]* @str467, [8 x i8]* @str467, [8 x i8]* @str467)

ST_1: A_3_3_read [1/1] 4.38ns
entry:118  %A_3_3_read = call float @_ssdm_op_Read.ap_fifo.floatP(float* %A_3_3)

ST_1: stg_168 [1/1] 0.00ns
entry:119  call void (...)* @_ssdm_op_SpecInterface(float* %A_3_3, [8 x i8]* @str468, i32 0, i32 0, i32 0, i32 0, [8 x i8]* @str468, [8 x i8]* @str468, [8 x i8]* @str468)

ST_1: A_4_3_read [1/1] 4.38ns
entry:120  %A_4_3_read = call float @_ssdm_op_Read.ap_fifo.floatP(float* %A_4_3)

ST_1: stg_170 [1/1] 0.00ns
entry:121  call void (...)* @_ssdm_op_SpecInterface(float* %A_4_3, [8 x i8]* @str469, i32 0, i32 0, i32 0, i32 0, [8 x i8]* @str469, [8 x i8]* @str469, [8 x i8]* @str469)

ST_1: A_5_3_read [1/1] 4.38ns
entry:122  %A_5_3_read = call float @_ssdm_op_Read.ap_fifo.floatP(float* %A_5_3)

ST_1: stg_172 [1/1] 0.00ns
entry:123  call void (...)* @_ssdm_op_SpecInterface(float* %A_5_3, [8 x i8]* @str470, i32 0, i32 0, i32 0, i32 0, [8 x i8]* @str470, [8 x i8]* @str470, [8 x i8]* @str470)

ST_1: A_6_3_read [1/1] 4.38ns
entry:124  %A_6_3_read = call float @_ssdm_op_Read.ap_fifo.floatP(float* %A_6_3)

ST_1: stg_174 [1/1] 0.00ns
entry:125  call void (...)* @_ssdm_op_SpecInterface(float* %A_6_3, [8 x i8]* @str471, i32 0, i32 0, i32 0, i32 0, [8 x i8]* @str471, [8 x i8]* @str471, [8 x i8]* @str471)

ST_1: A_7_3_read [1/1] 4.38ns
entry:126  %A_7_3_read = call float @_ssdm_op_Read.ap_fifo.floatP(float* %A_7_3)

ST_1: stg_176 [1/1] 0.00ns
entry:127  call void (...)* @_ssdm_op_SpecInterface(float* %A_7_3, [8 x i8]* @str472, i32 0, i32 0, i32 0, i32 0, [8 x i8]* @str472, [8 x i8]* @str472, [8 x i8]* @str472)

ST_1: A_0_4_read [1/1] 4.38ns
entry:128  %A_0_4_read = call float @_ssdm_op_Read.ap_fifo.floatP(float* %A_0_4)

ST_1: stg_178 [1/1] 0.00ns
entry:129  call void (...)* @_ssdm_op_SpecInterface(float* %A_0_4, [8 x i8]* @str473, i32 0, i32 0, i32 0, i32 0, [8 x i8]* @str473, [8 x i8]* @str473, [8 x i8]* @str473)

ST_1: A_1_4_read [1/1] 4.38ns
entry:130  %A_1_4_read = call float @_ssdm_op_Read.ap_fifo.floatP(float* %A_1_4)

ST_1: stg_180 [1/1] 0.00ns
entry:131  call void (...)* @_ssdm_op_SpecInterface(float* %A_1_4, [8 x i8]* @str474, i32 0, i32 0, i32 0, i32 0, [8 x i8]* @str474, [8 x i8]* @str474, [8 x i8]* @str474)

ST_1: A_2_4_read [1/1] 4.38ns
entry:132  %A_2_4_read = call float @_ssdm_op_Read.ap_fifo.floatP(float* %A_2_4)

ST_1: stg_182 [1/1] 0.00ns
entry:133  call void (...)* @_ssdm_op_SpecInterface(float* %A_2_4, [8 x i8]* @str475, i32 0, i32 0, i32 0, i32 0, [8 x i8]* @str475, [8 x i8]* @str475, [8 x i8]* @str475)

ST_1: A_3_4_read [1/1] 4.38ns
entry:134  %A_3_4_read = call float @_ssdm_op_Read.ap_fifo.floatP(float* %A_3_4)

ST_1: stg_184 [1/1] 0.00ns
entry:135  call void (...)* @_ssdm_op_SpecInterface(float* %A_3_4, [8 x i8]* @str476, i32 0, i32 0, i32 0, i32 0, [8 x i8]* @str476, [8 x i8]* @str476, [8 x i8]* @str476)

ST_1: A_4_4_read [1/1] 4.38ns
entry:136  %A_4_4_read = call float @_ssdm_op_Read.ap_fifo.floatP(float* %A_4_4)

ST_1: stg_186 [1/1] 0.00ns
entry:137  call void (...)* @_ssdm_op_SpecInterface(float* %A_4_4, [8 x i8]* @str477, i32 0, i32 0, i32 0, i32 0, [8 x i8]* @str477, [8 x i8]* @str477, [8 x i8]* @str477)

ST_1: A_5_4_read [1/1] 4.38ns
entry:138  %A_5_4_read = call float @_ssdm_op_Read.ap_fifo.floatP(float* %A_5_4)

ST_1: stg_188 [1/1] 0.00ns
entry:139  call void (...)* @_ssdm_op_SpecInterface(float* %A_5_4, [8 x i8]* @str478, i32 0, i32 0, i32 0, i32 0, [8 x i8]* @str478, [8 x i8]* @str478, [8 x i8]* @str478)

ST_1: A_6_4_read [1/1] 4.38ns
entry:140  %A_6_4_read = call float @_ssdm_op_Read.ap_fifo.floatP(float* %A_6_4)

ST_1: stg_190 [1/1] 0.00ns
entry:141  call void (...)* @_ssdm_op_SpecInterface(float* %A_6_4, [8 x i8]* @str479, i32 0, i32 0, i32 0, i32 0, [8 x i8]* @str479, [8 x i8]* @str479, [8 x i8]* @str479)

ST_1: A_7_4_read [1/1] 4.38ns
entry:142  %A_7_4_read = call float @_ssdm_op_Read.ap_fifo.floatP(float* %A_7_4)

ST_1: stg_192 [1/1] 0.00ns
entry:143  call void (...)* @_ssdm_op_SpecInterface(float* %A_7_4, [8 x i8]* @str480, i32 0, i32 0, i32 0, i32 0, [8 x i8]* @str480, [8 x i8]* @str480, [8 x i8]* @str480)

ST_1: A_0_5_read [1/1] 4.38ns
entry:144  %A_0_5_read = call float @_ssdm_op_Read.ap_fifo.floatP(float* %A_0_5)

ST_1: stg_194 [1/1] 0.00ns
entry:145  call void (...)* @_ssdm_op_SpecInterface(float* %A_0_5, [8 x i8]* @str481, i32 0, i32 0, i32 0, i32 0, [8 x i8]* @str481, [8 x i8]* @str481, [8 x i8]* @str481)

ST_1: A_1_5_read [1/1] 4.38ns
entry:146  %A_1_5_read = call float @_ssdm_op_Read.ap_fifo.floatP(float* %A_1_5)

ST_1: stg_196 [1/1] 0.00ns
entry:147  call void (...)* @_ssdm_op_SpecInterface(float* %A_1_5, [8 x i8]* @str482, i32 0, i32 0, i32 0, i32 0, [8 x i8]* @str482, [8 x i8]* @str482, [8 x i8]* @str482)

ST_1: A_2_5_read [1/1] 4.38ns
entry:148  %A_2_5_read = call float @_ssdm_op_Read.ap_fifo.floatP(float* %A_2_5)

ST_1: stg_198 [1/1] 0.00ns
entry:149  call void (...)* @_ssdm_op_SpecInterface(float* %A_2_5, [8 x i8]* @str483, i32 0, i32 0, i32 0, i32 0, [8 x i8]* @str483, [8 x i8]* @str483, [8 x i8]* @str483)

ST_1: A_3_5_read [1/1] 4.38ns
entry:150  %A_3_5_read = call float @_ssdm_op_Read.ap_fifo.floatP(float* %A_3_5)

ST_1: stg_200 [1/1] 0.00ns
entry:151  call void (...)* @_ssdm_op_SpecInterface(float* %A_3_5, [8 x i8]* @str484, i32 0, i32 0, i32 0, i32 0, [8 x i8]* @str484, [8 x i8]* @str484, [8 x i8]* @str484)

ST_1: A_4_5_read [1/1] 4.38ns
entry:152  %A_4_5_read = call float @_ssdm_op_Read.ap_fifo.floatP(float* %A_4_5)

ST_1: stg_202 [1/1] 0.00ns
entry:153  call void (...)* @_ssdm_op_SpecInterface(float* %A_4_5, [8 x i8]* @str485, i32 0, i32 0, i32 0, i32 0, [8 x i8]* @str485, [8 x i8]* @str485, [8 x i8]* @str485)

ST_1: A_5_5_read [1/1] 4.38ns
entry:154  %A_5_5_read = call float @_ssdm_op_Read.ap_fifo.floatP(float* %A_5_5)

ST_1: stg_204 [1/1] 0.00ns
entry:155  call void (...)* @_ssdm_op_SpecInterface(float* %A_5_5, [8 x i8]* @str486, i32 0, i32 0, i32 0, i32 0, [8 x i8]* @str486, [8 x i8]* @str486, [8 x i8]* @str486)

ST_1: A_6_5_read [1/1] 4.38ns
entry:156  %A_6_5_read = call float @_ssdm_op_Read.ap_fifo.floatP(float* %A_6_5)

ST_1: stg_206 [1/1] 0.00ns
entry:157  call void (...)* @_ssdm_op_SpecInterface(float* %A_6_5, [8 x i8]* @str487, i32 0, i32 0, i32 0, i32 0, [8 x i8]* @str487, [8 x i8]* @str487, [8 x i8]* @str487)

ST_1: A_7_5_read [1/1] 4.38ns
entry:158  %A_7_5_read = call float @_ssdm_op_Read.ap_fifo.floatP(float* %A_7_5)

ST_1: stg_208 [1/1] 0.00ns
entry:159  call void (...)* @_ssdm_op_SpecInterface(float* %A_7_5, [8 x i8]* @str488, i32 0, i32 0, i32 0, i32 0, [8 x i8]* @str488, [8 x i8]* @str488, [8 x i8]* @str488)

ST_1: A_0_6_read [1/1] 4.38ns
entry:160  %A_0_6_read = call float @_ssdm_op_Read.ap_fifo.floatP(float* %A_0_6)

ST_1: stg_210 [1/1] 0.00ns
entry:161  call void (...)* @_ssdm_op_SpecInterface(float* %A_0_6, [8 x i8]* @str489, i32 0, i32 0, i32 0, i32 0, [8 x i8]* @str489, [8 x i8]* @str489, [8 x i8]* @str489)

ST_1: A_1_6_read [1/1] 4.38ns
entry:162  %A_1_6_read = call float @_ssdm_op_Read.ap_fifo.floatP(float* %A_1_6)

ST_1: stg_212 [1/1] 0.00ns
entry:163  call void (...)* @_ssdm_op_SpecInterface(float* %A_1_6, [8 x i8]* @str490, i32 0, i32 0, i32 0, i32 0, [8 x i8]* @str490, [8 x i8]* @str490, [8 x i8]* @str490)

ST_1: A_2_6_read [1/1] 4.38ns
entry:164  %A_2_6_read = call float @_ssdm_op_Read.ap_fifo.floatP(float* %A_2_6)

ST_1: stg_214 [1/1] 0.00ns
entry:165  call void (...)* @_ssdm_op_SpecInterface(float* %A_2_6, [8 x i8]* @str491, i32 0, i32 0, i32 0, i32 0, [8 x i8]* @str491, [8 x i8]* @str491, [8 x i8]* @str491)

ST_1: A_3_6_read [1/1] 4.38ns
entry:166  %A_3_6_read = call float @_ssdm_op_Read.ap_fifo.floatP(float* %A_3_6)

ST_1: stg_216 [1/1] 0.00ns
entry:167  call void (...)* @_ssdm_op_SpecInterface(float* %A_3_6, [8 x i8]* @str492, i32 0, i32 0, i32 0, i32 0, [8 x i8]* @str492, [8 x i8]* @str492, [8 x i8]* @str492)

ST_1: A_4_6_read [1/1] 4.38ns
entry:168  %A_4_6_read = call float @_ssdm_op_Read.ap_fifo.floatP(float* %A_4_6)

ST_1: stg_218 [1/1] 0.00ns
entry:169  call void (...)* @_ssdm_op_SpecInterface(float* %A_4_6, [8 x i8]* @str493, i32 0, i32 0, i32 0, i32 0, [8 x i8]* @str493, [8 x i8]* @str493, [8 x i8]* @str493)

ST_1: A_5_6_read [1/1] 4.38ns
entry:170  %A_5_6_read = call float @_ssdm_op_Read.ap_fifo.floatP(float* %A_5_6)

ST_1: stg_220 [1/1] 0.00ns
entry:171  call void (...)* @_ssdm_op_SpecInterface(float* %A_5_6, [8 x i8]* @str494, i32 0, i32 0, i32 0, i32 0, [8 x i8]* @str494, [8 x i8]* @str494, [8 x i8]* @str494)

ST_1: A_6_6_read [1/1] 4.38ns
entry:172  %A_6_6_read = call float @_ssdm_op_Read.ap_fifo.floatP(float* %A_6_6)

ST_1: stg_222 [1/1] 0.00ns
entry:173  call void (...)* @_ssdm_op_SpecInterface(float* %A_6_6, [8 x i8]* @str495, i32 0, i32 0, i32 0, i32 0, [8 x i8]* @str495, [8 x i8]* @str495, [8 x i8]* @str495)

ST_1: A_7_6_read [1/1] 4.38ns
entry:174  %A_7_6_read = call float @_ssdm_op_Read.ap_fifo.floatP(float* %A_7_6)

ST_1: stg_224 [1/1] 0.00ns
entry:175  call void (...)* @_ssdm_op_SpecInterface(float* %A_7_6, [8 x i8]* @str496, i32 0, i32 0, i32 0, i32 0, [8 x i8]* @str496, [8 x i8]* @str496, [8 x i8]* @str496)

ST_1: A_0_7_read [1/1] 4.38ns
entry:176  %A_0_7_read = call float @_ssdm_op_Read.ap_fifo.floatP(float* %A_0_7)

ST_1: stg_226 [1/1] 0.00ns
entry:177  call void (...)* @_ssdm_op_SpecInterface(float* %A_0_7, [8 x i8]* @str497, i32 0, i32 0, i32 0, i32 0, [8 x i8]* @str497, [8 x i8]* @str497, [8 x i8]* @str497)

ST_1: A_1_7_read [1/1] 4.38ns
entry:178  %A_1_7_read = call float @_ssdm_op_Read.ap_fifo.floatP(float* %A_1_7)

ST_1: stg_228 [1/1] 0.00ns
entry:179  call void (...)* @_ssdm_op_SpecInterface(float* %A_1_7, [8 x i8]* @str498, i32 0, i32 0, i32 0, i32 0, [8 x i8]* @str498, [8 x i8]* @str498, [8 x i8]* @str498)

ST_1: A_2_7_read [1/1] 4.38ns
entry:180  %A_2_7_read = call float @_ssdm_op_Read.ap_fifo.floatP(float* %A_2_7)

ST_1: stg_230 [1/1] 0.00ns
entry:181  call void (...)* @_ssdm_op_SpecInterface(float* %A_2_7, [8 x i8]* @str499, i32 0, i32 0, i32 0, i32 0, [8 x i8]* @str499, [8 x i8]* @str499, [8 x i8]* @str499)

ST_1: A_3_7_read [1/1] 4.38ns
entry:182  %A_3_7_read = call float @_ssdm_op_Read.ap_fifo.floatP(float* %A_3_7)

ST_1: stg_232 [1/1] 0.00ns
entry:183  call void (...)* @_ssdm_op_SpecInterface(float* %A_3_7, [8 x i8]* @str500, i32 0, i32 0, i32 0, i32 0, [8 x i8]* @str500, [8 x i8]* @str500, [8 x i8]* @str500)

ST_1: A_4_7_read [1/1] 4.38ns
entry:184  %A_4_7_read = call float @_ssdm_op_Read.ap_fifo.floatP(float* %A_4_7)

ST_1: stg_234 [1/1] 0.00ns
entry:185  call void (...)* @_ssdm_op_SpecInterface(float* %A_4_7, [8 x i8]* @str501, i32 0, i32 0, i32 0, i32 0, [8 x i8]* @str501, [8 x i8]* @str501, [8 x i8]* @str501)

ST_1: A_5_7_read [1/1] 4.38ns
entry:186  %A_5_7_read = call float @_ssdm_op_Read.ap_fifo.floatP(float* %A_5_7)

ST_1: stg_236 [1/1] 0.00ns
entry:187  call void (...)* @_ssdm_op_SpecInterface(float* %A_5_7, [8 x i8]* @str502, i32 0, i32 0, i32 0, i32 0, [8 x i8]* @str502, [8 x i8]* @str502, [8 x i8]* @str502)

ST_1: A_6_7_read [1/1] 4.38ns
entry:188  %A_6_7_read = call float @_ssdm_op_Read.ap_fifo.floatP(float* %A_6_7)

ST_1: stg_238 [1/1] 0.00ns
entry:189  call void (...)* @_ssdm_op_SpecInterface(float* %A_6_7, [8 x i8]* @str503, i32 0, i32 0, i32 0, i32 0, [8 x i8]* @str503, [8 x i8]* @str503, [8 x i8]* @str503)

ST_1: A_7_7_read [1/1] 4.38ns
entry:190  %A_7_7_read = call float @_ssdm_op_Read.ap_fifo.floatP(float* %A_7_7)

ST_1: stg_240 [1/1] 0.00ns
entry:191  call void (...)* @_ssdm_op_SpecInterface(float* %A_7_7, [8 x i8]* @str504, i32 0, i32 0, i32 0, i32 0, [8 x i8]* @str504, [8 x i8]* @str504, [8 x i8]* @str504)

ST_1: stg_241 [1/1] 1.57ns
entry:192  br label %0


 <State 2>: 4.05ns
ST_2: indvar_flatten [1/1] 0.00ns
:0  %indvar_flatten = phi i7 [ 0, %entry ], [ %indvar_flatten_next, %.preheader.i ]

ST_2: i_1_i [1/1] 0.00ns
:1  %i_1_i = phi i4 [ 0, %entry ], [ %i_1_i_mid2, %.preheader.i ]

ST_2: j_1_i [1/1] 0.00ns
:2  %j_1_i = phi i4 [ 0, %entry ], [ %j, %.preheader.i ]

ST_2: exitcond_flatten [1/1] 1.97ns
:3  %exitcond_flatten = icmp eq i7 %indvar_flatten, -64

ST_2: indvar_flatten_next [1/1] 1.72ns
:4  %indvar_flatten_next = add i7 %indvar_flatten, 1

ST_2: stg_247 [1/1] 0.00ns
:5  br i1 %exitcond_flatten, label %MAT_Multiply_Loop_Row_proc.exit, label %.preheader.i

ST_2: exitcond1_i6 [1/1] 1.88ns
.preheader.i:2  %exitcond1_i6 = icmp eq i4 %j_1_i, -8

ST_2: j_1_i_mid2 [1/1] 1.37ns
.preheader.i:3  %j_1_i_mid2 = select i1 %exitcond1_i6, i4 0, i4 %j_1_i

ST_2: i4 [1/1] 0.80ns
.preheader.i:4  %i4 = add i4 1, %i_1_i

ST_2: i_1_i_mid2 [1/1] 1.37ns
.preheader.i:5  %i_1_i_mid2 = select i1 %exitcond1_i6, i4 %i4, i4 %i_1_i

ST_2: tmp_17 [1/1] 0.00ns
.preheader.i:6  %tmp_17 = trunc i4 %i_1_i_mid2 to i3

ST_2: tmp_18 [1/1] 0.00ns
.preheader.i:11  %tmp_18 = trunc i4 %j_1_i_mid2 to i3

ST_2: j [1/1] 0.80ns
.preheader.i:51  %j = add i4 1, %j_1_i_mid2


 <State 3>: 7.64ns
ST_3: tmp [1/1] 1.94ns
.preheader.i:10  %tmp = call float @_ssdm_op_Mux.ap_auto.8float.i3(float %A_0_0_read, float %A_1_0_read, float %A_2_0_read, float %A_3_0_read, float %A_4_0_read, float %A_5_0_read, float %A_6_0_read, float %A_7_0_read, i3 %tmp_17)

ST_3: tmp_1 [1/1] 1.94ns
.preheader.i:12  %tmp_1 = call float @_ssdm_op_Mux.ap_auto.8float.i3(float %p_read64, float %p_read_63, float %p_read_62, float %p_read_61, float %p_read_60, float %p_read_59, float %p_read_58, float %p_read_57, i3 %tmp_18)

ST_3: tmp_9_i [4/4] 5.70ns
.preheader.i:13  %tmp_9_i = fmul float %tmp, %tmp_1


 <State 4>: 5.70ns
ST_4: tmp_9_i [3/4] 5.70ns
.preheader.i:13  %tmp_9_i = fmul float %tmp, %tmp_1


 <State 5>: 5.70ns
ST_5: tmp_9_i [2/4] 5.70ns
.preheader.i:13  %tmp_9_i = fmul float %tmp, %tmp_1


 <State 6>: 5.70ns
ST_6: tmp_9_i [1/4] 5.70ns
.preheader.i:13  %tmp_9_i = fmul float %tmp, %tmp_1


 <State 7>: 7.26ns
ST_7: temp_1_i [5/5] 7.26ns
.preheader.i:14  %temp_1_i = fadd float %tmp_9_i, 0.000000e+00


 <State 8>: 7.64ns
ST_8: temp_1_i [4/5] 7.26ns
.preheader.i:14  %temp_1_i = fadd float %tmp_9_i, 0.000000e+00

ST_8: tmp_2 [1/1] 1.94ns
.preheader.i:15  %tmp_2 = call float @_ssdm_op_Mux.ap_auto.8float.i3(float %A_0_1_read, float %A_1_1_read, float %A_2_1_read, float %A_3_1_read, float %A_4_1_read, float %A_5_1_read, float %A_6_1_read, float %A_7_1_read, i3 %tmp_17)

ST_8: tmp_3 [1/1] 1.94ns
.preheader.i:16  %tmp_3 = call float @_ssdm_op_Mux.ap_auto.8float.i3(float %p_read_56, float %p_read_55, float %p_read_54, float %p_read_53, float %p_read_52, float %p_read_51, float %p_read_50, float %p_read_49, i3 %tmp_18)

ST_8: tmp_9_1_i [4/4] 5.70ns
.preheader.i:17  %tmp_9_1_i = fmul float %tmp_2, %tmp_3


 <State 9>: 7.26ns
ST_9: temp_1_i [3/5] 7.26ns
.preheader.i:14  %temp_1_i = fadd float %tmp_9_i, 0.000000e+00

ST_9: tmp_9_1_i [3/4] 5.70ns
.preheader.i:17  %tmp_9_1_i = fmul float %tmp_2, %tmp_3


 <State 10>: 7.26ns
ST_10: temp_1_i [2/5] 7.26ns
.preheader.i:14  %temp_1_i = fadd float %tmp_9_i, 0.000000e+00

ST_10: tmp_9_1_i [2/4] 5.70ns
.preheader.i:17  %tmp_9_1_i = fmul float %tmp_2, %tmp_3


 <State 11>: 7.26ns
ST_11: temp_1_i [1/5] 7.26ns
.preheader.i:14  %temp_1_i = fadd float %tmp_9_i, 0.000000e+00

ST_11: tmp_9_1_i [1/4] 5.70ns
.preheader.i:17  %tmp_9_1_i = fmul float %tmp_2, %tmp_3


 <State 12>: 7.26ns
ST_12: temp_1_1_i [5/5] 7.26ns
.preheader.i:18  %temp_1_1_i = fadd float %temp_1_i, %tmp_9_1_i


 <State 13>: 7.64ns
ST_13: temp_1_1_i [4/5] 7.26ns
.preheader.i:18  %temp_1_1_i = fadd float %temp_1_i, %tmp_9_1_i

ST_13: tmp_4 [1/1] 1.94ns
.preheader.i:19  %tmp_4 = call float @_ssdm_op_Mux.ap_auto.8float.i3(float %A_0_2_read, float %A_1_2_read, float %A_2_2_read, float %A_3_2_read, float %A_4_2_read, float %A_5_2_read, float %A_6_2_read, float %A_7_2_read, i3 %tmp_17)

ST_13: tmp_5 [1/1] 1.94ns
.preheader.i:20  %tmp_5 = call float @_ssdm_op_Mux.ap_auto.8float.i3(float %p_read_48, float %p_read_47, float %p_read_46, float %p_read_45, float %p_read_44, float %p_read_43, float %p_read_42, float %p_read_41, i3 %tmp_18)

ST_13: tmp_9_2_i [4/4] 5.70ns
.preheader.i:21  %tmp_9_2_i = fmul float %tmp_4, %tmp_5


 <State 14>: 7.26ns
ST_14: temp_1_1_i [3/5] 7.26ns
.preheader.i:18  %temp_1_1_i = fadd float %temp_1_i, %tmp_9_1_i

ST_14: tmp_9_2_i [3/4] 5.70ns
.preheader.i:21  %tmp_9_2_i = fmul float %tmp_4, %tmp_5


 <State 15>: 7.26ns
ST_15: temp_1_1_i [2/5] 7.26ns
.preheader.i:18  %temp_1_1_i = fadd float %temp_1_i, %tmp_9_1_i

ST_15: tmp_9_2_i [2/4] 5.70ns
.preheader.i:21  %tmp_9_2_i = fmul float %tmp_4, %tmp_5


 <State 16>: 7.26ns
ST_16: temp_1_1_i [1/5] 7.26ns
.preheader.i:18  %temp_1_1_i = fadd float %temp_1_i, %tmp_9_1_i

ST_16: tmp_9_2_i [1/4] 5.70ns
.preheader.i:21  %tmp_9_2_i = fmul float %tmp_4, %tmp_5


 <State 17>: 7.26ns
ST_17: temp_1_2_i [5/5] 7.26ns
.preheader.i:22  %temp_1_2_i = fadd float %temp_1_1_i, %tmp_9_2_i


 <State 18>: 7.64ns
ST_18: temp_1_2_i [4/5] 7.26ns
.preheader.i:22  %temp_1_2_i = fadd float %temp_1_1_i, %tmp_9_2_i

ST_18: tmp_6 [1/1] 1.94ns
.preheader.i:23  %tmp_6 = call float @_ssdm_op_Mux.ap_auto.8float.i3(float %A_0_3_read, float %A_1_3_read, float %A_2_3_read, float %A_3_3_read, float %A_4_3_read, float %A_5_3_read, float %A_6_3_read, float %A_7_3_read, i3 %tmp_17)

ST_18: tmp_7 [1/1] 1.94ns
.preheader.i:24  %tmp_7 = call float @_ssdm_op_Mux.ap_auto.8float.i3(float %p_read_40, float %p_read_39, float %p_read_38, float %p_read_37, float %p_read_36, float %p_read_35, float %p_read_34, float %p_read_33, i3 %tmp_18)

ST_18: tmp_9_3_i [4/4] 5.70ns
.preheader.i:25  %tmp_9_3_i = fmul float %tmp_6, %tmp_7


 <State 19>: 7.26ns
ST_19: temp_1_2_i [3/5] 7.26ns
.preheader.i:22  %temp_1_2_i = fadd float %temp_1_1_i, %tmp_9_2_i

ST_19: tmp_9_3_i [3/4] 5.70ns
.preheader.i:25  %tmp_9_3_i = fmul float %tmp_6, %tmp_7


 <State 20>: 7.26ns
ST_20: temp_1_2_i [2/5] 7.26ns
.preheader.i:22  %temp_1_2_i = fadd float %temp_1_1_i, %tmp_9_2_i

ST_20: tmp_9_3_i [2/4] 5.70ns
.preheader.i:25  %tmp_9_3_i = fmul float %tmp_6, %tmp_7


 <State 21>: 7.26ns
ST_21: temp_1_2_i [1/5] 7.26ns
.preheader.i:22  %temp_1_2_i = fadd float %temp_1_1_i, %tmp_9_2_i

ST_21: tmp_9_3_i [1/4] 5.70ns
.preheader.i:25  %tmp_9_3_i = fmul float %tmp_6, %tmp_7


 <State 22>: 7.26ns
ST_22: temp_1_3_i [5/5] 7.26ns
.preheader.i:26  %temp_1_3_i = fadd float %temp_1_2_i, %tmp_9_3_i


 <State 23>: 7.64ns
ST_23: temp_1_3_i [4/5] 7.26ns
.preheader.i:26  %temp_1_3_i = fadd float %temp_1_2_i, %tmp_9_3_i

ST_23: tmp_8 [1/1] 1.94ns
.preheader.i:27  %tmp_8 = call float @_ssdm_op_Mux.ap_auto.8float.i3(float %A_0_4_read, float %A_1_4_read, float %A_2_4_read, float %A_3_4_read, float %A_4_4_read, float %A_5_4_read, float %A_6_4_read, float %A_7_4_read, i3 %tmp_17)

ST_23: tmp_9 [1/1] 1.94ns
.preheader.i:28  %tmp_9 = call float @_ssdm_op_Mux.ap_auto.8float.i3(float %p_read_32, float %p_read_31, float %p_read_30, float %p_read_29, float %p_read_28, float %p_read_27, float %p_read_26, float %p_read_25, i3 %tmp_18)

ST_23: tmp_9_4_i [4/4] 5.70ns
.preheader.i:29  %tmp_9_4_i = fmul float %tmp_8, %tmp_9


 <State 24>: 7.26ns
ST_24: temp_1_3_i [3/5] 7.26ns
.preheader.i:26  %temp_1_3_i = fadd float %temp_1_2_i, %tmp_9_3_i

ST_24: tmp_9_4_i [3/4] 5.70ns
.preheader.i:29  %tmp_9_4_i = fmul float %tmp_8, %tmp_9


 <State 25>: 7.26ns
ST_25: temp_1_3_i [2/5] 7.26ns
.preheader.i:26  %temp_1_3_i = fadd float %temp_1_2_i, %tmp_9_3_i

ST_25: tmp_9_4_i [2/4] 5.70ns
.preheader.i:29  %tmp_9_4_i = fmul float %tmp_8, %tmp_9


 <State 26>: 7.26ns
ST_26: temp_1_3_i [1/5] 7.26ns
.preheader.i:26  %temp_1_3_i = fadd float %temp_1_2_i, %tmp_9_3_i

ST_26: tmp_9_4_i [1/4] 5.70ns
.preheader.i:29  %tmp_9_4_i = fmul float %tmp_8, %tmp_9


 <State 27>: 7.26ns
ST_27: temp_1_4_i [5/5] 7.26ns
.preheader.i:30  %temp_1_4_i = fadd float %temp_1_3_i, %tmp_9_4_i


 <State 28>: 7.64ns
ST_28: temp_1_4_i [4/5] 7.26ns
.preheader.i:30  %temp_1_4_i = fadd float %temp_1_3_i, %tmp_9_4_i

ST_28: tmp_s [1/1] 1.94ns
.preheader.i:31  %tmp_s = call float @_ssdm_op_Mux.ap_auto.8float.i3(float %A_0_5_read, float %A_1_5_read, float %A_2_5_read, float %A_3_5_read, float %A_4_5_read, float %A_5_5_read, float %A_6_5_read, float %A_7_5_read, i3 %tmp_17)

ST_28: tmp_10 [1/1] 1.94ns
.preheader.i:32  %tmp_10 = call float @_ssdm_op_Mux.ap_auto.8float.i3(float %p_read_24, float %p_read_23, float %p_read_22, float %p_read_21, float %p_read_20, float %p_read_19, float %p_read_18, float %p_read_17, i3 %tmp_18)

ST_28: tmp_9_5_i [4/4] 5.70ns
.preheader.i:33  %tmp_9_5_i = fmul float %tmp_s, %tmp_10


 <State 29>: 7.26ns
ST_29: temp_1_4_i [3/5] 7.26ns
.preheader.i:30  %temp_1_4_i = fadd float %temp_1_3_i, %tmp_9_4_i

ST_29: tmp_9_5_i [3/4] 5.70ns
.preheader.i:33  %tmp_9_5_i = fmul float %tmp_s, %tmp_10


 <State 30>: 7.26ns
ST_30: temp_1_4_i [2/5] 7.26ns
.preheader.i:30  %temp_1_4_i = fadd float %temp_1_3_i, %tmp_9_4_i

ST_30: tmp_9_5_i [2/4] 5.70ns
.preheader.i:33  %tmp_9_5_i = fmul float %tmp_s, %tmp_10


 <State 31>: 7.26ns
ST_31: temp_1_4_i [1/5] 7.26ns
.preheader.i:30  %temp_1_4_i = fadd float %temp_1_3_i, %tmp_9_4_i

ST_31: tmp_9_5_i [1/4] 5.70ns
.preheader.i:33  %tmp_9_5_i = fmul float %tmp_s, %tmp_10


 <State 32>: 7.26ns
ST_32: temp_1_5_i [5/5] 7.26ns
.preheader.i:34  %temp_1_5_i = fadd float %temp_1_4_i, %tmp_9_5_i


 <State 33>: 7.64ns
ST_33: temp_1_5_i [4/5] 7.26ns
.preheader.i:34  %temp_1_5_i = fadd float %temp_1_4_i, %tmp_9_5_i

ST_33: tmp_11 [1/1] 1.94ns
.preheader.i:35  %tmp_11 = call float @_ssdm_op_Mux.ap_auto.8float.i3(float %A_0_6_read, float %A_1_6_read, float %A_2_6_read, float %A_3_6_read, float %A_4_6_read, float %A_5_6_read, float %A_6_6_read, float %A_7_6_read, i3 %tmp_17)

ST_33: tmp_12 [1/1] 1.94ns
.preheader.i:36  %tmp_12 = call float @_ssdm_op_Mux.ap_auto.8float.i3(float %p_read_16, float %p_read_15, float %p_read_14, float %p_read_13, float %p_read_12, float %p_read_11, float %p_read_10, float %p_read_9, i3 %tmp_18)

ST_33: tmp_9_6_i [4/4] 5.70ns
.preheader.i:37  %tmp_9_6_i = fmul float %tmp_11, %tmp_12


 <State 34>: 7.26ns
ST_34: temp_1_5_i [3/5] 7.26ns
.preheader.i:34  %temp_1_5_i = fadd float %temp_1_4_i, %tmp_9_5_i

ST_34: tmp_9_6_i [3/4] 5.70ns
.preheader.i:37  %tmp_9_6_i = fmul float %tmp_11, %tmp_12


 <State 35>: 7.26ns
ST_35: temp_1_5_i [2/5] 7.26ns
.preheader.i:34  %temp_1_5_i = fadd float %temp_1_4_i, %tmp_9_5_i

ST_35: tmp_9_6_i [2/4] 5.70ns
.preheader.i:37  %tmp_9_6_i = fmul float %tmp_11, %tmp_12


 <State 36>: 7.26ns
ST_36: temp_1_5_i [1/5] 7.26ns
.preheader.i:34  %temp_1_5_i = fadd float %temp_1_4_i, %tmp_9_5_i

ST_36: tmp_9_6_i [1/4] 5.70ns
.preheader.i:37  %tmp_9_6_i = fmul float %tmp_11, %tmp_12


 <State 37>: 7.26ns
ST_37: temp_1_6_i [5/5] 7.26ns
.preheader.i:38  %temp_1_6_i = fadd float %temp_1_5_i, %tmp_9_6_i


 <State 38>: 7.64ns
ST_38: temp_1_6_i [4/5] 7.26ns
.preheader.i:38  %temp_1_6_i = fadd float %temp_1_5_i, %tmp_9_6_i

ST_38: tmp_13 [1/1] 1.94ns
.preheader.i:39  %tmp_13 = call float @_ssdm_op_Mux.ap_auto.8float.i3(float %A_0_7_read, float %A_1_7_read, float %A_2_7_read, float %A_3_7_read, float %A_4_7_read, float %A_5_7_read, float %A_6_7_read, float %A_7_7_read, i3 %tmp_17)

ST_38: tmp_14 [1/1] 1.94ns
.preheader.i:40  %tmp_14 = call float @_ssdm_op_Mux.ap_auto.8float.i3(float %p_read_8, float %p_read_7, float %p_read_6, float %p_read_5, float %p_read_4, float %p_read_3, float %p_read_2, float %p_read_1, i3 %tmp_18)

ST_38: tmp_9_7_i [4/4] 5.70ns
.preheader.i:41  %tmp_9_7_i = fmul float %tmp_13, %tmp_14


 <State 39>: 7.26ns
ST_39: temp_1_6_i [3/5] 7.26ns
.preheader.i:38  %temp_1_6_i = fadd float %temp_1_5_i, %tmp_9_6_i

ST_39: tmp_9_7_i [3/4] 5.70ns
.preheader.i:41  %tmp_9_7_i = fmul float %tmp_13, %tmp_14


 <State 40>: 7.26ns
ST_40: temp_1_6_i [2/5] 7.26ns
.preheader.i:38  %temp_1_6_i = fadd float %temp_1_5_i, %tmp_9_6_i

ST_40: tmp_9_7_i [2/4] 5.70ns
.preheader.i:41  %tmp_9_7_i = fmul float %tmp_13, %tmp_14


 <State 41>: 7.26ns
ST_41: temp_1_6_i [1/5] 7.26ns
.preheader.i:38  %temp_1_6_i = fadd float %temp_1_5_i, %tmp_9_6_i

ST_41: tmp_9_7_i [1/4] 5.70ns
.preheader.i:41  %tmp_9_7_i = fmul float %tmp_13, %tmp_14


 <State 42>: 7.26ns
ST_42: temp_1_7_i [5/5] 7.26ns
.preheader.i:42  %temp_1_7_i = fadd float %temp_1_6_i, %tmp_9_7_i


 <State 43>: 7.26ns
ST_43: temp_1_7_i [4/5] 7.26ns
.preheader.i:42  %temp_1_7_i = fadd float %temp_1_6_i, %tmp_9_7_i


 <State 44>: 7.26ns
ST_44: temp_1_7_i [3/5] 7.26ns
.preheader.i:42  %temp_1_7_i = fadd float %temp_1_6_i, %tmp_9_7_i


 <State 45>: 7.26ns
ST_45: temp_1_7_i [2/5] 7.26ns
.preheader.i:42  %temp_1_7_i = fadd float %temp_1_6_i, %tmp_9_7_i


 <State 46>: 7.26ns
ST_46: temp_1_7_i [1/5] 7.26ns
.preheader.i:42  %temp_1_7_i = fadd float %temp_1_6_i, %tmp_9_7_i


 <State 47>: 4.43ns
ST_47: stg_343 [1/1] 0.00ns
.preheader.i:0  call void (...)* @_ssdm_op_SpecLoopName([8 x i8]* @str1)

ST_47: empty [1/1] 0.00ns
.preheader.i:1  %empty = call i32 (...)* @_ssdm_op_SpecLoopTripCount(i64 64, i64 64, i64 64)

ST_47: stg_345 [1/1] 0.00ns
.preheader.i:7  call void (...)* @_ssdm_op_SpecLoopName([4 x i8]* @p_str5) nounwind

ST_47: tmp_28_i [1/1] 0.00ns
.preheader.i:8  %tmp_28_i = call i32 (...)* @_ssdm_op_SpecRegionBegin([4 x i8]* @p_str5)

ST_47: stg_347 [1/1] 0.00ns
.preheader.i:9  call void (...)* @_ssdm_op_SpecPipeline(i32 1, i32 1, i32 1, i32 0, [1 x i8]* @p_str2) nounwind

ST_47: tmp_6_i_trn_cast [1/1] 0.00ns
.preheader.i:43  %tmp_6_i_trn_cast = zext i4 %j_1_i_mid2 to i8

ST_47: tmp_15 [1/1] 0.00ns
.preheader.i:44  %tmp_15 = call i7 @_ssdm_op_BitConcatenate.i7.i4.i3(i4 %i_1_i_mid2, i3 0)

ST_47: p_addr_cast [1/1] 0.00ns
.preheader.i:45  %p_addr_cast = zext i7 %tmp_15 to i8

ST_47: p_addr1 [1/1] 1.72ns
.preheader.i:46  %p_addr1 = add i8 %p_addr_cast, %tmp_6_i_trn_cast

ST_47: tmp_16 [1/1] 0.00ns
.preheader.i:47  %tmp_16 = zext i8 %p_addr1 to i64

ST_47: C_addr [1/1] 0.00ns
.preheader.i:48  %C_addr = getelementptr [64 x float]* %C, i64 0, i64 %tmp_16

ST_47: stg_354 [1/1] 2.71ns
.preheader.i:49  store float %temp_1_7_i, float* %C_addr, align 4

ST_47: empty_4 [1/1] 0.00ns
.preheader.i:50  %empty_4 = call i32 (...)* @_ssdm_op_SpecRegionEnd([4 x i8]* @p_str5, i32 %tmp_28_i)

ST_47: stg_356 [1/1] 0.00ns
.preheader.i:52  br label %0


 <State 48>: 0.00ns
ST_48: stg_357 [1/1] 0.00ns
MAT_Multiply_Loop_Row_proc.exit:0  ret void



============================================================
+ Verbose Summary: Binding
============================================================
N/A
* FSMD analyzer results:
  - Output states:
  - Chain level:
	State 1
	State 2
	State 3
	State 4
	State 5
	State 6
	State 7
	State 8
	State 9
	State 10
	State 11
	State 12
	State 13
	State 14
	State 15
	State 16
	State 17
	State 18
	State 19
	State 20
	State 21
	State 22
	State 23
	State 24
	State 25
	State 26
	State 27
	State 28
	State 29
	State 30
	State 31
	State 32
	State 33
	State 34
	State 35
	State 36
	State 37
	State 38
	State 39
	State 40
	State 41
	State 42
	State 43
	State 44
	State 45
	State 46
	State 47
	State 48


============================================================
+ Verbose Summary: Datapath Resource usage 
============================================================
N/A
