

================================================================
== Vivado HLS Report for 'DCT_Loop_1_proc'
================================================================
* Date:           Thu Oct 29 23:53:05 2015

* Version:        2015.1 (Build 1215546 on Mon Apr 27 19:24:50 PM 2015)
* Project:        dct
* Solution:       solution2optimize
* Product family: zynq
* Target device:  xc7z020clg484-1


================================================================
== Performance Estimates
================================================================
+ Timing (ns): 
    * Summary: 
    +---------+-------+----------+------------+
    |  Clock  | Target| Estimated| Uncertainty|
    +---------+-------+----------+------------+
    |default  |  10.00|      8.75|        1.25|
    +---------+-------+----------+------------+

+ Latency (clock cycles): 
    * Summary: 
    +-----+-----+-----+-----+---------+
    |  Latency  |  Interval | Pipeline|
    | min | max | min | max |   Type  |
    +-----+-----+-----+-----+---------+
    |   81|   81|   81|   81|   none  |
    +-----+-----+-----+-----+---------+

    + Detail: 
        * Instance: 
        N/A

        * Loop: 
        +-------------+-----+-----+----------+-----------+-----------+------+----------+
        |             |  Latency  | Iteration|  Initiation Interval  | Trip |          |
        |  Loop Name  | min | max |  Latency |  achieved |   target  | Count| Pipelined|
        +-------------+-----+-----+----------+-----------+-----------+------+----------+
        |- Loop 1     |   80|   80|        10|          -|          -|     8|    no    |
        | + Loop 1.1  |    8|    8|         1|          -|          -|     8|    no    |
        +-------------+-----+-----+----------+-----------+-----------+------+----------+



================================================================
== Utilization Estimates
================================================================
* Summary: 
+-----------------+---------+-------+--------+-------+
|       Name      | BRAM_18K| DSP48E|   FF   |  LUT  |
+-----------------+---------+-------+--------+-------+
|Expression       |        -|      -|       -|      -|
|FIFO             |        -|      -|       -|      -|
|Instance         |        -|      -|       -|      -|
|Memory           |        -|      -|       -|      -|
|Multiplexer      |        -|      -|       -|      -|
|Register         |        -|      -|       -|      -|
+-----------------+---------+-------+--------+-------+
|Total            |        0|      0|       0|      0|
+-----------------+---------+-------+--------+-------+
|Available        |      280|    220|  106400|  53200|
+-----------------+---------+-------+--------+-------+
|Utilization (%)  |        0|      0|       0|      0|
+-----------------+---------+-------+--------+-------+

+ Detail: 
    * Instance: 
    N/A

    * Memory: 
    N/A

    * FIFO: 
    N/A

    * Expression: 
    N/A

    * Multiplexer: 
    N/A

    * Register: 
    N/A



================================================================
== Interface
================================================================
* Summary: 
N/A

============================================================
+ Verbose Summary: Synthesis Manager
============================================================
InlineROM: 1
ExposeGlobal: 0
============================================================
+ Verbose Summary: CDFG Model
============================================================
IsTopModel: 0
ResetActiveHigh: 1
IsCombinational: 2
IsDatapathOnly: 0
HasWiredReturn: 1
HasMFsm: 0
HasVarLatency: 1
IsPipeline: 0
IsRtlPipelined: 0
IsInstanceOverlapped: 0
IsDontTouch: 0
HasImplIP: 0
IsGatedGlobalClock: 0


============================================================
+ Verbose Summary: Schedule
============================================================
* Number of FSM states: 3
* Pipeline: 0
* Dataflow Pipeline: 0

* FSM state transitions: 
1 --> 
	2  / true
2 --> 
	3  / (!exitcond7_i_i)
3 --> 
	2  / (exitcond1)
	3  / (!exitcond1)
* FSM state operations: 

 <State 1>: 1.57ns
ST_1: stg_4 [1/1] 0.00ns
newFuncRoot:0  call void (...)* @_ssdm_op_SpecInterface(i32* %X, [8 x i8]* @p_str19, i32 0, i32 0, i32 0, i32 0, [1 x i8]* @p_str8, [1 x i8]* @p_str8, [1 x i8]* @p_str8)

ST_1: stg_5 [1/1] 0.00ns
newFuncRoot:1  call void (...)* @_ssdm_op_SpecInterface(float* %Xbuff, [8 x i8]* @str14, i32 0, i32 0, i32 0, i32 0, [8 x i8]* @str14, [8 x i8]* @str14, [8 x i8]* @str14)

ST_1: stg_6 [1/1] 1.57ns
newFuncRoot:2  br label %.loopexit


 <State 2>: 3.45ns
ST_2: rowrcv_0_i_i [1/1] 0.00ns
.loopexit:0  %rowrcv_0_i_i = phi i4 [ 0, %newFuncRoot ], [ %rowrcv, %.preheader11.i.i ]

ST_2: exitcond7_i_i [1/1] 1.88ns
.loopexit:1  %exitcond7_i_i = icmp eq i4 %rowrcv_0_i_i, -8

ST_2: empty [1/1] 0.00ns
.loopexit:2  %empty = call i32 (...)* @_ssdm_op_SpecLoopTripCount(i64 8, i64 8, i64 8) nounwind

ST_2: rowrcv [1/1] 0.80ns
.loopexit:3  %rowrcv = add i4 %rowrcv_0_i_i, 1

ST_2: stg_11 [1/1] 1.57ns
.loopexit:4  br i1 %exitcond7_i_i, label %DCT_.exit2.exitStub, label %.preheader11.i.i

ST_2: stg_12 [1/1] 0.00ns
DCT_.exit2.exitStub:0  ret void


 <State 3>: 8.75ns
ST_3: p_1_rec_i_i [1/1] 0.00ns
.preheader11.i.i:0  %p_1_rec_i_i = phi i4 [ %p_rec4_i_i, %0 ], [ 0, %.loopexit ]

ST_3: empty_6 [1/1] 0.00ns
.preheader11.i.i:1  %empty_6 = call i32 (...)* @_ssdm_op_SpecLoopTripCount(i64 8, i64 8, i64 8) nounwind

ST_3: exitcond1 [1/1] 1.88ns
.preheader11.i.i:2  %exitcond1 = icmp eq i4 %p_1_rec_i_i, -8

ST_3: p_rec4_i_i [1/1] 0.80ns
.preheader11.i.i:3  %p_rec4_i_i = add i4 %p_1_rec_i_i, 1

ST_3: stg_17 [1/1] 0.00ns
.preheader11.i.i:4  br i1 %exitcond1, label %.loopexit, label %0

ST_3: temp [1/1] 4.38ns
:0  %temp = call i32 @_ssdm_op_Read.ap_fifo.i32P(i32* %X)

ST_3: tmp_4_i [1/1] 0.00ns
:1  %tmp_4_i = bitcast i32 %temp to float

ST_3: stg_20 [1/1] 4.38ns
:2  call void @_ssdm_op_Write.ap_fifo.volatile.floatP(float* %Xbuff, float %tmp_4_i)

ST_3: stg_21 [1/1] 0.00ns
:3  br label %.preheader11.i.i



============================================================
+ Verbose Summary: Binding
============================================================
N/A
* FSMD analyzer results:
  - Output states:
  - Chain level:
	State 1
	State 2
	State 3


============================================================
+ Verbose Summary: Datapath Resource usage 
============================================================
N/A
