@I [LIC-101] Checked out feature [VIVADO_HLS]
@I [HLS-10] Running '/opt/Xilinx/Vivado_HLS/2015.1/bin/unwrapped/lnx64.o/vivado_hls'
            for user 'root' on host 'ubuntu' (Linux_x86_64 version 3.13.0-63-generic) on Mon Sep 28 12:35:59 CDT 2015
            in directory '/home/parallels/source_code/ECE_527_MP/mp3'
@I [HLS-10] Opening project '/home/parallels/source_code/ECE_527_MP/mp3/parta'.
@I [HLS-10] Opening solution '/home/parallels/source_code/ECE_527_MP/mp3/parta/solution2_mm_loop_pipelining'.
@I [SYN-201] Setting up clock 'default' with a period of 10ns.
@I [HLS-10] Setting target device to 'xc7z020clg484-1'
@I [SIM-47] Using XSIM for RTL simulation.
@I [SIM-14] Instrumenting C test bench ...
   Build using "/opt/Xilinx/Vivado_HLS/2015.1/lnx64/tools/gcc/bin/g++"
   Compiling apatb_MAT_Multiply.cpp
   Compiling(apcc) matrixmath.c_pre.c.tb.c
@I [HLS-10] Running '/opt/Xilinx/Vivado_HLS/2015.1/bin/unwrapped/lnx64.o/apcc'
            for user 'root' on host 'ubuntu' (Linux_x86_64 version 3.13.0-63-generic) on Mon Sep 28 12:36:03 CDT 2015
            in directory '/home/parallels/source_code/ECE_527_MP/mp3/parta/solution2_mm_loop_pipelining/sim/wrapc'
clang: warning: argument unused during compilation: '-fno-builtin-isinf'
clang: warning: argument unused during compilation: '-fno-builtin-isnan'
@I [APCC-1] APCC is done.
   Compiling(apcc) matrixmath_test.c_pre.c.tb.c
@I [HLS-10] Running '/opt/Xilinx/Vivado_HLS/2015.1/bin/unwrapped/lnx64.o/apcc'
            for user 'root' on host 'ubuntu' (Linux_x86_64 version 3.13.0-63-generic) on Mon Sep 28 12:36:04 CDT 2015
            in directory '/home/parallels/source_code/ECE_527_MP/mp3/parta/solution2_mm_loop_pipelining/sim/wrapc'
clang: warning: argument unused during compilation: '-fno-builtin-isinf'
clang: warning: argument unused during compilation: '-fno-builtin-isnan'
@I [APCC-1] APCC is done.
   Generating cosim.tv.exe
@I [SIM-302] Starting C TB testing ... 
