17:41:46 INFO  : Processing command line option -hwspec Z:/Documents/UIUC/ECE527/ECE_527_MP/mp2/partB/mp2b.sdk/hardwareplatform_wrapper.hdf.
17:41:55 INFO  : Launching XSDB server: xsdb.bat -s C:/Xilinx/SDK/2015.1/scripts/xsdb/xsdb/xsdb-server.tcl 2450
17:42:02 INFO  : XSDB server has started successfully.
20:22:25 INFO  : Connected to target on host '127.0.0.1' and port '3121'.
20:22:25 INFO  : 'targets -set -filter {jtag_cable_name =~ "Digilent Zed 210248469928" && level==0} -index 1' command is executed.
20:22:28 INFO  : FPGA configured successfully with bitstream "Z:/Documents/UIUC/ECE527/ECE_527_MP/mp2/partB/mp2b.sdk/hardwareplatform_wrapper_hw_platform_0/hardwareplatform_wrapper.bit"
20:22:35 ERROR : Unexpected error while launching program.
java.lang.IllegalArgumentException: Path for project must have only one segment.
	at org.eclipse.core.runtime.Assert.isLegal(Assert.java:63)
	at org.eclipse.core.internal.resources.WorkspaceRoot.getProject(WorkspaceRoot.java:184)
	at org.eclipse.cdt.debug.core.CDebugUtils.verifyCProject(CDebugUtils.java:586)
	at org.eclipse.cdt.debug.core.CDebugUtils.verifyProgramPath(CDebugUtils.java:623)
	at org.eclipse.cdt.debug.core.CDebugUtils.verifyProgramPath(CDebugUtils.java:675)
	at com.xilinx.sdk.debug.core.XilinxAppLaunchConfigurationDelegate.runApplication(XilinxAppLaunchConfigurationDelegate.java:547)
	at com.xilinx.sdk.debug.core.XilinxAppLaunchConfigurationDelegate.launch(XilinxAppLaunchConfigurationDelegate.java:294)
	at com.xilinx.sdk.debug.ui.XilinxAppLaunchDelegateWrapper.launch(XilinxAppLaunchDelegateWrapper.java:31)
	at org.eclipse.debug.internal.core.LaunchConfiguration.launch(LaunchConfiguration.java:858)
	at org.eclipse.debug.internal.core.LaunchConfiguration.launch(LaunchConfiguration.java:707)
	at org.eclipse.debug.internal.ui.DebugUIPlugin.buildAndLaunch(DebugUIPlugin.java:1018)
	at org.eclipse.debug.internal.ui.DebugUIPlugin$8.run(DebugUIPlugin.java:1222)
	at org.eclipse.core.internal.jobs.Worker.run(Worker.java:53)
20:35:24 INFO  : ps7_init is completed.
20:35:25 INFO  : ps7_post_config is completed.
20:35:25 INFO  : Processor reset is completed for ps7_cortexa9_0
20:35:44 INFO  : Processor reset is completed for ps7_cortexa9_0
20:41:48 INFO  : Processor reset is completed for ps7_cortexa9_0
20:44:33 INFO  : Processor reset is completed for ps7_cortexa9_0
20:45:53 INFO  : Processor reset is completed for ps7_cortexa9_0
20:46:52 INFO  : Processor reset is completed for ps7_cortexa9_0
20:48:02 INFO  : Processor reset is completed for ps7_cortexa9_0
20:49:32 INFO  : Connected to target on host '127.0.0.1' and port '3121'.
20:49:32 INFO  : 'targets -set -filter {jtag_cable_name =~ "Digilent Zed 210248469928" && level==0} -index 1' command is executed.
20:49:35 INFO  : FPGA configured successfully with bitstream "Z:/Documents/UIUC/ECE527/ECE_527_MP/mp2/partB/mp2b.sdk/hardwareplatform_wrapper_hw_platform_0/hardwareplatform_wrapper.bit"
20:49:46 INFO  : ps7_cortexa9_0 Processor is in use. Please stop existing Run or Debug sessions before launching.
20:49:54 ERROR : Unexpected error while launching program.
java.lang.RuntimeException: Error while running ps7_init method.
Cannot write to target


    AP transaction timeout: ACK = 0x01, expected=0x02)
    Error Address = 0xf8000008


	at com.xilinx.sdk.targetmanager.internal.TM.run_ps7_init(TM.java:1073)
	at com.xilinx.sdk.debug.core.XilinxAppLaunchConfigurationDelegate.runTargetSetup(XilinxAppLaunchConfigurationDelegate.java:483)
	at com.xilinx.sdk.debug.core.XilinxAppLaunchConfigurationDelegate.runApplication(XilinxAppLaunchConfigurationDelegate.java:585)
	at com.xilinx.sdk.debug.core.XilinxAppLaunchConfigurationDelegate.launch(XilinxAppLaunchConfigurationDelegate.java:294)
	at com.xilinx.sdk.debug.ui.XilinxAppLaunchDelegateWrapper.launch(XilinxAppLaunchDelegateWrapper.java:31)
	at org.eclipse.debug.internal.core.LaunchConfiguration.launch(LaunchConfiguration.java:858)
	at org.eclipse.debug.internal.core.LaunchConfiguration.launch(LaunchConfiguration.java:707)
	at org.eclipse.debug.internal.ui.DebugUIPlugin.buildAndLaunch(DebugUIPlugin.java:1018)
	at org.eclipse.debug.internal.ui.DebugUIPlugin$8.run(DebugUIPlugin.java:1222)
	at org.eclipse.core.internal.jobs.Worker.run(Worker.java:53)
20:50:09 ERROR : Unexpected error while launching program.
java.lang.RuntimeException: Error while running ps7_init method.
Cannot write to target


    AP transaction error (DP CTRL_STAT=0xf0000021)
    Error Address = 0xf8000008


	at com.xilinx.sdk.targetmanager.internal.TM.run_ps7_init(TM.java:1073)
	at com.xilinx.sdk.debug.core.XilinxAppLaunchConfigurationDelegate.runTargetSetup(XilinxAppLaunchConfigurationDelegate.java:483)
	at com.xilinx.sdk.debug.core.XilinxAppLaunchConfigurationDelegate.runApplication(XilinxAppLaunchConfigurationDelegate.java:585)
	at com.xilinx.sdk.debug.core.XilinxAppLaunchConfigurationDelegate.launch(XilinxAppLaunchConfigurationDelegate.java:294)
	at com.xilinx.sdk.debug.ui.XilinxAppLaunchDelegateWrapper.launch(XilinxAppLaunchDelegateWrapper.java:31)
	at org.eclipse.debug.internal.core.LaunchConfiguration.launch(LaunchConfiguration.java:858)
	at org.eclipse.debug.internal.core.LaunchConfiguration.launch(LaunchConfiguration.java:707)
	at org.eclipse.debug.internal.ui.DebugUIPlugin.buildAndLaunch(DebugUIPlugin.java:1018)
	at org.eclipse.debug.internal.ui.DebugUIPlugin$8.run(DebugUIPlugin.java:1222)
	at org.eclipse.core.internal.jobs.Worker.run(Worker.java:53)
20:50:35 INFO  : Connected to target on host '127.0.0.1' and port '3121'.
20:50:35 INFO  : 'targets -set -filter {jtag_cable_name =~ "Digilent Zed 210248469928" && level==0} -index 1' command is executed.
20:50:38 INFO  : FPGA configured successfully with bitstream "Z:/Documents/UIUC/ECE527/ECE_527_MP/mp2/partB/mp2b.sdk/hardwareplatform_wrapper_hw_platform_0/hardwareplatform_wrapper.bit"
20:50:45 INFO  : ps7_init is completed.
20:50:45 INFO  : ps7_post_config is completed.
20:50:45 INFO  : Processor reset is completed for ps7_cortexa9_0
20:51:10 INFO  : ps7_cortexa9_0 Processor is in use. Please stop existing Run or Debug sessions before launching.
20:51:14 INFO  : Processor reset is completed for ps7_cortexa9_0
20:52:32 INFO  : ps7_cortexa9_0 Processor is in use. Please stop existing Run or Debug sessions before launching.
20:52:35 INFO  : Processor reset is completed for ps7_cortexa9_0
20:52:58 INFO  : ps7_cortexa9_0 Processor is in use. Please stop existing Run or Debug sessions before launching.
20:53:01 INFO  : Processor reset is completed for ps7_cortexa9_0
21:06:09 INFO  : ps7_cortexa9_0 Processor is in use. Please stop existing Run or Debug sessions before launching.
21:06:12 INFO  : Processor reset is completed for ps7_cortexa9_0
21:27:46 INFO  : Processor reset is completed for ps7_cortexa9_0
21:35:02 INFO  : Processor reset is completed for ps7_cortexa9_0
11:54:53 ERROR : Unexpected error while parsing XMD response ?: com.google.gson.JsonSyntaxException: com.google.gson.stream.MalformedJsonException: invalid number or unquoted string near 
17:06:50 INFO  : Processing command line option -hwspec Z:/Documents/UIUC/ECE527/ECE_527_MP/mp2/partB/mp2b.sdk/hardwareplatform_wrapper.hdf.
17:06:52 INFO  : Checking for hwspec changes in the project hardwareplatform_wrapper_hw_platform_0.
17:06:52 INFO  : Launching XSDB server: xsdb.bat -s C:/Xilinx/SDK/2015.1/scripts/xsdb/xsdb/xsdb-server.tcl 2450
17:06:54 INFO  : SDK has detected change in the last modified timestamps for source hardware specification file Source:1442700130000,  Project:1442614913000
17:06:54 INFO  : The hardware specification for project 'hardwareplatform_wrapper_hw_platform_0' is different from Z:/Documents/UIUC/ECE527/ECE_527_MP/mp2/partB/mp2b.sdk/hardwareplatform_wrapper.hdf.
17:06:54 INFO  : Copied contents of Z:/Documents/UIUC/ECE527/ECE_527_MP/mp2/partB/mp2b.sdk/hardwareplatform_wrapper.hdf into \hardwareplatform_wrapper_hw_platform_0\system.hdf.
17:06:59 INFO  : XSDB server has started successfully.
17:07:00 INFO  : Synchronizing projects in the workspace with the hardware platform specification changes.
17:07:04 INFO  : 
17:07:05 INFO  : Updating hardware inferred compiler options for mp2bsw.
17:07:05 INFO  : Clearing existing target manager status.
17:11:15 INFO  : Processor reset is completed for ps7_cortexa9_0
17:12:19 INFO  : Processor reset is completed for ps7_cortexa9_0
17:19:33 INFO  : Processor reset is completed for ps7_cortexa9_0
17:40:29 INFO  : SDK has detected change in the last modified timestamps for source hardware specification file Source:1442702304000,  Project:1442700130000
17:40:29 INFO  : Project hardwareplatform_wrapper_hw_platform_0's source hardware specification located at Z:/Documents/UIUC/ECE527/ECE_527_MP/mp2/partB/mp2b.sdk/hardwareplatform_wrapper.hdf is now different from the local copy.
		 The local copy will be replaced with the source specification and your workspace will be updated.
17:41:20 INFO  : Copied contents of Z:/Documents/UIUC/ECE527/ECE_527_MP/mp2/partB/mp2b.sdk/hardwareplatform_wrapper.hdf into \hardwareplatform_wrapper_hw_platform_0\system.hdf.
17:41:28 INFO  : Synchronizing projects in the workspace with the hardware platform specification changes.
17:41:31 INFO  : 
17:41:32 INFO  : Updating hardware inferred compiler options for mp2bsw.
17:41:32 INFO  : Clearing existing target manager status.
17:41:52 INFO  : Processor reset is completed for ps7_cortexa9_0
17:42:41 ERROR : Unexpected error while parsing XMD response ?: com.google.gson.JsonSyntaxException: com.google.gson.stream.MalformedJsonException: invalid number or unquoted string near 
13:38:00 INFO  : Processing command line option -hwspec Z:/Documents/UIUC/ECE527/ECE_527_MP/mp2/partB/mp2b.sdk/hardwareplatform_wrapper.hdf.
13:38:01 INFO  : Checking for hwspec changes in the project hardwareplatform_wrapper_hw_platform_0.
13:38:02 INFO  : Launching XSDB server: xsdb.bat -s C:/Xilinx/SDK/2015.1/scripts/xsdb/xsdb/xsdb-server.tcl 2450
13:38:04 INFO  : SDK has detected change in the last modified timestamps for source hardware specification file Source:1442774158000,  Project:1442702304000
13:38:04 INFO  : The hardware specification for project 'hardwareplatform_wrapper_hw_platform_0' is different from Z:/Documents/UIUC/ECE527/ECE_527_MP/mp2/partB/mp2b.sdk/hardwareplatform_wrapper.hdf.
13:38:04 INFO  : Copied contents of Z:/Documents/UIUC/ECE527/ECE_527_MP/mp2/partB/mp2b.sdk/hardwareplatform_wrapper.hdf into \hardwareplatform_wrapper_hw_platform_0\system.hdf.
13:38:09 INFO  : XSDB server has started successfully.
13:38:44 INFO  : Synchronizing projects in the workspace with the hardware platform specification changes.
13:38:47 INFO  : 
13:38:48 INFO  : Updating hardware inferred compiler options for mp2bsw.
13:38:48 INFO  : Clearing existing target manager status.
13:40:06 INFO  : ps7_init is completed.
13:40:06 INFO  : ps7_post_config is completed.
13:40:07 INFO  : Processor reset is completed for ps7_cortexa9_0
13:47:01 INFO  : Processor reset is completed for ps7_cortexa9_0
13:47:19 INFO  : Processor reset is completed for ps7_cortexa9_0
13:57:27 INFO  : Processor reset is completed for ps7_cortexa9_0
14:01:10 INFO  : Processor reset is completed for ps7_cortexa9_0
14:04:33 INFO  : Processor reset is completed for ps7_cortexa9_0
14:09:11 INFO  : Processor reset is completed for ps7_cortexa9_0
14:10:28 INFO  : Processor reset is completed for ps7_cortexa9_0
14:11:10 INFO  : Processor reset is completed for ps7_cortexa9_0
14:11:27 INFO  : Processor reset is completed for ps7_cortexa9_0
14:12:37 INFO  : Processor reset is completed for ps7_cortexa9_0
14:13:56 INFO  : Processor reset is completed for ps7_cortexa9_0
14:25:12 INFO  : Processor reset is completed for ps7_cortexa9_0
14:26:27 INFO  : Processor reset is completed for ps7_cortexa9_0
14:28:16 INFO  : Processor reset is completed for ps7_cortexa9_0
14:36:25 INFO  : Processor reset is completed for ps7_cortexa9_0
14:36:38 INFO  : Connected to target on host '127.0.0.1' and port '3121'.
14:36:38 INFO  : 'targets -set -filter {jtag_cable_name =~ "Digilent Zed 210248469928" && level==0} -index 1' command is executed.
14:36:41 INFO  : FPGA configured successfully with bitstream "Z:/Documents/UIUC/ECE527/ECE_527_MP/mp2/partB/mp2b.sdk/hardwareplatform_wrapper_hw_platform_0/hardwareplatform_wrapper.bit"
14:36:47 INFO  : Processor reset is completed for ps7_cortexa9_0
14:37:21 INFO  : Connected to target on host '127.0.0.1' and port '3121'.
14:37:21 INFO  : 'targets -set -filter {jtag_cable_name =~ "Digilent Zed 210248469928" && level==0} -index 1' command is executed.
14:37:24 INFO  : FPGA configured successfully with bitstream "Z:/Documents/UIUC/ECE527/ECE_527_MP/mp2/partB/mp2b.sdk/hardwareplatform_wrapper_hw_platform_0/hardwareplatform_wrapper.bit"
14:38:49 INFO  : ps7_cortexa9_0 Processor is in use. Please stop existing Run or Debug sessions before launching.
14:38:52 INFO  : Processor reset is completed for ps7_cortexa9_0
14:39:41 INFO  : ps7_cortexa9_0 Processor is in use. Please stop existing Run or Debug sessions before launching.
14:39:47 ERROR : Unexpected error while launching program.
java.lang.RuntimeException: Error while running ps7_init method.
Cannot write to target


    AP transaction timeout: ACK = 0x01, expected=0x02)
    Error Address = 0xf8000008


	at com.xilinx.sdk.targetmanager.internal.TM.run_ps7_init(TM.java:1073)
	at com.xilinx.sdk.debug.core.XilinxAppLaunchConfigurationDelegate.runTargetSetup(XilinxAppLaunchConfigurationDelegate.java:483)
	at com.xilinx.sdk.debug.core.XilinxAppLaunchConfigurationDelegate.runApplication(XilinxAppLaunchConfigurationDelegate.java:585)
	at com.xilinx.sdk.debug.core.XilinxAppLaunchConfigurationDelegate.launch(XilinxAppLaunchConfigurationDelegate.java:294)
	at com.xilinx.sdk.debug.ui.XilinxAppLaunchDelegateWrapper.launch(XilinxAppLaunchDelegateWrapper.java:31)
	at org.eclipse.debug.internal.core.LaunchConfiguration.launch(LaunchConfiguration.java:858)
	at org.eclipse.debug.internal.core.LaunchConfiguration.launch(LaunchConfiguration.java:707)
	at org.eclipse.debug.internal.ui.DebugUIPlugin.buildAndLaunch(DebugUIPlugin.java:1018)
	at org.eclipse.debug.internal.ui.DebugUIPlugin$8.run(DebugUIPlugin.java:1222)
	at org.eclipse.core.internal.jobs.Worker.run(Worker.java:53)
14:40:33 ERROR : Unexpected error while parsing XMD response ?: com.google.gson.JsonSyntaxException: com.google.gson.stream.MalformedJsonException: invalid number or unquoted string near 
15:20:28 INFO  : Processing command line option -hwspec Z:/Documents/UIUC/ECE527/ECE_527_MP/mp2/partB/mp2b.sdk/hardwareplatform_wrapper.hdf.
15:20:29 INFO  : Checking for hwspec changes in the project hardwareplatform_wrapper_hw_platform_0.
15:20:30 INFO  : Launching XSDB server: xsdb.bat -s C:/Xilinx/SDK/2015.1/scripts/xsdb/xsdb/xsdb-server.tcl 2450
15:20:32 INFO  : SDK has detected change in the last modified timestamps for source hardware specification file Source:1442779375000,  Project:1442774158000
15:20:32 INFO  : The hardware specification for project 'hardwareplatform_wrapper_hw_platform_0' is different from Z:/Documents/UIUC/ECE527/ECE_527_MP/mp2/partB/mp2b.sdk/hardwareplatform_wrapper.hdf.
15:20:32 INFO  : Copied contents of Z:/Documents/UIUC/ECE527/ECE_527_MP/mp2/partB/mp2b.sdk/hardwareplatform_wrapper.hdf into \hardwareplatform_wrapper_hw_platform_0\system.hdf.
15:20:37 INFO  : XSDB server has started successfully.
15:20:37 INFO  : Synchronizing projects in the workspace with the hardware platform specification changes.
15:20:41 INFO  : 
15:20:42 INFO  : Updating hardware inferred compiler options for mp2bsw.
15:20:42 INFO  : Clearing existing target manager status.
15:21:51 INFO  : ps7_init is completed.
15:21:51 INFO  : ps7_post_config is completed.
15:21:51 INFO  : Processor reset is completed for ps7_cortexa9_0
15:22:51 INFO  : Processor reset is completed for ps7_cortexa9_0
15:23:39 INFO  : Processor reset is completed for ps7_cortexa9_0
15:26:55 INFO  : Processor reset is completed for ps7_cortexa9_0
15:27:57 ERROR : Unexpected error while parsing XMD response ?: com.google.gson.JsonSyntaxException: com.google.gson.stream.MalformedJsonException: invalid number or unquoted string near 
15:28:16 INFO  : Processing command line option -hwspec Z:/Documents/UIUC/ECE527/ECE_527_MP/mp2/partB/mp2b.sdk/hardwareplatform_wrapper.hdf.
15:28:18 INFO  : Checking for hwspec changes in the project hardwareplatform_wrapper_hw_platform_0.
15:28:18 INFO  : Launching XSDB server: xsdb.bat -s C:/Xilinx/SDK/2015.1/scripts/xsdb/xsdb/xsdb-server.tcl 2450
15:28:24 INFO  : XSDB server has started successfully.
15:30:46 INFO  : Processor reset is completed for ps7_cortexa9_0
15:31:18 ERROR : Unexpected error while parsing XMD response ?: com.google.gson.JsonSyntaxException: com.google.gson.stream.MalformedJsonException: invalid number or unquoted string near 
00:01:49 INFO  : Processing command line option -hwspec E:/Ubuntu_source_code_data/ECE_527_MP/mp2/partB/mp2b.sdk/hardwareplatform_wrapper.hdf.
00:01:51 INFO  : Launching XSDB server: xsdb.bat -s C:/Xilinx/SDK/2015.1/scripts/xsdb/xsdb/xsdb-server.tcl 2450
00:01:55 INFO  : XSDB server has started successfully.
00:03:07 INFO  : Processor reset is completed for ps7_cortexa9_0
00:03:26 ERROR : Unexpected error while parsing XMD response ?: com.google.gson.JsonSyntaxException: com.google.gson.stream.MalformedJsonException: invalid number or unquoted string near 
