@I [SIM-47] Using XSIM for RTL simulation.
@I [SIM-14] Instrumenting C test bench ...
@W [SIM-75] Fifo port 'A' has a default depth of 1. Insufficient depth may cause simulation mismatch or freeze. Please specify the depth in 'set_directive_interface' using the option '-depth'.
@W [SIM-75] Fifo port 'B' has a default depth of 1. Insufficient depth may cause simulation mismatch or freeze. Please specify the depth in 'set_directive_interface' using the option '-depth'.
@W [SIM-75] Fifo port 'C' has a default depth of 1. Insufficient depth may cause simulation mismatch or freeze. Please specify the depth in 'set_directive_interface' using the option '-depth'.
   Build using "/opt/Xilinx/Vivado_HLS/2015.1/lnx64/tools/gcc/bin/g++"
   Compiling apatb_MAT_Multiply.cpp
   Compiling(apcc) matrixmath.c_pre.c.tb.c
@I [HLS-10] Running '/opt/Xilinx/Vivado_HLS/2015.1/bin/unwrapped/lnx64.o/apcc'
            for user 'root' on host 'ubuntu' (Linux_x86_64 version 3.13.0-65-generic) on Thu Oct 01 22:34:25 CDT 2015
            in directory '/home/parallels/source_code/ECE_527_MP/mp3/partB/solution2_optimized/sim/wrapc'
clang: warning: argument unused during compilation: '-fno-builtin-isinf'
clang: warning: argument unused during compilation: '-fno-builtin-isnan'
/home/parallels/source_code/ECE_527_MP/mp3/partB/matrixmath.c:32:14: warning: incompatible pointer types passing 'int [100][100]' to parameter of type 'int *' [-Wincompatible-pointer-types]
  load_mat(A,arrayA,mA,nA);
             ^~~~~~
/home/parallels/source_code/ECE_527_MP/mp3/partB/matrixmath.c:4:28: note: passing argument to parameter 'arrayX' here
void load_mat(int *X, int *arrayX, unsigned int m, unsigned int n)
                           ^
/home/parallels/source_code/ECE_527_MP/mp3/partB/matrixmath.c:33:14: warning: incompatible pointer types passing 'int [100][100]' to parameter of type 'int *' [-Wincompatible-pointer-types]
  load_mat(B,arrayB,mB,nB);
             ^~~~~~
/home/parallels/source_code/ECE_527_MP/mp3/partB/matrixmath.c:4:28: note: passing argument to parameter 'arrayX' here
void load_mat(int *X, int *arrayX, unsigned int m, unsigned int n)
                           ^
2 warnings generated.
@I [APCC-1] APCC is done.
   Compiling(apcc) matrixmath_test.c_pre.c.tb.c
@I [HLS-10] Running '/opt/Xilinx/Vivado_HLS/2015.1/bin/unwrapped/lnx64.o/apcc'
            for user 'root' on host 'ubuntu' (Linux_x86_64 version 3.13.0-65-generic) on Thu Oct 01 22:34:26 CDT 2015
            in directory '/home/parallels/source_code/ECE_527_MP/mp3/partB/solution2_optimized/sim/wrapc'
clang: warning: argument unused during compilation: '-fno-builtin-isinf'
clang: warning: argument unused during compilation: '-fno-builtin-isnan'
@I [APCC-1] APCC is done.
   Generating cosim.tv.exe
@I [SIM-302] Starting C TB testing ... 
@I [SIM-333] Generating C post check test bench ...
@I [SIM-12] Generating RTL test bench ...
@I [SIM-323] Starting verilog simulation. 
@I [SIM-15] Starting XSIM ...
