@I [HLS-0] Workspace /home/parallels/source_code/ECE_527_MP/mp3/parta_2/solution1_fifo_non_optimized opened at Mon Sep 28 14:09:16 CDT 2015
@I [HLS-100] Command "config_clock -quiet -name default -period 10 -default=false "
@I [SYN-201] Setting up clock 'default' with a period of 10ns.
@I [HLS-100] Command 'config_clock' returned 0; elapsed 7.6e-05Total elapsed time: 0.197 sec.
@I [HLS-100] Command "open_platform DefaultPlatform "
@I [HLS-100] Command 'open_platform' returned 0; elapsed 4.5e-05Total elapsed time: 0.197 sec.
@I [HLS-100] Command "import_lib /opt/Xilinx/Vivado_HLS/2015.1/common/technology/xilinx/zynq/zynq "
@I [HLS-100] Command "source /opt/Xilinx/Vivado_HLS/2015.1/common/technology/xilinx/common/xilinx.lib "
@I [HLS-100] Command "source /opt/Xilinx/Vivado_HLS/2015.1/common/technology/xilinx/interface/xilinx_interface.lib "
@I [HLS-100] Command "source /opt/Xilinx/Vivado_HLS/2015.1/common/technology/xilinx/interface/plb46.lib "
@I [HLS-100] Command 'ap_source' returned 0; elapsed 0.000207Total elapsed time: 0.198 sec.
@I [HLS-100] Command "source /opt/Xilinx/Vivado_HLS/2015.1/common/technology/xilinx/interface/fsl.lib "
@I [HLS-100] Command 'ap_source' returned 0; elapsed 0.000101Total elapsed time: 0.198 sec.
@I [HLS-100] Command "source /opt/Xilinx/Vivado_HLS/2015.1/common/technology/xilinx/interface/axi4.lib "
@I [HLS-100] Command 'ap_source' returned 0; elapsed 0.000135Total elapsed time: 0.198 sec.
@I [HLS-100] Command "source /opt/Xilinx/Vivado_HLS/2015.1/common/technology/xilinx/interface/maxi.lib "
@I [HLS-100] Command 'ap_source' returned 0; elapsed 0.000124Total elapsed time: 0.198 sec.
@I [HLS-100] Command "source /opt/Xilinx/Vivado_HLS/2015.1/common/technology/xilinx/interface/saxilite.lib "
@I [HLS-100] Command 'ap_source' returned 0; elapsed 8.5e-05Total elapsed time: 0.198 sec.
@I [HLS-100] Command 'ap_source' returned 0; elapsed 0.00086Total elapsed time: 0.198 sec.
@I [HLS-100] Command "source /opt/Xilinx/Vivado_HLS/2015.1/common/technology/xilinx/common/dsp48.lib "
@I [HLS-100] Command 'ap_source' returned 0; elapsed 8.5e-05Total elapsed time: 0.199 sec.
@I [HLS-100] Command "source /opt/Xilinx/Vivado_HLS/2015.1/common/technology/xilinx/ip/xfir.lib "
@I [HLS-100] Command 'ap_source' returned 0; elapsed 7.3e-05Total elapsed time: 0.199 sec.
@I [HLS-100] Command "source /opt/Xilinx/Vivado_HLS/2015.1/common/technology/xilinx/ip/dds_compiler.lib "
@I [HLS-100] Command 'ap_source' returned 0; elapsed 5.9e-05Total elapsed time: 0.199 sec.
@I [HLS-100] Command "source /opt/Xilinx/Vivado_HLS/2015.1/common/technology/xilinx/ip/xfft.lib "
@I [HLS-100] Command 'ap_source' returned 0; elapsed 5.7e-05Total elapsed time: 0.199 sec.
@I [HLS-100] Command 'ap_source' returned 0; elapsed 0.002569Total elapsed time: 0.200 sec.
@I [HLS-100] Command "source /opt/Xilinx/Vivado_HLS/2015.1/common/technology/xilinx/common/xilinx_old.lib "
@I [HLS-100] Command 'ap_source' returned 0; elapsed 0.000453Total elapsed time: 0.201 sec.
@I [HLS-100] Command "source /opt/Xilinx/Vivado_HLS/2015.1/common/technology/xilinx/common/xilinx_vivado.lib "
@I [HLS-100] Command 'ap_source' returned 0; elapsed 0.0003Total elapsed time: 0.202 sec.
@I [HLS-100] Command "source /opt/Xilinx/Vivado_HLS/2015.1/common/technology/xilinx/common/xilinx.hlp "
@I [HLS-100] Command "source /opt/Xilinx/Vivado_HLS/2015.1/common/technology/xilinx/common/target_info.tcl "
@I [HLS-100] Command 'ap_source' returned 0; elapsed 8.4e-05Total elapsed time: 0.203 sec.
@I [HLS-100] Command "source /opt/Xilinx/Vivado_HLS/2015.1/common/technology/xilinx/interface/xilinx_interface.hlp "
@I [HLS-100] Command "source /opt/Xilinx/Vivado_HLS/2015.1/common/technology/xilinx/interface/maxi.hlp "
@I [HLS-100] Command 'ap_source' returned 0; elapsed 6.3e-05Total elapsed time: 0.203 sec.
@I [HLS-100] Command "source /opt/Xilinx/Vivado_HLS/2015.1/common/technology/xilinx/interface/saxilite.hlp "
@I [HLS-100] Command 'ap_source' returned 0; elapsed 5.9e-05Total elapsed time: 0.203 sec.
@I [HLS-100] Command 'ap_source' returned 0; elapsed 0.000213Total elapsed time: 0.203 sec.
@I [HLS-100] Command "source /opt/Xilinx/Vivado_HLS/2015.1/common/technology/xilinx/common/dsp48.hlp "
@I [HLS-100] Command 'ap_source' returned 0; elapsed 0.000329Total elapsed time: 0.204 sec.
@I [HLS-100] Command 'ap_source' returned 0; elapsed 0.001278Total elapsed time: 0.204 sec.
@I [HLS-100] Command "source /opt/Xilinx/Vivado_HLS/2015.1/common/technology/xilinx/zynq/dsp48e1.hlp "
@I [HLS-100] Command 'ap_source' returned 0; elapsed 6.1e-05Total elapsed time: 0.204 sec.
@I [HLS-100] Command "get_default_platform "
@I [HLS-100] Command 'get_default_platform' returned 0; elapsed 4e-06Total elapsed time: 0.204 sec.
@I [HLS-100] Command "config_chip_info -quiet -resource  {SLICE 13300}  {LUT 53200}     {FF 106400} {DSP48E 220}   {BRAM 280}  "
@I [HLS-100] Command 'config_chip_info' returned 0; elapsed 1.1e-05Total elapsed time: 0.204 sec.
@I [HLS-100] Command "config_chip_info -quiet -speed medium "
@I [HLS-100] Command 'config_chip_info' returned 0; elapsed 2e-06Total elapsed time: 0.204 sec.
@I [HLS-100] Command 'import_lib' returned 0; elapsed 0.007895Total elapsed time: 0.205 sec.
@I [HLS-100] Command "source /opt/Xilinx/Vivado_HLS/2015.1/common/technology/xilinx/zynq/zynq.gen "
@I [HLS-100] Command "source /opt/Xilinx/Vivado_HLS/2015.1/common/technology/xilinx/common/virtex.gen "
@I [HLS-100] Command "source /opt/Xilinx/Vivado_HLS/2015.1/common/technology/xilinx/common/xilinx.gen "
@I [HLS-100] Command "source /opt/Xilinx/Vivado_HLS/2015.1/common/technology/xilinx/interface/plb46.gen "
@I [HLS-100] Command 'ap_source' returned 0; elapsed 0.000712Total elapsed time: 0.206 sec.
@I [HLS-100] Command "source /opt/Xilinx/Vivado_HLS/2015.1/common/technology/xilinx/interface/fsl.gen "
@I [HLS-100] Command 'ap_source' returned 0; elapsed 0.000264Total elapsed time: 0.207 sec.
@I [HLS-100] Command "source /opt/Xilinx/Vivado_HLS/2015.1/common/technology/xilinx/interface/axi4.gen "
@I [HLS-100] Command 'ap_source' returned 0; elapsed 0.00128Total elapsed time: 0.208 sec.
@I [HLS-100] Command "source /opt/Xilinx/Vivado_HLS/2015.1/common/technology/xilinx/interface/nativeAXI4.gen "
@I [HLS-100] Command "source /opt/Xilinx/Vivado_HLS/2015.1/common/technology/xilinx/interface/saxilite.gen "
@I [HLS-100] Command 'ap_source' returned 0; elapsed 0.001903Total elapsed time: 0.210 sec.
@I [HLS-100] Command "source /opt/Xilinx/Vivado_HLS/2015.1/common/technology/xilinx/interface/maxi.gen "
@I [HLS-100] Command 'ap_source' returned 0; elapsed 0.004089Total elapsed time: 0.214 sec.
@I [HLS-100] Command 'ap_source' returned 0; elapsed 0.006116Total elapsed time: 0.214 sec.
@I [HLS-100] Command "source /opt/Xilinx/Vivado_HLS/2015.1/common/technology/xilinx/scripts/xilinxcoregen.gen "
@I [HLS-100] Command 'ap_source' returned 0; elapsed 0.005825Total elapsed time: 0.220 sec.
@I [HLS-100] Command "source /opt/Xilinx/Vivado_HLS/2015.1/common/technology/xilinx/interface/XilEDKCoreGen.gen "
@I [HLS-100] Command 'ap_source' returned 0; elapsed 0.005029Total elapsed time: 0.225 sec.
@I [HLS-100] Command "source /opt/Xilinx/Vivado_HLS/2015.1/common/technology/xilinx/ip/xfft.gen "
@I [HLS-100] Command 'ap_source' returned 0; elapsed 0.066994Total elapsed time: 0.292 sec.
@I [HLS-100] Command "source /opt/Xilinx/Vivado_HLS/2015.1/common/technology/xilinx/ip/xfir.gen "
@I [HLS-100] Command "source /opt/Xilinx/Vivado_HLS/2015.1/tps/tcl/tcllib1.11.1/struct/list.tcl "
@I [HLS-100] Command "source /opt/Xilinx/Vivado_HLS/2015.1/tps/tcl/tcllib1.11.1/cmdline/cmdline.tcl "
@I [HLS-100] Command 'ap_source' returned 0; elapsed 0.000451Total elapsed time: 0.303 sec.
@I [HLS-100] Command 'ap_source' returned 0; elapsed 0.001049Total elapsed time: 0.303 sec.
@I [HLS-100] Command "source /opt/Xilinx/Vivado_HLS/2015.1/tps/tcl/tcllib1.11.1/math/bignum.tcl "
@I [HLS-100] Command 'ap_source' returned 0; elapsed 0.000419Total elapsed time: 0.311 sec.
@I [HLS-100] Command 'ap_source' returned 0; elapsed 0.022542Total elapsed time: 0.315 sec.
@I [HLS-100] Command "source /opt/Xilinx/Vivado_HLS/2015.1/common/technology/xilinx/ip/dds_compiler.gen "
@I [HLS-100] Command 'ap_source' returned 0; elapsed 0.001988Total elapsed time: 0.317 sec.
@I [HLS-100] Command "source /opt/Xilinx/Vivado_HLS/2015.1/common/technology/xilinx/ip/util.gen "
@I [HLS-100] Command 'ap_source' returned 0; elapsed 0.00011Total elapsed time: 0.317 sec.
@I [HLS-100] Command 'ap_source' returned 0; elapsed 0.111381Total elapsed time: 0.318 sec.
@I [HLS-100] Command "source /opt/Xilinx/Vivado_HLS/2015.1/common/technology/xilinx/common/dsp48.gen "
@I [HLS-100] Command 'ap_source' returned 0; elapsed 7.2e-05Total elapsed time: 0.318 sec.
@I [HLS-100] Command 'ap_source' returned 0; elapsed 0.112478Total elapsed time: 0.318 sec.
@I [HLS-100] Command 'ap_source' returned 0; elapsed 0.112566Total elapsed time: 0.319 sec.
@I [HLS-100] Command "open_platform DefaultPlatform "
@I [HLS-100] Command 'open_platform' returned 0; elapsed 6e-06Total elapsed time: 0.319 sec.
@I [HLS-100] Command "import_lib /opt/Xilinx/Vivado_HLS/2015.1/common/technology/xilinx/zynq/zynq_fpv6 "
@I [HLS-100] Command "source /opt/Xilinx/Vivado_HLS/2015.1/common/technology/xilinx/common/xilinx_fpv7.lib "
@I [HLS-100] Command 'ap_source' returned 0; elapsed 0.001559Total elapsed time: 0.320 sec.
@I [HLS-100] Command "source /opt/Xilinx/Vivado_HLS/2015.1/common/technology/xilinx/common/xilinx_fpv.hlp "
@I [HLS-100] Command "source /opt/Xilinx/Vivado_HLS/2015.1/common/technology/xilinx/common/xilinx.hlp "
@I [HLS-100] Command "source /opt/Xilinx/Vivado_HLS/2015.1/common/technology/xilinx/common/target_info.tcl "
@I [HLS-100] Command 'ap_source' returned 0; elapsed 0.000196Total elapsed time: 0.325 sec.
@I [HLS-100] Command "source /opt/Xilinx/Vivado_HLS/2015.1/common/technology/xilinx/interface/xilinx_interface.hlp "
@I [HLS-100] Command "source /opt/Xilinx/Vivado_HLS/2015.1/common/technology/xilinx/interface/maxi.hlp "
@I [HLS-100] Command 'ap_source' returned 0; elapsed 8.8e-05Total elapsed time: 0.325 sec.
@I [HLS-100] Command "source /opt/Xilinx/Vivado_HLS/2015.1/common/technology/xilinx/interface/saxilite.hlp "
@I [HLS-100] Command 'ap_source' returned 0; elapsed 9.8e-05Total elapsed time: 0.326 sec.
@I [HLS-100] Command 'ap_source' returned 0; elapsed 0.000371Total elapsed time: 0.326 sec.
@I [HLS-100] Command "source /opt/Xilinx/Vivado_HLS/2015.1/common/technology/xilinx/common/dsp48.hlp "
@I [HLS-100] Command 'ap_source' returned 0; elapsed 0.000376Total elapsed time: 0.326 sec.
@I [HLS-100] Command 'ap_source' returned 0; elapsed 0.001906Total elapsed time: 0.327 sec.
@I [HLS-100] Command 'ap_source' returned 0; elapsed 0.002354Total elapsed time: 0.327 sec.
@I [HLS-100] Command 'import_lib' returned 0; elapsed 0.011406Total elapsed time: 0.330 sec.
@I [HLS-100] Command "source /opt/Xilinx/Vivado_HLS/2015.1/common/technology/xilinx/zynq/zynq_fpv6.gen "
@I [HLS-100] Command "source /opt/Xilinx/Vivado_HLS/2015.1/common/technology/xilinx/common/xilinx_fpv6.gen "
@I [HLS-100] Command 'ap_source' returned 0; elapsed 0.000923Total elapsed time: 0.331 sec.
@I [HLS-100] Command 'ap_source' returned 0; elapsed 0.001044Total elapsed time: 0.331 sec.
@I [HLS-100] Command "set_part xc7z020clg484-1 "
@I [HLS-100] Command "add_library xilinx/zynq/zynq:xc7z020:clg484:-1 "
@I [HLS-100] Command "get_default_platform "
@I [HLS-100] Command 'get_default_platform' returned 0; elapsed 5e-06Total elapsed time: 0.334 sec.
@I [HLS-100] Command "license_exists VIVADO_HLS "
@I [HLS-100] Command 'license_exists' returned 0; elapsed 5e-06Total elapsed time: 0.334 sec.
@I [HLS-100] Command "get_default_platform "
@I [HLS-100] Command 'get_default_platform' returned 0; elapsed 3e-06Total elapsed time: 0.334 sec.
@I [HLS-100] Command "config_chip_info -quiet -resource  {SLICE 13300}  {LUT 53200}     {FF 106400} {DSP48E 220}   {BRAM 280}  "
@I [HLS-100] Command 'config_chip_info' returned 0; elapsed 2.2e-05Total elapsed time: 0.334 sec.
@I [HLS-100] Command "config_chip_info -quiet -speed slow "
@I [HLS-100] Command 'config_chip_info' returned 0; elapsed 4e-06Total elapsed time: 0.334 sec.
@I [HLS-100] Command 'add_library' returned 0; elapsed 0.001653Total elapsed time: 0.335 sec.
@I [HLS-100] Command "add_library xilinx/zynq/zynq_fpv6 "
@I [HLS-100] Command "get_default_platform "
@I [HLS-100] Command 'get_default_platform' returned 0; elapsed 3e-06Total elapsed time: 0.335 sec.
@I [HLS-100] Command "license_exists VIVADO_HLS "
@I [HLS-100] Command 'license_exists' returned 0; elapsed 4e-06Total elapsed time: 0.336 sec.
@I [HLS-100] Command 'add_library' returned 0; elapsed 0.000875Total elapsed time: 0.336 sec.
@I [HLS-10] Setting target device to 'xc7z020clg484-1'
@I [HLS-100] Command 'set_part' returned 0; elapsed 0.004363Total elapsed time: 0.336 sec.
@I [HLS-100] Command "get_default_platform "
@I [HLS-100] Command 'get_default_platform' returned 0; elapsed 2e-06Total elapsed time: 0.336 sec.
@I [HLS-100] Command "config_chip_info -quiet -resource  {SLICE 13300}  {LUT 53200}     {FF 106400} {DSP48E 220}   {BRAM 280}  "
@I [HLS-100] Command 'config_chip_info' returned 0; elapsed 6e-06Total elapsed time: 0.336 sec.
@I [HLS-100] Command "config_chip_info -quiet -speed slow "
@I [HLS-100] Command 'config_chip_info' returned 0; elapsed 2e-06Total elapsed time: 0.336 sec.
@I [HLS-100] Command 'open_solution' returned 0; elapsed 0.14234Total elapsed time: 0.337 sec.
@I [HLS-100] Command "set_part xc7z020clg484-1 "
@I [HLS-100] Command "add_library xilinx/zynq/zynq:xc7z020:clg484:-1 "
@I [HLS-100] Command "get_default_platform "
@I [HLS-100] Command 'get_default_platform' returned 0; elapsed 4e-06Total elapsed time: 0.338 sec.
@I [HLS-100] Command "license_exists VIVADO_HLS "
@I [HLS-100] Command 'license_exists' returned 0; elapsed 5e-06Total elapsed time: 0.338 sec.
@I [HLS-100] Command "get_default_platform "
@I [HLS-100] Command 'get_default_platform' returned 0; elapsed 4e-06Total elapsed time: 0.339 sec.
@I [HLS-100] Command "config_chip_info -quiet -resource  {SLICE 13300}  {LUT 53200}     {FF 106400} {DSP48E 220}   {BRAM 280}  "
@I [HLS-100] Command 'config_chip_info' returned 0; elapsed 1.1e-05Total elapsed time: 0.339 sec.
@I [HLS-100] Command "config_chip_info -quiet -speed slow "
@I [HLS-100] Command 'config_chip_info' returned 0; elapsed 2e-06Total elapsed time: 0.339 sec.
@I [HLS-100] Command 'add_library' returned 0; elapsed 0.001468Total elapsed time: 0.339 sec.
@I [HLS-100] Command "add_library xilinx/zynq/zynq_fpv6 "
@I [HLS-100] Command "get_default_platform "
@I [HLS-100] Command 'get_default_platform' returned 0; elapsed 3e-06Total elapsed time: 0.339 sec.
@I [HLS-100] Command "license_exists VIVADO_HLS "
@I [HLS-100] Command 'license_exists' returned 0; elapsed 3e-06Total elapsed time: 0.340 sec.
@I [HLS-100] Command 'add_library' returned 0; elapsed 0.000833Total elapsed time: 0.340 sec.
@I [HLS-100] Command 'set_part' returned 0; elapsed 0.003281Total elapsed time: 0.340 sec.
@I [HLS-100] Command "create_clock -period 10 -name default "
@I [HLS-100] Command "config_clock -quiet -name default -period 10 -default=false "
@I [SYN-201] Setting up clock 'default' with a period of 10ns.
@I [HLS-100] Command 'config_clock' returned 0; elapsed 6.3e-05Total elapsed time: 0.341 sec.
@I [HLS-100] Command 'create_clock' returned 0; elapsed 0.000855Total elapsed time: 0.341 sec.
@I [HLS-100] Command "source ./parta_2/solution1_fifo_non_optimized/directives.tcl "
@I [HLS-100] Command "set_directive_interface -mode ap_fifo MAT_Multiply A "
@I [HLS-100] Command 'set_directive_interface' returned 0; elapsed 0.000157Total elapsed time: 0.341 sec.
@I [HLS-100] Command "set_directive_interface -mode ap_fifo MAT_Multiply B "
@I [HLS-100] Command 'set_directive_interface' returned 0; elapsed 0.000103Total elapsed time: 0.341 sec.
@I [HLS-100] Command "set_directive_interface -mode ap_fifo MAT_Multiply C "
@I [HLS-100] Command 'set_directive_interface' returned 0; elapsed 8.7e-05Total elapsed time: 0.341 sec.
@I [HLS-100] Command 'ap_source' returned 0; elapsed 0.0005Total elapsed time: 0.341 sec.
@I [HLS-100] Command "csynth_design "
@I [HLS-100] Command "elaborate -effort=medium -skip_syncheck=0 -lm=0 -skip_cdt=0 -skip_transform=0 -ng=0 -g=0 -opt_fp=0 "
@I [HLS-10] Analyzing design file 'parta_2/matrixmath.c' ... 
@0 [HLS-0] Analyzing design file 'parta_2/matrixmath.c' ... 
@I [HLS-0] Compiling one TU...
@I [HLS-0] 
Checking before pre-process: exec clang -fno-limit-debug-info -gcc-toolchain "/opt/Xilinx/Vivado_HLS/2015.1/lnx64/tools/gcc" -hls    -fno-math-errno -c -emit-llvm -O0  -mllvm -disable-llvm-optzns -std=gnu89   -DAESL_SYN -D__SYNTHESIS__ -D__HLS_SYN__ -I "/opt/Xilinx/Vivado_HLS/2015.1/common/technology/autopilot" -I "/opt/Xilinx/Vivado_HLS/2015.1/common/technology/autopilot/ap_sysc" -include etc/autopilot_ssdm_op.h  "parta_2/matrixmath.c"  -o "/home/parallels/source_code/ECE_527_MP/mp3/parta_2/solution1_fifo_non_optimized/.autopilot/db/matrixmath.pp.00.o"

@I [HLS-100] Command "is_encrypted /home/parallels/source_code/ECE_527_MP/mp3/parta_2/solution1_fifo_non_optimized/.autopilot/db/matrixmath.pp.00.o "
@I [HLS-100] Command 'is_encrypted' returned 0; elapsed 8.6e-05Total elapsed time: 0.390 sec.
@I [HLS-0] Syntax Checker time: 0 seconds per iteration
@I [HLS-0] 
Source preprocessing: exec clang -fno-limit-debug-info -gcc-toolchain "/opt/Xilinx/Vivado_HLS/2015.1/lnx64/tools/gcc" -hls -fno-exceptions  -D__llvm__  -CC -E "parta_2/matrixmath.c"     -fno-math-errno -c -emit-llvm -O0  -mllvm -disable-llvm-optzns -std=gnu89   -DAESL_SYN -D__SYNTHESIS__ -D__HLS_SYN__ -I "/opt/Xilinx/Vivado_HLS/2015.1/common/technology/autopilot" -I "/opt/Xilinx/Vivado_HLS/2015.1/common/technology/autopilot/ap_sysc" -include etc/autopilot_ssdm_op.h  -o "/home/parallels/source_code/ECE_527_MP/mp3/parta_2/solution1_fifo_non_optimized/.autopilot/db/matrixmath.pp.0.c"

@I [HLS-0] GCC PP time: 0 seconds per iteration
@I [HLS-0] Setting directive 'INTERFACE' ap_fifo=positionBoolean0mode port=positionBooleanTextRequiredA 
@I [HLS-0] Setting directive 'INTERFACE' ap_fifo=positionBoolean0mode port=positionBooleanTextRequiredB 
@I [HLS-0] Setting directive 'INTERFACE' ap_fifo=positionBoolean0mode port=positionBooleanTextRequiredC 
@I [HLS-100] Command "list_core -type functional_unit "
@I [HLS-100] Command 'list_core' returned 0; elapsed 0.000118Total elapsed time: 0.434 sec.
@I [HLS-0] Marker-Pragma convertor: /home/parallels/source_code/ECE_527_MP/mp3/parta_2/solution1_fifo_non_optimized/.autopilot/db/matrixmath.pp.0.c /home/parallels/source_code/ECE_527_MP/mp3/parta_2/solution1_fifo_non_optimized/.autopilot/db/matrixmath.pp.0.c.ap-line.c /home/parallels/source_code/ECE_527_MP/mp3/parta_2/solution1_fifo_non_optimized/.autopilot/db/matrixmath.pp.0.c.ap-line.c.CXX 1
@I [HLS-0] 
Source processor: exec /opt/Xilinx/Vivado_HLS/2015.1/tps/lnx64/jre/bin/java -Xmx512m -classpath   "/opt/Xilinx/Vivado_HLS/2015.1/lib/classes/autopilot.sourceprocessor.jar:/opt/Xilinx/Vivado_HLS/2015.1/lib/classes/org.eclipse.cdt.core_5.3.0.xilinx_patch.jar:/opt/Xilinx/Vivado_HLS/2015.1/lib/classes/org.eclipse.core.runtime_3.7.0.v20110110.jar:/opt/Xilinx/Vivado_HLS/2015.1/lib/classes/org.eclipse.equinox.common_3.6.0.v20110523.jar:/opt/Xilinx/Vivado_HLS/2015.1/lib/classes/com.ibm.icu_4.4.2.v20110208.jar:/opt/Xilinx/Vivado_HLS/2015.1/lib/classes/jargs.jar:/opt/Xilinx/Vivado_HLS/2015.1/lnx64/tools/eclipse/plugins/org.eclipse.emf.common_2.10.0.v20140514-1158.jar:/opt/Xilinx/Vivado_HLS/2015.1/lnx64/tools/eclipse/plugins/org.eclipse.emf.ecore_2.10.0.v20140514-1158.jar:/opt/Xilinx/Vivado_HLS/2015.1/lnx64/tools/eclipse/plugins/org.eclipse.emf.ecore.xmi_2.10.0.v20140514-1158.jar:/opt/Xilinx/Vivado_HLS/2015.1/lnx64/tools/eclipse/plugins/com.autoesl.autopilot.ui.directiveFileModel_1.0.0.jar:/opt/Xilinx/Vivado_HLS/2015.1/lnx64/tools/eclipse/plugins/com.autoesl.autopilot.ui.common_1.0.0.jar"  autopilot.sourceprocessor.CParser  "/home/parallels/source_code/ECE_527_MP/mp3/parta_2/solution1_fifo_non_optimized/.autopilot/db/matrixmath.pp.0.c.ap-line.c"  -m "MAT_Multiply" -o "/home/parallels/source_code/ECE_527_MP/mp3/parta_2/solution1_fifo_non_optimized/.autopilot/db/matrixmath.pp.0.c.ap-cdt.c" -c --pp --directive /home/parallels/source_code/ECE_527_MP/mp3/parta_2/solution1_fifo_non_optimized/solution1_fifo_non_optimized.directive --source /home/parallels/source_code/ECE_527_MP/mp3/parta_2/matrixmath.c --error /home/parallels/source_code/ECE_527_MP/mp3/parta_2/solution1_fifo_non_optimized/.autopilot/db --funcunit "AddSub AddSub_DSP AddSubnS DAddSub_fulldsp DAddSub_nodsp DDiv DExp_fulldsp DExp_meddsp DExp_nodsp DLog_fulldsp DLog_meddsp DLog_nodsp DMul_fulldsp DMul_maxdsp DMul_meddsp DMul_nodsp DRSqrt DRecip DSqrt DivnS FAddSub_fulldsp FAddSub_nodsp FDiv FExp_fulldsp FExp_meddsp FExp_nodsp FLog_fulldsp FLog_meddsp FLog_nodsp FMul_fulldsp FMul_maxdsp FMul_meddsp FMul_nodsp FRSqrt_fulldsp FRSqrt_nodsp FRecip_fulldsp FRecip_nodsp FSqrt Mul Mul2S Mul3S Mul4S Mul5S Mul6S MulnS MuxnS" --ca --gf --df --pd --p2d /home/parallels/source_code/ECE_527_MP/mp3/parta_2/solution1_fifo_non_optimized/.autopilot/db --sd --scff /home/parallels/source_code/ECE_527_MP/mp3/parta_2/solution1_fifo_non_optimized/.autopilot/db/.systemc_flag --ad

@I [HLS-0] Marker-Pragma convertor: /home/parallels/source_code/ECE_527_MP/mp3/parta_2/solution1_fifo_non_optimized/.autopilot/db/matrixmath.pp.0.c.ap-cdt.c /home/parallels/source_code/ECE_527_MP/mp3/parta_2/solution1_fifo_non_optimized/.autopilot/db/matrixmath.pragma.0.c /home/parallels/source_code/ECE_527_MP/mp3/parta_2/solution1_fifo_non_optimized/.autopilot/db/matrixmath.pragma.0.c.ap-line.CXX 0
@I [HLS-100] Command "source /home/parallels/source_code/ECE_527_MP/mp3/parta_2/solution1_fifo_non_optimized/.autopilot/db/pragma.status.tcl "
@I [HLS-100] Command 'ap_source' returned 0; elapsed 0.000115Total elapsed time: 1.276 sec.
@I [HLS-0] CDT processor time: 0 seconds per iteration
@I [HLS-0] Pragma handling time: 0 seconds per iteration
@I [HLS-0] 
Source preprocessing: exec clang -fno-limit-debug-info -gcc-toolchain "/opt/Xilinx/Vivado_HLS/2015.1/lnx64/tools/gcc" -hls -fno-exceptions  -D__llvm__  -CC -E "/home/parallels/source_code/ECE_527_MP/mp3/parta_2/solution1_fifo_non_optimized/.autopilot/db/matrixmath.pragma.1.c"     -fno-math-errno -c -emit-llvm -O0  -mllvm -disable-llvm-optzns -std=gnu89   -DAESL_SYN -D__SYNTHESIS__ -D__HLS_SYN__ -I "/opt/Xilinx/Vivado_HLS/2015.1/common/technology/autopilot" -I "/opt/Xilinx/Vivado_HLS/2015.1/common/technology/autopilot/ap_sysc" -include etc/autopilot_ssdm_op.h  -o "/home/parallels/source_code/ECE_527_MP/mp3/parta_2/solution1_fifo_non_optimized/.autopilot/db/matrixmath.pragma.2.c"

@I [HLS-0] exec clang -fno-limit-debug-info -gcc-toolchain /opt/Xilinx/Vivado_HLS/2015.1/lnx64/tools/gcc -hls -hls-analyze-label -hls-analyze-pragma -fno-exceptions  -D__llvm__  -w  "/home/parallels/source_code/ECE_527_MP/mp3/parta_2/solution1_fifo_non_optimized/.autopilot/db/matrixmath.pragma.2.c"    -fno-math-errno -c -emit-llvm -O0  -mllvm -disable-llvm-optzns -std=gnu89  -DAESL_SYN -D__SYNTHESIS__ -D__HLS_SYN__ -I "/opt/Xilinx/Vivado_HLS/2015.1/common/technology/autopilot" -I "/opt/Xilinx/Vivado_HLS/2015.1/common/technology/autopilot/ap_sysc" -include etc/autopilot_ssdm_op.h -g -o "/home/parallels/source_code/ECE_527_MP/mp3/parta_2/solution1_fifo_non_optimized/.autopilot/db/matrixmath.g.bc"
@I [HLS-10] Validating synthesis directives ...
@0 [HLS-0] Validating synthesis directives ...
@I [HLS-100] Command "source /home/parallels/source_code/ECE_527_MP/mp3/parta_2/solution1_fifo_non_optimized/.autopilot/db/pragma.status.tcl "
@I [HLS-100] Command 'ap_source' returned 0; elapsed 8.5e-05Total elapsed time: 1.367 sec.
@I [HLS-0] Linking all ...
@I [HLS-0] exec llvm-ld  "/home/parallels/source_code/ECE_527_MP/mp3/parta_2/solution1_fifo_non_optimized/.autopilot/db/matrixmath.bc"  -disable-opt  -L/opt/Xilinx/Vivado_HLS/2015.1/lnx64/lib -lm_basic -o "/home/parallels/source_code/ECE_527_MP/mp3/parta_2/solution1_fifo_non_optimized/.autopilot/db/a.o.pre"
@I [HLS-0] Link time: 0 seconds per iteration
@I [HLS-0] Linking all ...
@I [HLS-0] exec llvm-ld  "/home/parallels/source_code/ECE_527_MP/mp3/parta_2/solution1_fifo_non_optimized/.autopilot/db/matrixmath.g.bc"  -disable-opt  -L/opt/Xilinx/Vivado_HLS/2015.1/lnx64/lib -lm_basic -o "/home/parallels/source_code/ECE_527_MP/mp3/parta_2/solution1_fifo_non_optimized/.autopilot/db/a.g.pre"
@I [HLS-0] Link time: 0 seconds per iteration
@I [HLS-100] Command "opt_and_import_c a -opt_level=2 -skip_syncheck=0 -ng=0 "
@I [HLS-100] Command "cleanup_all_models "
@I [HLS-100] Command 'cleanup_all_models' returned 0; elapsed 1.3e-05Total elapsed time: 1.452 sec.
@I [HLS-10] Starting code transformations ...
@0 [HLS-0] Starting code transformations ...
@I [HLS-0] std xform: transform -hls -share-std-xform -always-inline -promote-dbg-pointer  -interface-preproc  -scalarrepl -mem2reg -keep-read-access -instcombine -dce  -promote-dbg-pointer  -bitop-raise  -indvars -loop-simplify -xunroll  -constprop -instcombine -simplifycfg -indvars  -simplifycfg -dce -globaldce  -basicaa  -simplifycfg -mem2reg -globalopt  -global-constprop -deadargelim -instcombine -simplifycfg  -prune-eh -simplifycfg  -scalarrepl -instcombine -reassociate -licm  -simplifycfg -loop-simplify -indvars -instcombine  -simplifycfg -mem2reg -loop-simplify -indvars -instcombine  -gvn -gvn -instcombine -adce  -break-crit-edges  -simplifycfg -loop-delete  -global-array-opt -dce -dse -adce  -find-syn-modules -top MAT_Multiply  -deadargelim  -mem2reg -instcombine -dce  -presyn-prepare -auto-rom-infer  -interface-preproc  -syn-check -check-rec-only  -find-region -simplifycfg -func-extr -function-inline  -globaldce -mem2reg -instcombine -dce   -gvn -globaldce -adce -adse  -constprop -instcombine -bit-constprop  -instcombine -dce -simplifycfg -bitop-raise  -simplifycfg -dce -loop-delete -reassociate  -globalopt -global-privatize -mem2reg -dce  -global-constprop -pointer-simplify -constprop -dce  -func-inst -deadargelim  -promote-dbg-pointer  -norm-name   /home/parallels/source_code/ECE_527_MP/mp3/parta_2/solution1_fifo_non_optimized/.autopilot/db/a.g.0.bc -o /home/parallels/source_code/ECE_527_MP/mp3/parta_2/solution1_fifo_non_optimized/.autopilot/db/a.g.1.bc -f  -phase std-opt
@I [HLS-0] Std xform time: 0 seconds per iteration
@I [HLS-100] Command "is_encrypted /home/parallels/source_code/ECE_527_MP/mp3/parta_2/solution1_fifo_non_optimized/.autopilot/db/a.g.1.bc "
@I [HLS-100] Command 'is_encrypted' returned 0; elapsed 5.9e-05Total elapsed time: 1.503 sec.
@I [HLS-10] Checking synthesizability ...
@0 [HLS-0] Checking synthesizability ...
@I [HLS-0] syn check 1/2: transform -hls -syn-check -check-rec-only -disaggr -scalarrepl -norm-name -dce  -mem2reg -instcombine -function-uniquify  -directive-preproc -function-uniquify -directive-preproc -mem2reg -dse -dce -auto-rom-infer -dce  -array-normalize -instcombine -dce  -array-seg-normalize -instcombine -dce  -array-flatten -instcombine -dce  -array-burst -dce  -deadargelim -promote-global-argument  -function-inline -globaldce -dce  -doublePtrSimplify -doublePtrElim -dce  -doublePtrSimplify -promote-dbg-pointer  -dce -scalarrepl -dse -adse -instcombine  -ptrLegalization  -simplifycfg -dce -instcombine  -pointer-simplify -ptrArgReplace -dce -instcombine   -disaggr -scalarrepl -norm-name -dce  -mem2reg -instcombine -ptrLegalization   -simplifycfg -deadargelim  -instcombine -dce -inst-simplify -function-uniquify  -directive-preproc -function-uniquify -directive-preproc -mem2reg -dse -dce  -globaldce    /home/parallels/source_code/ECE_527_MP/mp3/parta_2/solution1_fifo_non_optimized/.autopilot/db/a.g.1.bc -o /home/parallels/source_code/ECE_527_MP/mp3/parta_2/solution1_fifo_non_optimized/.autopilot/db/a.g.2.prechk.bc -f
@I [HLS-0] Syn check 1/2 time: 0 seconds per iteration
@I [HLS-0] syn check 2/2: transform -syn-check   /home/parallels/source_code/ECE_527_MP/mp3/parta_2/solution1_fifo_non_optimized/.autopilot/db/a.g.2.prechk.bc -o /home/parallels/source_code/ECE_527_MP/mp3/parta_2/solution1_fifo_non_optimized/.autopilot/db/a.g.2.bc -f  -phase syn-check
@I [HLS-0] Syn check 2/2 time: 0 seconds per iteration
@I [HLS-0] Compiler optimizing ...
@I [HLS-0] Share syncheck's 1.bc for syn flow: copy /home/parallels/source_code/ECE_527_MP/mp3/parta_2/solution1_fifo_non_optimized/.autopilot/db/a.g.1.bc to /home/parallels/source_code/ECE_527_MP/mp3/parta_2/solution1_fifo_non_optimized/.autopilot/db/a.o.1.bc
@I [HLS-0] presyn 1: transform -hls -tmp /home/parallels/source_code/ECE_527_MP/mp3/parta_2/solution1_fifo_non_optimized/.autopilot/db -type-info -function-uniquify  -directive-preproc -function-uniquify -directive-preproc -mem2reg -dse -dce  -disaggr -scalarrepl -norm-name -deadargelim  -mem2reg -instcombine -dce -auto-rom-infer -dce -function-uniquify  -directive-preproc -function-uniquify -directive-preproc -mem2reg -dse -dce  -func-buffer -dce -array-normalize  -func-legal -instcombine -gvn -constprop -dce   -ptrArgReplace -mem2reg -instcombine -dce  -array-seg-normalize -deadargelim  -instcombine -dce  -pointer-simplify -dce  -port-alignment -dce  -interface-preproc  -data-pack -instcombine -dce   -basicaa -aggr-aa -aggrmodref-aa -aggr-aa -gvn -gvn  -basicaa -aggr-aa -aggrmodref-aa -aggr-aa -dse -adse -adce  -loop-simplify -indvars -instcombine  -gvn -loop-simplify -mem2reg -dce -simplifycfg  -find-region -instcombine  -auto-loop-pipeline  -inst-simplify  -interface-preproc  -indvars -auto-loop-unroll -loop-simplify -loop-bound -xunroll  -constprop -instcombine -simplifycfg -indvars  -simplifycfg -dce -globaldce  -attach-range  -gvn -disable-agg-range -inst-simplify  -constprop -simplifycfg -dce  -pointer-simplify -dce  -globalopt -constprop -dce  -array-promote -constprop -instcombine -dce  -ptrArgReplace -mem2reg  -instcombine -simplifycfg -dce  -auto-par -instcombine -dce  -array-transform-check  -array-reshape -instcombine -simplifycfg -dce  -ptrArgReplace -deadargelim -mem2reg  -instcombine -simplifycfg -dce   -array-partition -instcombine -simplifycfg -dce  -ptrArgReplace -global-constprop -deadargelim -mem2reg  -func-legal -instcombine -dce -global-constprop -deadargelim -mem2reg  -instcombine -simplifycfg -dce   -globalopt -constprop -dce  -array-promote -constprop -instcombine -dce  -ptrArgReplace -mem2reg  -instcombine -simplifycfg -dce   -mem-intrinsic-preproc -dce  -global-privatize  -mem2reg -globaldce  -promote-global-argument  -ptrArgReplace -mem2reg -instcombine -dce  -globalopt -mergereturn -simplify-global-access -mem2reg -dce  -pointer-simplify -dce  -functionattrs  -basicaa -aggr-aa -aggrmodref-aa -aggr-aa -gvn -gvn  -basicaa -aggr-aa -aggrmodref-aa -aggr-aa -dse -adse -adce  -inst-simplify -dce -norm-name  -function-inline -globaldce  -func-inst -constprop -instcombine -simplifycfg -dce  -func-legal -dce   -directive-preproc -function-uniquify -directive-preproc -mem2reg -dse -dce  -loop-bound  -arraycheck -bitwidthmin -on-by-dataflow  -loop-delete -instcombine -simplifycfg -dce -loop-simplify -simplifycfg -loop-stream -instcombine -simplifycfg -dce -globaldce  -fs-prep-check-ap-stream -fs-prep-legalize-global -fs-prep-legalize-stream-variable  -function-stream -dce -globaldce  -array-streaming -instcombine -simplifycfg -dce    -group-axi-access    -simplifycfg -dce -loop-delete  -norm-name  /home/parallels/source_code/ECE_527_MP/mp3/parta_2/solution1_fifo_non_optimized/.autopilot/db/a.o.1.bc -o /home/parallels/source_code/ECE_527_MP/mp3/parta_2/solution1_fifo_non_optimized/.autopilot/db/a.o.1.tmp.bc -f
@W [XFORM-124] Array 'C' (parta_2/matrixmath.c:5) may have improper streaming access(es), possible reasons: (1) some entries are accessed more than once; (2) some entries are not used; (3) the entries are not accessed in sequential order.
@W [XFORM-124] Array 'B' (parta_2/matrixmath.c:5) may have improper streaming access(es), possible reasons: (1) some entries are accessed more than once; (2) some entries are not used; (3) the entries are not accessed in sequential order.
@W [XFORM-124] Array 'A' (parta_2/matrixmath.c:4) may have improper streaming access(es), possible reasons: (1) some entries are accessed more than once; (2) some entries are not used; (3) the entries are not accessed in sequential order.
@I [HLS-0] Presyn 1 time: 0 seconds per iteration
@I [HLS-0] presyn 2: transform -hls -keep-callgraph -scalarrepl -mem2reg  -port-alignment -attach-range -dce  -pipe-mux-gen  -indvars -loop-bound  -inst-simplify -instcombine -dce  -merge-array-access -mem2reg -dce  -clean-region -mergereturn -if-conv  -instcombine -dce -constprop  -basicaa -aggr-aa -aggrmodref-aa -aggr-aa -gvn -gvn  -basicaa -aggr-aa -aggrmodref-aa -aggr-aa -dse -adse -adce  -scalarrepl -mem2reg  -global-constprop -deadargelim -deadargelim  -instcombine -dce -simplifycfg    -ptrArgReplace -mem2reg -function-inline  -globaldce -mem2reg -instcombine -dce -expr-balance  -instcombine -dce  -bitwidthmin  -directive-preproc  -inst-rectify -instcombine -dce  -functionattrs  -constprop -instcombine -bit-constprop  -simplify-global-access  -globalopt -globaldce  -inst-simplify -instcombine -elimdeaddata -dce  -loop-delete -simplifycfg   -norm-name /home/parallels/source_code/ECE_527_MP/mp3/parta_2/solution1_fifo_non_optimized/.autopilot/db/a.o.1.tmp.bc -o /home/parallels/source_code/ECE_527_MP/mp3/parta_2/solution1_fifo_non_optimized/.autopilot/db/a.o.2.bc -f  -phase presyn
@I [XFORM-401] Performing if-conversion on hyperblock from (parta_2/matrixmath.c:39:7) to (parta_2/matrixmath.c:38:32) in function 'MAT_Multiply'... converting 3 basic blocks.
@I [HLS-0] Presyn 2 time: 0 seconds per iteration
@I [HLS-100] Command "is_encrypted /home/parallels/source_code/ECE_527_MP/mp3/parta_2/solution1_fifo_non_optimized/.autopilot/db/a.o.2.bc "
@I [HLS-100] Command 'is_encrypted' returned 0; elapsed 8.8e-05Total elapsed time: 1.841 sec.
@I [HLS-0] build ssdm: transform -hls -function-uniquify -auto-function-inline -globaldce  -ptrArgReplace -mem2reg -instcombine -dce  -loop-simplify -indvars -licm -loop-dep  -loop-bound -licm -loop-simplify -flattenloopnest  -array-flatten -gvn -instcombine -dce  -array-map -dce -func-legal  -gvn -adce -instcombine -cfgopt -simplifycfg -loop-simplify   -array-burst -promote-global-argument -dce  -axi4-lower -array-seg-normalize  -basicaa -aggrmodref-aa -globalsmodref-aa -aggr-aa -gvn -gvn  -basicaa -aggrmodref-aa -globalsmodref-aa -aggr-aa -dse -adse -adce -licm  -inst-simplify -dce  -globaldce -array-streaming -instcombine  -dce   -deadargelim -doublePtrSimplify  -doublePtrElim -dce -doublePtrSimplify -promote-dbg-pointer  -dce -scalarrepl -mem2reg -disaggr -norm-name -mem2reg  -instcombine  -dse -adse -adce -ptrLegalization -dce -auto-rom-infer -array-flatten -dce -instcombine  -loop-rot -constprop -cfgopt -simplifycfg -loop-simplify -indvars -pointer-simplify -dce -loop-bound  -loop-simplify -loop-preproc  -constprop -global-constprop -gvn -mem2reg -instcombine -dce  -loop-merge -dce  -bitwidthmin  -scalar-propagation  -interface-preproc -interface-gen  -deadargelim -directive-preproc -inst-simplify -dce  -gvn -mem2reg -instcombine -dce -adse  -loop-bound  -instcombine -cfgopt -simplifycfg -loop-simplify  -clean-region -io-protocol  -find-region -mem2reg  -loop-simplify -phi-opt -bitop-raise  -inst-simplify -inst-rectify -instcombine -adce -deadargelim  -cfgopt -simplifycfg -strip-dead-prototypes  -interface-lower -bitop-lower -intrinsic-lower  -basicaa -aggrmodref-aa -globalsmodref-aa -aggr-aa  -inst-simplify -simplifycfg   -mergereturn -inst-simplify -inst-rectify  -dce -bitop-lower  -loop-rewind -pointer-simplify -dce -cfgopt  -norm-name -legalize -read-loop-dep -dce -bitwidth   -cdfg-build  /home/parallels/source_code/ECE_527_MP/mp3/parta_2/solution1_fifo_non_optimized/.autopilot/db/a.o.2.bc -o /home/parallels/source_code/ECE_527_MP/mp3/parta_2/solution1_fifo_non_optimized/.autopilot/db/a.o.3.bc -f  -phase build-ssdm
@I [HLS-0] Build ssdm time: 0 seconds per iteration
@I [HLS-100] Command "is_encrypted /home/parallels/source_code/ECE_527_MP/mp3/parta_2/solution1_fifo_non_optimized/.autopilot/db/a.o.3.bc "
@I [HLS-100] Command 'is_encrypted' returned 0; elapsed 5.9e-05Total elapsed time: 2.0 sec.
@I [HLS-0] Finish building internal data model.
@I [HLS-100] Command 'opt_and_import_c' returned 0; elapsed 0.493405Total elapsed time: 2.19 sec.
@I [HLS-111] Elapsed time: 0.822342 seconds; current memory usage: 54.1 MB.
@I [HLS-100] Command 'elaborate' returned 0; elapsed 0.529369Total elapsed time: 2.19 sec.
@I [HLS-100] Command "autosyn "
@I [HLS-10] Starting hardware synthesis ...
@0 [HLS-0] Starting hardware synthesis ...
@I [HLS-0] Synthesizing C/C++ design ...
@I [HLS-10] Synthesizing 'MAT_Multiply' ...
@0 [HLS-0] Synthesizing 'MAT_Multiply' ...
@I [HLS-100] Command "ap_set_top_model MAT_Multiply "
@I [HLS-100] Command 'ap_set_top_model' returned 0; elapsed 3.9e-05Total elapsed time: 2.20 sec.
@I [HLS-100] Command "get_model_list MAT_Multiply -filter all-wo-channel -topdown "
@I [HLS-100] Command 'get_model_list' returned 0; elapsed 2.2e-05Total elapsed time: 2.20 sec.
@I [HLS-100] Command "preproc_iomode -model MAT_Multiply "
@I [HLS-100] Command 'preproc_iomode' returned 0; elapsed 0.000279Total elapsed time: 2.21 sec.
@I [HLS-100] Command "get_model_list MAT_Multiply -filter all-wo-channel "
@I [HLS-100] Command 'get_model_list' returned 0; elapsed 1.6e-05Total elapsed time: 2.22 sec.
@I [HLS-0] Model list for configure: MAT_Multiply
@I [HLS-0] Configuring Module : MAT_Multiply ...
@I [HLS-100] Command "set_default_model MAT_Multiply "
@I [HLS-100] Command 'set_default_model' returned 0; elapsed 2.7e-05Total elapsed time: 2.22 sec.
@I [HLS-100] Command "apply_spec_resource_limit MAT_Multiply "
@I [HLS-100] Command 'apply_spec_resource_limit' returned 0; elapsed 1.5e-05Total elapsed time: 2.22 sec.
@I [HLS-0] Model list for preprocess: MAT_Multiply
@I [HLS-0] Preprocessing Module: MAT_Multiply ...
@I [HLS-100] Command "set_default_model MAT_Multiply "
@I [HLS-100] Command 'set_default_model' returned 0; elapsed 1.2e-05Total elapsed time: 2.22 sec.
@I [HLS-100] Command "cdfg_preprocess -model MAT_Multiply "
@I [HLS-100] Command 'cdfg_preprocess' returned 0; elapsed 0.000485Total elapsed time: 2.22 sec.
@I [HLS-100] Command "rtl_gen_preprocess MAT_Multiply "
@I [HLS-100] Command 'rtl_gen_preprocess' returned 0; elapsed 0.00045Total elapsed time: 2.23 sec.
@I [HLS-0] Model list for synthesis: MAT_Multiply
@I [HLS-10] ----------------------------------------------------------------
@0 [HLS-0] ----------------------------------------------------------------
@I [HLS-10] -- Scheduling module 'MAT_Multiply' 
@0 [HLS-0] -- Scheduling module 'MAT_Multiply' 
@I [HLS-10] ----------------------------------------------------------------
@0 [HLS-0] ----------------------------------------------------------------
@I [HLS-100] Command "set_default_model MAT_Multiply "
@I [HLS-100] Command 'set_default_model' returned 0; elapsed 1.7e-05Total elapsed time: 2.23 sec.
@I [HLS-100] Command "schedule -model MAT_Multiply "
@I [SCHED-11] Starting scheduling ...
@I [SCHED-11] Finished scheduling.
@I [HLS-100] Command 'schedule' returned 0; elapsed 0.089871Total elapsed time: 2.122 sec.
@I [HLS-111] Elapsed time: 0.092765 seconds; current memory usage: 54.9 MB.
@I [HLS-100] Command "report -o /home/parallels/source_code/ECE_527_MP/mp3/parta_2/solution1_fifo_non_optimized/.autopilot/db/MAT_Multiply.verbose.sched.rpt -verbose -f "
@I [HLS-100] Command 'report' returned 0; elapsed 0.002942Total elapsed time: 2.126 sec.
@I [HLS-100] Command "db_write -o /home/parallels/source_code/ECE_527_MP/mp3/parta_2/solution1_fifo_non_optimized/.autopilot/db/MAT_Multiply.sched.adb -f "
@I [HLS-100] Command 'db_write' returned 0; elapsed 0.005504Total elapsed time: 2.132 sec.
@I [HLS-0] Finish scheduling MAT_Multiply.
@I [HLS-10] ----------------------------------------------------------------
@0 [HLS-0] ----------------------------------------------------------------
@I [HLS-10] -- Exploring micro-architecture for module 'MAT_Multiply' 
@0 [HLS-0] -- Exploring micro-architecture for module 'MAT_Multiply' 
@I [HLS-10] ----------------------------------------------------------------
@0 [HLS-0] ----------------------------------------------------------------
@I [HLS-100] Command "set_default_model MAT_Multiply "
@I [HLS-100] Command 'set_default_model' returned 0; elapsed 4.3e-05Total elapsed time: 2.134 sec.
@I [HLS-100] Command "bind -model MAT_Multiply "
@I [BIND-110] clear=
@I [BIND-110] debug=
@I [BIND-110] drf=
@I [BIND-110] effort=
@I [BIND-110] fast_refine=
@I [BIND-110] fu_weight=[ 0.0 -- 1.0 ]
@I [BIND-110] global_opt=
@I [BIND-110] gsearch=
@I [BIND-110] help=
@I [BIND-110] help-hidden=
@I [BIND-110] min_mem_port=
@I [BIND-110] min_op=
@I [BIND-110] minreg=
@I [BIND-110] ml=
@I [BIND-110] model=MAT_Multiply
@I [BIND-110] no_false_path=
@I [BIND-110] no_min_op=
@I [BIND-110] normalize=
@I [BIND-110] quiet=
@I [BIND-110] refine=
@I [BIND-110] reg_weight=[ 0.0 -- 1.0 ]
@I [BIND-110] search=
@I [BIND-110] tight_delay=
@I [BIND-110] verbose=
@I [BIND-110] wFF=
@I [BIND-110] wFU=
@I [BIND-110] wMUX=
@I [BIND-110] wNET=
@I [BIND-100] Starting micro-architecture generation ...
@I [BIND-101] Performing variable lifetime analysis.
@I [BIND-101] Exploring resource sharing.
@I [BIND-101] Binding ...
@I [BIND-100] Finished micro-architecture generation.
@I [HLS-100] Command 'bind' returned 0; elapsed 0.011929Total elapsed time: 2.151 sec.
@I [HLS-111] Elapsed time: 0.021326 seconds; current memory usage: 55.4 MB.
@I [HLS-100] Command "report -o /home/parallels/source_code/ECE_527_MP/mp3/parta_2/solution1_fifo_non_optimized/.autopilot/db/MAT_Multiply.verbose.bind.rpt -verbose -f "
@I [HLS-100] Command 'report' returned 0; elapsed 0.024935Total elapsed time: 2.178 sec.
@I [HLS-100] Command "db_write -o /home/parallels/source_code/ECE_527_MP/mp3/parta_2/solution1_fifo_non_optimized/.autopilot/db/MAT_Multiply.bind.adb -f "
@I [HLS-100] Command 'db_write' returned 0; elapsed 0.005645Total elapsed time: 2.183 sec.
@I [HLS-0] Finish binding MAT_Multiply.
@I [HLS-100] Command "get_model_list MAT_Multiply -filter all-wo-channel "
@I [HLS-100] Command 'get_model_list' returned 0; elapsed 2.2e-05Total elapsed time: 2.184 sec.
@I [HLS-0] Preprocessing for RTLGen ...
@I [HLS-100] Command "rtl_gen_preprocess MAT_Multiply "
@I [HLS-100] Command 'rtl_gen_preprocess' returned 0; elapsed 0.000351Total elapsed time: 2.184 sec.
@I [HLS-0] Model list for RTL generation: MAT_Multiply
@I [HLS-10] ----------------------------------------------------------------
@0 [HLS-0] ----------------------------------------------------------------
@I [HLS-10] -- Generating RTL for module 'MAT_Multiply' 
@0 [HLS-0] -- Generating RTL for module 'MAT_Multiply' 
@I [HLS-10] ----------------------------------------------------------------
@0 [HLS-0] ----------------------------------------------------------------
@I [HLS-100] Command "create_rtl_model MAT_Multiply -vendor xilinx -mg_file /home/parallels/source_code/ECE_527_MP/mp3/parta_2/solution1_fifo_non_optimized/.autopilot/db/MAT_Multiply.compgen.tcl "
@I [RTGEN-500] Setting interface mode on port 'MAT_Multiply/A' to 'ap_fifo'.
@I [RTGEN-500] Setting interface mode on port 'MAT_Multiply/B' to 'ap_fifo'.
@I [RTGEN-500] Setting interface mode on port 'MAT_Multiply/C' to 'ap_fifo'.
@I [RTGEN-500] Setting interface mode on port 'MAT_Multiply/mA' to 'ap_none'.
@I [RTGEN-500] Setting interface mode on port 'MAT_Multiply/nA' to 'ap_none'.
@I [RTGEN-500] Setting interface mode on port 'MAT_Multiply/mB' to 'ap_none'.
@I [RTGEN-500] Setting interface mode on port 'MAT_Multiply/nB' to 'ap_none'.
@I [RTGEN-500] Setting interface mode on port 'MAT_Multiply/mC' to 'ap_none'.
@I [RTGEN-500] Setting interface mode on port 'MAT_Multiply/nC' to 'ap_none'.
@I [RTGEN-500] Setting interface mode on function 'MAT_Multiply' to 'ap_ctrl_hs'.
@I [RTGEN-100] Generating core module 'MAT_Multiply_mul_32s_32s_32_6': 1 instance(s).
@I [RTGEN-100] Finished creating RTL model for 'MAT_Multiply'.
@I [HLS-100] Command 'create_rtl_model' returned 0; elapsed 0.018175Total elapsed time: 2.207 sec.
@I [HLS-111] Elapsed time: 0.050154 seconds; current memory usage: 56 MB.
@I [HLS-100] Command "source /home/parallels/source_code/ECE_527_MP/mp3/parta_2/solution1_fifo_non_optimized/.autopilot/db/MAT_Multiply.rtl_wrap.cfg.tcl "
@I [HLS-100] Command 'ap_source' returned 0; elapsed 0.000254Total elapsed time: 2.207 sec.
@I [HLS-100] Command "gen_rtl MAT_Multiply -istop -style xilinx -tracefl mytrace -tracefmt vcd -traceopt all -f -lang sc -o /home/parallels/source_code/ECE_527_MP/mp3/parta_2/solution1_fifo_non_optimized/syn/systemc/MAT_Multiply -synmodules MAT_Multiply "
@I [HLS-100] Command 'gen_rtl' returned 0; elapsed 0.001536Total elapsed time: 2.209 sec.
@I [HLS-100] Command "gen_rtl MAT_Multiply -istop -style xilinx -f -lang vhdl -o /home/parallels/source_code/ECE_527_MP/mp3/parta_2/solution1_fifo_non_optimized/syn/vhdl/MAT_Multiply "
@I [HLS-100] Command 'gen_rtl' returned 0; elapsed 0.011807Total elapsed time: 2.221 sec.
@I [HLS-100] Command "gen_rtl MAT_Multiply -istop -style xilinx -f -lang vlog -o /home/parallels/source_code/ECE_527_MP/mp3/parta_2/solution1_fifo_non_optimized/syn/verilog/MAT_Multiply "
@I [HLS-100] Command 'gen_rtl' returned 0; elapsed 0.011096Total elapsed time: 2.233 sec.
@I [HLS-100] Command "export_constraint_db -o /home/parallels/source_code/ECE_527_MP/mp3/parta_2/solution1_fifo_non_optimized/.autopilot/db/MAT_Multiply.constraint.tcl -f -tool general "
@I [HLS-100] Command 'export_constraint_db' returned 0; elapsed 7.3e-05Total elapsed time: 2.233 sec.
@I [HLS-100] Command "report -model MAT_Multiply -o /home/parallels/source_code/ECE_527_MP/mp3/parta_2/solution1_fifo_non_optimized/.autopilot/db/MAT_Multiply.design.xml -verbose -f -dv "
@I [HLS-100] Command 'report' returned 0; elapsed 0.017644Total elapsed time: 2.252 sec.
@I [HLS-100] Command "gen_tb_info MAT_Multiply -o /home/parallels/source_code/ECE_527_MP/mp3/parta_2/solution1_fifo_non_optimized/.autopilot/db/MAT_Multiply -p /home/parallels/source_code/ECE_527_MP/mp3/parta_2/solution1_fifo_non_optimized/.autopilot/db "
@I [HLS-100] Command 'gen_tb_info' returned 0; elapsed 0.000336Total elapsed time: 2.252 sec.
@I [HLS-100] Command "report -model MAT_Multiply -o /home/parallels/source_code/ECE_527_MP/mp3/parta_2/solution1_fifo_non_optimized/syn/report/MAT_Multiply_csynth.rpt -f "
@I [HLS-100] Command 'report' returned 0; elapsed 0.011506Total elapsed time: 2.264 sec.
@I [HLS-100] Command "report -model MAT_Multiply -o /home/parallels/source_code/ECE_527_MP/mp3/parta_2/solution1_fifo_non_optimized/syn/report/MAT_Multiply_csynth.xml -f -x "
@I [HLS-100] Command 'report' returned 0; elapsed 0.009557Total elapsed time: 2.273 sec.
@I [HLS-100] Command "report -model MAT_Multiply -o /home/parallels/source_code/ECE_527_MP/mp3/parta_2/solution1_fifo_non_optimized/.autopilot/db/MAT_Multiply.verbose.rpt -verbose -f "
@I [HLS-100] Command 'report' returned 0; elapsed 0.034646Total elapsed time: 2.308 sec.
@I [HLS-100] Command "db_write -model MAT_Multiply -o /home/parallels/source_code/ECE_527_MP/mp3/parta_2/solution1_fifo_non_optimized/.autopilot/db/MAT_Multiply.adb -f "
@I [HLS-100] Command 'db_write' returned 0; elapsed 0.015011Total elapsed time: 2.323 sec.
@I [HLS-100] Command "sc_get_clocks MAT_Multiply "
@I [HLS-100] Command 'sc_get_clocks' returned 0; elapsed 1e-05Total elapsed time: 2.337 sec.
@I [HLS-100] Command "sc_get_portdomain MAT_Multiply "
@I [HLS-100] Command 'sc_get_portdomain' returned 0; elapsed 2e-06Total elapsed time: 2.337 sec.
@I [HLS-0] Model list for RTL component generation: MAT_Multiply
@I [HLS-0] Handling components in module [MAT_Multiply] ... 
@I [HLS-100] Command "source /home/parallels/source_code/ECE_527_MP/mp3/parta_2/solution1_fifo_non_optimized/.autopilot/db/MAT_Multiply.compgen.tcl "
@I [HLS-0] Found component MAT_Multiply_mul_32s_32s_32_6.
@I [HLS-0] Append model MAT_Multiply_mul_32s_32s_32_6
@I [HLS-0] Found component MAT_Multiply_A_cached_row.
@I [HLS-0] Append model MAT_Multiply_A_cached_row
@I [HLS-0] Found component MAT_Multiply_B_cached.
@I [HLS-0] Append model MAT_Multiply_B_cached
@I [HLS-100] Command 'ap_source' returned 0; elapsed 0.000441Total elapsed time: 2.338 sec.
@I [HLS-0] Append model MAT_Multiply
@I [HLS-0] Generating RTL model list ...
@I [HLS-0] All models in this session: MAT_Multiply_mul_32s_32s_32_6 MAT_Multiply_A_cached_row MAT_Multiply_B_cached MAT_Multiply
@I [HLS-0] To file: write model MAT_Multiply_mul_32s_32s_32_6
@I [HLS-0] To file: write model MAT_Multiply_A_cached_row
@I [HLS-0] To file: write model MAT_Multiply_B_cached
@I [HLS-0] To file: write model MAT_Multiply
@I [HLS-0] Finished generating RTL model list.


@I [HLS-0] RTL Generation done.
@I [HLS-0] CAS Generation done.
@I [HLS-0] CBC Generation done.
@I [HLS-100] Command "export_ssdm /home/parallels/source_code/ECE_527_MP/mp3/parta_2/solution1_fifo_non_optimized/.autopilot/db/a.export.ll "
@I [HLS-100] Command 'export_ssdm' returned 0; elapsed 0.000194Total elapsed time: 2.339 sec.
@I [HLS-100] Command "source /home/parallels/source_code/ECE_527_MP/mp3/parta_2/solution1_fifo_non_optimized/.autopilot/db/global.setting.tcl "
@I [HLS-100] Command 'ap_source' returned 0; elapsed 0.000113Total elapsed time: 2.341 sec.
@I [HLS-100] Command "source /opt/Xilinx/Vivado_HLS/2015.1/common/technology/generic/autopilot/common.gen "
@I [HLS-100] Command "source /opt/Xilinx/Vivado_HLS/2015.1/common/technology/generic/autopilot/APCoreGen.gen "
@I [HLS-100] Command 'ap_source' returned 0; elapsed 0.000348Total elapsed time: 2.342 sec.
@I [HLS-100] Command 'ap_source' returned 0; elapsed 0.000713Total elapsed time: 2.342 sec.
@I [HLS-100] Command "source /opt/Xilinx/Vivado_HLS/2015.1/common/technology/generic/autopilot/op.gen "
@I [HLS-100] Command 'ap_source' returned 0; elapsed 0.000213Total elapsed time: 2.342 sec.
@I [HLS-100] Command "source /opt/Xilinx/Vivado_HLS/2015.1/common/technology/generic/autopilot/op_simcore.gen "
@I [HLS-100] Command 'ap_source' returned 0; elapsed 0.000596Total elapsed time: 2.343 sec.
@I [HLS-100] Command "source /opt/Xilinx/Vivado_HLS/2015.1/common/technology/generic/autopilot/interface.gen "
@I [HLS-100] Command 'ap_source' returned 0; elapsed 6.6e-05Total elapsed time: 2.343 sec.
@I [HLS-100] Command "source /home/parallels/source_code/ECE_527_MP/mp3/parta_2/solution1_fifo_non_optimized/.autopilot/db/global.setting.tcl "
@I [HLS-100] Command 'ap_source' returned 0; elapsed 0.00011Total elapsed time: 2.343 sec.
@I [HLS-100] Command "source /opt/Xilinx/Vivado_HLS/2015.1/common/technology/xilinx/zynq/zynq.gen "
@I [HLS-100] Command "source /opt/Xilinx/Vivado_HLS/2015.1/common/technology/xilinx/common/virtex.gen "
@I [HLS-100] Command "source /opt/Xilinx/Vivado_HLS/2015.1/common/technology/xilinx/common/xilinx.gen "
@I [HLS-100] Command "source /opt/Xilinx/Vivado_HLS/2015.1/common/technology/xilinx/interface/plb46.gen "
@I [HLS-100] Command 'ap_source' returned 0; elapsed 0.000801Total elapsed time: 2.344 sec.
@I [HLS-100] Command "source /opt/Xilinx/Vivado_HLS/2015.1/common/technology/xilinx/interface/fsl.gen "
@I [HLS-100] Command 'ap_source' returned 0; elapsed 0.000312Total elapsed time: 2.344 sec.
@I [HLS-100] Command "source /opt/Xilinx/Vivado_HLS/2015.1/common/technology/xilinx/interface/axi4.gen "
@I [HLS-100] Command 'ap_source' returned 0; elapsed 0.001639Total elapsed time: 2.346 sec.
@I [HLS-100] Command "source /opt/Xilinx/Vivado_HLS/2015.1/common/technology/xilinx/interface/nativeAXI4.gen "
@I [HLS-100] Command "source /opt/Xilinx/Vivado_HLS/2015.1/common/technology/xilinx/interface/saxilite.gen "
@I [HLS-100] Command 'ap_source' returned 0; elapsed 0.002038Total elapsed time: 2.348 sec.
@I [HLS-100] Command "source /opt/Xilinx/Vivado_HLS/2015.1/common/technology/xilinx/interface/maxi.gen "
@I [HLS-100] Command 'ap_source' returned 0; elapsed 0.004172Total elapsed time: 2.353 sec.
@I [HLS-100] Command 'ap_source' returned 0; elapsed 0.006385Total elapsed time: 2.353 sec.
@I [HLS-100] Command "source /opt/Xilinx/Vivado_HLS/2015.1/common/technology/xilinx/scripts/xilinxcoregen.gen "
@I [HLS-100] Command 'ap_source' returned 0; elapsed 0.006077Total elapsed time: 2.359 sec.
@I [HLS-100] Command "source /opt/Xilinx/Vivado_HLS/2015.1/common/technology/xilinx/interface/XilEDKCoreGen.gen "
@I [HLS-100] Command 'ap_source' returned 0; elapsed 0.005471Total elapsed time: 2.364 sec.
@I [HLS-100] Command "source /opt/Xilinx/Vivado_HLS/2015.1/common/technology/xilinx/ip/xfft.gen "
@I [HLS-100] Command 'ap_source' returned 0; elapsed 0.067969Total elapsed time: 2.433 sec.
@I [HLS-100] Command "source /opt/Xilinx/Vivado_HLS/2015.1/common/technology/xilinx/ip/xfir.gen "
@I [HLS-100] Command 'ap_source' returned 0; elapsed 0.021115Total elapsed time: 2.455 sec.
@I [HLS-100] Command "source /opt/Xilinx/Vivado_HLS/2015.1/common/technology/xilinx/ip/dds_compiler.gen "
@I [HLS-100] Command 'ap_source' returned 0; elapsed 0.002276Total elapsed time: 2.457 sec.
@I [HLS-100] Command "source /opt/Xilinx/Vivado_HLS/2015.1/common/technology/xilinx/ip/util.gen "
@I [HLS-100] Command 'ap_source' returned 0; elapsed 0.000103Total elapsed time: 2.457 sec.
@I [HLS-100] Command 'ap_source' returned 0; elapsed 0.112783Total elapsed time: 2.457 sec.
@I [HLS-100] Command "source /opt/Xilinx/Vivado_HLS/2015.1/common/technology/xilinx/common/dsp48.gen "
@I [HLS-100] Command 'ap_source' returned 0; elapsed 0.000129Total elapsed time: 2.458 sec.
@I [HLS-100] Command 'ap_source' returned 0; elapsed 0.114472Total elapsed time: 2.459 sec.
@I [HLS-100] Command 'ap_source' returned 0; elapsed 0.11461Total elapsed time: 2.459 sec.
@I [HLS-100] Command "source /opt/Xilinx/Vivado_HLS/2015.1/common/technology/xilinx/zynq/zynq_fpv6.gen "
@I [HLS-100] Command "source /opt/Xilinx/Vivado_HLS/2015.1/common/technology/xilinx/common/xilinx_fpv6.gen "
@I [HLS-100] Command 'ap_source' returned 0; elapsed 0.001269Total elapsed time: 2.460 sec.
@I [HLS-100] Command 'ap_source' returned 0; elapsed 0.001411Total elapsed time: 2.460 sec.
@I [HLS-100] Command "source /home/parallels/source_code/ECE_527_MP/mp3/parta_2/solution1_fifo_non_optimized/.autopilot/db/global.setting.tcl "
@I [HLS-100] Command 'ap_source' returned 0; elapsed 0.000133Total elapsed time: 2.461 sec.
@I [HLS-100] Command "source /home/parallels/source_code/ECE_527_MP/mp3/parta_2/solution1_fifo_non_optimized/.autopilot/db/global.setting.tcl "
@I [HLS-100] Command 'ap_source' returned 0; elapsed 0.000111Total elapsed time: 2.461 sec.
@I [HLS-100] Command "source /home/parallels/source_code/ECE_527_MP/mp3/parta_2/solution1_fifo_non_optimized/.autopilot/db/global.setting.tcl "
@I [HLS-100] Command 'ap_source' returned 0; elapsed 0.000135Total elapsed time: 2.462 sec.
@I [HLS-100] Command "source /home/parallels/source_code/ECE_527_MP/mp3/parta_2/solution1_fifo_non_optimized/.autopilot/db/MAT_Multiply.compgen.tcl "
@I [RTMG-282] Generating pipelined core: 'MAT_Multiply_mul_32s_32s_32_6_MulnS_0'
@I [RTMG-278] Implementing memory 'MAT_Multiply_A_cached_row_ram' using block RAMs.
@I [RTMG-278] Implementing memory 'MAT_Multiply_B_cached_ram' using block RAMs.
@I [HLS-100] Command 'ap_source' returned 0; elapsed 0.024183Total elapsed time: 2.486 sec.
@I [HLS-10] Finished generating all RTL models.
@0 [HLS-0] Finished generating all RTL models.
@I [WSYSC-301] Generating RTL SystemC for 'MAT_Multiply'.
@I [WVHDL-304] Generating RTL VHDL for 'MAT_Multiply'.
@I [WVLOG-307] Generating RTL Verilog for 'MAT_Multiply'.
@I [HLS-100] Command 'autosyn' returned 0; elapsed 0.444085Total elapsed time: 2.490 sec.
@I [HLS-100] Command 'csynth_design' returned 0; elapsed 0.97358Total elapsed time: 2.490 sec.
@I [HLS-100] Command 'ap_source' returned 0; elapsed 1.12533Total elapsed time: 2.490 sec.
@I [HLS-100] Command "cleanup_all "
@I [HLS-100] Command 'cleanup_all' returned 0; elapsed 0.001862Total elapsed time: 2.492 sec.
