                             latency        interval
transaction       0:           51401           51402
transaction       1:           51401           51402
transaction       2:           51401           51402
transaction       3:          234601          234602
transaction       4:          234601          234602
transaction       5:          234601          234602
transaction       6:          234601          234602
transaction       7:          234601          234602
transaction       8:          234601          234602
transaction       9:          234601          234602
transaction      10:          234601          234602
transaction      11:          234601          234602
transaction      12:         1142601         1142602
transaction      13:         1142601         1142602
transaction      14:         1142601         1142602
transaction      15:         1142601         1142602
transaction      16:         1142601         1142602
transaction      17:         1142601         1142602
transaction      18:          234601          234602
transaction      19:          234601          234602
transaction      20:          234601          234602
transaction      21:         1142601         1142602
transaction      22:         1142601         1142602
transaction      23:         1142601         1142602
transaction      24:         1142601         1142602
transaction      25:         1142601         1142602
transaction      26:         1142601         1142602
