

================================================================
== Vivado HLS Report for 'Accelerator_DOT_Divide_Loop_row_proc'
================================================================
* Date:           Thu Oct 29 22:12:17 2015

* Version:        2015.1 (Build 1215546 on Mon Apr 27 19:24:50 PM 2015)
* Project:        accelerator
* Solution:       solution2opt
* Product family: zynq
* Target device:  xc7z020clg484-1


================================================================
== Performance Estimates
================================================================
+ Timing (ns): 
    * Summary: 
    +---------+-------+----------+------------+
    |  Clock  | Target| Estimated| Uncertainty|
    +---------+-------+----------+------------+
    |default  |  10.00|      8.01|        1.25|
    +---------+-------+----------+------------+

+ Latency (clock cycles): 
    * Summary: 
    +-----+-----+-----+-----+---------+
    |  Latency  |  Interval | Pipeline|
    | min | max | min | max |   Type  |
    +-----+-----+-----+-----+---------+
    |   83|   83|   83|   83|   none  |
    +-----+-----+-----+-----+---------+

    + Detail: 
        * Instance: 
        N/A

        * Loop: 
        +----------+-----+-----+----------+-----------+-----------+------+----------+
        |          |  Latency  | Iteration|  Initiation Interval  | Trip |          |
        | Loop Name| min | max |  Latency |  achieved |   target  | Count| Pipelined|
        +----------+-----+-----+----------+-----------+-----------+------+----------+
        |- row     |   81|   81|        26|          8|          1|     8|    yes   |
        +----------+-----+-----+----------+-----------+-----------+------+----------+



================================================================
== Utilization Estimates
================================================================
* Summary: 
+-----------------+---------+-------+--------+-------+
|       Name      | BRAM_18K| DSP48E|   FF   |  LUT  |
+-----------------+---------+-------+--------+-------+
|Expression       |        -|      -|       -|      -|
|FIFO             |        -|      -|       -|      -|
|Instance         |        -|      -|       -|      -|
|Memory           |        -|      -|       -|      -|
|Multiplexer      |        -|      -|       -|      -|
|Register         |        -|      -|       -|      -|
+-----------------+---------+-------+--------+-------+
|Total            |        0|      0|       0|      0|
+-----------------+---------+-------+--------+-------+
|Available        |      280|    220|  106400|  53200|
+-----------------+---------+-------+--------+-------+
|Utilization (%)  |        0|      0|       0|      0|
+-----------------+---------+-------+--------+-------+

+ Detail: 
    * Instance: 
    N/A

    * Memory: 
    N/A

    * FIFO: 
    N/A

    * Expression: 
    N/A

    * Multiplexer: 
    N/A

    * Register: 
    N/A



================================================================
== Interface
================================================================
* Summary: 
N/A

============================================================
+ Verbose Summary: Synthesis Manager
============================================================
InlineROM: 1
ExposeGlobal: 0
============================================================
+ Verbose Summary: CDFG Model
============================================================
IsTopModel: 0
ResetActiveHigh: 1
IsCombinational: 2
IsDatapathOnly: 0
HasWiredReturn: 1
HasMFsm: 0
HasVarLatency: 1
IsPipeline: 0
IsRtlPipelined: 0
IsInstanceOverlapped: 0
IsDontTouch: 0
HasImplIP: 0
IsGatedGlobalClock: 0

+ Individual pipeline summary: 
  * Pipeline-0: initiation interval (II) = 8, depth = 26


============================================================
+ Verbose Summary: Schedule
============================================================
* Number of FSM states: 28
* Pipeline: 1
  Pipeline-0: II = 8, D = 26, States = { 2 3 4 5 6 7 8 9 10 11 12 13 14 15 16 17 18 19 20 21 22 23 24 25 26 27 }
* Dataflow Pipeline: 0

* FSM state transitions: 
1 --> 
	2  / true
2 --> 
	28  / (exitcond1_i_i)
	3  / (!exitcond1_i_i)
3 --> 
	4  / true
4 --> 
	5  / true
5 --> 
	6  / true
6 --> 
	7  / true
7 --> 
	8  / true
8 --> 
	9  / true
9 --> 
	10  / true
10 --> 
	11  / true
11 --> 
	12  / true
12 --> 
	13  / true
13 --> 
	14  / true
14 --> 
	15  / true
15 --> 
	16  / true
16 --> 
	17  / true
17 --> 
	18  / true
18 --> 
	19  / true
19 --> 
	20  / true
20 --> 
	21  / true
21 --> 
	22  / true
22 --> 
	23  / true
23 --> 
	24  / true
24 --> 
	25  / true
25 --> 
	26  / true
26 --> 
	27  / true
27 --> 
	2  / true
28 --> 
* FSM state operations: 

 <State 1>: 1.57ns
ST_1: stg_29 [1/1] 0.00ns
newFuncRoot:0  call void (...)* @_ssdm_op_SpecInterface(float* %C, [8 x i8]* @p_str112, i32 0, i32 0, i32 0, i32 0, [1 x i8]* @p_str11, [1 x i8]* @p_str11, [1 x i8]* @p_str11)

ST_1: stg_30 [1/1] 0.00ns
newFuncRoot:1  call void (...)* @_ssdm_op_SpecInterface(float* %A, [8 x i8]* @p_str112, i32 0, i32 0, i32 0, i32 0, [1 x i8]* @p_str11, [1 x i8]* @p_str11, [1 x i8]* @p_str11)

ST_1: stg_31 [1/1] 1.57ns
newFuncRoot:2  br label %0


 <State 2>: 1.88ns
ST_2: i_0_i_i [1/1] 0.00ns
:0  %i_0_i_i = phi i4 [ 0, %newFuncRoot ], [ %i, %1 ]

ST_2: exitcond1_i_i [1/1] 1.88ns
:1  %exitcond1_i_i = icmp eq i4 %i_0_i_i, -8

ST_2: i [1/1] 0.80ns
:2  %i = add i4 %i_0_i_i, 1

ST_2: stg_35 [1/1] 0.00ns
:3  br i1 %exitcond1_i_i, label %DOT_Divide_.exit2.exitStub, label %1

ST_2: tmp_18 [1/1] 0.00ns
:5  %tmp_18 = trunc i4 %i_0_i_i to i3


 <State 3>: 4.38ns
ST_3: A_read [1/1] 4.38ns
:4  %A_read = call float @_ssdm_op_Read.ap_fifo.volatile.floatP(float* %A)


 <State 4>: 8.01ns
ST_4: tmp_s [1/1] 1.94ns
:6  %tmp_s = call float @_ssdm_op_Mux.ap_auto.8float.i3(float 1.600000e+01, float 1.200000e+01, float 1.400000e+01, float 1.400000e+01, float 1.800000e+01, float 2.400000e+01, float 4.900000e+01, float 7.200000e+01, i3 %tmp_18)

ST_4: tmp_6_i [16/16] 6.08ns
:7  %tmp_6_i = fdiv float %A_read, %tmp_s

ST_4: A_read_1 [1/1] 4.38ns
:9  %A_read_1 = call float @_ssdm_op_Read.ap_fifo.volatile.floatP(float* %A)


 <State 5>: 8.01ns
ST_5: tmp_6_i [15/16] 6.08ns
:7  %tmp_6_i = fdiv float %A_read, %tmp_s

ST_5: tmp_11 [1/1] 1.94ns
:10  %tmp_11 = call float @_ssdm_op_Mux.ap_auto.8float.i3(float 1.100000e+01, float 1.200000e+01, float 1.300000e+01, float 1.700000e+01, float 2.200000e+01, float 3.500000e+01, float 6.400000e+01, float 9.200000e+01, i3 %tmp_18)

ST_5: tmp_6_i_1 [16/16] 6.08ns
:11  %tmp_6_i_1 = fdiv float %A_read_1, %tmp_11

ST_5: A_read_2 [1/1] 4.38ns
:13  %A_read_2 = call float @_ssdm_op_Read.ap_fifo.volatile.floatP(float* %A)


 <State 6>: 8.01ns
ST_6: tmp_6_i [14/16] 6.08ns
:7  %tmp_6_i = fdiv float %A_read, %tmp_s

ST_6: tmp_6_i_1 [15/16] 6.08ns
:11  %tmp_6_i_1 = fdiv float %A_read_1, %tmp_11

ST_6: tmp_12 [1/1] 1.94ns
:14  %tmp_12 = call float @_ssdm_op_Mux.ap_auto.8float.i3(float 1.000000e+01, float 1.400000e+01, float 1.600000e+01, float 2.200000e+01, float 3.700000e+01, float 5.500000e+01, float 7.800000e+01, float 9.500000e+01, i3 %tmp_18)

ST_6: tmp_6_i_2 [16/16] 6.08ns
:15  %tmp_6_i_2 = fdiv float %A_read_2, %tmp_12

ST_6: A_read_3 [1/1] 4.38ns
:17  %A_read_3 = call float @_ssdm_op_Read.ap_fifo.volatile.floatP(float* %A)


 <State 7>: 8.01ns
ST_7: tmp_6_i [13/16] 6.08ns
:7  %tmp_6_i = fdiv float %A_read, %tmp_s

ST_7: tmp_6_i_1 [14/16] 6.08ns
:11  %tmp_6_i_1 = fdiv float %A_read_1, %tmp_11

ST_7: tmp_6_i_2 [15/16] 6.08ns
:15  %tmp_6_i_2 = fdiv float %A_read_2, %tmp_12

ST_7: tmp_13 [1/1] 1.94ns
:18  %tmp_13 = call float @_ssdm_op_Mux.ap_auto.8float.i3(float 1.600000e+01, float 1.900000e+01, float 2.400000e+01, float 2.900000e+01, float 5.600000e+01, float 6.400000e+01, float 8.700000e+01, float 9.800000e+01, i3 %tmp_18)

ST_7: tmp_6_i_3 [16/16] 6.08ns
:19  %tmp_6_i_3 = fdiv float %A_read_3, %tmp_13

ST_7: A_read_4 [1/1] 4.38ns
:21  %A_read_4 = call float @_ssdm_op_Read.ap_fifo.volatile.floatP(float* %A)


 <State 8>: 8.01ns
ST_8: tmp_6_i [12/16] 6.08ns
:7  %tmp_6_i = fdiv float %A_read, %tmp_s

ST_8: tmp_6_i_1 [13/16] 6.08ns
:11  %tmp_6_i_1 = fdiv float %A_read_1, %tmp_11

ST_8: tmp_6_i_2 [14/16] 6.08ns
:15  %tmp_6_i_2 = fdiv float %A_read_2, %tmp_12

ST_8: tmp_6_i_3 [15/16] 6.08ns
:19  %tmp_6_i_3 = fdiv float %A_read_3, %tmp_13

ST_8: tmp_14 [1/1] 1.94ns
:22  %tmp_14 = call float @_ssdm_op_Mux.ap_auto.8float.i3(float 2.400000e+01, float 2.600000e+01, float 4.000000e+01, float 5.100000e+01, float 6.800000e+01, float 8.100000e+01, float 1.030000e+02, float 1.120000e+02, i3 %tmp_18)

ST_8: tmp_6_i_4 [16/16] 6.08ns
:23  %tmp_6_i_4 = fdiv float %A_read_4, %tmp_14

ST_8: A_read_5 [1/1] 4.38ns
:25  %A_read_5 = call float @_ssdm_op_Read.ap_fifo.volatile.floatP(float* %A)


 <State 9>: 8.01ns
ST_9: tmp_6_i [11/16] 6.08ns
:7  %tmp_6_i = fdiv float %A_read, %tmp_s

ST_9: tmp_6_i_1 [12/16] 6.08ns
:11  %tmp_6_i_1 = fdiv float %A_read_1, %tmp_11

ST_9: tmp_6_i_2 [13/16] 6.08ns
:15  %tmp_6_i_2 = fdiv float %A_read_2, %tmp_12

ST_9: tmp_6_i_3 [14/16] 6.08ns
:19  %tmp_6_i_3 = fdiv float %A_read_3, %tmp_13

ST_9: tmp_6_i_4 [15/16] 6.08ns
:23  %tmp_6_i_4 = fdiv float %A_read_4, %tmp_14

ST_9: tmp_15 [1/1] 1.94ns
:26  %tmp_15 = call float @_ssdm_op_Mux.ap_auto.8float.i3(float 4.000000e+01, float 5.800000e+01, float 5.700000e+01, float 8.700000e+01, float 1.090000e+02, float 1.040000e+02, float 1.210000e+02, float 1.000000e+02, i3 %tmp_18)

ST_9: tmp_6_i_5 [16/16] 6.08ns
:27  %tmp_6_i_5 = fdiv float %A_read_5, %tmp_15

ST_9: A_read_6 [1/1] 4.38ns
:29  %A_read_6 = call float @_ssdm_op_Read.ap_fifo.volatile.floatP(float* %A)


 <State 10>: 8.01ns
ST_10: tmp_6_i [10/16] 6.08ns
:7  %tmp_6_i = fdiv float %A_read, %tmp_s

ST_10: tmp_6_i_1 [11/16] 6.08ns
:11  %tmp_6_i_1 = fdiv float %A_read_1, %tmp_11

ST_10: tmp_6_i_2 [12/16] 6.08ns
:15  %tmp_6_i_2 = fdiv float %A_read_2, %tmp_12

ST_10: tmp_6_i_3 [13/16] 6.08ns
:19  %tmp_6_i_3 = fdiv float %A_read_3, %tmp_13

ST_10: tmp_6_i_4 [14/16] 6.08ns
:23  %tmp_6_i_4 = fdiv float %A_read_4, %tmp_14

ST_10: tmp_6_i_5 [15/16] 6.08ns
:27  %tmp_6_i_5 = fdiv float %A_read_5, %tmp_15

ST_10: tmp_16 [1/1] 1.94ns
:30  %tmp_16 = call float @_ssdm_op_Mux.ap_auto.8float.i3(float 5.100000e+01, float 6.000000e+01, float 6.900000e+01, float 8.000000e+01, float 1.030000e+02, float 1.130000e+02, float 1.200000e+02, float 1.030000e+02, i3 %tmp_18)

ST_10: tmp_6_i_6 [16/16] 6.08ns
:31  %tmp_6_i_6 = fdiv float %A_read_6, %tmp_16

ST_10: A_read_7 [1/1] 4.38ns
:33  %A_read_7 = call float @_ssdm_op_Read.ap_fifo.volatile.floatP(float* %A)


 <State 11>: 8.01ns
ST_11: tmp_6_i [9/16] 6.08ns
:7  %tmp_6_i = fdiv float %A_read, %tmp_s

ST_11: tmp_6_i_1 [10/16] 6.08ns
:11  %tmp_6_i_1 = fdiv float %A_read_1, %tmp_11

ST_11: tmp_6_i_2 [11/16] 6.08ns
:15  %tmp_6_i_2 = fdiv float %A_read_2, %tmp_12

ST_11: tmp_6_i_3 [12/16] 6.08ns
:19  %tmp_6_i_3 = fdiv float %A_read_3, %tmp_13

ST_11: tmp_6_i_4 [13/16] 6.08ns
:23  %tmp_6_i_4 = fdiv float %A_read_4, %tmp_14

ST_11: tmp_6_i_5 [14/16] 6.08ns
:27  %tmp_6_i_5 = fdiv float %A_read_5, %tmp_15

ST_11: tmp_6_i_6 [15/16] 6.08ns
:31  %tmp_6_i_6 = fdiv float %A_read_6, %tmp_16

ST_11: tmp_17 [1/1] 1.94ns
:34  %tmp_17 = call float @_ssdm_op_Mux.ap_auto.8float.i3(float 6.100000e+01, float 5.500000e+01, float 5.600000e+01, float 6.200000e+01, float 7.700000e+01, float 9.200000e+01, float 1.010000e+02, float 9.900000e+01, i3 %tmp_18)

ST_11: tmp_6_i_7 [16/16] 6.08ns
:35  %tmp_6_i_7 = fdiv float %A_read_7, %tmp_17


 <State 12>: 6.08ns
ST_12: tmp_6_i [8/16] 6.08ns
:7  %tmp_6_i = fdiv float %A_read, %tmp_s

ST_12: tmp_6_i_1 [9/16] 6.08ns
:11  %tmp_6_i_1 = fdiv float %A_read_1, %tmp_11

ST_12: tmp_6_i_2 [10/16] 6.08ns
:15  %tmp_6_i_2 = fdiv float %A_read_2, %tmp_12

ST_12: tmp_6_i_3 [11/16] 6.08ns
:19  %tmp_6_i_3 = fdiv float %A_read_3, %tmp_13

ST_12: tmp_6_i_4 [12/16] 6.08ns
:23  %tmp_6_i_4 = fdiv float %A_read_4, %tmp_14

ST_12: tmp_6_i_5 [13/16] 6.08ns
:27  %tmp_6_i_5 = fdiv float %A_read_5, %tmp_15

ST_12: tmp_6_i_6 [14/16] 6.08ns
:31  %tmp_6_i_6 = fdiv float %A_read_6, %tmp_16

ST_12: tmp_6_i_7 [15/16] 6.08ns
:35  %tmp_6_i_7 = fdiv float %A_read_7, %tmp_17


 <State 13>: 6.08ns
ST_13: tmp_6_i [7/16] 6.08ns
:7  %tmp_6_i = fdiv float %A_read, %tmp_s

ST_13: tmp_6_i_1 [8/16] 6.08ns
:11  %tmp_6_i_1 = fdiv float %A_read_1, %tmp_11

ST_13: tmp_6_i_2 [9/16] 6.08ns
:15  %tmp_6_i_2 = fdiv float %A_read_2, %tmp_12

ST_13: tmp_6_i_3 [10/16] 6.08ns
:19  %tmp_6_i_3 = fdiv float %A_read_3, %tmp_13

ST_13: tmp_6_i_4 [11/16] 6.08ns
:23  %tmp_6_i_4 = fdiv float %A_read_4, %tmp_14

ST_13: tmp_6_i_5 [12/16] 6.08ns
:27  %tmp_6_i_5 = fdiv float %A_read_5, %tmp_15

ST_13: tmp_6_i_6 [13/16] 6.08ns
:31  %tmp_6_i_6 = fdiv float %A_read_6, %tmp_16

ST_13: tmp_6_i_7 [14/16] 6.08ns
:35  %tmp_6_i_7 = fdiv float %A_read_7, %tmp_17


 <State 14>: 6.08ns
ST_14: tmp_6_i [6/16] 6.08ns
:7  %tmp_6_i = fdiv float %A_read, %tmp_s

ST_14: tmp_6_i_1 [7/16] 6.08ns
:11  %tmp_6_i_1 = fdiv float %A_read_1, %tmp_11

ST_14: tmp_6_i_2 [8/16] 6.08ns
:15  %tmp_6_i_2 = fdiv float %A_read_2, %tmp_12

ST_14: tmp_6_i_3 [9/16] 6.08ns
:19  %tmp_6_i_3 = fdiv float %A_read_3, %tmp_13

ST_14: tmp_6_i_4 [10/16] 6.08ns
:23  %tmp_6_i_4 = fdiv float %A_read_4, %tmp_14

ST_14: tmp_6_i_5 [11/16] 6.08ns
:27  %tmp_6_i_5 = fdiv float %A_read_5, %tmp_15

ST_14: tmp_6_i_6 [12/16] 6.08ns
:31  %tmp_6_i_6 = fdiv float %A_read_6, %tmp_16

ST_14: tmp_6_i_7 [13/16] 6.08ns
:35  %tmp_6_i_7 = fdiv float %A_read_7, %tmp_17


 <State 15>: 6.08ns
ST_15: tmp_6_i [5/16] 6.08ns
:7  %tmp_6_i = fdiv float %A_read, %tmp_s

ST_15: tmp_6_i_1 [6/16] 6.08ns
:11  %tmp_6_i_1 = fdiv float %A_read_1, %tmp_11

ST_15: tmp_6_i_2 [7/16] 6.08ns
:15  %tmp_6_i_2 = fdiv float %A_read_2, %tmp_12

ST_15: tmp_6_i_3 [8/16] 6.08ns
:19  %tmp_6_i_3 = fdiv float %A_read_3, %tmp_13

ST_15: tmp_6_i_4 [9/16] 6.08ns
:23  %tmp_6_i_4 = fdiv float %A_read_4, %tmp_14

ST_15: tmp_6_i_5 [10/16] 6.08ns
:27  %tmp_6_i_5 = fdiv float %A_read_5, %tmp_15

ST_15: tmp_6_i_6 [11/16] 6.08ns
:31  %tmp_6_i_6 = fdiv float %A_read_6, %tmp_16

ST_15: tmp_6_i_7 [12/16] 6.08ns
:35  %tmp_6_i_7 = fdiv float %A_read_7, %tmp_17


 <State 16>: 6.08ns
ST_16: tmp_6_i [4/16] 6.08ns
:7  %tmp_6_i = fdiv float %A_read, %tmp_s

ST_16: tmp_6_i_1 [5/16] 6.08ns
:11  %tmp_6_i_1 = fdiv float %A_read_1, %tmp_11

ST_16: tmp_6_i_2 [6/16] 6.08ns
:15  %tmp_6_i_2 = fdiv float %A_read_2, %tmp_12

ST_16: tmp_6_i_3 [7/16] 6.08ns
:19  %tmp_6_i_3 = fdiv float %A_read_3, %tmp_13

ST_16: tmp_6_i_4 [8/16] 6.08ns
:23  %tmp_6_i_4 = fdiv float %A_read_4, %tmp_14

ST_16: tmp_6_i_5 [9/16] 6.08ns
:27  %tmp_6_i_5 = fdiv float %A_read_5, %tmp_15

ST_16: tmp_6_i_6 [10/16] 6.08ns
:31  %tmp_6_i_6 = fdiv float %A_read_6, %tmp_16

ST_16: tmp_6_i_7 [11/16] 6.08ns
:35  %tmp_6_i_7 = fdiv float %A_read_7, %tmp_17


 <State 17>: 6.08ns
ST_17: tmp_6_i [3/16] 6.08ns
:7  %tmp_6_i = fdiv float %A_read, %tmp_s

ST_17: tmp_6_i_1 [4/16] 6.08ns
:11  %tmp_6_i_1 = fdiv float %A_read_1, %tmp_11

ST_17: tmp_6_i_2 [5/16] 6.08ns
:15  %tmp_6_i_2 = fdiv float %A_read_2, %tmp_12

ST_17: tmp_6_i_3 [6/16] 6.08ns
:19  %tmp_6_i_3 = fdiv float %A_read_3, %tmp_13

ST_17: tmp_6_i_4 [7/16] 6.08ns
:23  %tmp_6_i_4 = fdiv float %A_read_4, %tmp_14

ST_17: tmp_6_i_5 [8/16] 6.08ns
:27  %tmp_6_i_5 = fdiv float %A_read_5, %tmp_15

ST_17: tmp_6_i_6 [9/16] 6.08ns
:31  %tmp_6_i_6 = fdiv float %A_read_6, %tmp_16

ST_17: tmp_6_i_7 [10/16] 6.08ns
:35  %tmp_6_i_7 = fdiv float %A_read_7, %tmp_17


 <State 18>: 6.08ns
ST_18: tmp_6_i [2/16] 6.08ns
:7  %tmp_6_i = fdiv float %A_read, %tmp_s

ST_18: tmp_6_i_1 [3/16] 6.08ns
:11  %tmp_6_i_1 = fdiv float %A_read_1, %tmp_11

ST_18: tmp_6_i_2 [4/16] 6.08ns
:15  %tmp_6_i_2 = fdiv float %A_read_2, %tmp_12

ST_18: tmp_6_i_3 [5/16] 6.08ns
:19  %tmp_6_i_3 = fdiv float %A_read_3, %tmp_13

ST_18: tmp_6_i_4 [6/16] 6.08ns
:23  %tmp_6_i_4 = fdiv float %A_read_4, %tmp_14

ST_18: tmp_6_i_5 [7/16] 6.08ns
:27  %tmp_6_i_5 = fdiv float %A_read_5, %tmp_15

ST_18: tmp_6_i_6 [8/16] 6.08ns
:31  %tmp_6_i_6 = fdiv float %A_read_6, %tmp_16

ST_18: tmp_6_i_7 [9/16] 6.08ns
:35  %tmp_6_i_7 = fdiv float %A_read_7, %tmp_17


 <State 19>: 6.08ns
ST_19: tmp_6_i [1/16] 6.08ns
:7  %tmp_6_i = fdiv float %A_read, %tmp_s

ST_19: tmp_6_i_1 [2/16] 6.08ns
:11  %tmp_6_i_1 = fdiv float %A_read_1, %tmp_11

ST_19: tmp_6_i_2 [3/16] 6.08ns
:15  %tmp_6_i_2 = fdiv float %A_read_2, %tmp_12

ST_19: tmp_6_i_3 [4/16] 6.08ns
:19  %tmp_6_i_3 = fdiv float %A_read_3, %tmp_13

ST_19: tmp_6_i_4 [5/16] 6.08ns
:23  %tmp_6_i_4 = fdiv float %A_read_4, %tmp_14

ST_19: tmp_6_i_5 [6/16] 6.08ns
:27  %tmp_6_i_5 = fdiv float %A_read_5, %tmp_15

ST_19: tmp_6_i_6 [7/16] 6.08ns
:31  %tmp_6_i_6 = fdiv float %A_read_6, %tmp_16

ST_19: tmp_6_i_7 [8/16] 6.08ns
:35  %tmp_6_i_7 = fdiv float %A_read_7, %tmp_17


 <State 20>: 6.08ns
ST_20: stg_153 [1/1] 4.38ns
:8  call void @_ssdm_op_Write.ap_fifo.volatile.floatP(float* %C, float %tmp_6_i)

ST_20: tmp_6_i_1 [1/16] 6.08ns
:11  %tmp_6_i_1 = fdiv float %A_read_1, %tmp_11

ST_20: tmp_6_i_2 [2/16] 6.08ns
:15  %tmp_6_i_2 = fdiv float %A_read_2, %tmp_12

ST_20: tmp_6_i_3 [3/16] 6.08ns
:19  %tmp_6_i_3 = fdiv float %A_read_3, %tmp_13

ST_20: tmp_6_i_4 [4/16] 6.08ns
:23  %tmp_6_i_4 = fdiv float %A_read_4, %tmp_14

ST_20: tmp_6_i_5 [5/16] 6.08ns
:27  %tmp_6_i_5 = fdiv float %A_read_5, %tmp_15

ST_20: tmp_6_i_6 [6/16] 6.08ns
:31  %tmp_6_i_6 = fdiv float %A_read_6, %tmp_16

ST_20: tmp_6_i_7 [7/16] 6.08ns
:35  %tmp_6_i_7 = fdiv float %A_read_7, %tmp_17


 <State 21>: 6.08ns
ST_21: stg_161 [1/1] 4.38ns
:12  call void @_ssdm_op_Write.ap_fifo.volatile.floatP(float* %C, float %tmp_6_i_1)

ST_21: tmp_6_i_2 [1/16] 6.08ns
:15  %tmp_6_i_2 = fdiv float %A_read_2, %tmp_12

ST_21: tmp_6_i_3 [2/16] 6.08ns
:19  %tmp_6_i_3 = fdiv float %A_read_3, %tmp_13

ST_21: tmp_6_i_4 [3/16] 6.08ns
:23  %tmp_6_i_4 = fdiv float %A_read_4, %tmp_14

ST_21: tmp_6_i_5 [4/16] 6.08ns
:27  %tmp_6_i_5 = fdiv float %A_read_5, %tmp_15

ST_21: tmp_6_i_6 [5/16] 6.08ns
:31  %tmp_6_i_6 = fdiv float %A_read_6, %tmp_16

ST_21: tmp_6_i_7 [6/16] 6.08ns
:35  %tmp_6_i_7 = fdiv float %A_read_7, %tmp_17


 <State 22>: 6.08ns
ST_22: stg_168 [1/1] 4.38ns
:16  call void @_ssdm_op_Write.ap_fifo.volatile.floatP(float* %C, float %tmp_6_i_2)

ST_22: tmp_6_i_3 [1/16] 6.08ns
:19  %tmp_6_i_3 = fdiv float %A_read_3, %tmp_13

ST_22: tmp_6_i_4 [2/16] 6.08ns
:23  %tmp_6_i_4 = fdiv float %A_read_4, %tmp_14

ST_22: tmp_6_i_5 [3/16] 6.08ns
:27  %tmp_6_i_5 = fdiv float %A_read_5, %tmp_15

ST_22: tmp_6_i_6 [4/16] 6.08ns
:31  %tmp_6_i_6 = fdiv float %A_read_6, %tmp_16

ST_22: tmp_6_i_7 [5/16] 6.08ns
:35  %tmp_6_i_7 = fdiv float %A_read_7, %tmp_17


 <State 23>: 6.08ns
ST_23: stg_174 [1/1] 4.38ns
:20  call void @_ssdm_op_Write.ap_fifo.volatile.floatP(float* %C, float %tmp_6_i_3)

ST_23: tmp_6_i_4 [1/16] 6.08ns
:23  %tmp_6_i_4 = fdiv float %A_read_4, %tmp_14

ST_23: tmp_6_i_5 [2/16] 6.08ns
:27  %tmp_6_i_5 = fdiv float %A_read_5, %tmp_15

ST_23: tmp_6_i_6 [3/16] 6.08ns
:31  %tmp_6_i_6 = fdiv float %A_read_6, %tmp_16

ST_23: tmp_6_i_7 [4/16] 6.08ns
:35  %tmp_6_i_7 = fdiv float %A_read_7, %tmp_17


 <State 24>: 6.08ns
ST_24: stg_179 [1/1] 4.38ns
:24  call void @_ssdm_op_Write.ap_fifo.volatile.floatP(float* %C, float %tmp_6_i_4)

ST_24: tmp_6_i_5 [1/16] 6.08ns
:27  %tmp_6_i_5 = fdiv float %A_read_5, %tmp_15

ST_24: tmp_6_i_6 [2/16] 6.08ns
:31  %tmp_6_i_6 = fdiv float %A_read_6, %tmp_16

ST_24: tmp_6_i_7 [3/16] 6.08ns
:35  %tmp_6_i_7 = fdiv float %A_read_7, %tmp_17


 <State 25>: 6.08ns
ST_25: stg_183 [1/1] 4.38ns
:28  call void @_ssdm_op_Write.ap_fifo.volatile.floatP(float* %C, float %tmp_6_i_5)

ST_25: tmp_6_i_6 [1/16] 6.08ns
:31  %tmp_6_i_6 = fdiv float %A_read_6, %tmp_16

ST_25: tmp_6_i_7 [2/16] 6.08ns
:35  %tmp_6_i_7 = fdiv float %A_read_7, %tmp_17


 <State 26>: 6.08ns
ST_26: stg_186 [1/1] 4.38ns
:32  call void @_ssdm_op_Write.ap_fifo.volatile.floatP(float* %C, float %tmp_6_i_6)

ST_26: tmp_6_i_7 [1/16] 6.08ns
:35  %tmp_6_i_7 = fdiv float %A_read_7, %tmp_17


 <State 27>: 4.38ns
ST_27: empty [1/1] 0.00ns
:0  %empty = call i32 (...)* @_ssdm_op_SpecLoopTripCount(i64 8, i64 8, i64 8)

ST_27: stg_189 [1/1] 0.00ns
:1  call void (...)* @_ssdm_op_SpecLoopName([4 x i8]* @p_str8) nounwind

ST_27: tmp [1/1] 0.00ns
:2  %tmp = call i32 (...)* @_ssdm_op_SpecRegionBegin([4 x i8]* @p_str8)

ST_27: stg_191 [1/1] 0.00ns
:3  call void (...)* @_ssdm_op_SpecPipeline(i32 1, i32 1, i32 1, i32 0, [1 x i8]* @p_str12) nounwind

ST_27: stg_192 [1/1] 4.38ns
:36  call void @_ssdm_op_Write.ap_fifo.volatile.floatP(float* %C, float %tmp_6_i_7)

ST_27: empty_7 [1/1] 0.00ns
:37  %empty_7 = call i32 (...)* @_ssdm_op_SpecRegionEnd([4 x i8]* @p_str8, i32 %tmp)

ST_27: stg_194 [1/1] 0.00ns
:38  br label %0


 <State 28>: 0.00ns
ST_28: stg_195 [1/1] 0.00ns
DOT_Divide_.exit2.exitStub:0  ret void



============================================================
+ Verbose Summary: Binding
============================================================
STG Binding: 
---------------- STG Properties BEGIN ----------------
- Is combinational: 0
- Is one-state seq: 0
- Is datapath-only: 0
- Is clock enabled: 0
- Is pipelined: 0
- Is top level: 0
Port [ Return ] is wired: 1; IO mode=ap_ctrl_hs:ce=0
Port [ A]:  wired=1; compound=1; hidden=0; nouse=0; global=0; static=0; extern=0; dir=0; type=3; mode=0x9aa1e9f580; pingpong=0; private_global=0; IO mode=ap_fifo:ce=0
Port [ C]:  wired=1; compound=1; hidden=0; nouse=0; global=0; static=0; extern=0; dir=1; type=3; mode=0x9aa1e9e9b0; pingpong=0; private_global=0; IO mode=ap_fifo:ce=0
---------------- STG Properties END ------------------

---------------- Datapath Model BEGIN ----------------

<LifeTime>
<method=bitvector/>
stg_29        (specinterface    ) [ 00000000000000000000000000000]
stg_30        (specinterface    ) [ 00000000000000000000000000000]
stg_31        (br               ) [ 01111111111111111111111111110]
i_0_i_i       (phi              ) [ 00100000000000000000000000000]
exitcond1_i_i (icmp             ) [ 00111111111111111111111111110]
i             (add              ) [ 01111111111111111111111111110]
stg_35        (br               ) [ 00000000000000000000000000000]
tmp_18        (trunc            ) [ 00111111111100000000000000000]
A_read        (read             ) [ 00111111111111111111000000000]
tmp_s         (mux              ) [ 00111111111111111111000000000]
A_read_1      (read             ) [ 00111111111111111111100000000]
tmp_11        (mux              ) [ 00111111111111111111100000000]
A_read_2      (read             ) [ 00111111111111111111110000000]
tmp_12        (mux              ) [ 00111111111111111111110000000]
A_read_3      (read             ) [ 00111111111111111111111000000]
tmp_13        (mux              ) [ 00111111111111111111111000000]
A_read_4      (read             ) [ 00111111111111111111111100000]
tmp_14        (mux              ) [ 00111111111111111111111100000]
A_read_5      (read             ) [ 00111111111111111111111110000]
tmp_15        (mux              ) [ 00111111111111111111111110000]
A_read_6      (read             ) [ 00111111111111111111111111000]
tmp_16        (mux              ) [ 00111111110111111111111111000]
A_read_7      (read             ) [ 00111111110111111111111111100]
tmp_17        (mux              ) [ 00111111110011111111111111100]
tmp_6_i       (fdiv             ) [ 00001000000000000000100000000]
stg_153       (write            ) [ 00000000000000000000000000000]
tmp_6_i_1     (fdiv             ) [ 00000100000000000000010000000]
stg_161       (write            ) [ 00000000000000000000000000000]
tmp_6_i_2     (fdiv             ) [ 00000010000000000000001000000]
stg_168       (write            ) [ 00000000000000000000000000000]
tmp_6_i_3     (fdiv             ) [ 00000001000000000000000100000]
stg_174       (write            ) [ 00000000000000000000000000000]
tmp_6_i_4     (fdiv             ) [ 00000000100000000000000010000]
stg_179       (write            ) [ 00000000000000000000000000000]
tmp_6_i_5     (fdiv             ) [ 00000000010000000000000001000]
stg_183       (write            ) [ 00000000000000000000000000000]
tmp_6_i_6     (fdiv             ) [ 00100000000000000000000000100]
stg_186       (write            ) [ 00000000000000000000000000000]
tmp_6_i_7     (fdiv             ) [ 00010000000000000000000000010]
empty         (speclooptripcount) [ 00000000000000000000000000000]
stg_189       (specloopname     ) [ 00000000000000000000000000000]
tmp           (specregionbegin  ) [ 00000000000000000000000000000]
stg_191       (specpipeline     ) [ 00000000000000000000000000000]
stg_192       (write            ) [ 00000000000000000000000000000]
empty_7       (specregionend    ) [ 00000000000000000000000000000]
stg_194       (br               ) [ 01111111111111111111111111110]
stg_195       (ret              ) [ 00000000000000000000000000000]
</LifeTime>

<model>

<comp_list>
<comp id="0" class="1000" name="A">
<pin_list>
<pin id="1" dir="1" index="0" bw="1" slack="0"/>
</pin_list>
<bind>
<StgValue><ssdm name="A"/></StgValue>
</bind>
</comp>

<comp id="2" class="1000" name="C">
<pin_list>
<pin id="3" dir="1" index="0" bw="1" slack="0"/>
</pin_list>
<bind>
<StgValue><ssdm name="C"/></StgValue>
</bind>
</comp>

<comp id="4" class="1001" name="const_4">
<pin_list>
<pin id="5" dir="1" index="0" bw="1" slack="2147483647"/>
</pin_list>
<bind>
<StgValue><ssdm name="_ssdm_op_SpecInterface"/></StgValue>
</bind>
</comp>

<comp id="6" class="1001" name="const_6">
<pin_list>
<pin id="7" dir="1" index="0" bw="1" slack="2147483647"/>
</pin_list>
<bind>
<StgValue><ssdm name="p_str112"/></StgValue>
</bind>
</comp>

<comp id="8" class="1001" name="const_8">
<pin_list>
<pin id="9" dir="1" index="0" bw="1" slack="2147483647"/>
</pin_list>
<bind>
<StgValue><ssdm name=""/></StgValue>
</bind>
</comp>

<comp id="10" class="1001" name="const_10">
<pin_list>
<pin id="11" dir="1" index="0" bw="1" slack="2147483647"/>
</pin_list>
<bind>
<StgValue><ssdm name="p_str11"/></StgValue>
</bind>
</comp>

<comp id="12" class="1001" name="const_12">
<pin_list>
<pin id="13" dir="1" index="0" bw="1" slack="1"/>
</pin_list>
<bind>
<StgValue><ssdm name=""/></StgValue>
</bind>
</comp>

<comp id="14" class="1001" name="const_14">
<pin_list>
<pin id="15" dir="1" index="0" bw="1" slack="0"/>
</pin_list>
<bind>
<StgValue><ssdm name=""/></StgValue>
</bind>
</comp>

<comp id="16" class="1001" name="const_16">
<pin_list>
<pin id="17" dir="1" index="0" bw="1" slack="0"/>
</pin_list>
<bind>
<StgValue><ssdm name=""/></StgValue>
</bind>
</comp>

<comp id="18" class="1001" name="const_18">
<pin_list>
<pin id="19" dir="1" index="0" bw="1" slack="0"/>
</pin_list>
<bind>
<StgValue><ssdm name="_ssdm_op_Read.ap_fifo.volatile.floatP"/></StgValue>
</bind>
</comp>

<comp id="20" class="1001" name="const_20">
<pin_list>
<pin id="21" dir="1" index="0" bw="1" slack="0"/>
</pin_list>
<bind>
<StgValue><ssdm name="_ssdm_op_Mux.ap_auto.8float.i3"/></StgValue>
</bind>
</comp>

<comp id="22" class="1001" name="const_22">
<pin_list>
<pin id="23" dir="1" index="0" bw="1" slack="0"/>
</pin_list>
<bind>
<StgValue><ssdm name=""/></StgValue>
</bind>
</comp>

<comp id="24" class="1001" name="const_24">
<pin_list>
<pin id="25" dir="1" index="0" bw="1" slack="0"/>
</pin_list>
<bind>
<StgValue><ssdm name=""/></StgValue>
</bind>
</comp>

<comp id="26" class="1001" name="const_26">
<pin_list>
<pin id="27" dir="1" index="0" bw="1" slack="0"/>
</pin_list>
<bind>
<StgValue><ssdm name=""/></StgValue>
</bind>
</comp>

<comp id="28" class="1001" name="const_28">
<pin_list>
<pin id="29" dir="1" index="0" bw="1" slack="0"/>
</pin_list>
<bind>
<StgValue><ssdm name=""/></StgValue>
</bind>
</comp>

<comp id="30" class="1001" name="const_30">
<pin_list>
<pin id="31" dir="1" index="0" bw="1" slack="0"/>
</pin_list>
<bind>
<StgValue><ssdm name=""/></StgValue>
</bind>
</comp>

<comp id="32" class="1001" name="const_32">
<pin_list>
<pin id="33" dir="1" index="0" bw="1" slack="0"/>
</pin_list>
<bind>
<StgValue><ssdm name=""/></StgValue>
</bind>
</comp>

<comp id="34" class="1001" name="const_34">
<pin_list>
<pin id="35" dir="1" index="0" bw="1" slack="0"/>
</pin_list>
<bind>
<StgValue><ssdm name=""/></StgValue>
</bind>
</comp>

<comp id="36" class="1001" name="const_36">
<pin_list>
<pin id="37" dir="1" index="0" bw="1" slack="0"/>
</pin_list>
<bind>
<StgValue><ssdm name=""/></StgValue>
</bind>
</comp>

<comp id="38" class="1001" name="const_38">
<pin_list>
<pin id="39" dir="1" index="0" bw="1" slack="0"/>
</pin_list>
<bind>
<StgValue><ssdm name=""/></StgValue>
</bind>
</comp>

<comp id="40" class="1001" name="const_40">
<pin_list>
<pin id="41" dir="1" index="0" bw="1" slack="0"/>
</pin_list>
<bind>
<StgValue><ssdm name=""/></StgValue>
</bind>
</comp>

<comp id="42" class="1001" name="const_42">
<pin_list>
<pin id="43" dir="1" index="0" bw="1" slack="0"/>
</pin_list>
<bind>
<StgValue><ssdm name=""/></StgValue>
</bind>
</comp>

<comp id="44" class="1001" name="const_44">
<pin_list>
<pin id="45" dir="1" index="0" bw="1" slack="0"/>
</pin_list>
<bind>
<StgValue><ssdm name=""/></StgValue>
</bind>
</comp>

<comp id="46" class="1001" name="const_46">
<pin_list>
<pin id="47" dir="1" index="0" bw="1" slack="0"/>
</pin_list>
<bind>
<StgValue><ssdm name=""/></StgValue>
</bind>
</comp>

<comp id="48" class="1001" name="const_48">
<pin_list>
<pin id="49" dir="1" index="0" bw="1" slack="0"/>
</pin_list>
<bind>
<StgValue><ssdm name=""/></StgValue>
</bind>
</comp>

<comp id="50" class="1001" name="const_50">
<pin_list>
<pin id="51" dir="1" index="0" bw="1" slack="0"/>
</pin_list>
<bind>
<StgValue><ssdm name=""/></StgValue>
</bind>
</comp>

<comp id="52" class="1001" name="const_52">
<pin_list>
<pin id="53" dir="1" index="0" bw="1" slack="0"/>
</pin_list>
<bind>
<StgValue><ssdm name=""/></StgValue>
</bind>
</comp>

<comp id="54" class="1001" name="const_54">
<pin_list>
<pin id="55" dir="1" index="0" bw="1" slack="0"/>
</pin_list>
<bind>
<StgValue><ssdm name=""/></StgValue>
</bind>
</comp>

<comp id="56" class="1001" name="const_56">
<pin_list>
<pin id="57" dir="1" index="0" bw="1" slack="0"/>
</pin_list>
<bind>
<StgValue><ssdm name=""/></StgValue>
</bind>
</comp>

<comp id="58" class="1001" name="const_58">
<pin_list>
<pin id="59" dir="1" index="0" bw="1" slack="0"/>
</pin_list>
<bind>
<StgValue><ssdm name=""/></StgValue>
</bind>
</comp>

<comp id="60" class="1001" name="const_60">
<pin_list>
<pin id="61" dir="1" index="0" bw="1" slack="0"/>
</pin_list>
<bind>
<StgValue><ssdm name=""/></StgValue>
</bind>
</comp>

<comp id="62" class="1001" name="const_62">
<pin_list>
<pin id="63" dir="1" index="0" bw="1" slack="0"/>
</pin_list>
<bind>
<StgValue><ssdm name=""/></StgValue>
</bind>
</comp>

<comp id="64" class="1001" name="const_64">
<pin_list>
<pin id="65" dir="1" index="0" bw="1" slack="0"/>
</pin_list>
<bind>
<StgValue><ssdm name=""/></StgValue>
</bind>
</comp>

<comp id="66" class="1001" name="const_66">
<pin_list>
<pin id="67" dir="1" index="0" bw="1" slack="0"/>
</pin_list>
<bind>
<StgValue><ssdm name=""/></StgValue>
</bind>
</comp>

<comp id="68" class="1001" name="const_68">
<pin_list>
<pin id="69" dir="1" index="0" bw="1" slack="0"/>
</pin_list>
<bind>
<StgValue><ssdm name=""/></StgValue>
</bind>
</comp>

<comp id="70" class="1001" name="const_70">
<pin_list>
<pin id="71" dir="1" index="0" bw="1" slack="0"/>
</pin_list>
<bind>
<StgValue><ssdm name=""/></StgValue>
</bind>
</comp>

<comp id="72" class="1001" name="const_72">
<pin_list>
<pin id="73" dir="1" index="0" bw="1" slack="0"/>
</pin_list>
<bind>
<StgValue><ssdm name=""/></StgValue>
</bind>
</comp>

<comp id="74" class="1001" name="const_74">
<pin_list>
<pin id="75" dir="1" index="0" bw="1" slack="0"/>
</pin_list>
<bind>
<StgValue><ssdm name=""/></StgValue>
</bind>
</comp>

<comp id="76" class="1001" name="const_76">
<pin_list>
<pin id="77" dir="1" index="0" bw="1" slack="0"/>
</pin_list>
<bind>
<StgValue><ssdm name=""/></StgValue>
</bind>
</comp>

<comp id="78" class="1001" name="const_78">
<pin_list>
<pin id="79" dir="1" index="0" bw="1" slack="0"/>
</pin_list>
<bind>
<StgValue><ssdm name=""/></StgValue>
</bind>
</comp>

<comp id="80" class="1001" name="const_80">
<pin_list>
<pin id="81" dir="1" index="0" bw="1" slack="0"/>
</pin_list>
<bind>
<StgValue><ssdm name=""/></StgValue>
</bind>
</comp>

<comp id="82" class="1001" name="const_82">
<pin_list>
<pin id="83" dir="1" index="0" bw="1" slack="0"/>
</pin_list>
<bind>
<StgValue><ssdm name=""/></StgValue>
</bind>
</comp>

<comp id="84" class="1001" name="const_84">
<pin_list>
<pin id="85" dir="1" index="0" bw="1" slack="0"/>
</pin_list>
<bind>
<StgValue><ssdm name=""/></StgValue>
</bind>
</comp>

<comp id="86" class="1001" name="const_86">
<pin_list>
<pin id="87" dir="1" index="0" bw="1" slack="0"/>
</pin_list>
<bind>
<StgValue><ssdm name=""/></StgValue>
</bind>
</comp>

<comp id="88" class="1001" name="const_88">
<pin_list>
<pin id="89" dir="1" index="0" bw="1" slack="0"/>
</pin_list>
<bind>
<StgValue><ssdm name=""/></StgValue>
</bind>
</comp>

<comp id="90" class="1001" name="const_90">
<pin_list>
<pin id="91" dir="1" index="0" bw="1" slack="0"/>
</pin_list>
<bind>
<StgValue><ssdm name=""/></StgValue>
</bind>
</comp>

<comp id="92" class="1001" name="const_92">
<pin_list>
<pin id="93" dir="1" index="0" bw="1" slack="0"/>
</pin_list>
<bind>
<StgValue><ssdm name=""/></StgValue>
</bind>
</comp>

<comp id="94" class="1001" name="const_94">
<pin_list>
<pin id="95" dir="1" index="0" bw="1" slack="0"/>
</pin_list>
<bind>
<StgValue><ssdm name=""/></StgValue>
</bind>
</comp>

<comp id="96" class="1001" name="const_96">
<pin_list>
<pin id="97" dir="1" index="0" bw="1" slack="0"/>
</pin_list>
<bind>
<StgValue><ssdm name=""/></StgValue>
</bind>
</comp>

<comp id="98" class="1001" name="const_98">
<pin_list>
<pin id="99" dir="1" index="0" bw="1" slack="0"/>
</pin_list>
<bind>
<StgValue><ssdm name=""/></StgValue>
</bind>
</comp>

<comp id="100" class="1001" name="const_100">
<pin_list>
<pin id="101" dir="1" index="0" bw="1" slack="0"/>
</pin_list>
<bind>
<StgValue><ssdm name=""/></StgValue>
</bind>
</comp>

<comp id="102" class="1001" name="const_102">
<pin_list>
<pin id="103" dir="1" index="0" bw="1" slack="0"/>
</pin_list>
<bind>
<StgValue><ssdm name=""/></StgValue>
</bind>
</comp>

<comp id="104" class="1001" name="const_104">
<pin_list>
<pin id="105" dir="1" index="0" bw="1" slack="0"/>
</pin_list>
<bind>
<StgValue><ssdm name=""/></StgValue>
</bind>
</comp>

<comp id="106" class="1001" name="const_106">
<pin_list>
<pin id="107" dir="1" index="0" bw="1" slack="0"/>
</pin_list>
<bind>
<StgValue><ssdm name=""/></StgValue>
</bind>
</comp>

<comp id="108" class="1001" name="const_108">
<pin_list>
<pin id="109" dir="1" index="0" bw="1" slack="0"/>
</pin_list>
<bind>
<StgValue><ssdm name=""/></StgValue>
</bind>
</comp>

<comp id="110" class="1001" name="const_110">
<pin_list>
<pin id="111" dir="1" index="0" bw="1" slack="0"/>
</pin_list>
<bind>
<StgValue><ssdm name=""/></StgValue>
</bind>
</comp>

<comp id="112" class="1001" name="const_112">
<pin_list>
<pin id="113" dir="1" index="0" bw="1" slack="0"/>
</pin_list>
<bind>
<StgValue><ssdm name=""/></StgValue>
</bind>
</comp>

<comp id="114" class="1001" name="const_114">
<pin_list>
<pin id="115" dir="1" index="0" bw="1" slack="0"/>
</pin_list>
<bind>
<StgValue><ssdm name=""/></StgValue>
</bind>
</comp>

<comp id="116" class="1001" name="const_116">
<pin_list>
<pin id="117" dir="1" index="0" bw="1" slack="0"/>
</pin_list>
<bind>
<StgValue><ssdm name="_ssdm_op_Write.ap_fifo.volatile.floatP"/></StgValue>
</bind>
</comp>

<comp id="118" class="1001" name="const_118">
<pin_list>
<pin id="119" dir="1" index="0" bw="1" slack="2147483647"/>
</pin_list>
<bind>
<StgValue><ssdm name="_ssdm_op_SpecLoopTripCount"/></StgValue>
</bind>
</comp>

<comp id="120" class="1001" name="const_120">
<pin_list>
<pin id="121" dir="1" index="0" bw="1" slack="2147483647"/>
</pin_list>
<bind>
<StgValue><ssdm name=""/></StgValue>
</bind>
</comp>

<comp id="122" class="1001" name="const_122">
<pin_list>
<pin id="123" dir="1" index="0" bw="1" slack="2147483647"/>
</pin_list>
<bind>
<StgValue><ssdm name="_ssdm_op_SpecLoopName"/></StgValue>
</bind>
</comp>

<comp id="124" class="1001" name="const_124">
<pin_list>
<pin id="125" dir="1" index="0" bw="1" slack="2147483647"/>
</pin_list>
<bind>
<StgValue><ssdm name="p_str8"/></StgValue>
</bind>
</comp>

<comp id="126" class="1001" name="const_126">
<pin_list>
<pin id="127" dir="1" index="0" bw="1" slack="2147483647"/>
</pin_list>
<bind>
<StgValue><ssdm name="_ssdm_op_SpecRegionBegin"/></StgValue>
</bind>
</comp>

<comp id="128" class="1001" name="const_128">
<pin_list>
<pin id="129" dir="1" index="0" bw="1" slack="2147483647"/>
</pin_list>
<bind>
<StgValue><ssdm name="_ssdm_op_SpecPipeline"/></StgValue>
</bind>
</comp>

<comp id="130" class="1001" name="const_130">
<pin_list>
<pin id="131" dir="1" index="0" bw="1" slack="2147483647"/>
</pin_list>
<bind>
<StgValue><ssdm name=""/></StgValue>
</bind>
</comp>

<comp id="132" class="1001" name="const_132">
<pin_list>
<pin id="133" dir="1" index="0" bw="1" slack="2147483647"/>
</pin_list>
<bind>
<StgValue><ssdm name="p_str12"/></StgValue>
</bind>
</comp>

<comp id="134" class="1001" name="const_134">
<pin_list>
<pin id="135" dir="1" index="0" bw="1" slack="2147483647"/>
</pin_list>
<bind>
<StgValue><ssdm name="_ssdm_op_SpecRegionEnd"/></StgValue>
</bind>
</comp>

<comp id="136" class="1004" name="grp_read_fu_136">
<pin_list>
<pin id="137" dir="0" index="0" bw="32" slack="0"/>
<pin id="138" dir="0" index="1" bw="32" slack="0"/>
<pin id="139" dir="1" index="2" bw="32" slack="1"/>
</pin_list>
<bind>
<opcode="read(1150) " fcode="read"/>
<opset="A_read/3 A_read_1/4 A_read_2/5 A_read_3/6 A_read_4/7 A_read_5/8 A_read_6/9 A_read_7/10 "/>
</bind>
</comp>

<comp id="142" class="1004" name="grp_write_fu_142">
<pin_list>
<pin id="143" dir="0" index="0" bw="0" slack="0"/>
<pin id="144" dir="0" index="1" bw="32" slack="0"/>
<pin id="145" dir="0" index="2" bw="32" slack="1"/>
<pin id="146" dir="1" index="3" bw="0" slack="2147483647"/>
</pin_list>
<bind>
<opcode="write(1151) " fcode="write"/>
<opset="stg_153/20 stg_161/21 stg_168/22 stg_174/23 stg_179/24 stg_183/25 stg_186/26 stg_192/27 "/>
</bind>
</comp>

<comp id="149" class="1005" name="i_0_i_i_reg_149">
<pin_list>
<pin id="150" dir="0" index="0" bw="4" slack="1"/>
<pin id="151" dir="1" index="1" bw="4" slack="1"/>
</pin_list>
<bind>
<opset="i_0_i_i (phireg) "/>
</bind>
</comp>

<comp id="153" class="1004" name="i_0_i_i_phi_fu_153">
<pin_list>
<pin id="154" dir="0" index="0" bw="1" slack="1"/>
<pin id="155" dir="0" index="1" bw="0" slack="2147483647"/>
<pin id="156" dir="0" index="2" bw="4" slack="0"/>
<pin id="157" dir="0" index="3" bw="0" slack="2147483647"/>
<pin id="158" dir="1" index="4" bw="4" slack="0"/>
</pin_list>
<bind>
<opcode="phi(47) " fcode="phi"/>
<opset="i_0_i_i/2 "/>
</bind>
</comp>

<comp id="161" class="1004" name="grp_fu_161">
<pin_list>
<pin id="162" dir="0" index="0" bw="32" slack="1"/>
<pin id="163" dir="0" index="1" bw="32" slack="0"/>
<pin id="164" dir="1" index="2" bw="32" slack="1"/>
</pin_list>
<bind>
<opcode="fdiv(16) " fcode="fdiv"/>
<opset="tmp_6_i/4 tmp_6_i_1/5 tmp_6_i_2/6 tmp_6_i_3/7 tmp_6_i_4/8 tmp_6_i_5/9 tmp_6_i_6/10 tmp_6_i_7/11 "/>
</bind>
</comp>

<comp id="165" class="1005" name="reg_165">
<pin_list>
<pin id="166" dir="0" index="0" bw="32" slack="1"/>
<pin id="167" dir="1" index="1" bw="32" slack="1"/>
</pin_list>
<bind>
<opset="tmp_6_i tmp_6_i_1 tmp_6_i_2 tmp_6_i_3 tmp_6_i_4 tmp_6_i_5 tmp_6_i_6 tmp_6_i_7 "/>
</bind>
</comp>

<comp id="170" class="1004" name="exitcond1_i_i_fu_170">
<pin_list>
<pin id="171" dir="0" index="0" bw="4" slack="0"/>
<pin id="172" dir="0" index="1" bw="4" slack="0"/>
<pin id="173" dir="1" index="2" bw="1" slack="1"/>
</pin_list>
<bind>
<opcode="icmp(45) " fcode="icmp"/>
<opset="exitcond1_i_i/2 "/>
</bind>
</comp>

<comp id="176" class="1004" name="i_fu_176">
<pin_list>
<pin id="177" dir="0" index="0" bw="4" slack="0"/>
<pin id="178" dir="0" index="1" bw="1" slack="0"/>
<pin id="179" dir="1" index="2" bw="4" slack="0"/>
</pin_list>
<bind>
<opcode="add(8) " fcode="add"/>
<opset="i/2 "/>
</bind>
</comp>

<comp id="182" class="1004" name="tmp_18_fu_182">
<pin_list>
<pin id="183" dir="0" index="0" bw="4" slack="0"/>
<pin id="184" dir="1" index="1" bw="3" slack="2"/>
</pin_list>
<bind>
<opcode="trunc(33) " fcode="trunc"/>
<opset="tmp_18/2 "/>
</bind>
</comp>

<comp id="186" class="1004" name="tmp_s_fu_186">
<pin_list>
<pin id="187" dir="0" index="0" bw="32" slack="0"/>
<pin id="188" dir="0" index="1" bw="32" slack="0"/>
<pin id="189" dir="0" index="2" bw="32" slack="0"/>
<pin id="190" dir="0" index="3" bw="32" slack="0"/>
<pin id="191" dir="0" index="4" bw="32" slack="0"/>
<pin id="192" dir="0" index="5" bw="32" slack="0"/>
<pin id="193" dir="0" index="6" bw="32" slack="0"/>
<pin id="194" dir="0" index="7" bw="32" slack="0"/>
<pin id="195" dir="0" index="8" bw="32" slack="0"/>
<pin id="196" dir="0" index="9" bw="3" slack="2"/>
<pin id="197" dir="1" index="10" bw="32" slack="0"/>
</pin_list>
<bind>
<opcode="mux(1186) " fcode="mux"/>
<opset="tmp_s/4 "/>
</bind>
</comp>

<comp id="208" class="1004" name="tmp_11_fu_208">
<pin_list>
<pin id="209" dir="0" index="0" bw="32" slack="0"/>
<pin id="210" dir="0" index="1" bw="32" slack="0"/>
<pin id="211" dir="0" index="2" bw="32" slack="0"/>
<pin id="212" dir="0" index="3" bw="32" slack="0"/>
<pin id="213" dir="0" index="4" bw="32" slack="0"/>
<pin id="214" dir="0" index="5" bw="32" slack="0"/>
<pin id="215" dir="0" index="6" bw="32" slack="0"/>
<pin id="216" dir="0" index="7" bw="32" slack="0"/>
<pin id="217" dir="0" index="8" bw="32" slack="0"/>
<pin id="218" dir="0" index="9" bw="3" slack="3"/>
<pin id="219" dir="1" index="10" bw="32" slack="0"/>
</pin_list>
<bind>
<opcode="mux(1186) " fcode="mux"/>
<opset="tmp_11/5 "/>
</bind>
</comp>

<comp id="230" class="1004" name="tmp_12_fu_230">
<pin_list>
<pin id="231" dir="0" index="0" bw="32" slack="0"/>
<pin id="232" dir="0" index="1" bw="32" slack="0"/>
<pin id="233" dir="0" index="2" bw="32" slack="0"/>
<pin id="234" dir="0" index="3" bw="32" slack="0"/>
<pin id="235" dir="0" index="4" bw="32" slack="0"/>
<pin id="236" dir="0" index="5" bw="32" slack="0"/>
<pin id="237" dir="0" index="6" bw="32" slack="0"/>
<pin id="238" dir="0" index="7" bw="32" slack="0"/>
<pin id="239" dir="0" index="8" bw="32" slack="0"/>
<pin id="240" dir="0" index="9" bw="3" slack="4"/>
<pin id="241" dir="1" index="10" bw="32" slack="0"/>
</pin_list>
<bind>
<opcode="mux(1186) " fcode="mux"/>
<opset="tmp_12/6 "/>
</bind>
</comp>

<comp id="252" class="1004" name="tmp_13_fu_252">
<pin_list>
<pin id="253" dir="0" index="0" bw="32" slack="0"/>
<pin id="254" dir="0" index="1" bw="32" slack="0"/>
<pin id="255" dir="0" index="2" bw="32" slack="0"/>
<pin id="256" dir="0" index="3" bw="32" slack="0"/>
<pin id="257" dir="0" index="4" bw="32" slack="0"/>
<pin id="258" dir="0" index="5" bw="32" slack="0"/>
<pin id="259" dir="0" index="6" bw="32" slack="0"/>
<pin id="260" dir="0" index="7" bw="32" slack="0"/>
<pin id="261" dir="0" index="8" bw="32" slack="0"/>
<pin id="262" dir="0" index="9" bw="3" slack="5"/>
<pin id="263" dir="1" index="10" bw="32" slack="0"/>
</pin_list>
<bind>
<opcode="mux(1186) " fcode="mux"/>
<opset="tmp_13/7 "/>
</bind>
</comp>

<comp id="274" class="1004" name="tmp_14_fu_274">
<pin_list>
<pin id="275" dir="0" index="0" bw="32" slack="0"/>
<pin id="276" dir="0" index="1" bw="32" slack="0"/>
<pin id="277" dir="0" index="2" bw="32" slack="0"/>
<pin id="278" dir="0" index="3" bw="32" slack="0"/>
<pin id="279" dir="0" index="4" bw="32" slack="0"/>
<pin id="280" dir="0" index="5" bw="32" slack="0"/>
<pin id="281" dir="0" index="6" bw="32" slack="0"/>
<pin id="282" dir="0" index="7" bw="32" slack="0"/>
<pin id="283" dir="0" index="8" bw="32" slack="0"/>
<pin id="284" dir="0" index="9" bw="3" slack="6"/>
<pin id="285" dir="1" index="10" bw="32" slack="0"/>
</pin_list>
<bind>
<opcode="mux(1186) " fcode="mux"/>
<opset="tmp_14/8 "/>
</bind>
</comp>

<comp id="296" class="1004" name="tmp_15_fu_296">
<pin_list>
<pin id="297" dir="0" index="0" bw="32" slack="0"/>
<pin id="298" dir="0" index="1" bw="32" slack="0"/>
<pin id="299" dir="0" index="2" bw="32" slack="0"/>
<pin id="300" dir="0" index="3" bw="32" slack="0"/>
<pin id="301" dir="0" index="4" bw="32" slack="0"/>
<pin id="302" dir="0" index="5" bw="32" slack="0"/>
<pin id="303" dir="0" index="6" bw="32" slack="0"/>
<pin id="304" dir="0" index="7" bw="32" slack="0"/>
<pin id="305" dir="0" index="8" bw="32" slack="0"/>
<pin id="306" dir="0" index="9" bw="3" slack="7"/>
<pin id="307" dir="1" index="10" bw="32" slack="0"/>
</pin_list>
<bind>
<opcode="mux(1186) " fcode="mux"/>
<opset="tmp_15/9 "/>
</bind>
</comp>

<comp id="318" class="1004" name="tmp_16_fu_318">
<pin_list>
<pin id="319" dir="0" index="0" bw="32" slack="0"/>
<pin id="320" dir="0" index="1" bw="32" slack="0"/>
<pin id="321" dir="0" index="2" bw="32" slack="0"/>
<pin id="322" dir="0" index="3" bw="32" slack="0"/>
<pin id="323" dir="0" index="4" bw="32" slack="0"/>
<pin id="324" dir="0" index="5" bw="32" slack="0"/>
<pin id="325" dir="0" index="6" bw="32" slack="0"/>
<pin id="326" dir="0" index="7" bw="32" slack="0"/>
<pin id="327" dir="0" index="8" bw="32" slack="0"/>
<pin id="328" dir="0" index="9" bw="3" slack="8"/>
<pin id="329" dir="1" index="10" bw="32" slack="0"/>
</pin_list>
<bind>
<opcode="mux(1186) " fcode="mux"/>
<opset="tmp_16/10 "/>
</bind>
</comp>

<comp id="340" class="1004" name="tmp_17_fu_340">
<pin_list>
<pin id="341" dir="0" index="0" bw="32" slack="0"/>
<pin id="342" dir="0" index="1" bw="32" slack="0"/>
<pin id="343" dir="0" index="2" bw="32" slack="0"/>
<pin id="344" dir="0" index="3" bw="32" slack="0"/>
<pin id="345" dir="0" index="4" bw="32" slack="0"/>
<pin id="346" dir="0" index="5" bw="32" slack="0"/>
<pin id="347" dir="0" index="6" bw="32" slack="0"/>
<pin id="348" dir="0" index="7" bw="32" slack="0"/>
<pin id="349" dir="0" index="8" bw="32" slack="0"/>
<pin id="350" dir="0" index="9" bw="3" slack="9"/>
<pin id="351" dir="1" index="10" bw="32" slack="0"/>
</pin_list>
<bind>
<opcode="mux(1186) " fcode="mux"/>
<opset="tmp_17/11 "/>
</bind>
</comp>

<comp id="362" class="1005" name="exitcond1_i_i_reg_362">
<pin_list>
<pin id="363" dir="0" index="0" bw="1" slack="1"/>
<pin id="364" dir="1" index="1" bw="1" slack="2147483647"/>
</pin_list>
<bind>
<opset="exitcond1_i_i "/>
</bind>
</comp>

<comp id="366" class="1005" name="i_reg_366">
<pin_list>
<pin id="367" dir="0" index="0" bw="4" slack="0"/>
<pin id="368" dir="1" index="1" bw="4" slack="0"/>
</pin_list>
<bind>
<opset="i "/>
</bind>
</comp>

<comp id="371" class="1005" name="tmp_18_reg_371">
<pin_list>
<pin id="372" dir="0" index="0" bw="3" slack="2"/>
<pin id="373" dir="1" index="1" bw="3" slack="2"/>
</pin_list>
<bind>
<opset="tmp_18 "/>
</bind>
</comp>

<comp id="383" class="1005" name="A_read_reg_383">
<pin_list>
<pin id="384" dir="0" index="0" bw="32" slack="1"/>
<pin id="385" dir="1" index="1" bw="32" slack="1"/>
</pin_list>
<bind>
<opset="A_read "/>
</bind>
</comp>

<comp id="388" class="1005" name="tmp_s_reg_388">
<pin_list>
<pin id="389" dir="0" index="0" bw="32" slack="1"/>
<pin id="390" dir="1" index="1" bw="32" slack="1"/>
</pin_list>
<bind>
<opset="tmp_s "/>
</bind>
</comp>

<comp id="393" class="1005" name="A_read_1_reg_393">
<pin_list>
<pin id="394" dir="0" index="0" bw="32" slack="1"/>
<pin id="395" dir="1" index="1" bw="32" slack="1"/>
</pin_list>
<bind>
<opset="A_read_1 "/>
</bind>
</comp>

<comp id="398" class="1005" name="tmp_11_reg_398">
<pin_list>
<pin id="399" dir="0" index="0" bw="32" slack="1"/>
<pin id="400" dir="1" index="1" bw="32" slack="1"/>
</pin_list>
<bind>
<opset="tmp_11 "/>
</bind>
</comp>

<comp id="403" class="1005" name="A_read_2_reg_403">
<pin_list>
<pin id="404" dir="0" index="0" bw="32" slack="1"/>
<pin id="405" dir="1" index="1" bw="32" slack="1"/>
</pin_list>
<bind>
<opset="A_read_2 "/>
</bind>
</comp>

<comp id="408" class="1005" name="tmp_12_reg_408">
<pin_list>
<pin id="409" dir="0" index="0" bw="32" slack="1"/>
<pin id="410" dir="1" index="1" bw="32" slack="1"/>
</pin_list>
<bind>
<opset="tmp_12 "/>
</bind>
</comp>

<comp id="413" class="1005" name="A_read_3_reg_413">
<pin_list>
<pin id="414" dir="0" index="0" bw="32" slack="1"/>
<pin id="415" dir="1" index="1" bw="32" slack="1"/>
</pin_list>
<bind>
<opset="A_read_3 "/>
</bind>
</comp>

<comp id="418" class="1005" name="tmp_13_reg_418">
<pin_list>
<pin id="419" dir="0" index="0" bw="32" slack="1"/>
<pin id="420" dir="1" index="1" bw="32" slack="1"/>
</pin_list>
<bind>
<opset="tmp_13 "/>
</bind>
</comp>

<comp id="423" class="1005" name="A_read_4_reg_423">
<pin_list>
<pin id="424" dir="0" index="0" bw="32" slack="1"/>
<pin id="425" dir="1" index="1" bw="32" slack="1"/>
</pin_list>
<bind>
<opset="A_read_4 "/>
</bind>
</comp>

<comp id="428" class="1005" name="tmp_14_reg_428">
<pin_list>
<pin id="429" dir="0" index="0" bw="32" slack="1"/>
<pin id="430" dir="1" index="1" bw="32" slack="1"/>
</pin_list>
<bind>
<opset="tmp_14 "/>
</bind>
</comp>

<comp id="433" class="1005" name="A_read_5_reg_433">
<pin_list>
<pin id="434" dir="0" index="0" bw="32" slack="1"/>
<pin id="435" dir="1" index="1" bw="32" slack="1"/>
</pin_list>
<bind>
<opset="A_read_5 "/>
</bind>
</comp>

<comp id="438" class="1005" name="tmp_15_reg_438">
<pin_list>
<pin id="439" dir="0" index="0" bw="32" slack="1"/>
<pin id="440" dir="1" index="1" bw="32" slack="1"/>
</pin_list>
<bind>
<opset="tmp_15 "/>
</bind>
</comp>

<comp id="443" class="1005" name="A_read_6_reg_443">
<pin_list>
<pin id="444" dir="0" index="0" bw="32" slack="1"/>
<pin id="445" dir="1" index="1" bw="32" slack="1"/>
</pin_list>
<bind>
<opset="A_read_6 "/>
</bind>
</comp>

<comp id="448" class="1005" name="tmp_16_reg_448">
<pin_list>
<pin id="449" dir="0" index="0" bw="32" slack="1"/>
<pin id="450" dir="1" index="1" bw="32" slack="1"/>
</pin_list>
<bind>
<opset="tmp_16 "/>
</bind>
</comp>

<comp id="453" class="1005" name="A_read_7_reg_453">
<pin_list>
<pin id="454" dir="0" index="0" bw="32" slack="1"/>
<pin id="455" dir="1" index="1" bw="32" slack="1"/>
</pin_list>
<bind>
<opset="A_read_7 "/>
</bind>
</comp>

<comp id="458" class="1005" name="tmp_17_reg_458">
<pin_list>
<pin id="459" dir="0" index="0" bw="32" slack="1"/>
<pin id="460" dir="1" index="1" bw="32" slack="1"/>
</pin_list>
<bind>
<opset="tmp_17 "/>
</bind>
</comp>

</comp_list>

<net_list>
<net id="140"><net_src comp="18" pin="0"/><net_sink comp="136" pin=0"/></net>

<net id="141"><net_src comp="0" pin="0"/><net_sink comp="136" pin=1"/></net>

<net id="147"><net_src comp="116" pin="0"/><net_sink comp="142" pin=0"/></net>

<net id="148"><net_src comp="2" pin="0"/><net_sink comp="142" pin=1"/></net>

<net id="152"><net_src comp="12" pin="0"/><net_sink comp="149" pin=0"/></net>

<net id="159"><net_src comp="149" pin="1"/><net_sink comp="153" pin=0"/></net>

<net id="168"><net_src comp="161" pin="2"/><net_sink comp="165" pin=0"/></net>

<net id="169"><net_src comp="165" pin="1"/><net_sink comp="142" pin=2"/></net>

<net id="174"><net_src comp="153" pin="4"/><net_sink comp="170" pin=0"/></net>

<net id="175"><net_src comp="14" pin="0"/><net_sink comp="170" pin=1"/></net>

<net id="180"><net_src comp="153" pin="4"/><net_sink comp="176" pin=0"/></net>

<net id="181"><net_src comp="16" pin="0"/><net_sink comp="176" pin=1"/></net>

<net id="185"><net_src comp="153" pin="4"/><net_sink comp="182" pin=0"/></net>

<net id="198"><net_src comp="20" pin="0"/><net_sink comp="186" pin=0"/></net>

<net id="199"><net_src comp="22" pin="0"/><net_sink comp="186" pin=1"/></net>

<net id="200"><net_src comp="24" pin="0"/><net_sink comp="186" pin=2"/></net>

<net id="201"><net_src comp="26" pin="0"/><net_sink comp="186" pin=3"/></net>

<net id="202"><net_src comp="26" pin="0"/><net_sink comp="186" pin=4"/></net>

<net id="203"><net_src comp="28" pin="0"/><net_sink comp="186" pin=5"/></net>

<net id="204"><net_src comp="30" pin="0"/><net_sink comp="186" pin=6"/></net>

<net id="205"><net_src comp="32" pin="0"/><net_sink comp="186" pin=7"/></net>

<net id="206"><net_src comp="34" pin="0"/><net_sink comp="186" pin=8"/></net>

<net id="207"><net_src comp="186" pin="10"/><net_sink comp="161" pin=1"/></net>

<net id="220"><net_src comp="20" pin="0"/><net_sink comp="208" pin=0"/></net>

<net id="221"><net_src comp="36" pin="0"/><net_sink comp="208" pin=1"/></net>

<net id="222"><net_src comp="24" pin="0"/><net_sink comp="208" pin=2"/></net>

<net id="223"><net_src comp="38" pin="0"/><net_sink comp="208" pin=3"/></net>

<net id="224"><net_src comp="40" pin="0"/><net_sink comp="208" pin=4"/></net>

<net id="225"><net_src comp="42" pin="0"/><net_sink comp="208" pin=5"/></net>

<net id="226"><net_src comp="44" pin="0"/><net_sink comp="208" pin=6"/></net>

<net id="227"><net_src comp="46" pin="0"/><net_sink comp="208" pin=7"/></net>

<net id="228"><net_src comp="48" pin="0"/><net_sink comp="208" pin=8"/></net>

<net id="229"><net_src comp="208" pin="10"/><net_sink comp="161" pin=1"/></net>

<net id="242"><net_src comp="20" pin="0"/><net_sink comp="230" pin=0"/></net>

<net id="243"><net_src comp="50" pin="0"/><net_sink comp="230" pin=1"/></net>

<net id="244"><net_src comp="26" pin="0"/><net_sink comp="230" pin=2"/></net>

<net id="245"><net_src comp="22" pin="0"/><net_sink comp="230" pin=3"/></net>

<net id="246"><net_src comp="42" pin="0"/><net_sink comp="230" pin=4"/></net>

<net id="247"><net_src comp="52" pin="0"/><net_sink comp="230" pin=5"/></net>

<net id="248"><net_src comp="54" pin="0"/><net_sink comp="230" pin=6"/></net>

<net id="249"><net_src comp="56" pin="0"/><net_sink comp="230" pin=7"/></net>

<net id="250"><net_src comp="58" pin="0"/><net_sink comp="230" pin=8"/></net>

<net id="251"><net_src comp="230" pin="10"/><net_sink comp="161" pin=1"/></net>

<net id="264"><net_src comp="20" pin="0"/><net_sink comp="252" pin=0"/></net>

<net id="265"><net_src comp="22" pin="0"/><net_sink comp="252" pin=1"/></net>

<net id="266"><net_src comp="60" pin="0"/><net_sink comp="252" pin=2"/></net>

<net id="267"><net_src comp="30" pin="0"/><net_sink comp="252" pin=3"/></net>

<net id="268"><net_src comp="62" pin="0"/><net_sink comp="252" pin=4"/></net>

<net id="269"><net_src comp="64" pin="0"/><net_sink comp="252" pin=5"/></net>

<net id="270"><net_src comp="46" pin="0"/><net_sink comp="252" pin=6"/></net>

<net id="271"><net_src comp="66" pin="0"/><net_sink comp="252" pin=7"/></net>

<net id="272"><net_src comp="68" pin="0"/><net_sink comp="252" pin=8"/></net>

<net id="273"><net_src comp="252" pin="10"/><net_sink comp="161" pin=1"/></net>

<net id="286"><net_src comp="20" pin="0"/><net_sink comp="274" pin=0"/></net>

<net id="287"><net_src comp="30" pin="0"/><net_sink comp="274" pin=1"/></net>

<net id="288"><net_src comp="70" pin="0"/><net_sink comp="274" pin=2"/></net>

<net id="289"><net_src comp="72" pin="0"/><net_sink comp="274" pin=3"/></net>

<net id="290"><net_src comp="74" pin="0"/><net_sink comp="274" pin=4"/></net>

<net id="291"><net_src comp="76" pin="0"/><net_sink comp="274" pin=5"/></net>

<net id="292"><net_src comp="78" pin="0"/><net_sink comp="274" pin=6"/></net>

<net id="293"><net_src comp="80" pin="0"/><net_sink comp="274" pin=7"/></net>

<net id="294"><net_src comp="82" pin="0"/><net_sink comp="274" pin=8"/></net>

<net id="295"><net_src comp="274" pin="10"/><net_sink comp="161" pin=1"/></net>

<net id="308"><net_src comp="20" pin="0"/><net_sink comp="296" pin=0"/></net>

<net id="309"><net_src comp="72" pin="0"/><net_sink comp="296" pin=1"/></net>

<net id="310"><net_src comp="84" pin="0"/><net_sink comp="296" pin=2"/></net>

<net id="311"><net_src comp="86" pin="0"/><net_sink comp="296" pin=3"/></net>

<net id="312"><net_src comp="66" pin="0"/><net_sink comp="296" pin=4"/></net>

<net id="313"><net_src comp="88" pin="0"/><net_sink comp="296" pin=5"/></net>

<net id="314"><net_src comp="90" pin="0"/><net_sink comp="296" pin=6"/></net>

<net id="315"><net_src comp="92" pin="0"/><net_sink comp="296" pin=7"/></net>

<net id="316"><net_src comp="94" pin="0"/><net_sink comp="296" pin=8"/></net>

<net id="317"><net_src comp="296" pin="10"/><net_sink comp="161" pin=1"/></net>

<net id="330"><net_src comp="20" pin="0"/><net_sink comp="318" pin=0"/></net>

<net id="331"><net_src comp="74" pin="0"/><net_sink comp="318" pin=1"/></net>

<net id="332"><net_src comp="96" pin="0"/><net_sink comp="318" pin=2"/></net>

<net id="333"><net_src comp="98" pin="0"/><net_sink comp="318" pin=3"/></net>

<net id="334"><net_src comp="100" pin="0"/><net_sink comp="318" pin=4"/></net>

<net id="335"><net_src comp="80" pin="0"/><net_sink comp="318" pin=5"/></net>

<net id="336"><net_src comp="102" pin="0"/><net_sink comp="318" pin=6"/></net>

<net id="337"><net_src comp="104" pin="0"/><net_sink comp="318" pin=7"/></net>

<net id="338"><net_src comp="80" pin="0"/><net_sink comp="318" pin=8"/></net>

<net id="339"><net_src comp="318" pin="10"/><net_sink comp="161" pin=1"/></net>

<net id="352"><net_src comp="20" pin="0"/><net_sink comp="340" pin=0"/></net>

<net id="353"><net_src comp="106" pin="0"/><net_sink comp="340" pin=1"/></net>

<net id="354"><net_src comp="54" pin="0"/><net_sink comp="340" pin=2"/></net>

<net id="355"><net_src comp="64" pin="0"/><net_sink comp="340" pin=3"/></net>

<net id="356"><net_src comp="108" pin="0"/><net_sink comp="340" pin=4"/></net>

<net id="357"><net_src comp="110" pin="0"/><net_sink comp="340" pin=5"/></net>

<net id="358"><net_src comp="48" pin="0"/><net_sink comp="340" pin=6"/></net>

<net id="359"><net_src comp="112" pin="0"/><net_sink comp="340" pin=7"/></net>

<net id="360"><net_src comp="114" pin="0"/><net_sink comp="340" pin=8"/></net>

<net id="361"><net_src comp="340" pin="10"/><net_sink comp="161" pin=1"/></net>

<net id="365"><net_src comp="170" pin="2"/><net_sink comp="362" pin=0"/></net>

<net id="369"><net_src comp="176" pin="2"/><net_sink comp="366" pin=0"/></net>

<net id="370"><net_src comp="366" pin="1"/><net_sink comp="153" pin=2"/></net>

<net id="374"><net_src comp="182" pin="1"/><net_sink comp="371" pin=0"/></net>

<net id="375"><net_src comp="371" pin="1"/><net_sink comp="186" pin=9"/></net>

<net id="376"><net_src comp="371" pin="1"/><net_sink comp="208" pin=9"/></net>

<net id="377"><net_src comp="371" pin="1"/><net_sink comp="230" pin=9"/></net>

<net id="378"><net_src comp="371" pin="1"/><net_sink comp="252" pin=9"/></net>

<net id="379"><net_src comp="371" pin="1"/><net_sink comp="274" pin=9"/></net>

<net id="380"><net_src comp="371" pin="1"/><net_sink comp="296" pin=9"/></net>

<net id="381"><net_src comp="371" pin="1"/><net_sink comp="318" pin=9"/></net>

<net id="382"><net_src comp="371" pin="1"/><net_sink comp="340" pin=9"/></net>

<net id="386"><net_src comp="136" pin="2"/><net_sink comp="383" pin=0"/></net>

<net id="387"><net_src comp="383" pin="1"/><net_sink comp="161" pin=0"/></net>

<net id="391"><net_src comp="186" pin="10"/><net_sink comp="388" pin=0"/></net>

<net id="392"><net_src comp="388" pin="1"/><net_sink comp="161" pin=1"/></net>

<net id="396"><net_src comp="136" pin="2"/><net_sink comp="393" pin=0"/></net>

<net id="397"><net_src comp="393" pin="1"/><net_sink comp="161" pin=0"/></net>

<net id="401"><net_src comp="208" pin="10"/><net_sink comp="398" pin=0"/></net>

<net id="402"><net_src comp="398" pin="1"/><net_sink comp="161" pin=1"/></net>

<net id="406"><net_src comp="136" pin="2"/><net_sink comp="403" pin=0"/></net>

<net id="407"><net_src comp="403" pin="1"/><net_sink comp="161" pin=0"/></net>

<net id="411"><net_src comp="230" pin="10"/><net_sink comp="408" pin=0"/></net>

<net id="412"><net_src comp="408" pin="1"/><net_sink comp="161" pin=1"/></net>

<net id="416"><net_src comp="136" pin="2"/><net_sink comp="413" pin=0"/></net>

<net id="417"><net_src comp="413" pin="1"/><net_sink comp="161" pin=0"/></net>

<net id="421"><net_src comp="252" pin="10"/><net_sink comp="418" pin=0"/></net>

<net id="422"><net_src comp="418" pin="1"/><net_sink comp="161" pin=1"/></net>

<net id="426"><net_src comp="136" pin="2"/><net_sink comp="423" pin=0"/></net>

<net id="427"><net_src comp="423" pin="1"/><net_sink comp="161" pin=0"/></net>

<net id="431"><net_src comp="274" pin="10"/><net_sink comp="428" pin=0"/></net>

<net id="432"><net_src comp="428" pin="1"/><net_sink comp="161" pin=1"/></net>

<net id="436"><net_src comp="136" pin="2"/><net_sink comp="433" pin=0"/></net>

<net id="437"><net_src comp="433" pin="1"/><net_sink comp="161" pin=0"/></net>

<net id="441"><net_src comp="296" pin="10"/><net_sink comp="438" pin=0"/></net>

<net id="442"><net_src comp="438" pin="1"/><net_sink comp="161" pin=1"/></net>

<net id="446"><net_src comp="136" pin="2"/><net_sink comp="443" pin=0"/></net>

<net id="447"><net_src comp="443" pin="1"/><net_sink comp="161" pin=0"/></net>

<net id="451"><net_src comp="318" pin="10"/><net_sink comp="448" pin=0"/></net>

<net id="452"><net_src comp="448" pin="1"/><net_sink comp="161" pin=1"/></net>

<net id="456"><net_src comp="136" pin="2"/><net_sink comp="453" pin=0"/></net>

<net id="457"><net_src comp="453" pin="1"/><net_sink comp="161" pin=0"/></net>

<net id="461"><net_src comp="340" pin="10"/><net_sink comp="458" pin=0"/></net>

<net id="462"><net_src comp="458" pin="1"/><net_sink comp="161" pin=1"/></net>

</net_list>

</model> 
---------------- Datapath Model END ------------------

* FSMD analyzer results:
  - Output states:
	Port: C | {20 21 22 23 24 25 26 27 }
  - Chain level:
	State 1
	State 2
		exitcond1_i_i : 1
		i : 1
		stg_35 : 2
		tmp_18 : 1
	State 3
	State 4
		tmp_6_i : 1
	State 5
		tmp_6_i_1 : 1
	State 6
		tmp_6_i_2 : 1
	State 7
		tmp_6_i_3 : 1
	State 8
		tmp_6_i_4 : 1
	State 9
		tmp_6_i_5 : 1
	State 10
		tmp_6_i_6 : 1
	State 11
		tmp_6_i_7 : 1
	State 12
	State 13
	State 14
	State 15
	State 16
	State 17
	State 18
	State 19
	State 20
	State 21
	State 22
	State 23
	State 24
	State 25
	State 26
	State 27
		empty_7 : 1
	State 28


============================================================
+ Verbose Summary: Datapath Resource usage 
============================================================

* Functional unit list:
|----------|----------------------|---------|---------|---------|
| Operation|    Functional Unit   |  DSP48E |    FF   |   LUT   |
|----------|----------------------|---------|---------|---------|
|   fdiv   |      grp_fu_161      |    0    |   761   |   994   |
|----------|----------------------|---------|---------|---------|
|          |     tmp_s_fu_186     |    0    |    32   |    64   |
|          |     tmp_11_fu_208    |    0    |    32   |    64   |
|          |     tmp_12_fu_230    |    0    |    32   |    64   |
|    mux   |     tmp_13_fu_252    |    0    |    32   |    64   |
|          |     tmp_14_fu_274    |    0    |    32   |    64   |
|          |     tmp_15_fu_296    |    0    |    32   |    64   |
|          |     tmp_16_fu_318    |    0    |    32   |    64   |
|          |     tmp_17_fu_340    |    0    |    32   |    64   |
|----------|----------------------|---------|---------|---------|
|    add   |       i_fu_176       |    0    |    0    |    4    |
|----------|----------------------|---------|---------|---------|
|   icmp   | exitcond1_i_i_fu_170 |    0    |    0    |    2    |
|----------|----------------------|---------|---------|---------|
|   read   |    grp_read_fu_136   |    0    |    0    |    0    |
|----------|----------------------|---------|---------|---------|
|   write  |   grp_write_fu_142   |    0    |    0    |    0    |
|----------|----------------------|---------|---------|---------|
|   trunc  |     tmp_18_fu_182    |    0    |    0    |    0    |
|----------|----------------------|---------|---------|---------|
|   Total  |                      |    0    |   1017  |   1512  |
|----------|----------------------|---------|---------|---------|

Memories:
N/A

* Register list:
+---------------------+--------+
|                     |   FF   |
+---------------------+--------+
|   A_read_1_reg_393  |   32   |
|   A_read_2_reg_403  |   32   |
|   A_read_3_reg_413  |   32   |
|   A_read_4_reg_423  |   32   |
|   A_read_5_reg_433  |   32   |
|   A_read_6_reg_443  |   32   |
|   A_read_7_reg_453  |   32   |
|    A_read_reg_383   |   32   |
|exitcond1_i_i_reg_362|    1   |
|   i_0_i_i_reg_149   |    4   |
|      i_reg_366      |    4   |
|       reg_165       |   32   |
|    tmp_11_reg_398   |   32   |
|    tmp_12_reg_408   |   32   |
|    tmp_13_reg_418   |   32   |
|    tmp_14_reg_428   |   32   |
|    tmp_15_reg_438   |   32   |
|    tmp_16_reg_448   |   32   |
|    tmp_17_reg_458   |   32   |
|    tmp_18_reg_371   |    3   |
|    tmp_s_reg_388    |   32   |
+---------------------+--------+
|        Total        |   556  |
+---------------------+--------+

* Multiplexer (MUX) list: 
|------------|------|------|------|--------||---------||---------|
|    Comp    |  Pin | Size |  BW  | S x BW ||  Delay  ||   LUT   |
|------------|------|------|------|--------||---------||---------|
| grp_fu_161 |  p0  |   8  |  32  |   256  ||    64   |
| grp_fu_161 |  p1  |  16  |  32  |   512  ||   160   |
|------------|------|------|------|--------||---------||---------|
|    Total   |      |      |      |   768  ||  4.174  ||   224   |
|------------|------|------|------|--------||---------||---------|



* Summary:
+-----------+--------+--------+--------+--------+
|           | DSP48E |  Delay |   FF   |   LUT  |
+-----------+--------+--------+--------+--------+
|  Function |    0   |    -   |  1017  |  1512  |
|   Memory  |    -   |    -   |    -   |    -   |
|Multiplexer|    -   |    4   |    -   |   224  |
|  Register |    -   |    -   |   556  |    -   |
+-----------+--------+--------+--------+--------+
|   Total   |    0   |    4   |  1573  |  1736  |
+-----------+--------+--------+--------+--------+
