Copyright 1986-2015 Xilinx, Inc. All Rights Reserved.
-------------------------------------------------------------------------------------------------------------------------
| Tool Version     : Vivado v.2015.1 (win64) Build 1215546 Mon Apr 27 19:22:08 MDT 2015
| Date             : Mon Sep 21 20:54:21 2015
| Host             : zombie running 64-bit Service Pack 1  (build 7601)
| Command          : report_power -file partA_wrapper_power_routed.rpt -pb partA_wrapper_power_summary_routed.pb
| Design           : partA_wrapper
| Device           : xc7z020clg484-1
| Design State     : Routed
| Grade            : commercial
| Process          : typical
| Characterization : Production
-------------------------------------------------------------------------------------------------------------------------

Power Report

Table of Contents
-----------------
1. Summary
1.1 On-Chip Components
1.2 Power Supply Summary
1.3 Confidence Level
2. Settings
2.1 Environment
2.2 Clock Constraints
3. Detailed Reports
3.1 By Hierarchy

1. Summary
----------

+--------------------------+-------+
| Total On-Chip Power (W)  | 1.740 |
| Dynamic (W)              | 1.581 |
| Device Static (W)        | 0.159 |
| Effective TJA (C/W)      | 11.5  |
| Max Ambient (C)          | 64.9  |
| Junction Temperature (C) | 45.1  |
| Confidence Level         | Low   |
| Setting File             | ---   |
| Simulation Activity File | ---   |
| Design Nets Matched      | NA    |
+--------------------------+-------+


1.1 On-Chip Components
----------------------

+-------------------------+-----------+----------+-----------+-----------------+
| On-Chip                 | Power (W) | Used     | Available | Utilization (%) |
+-------------------------+-----------+----------+-----------+-----------------+
| Clocks                  |     0.008 |        3 |       --- |             --- |
| Slice Logic             |     0.003 |     5971 |       --- |             --- |
|   LUT as Logic          |     0.003 |     2148 |     53200 |            4.04 |
|   Register              |    <0.001 |     2715 |    106400 |            2.55 |
|   CARRY4                |    <0.001 |       36 |     13300 |            0.27 |
|   BUFG                  |    <0.001 |        2 |        32 |            6.25 |
|   F7/F8 Muxes           |    <0.001 |      119 |     53200 |            0.22 |
|   LUT as Shift Register |    <0.001 |       64 |     17400 |            0.37 |
|   Others                |     0.000 |      236 |       --- |             --- |
| Signals                 |     0.003 |     5368 |       --- |             --- |
| Block RAM               |     0.036 |      8.5 |       140 |            6.07 |
| I/O                     |     0.002 |       24 |       200 |           12.00 |
| PS7                     |     1.529 |        1 |       --- |             --- |
| Static Power            |     0.159 |          |           |                 |
| Total                   |     1.740 |          |           |                 |
+-------------------------+-----------+----------+-----------+-----------------+


1.2 Power Supply Summary
------------------------

+-----------+-------------+-----------+-------------+------------+
| Source    | Voltage (V) | Total (A) | Dynamic (A) | Static (A) |
+-----------+-------------+-----------+-------------+------------+
| Vccint    |       1.000 |     0.063 |       0.047 |      0.015 |
| Vccaux    |       1.800 |     0.021 |       0.000 |      0.021 |
| Vcco33    |       3.300 |     0.002 |       0.001 |      0.001 |
| Vcco25    |       2.500 |     0.000 |       0.000 |      0.000 |
| Vcco18    |       1.800 |     0.001 |       0.000 |      0.001 |
| Vcco15    |       1.500 |     0.001 |       0.000 |      0.001 |
| Vcco135   |       1.350 |     0.000 |       0.000 |      0.000 |
| Vcco12    |       1.200 |     0.000 |       0.000 |      0.000 |
| Vccaux_io |       1.800 |     0.000 |       0.000 |      0.000 |
| Vccbram   |       1.000 |     0.004 |       0.003 |      0.001 |
| MGTAVcc   |       1.000 |     0.000 |       0.000 |      0.000 |
| MGTAVtt   |       1.200 |     0.000 |       0.000 |      0.000 |
| MGTVccaux |       1.800 |     0.000 |       0.000 |      0.000 |
| Vccpint   |       1.000 |     0.749 |       0.718 |      0.031 |
| Vccpaux   |       1.800 |     0.061 |       0.051 |      0.010 |
| Vccpll    |       1.800 |     0.017 |       0.014 |      0.003 |
| Vcco_ddr  |       1.500 |     0.459 |       0.457 |      0.002 |
| Vcco_mio0 |       3.300 |     0.003 |       0.002 |      0.001 |
| Vcco_mio1 |       1.800 |     0.003 |       0.002 |      0.001 |
| Vccadc    |       1.800 |     0.020 |       0.000 |      0.020 |
+-----------+-------------+-----------+-------------+------------+


1.3 Confidence Level
--------------------

+-----------------------------+------------+--------------------------------------------------------+--------------------------------------------------------------------------------------------------------------------+
| User Input Data             | Confidence | Details                                                | Action                                                                                                             |
+-----------------------------+------------+--------------------------------------------------------+--------------------------------------------------------------------------------------------------------------------+
| Design implementation state | High       | Design is routed                                       |                                                                                                                    |
| Clock nodes activity        | Low        | User specified less than 75% of clocks                 | Provide missing clock activity with a constraint file, simulation results or by editing the "By Clock Domain" view |
| I/O nodes activity          | Low        | More than 75% of inputs are missing user specification | Provide missing input activity with simulation results or by editing the "By Resource Type -> I/Os" view           |
| Internal nodes activity     | Medium     | User specified less than 25% of internal nodes         | Provide missing internal nodes activity with simulation results or by editing the "By Resource Type" views         |
| Device models               | High       | Device models are Production                           |                                                                                                                    |
|                             |            |                                                        |                                                                                                                    |
| Overall confidence level    | Low        |                                                        |                                                                                                                    |
+-----------------------------+------------+--------------------------------------------------------+--------------------------------------------------------------------------------------------------------------------+


2. Settings
-----------

2.1 Environment
---------------

+-----------------------+------------------------+
| Ambient Temp (C)      | 25.0                   |
| ThetaJA (C/W)         | 11.5                   |
| Airflow (LFM)         | 250                    |
| Heat Sink             | none                   |
| ThetaSA (C/W)         | 0.0                    |
| Board Selection       | medium (10"x10")       |
| # of Board Layers     | 8to11 (8 to 11 Layers) |
| Board Temperature (C) | 25.0                   |
+-----------------------+------------------------+


2.2 Clock Constraints
---------------------

+------------+----------------------------------------------------------+-----------------+
| Clock      | Domain                                                   | Constraint (ns) |
+------------+----------------------------------------------------------+-----------------+
| clk_fpga_0 | partA_i/processing_system7_0/inst/FCLK_CLK_unbuffered[0] |            10.0 |
+------------+----------------------------------------------------------+-----------------+


3. Detailed Reports
-------------------

3.1 By Hierarchy
----------------

+----------------------------------------------------------+-----------+
| Name                                                     | Power (W) |
+----------------------------------------------------------+-----------+
| partA_wrapper                                            |     1.581 |
|   partA_i                                                |     1.578 |
|     OLED_ip_0                                            |     0.007 |
|       inst                                               |     0.007 |
|         Example                                          |     0.005 |
|           CHAR_LIB_COMP                                  |    <0.001 |
|             U0                                           |    <0.001 |
|               inst_blk_mem_gen                           |    <0.001 |
|                 gnativebmg.native_blk_mem_gen            |    <0.001 |
|                   valid.cstr                             |    <0.001 |
|                     ramloop[0].ram.r                     |    <0.001 |
|                       prim_init.ram                      |    <0.001 |
|           DELAY_COMP                                     |    <0.001 |
|           SPI_COMP                                       |    <0.001 |
|         Init                                             |     0.002 |
|           DELAY_COMP                                     |    <0.001 |
|           SPI_COMP                                       |    <0.001 |
|     axi_gpio_0                                           |     0.002 |
|       U0                                                 |     0.002 |
|         AXI_LITE_IPIF_I                                  |    <0.001 |
|           I_SLAVE_ATTACHMENT                             |    <0.001 |
|             I_DECODER                                    |    <0.001 |
|         gpio_core_1                                      |    <0.001 |
|     blk_mem_gen_0                                        |     0.035 |
|       U0                                                 |     0.035 |
|         inst_blk_mem_gen                                 |     0.035 |
|           gnative_mem_map_bmg.native_mem_map_blk_mem_gen |     0.035 |
|             valid.cstr                                   |     0.035 |
|               ramloop[0].ram.r                           |     0.004 |
|                 prim_noinit.ram                          |     0.004 |
|               ramloop[1].ram.r                           |     0.004 |
|                 prim_noinit.ram                          |     0.004 |
|               ramloop[2].ram.r                           |     0.004 |
|                 prim_noinit.ram                          |     0.004 |
|               ramloop[3].ram.r                           |     0.004 |
|                 prim_noinit.ram                          |     0.004 |
|               ramloop[4].ram.r                           |     0.004 |
|                 prim_noinit.ram                          |     0.004 |
|               ramloop[5].ram.r                           |     0.004 |
|                 prim_noinit.ram                          |     0.004 |
|               ramloop[6].ram.r                           |     0.004 |
|                 prim_noinit.ram                          |     0.004 |
|               ramloop[7].ram.r                           |     0.004 |
|                 prim_noinit.ram                          |     0.004 |
|     processing_system7_0                                 |     1.530 |
|       inst                                               |     1.530 |
|     processing_system7_0_axi_periph                      |     0.005 |
|       s00_couplers                                       |     0.005 |
|         auto_pc                                          |     0.005 |
|           inst                                           |     0.005 |
|             gen_axilite.gen_b2s_conv.axilite_b2s         |     0.005 |
|               RD.ar_channel_0                            |    <0.001 |
|                 ar_cmd_fsm_0                             |    <0.001 |
|                 cmd_translator_0                         |    <0.001 |
|                   incr_cmd_0                             |    <0.001 |
|                   wrap_cmd_0                             |    <0.001 |
|               RD.r_channel_0                             |     0.002 |
|                 rd_data_fifo_0                           |     0.001 |
|                 transaction_fifo_0                       |    <0.001 |
|               SI_REG                                     |     0.001 |
|                 ar_pipe                                  |    <0.001 |
|                 aw_pipe                                  |    <0.001 |
|                 b_pipe                                   |    <0.001 |
|                 r_pipe                                   |    <0.001 |
|               WR.aw_channel_0                            |    <0.001 |
|                 aw_cmd_fsm_0                             |    <0.001 |
|                 cmd_translator_0                         |    <0.001 |
|                   incr_cmd_0                             |    <0.001 |
|                   wrap_cmd_0                             |    <0.001 |
|               WR.b_channel_0                             |    <0.001 |
|                 bid_fifo_0                               |    <0.001 |
|                 bresp_fifo_0                             |    <0.001 |
|     rst_processing_system7_0_100M                        |    <0.001 |
|       U0                                                 |    <0.001 |
|         EXT_LPF                                          |    <0.001 |
|           ACTIVE_LOW_EXT.ACT_LO_EXT                      |    <0.001 |
|         SEQ                                              |    <0.001 |
|           SEQ_COUNTER                                    |    <0.001 |
+----------------------------------------------------------+-----------+


