Copyright 1986-2015 Xilinx, Inc. All Rights Reserved.
------------------------------------------------------------------------------------------------
| Tool Version      : Vivado v.2015.1 (win64) Build 1215546 Mon Apr 27 19:22:08 MDT 2015
| Date              : Tue Sep 22 23:30:01 2015
| Host              : zombie running 64-bit Service Pack 1  (build 7601)
| Command           : report_clock_utilization -file partA_wrapper_clock_utilization_routed.rpt
| Design            : partA_wrapper
| Device            : 7z020-clg484
| Speed File        : -1  PRODUCTION 1.11 2014-09-11
| Temperature Grade : C
------------------------------------------------------------------------------------------------

Clock Utilization Report

Table of Contents
-----------------
1. Clock Primitive Utilization
2. Details of Global Clocks
3. Details of Regional Clocks
4. Details of Multi-Regional Clocks
5. Details of I/O Clocks
6. Details of Local Clocks
7. Clock Regions : Key Resource Utilization
8. Net wise resources used in clock region X0Y0
9. Net wise resources used in clock region X1Y0
10. Net wise resources used in clock region X0Y1
11. Net wise resources used in clock region X1Y1
12. Net wise resources used in clock region X0Y2
13. Net wise resources used in clock region X1Y2

1. Clock Primitive Utilization
------------------------------

+-------+------+-----------+-----------+
| Type  | Used | Available | Num Fixed |
+-------+------+-----------+-----------+
| BUFG  |    5 |        32 |         0 |
| BUFH  |    0 |        72 |         0 |
| BUFIO |    0 |        16 |         0 |
| MMCM  |    0 |         4 |         0 |
| PLL   |    0 |         4 |         0 |
| BUFR  |    0 |        16 |         0 |
| BUFMR |    0 |         8 |         0 |
+-------+------+-----------+-----------+


2. Details of Global Clocks
---------------------------

+-------+---------------------------------------------------------------------+---------------------------------------------+--------------+-------+
|       |                                                                     |                                             |   Num Loads  |       |
+-------+---------------------------------------------------------------------+---------------------------------------------+------+-------+-------+
| Index | BUFG Cell                                                           | Net Name                                    | BELs | Sites | Fixed |
+-------+---------------------------------------------------------------------+---------------------------------------------+------+-------+-------+
|     1 | n_3_85_BUFG_inst                                                    | n_3_85_BUFG                                 |   34 |    16 |    no |
|     2 | n_2_69_BUFG_inst                                                    | n_2_69_BUFG                                 |   64 |    22 |    no |
|     3 | n_1_73_BUFG_inst                                                    | n_1_73_BUFG                                 |  512 |   149 |    no |
|     4 | n_0_1_BUFG_inst                                                     | n_0_1_BUFG                                  |  514 |   185 |    no |
|     5 | partA_i/processing_system7_0/inst/buffer_fclk_clk_0.FCLK_CLK_0_BUFG | partA_i/processing_system7_0/inst/FCLK_CLK0 | 1881 |   646 |    no |
+-------+---------------------------------------------------------------------+---------------------------------------------+------+-------+-------+


3. Details of Regional Clocks
-----------------------------

4. Details of Multi-Regional Clocks
-----------------------------------

5. Details of I/O Clocks
------------------------

6. Details of Local Clocks
--------------------------

+-------+-------------------------------+-----------------------------------+--------------+-------+
|       |                               |                                   |   Num Loads  |       |
+-------+-------------------------------+-----------------------------------+------+-------+-------+
| Index | Local Clk Src                 | Net Name                          | BELs | Sites | Fixed |
+-------+-------------------------------+-----------------------------------+------+-------+-------+
|     1 | bramRead1InitDone_reg_i_2     | bramRead1InitDone_reg_i_2_n_4     |    1 |     1 |    no |
|     2 | bramRead2InitDone_reg_i_1     | bramRead2InitDone_reg_i_1_n_4     |    1 |     1 |    no |
|     3 | bramWriteDone_reg_i_2         | bramWriteDone_reg_i_2_n_4         |    1 |     1 |    no |
|     4 | delayRamRead1Done_reg_i_1     | delayRamRead1Done_reg_i_1_n_4     |    1 |     1 |    no |
|     5 | newDispPageSet_reg_i_1        | newDispPageSet_reg_i_1_n_4        |    1 |     1 |    no |
|     6 | parsingDone_reg_i_2           | parsingDone_reg_i_2_n_4           |    1 |     1 |    no |
|     7 | reg_ps_w_reg_i_1              | reg_ps_w_reg_i_1_n_4              |    1 |     1 |    no |
|     8 | screenUpdated_reg_i_1         | screenUpdated_reg_i_1_n_4         |    1 |     1 |    no |
|     9 | sendDone_reg_i_1              | sendDone_reg_i_1_n_4              |    1 |     1 |    no |
|    10 | delayRamReadCnt_reg[2]_i_2    | delayRamReadCnt_reg[2]_i_2_n_4    |    3 |     1 |    no |
|    11 | reg_out_leds_reg[3]_i_1       | p_0_out[3]                        |    5 |     3 |    no |
|    12 | reg_read_back_data_reg[7]_i_2 | reg_read_back_data_reg[7]_i_2_n_4 |    8 |     4 |    no |
+-------+-------------------------------+-----------------------------------+------+-------+-------+


7. Clock Regions : Key Resource Utilization
-------------------------------------------

+-------------------+--------------+--------------+--------------+--------------+--------------+--------------+--------------+--------------+--------------+--------------+--------------+--------------+--------------+--------------+--------------+
|                   | Global Clock |     BUFRs    |    BUFMRs    |    BUFIOs    |     MMCM     |      PLL     |      GT      |      PCI     |    ILOGIC    |    OLOGIC    |      FF      |     LUTM     |    RAMB18    |    RAMB36    |    DSP48E1   |
+-------------------+------+-------+------+-------+------+-------+------+-------+------+-------+------+-------+------+-------+------+-------+------+-------+------+-------+------+-------+------+-------+------+-------+------+-------+------+-------+
| Clock Region Name | Used | Avail | Used | Avail | Used | Avail | Used | Avail | Used | Avail | Used | Avail | Used | Avail | Used | Avail | Used | Avail | Used | Avail | Used | Avail | Used | Avail | Used | Avail | Used | Avail | Used | Avail |
+-------------------+------+-------+------+-------+------+-------+------+-------+------+-------+------+-------+------+-------+------+-------+------+-------+------+-------+------+-------+------+-------+------+-------+------+-------+------+-------+
| X0Y0              |    1 |    12 |    0 |     4 |    0 |     2 |    0 |     4 |    0 |     1 |    0 |     1 |    0 |     0 |    0 |     0 |    0 |    50 |    0 |    50 |  243 | 20000 |    0 |  4000 |    0 |    60 |    0 |    30 |    0 |    60 |
| X1Y0              |    1 |    12 |    0 |     4 |    0 |     2 |    0 |     4 |    0 |     1 |    0 |     1 |    0 |     0 |    0 |     0 |    0 |    50 |    0 |    50 |   10 | 25600 |    0 |  3400 |    0 |    60 |    0 |    30 |    0 |    40 |
| X0Y1              |    1 |    12 |    0 |     0 |    0 |     0 |    0 |     0 |    0 |     0 |    0 |     0 |    0 |     0 |    0 |     0 |    0 |     0 |    0 |     0 | 1501 |  9600 |   61 |  1600 |    0 |    20 |    4 |    10 |    0 |    20 |
| X1Y1              |    1 |    12 |    0 |     4 |    0 |     2 |    0 |     4 |    0 |     1 |    0 |     1 |    0 |     0 |    0 |     0 |    0 |    50 |    0 |    50 | 1018 | 20800 |    0 |  3400 |    1 |    60 |    4 |    30 |    0 |    40 |
| X0Y2              |    1 |    12 |    0 |     0 |    0 |     0 |    0 |     0 |    0 |     0 |    0 |     0 |    0 |     0 |    0 |     0 |    0 |     0 |    0 |     0 |  170 |  9600 |    9 |  1600 |    0 |    20 |    0 |    10 |    0 |    20 |
| X1Y2              |    1 |    12 |    0 |     4 |    0 |     2 |    0 |     4 |    0 |     1 |    0 |     1 |    0 |     0 |    0 |     0 |    0 |    50 |    0 |    50 |    8 | 20800 |    0 |  3400 |    0 |    60 |    0 |    30 |    0 |    40 |
+-------------------+------+-------+------+-------+------+-------+------+-------+------+-------+------+-------+------+-------+------+-------+------+-------+------+-------+------+-------+------+-------+------+-------+------+-------+------+-------+
* RAMB36 site can be used as two RAMB18/FIFO18 sites.


8. Net wise resources used in clock region X0Y0
-----------------------------------------------

+-------------+-------------+-------+-----------+----------+---------+-----------+---------+---------+-----+-------+----------+---------------------------------------------+
| Source Type | BUFHCE Site | Fixed | MMCM Pins | PLL Pins | GT Pins | BRAM Pins | ILOGICs | OLOGICs | FFs | LUTMs | DSP48E1s |                Clock Net Name               |
+-------------+-------------+-------+-----------+----------+---------+-----------+---------+---------+-----+-------+----------+---------------------------------------------+
| BUFG        | BUFHCE_X0Y8 |   no  |         0 |        0 |       0 |         0 |       0 |       0 | 243 |     0 |        0 | partA_i/processing_system7_0/inst/FCLK_CLK0 |
+-------------+-------------+-------+-----------+----------+---------+-----------+---------+---------+-----+-------+----------+---------------------------------------------+


9. Net wise resources used in clock region X1Y0
-----------------------------------------------

+-------------+-------------+-------+-----------+----------+---------+-----------+---------+---------+-----+-------+----------+---------------------------------------------+
| Source Type | BUFHCE Site | Fixed | MMCM Pins | PLL Pins | GT Pins | BRAM Pins | ILOGICs | OLOGICs | FFs | LUTMs | DSP48E1s |                Clock Net Name               |
+-------------+-------------+-------+-----------+----------+---------+-----------+---------+---------+-----+-------+----------+---------------------------------------------+
| BUFG        | BUFHCE_X1Y8 |   no  |         0 |        0 |       0 |         0 |       0 |       0 |   6 |     0 |        0 | partA_i/processing_system7_0/inst/FCLK_CLK0 |
+-------------+-------------+-------+-----------+----------+---------+-----------+---------+---------+-----+-------+----------+---------------------------------------------+


10. Net wise resources used in clock region X0Y1
------------------------------------------------

+-------------+--------------+-------+-----------+----------+---------+-----------+---------+---------+-----+-------+----------+---------------------------------------------+
| Source Type | BUFHCE Site  | Fixed | MMCM Pins | PLL Pins | GT Pins | BRAM Pins | ILOGICs | OLOGICs | FFs | LUTMs | DSP48E1s |                Clock Net Name               |
+-------------+--------------+-------+-----------+----------+---------+-----------+---------+---------+-----+-------+----------+---------------------------------------------+
| BUFG        | BUFHCE_X0Y12 |   no  |         0 |        0 |       0 |         8 |       0 |       0 | 993 |    61 |        0 | partA_i/processing_system7_0/inst/FCLK_CLK0 |
+-------------+--------------+-------+-----------+----------+---------+-----------+---------+---------+-----+-------+----------+---------------------------------------------+


11. Net wise resources used in clock region X1Y1
------------------------------------------------

+-------------+--------------+-------+-----------+----------+---------+-----------+---------+---------+-----+-------+----------+---------------------------------------------+
| Source Type | BUFHCE Site  | Fixed | MMCM Pins | PLL Pins | GT Pins | BRAM Pins | ILOGICs | OLOGICs | FFs | LUTMs | DSP48E1s |                Clock Net Name               |
+-------------+--------------+-------+-----------+----------+---------+-----------+---------+---------+-----+-------+----------+---------------------------------------------+
| BUFG        | BUFHCE_X1Y23 |   no  |         0 |        0 |       0 |        10 |       0 |       0 | 381 |     0 |        0 | partA_i/processing_system7_0/inst/FCLK_CLK0 |
+-------------+--------------+-------+-----------+----------+---------+-----------+---------+---------+-----+-------+----------+---------------------------------------------+


12. Net wise resources used in clock region X0Y2
------------------------------------------------

+-------------+--------------+-------+-----------+----------+---------+-----------+---------+---------+-----+-------+----------+---------------------------------------------+
| Source Type | BUFHCE Site  | Fixed | MMCM Pins | PLL Pins | GT Pins | BRAM Pins | ILOGICs | OLOGICs | FFs | LUTMs | DSP48E1s |                Clock Net Name               |
+-------------+--------------+-------+-----------+----------+---------+-----------+---------+---------+-----+-------+----------+---------------------------------------------+
| BUFG        | BUFHCE_X0Y32 |   no  |         0 |        0 |       0 |         0 |       0 |       0 | 170 |     9 |        0 | partA_i/processing_system7_0/inst/FCLK_CLK0 |
+-------------+--------------+-------+-----------+----------+---------+-----------+---------+---------+-----+-------+----------+---------------------------------------------+


13. Net wise resources used in clock region X1Y2
------------------------------------------------

+-------------+--------------+-------+-----------+----------+---------+-----------+---------+---------+-----+-------+----------+---------------------------------------------+
| Source Type | BUFHCE Site  | Fixed | MMCM Pins | PLL Pins | GT Pins | BRAM Pins | ILOGICs | OLOGICs | FFs | LUTMs | DSP48E1s |                Clock Net Name               |
+-------------+--------------+-------+-----------+----------+---------+-----------+---------+---------+-----+-------+----------+---------------------------------------------+
| BUFG        | BUFHCE_X1Y32 |   no  |         0 |        0 |       0 |         0 |       0 |       0 |   8 |     0 |        0 | partA_i/processing_system7_0/inst/FCLK_CLK0 |
+-------------+--------------+-------+-----------+----------+---------+-----------+---------+---------+-----+-------+----------+---------------------------------------------+



# Location of BUFG Primitives 
set_property LOC BUFGCTRL_X0Y0 [get_cells n_0_1_BUFG_inst]
set_property LOC BUFGCTRL_X0Y1 [get_cells n_1_73_BUFG_inst]
set_property LOC BUFGCTRL_X0Y2 [get_cells n_2_69_BUFG_inst]
set_property LOC BUFGCTRL_X0Y3 [get_cells n_3_85_BUFG_inst]
set_property LOC BUFGCTRL_X0Y16 [get_cells partA_i/processing_system7_0/inst/buffer_fclk_clk_0.FCLK_CLK_0_BUFG]

# Location of IO Clock Primitives

# Location of MMCM Clock Primitives

# Location of BUFH Clock Primitives

# Location of BUFR Clock Primitives

# Location of BUFMR Clock Primitives

# Location of PLL Clock Primitives

# Location of IO Primitives which is load of clock spine

# Location of clock ports

# Clock net "bramRead1InitDone_reg_i_2_n_4" driven by instance "bramRead1InitDone_reg_i_2" located at site "SLICE_X57Y78"
#startgroup
create_pblock {CLKAG_bramRead1InitDone_reg_i_2_n_4}
add_cells_to_pblock [get_pblocks  {CLKAG_bramRead1InitDone_reg_i_2_n_4}] [get_cells -filter { PRIMITIVE_GROUP != I/O && IS_PRIMITIVE==1 && PRIMITIVE_LEVEL !=INTERNAL } -of_object [get_pins -filter {DIRECTION==IN} -of_objects [get_nets -hierarchical -filter {PARENT=="bramRead1InitDone_reg_i_2_n_4"}]]]
resize_pblock [get_pblocks {CLKAG_bramRead1InitDone_reg_i_2_n_4}] -add {CLOCKREGION_X1Y1:CLOCKREGION_X1Y1}
#endgroup

# Clock net "bramRead2InitDone_reg_i_1_n_4" driven by instance "bramRead2InitDone_reg_i_1" located at site "SLICE_X65Y75"
#startgroup
create_pblock {CLKAG_bramRead2InitDone_reg_i_1_n_4}
add_cells_to_pblock [get_pblocks  {CLKAG_bramRead2InitDone_reg_i_1_n_4}] [get_cells -filter { PRIMITIVE_GROUP != I/O && IS_PRIMITIVE==1 && PRIMITIVE_LEVEL !=INTERNAL } -of_object [get_pins -filter {DIRECTION==IN} -of_objects [get_nets -hierarchical -filter {PARENT=="bramRead2InitDone_reg_i_1_n_4"}]]]
resize_pblock [get_pblocks {CLKAG_bramRead2InitDone_reg_i_1_n_4}] -add {CLOCKREGION_X1Y1:CLOCKREGION_X1Y1}
#endgroup

# Clock net "bramWriteDone_reg_i_2_n_4" driven by instance "bramWriteDone_reg_i_2" located at site "SLICE_X57Y68"
#startgroup
create_pblock {CLKAG_bramWriteDone_reg_i_2_n_4}
add_cells_to_pblock [get_pblocks  {CLKAG_bramWriteDone_reg_i_2_n_4}] [get_cells -filter { PRIMITIVE_GROUP != I/O && IS_PRIMITIVE==1 && PRIMITIVE_LEVEL !=INTERNAL } -of_object [get_pins -filter {DIRECTION==IN} -of_objects [get_nets -hierarchical -filter {PARENT=="bramWriteDone_reg_i_2_n_4"}]]]
resize_pblock [get_pblocks {CLKAG_bramWriteDone_reg_i_2_n_4}] -add {CLOCKREGION_X1Y1:CLOCKREGION_X1Y1}
#endgroup

# Clock net "delayRamRead1Done_reg_i_1_n_4" driven by instance "delayRamRead1Done_reg_i_1" located at site "SLICE_X62Y79"
#startgroup
create_pblock {CLKAG_delayRamRead1Done_reg_i_1_n_4}
add_cells_to_pblock [get_pblocks  {CLKAG_delayRamRead1Done_reg_i_1_n_4}] [get_cells -filter { PRIMITIVE_GROUP != I/O && IS_PRIMITIVE==1 && PRIMITIVE_LEVEL !=INTERNAL } -of_object [get_pins -filter {DIRECTION==IN} -of_objects [get_nets -hierarchical -filter {PARENT=="delayRamRead1Done_reg_i_1_n_4"}]]]
resize_pblock [get_pblocks {CLKAG_delayRamRead1Done_reg_i_1_n_4}] -add {CLOCKREGION_X1Y1:CLOCKREGION_X1Y1}
#endgroup

# Clock net "delayRamReadCnt_reg[2]_i_2_n_4" driven by instance "delayRamReadCnt_reg[2]_i_2" located at site "SLICE_X62Y75"
#startgroup
create_pblock {CLKAG_delayRamReadCnt_reg[2]_i_2_n_4}
add_cells_to_pblock [get_pblocks  {CLKAG_delayRamReadCnt_reg[2]_i_2_n_4}] [get_cells -filter { PRIMITIVE_GROUP != I/O && IS_PRIMITIVE==1 && PRIMITIVE_LEVEL !=INTERNAL } -of_object [get_pins -filter {DIRECTION==IN} -of_objects [get_nets -hierarchical -filter {PARENT=="delayRamReadCnt_reg[2]_i_2_n_4"}]]]
resize_pblock [get_pblocks {CLKAG_delayRamReadCnt_reg[2]_i_2_n_4}] -add {CLOCKREGION_X1Y1:CLOCKREGION_X1Y1}
#endgroup

# Clock net "n_0_1_BUFG" driven by instance "n_0_1_BUFG_inst" located at site "BUFGCTRL_X0Y0"
#startgroup
create_pblock {CLKAG_n_0_1_BUFG}
add_cells_to_pblock [get_pblocks  {CLKAG_n_0_1_BUFG}] [get_cells -filter { PRIMITIVE_GROUP != I/O && IS_PRIMITIVE==1 && PRIMITIVE_LEVEL !=INTERNAL } -of_object [get_pins -filter {DIRECTION==IN} -of_objects [get_nets -hierarchical -filter {PARENT=="n_0_1_BUFG"}]]]
resize_pblock [get_pblocks {CLKAG_n_0_1_BUFG}] -add {CLOCKREGION_X0Y1:CLOCKREGION_X0Y1 CLOCKREGION_X1Y1:CLOCKREGION_X1Y1}
#endgroup

# Clock net "n_1_73_BUFG" driven by instance "n_1_73_BUFG_inst" located at site "BUFGCTRL_X0Y1"
#startgroup
create_pblock {CLKAG_n_1_73_BUFG}
add_cells_to_pblock [get_pblocks  {CLKAG_n_1_73_BUFG}] [get_cells -filter { PRIMITIVE_GROUP != I/O && IS_PRIMITIVE==1 && PRIMITIVE_LEVEL !=INTERNAL } -of_object [get_pins -filter {DIRECTION==IN} -of_objects [get_nets -hierarchical -filter {PARENT=="n_1_73_BUFG"}]]]
resize_pblock [get_pblocks {CLKAG_n_1_73_BUFG}] -add {CLOCKREGION_X0Y1:CLOCKREGION_X0Y1 CLOCKREGION_X1Y1:CLOCKREGION_X1Y1}
#endgroup

# Clock net "n_2_69_BUFG" driven by instance "n_2_69_BUFG_inst" located at site "BUFGCTRL_X0Y2"
#startgroup
create_pblock {CLKAG_n_2_69_BUFG}
add_cells_to_pblock [get_pblocks  {CLKAG_n_2_69_BUFG}] [get_cells -filter { PRIMITIVE_GROUP != I/O && IS_PRIMITIVE==1 && PRIMITIVE_LEVEL !=INTERNAL } -of_object [get_pins -filter {DIRECTION==IN} -of_objects [get_nets -hierarchical -filter {PARENT=="n_2_69_BUFG"}]]]
resize_pblock [get_pblocks {CLKAG_n_2_69_BUFG}] -add {CLOCKREGION_X0Y1:CLOCKREGION_X0Y1 CLOCKREGION_X1Y1:CLOCKREGION_X1Y1}
#endgroup

# Clock net "n_3_85_BUFG" driven by instance "n_3_85_BUFG_inst" located at site "BUFGCTRL_X0Y3"
#startgroup
create_pblock {CLKAG_n_3_85_BUFG}
add_cells_to_pblock [get_pblocks  {CLKAG_n_3_85_BUFG}] [get_cells -filter { PRIMITIVE_GROUP != I/O && IS_PRIMITIVE==1 && PRIMITIVE_LEVEL !=INTERNAL } -of_object [get_pins -filter {DIRECTION==IN} -of_objects [get_nets -hierarchical -filter {PARENT=="n_3_85_BUFG"}]]]
resize_pblock [get_pblocks {CLKAG_n_3_85_BUFG}] -add {CLOCKREGION_X0Y1:CLOCKREGION_X0Y1}
#endgroup

# Clock net "newDispPageSet_reg_i_1_n_4" driven by instance "newDispPageSet_reg_i_1" located at site "SLICE_X59Y66"
#startgroup
create_pblock {CLKAG_newDispPageSet_reg_i_1_n_4}
add_cells_to_pblock [get_pblocks  {CLKAG_newDispPageSet_reg_i_1_n_4}] [get_cells -filter { PRIMITIVE_GROUP != I/O && IS_PRIMITIVE==1 && PRIMITIVE_LEVEL !=INTERNAL } -of_object [get_pins -filter {DIRECTION==IN} -of_objects [get_nets -hierarchical -filter {PARENT=="newDispPageSet_reg_i_1_n_4"}]]]
resize_pblock [get_pblocks {CLKAG_newDispPageSet_reg_i_1_n_4}] -add {CLOCKREGION_X1Y1:CLOCKREGION_X1Y1}
#endgroup

# Clock net "p_0_out[3]" driven by instance "reg_out_leds_reg[3]_i_1" located at site "SLICE_X51Y61"
#startgroup
create_pblock {CLKAG_p_0_out[3]}
add_cells_to_pblock [get_pblocks  {CLKAG_p_0_out[3]}] [get_cells -filter { PRIMITIVE_GROUP != I/O && IS_PRIMITIVE==1 && PRIMITIVE_LEVEL !=INTERNAL } -of_object [get_pins -filter {DIRECTION==IN} -of_objects [get_nets -hierarchical -filter {PARENT=="p_0_out[3]"}]]]
resize_pblock [get_pblocks {CLKAG_p_0_out[3]}] -add {CLOCKREGION_X1Y0:CLOCKREGION_X1Y0 CLOCKREGION_X1Y1:CLOCKREGION_X1Y1}
#endgroup

# Clock net "parsingDone_reg_i_2_n_4" driven by instance "parsingDone_reg_i_2" located at site "SLICE_X60Y77"
#startgroup
create_pblock {CLKAG_parsingDone_reg_i_2_n_4}
add_cells_to_pblock [get_pblocks  {CLKAG_parsingDone_reg_i_2_n_4}] [get_cells -filter { PRIMITIVE_GROUP != I/O && IS_PRIMITIVE==1 && PRIMITIVE_LEVEL !=INTERNAL } -of_object [get_pins -filter {DIRECTION==IN} -of_objects [get_nets -hierarchical -filter {PARENT=="parsingDone_reg_i_2_n_4"}]]]
resize_pblock [get_pblocks {CLKAG_parsingDone_reg_i_2_n_4}] -add {CLOCKREGION_X1Y1:CLOCKREGION_X1Y1}
#endgroup

# Clock net "partA_i/processing_system7_0/inst/FCLK_CLK0" driven by instance "partA_i/processing_system7_0/inst/buffer_fclk_clk_0.FCLK_CLK_0_BUFG" located at site "BUFGCTRL_X0Y16"
#startgroup
create_pblock {CLKAG_partA_i/processing_system7_0/inst/FCLK_CLK0}
add_cells_to_pblock [get_pblocks  {CLKAG_partA_i/processing_system7_0/inst/FCLK_CLK0}] [get_cells -filter { PRIMITIVE_GROUP != I/O && IS_PRIMITIVE==1 && PRIMITIVE_LEVEL !=INTERNAL } -of_object [get_pins -filter {DIRECTION==IN} -of_objects [get_nets -hierarchical -filter {PARENT=="partA_i/processing_system7_0/inst/FCLK_CLK0"}]]]
resize_pblock [get_pblocks {CLKAG_partA_i/processing_system7_0/inst/FCLK_CLK0}] -add {CLOCKREGION_X0Y0:CLOCKREGION_X0Y0 CLOCKREGION_X0Y1:CLOCKREGION_X0Y1 CLOCKREGION_X0Y2:CLOCKREGION_X0Y2 CLOCKREGION_X1Y0:CLOCKREGION_X1Y0 CLOCKREGION_X1Y1:CLOCKREGION_X1Y1 CLOCKREGION_X1Y2:CLOCKREGION_X1Y2}
#endgroup

# Clock net "reg_ps_w_reg_i_1_n_4" driven by instance "reg_ps_w_reg_i_1" located at site "SLICE_X56Y79"
#startgroup
create_pblock {CLKAG_reg_ps_w_reg_i_1_n_4}
add_cells_to_pblock [get_pblocks  {CLKAG_reg_ps_w_reg_i_1_n_4}] [get_cells -filter { PRIMITIVE_GROUP != I/O && IS_PRIMITIVE==1 && PRIMITIVE_LEVEL !=INTERNAL } -of_object [get_pins -filter {DIRECTION==IN} -of_objects [get_nets -hierarchical -filter {PARENT=="reg_ps_w_reg_i_1_n_4"}]]]
resize_pblock [get_pblocks {CLKAG_reg_ps_w_reg_i_1_n_4}] -add {CLOCKREGION_X1Y1:CLOCKREGION_X1Y1}
#endgroup

# Clock net "reg_read_back_data_reg[7]_i_2_n_4" driven by instance "reg_read_back_data_reg[7]_i_2" located at site "SLICE_X54Y78"
#startgroup
create_pblock {CLKAG_reg_read_back_data_reg[7]_i_2_n_4}
add_cells_to_pblock [get_pblocks  {CLKAG_reg_read_back_data_reg[7]_i_2_n_4}] [get_cells -filter { PRIMITIVE_GROUP != I/O && IS_PRIMITIVE==1 && PRIMITIVE_LEVEL !=INTERNAL } -of_object [get_pins -filter {DIRECTION==IN} -of_objects [get_nets -hierarchical -filter {PARENT=="reg_read_back_data_reg[7]_i_2_n_4"}]]]
resize_pblock [get_pblocks {CLKAG_reg_read_back_data_reg[7]_i_2_n_4}] -add {CLOCKREGION_X0Y1:CLOCKREGION_X0Y1}
#endgroup

# Clock net "screenUpdated_reg_i_1_n_4" driven by instance "screenUpdated_reg_i_1" located at site "SLICE_X62Y77"
#startgroup
create_pblock {CLKAG_screenUpdated_reg_i_1_n_4}
add_cells_to_pblock [get_pblocks  {CLKAG_screenUpdated_reg_i_1_n_4}] [get_cells -filter { PRIMITIVE_GROUP != I/O && IS_PRIMITIVE==1 && PRIMITIVE_LEVEL !=INTERNAL } -of_object [get_pins -filter {DIRECTION==IN} -of_objects [get_nets -hierarchical -filter {PARENT=="screenUpdated_reg_i_1_n_4"}]]]
resize_pblock [get_pblocks {CLKAG_screenUpdated_reg_i_1_n_4}] -add {CLOCKREGION_X1Y1:CLOCKREGION_X1Y1}
#endgroup

# Clock net "sendDone_reg_i_1_n_4" driven by instance "sendDone_reg_i_1" located at site "SLICE_X59Y78"
#startgroup
create_pblock {CLKAG_sendDone_reg_i_1_n_4}
add_cells_to_pblock [get_pblocks  {CLKAG_sendDone_reg_i_1_n_4}] [get_cells -filter { PRIMITIVE_GROUP != I/O && IS_PRIMITIVE==1 && PRIMITIVE_LEVEL !=INTERNAL } -of_object [get_pins -filter {DIRECTION==IN} -of_objects [get_nets -hierarchical -filter {PARENT=="sendDone_reg_i_1_n_4"}]]]
resize_pblock [get_pblocks {CLKAG_sendDone_reg_i_1_n_4}] -add {CLOCKREGION_X1Y1:CLOCKREGION_X1Y1}
#endgroup
