
*** Running vivado
    with args -log partA_wrapper.vdi -applog -m64 -messageDb vivado.pb -mode batch -source partA_wrapper.tcl -notrace


****** Vivado v2015.1 (64-bit)
  **** SW Build 1215546 on Mon Apr 27 19:22:08 MDT 2015
  **** IP Build 1209967 on Tue Apr 21 11:39:20 MDT 2015
    ** Copyright 1986-2015 Xilinx, Inc. All Rights Reserved.

source partA_wrapper.tcl -notrace
Design is defaulting to srcset: sources_1
Design is defaulting to constrset: constrs_1
INFO: [Netlist 29-17] Analyzing 54 Unisim elements for replacement
INFO: [Netlist 29-28] Unisim Transformation completed in 0 CPU seconds
INFO: [Project 1-479] Netlist was created with Vivado 2015.1
INFO: [Device 21-403] Loading part xc7z020clg484-1
INFO: [Project 1-570] Preparing netlist for logic optimization
Parsing XDC File [e:/Ubuntu_source_code_data/ECE_527_MP/mp2/partA/partA.srcs/sources_1/bd/partA/ip/partA_processing_system7_0_0/partA_processing_system7_0_0.xdc] for cell 'partA_i/processing_system7_0/inst'
Finished Parsing XDC File [e:/Ubuntu_source_code_data/ECE_527_MP/mp2/partA/partA.srcs/sources_1/bd/partA/ip/partA_processing_system7_0_0/partA_processing_system7_0_0.xdc] for cell 'partA_i/processing_system7_0/inst'
Parsing XDC File [e:/Ubuntu_source_code_data/ECE_527_MP/mp2/partA/partA.srcs/sources_1/bd/partA/ip/partA_axi_gpio_0_0/partA_axi_gpio_0_0_board.xdc] for cell 'partA_i/axi_gpio_0/U0'
Finished Parsing XDC File [e:/Ubuntu_source_code_data/ECE_527_MP/mp2/partA/partA.srcs/sources_1/bd/partA/ip/partA_axi_gpio_0_0/partA_axi_gpio_0_0_board.xdc] for cell 'partA_i/axi_gpio_0/U0'
Parsing XDC File [e:/Ubuntu_source_code_data/ECE_527_MP/mp2/partA/partA.srcs/sources_1/bd/partA/ip/partA_axi_gpio_0_0/partA_axi_gpio_0_0.xdc] for cell 'partA_i/axi_gpio_0/U0'
Finished Parsing XDC File [e:/Ubuntu_source_code_data/ECE_527_MP/mp2/partA/partA.srcs/sources_1/bd/partA/ip/partA_axi_gpio_0_0/partA_axi_gpio_0_0.xdc] for cell 'partA_i/axi_gpio_0/U0'
Parsing XDC File [e:/Ubuntu_source_code_data/ECE_527_MP/mp2/partA/partA.srcs/sources_1/bd/partA/ip/partA_rst_processing_system7_0_100M_0/partA_rst_processing_system7_0_100M_0_board.xdc] for cell 'partA_i/rst_processing_system7_0_100M'
Finished Parsing XDC File [e:/Ubuntu_source_code_data/ECE_527_MP/mp2/partA/partA.srcs/sources_1/bd/partA/ip/partA_rst_processing_system7_0_100M_0/partA_rst_processing_system7_0_100M_0_board.xdc] for cell 'partA_i/rst_processing_system7_0_100M'
Parsing XDC File [e:/Ubuntu_source_code_data/ECE_527_MP/mp2/partA/partA.srcs/sources_1/bd/partA/ip/partA_rst_processing_system7_0_100M_0/partA_rst_processing_system7_0_100M_0.xdc] for cell 'partA_i/rst_processing_system7_0_100M'
Finished Parsing XDC File [e:/Ubuntu_source_code_data/ECE_527_MP/mp2/partA/partA.srcs/sources_1/bd/partA/ip/partA_rst_processing_system7_0_100M_0/partA_rst_processing_system7_0_100M_0.xdc] for cell 'partA_i/rst_processing_system7_0_100M'
Parsing XDC File [e:/Ubuntu_source_code_data/ECE_527_MP/mp2/partA/partA.srcs/sources_1/ipshared/tan_enyu/oled_ip_v1_0/6bd001c5/OLED_porting_2.srcs/constrs_1/new/OLED_porting_2_constr.xdc] for cell 'partA_i/OLED_ip_0/inst'
CRITICAL WARNING: [Netlist 29-160] Cannot set property 'IOSTANDARD', because the property does not exist for objects of type 'pin'. [e:/Ubuntu_source_code_data/ECE_527_MP/mp2/partA/partA.srcs/sources_1/ipshared/tan_enyu/oled_ip_v1_0/6bd001c5/OLED_porting_2.srcs/constrs_1/new/OLED_porting_2_constr.xdc:1]
Resolution: Modify the set_property command to apply the property on the correct object type. Since the property is being applied as a scoped constraint, ensure the proper connectivity of the object port objects can be translated into pin objects. This could be due to the insertion of IO Buffers between the top level terminal and cell pin. If the goal is to apply constraints that will migrate to top level ports it is required that IO Buffers manually be instanced.
CRITICAL WARNING: [Netlist 29-160] Cannot set property 'IOSTANDARD', because the property does not exist for objects of type 'pin'. [e:/Ubuntu_source_code_data/ECE_527_MP/mp2/partA/partA.srcs/sources_1/ipshared/tan_enyu/oled_ip_v1_0/6bd001c5/OLED_porting_2.srcs/constrs_1/new/OLED_porting_2_constr.xdc:2]
Resolution: Modify the set_property command to apply the property on the correct object type. Since the property is being applied as a scoped constraint, ensure the proper connectivity of the object port objects can be translated into pin objects. This could be due to the insertion of IO Buffers between the top level terminal and cell pin. If the goal is to apply constraints that will migrate to top level ports it is required that IO Buffers manually be instanced.
CRITICAL WARNING: [Netlist 29-160] Cannot set property 'IOSTANDARD', because the property does not exist for objects of type 'pin'. [e:/Ubuntu_source_code_data/ECE_527_MP/mp2/partA/partA.srcs/sources_1/ipshared/tan_enyu/oled_ip_v1_0/6bd001c5/OLED_porting_2.srcs/constrs_1/new/OLED_porting_2_constr.xdc:3]
Resolution: Modify the set_property command to apply the property on the correct object type. Since the property is being applied as a scoped constraint, ensure the proper connectivity of the object port objects can be translated into pin objects. This could be due to the insertion of IO Buffers between the top level terminal and cell pin. If the goal is to apply constraints that will migrate to top level ports it is required that IO Buffers manually be instanced.
CRITICAL WARNING: [Netlist 29-160] Cannot set property 'IOSTANDARD', because the property does not exist for objects of type 'pin'. [e:/Ubuntu_source_code_data/ECE_527_MP/mp2/partA/partA.srcs/sources_1/ipshared/tan_enyu/oled_ip_v1_0/6bd001c5/OLED_porting_2.srcs/constrs_1/new/OLED_porting_2_constr.xdc:4]
Resolution: Modify the set_property command to apply the property on the correct object type. Since the property is being applied as a scoped constraint, ensure the proper connectivity of the object port objects can be translated into pin objects. This could be due to the insertion of IO Buffers between the top level terminal and cell pin. If the goal is to apply constraints that will migrate to top level ports it is required that IO Buffers manually be instanced.
CRITICAL WARNING: [Netlist 29-160] Cannot set property 'IOSTANDARD', because the property does not exist for objects of type 'pin'. [e:/Ubuntu_source_code_data/ECE_527_MP/mp2/partA/partA.srcs/sources_1/ipshared/tan_enyu/oled_ip_v1_0/6bd001c5/OLED_porting_2.srcs/constrs_1/new/OLED_porting_2_constr.xdc:5]
Resolution: Modify the set_property command to apply the property on the correct object type. Since the property is being applied as a scoped constraint, ensure the proper connectivity of the object port objects can be translated into pin objects. This could be due to the insertion of IO Buffers between the top level terminal and cell pin. If the goal is to apply constraints that will migrate to top level ports it is required that IO Buffers manually be instanced.
CRITICAL WARNING: [Netlist 29-160] Cannot set property 'IOSTANDARD', because the property does not exist for objects of type 'pin'. [e:/Ubuntu_source_code_data/ECE_527_MP/mp2/partA/partA.srcs/sources_1/ipshared/tan_enyu/oled_ip_v1_0/6bd001c5/OLED_porting_2.srcs/constrs_1/new/OLED_porting_2_constr.xdc:6]
Resolution: Modify the set_property command to apply the property on the correct object type. Since the property is being applied as a scoped constraint, ensure the proper connectivity of the object port objects can be translated into pin objects. This could be due to the insertion of IO Buffers between the top level terminal and cell pin. If the goal is to apply constraints that will migrate to top level ports it is required that IO Buffers manually be instanced.
CRITICAL WARNING: [Netlist 29-160] Cannot set property 'IOSTANDARD', because the property does not exist for objects of type 'pin'. [e:/Ubuntu_source_code_data/ECE_527_MP/mp2/partA/partA.srcs/sources_1/ipshared/tan_enyu/oled_ip_v1_0/6bd001c5/OLED_porting_2.srcs/constrs_1/new/OLED_porting_2_constr.xdc:7]
Resolution: Modify the set_property command to apply the property on the correct object type. Since the property is being applied as a scoped constraint, ensure the proper connectivity of the object port objects can be translated into pin objects. This could be due to the insertion of IO Buffers between the top level terminal and cell pin. If the goal is to apply constraints that will migrate to top level ports it is required that IO Buffers manually be instanced.
CRITICAL WARNING: [Netlist 29-160] Cannot set property 'IOSTANDARD', because the property does not exist for objects of type 'pin'. [e:/Ubuntu_source_code_data/ECE_527_MP/mp2/partA/partA.srcs/sources_1/ipshared/tan_enyu/oled_ip_v1_0/6bd001c5/OLED_porting_2.srcs/constrs_1/new/OLED_porting_2_constr.xdc:8]
Resolution: Modify the set_property command to apply the property on the correct object type. Since the property is being applied as a scoped constraint, ensure the proper connectivity of the object port objects can be translated into pin objects. This could be due to the insertion of IO Buffers between the top level terminal and cell pin. If the goal is to apply constraints that will migrate to top level ports it is required that IO Buffers manually be instanced.
CRITICAL WARNING: [Netlist 29-160] Cannot set property 'PACKAGE_PIN', because the property does not exist for objects of type 'pin'. [e:/Ubuntu_source_code_data/ECE_527_MP/mp2/partA/partA.srcs/sources_1/ipshared/tan_enyu/oled_ip_v1_0/6bd001c5/OLED_porting_2.srcs/constrs_1/new/OLED_porting_2_constr.xdc:9]
Resolution: Modify the set_property command to apply the property on the correct object type. Since the property is being applied as a scoped constraint, ensure the proper connectivity of the object port objects can be translated into pin objects. This could be due to the insertion of IO Buffers between the top level terminal and cell pin. If the goal is to apply constraints that will migrate to top level ports it is required that IO Buffers manually be instanced.
CRITICAL WARNING: [Netlist 29-160] Cannot set property 'PACKAGE_PIN', because the property does not exist for objects of type 'pin'. [e:/Ubuntu_source_code_data/ECE_527_MP/mp2/partA/partA.srcs/sources_1/ipshared/tan_enyu/oled_ip_v1_0/6bd001c5/OLED_porting_2.srcs/constrs_1/new/OLED_porting_2_constr.xdc:10]
Resolution: Modify the set_property command to apply the property on the correct object type. Since the property is being applied as a scoped constraint, ensure the proper connectivity of the object port objects can be translated into pin objects. This could be due to the insertion of IO Buffers between the top level terminal and cell pin. If the goal is to apply constraints that will migrate to top level ports it is required that IO Buffers manually be instanced.
CRITICAL WARNING: [Netlist 29-160] Cannot set property 'PACKAGE_PIN', because the property does not exist for objects of type 'pin'. [e:/Ubuntu_source_code_data/ECE_527_MP/mp2/partA/partA.srcs/sources_1/ipshared/tan_enyu/oled_ip_v1_0/6bd001c5/OLED_porting_2.srcs/constrs_1/new/OLED_porting_2_constr.xdc:11]
Resolution: Modify the set_property command to apply the property on the correct object type. Since the property is being applied as a scoped constraint, ensure the proper connectivity of the object port objects can be translated into pin objects. This could be due to the insertion of IO Buffers between the top level terminal and cell pin. If the goal is to apply constraints that will migrate to top level ports it is required that IO Buffers manually be instanced.
CRITICAL WARNING: [Netlist 29-160] Cannot set property 'PACKAGE_PIN', because the property does not exist for objects of type 'pin'. [e:/Ubuntu_source_code_data/ECE_527_MP/mp2/partA/partA.srcs/sources_1/ipshared/tan_enyu/oled_ip_v1_0/6bd001c5/OLED_porting_2.srcs/constrs_1/new/OLED_porting_2_constr.xdc:12]
Resolution: Modify the set_property command to apply the property on the correct object type. Since the property is being applied as a scoped constraint, ensure the proper connectivity of the object port objects can be translated into pin objects. This could be due to the insertion of IO Buffers between the top level terminal and cell pin. If the goal is to apply constraints that will migrate to top level ports it is required that IO Buffers manually be instanced.
CRITICAL WARNING: [Netlist 29-160] Cannot set property 'PACKAGE_PIN', because the property does not exist for objects of type 'pin'. [e:/Ubuntu_source_code_data/ECE_527_MP/mp2/partA/partA.srcs/sources_1/ipshared/tan_enyu/oled_ip_v1_0/6bd001c5/OLED_porting_2.srcs/constrs_1/new/OLED_porting_2_constr.xdc:13]
Resolution: Modify the set_property command to apply the property on the correct object type. Since the property is being applied as a scoped constraint, ensure the proper connectivity of the object port objects can be translated into pin objects. This could be due to the insertion of IO Buffers between the top level terminal and cell pin. If the goal is to apply constraints that will migrate to top level ports it is required that IO Buffers manually be instanced.
CRITICAL WARNING: [Netlist 29-160] Cannot set property 'PACKAGE_PIN', because the property does not exist for objects of type 'pin'. [e:/Ubuntu_source_code_data/ECE_527_MP/mp2/partA/partA.srcs/sources_1/ipshared/tan_enyu/oled_ip_v1_0/6bd001c5/OLED_porting_2.srcs/constrs_1/new/OLED_porting_2_constr.xdc:14]
Resolution: Modify the set_property command to apply the property on the correct object type. Since the property is being applied as a scoped constraint, ensure the proper connectivity of the object port objects can be translated into pin objects. This could be due to the insertion of IO Buffers between the top level terminal and cell pin. If the goal is to apply constraints that will migrate to top level ports it is required that IO Buffers manually be instanced.
CRITICAL WARNING: [Netlist 29-160] Cannot set property 'PACKAGE_PIN', because the property does not exist for objects of type 'pin'. [e:/Ubuntu_source_code_data/ECE_527_MP/mp2/partA/partA.srcs/sources_1/ipshared/tan_enyu/oled_ip_v1_0/6bd001c5/OLED_porting_2.srcs/constrs_1/new/OLED_porting_2_constr.xdc:15]
Resolution: Modify the set_property command to apply the property on the correct object type. Since the property is being applied as a scoped constraint, ensure the proper connectivity of the object port objects can be translated into pin objects. This could be due to the insertion of IO Buffers between the top level terminal and cell pin. If the goal is to apply constraints that will migrate to top level ports it is required that IO Buffers manually be instanced.
CRITICAL WARNING: [Netlist 29-160] Cannot set property 'PACKAGE_PIN', because the property does not exist for objects of type 'pin'. [e:/Ubuntu_source_code_data/ECE_527_MP/mp2/partA/partA.srcs/sources_1/ipshared/tan_enyu/oled_ip_v1_0/6bd001c5/OLED_porting_2.srcs/constrs_1/new/OLED_porting_2_constr.xdc:16]
Resolution: Modify the set_property command to apply the property on the correct object type. Since the property is being applied as a scoped constraint, ensure the proper connectivity of the object port objects can be translated into pin objects. This could be due to the insertion of IO Buffers between the top level terminal and cell pin. If the goal is to apply constraints that will migrate to top level ports it is required that IO Buffers manually be instanced.
Finished Parsing XDC File [e:/Ubuntu_source_code_data/ECE_527_MP/mp2/partA/partA.srcs/sources_1/ipshared/tan_enyu/oled_ip_v1_0/6bd001c5/OLED_porting_2.srcs/constrs_1/new/OLED_porting_2_constr.xdc] for cell 'partA_i/OLED_ip_0/inst'
Parsing XDC File [E:/Ubuntu_source_code_data/ECE_527_MP/mp2/partA/partA.srcs/constrs_1/new/partA_constr.xdc]
Finished Parsing XDC File [E:/Ubuntu_source_code_data/ECE_527_MP/mp2/partA/partA.srcs/constrs_1/new/partA_constr.xdc]
INFO: [Opt 31-138] Pushed 0 inverter(s) to 0 load pin(s).
CRITICAL WARNING: [Project 1-486] Could not resolve non-primitive black box cell 'central_controller' instantiated as 'nolabel_line116' [E:/Ubuntu_source_code_data/ECE_527_MP/mp2/partA/partA.srcs/sources_1/imports/hdl/partA_wrapper.v:116]
INFO: [Project 1-111] Unisim Transformation Summary:
No Unisim elements were transformed.

link_design: Time (s): cpu = 00:00:09 ; elapsed = 00:00:10 . Memory (MB): peak = 498.293 ; gain = 299.727
Command: opt_design
Attempting to get a license for feature 'Implementation' and/or device 'xc7z020'
INFO: [Common 17-349] Got license for feature 'Implementation' and/or device 'xc7z020'
Running DRC as a precondition to command opt_design

Starting DRC Task
INFO: [DRC 23-27] Running DRC with 2 threads
INFO: [Project 1-461] DRC finished with 0 Errors
INFO: [Project 1-462] Please refer to the DRC report (report_drc) for more information.

Time (s): cpu = 00:00:00 ; elapsed = 00:00:00.139 . Memory (MB): peak = 502.551 ; gain = 1.227
INFO: [Timing 38-35] Done setting XDC timing constraints.

Starting Logic Optimization Task

Phase 1 Retarget

INFO: [Opt 31-138] Pushed 0 inverter(s) to 0 load pin(s).
INFO: [Opt 31-49] Retargeted 0 cell(s).
Phase 1 Retarget | Checksum: 2d9c3cd2a

Time (s): cpu = 00:00:01 ; elapsed = 00:00:00.425 . Memory (MB): peak = 979.141 ; gain = 0.000

Phase 2 Constant Propagation
INFO: [Opt 31-138] Pushed 0 inverter(s) to 0 load pin(s).
INFO: [Opt 31-10] Eliminated 136 cells.
Phase 2 Constant Propagation | Checksum: 1c12cd3c7

Time (s): cpu = 00:00:01 ; elapsed = 00:00:01 . Memory (MB): peak = 979.141 ; gain = 0.000

Phase 3 Sweep
INFO: [Opt 31-12] Eliminated 417 unconnected nets.
INFO: [Opt 31-11] Eliminated 365 unconnected cells.
Phase 3 Sweep | Checksum: 18bcf10e2

Time (s): cpu = 00:00:03 ; elapsed = 00:00:02 . Memory (MB): peak = 979.141 ; gain = 0.000

Starting Connectivity Check Task
ERROR: [Opt 31-30] Blackbox nolabel_line116 (central_controller) is driving pin ADDRARDADDR[10] of primitive cell partA_i/blk_mem_gen_0/U0/inst_blk_mem_gen/gnative_mem_map_bmg.native_mem_map_blk_mem_gen/valid.cstr/ramloop[0].ram.r/prim_noinit.ram/DEVICE_7SERIES.NO_BMM_INFO.SP.WIDE_PRIM36.ram. This blackbox cannot be found in the existing library.
Resolution: Please check the input design and ensure that the specific blackbox module is defined. Once the design is modified, then re-run the Vivado flow.
ERROR: [Opt 31-30] Blackbox nolabel_line116 (central_controller) is driving pin ADDRARDADDR[6] of primitive cell partA_i/blk_mem_gen_0/U0/inst_blk_mem_gen/gnative_mem_map_bmg.native_mem_map_blk_mem_gen/valid.cstr/ramloop[0].ram.r/prim_noinit.ram/DEVICE_7SERIES.NO_BMM_INFO.SP.WIDE_PRIM36.ram. This blackbox cannot be found in the existing library.
Resolution: Please check the input design and ensure that the specific blackbox module is defined. Once the design is modified, then re-run the Vivado flow.
ERROR: [Opt 31-30] Blackbox nolabel_line116 (central_controller) is driving pin ADDRARDADDR[7] of primitive cell partA_i/blk_mem_gen_0/U0/inst_blk_mem_gen/gnative_mem_map_bmg.native_mem_map_blk_mem_gen/valid.cstr/ramloop[0].ram.r/prim_noinit.ram/DEVICE_7SERIES.NO_BMM_INFO.SP.WIDE_PRIM36.ram. This blackbox cannot be found in the existing library.
Resolution: Please check the input design and ensure that the specific blackbox module is defined. Once the design is modified, then re-run the Vivado flow.
ERROR: [Opt 31-30] Blackbox nolabel_line116 (central_controller) is driving pin ADDRARDADDR[8] of primitive cell partA_i/blk_mem_gen_0/U0/inst_blk_mem_gen/gnative_mem_map_bmg.native_mem_map_blk_mem_gen/valid.cstr/ramloop[0].ram.r/prim_noinit.ram/DEVICE_7SERIES.NO_BMM_INFO.SP.WIDE_PRIM36.ram. This blackbox cannot be found in the existing library.
Resolution: Please check the input design and ensure that the specific blackbox module is defined. Once the design is modified, then re-run the Vivado flow.
ERROR: [Opt 31-30] Blackbox nolabel_line116 (central_controller) is driving pin ADDRARDADDR[9] of primitive cell partA_i/blk_mem_gen_0/U0/inst_blk_mem_gen/gnative_mem_map_bmg.native_mem_map_blk_mem_gen/valid.cstr/ramloop[0].ram.r/prim_noinit.ram/DEVICE_7SERIES.NO_BMM_INFO.SP.WIDE_PRIM36.ram. This blackbox cannot be found in the existing library.
Resolution: Please check the input design and ensure that the specific blackbox module is defined. Once the design is modified, then re-run the Vivado flow.
ERROR: [Opt 31-30] Blackbox nolabel_line116 (central_controller) is driving pin DIADI[0] of primitive cell partA_i/blk_mem_gen_0/U0/inst_blk_mem_gen/gnative_mem_map_bmg.native_mem_map_blk_mem_gen/valid.cstr/ramloop[0].ram.r/prim_noinit.ram/DEVICE_7SERIES.NO_BMM_INFO.SP.WIDE_PRIM36.ram. This blackbox cannot be found in the existing library.
Resolution: Please check the input design and ensure that the specific blackbox module is defined. Once the design is modified, then re-run the Vivado flow.
ERROR: [Opt 31-30] Blackbox nolabel_line116 (central_controller) is driving pin DIBDI[4] of primitive cell partA_i/blk_mem_gen_0/U0/inst_blk_mem_gen/gnative_mem_map_bmg.native_mem_map_blk_mem_gen/valid.cstr/ramloop[1].ram.r/prim_noinit.ram/DEVICE_7SERIES.NO_BMM_INFO.SP.WIDE_PRIM36.ram. This blackbox cannot be found in the existing library.
Resolution: Please check the input design and ensure that the specific blackbox module is defined. Once the design is modified, then re-run the Vivado flow.
ERROR: [Opt 31-30] Blackbox nolabel_line116 (central_controller) is driving pin DIBDI[5] of primitive cell partA_i/blk_mem_gen_0/U0/inst_blk_mem_gen/gnative_mem_map_bmg.native_mem_map_blk_mem_gen/valid.cstr/ramloop[1].ram.r/prim_noinit.ram/DEVICE_7SERIES.NO_BMM_INFO.SP.WIDE_PRIM36.ram. This blackbox cannot be found in the existing library.
Resolution: Please check the input design and ensure that the specific blackbox module is defined. Once the design is modified, then re-run the Vivado flow.
ERROR: [Opt 31-30] Blackbox nolabel_line116 (central_controller) is driving pin DIBDI[6] of primitive cell partA_i/blk_mem_gen_0/U0/inst_blk_mem_gen/gnative_mem_map_bmg.native_mem_map_blk_mem_gen/valid.cstr/ramloop[1].ram.r/prim_noinit.ram/DEVICE_7SERIES.NO_BMM_INFO.SP.WIDE_PRIM36.ram. This blackbox cannot be found in the existing library.
Resolution: Please check the input design and ensure that the specific blackbox module is defined. Once the design is modified, then re-run the Vivado flow.
ERROR: [Opt 31-30] Blackbox nolabel_line116 (central_controller) is driving pin DIBDI[7] of primitive cell partA_i/blk_mem_gen_0/U0/inst_blk_mem_gen/gnative_mem_map_bmg.native_mem_map_blk_mem_gen/valid.cstr/ramloop[1].ram.r/prim_noinit.ram/DEVICE_7SERIES.NO_BMM_INFO.SP.WIDE_PRIM36.ram. This blackbox cannot be found in the existing library.
Resolution: Please check the input design and ensure that the specific blackbox module is defined. Once the design is modified, then re-run the Vivado flow.
ERROR: [Opt 31-30] Blackbox nolabel_line116 (central_controller) is driving pin DIBDI[8] of primitive cell partA_i/blk_mem_gen_0/U0/inst_blk_mem_gen/gnative_mem_map_bmg.native_mem_map_blk_mem_gen/valid.cstr/ramloop[1].ram.r/prim_noinit.ram/DEVICE_7SERIES.NO_BMM_INFO.SP.WIDE_PRIM36.ram. This blackbox cannot be found in the existing library.
Resolution: Please check the input design and ensure that the specific blackbox module is defined. Once the design is modified, then re-run the Vivado flow.
ERROR: [Opt 31-30] Blackbox nolabel_line116 (central_controller) is driving pin DIBDI[9] of primitive cell partA_i/blk_mem_gen_0/U0/inst_blk_mem_gen/gnative_mem_map_bmg.native_mem_map_blk_mem_gen/valid.cstr/ramloop[1].ram.r/prim_noinit.ram/DEVICE_7SERIES.NO_BMM_INFO.SP.WIDE_PRIM36.ram. This blackbox cannot be found in the existing library.
Resolution: Please check the input design and ensure that the specific blackbox module is defined. Once the design is modified, then re-run the Vivado flow.
ERROR: [Opt 31-30] Blackbox nolabel_line116 (central_controller) is driving pin DIBDI[10] of primitive cell partA_i/blk_mem_gen_0/U0/inst_blk_mem_gen/gnative_mem_map_bmg.native_mem_map_blk_mem_gen/valid.cstr/ramloop[1].ram.r/prim_noinit.ram/DEVICE_7SERIES.NO_BMM_INFO.SP.WIDE_PRIM36.ram. This blackbox cannot be found in the existing library.
Resolution: Please check the input design and ensure that the specific blackbox module is defined. Once the design is modified, then re-run the Vivado flow.
ERROR: [Opt 31-30] Blackbox nolabel_line116 (central_controller) is driving pin DIBDI[11] of primitive cell partA_i/blk_mem_gen_0/U0/inst_blk_mem_gen/gnative_mem_map_bmg.native_mem_map_blk_mem_gen/valid.cstr/ramloop[1].ram.r/prim_noinit.ram/DEVICE_7SERIES.NO_BMM_INFO.SP.WIDE_PRIM36.ram. This blackbox cannot be found in the existing library.
Resolution: Please check the input design and ensure that the specific blackbox module is defined. Once the design is modified, then re-run the Vivado flow.
ERROR: [Opt 31-30] Blackbox nolabel_line116 (central_controller) is driving pin DIBDI[12] of primitive cell partA_i/blk_mem_gen_0/U0/inst_blk_mem_gen/gnative_mem_map_bmg.native_mem_map_blk_mem_gen/valid.cstr/ramloop[1].ram.r/prim_noinit.ram/DEVICE_7SERIES.NO_BMM_INFO.SP.WIDE_PRIM36.ram. This blackbox cannot be found in the existing library.
Resolution: Please check the input design and ensure that the specific blackbox module is defined. Once the design is modified, then re-run the Vivado flow.
ERROR: [Opt 31-30] Blackbox nolabel_line116 (central_controller) is driving pin DIBDI[13] of primitive cell partA_i/blk_mem_gen_0/U0/inst_blk_mem_gen/gnative_mem_map_bmg.native_mem_map_blk_mem_gen/valid.cstr/ramloop[1].ram.r/prim_noinit.ram/DEVICE_7SERIES.NO_BMM_INFO.SP.WIDE_PRIM36.ram. This blackbox cannot be found in the existing library.
Resolution: Please check the input design and ensure that the specific blackbox module is defined. Once the design is modified, then re-run the Vivado flow.
ERROR: [Opt 31-30] Blackbox nolabel_line116 (central_controller) is driving pin DIADI[10] of primitive cell partA_i/blk_mem_gen_0/U0/inst_blk_mem_gen/gnative_mem_map_bmg.native_mem_map_blk_mem_gen/valid.cstr/ramloop[0].ram.r/prim_noinit.ram/DEVICE_7SERIES.NO_BMM_INFO.SP.WIDE_PRIM36.ram. This blackbox cannot be found in the existing library.
Resolution: Please check the input design and ensure that the specific blackbox module is defined. Once the design is modified, then re-run the Vivado flow.
ERROR: [Opt 31-30] Blackbox nolabel_line116 (central_controller) is driving pin DIBDI[14] of primitive cell partA_i/blk_mem_gen_0/U0/inst_blk_mem_gen/gnative_mem_map_bmg.native_mem_map_blk_mem_gen/valid.cstr/ramloop[1].ram.r/prim_noinit.ram/DEVICE_7SERIES.NO_BMM_INFO.SP.WIDE_PRIM36.ram. This blackbox cannot be found in the existing library.
Resolution: Please check the input design and ensure that the specific blackbox module is defined. Once the design is modified, then re-run the Vivado flow.
ERROR: [Opt 31-30] Blackbox nolabel_line116 (central_controller) is driving pin DIBDI[15] of primitive cell partA_i/blk_mem_gen_0/U0/inst_blk_mem_gen/gnative_mem_map_bmg.native_mem_map_blk_mem_gen/valid.cstr/ramloop[1].ram.r/prim_noinit.ram/DEVICE_7SERIES.NO_BMM_INFO.SP.WIDE_PRIM36.ram. This blackbox cannot be found in the existing library.
Resolution: Please check the input design and ensure that the specific blackbox module is defined. Once the design is modified, then re-run the Vivado flow.
ERROR: [Opt 31-30] Blackbox nolabel_line116 (central_controller) is driving pin DIBDI[16] of primitive cell partA_i/blk_mem_gen_0/U0/inst_blk_mem_gen/gnative_mem_map_bmg.native_mem_map_blk_mem_gen/valid.cstr/ramloop[1].ram.r/prim_noinit.ram/DEVICE_7SERIES.NO_BMM_INFO.SP.WIDE_PRIM36.ram. This blackbox cannot be found in the existing library.
Resolution: Please check the input design and ensure that the specific blackbox module is defined. Once the design is modified, then re-run the Vivado flow.
ERROR: [Opt 31-30] Blackbox nolabel_line116 (central_controller) is driving pin DIBDI[17] of primitive cell partA_i/blk_mem_gen_0/U0/inst_blk_mem_gen/gnative_mem_map_bmg.native_mem_map_blk_mem_gen/valid.cstr/ramloop[1].ram.r/prim_noinit.ram/DEVICE_7SERIES.NO_BMM_INFO.SP.WIDE_PRIM36.ram. This blackbox cannot be found in the existing library.
Resolution: Please check the input design and ensure that the specific blackbox module is defined. Once the design is modified, then re-run the Vivado flow.
ERROR: [Opt 31-30] Blackbox nolabel_line116 (central_controller) is driving pin DIBDI[18] of primitive cell partA_i/blk_mem_gen_0/U0/inst_blk_mem_gen/gnative_mem_map_bmg.native_mem_map_blk_mem_gen/valid.cstr/ramloop[1].ram.r/prim_noinit.ram/DEVICE_7SERIES.NO_BMM_INFO.SP.WIDE_PRIM36.ram. This blackbox cannot be found in the existing library.
Resolution: Please check the input design and ensure that the specific blackbox module is defined. Once the design is modified, then re-run the Vivado flow.
ERROR: [Opt 31-30] Blackbox nolabel_line116 (central_controller) is driving pin DIBDI[19] of primitive cell partA_i/blk_mem_gen_0/U0/inst_blk_mem_gen/gnative_mem_map_bmg.native_mem_map_blk_mem_gen/valid.cstr/ramloop[1].ram.r/prim_noinit.ram/DEVICE_7SERIES.NO_BMM_INFO.SP.WIDE_PRIM36.ram. This blackbox cannot be found in the existing library.
Resolution: Please check the input design and ensure that the specific blackbox module is defined. Once the design is modified, then re-run the Vivado flow.
ERROR: [Opt 31-30] Blackbox nolabel_line116 (central_controller) is driving pin DIBDI[20] of primitive cell partA_i/blk_mem_gen_0/U0/inst_blk_mem_gen/gnative_mem_map_bmg.native_mem_map_blk_mem_gen/valid.cstr/ramloop[1].ram.r/prim_noinit.ram/DEVICE_7SERIES.NO_BMM_INFO.SP.WIDE_PRIM36.ram. This blackbox cannot be found in the existing library.
Resolution: Please check the input design and ensure that the specific blackbox module is defined. Once the design is modified, then re-run the Vivado flow.
ERROR: [Opt 31-30] Blackbox nolabel_line116 (central_controller) is driving pin DIBDI[21] of primitive cell partA_i/blk_mem_gen_0/U0/inst_blk_mem_gen/gnative_mem_map_bmg.native_mem_map_blk_mem_gen/valid.cstr/ramloop[1].ram.r/prim_noinit.ram/DEVICE_7SERIES.NO_BMM_INFO.SP.WIDE_PRIM36.ram. This blackbox cannot be found in the existing library.
Resolution: Please check the input design and ensure that the specific blackbox module is defined. Once the design is modified, then re-run the Vivado flow.
ERROR: [Opt 31-30] Blackbox nolabel_line116 (central_controller) is driving pin DIBDI[22] of primitive cell partA_i/blk_mem_gen_0/U0/inst_blk_mem_gen/gnative_mem_map_bmg.native_mem_map_blk_mem_gen/valid.cstr/ramloop[1].ram.r/prim_noinit.ram/DEVICE_7SERIES.NO_BMM_INFO.SP.WIDE_PRIM36.ram. This blackbox cannot be found in the existing library.
Resolution: Please check the input design and ensure that the specific blackbox module is defined. Once the design is modified, then re-run the Vivado flow.
ERROR: [Opt 31-30] Blackbox nolabel_line116 (central_controller) is driving pin DIBDI[23] of primitive cell partA_i/blk_mem_gen_0/U0/inst_blk_mem_gen/gnative_mem_map_bmg.native_mem_map_blk_mem_gen/valid.cstr/ramloop[1].ram.r/prim_noinit.ram/DEVICE_7SERIES.NO_BMM_INFO.SP.WIDE_PRIM36.ram. This blackbox cannot be found in the existing library.
Resolution: Please check the input design and ensure that the specific blackbox module is defined. Once the design is modified, then re-run the Vivado flow.
ERROR: [Opt 31-30] Blackbox nolabel_line116 (central_controller) is driving pin DIADI[11] of primitive cell partA_i/blk_mem_gen_0/U0/inst_blk_mem_gen/gnative_mem_map_bmg.native_mem_map_blk_mem_gen/valid.cstr/ramloop[0].ram.r/prim_noinit.ram/DEVICE_7SERIES.NO_BMM_INFO.SP.WIDE_PRIM36.ram. This blackbox cannot be found in the existing library.
Resolution: Please check the input design and ensure that the specific blackbox module is defined. Once the design is modified, then re-run the Vivado flow.
ERROR: [Opt 31-30] Blackbox nolabel_line116 (central_controller) is driving pin DIBDI[24] of primitive cell partA_i/blk_mem_gen_0/U0/inst_blk_mem_gen/gnative_mem_map_bmg.native_mem_map_blk_mem_gen/valid.cstr/ramloop[1].ram.r/prim_noinit.ram/DEVICE_7SERIES.NO_BMM_INFO.SP.WIDE_PRIM36.ram. This blackbox cannot be found in the existing library.
Resolution: Please check the input design and ensure that the specific blackbox module is defined. Once the design is modified, then re-run the Vivado flow.
ERROR: [Opt 31-30] Blackbox nolabel_line116 (central_controller) is driving pin DIBDI[25] of primitive cell partA_i/blk_mem_gen_0/U0/inst_blk_mem_gen/gnative_mem_map_bmg.native_mem_map_blk_mem_gen/valid.cstr/ramloop[1].ram.r/prim_noinit.ram/DEVICE_7SERIES.NO_BMM_INFO.SP.WIDE_PRIM36.ram. This blackbox cannot be found in the existing library.
Resolution: Please check the input design and ensure that the specific blackbox module is defined. Once the design is modified, then re-run the Vivado flow.
ERROR: [Opt 31-30] Blackbox nolabel_line116 (central_controller) is driving pin DIBDI[26] of primitive cell partA_i/blk_mem_gen_0/U0/inst_blk_mem_gen/gnative_mem_map_bmg.native_mem_map_blk_mem_gen/valid.cstr/ramloop[1].ram.r/prim_noinit.ram/DEVICE_7SERIES.NO_BMM_INFO.SP.WIDE_PRIM36.ram. This blackbox cannot be found in the existing library.
Resolution: Please check the input design and ensure that the specific blackbox module is defined. Once the design is modified, then re-run the Vivado flow.
ERROR: [Opt 31-30] Blackbox nolabel_line116 (central_controller) is driving pin DIBDI[27] of primitive cell partA_i/blk_mem_gen_0/U0/inst_blk_mem_gen/gnative_mem_map_bmg.native_mem_map_blk_mem_gen/valid.cstr/ramloop[1].ram.r/prim_noinit.ram/DEVICE_7SERIES.NO_BMM_INFO.SP.WIDE_PRIM36.ram. This blackbox cannot be found in the existing library.
Resolution: Please check the input design and ensure that the specific blackbox module is defined. Once the design is modified, then re-run the Vivado flow.
ERROR: [Opt 31-30] Blackbox nolabel_line116 (central_controller) is driving pin DIBDI[28] of primitive cell partA_i/blk_mem_gen_0/U0/inst_blk_mem_gen/gnative_mem_map_bmg.native_mem_map_blk_mem_gen/valid.cstr/ramloop[1].ram.r/prim_noinit.ram/DEVICE_7SERIES.NO_BMM_INFO.SP.WIDE_PRIM36.ram. This blackbox cannot be found in the existing library.
Resolution: Please check the input design and ensure that the specific blackbox module is defined. Once the design is modified, then re-run the Vivado flow.
ERROR: [Opt 31-30] Blackbox nolabel_line116 (central_controller) is driving pin DIBDI[29] of primitive cell partA_i/blk_mem_gen_0/U0/inst_blk_mem_gen/gnative_mem_map_bmg.native_mem_map_blk_mem_gen/valid.cstr/ramloop[1].ram.r/prim_noinit.ram/DEVICE_7SERIES.NO_BMM_INFO.SP.WIDE_PRIM36.ram. This blackbox cannot be found in the existing library.
Resolution: Please check the input design and ensure that the specific blackbox module is defined. Once the design is modified, then re-run the Vivado flow.
ERROR: [Opt 31-30] Blackbox nolabel_line116 (central_controller) is driving pin DIBDI[30] of primitive cell partA_i/blk_mem_gen_0/U0/inst_blk_mem_gen/gnative_mem_map_bmg.native_mem_map_blk_mem_gen/valid.cstr/ramloop[1].ram.r/prim_noinit.ram/DEVICE_7SERIES.NO_BMM_INFO.SP.WIDE_PRIM36.ram. This blackbox cannot be found in the existing library.
Resolution: Please check the input design and ensure that the specific blackbox module is defined. Once the design is modified, then re-run the Vivado flow.
ERROR: [Opt 31-30] Blackbox nolabel_line116 (central_controller) is driving pin DIBDI[31] of primitive cell partA_i/blk_mem_gen_0/U0/inst_blk_mem_gen/gnative_mem_map_bmg.native_mem_map_blk_mem_gen/valid.cstr/ramloop[1].ram.r/prim_noinit.ram/DEVICE_7SERIES.NO_BMM_INFO.SP.WIDE_PRIM36.ram. This blackbox cannot be found in the existing library.
Resolution: Please check the input design and ensure that the specific blackbox module is defined. Once the design is modified, then re-run the Vivado flow.
ERROR: [Opt 31-30] Blackbox nolabel_line116 (central_controller) is driving pin DIADI[0] of primitive cell partA_i/blk_mem_gen_0/U0/inst_blk_mem_gen/gnative_mem_map_bmg.native_mem_map_blk_mem_gen/valid.cstr/ramloop[2].ram.r/prim_noinit.ram/DEVICE_7SERIES.NO_BMM_INFO.SP.WIDE_PRIM36.ram. This blackbox cannot be found in the existing library.
Resolution: Please check the input design and ensure that the specific blackbox module is defined. Once the design is modified, then re-run the Vivado flow.
ERROR: [Opt 31-30] Blackbox nolabel_line116 (central_controller) is driving pin DIADI[1] of primitive cell partA_i/blk_mem_gen_0/U0/inst_blk_mem_gen/gnative_mem_map_bmg.native_mem_map_blk_mem_gen/valid.cstr/ramloop[2].ram.r/prim_noinit.ram/DEVICE_7SERIES.NO_BMM_INFO.SP.WIDE_PRIM36.ram. This blackbox cannot be found in the existing library.
Resolution: Please check the input design and ensure that the specific blackbox module is defined. Once the design is modified, then re-run the Vivado flow.
ERROR: [Opt 31-30] Blackbox nolabel_line116 (central_controller) is driving pin DIADI[12] of primitive cell partA_i/blk_mem_gen_0/U0/inst_blk_mem_gen/gnative_mem_map_bmg.native_mem_map_blk_mem_gen/valid.cstr/ramloop[0].ram.r/prim_noinit.ram/DEVICE_7SERIES.NO_BMM_INFO.SP.WIDE_PRIM36.ram. This blackbox cannot be found in the existing library.
Resolution: Please check the input design and ensure that the specific blackbox module is defined. Once the design is modified, then re-run the Vivado flow.
ERROR: [Opt 31-30] Blackbox nolabel_line116 (central_controller) is driving pin DIADI[2] of primitive cell partA_i/blk_mem_gen_0/U0/inst_blk_mem_gen/gnative_mem_map_bmg.native_mem_map_blk_mem_gen/valid.cstr/ramloop[2].ram.r/prim_noinit.ram/DEVICE_7SERIES.NO_BMM_INFO.SP.WIDE_PRIM36.ram. This blackbox cannot be found in the existing library.
Resolution: Please check the input design and ensure that the specific blackbox module is defined. Once the design is modified, then re-run the Vivado flow.
ERROR: [Opt 31-30] Blackbox nolabel_line116 (central_controller) is driving pin DIADI[3] of primitive cell partA_i/blk_mem_gen_0/U0/inst_blk_mem_gen/gnative_mem_map_bmg.native_mem_map_blk_mem_gen/valid.cstr/ramloop[2].ram.r/prim_noinit.ram/DEVICE_7SERIES.NO_BMM_INFO.SP.WIDE_PRIM36.ram. This blackbox cannot be found in the existing library.
Resolution: Please check the input design and ensure that the specific blackbox module is defined. Once the design is modified, then re-run the Vivado flow.
ERROR: [Opt 31-30] Blackbox nolabel_line116 (central_controller) is driving pin DIADI[4] of primitive cell partA_i/blk_mem_gen_0/U0/inst_blk_mem_gen/gnative_mem_map_bmg.native_mem_map_blk_mem_gen/valid.cstr/ramloop[2].ram.r/prim_noinit.ram/DEVICE_7SERIES.NO_BMM_INFO.SP.WIDE_PRIM36.ram. This blackbox cannot be found in the existing library.
Resolution: Please check the input design and ensure that the specific blackbox module is defined. Once the design is modified, then re-run the Vivado flow.
ERROR: [Opt 31-30] Blackbox nolabel_line116 (central_controller) is driving pin DIADI[5] of primitive cell partA_i/blk_mem_gen_0/U0/inst_blk_mem_gen/gnative_mem_map_bmg.native_mem_map_blk_mem_gen/valid.cstr/ramloop[2].ram.r/prim_noinit.ram/DEVICE_7SERIES.NO_BMM_INFO.SP.WIDE_PRIM36.ram. This blackbox cannot be found in the existing library.
Resolution: Please check the input design and ensure that the specific blackbox module is defined. Once the design is modified, then re-run the Vivado flow.
ERROR: [Opt 31-30] Blackbox nolabel_line116 (central_controller) is driving pin DIADI[6] of primitive cell partA_i/blk_mem_gen_0/U0/inst_blk_mem_gen/gnative_mem_map_bmg.native_mem_map_blk_mem_gen/valid.cstr/ramloop[2].ram.r/prim_noinit.ram/DEVICE_7SERIES.NO_BMM_INFO.SP.WIDE_PRIM36.ram. This blackbox cannot be found in the existing library.
Resolution: Please check the input design and ensure that the specific blackbox module is defined. Once the design is modified, then re-run the Vivado flow.
ERROR: [Opt 31-30] Blackbox nolabel_line116 (central_controller) is driving pin DIADI[7] of primitive cell partA_i/blk_mem_gen_0/U0/inst_blk_mem_gen/gnative_mem_map_bmg.native_mem_map_blk_mem_gen/valid.cstr/ramloop[2].ram.r/prim_noinit.ram/DEVICE_7SERIES.NO_BMM_INFO.SP.WIDE_PRIM36.ram. This blackbox cannot be found in the existing library.
Resolution: Please check the input design and ensure that the specific blackbox module is defined. Once the design is modified, then re-run the Vivado flow.
ERROR: [Opt 31-30] Blackbox nolabel_line116 (central_controller) is driving pin DIADI[8] of primitive cell partA_i/blk_mem_gen_0/U0/inst_blk_mem_gen/gnative_mem_map_bmg.native_mem_map_blk_mem_gen/valid.cstr/ramloop[2].ram.r/prim_noinit.ram/DEVICE_7SERIES.NO_BMM_INFO.SP.WIDE_PRIM36.ram. This blackbox cannot be found in the existing library.
Resolution: Please check the input design and ensure that the specific blackbox module is defined. Once the design is modified, then re-run the Vivado flow.
ERROR: [Opt 31-30] Blackbox nolabel_line116 (central_controller) is driving pin DIADI[9] of primitive cell partA_i/blk_mem_gen_0/U0/inst_blk_mem_gen/gnative_mem_map_bmg.native_mem_map_blk_mem_gen/valid.cstr/ramloop[2].ram.r/prim_noinit.ram/DEVICE_7SERIES.NO_BMM_INFO.SP.WIDE_PRIM36.ram. This blackbox cannot be found in the existing library.
Resolution: Please check the input design and ensure that the specific blackbox module is defined. Once the design is modified, then re-run the Vivado flow.
ERROR: [Opt 31-30] Blackbox nolabel_line116 (central_controller) is driving pin DIADI[10] of primitive cell partA_i/blk_mem_gen_0/U0/inst_blk_mem_gen/gnative_mem_map_bmg.native_mem_map_blk_mem_gen/valid.cstr/ramloop[2].ram.r/prim_noinit.ram/DEVICE_7SERIES.NO_BMM_INFO.SP.WIDE_PRIM36.ram. This blackbox cannot be found in the existing library.
Resolution: Please check the input design and ensure that the specific blackbox module is defined. Once the design is modified, then re-run the Vivado flow.
ERROR: [Opt 31-30] Blackbox nolabel_line116 (central_controller) is driving pin DIADI[11] of primitive cell partA_i/blk_mem_gen_0/U0/inst_blk_mem_gen/gnative_mem_map_bmg.native_mem_map_blk_mem_gen/valid.cstr/ramloop[2].ram.r/prim_noinit.ram/DEVICE_7SERIES.NO_BMM_INFO.SP.WIDE_PRIM36.ram. This blackbox cannot be found in the existing library.
Resolution: Please check the input design and ensure that the specific blackbox module is defined. Once the design is modified, then re-run the Vivado flow.
ERROR: [Opt 31-30] Blackbox nolabel_line116 (central_controller) is driving pin DIADI[13] of primitive cell partA_i/blk_mem_gen_0/U0/inst_blk_mem_gen/gnative_mem_map_bmg.native_mem_map_blk_mem_gen/valid.cstr/ramloop[0].ram.r/prim_noinit.ram/DEVICE_7SERIES.NO_BMM_INFO.SP.WIDE_PRIM36.ram. This blackbox cannot be found in the existing library.
Resolution: Please check the input design and ensure that the specific blackbox module is defined. Once the design is modified, then re-run the Vivado flow.
ERROR: [Opt 31-30] Blackbox nolabel_line116 (central_controller) is driving pin DIADI[12] of primitive cell partA_i/blk_mem_gen_0/U0/inst_blk_mem_gen/gnative_mem_map_bmg.native_mem_map_blk_mem_gen/valid.cstr/ramloop[2].ram.r/prim_noinit.ram/DEVICE_7SERIES.NO_BMM_INFO.SP.WIDE_PRIM36.ram. This blackbox cannot be found in the existing library.
Resolution: Please check the input design and ensure that the specific blackbox module is defined. Once the design is modified, then re-run the Vivado flow.
ERROR: [Opt 31-30] Blackbox nolabel_line116 (central_controller) is driving pin DIADI[13] of primitive cell partA_i/blk_mem_gen_0/U0/inst_blk_mem_gen/gnative_mem_map_bmg.native_mem_map_blk_mem_gen/valid.cstr/ramloop[2].ram.r/prim_noinit.ram/DEVICE_7SERIES.NO_BMM_INFO.SP.WIDE_PRIM36.ram. This blackbox cannot be found in the existing library.
Resolution: Please check the input design and ensure that the specific blackbox module is defined. Once the design is modified, then re-run the Vivado flow.
ERROR: [Opt 31-30] Blackbox nolabel_line116 (central_controller) is driving pin DIADI[14] of primitive cell partA_i/blk_mem_gen_0/U0/inst_blk_mem_gen/gnative_mem_map_bmg.native_mem_map_blk_mem_gen/valid.cstr/ramloop[2].ram.r/prim_noinit.ram/DEVICE_7SERIES.NO_BMM_INFO.SP.WIDE_PRIM36.ram. This blackbox cannot be found in the existing library.
Resolution: Please check the input design and ensure that the specific blackbox module is defined. Once the design is modified, then re-run the Vivado flow.
ERROR: [Opt 31-30] Blackbox nolabel_line116 (central_controller) is driving pin DIADI[15] of primitive cell partA_i/blk_mem_gen_0/U0/inst_blk_mem_gen/gnative_mem_map_bmg.native_mem_map_blk_mem_gen/valid.cstr/ramloop[2].ram.r/prim_noinit.ram/DEVICE_7SERIES.NO_BMM_INFO.SP.WIDE_PRIM36.ram. This blackbox cannot be found in the existing library.
Resolution: Please check the input design and ensure that the specific blackbox module is defined. Once the design is modified, then re-run the Vivado flow.
ERROR: [Opt 31-30] Blackbox nolabel_line116 (central_controller) is driving pin DIADI[16] of primitive cell partA_i/blk_mem_gen_0/U0/inst_blk_mem_gen/gnative_mem_map_bmg.native_mem_map_blk_mem_gen/valid.cstr/ramloop[2].ram.r/prim_noinit.ram/DEVICE_7SERIES.NO_BMM_INFO.SP.WIDE_PRIM36.ram. This blackbox cannot be found in the existing library.
Resolution: Please check the input design and ensure that the specific blackbox module is defined. Once the design is modified, then re-run the Vivado flow.
ERROR: [Opt 31-30] Blackbox nolabel_line116 (central_controller) is driving pin DIADI[17] of primitive cell partA_i/blk_mem_gen_0/U0/inst_blk_mem_gen/gnative_mem_map_bmg.native_mem_map_blk_mem_gen/valid.cstr/ramloop[2].ram.r/prim_noinit.ram/DEVICE_7SERIES.NO_BMM_INFO.SP.WIDE_PRIM36.ram. This blackbox cannot be found in the existing library.
Resolution: Please check the input design and ensure that the specific blackbox module is defined. Once the design is modified, then re-run the Vivado flow.
ERROR: [Opt 31-30] Blackbox nolabel_line116 (central_controller) is driving pin DIADI[18] of primitive cell partA_i/blk_mem_gen_0/U0/inst_blk_mem_gen/gnative_mem_map_bmg.native_mem_map_blk_mem_gen/valid.cstr/ramloop[2].ram.r/prim_noinit.ram/DEVICE_7SERIES.NO_BMM_INFO.SP.WIDE_PRIM36.ram. This blackbox cannot be found in the existing library.
Resolution: Please check the input design and ensure that the specific blackbox module is defined. Once the design is modified, then re-run the Vivado flow.
ERROR: [Opt 31-30] Blackbox nolabel_line116 (central_controller) is driving pin DIADI[19] of primitive cell partA_i/blk_mem_gen_0/U0/inst_blk_mem_gen/gnative_mem_map_bmg.native_mem_map_blk_mem_gen/valid.cstr/ramloop[2].ram.r/prim_noinit.ram/DEVICE_7SERIES.NO_BMM_INFO.SP.WIDE_PRIM36.ram. This blackbox cannot be found in the existing library.
Resolution: Please check the input design and ensure that the specific blackbox module is defined. Once the design is modified, then re-run the Vivado flow.
ERROR: [Opt 31-30] Blackbox nolabel_line116 (central_controller) is driving pin DIADI[20] of primitive cell partA_i/blk_mem_gen_0/U0/inst_blk_mem_gen/gnative_mem_map_bmg.native_mem_map_blk_mem_gen/valid.cstr/ramloop[2].ram.r/prim_noinit.ram/DEVICE_7SERIES.NO_BMM_INFO.SP.WIDE_PRIM36.ram. This blackbox cannot be found in the existing library.
Resolution: Please check the input design and ensure that the specific blackbox module is defined. Once the design is modified, then re-run the Vivado flow.
ERROR: [Opt 31-30] Blackbox nolabel_line116 (central_controller) is driving pin DIADI[21] of primitive cell partA_i/blk_mem_gen_0/U0/inst_blk_mem_gen/gnative_mem_map_bmg.native_mem_map_blk_mem_gen/valid.cstr/ramloop[2].ram.r/prim_noinit.ram/DEVICE_7SERIES.NO_BMM_INFO.SP.WIDE_PRIM36.ram. This blackbox cannot be found in the existing library.
Resolution: Please check the input design and ensure that the specific blackbox module is defined. Once the design is modified, then re-run the Vivado flow.
ERROR: [Opt 31-30] Blackbox nolabel_line116 (central_controller) is driving pin DIADI[14] of primitive cell partA_i/blk_mem_gen_0/U0/inst_blk_mem_gen/gnative_mem_map_bmg.native_mem_map_blk_mem_gen/valid.cstr/ramloop[0].ram.r/prim_noinit.ram/DEVICE_7SERIES.NO_BMM_INFO.SP.WIDE_PRIM36.ram. This blackbox cannot be found in the existing library.
Resolution: Please check the input design and ensure that the specific blackbox module is defined. Once the design is modified, then re-run the Vivado flow.
ERROR: [Opt 31-30] Blackbox nolabel_line116 (central_controller) is driving pin DIADI[22] of primitive cell partA_i/blk_mem_gen_0/U0/inst_blk_mem_gen/gnative_mem_map_bmg.native_mem_map_blk_mem_gen/valid.cstr/ramloop[2].ram.r/prim_noinit.ram/DEVICE_7SERIES.NO_BMM_INFO.SP.WIDE_PRIM36.ram. This blackbox cannot be found in the existing library.
Resolution: Please check the input design and ensure that the specific blackbox module is defined. Once the design is modified, then re-run the Vivado flow.
ERROR: [Opt 31-30] Blackbox nolabel_line116 (central_controller) is driving pin DIADI[23] of primitive cell partA_i/blk_mem_gen_0/U0/inst_blk_mem_gen/gnative_mem_map_bmg.native_mem_map_blk_mem_gen/valid.cstr/ramloop[2].ram.r/prim_noinit.ram/DEVICE_7SERIES.NO_BMM_INFO.SP.WIDE_PRIM36.ram. This blackbox cannot be found in the existing library.
Resolution: Please check the input design and ensure that the specific blackbox module is defined. Once the design is modified, then re-run the Vivado flow.
ERROR: [Opt 31-30] Blackbox nolabel_line116 (central_controller) is driving pin DIADI[24] of primitive cell partA_i/blk_mem_gen_0/U0/inst_blk_mem_gen/gnative_mem_map_bmg.native_mem_map_blk_mem_gen/valid.cstr/ramloop[2].ram.r/prim_noinit.ram/DEVICE_7SERIES.NO_BMM_INFO.SP.WIDE_PRIM36.ram. This blackbox cannot be found in the existing library.
Resolution: Please check the input design and ensure that the specific blackbox module is defined. Once the design is modified, then re-run the Vivado flow.
ERROR: [Opt 31-30] Blackbox nolabel_line116 (central_controller) is driving pin DIADI[25] of primitive cell partA_i/blk_mem_gen_0/U0/inst_blk_mem_gen/gnative_mem_map_bmg.native_mem_map_blk_mem_gen/valid.cstr/ramloop[2].ram.r/prim_noinit.ram/DEVICE_7SERIES.NO_BMM_INFO.SP.WIDE_PRIM36.ram. This blackbox cannot be found in the existing library.
Resolution: Please check the input design and ensure that the specific blackbox module is defined. Once the design is modified, then re-run the Vivado flow.
ERROR: [Opt 31-30] Blackbox nolabel_line116 (central_controller) is driving pin DIADI[26] of primitive cell partA_i/blk_mem_gen_0/U0/inst_blk_mem_gen/gnative_mem_map_bmg.native_mem_map_blk_mem_gen/valid.cstr/ramloop[2].ram.r/prim_noinit.ram/DEVICE_7SERIES.NO_BMM_INFO.SP.WIDE_PRIM36.ram. This blackbox cannot be found in the existing library.
Resolution: Please check the input design and ensure that the specific blackbox module is defined. Once the design is modified, then re-run the Vivado flow.
ERROR: [Opt 31-30] Blackbox nolabel_line116 (central_controller) is driving pin DIADI[27] of primitive cell partA_i/blk_mem_gen_0/U0/inst_blk_mem_gen/gnative_mem_map_bmg.native_mem_map_blk_mem_gen/valid.cstr/ramloop[2].ram.r/prim_noinit.ram/DEVICE_7SERIES.NO_BMM_INFO.SP.WIDE_PRIM36.ram. This blackbox cannot be found in the existing library.
Resolution: Please check the input design and ensure that the specific blackbox module is defined. Once the design is modified, then re-run the Vivado flow.
ERROR: [Opt 31-30] Blackbox nolabel_line116 (central_controller) is driving pin DIADI[28] of primitive cell partA_i/blk_mem_gen_0/U0/inst_blk_mem_gen/gnative_mem_map_bmg.native_mem_map_blk_mem_gen/valid.cstr/ramloop[2].ram.r/prim_noinit.ram/DEVICE_7SERIES.NO_BMM_INFO.SP.WIDE_PRIM36.ram. This blackbox cannot be found in the existing library.
Resolution: Please check the input design and ensure that the specific blackbox module is defined. Once the design is modified, then re-run the Vivado flow.
ERROR: [Opt 31-30] Blackbox nolabel_line116 (central_controller) is driving pin DIADI[29] of primitive cell partA_i/blk_mem_gen_0/U0/inst_blk_mem_gen/gnative_mem_map_bmg.native_mem_map_blk_mem_gen/valid.cstr/ramloop[2].ram.r/prim_noinit.ram/DEVICE_7SERIES.NO_BMM_INFO.SP.WIDE_PRIM36.ram. This blackbox cannot be found in the existing library.
Resolution: Please check the input design and ensure that the specific blackbox module is defined. Once the design is modified, then re-run the Vivado flow.
ERROR: [Opt 31-30] Blackbox nolabel_line116 (central_controller) is driving pin DIADI[30] of primitive cell partA_i/blk_mem_gen_0/U0/inst_blk_mem_gen/gnative_mem_map_bmg.native_mem_map_blk_mem_gen/valid.cstr/ramloop[2].ram.r/prim_noinit.ram/DEVICE_7SERIES.NO_BMM_INFO.SP.WIDE_PRIM36.ram. This blackbox cannot be found in the existing library.
Resolution: Please check the input design and ensure that the specific blackbox module is defined. Once the design is modified, then re-run the Vivado flow.
ERROR: [Opt 31-30] Blackbox nolabel_line116 (central_controller) is driving pin DIADI[31] of primitive cell partA_i/blk_mem_gen_0/U0/inst_blk_mem_gen/gnative_mem_map_bmg.native_mem_map_blk_mem_gen/valid.cstr/ramloop[2].ram.r/prim_noinit.ram/DEVICE_7SERIES.NO_BMM_INFO.SP.WIDE_PRIM36.ram. This blackbox cannot be found in the existing library.
Resolution: Please check the input design and ensure that the specific blackbox module is defined. Once the design is modified, then re-run the Vivado flow.
ERROR: [Opt 31-30] Blackbox nolabel_line116 (central_controller) is driving pin DIADI[15] of primitive cell partA_i/blk_mem_gen_0/U0/inst_blk_mem_gen/gnative_mem_map_bmg.native_mem_map_blk_mem_gen/valid.cstr/ramloop[0].ram.r/prim_noinit.ram/DEVICE_7SERIES.NO_BMM_INFO.SP.WIDE_PRIM36.ram. This blackbox cannot be found in the existing library.
Resolution: Please check the input design and ensure that the specific blackbox module is defined. Once the design is modified, then re-run the Vivado flow.
ERROR: [Opt 31-30] Blackbox nolabel_line116 (central_controller) is driving pin DIBDI[0] of primitive cell partA_i/blk_mem_gen_0/U0/inst_blk_mem_gen/gnative_mem_map_bmg.native_mem_map_blk_mem_gen/valid.cstr/ramloop[2].ram.r/prim_noinit.ram/DEVICE_7SERIES.NO_BMM_INFO.SP.WIDE_PRIM36.ram. This blackbox cannot be found in the existing library.
Resolution: Please check the input design and ensure that the specific blackbox module is defined. Once the design is modified, then re-run the Vivado flow.
ERROR: [Opt 31-30] Blackbox nolabel_line116 (central_controller) is driving pin DIBDI[1] of primitive cell partA_i/blk_mem_gen_0/U0/inst_blk_mem_gen/gnative_mem_map_bmg.native_mem_map_blk_mem_gen/valid.cstr/ramloop[2].ram.r/prim_noinit.ram/DEVICE_7SERIES.NO_BMM_INFO.SP.WIDE_PRIM36.ram. This blackbox cannot be found in the existing library.
Resolution: Please check the input design and ensure that the specific blackbox module is defined. Once the design is modified, then re-run the Vivado flow.
ERROR: [Opt 31-30] Blackbox nolabel_line116 (central_controller) is driving pin DIBDI[2] of primitive cell partA_i/blk_mem_gen_0/U0/inst_blk_mem_gen/gnative_mem_map_bmg.native_mem_map_blk_mem_gen/valid.cstr/ramloop[2].ram.r/prim_noinit.ram/DEVICE_7SERIES.NO_BMM_INFO.SP.WIDE_PRIM36.ram. This blackbox cannot be found in the existing library.
Resolution: Please check the input design and ensure that the specific blackbox module is defined. Once the design is modified, then re-run the Vivado flow.
ERROR: [Opt 31-30] Blackbox nolabel_line116 (central_controller) is driving pin DIBDI[3] of primitive cell partA_i/blk_mem_gen_0/U0/inst_blk_mem_gen/gnative_mem_map_bmg.native_mem_map_blk_mem_gen/valid.cstr/ramloop[2].ram.r/prim_noinit.ram/DEVICE_7SERIES.NO_BMM_INFO.SP.WIDE_PRIM36.ram. This blackbox cannot be found in the existing library.
Resolution: Please check the input design and ensure that the specific blackbox module is defined. Once the design is modified, then re-run the Vivado flow.
ERROR: [Opt 31-30] Blackbox nolabel_line116 (central_controller) is driving pin DIBDI[4] of primitive cell partA_i/blk_mem_gen_0/U0/inst_blk_mem_gen/gnative_mem_map_bmg.native_mem_map_blk_mem_gen/valid.cstr/ramloop[2].ram.r/prim_noinit.ram/DEVICE_7SERIES.NO_BMM_INFO.SP.WIDE_PRIM36.ram. This blackbox cannot be found in the existing library.
Resolution: Please check the input design and ensure that the specific blackbox module is defined. Once the design is modified, then re-run the Vivado flow.
ERROR: [Opt 31-30] Blackbox nolabel_line116 (central_controller) is driving pin DIBDI[5] of primitive cell partA_i/blk_mem_gen_0/U0/inst_blk_mem_gen/gnative_mem_map_bmg.native_mem_map_blk_mem_gen/valid.cstr/ramloop[2].ram.r/prim_noinit.ram/DEVICE_7SERIES.NO_BMM_INFO.SP.WIDE_PRIM36.ram. This blackbox cannot be found in the existing library.
Resolution: Please check the input design and ensure that the specific blackbox module is defined. Once the design is modified, then re-run the Vivado flow.
ERROR: [Opt 31-30] Blackbox nolabel_line116 (central_controller) is driving pin DIBDI[6] of primitive cell partA_i/blk_mem_gen_0/U0/inst_blk_mem_gen/gnative_mem_map_bmg.native_mem_map_blk_mem_gen/valid.cstr/ramloop[2].ram.r/prim_noinit.ram/DEVICE_7SERIES.NO_BMM_INFO.SP.WIDE_PRIM36.ram. This blackbox cannot be found in the existing library.
Resolution: Please check the input design and ensure that the specific blackbox module is defined. Once the design is modified, then re-run the Vivado flow.
ERROR: [Opt 31-30] Blackbox nolabel_line116 (central_controller) is driving pin DIBDI[7] of primitive cell partA_i/blk_mem_gen_0/U0/inst_blk_mem_gen/gnative_mem_map_bmg.native_mem_map_blk_mem_gen/valid.cstr/ramloop[2].ram.r/prim_noinit.ram/DEVICE_7SERIES.NO_BMM_INFO.SP.WIDE_PRIM36.ram. This blackbox cannot be found in the existing library.
Resolution: Please check the input design and ensure that the specific blackbox module is defined. Once the design is modified, then re-run the Vivado flow.
ERROR: [Opt 31-30] Blackbox nolabel_line116 (central_controller) is driving pin DIBDI[8] of primitive cell partA_i/blk_mem_gen_0/U0/inst_blk_mem_gen/gnative_mem_map_bmg.native_mem_map_blk_mem_gen/valid.cstr/ramloop[2].ram.r/prim_noinit.ram/DEVICE_7SERIES.NO_BMM_INFO.SP.WIDE_PRIM36.ram. This blackbox cannot be found in the existing library.
Resolution: Please check the input design and ensure that the specific blackbox module is defined. Once the design is modified, then re-run the Vivado flow.
ERROR: [Opt 31-30] Blackbox nolabel_line116 (central_controller) is driving pin DIBDI[9] of primitive cell partA_i/blk_mem_gen_0/U0/inst_blk_mem_gen/gnative_mem_map_bmg.native_mem_map_blk_mem_gen/valid.cstr/ramloop[2].ram.r/prim_noinit.ram/DEVICE_7SERIES.NO_BMM_INFO.SP.WIDE_PRIM36.ram. This blackbox cannot be found in the existing library.
Resolution: Please check the input design and ensure that the specific blackbox module is defined. Once the design is modified, then re-run the Vivado flow.
ERROR: [Opt 31-30] Blackbox nolabel_line116 (central_controller) is driving pin DIADI[16] of primitive cell partA_i/blk_mem_gen_0/U0/inst_blk_mem_gen/gnative_mem_map_bmg.native_mem_map_blk_mem_gen/valid.cstr/ramloop[0].ram.r/prim_noinit.ram/DEVICE_7SERIES.NO_BMM_INFO.SP.WIDE_PRIM36.ram. This blackbox cannot be found in the existing library.
Resolution: Please check the input design and ensure that the specific blackbox module is defined. Once the design is modified, then re-run the Vivado flow.
ERROR: [Opt 31-30] Blackbox nolabel_line116 (central_controller) is driving pin DIBDI[10] of primitive cell partA_i/blk_mem_gen_0/U0/inst_blk_mem_gen/gnative_mem_map_bmg.native_mem_map_blk_mem_gen/valid.cstr/ramloop[2].ram.r/prim_noinit.ram/DEVICE_7SERIES.NO_BMM_INFO.SP.WIDE_PRIM36.ram. This blackbox cannot be found in the existing library.
Resolution: Please check the input design and ensure that the specific blackbox module is defined. Once the design is modified, then re-run the Vivado flow.
ERROR: [Opt 31-30] Blackbox nolabel_line116 (central_controller) is driving pin DIBDI[11] of primitive cell partA_i/blk_mem_gen_0/U0/inst_blk_mem_gen/gnative_mem_map_bmg.native_mem_map_blk_mem_gen/valid.cstr/ramloop[2].ram.r/prim_noinit.ram/DEVICE_7SERIES.NO_BMM_INFO.SP.WIDE_PRIM36.ram. This blackbox cannot be found in the existing library.
Resolution: Please check the input design and ensure that the specific blackbox module is defined. Once the design is modified, then re-run the Vivado flow.
ERROR: [Opt 31-30] Blackbox nolabel_line116 (central_controller) is driving pin DIBDI[12] of primitive cell partA_i/blk_mem_gen_0/U0/inst_blk_mem_gen/gnative_mem_map_bmg.native_mem_map_blk_mem_gen/valid.cstr/ramloop[2].ram.r/prim_noinit.ram/DEVICE_7SERIES.NO_BMM_INFO.SP.WIDE_PRIM36.ram. This blackbox cannot be found in the existing library.
Resolution: Please check the input design and ensure that the specific blackbox module is defined. Once the design is modified, then re-run the Vivado flow.
ERROR: [Opt 31-30] Blackbox nolabel_line116 (central_controller) is driving pin DIBDI[13] of primitive cell partA_i/blk_mem_gen_0/U0/inst_blk_mem_gen/gnative_mem_map_bmg.native_mem_map_blk_mem_gen/valid.cstr/ramloop[2].ram.r/prim_noinit.ram/DEVICE_7SERIES.NO_BMM_INFO.SP.WIDE_PRIM36.ram. This blackbox cannot be found in the existing library.
Resolution: Please check the input design and ensure that the specific blackbox module is defined. Once the design is modified, then re-run the Vivado flow.
ERROR: [Opt 31-30] Blackbox nolabel_line116 (central_controller) is driving pin DIBDI[14] of primitive cell partA_i/blk_mem_gen_0/U0/inst_blk_mem_gen/gnative_mem_map_bmg.native_mem_map_blk_mem_gen/valid.cstr/ramloop[2].ram.r/prim_noinit.ram/DEVICE_7SERIES.NO_BMM_INFO.SP.WIDE_PRIM36.ram. This blackbox cannot be found in the existing library.
Resolution: Please check the input design and ensure that the specific blackbox module is defined. Once the design is modified, then re-run the Vivado flow.
ERROR: [Opt 31-30] Blackbox nolabel_line116 (central_controller) is driving pin DIBDI[15] of primitive cell partA_i/blk_mem_gen_0/U0/inst_blk_mem_gen/gnative_mem_map_bmg.native_mem_map_blk_mem_gen/valid.cstr/ramloop[2].ram.r/prim_noinit.ram/DEVICE_7SERIES.NO_BMM_INFO.SP.WIDE_PRIM36.ram. This blackbox cannot be found in the existing library.
Resolution: Please check the input design and ensure that the specific blackbox module is defined. Once the design is modified, then re-run the Vivado flow.
ERROR: [Opt 31-30] Blackbox nolabel_line116 (central_controller) is driving pin DIBDI[16] of primitive cell partA_i/blk_mem_gen_0/U0/inst_blk_mem_gen/gnative_mem_map_bmg.native_mem_map_blk_mem_gen/valid.cstr/ramloop[2].ram.r/prim_noinit.ram/DEVICE_7SERIES.NO_BMM_INFO.SP.WIDE_PRIM36.ram. This blackbox cannot be found in the existing library.
Resolution: Please check the input design and ensure that the specific blackbox module is defined. Once the design is modified, then re-run the Vivado flow.
ERROR: [Opt 31-30] Blackbox nolabel_line116 (central_controller) is driving pin DIBDI[17] of primitive cell partA_i/blk_mem_gen_0/U0/inst_blk_mem_gen/gnative_mem_map_bmg.native_mem_map_blk_mem_gen/valid.cstr/ramloop[2].ram.r/prim_noinit.ram/DEVICE_7SERIES.NO_BMM_INFO.SP.WIDE_PRIM36.ram. This blackbox cannot be found in the existing library.
Resolution: Please check the input design and ensure that the specific blackbox module is defined. Once the design is modified, then re-run the Vivado flow.
ERROR: [Opt 31-30] Blackbox nolabel_line116 (central_controller) is driving pin DIBDI[18] of primitive cell partA_i/blk_mem_gen_0/U0/inst_blk_mem_gen/gnative_mem_map_bmg.native_mem_map_blk_mem_gen/valid.cstr/ramloop[2].ram.r/prim_noinit.ram/DEVICE_7SERIES.NO_BMM_INFO.SP.WIDE_PRIM36.ram. This blackbox cannot be found in the existing library.
Resolution: Please check the input design and ensure that the specific blackbox module is defined. Once the design is modified, then re-run the Vivado flow.
ERROR: [Opt 31-30] Blackbox nolabel_line116 (central_controller) is driving pin DIBDI[19] of primitive cell partA_i/blk_mem_gen_0/U0/inst_blk_mem_gen/gnative_mem_map_bmg.native_mem_map_blk_mem_gen/valid.cstr/ramloop[2].ram.r/prim_noinit.ram/DEVICE_7SERIES.NO_BMM_INFO.SP.WIDE_PRIM36.ram. This blackbox cannot be found in the existing library.
Resolution: Please check the input design and ensure that the specific blackbox module is defined. Once the design is modified, then re-run the Vivado flow.
ERROR: [Opt 31-30] Blackbox nolabel_line116 (central_controller) is driving pin DIADI[17] of primitive cell partA_i/blk_mem_gen_0/U0/inst_blk_mem_gen/gnative_mem_map_bmg.native_mem_map_blk_mem_gen/valid.cstr/ramloop[0].ram.r/prim_noinit.ram/DEVICE_7SERIES.NO_BMM_INFO.SP.WIDE_PRIM36.ram. This blackbox cannot be found in the existing library.
Resolution: Please check the input design and ensure that the specific blackbox module is defined. Once the design is modified, then re-run the Vivado flow.
ERROR: [Opt 31-30] Blackbox nolabel_line116 (central_controller) is driving pin DIBDI[20] of primitive cell partA_i/blk_mem_gen_0/U0/inst_blk_mem_gen/gnative_mem_map_bmg.native_mem_map_blk_mem_gen/valid.cstr/ramloop[2].ram.r/prim_noinit.ram/DEVICE_7SERIES.NO_BMM_INFO.SP.WIDE_PRIM36.ram. This blackbox cannot be found in the existing library.
Resolution: Please check the input design and ensure that the specific blackbox module is defined. Once the design is modified, then re-run the Vivado flow.
ERROR: [Opt 31-30] Blackbox nolabel_line116 (central_controller) is driving pin DIBDI[21] of primitive cell partA_i/blk_mem_gen_0/U0/inst_blk_mem_gen/gnative_mem_map_bmg.native_mem_map_blk_mem_gen/valid.cstr/ramloop[2].ram.r/prim_noinit.ram/DEVICE_7SERIES.NO_BMM_INFO.SP.WIDE_PRIM36.ram. This blackbox cannot be found in the existing library.
Resolution: Please check the input design and ensure that the specific blackbox module is defined. Once the design is modified, then re-run the Vivado flow.
ERROR: [Opt 31-30] Blackbox nolabel_line116 (central_controller) is driving pin DIBDI[22] of primitive cell partA_i/blk_mem_gen_0/U0/inst_blk_mem_gen/gnative_mem_map_bmg.native_mem_map_blk_mem_gen/valid.cstr/ramloop[2].ram.r/prim_noinit.ram/DEVICE_7SERIES.NO_BMM_INFO.SP.WIDE_PRIM36.ram. This blackbox cannot be found in the existing library.
Resolution: Please check the input design and ensure that the specific blackbox module is defined. Once the design is modified, then re-run the Vivado flow.
ERROR: [Opt 31-30] Blackbox nolabel_line116 (central_controller) is driving pin DIBDI[23] of primitive cell partA_i/blk_mem_gen_0/U0/inst_blk_mem_gen/gnative_mem_map_bmg.native_mem_map_blk_mem_gen/valid.cstr/ramloop[2].ram.r/prim_noinit.ram/DEVICE_7SERIES.NO_BMM_INFO.SP.WIDE_PRIM36.ram. This blackbox cannot be found in the existing library.
Resolution: Please check the input design and ensure that the specific blackbox module is defined. Once the design is modified, then re-run the Vivado flow.
ERROR: [Opt 31-30] Blackbox nolabel_line116 (central_controller) is driving pin DIBDI[24] of primitive cell partA_i/blk_mem_gen_0/U0/inst_blk_mem_gen/gnative_mem_map_bmg.native_mem_map_blk_mem_gen/valid.cstr/ramloop[2].ram.r/prim_noinit.ram/DEVICE_7SERIES.NO_BMM_INFO.SP.WIDE_PRIM36.ram. This blackbox cannot be found in the existing library.
Resolution: Please check the input design and ensure that the specific blackbox module is defined. Once the design is modified, then re-run the Vivado flow.
ERROR: [Opt 31-30] Blackbox nolabel_line116 (central_controller) is driving pin DIBDI[25] of primitive cell partA_i/blk_mem_gen_0/U0/inst_blk_mem_gen/gnative_mem_map_bmg.native_mem_map_blk_mem_gen/valid.cstr/ramloop[2].ram.r/prim_noinit.ram/DEVICE_7SERIES.NO_BMM_INFO.SP.WIDE_PRIM36.ram. This blackbox cannot be found in the existing library.
Resolution: Please check the input design and ensure that the specific blackbox module is defined. Once the design is modified, then re-run the Vivado flow.
INFO: [Common 17-14] Message 'Opt 31-30' appears 100 times and further instances of the messages will be disabled. Use the Tcl command set_msg_config to change the current settings.

Time (s): cpu = 00:00:00 ; elapsed = 00:00:00.063 . Memory (MB): peak = 979.141 ; gain = 0.000
Implement Debug Cores | Checksum: 23ed18c3d
Logic Optimization | Checksum: 23ed18c3d
Ending Logic Optimization Task | Checksum: 18bcf10e2

Time (s): cpu = 00:00:03 ; elapsed = 00:00:03 . Memory (MB): peak = 979.141 ; gain = 0.000
INFO: [Common 17-83] Releasing license: Implementation
20 Infos, 0 Warnings, 17 Critical Warnings and 101 Errors encountered.
opt_design failed
ERROR: [Opt 31-236] Found primitives driven by Empty Hierarchy Cells/Black boxes.
INFO: [Common 17-206] Exiting Vivado at Sat Sep 19 11:55:16 2015...
