

================================================================
== Vivado HLS Report for 'MAT_Multiply'
================================================================
* Date:           Tue Sep 29 22:37:17 2015

* Version:        2015.1 (Build 1215546 on Mon Apr 27 19:24:50 PM 2015)
* Project:        partB
* Solution:       solution1
* Product family: zynq
* Target device:  xc7z020clg484-1


================================================================
== Performance Estimates
================================================================
+ Timing (ns): 
    * Summary: 
    +---------+-------+----------+------------+
    |  Clock  | Target| Estimated| Uncertainty|
    +---------+-------+----------+------------+
    |default  |  10.00|      0.00|        1.25|
    +---------+-------+----------+------------+

+ Latency (clock cycles): 
    * Summary: 
    +-----+-----+-----+-----+---------+
    |  Latency  |  Interval | Pipeline|
    | min | max | min | max |   Type  |
    +-----+-----+-----+-----+---------+
    |    0|    0|    1|    1|   none  |
    +-----+-----+-----+-----+---------+

    + Detail: 
        * Instance: 
        N/A

        * Loop: 
        N/A



================================================================
== Utilization Estimates
================================================================
* Summary: 
+-----------------+---------+-------+--------+-------+
|       Name      | BRAM_18K| DSP48E|   FF   |  LUT  |
+-----------------+---------+-------+--------+-------+
|Expression       |        -|      -|       -|      -|
|FIFO             |        -|      -|       -|      -|
|Instance         |        -|      -|       -|      -|
|Memory           |        -|      -|       -|      -|
|Multiplexer      |        -|      -|       -|      -|
|Register         |        -|      -|       -|      -|
+-----------------+---------+-------+--------+-------+
|Total            |        0|      0|       0|      0|
+-----------------+---------+-------+--------+-------+
|Available        |      280|    220|  106400|  53200|
+-----------------+---------+-------+--------+-------+
|Utilization (%)  |        0|      0|       0|      0|
+-----------------+---------+-------+--------+-------+

+ Detail: 
    * Instance: 
    N/A

    * Memory: 
    N/A

    * FIFO: 
    N/A

    * Expression: 
    N/A

    * Multiplexer: 
    N/A

    * Register: 
    N/A



================================================================
== Interface
================================================================
* Summary: 
N/A

============================================================
+ Verbose Summary: Synthesis Manager
============================================================
InlineROM: 1
ExposeGlobal: 0
============================================================
+ Verbose Summary: CDFG Model
============================================================
IsTopModel: 1
ResetActiveHigh: 1
IsCombinational: 0
IsDatapathOnly: 0
HasWiredReturn: 1
HasMFsm: 0
HasVarLatency: 0
IsPipeline: 0
IsRtlPipelined: 0
IsInstanceOverlapped: 0
IsDontTouch: 0
HasImplIP: 0
IsGatedGlobalClock: 0


============================================================
+ Verbose Summary: Schedule
============================================================
* Number of FSM states: 1
* Pipeline: 0
* Dataflow Pipeline: 0

* FSM state transitions: 
1 --> 
* FSM state operations: 

 <State 1>: 0.00ns
ST_1: stg_2 [1/1] 0.00ns
_ifconv:0  call void (...)* @_ssdm_op_SpecBitsMap(i32* %A), !map !0

ST_1: stg_3 [1/1] 0.00ns
_ifconv:1  call void (...)* @_ssdm_op_SpecBitsMap(i32* %B), !map !6

ST_1: stg_4 [1/1] 0.00ns
_ifconv:2  call void (...)* @_ssdm_op_SpecBitsMap(i64* %C), !map !10

ST_1: stg_5 [1/1] 0.00ns
_ifconv:3  call void (...)* @_ssdm_op_SpecBitsMap(i8 %mA) nounwind, !map !14

ST_1: stg_6 [1/1] 0.00ns
_ifconv:4  call void (...)* @_ssdm_op_SpecBitsMap(i8 %nA) nounwind, !map !20

ST_1: stg_7 [1/1] 0.00ns
_ifconv:5  call void (...)* @_ssdm_op_SpecBitsMap(i8 %mB) nounwind, !map !24

ST_1: stg_8 [1/1] 0.00ns
_ifconv:6  call void (...)* @_ssdm_op_SpecBitsMap(i8 %nB) nounwind, !map !28

ST_1: stg_9 [1/1] 0.00ns
_ifconv:7  call void (...)* @_ssdm_op_SpecBitsMap(i8 %mC) nounwind, !map !32

ST_1: stg_10 [1/1] 0.00ns
_ifconv:8  call void (...)* @_ssdm_op_SpecBitsMap(i8 %nC) nounwind, !map !36

ST_1: stg_11 [1/1] 0.00ns
_ifconv:9  call void (...)* @_ssdm_op_SpecTopModule([13 x i8]* @str) nounwind

ST_1: stg_12 [1/1] 0.00ns
_ifconv:10  call void (...)* @_ssdm_op_SpecInterface(i64* %C, [8 x i8]* @p_str, i32 0, i32 0, i32 0, i32 0, [1 x i8]* @p_str1, [1 x i8]* @p_str1, [1 x i8]* @p_str1)

ST_1: stg_13 [1/1] 0.00ns
_ifconv:11  call void (...)* @_ssdm_op_SpecInterface(i32* %B, [8 x i8]* @p_str, i32 0, i32 0, i32 0, i32 0, [1 x i8]* @p_str1, [1 x i8]* @p_str1, [1 x i8]* @p_str1)

ST_1: stg_14 [1/1] 0.00ns
_ifconv:12  call void (...)* @_ssdm_op_SpecInterface(i32* %A, [8 x i8]* @p_str, i32 0, i32 0, i32 0, i32 0, [1 x i8]* @p_str1, [1 x i8]* @p_str1, [1 x i8]* @p_str1)

ST_1: stg_15 [1/1] 0.00ns
_ifconv:13  call void (...)* @_ssdm_op_SpecLoopName([4 x i8]* @p_str2) nounwind

ST_1: stg_16 [1/1] 0.00ns
_ifconv:14  ret void



============================================================
+ Verbose Summary: Binding
============================================================
N/A
* FSMD analyzer results:
  - Output states:
  - Chain level:
	State 1


============================================================
+ Verbose Summary: Datapath Resource usage 
============================================================
N/A
