@I [HLS-0] Workspace /home/parallels/source_code/ECE_527_MP/mp3/parta/solution3_fifo_unoptimized opened at Mon Sep 28 12:31:28 CDT 2015
@I [HLS-100] Command 'open_solution' returned 0; elapsed 0.002645Total elapsed time: 0.218 sec.
@I [HLS-100] Command "set_part xc7z020clg484-1 "
@I [HLS-100] Command "add_library xilinx/zynq/zynq:xc7z020:clg484:-1 "
@I [HLS-100] Command "get_default_platform "
@I [HLS-100] Command 'get_default_platform' returned 0; elapsed 1e-05Total elapsed time: 0.220 sec.
@I [HLS-100] Command "license_exists VIVADO_HLS "
@I [HLS-100] Command 'license_exists' returned 0; elapsed 4e-06Total elapsed time: 0.220 sec.
@I [HLS-100] Command "open_platform DefaultPlatform "
@I [HLS-100] Command 'open_platform' returned 0; elapsed 6.7e-05Total elapsed time: 0.220 sec.
@I [HLS-100] Command "import_lib /opt/Xilinx/Vivado_HLS/2015.1/common/technology/xilinx/zynq/zynq "
@I [HLS-100] Command "source /opt/Xilinx/Vivado_HLS/2015.1/common/technology/xilinx/common/xilinx.lib "
@I [HLS-100] Command "source /opt/Xilinx/Vivado_HLS/2015.1/common/technology/xilinx/interface/xilinx_interface.lib "
@I [HLS-100] Command "source /opt/Xilinx/Vivado_HLS/2015.1/common/technology/xilinx/interface/plb46.lib "
@I [HLS-100] Command 'ap_source' returned 0; elapsed 0.000233Total elapsed time: 0.221 sec.
@I [HLS-100] Command "source /opt/Xilinx/Vivado_HLS/2015.1/common/technology/xilinx/interface/fsl.lib "
@I [HLS-100] Command 'ap_source' returned 0; elapsed 0.0001Total elapsed time: 0.221 sec.
@I [HLS-100] Command "source /opt/Xilinx/Vivado_HLS/2015.1/common/technology/xilinx/interface/axi4.lib "
@I [HLS-100] Command 'ap_source' returned 0; elapsed 0.000141Total elapsed time: 0.221 sec.
@I [HLS-100] Command "source /opt/Xilinx/Vivado_HLS/2015.1/common/technology/xilinx/interface/maxi.lib "
@I [HLS-100] Command 'ap_source' returned 0; elapsed 0.000124Total elapsed time: 0.221 sec.
@I [HLS-100] Command "source /opt/Xilinx/Vivado_HLS/2015.1/common/technology/xilinx/interface/saxilite.lib "
@I [HLS-100] Command 'ap_source' returned 0; elapsed 8.8e-05Total elapsed time: 0.221 sec.
@I [HLS-100] Command 'ap_source' returned 0; elapsed 0.000915Total elapsed time: 0.221 sec.
@I [HLS-100] Command "source /opt/Xilinx/Vivado_HLS/2015.1/common/technology/xilinx/common/dsp48.lib "
@I [HLS-100] Command 'ap_source' returned 0; elapsed 8.6e-05Total elapsed time: 0.221 sec.
@I [HLS-100] Command "source /opt/Xilinx/Vivado_HLS/2015.1/common/technology/xilinx/ip/xfir.lib "
@I [HLS-100] Command 'ap_source' returned 0; elapsed 9e-05Total elapsed time: 0.221 sec.
@I [HLS-100] Command "source /opt/Xilinx/Vivado_HLS/2015.1/common/technology/xilinx/ip/dds_compiler.lib "
@I [HLS-100] Command 'ap_source' returned 0; elapsed 6.3e-05Total elapsed time: 0.222 sec.
@I [HLS-100] Command "source /opt/Xilinx/Vivado_HLS/2015.1/common/technology/xilinx/ip/xfft.lib "
@I [HLS-100] Command 'ap_source' returned 0; elapsed 5.9e-05Total elapsed time: 0.222 sec.
@I [HLS-100] Command 'ap_source' returned 0; elapsed 0.002748Total elapsed time: 0.223 sec.
@I [HLS-100] Command "source /opt/Xilinx/Vivado_HLS/2015.1/common/technology/xilinx/common/xilinx_old.lib "
@I [HLS-100] Command 'ap_source' returned 0; elapsed 0.00044Total elapsed time: 0.224 sec.
@I [HLS-100] Command "source /opt/Xilinx/Vivado_HLS/2015.1/common/technology/xilinx/common/xilinx_vivado.lib "
@I [HLS-100] Command 'ap_source' returned 0; elapsed 0.000295Total elapsed time: 0.224 sec.
@I [HLS-100] Command "source /opt/Xilinx/Vivado_HLS/2015.1/common/technology/xilinx/common/xilinx.hlp "
@I [HLS-100] Command "source /opt/Xilinx/Vivado_HLS/2015.1/common/technology/xilinx/common/target_info.tcl "
@I [HLS-100] Command 'ap_source' returned 0; elapsed 7.5e-05Total elapsed time: 0.226 sec.
@I [HLS-100] Command "source /opt/Xilinx/Vivado_HLS/2015.1/common/technology/xilinx/interface/xilinx_interface.hlp "
@I [HLS-100] Command "source /opt/Xilinx/Vivado_HLS/2015.1/common/technology/xilinx/interface/maxi.hlp "
@I [HLS-100] Command 'ap_source' returned 0; elapsed 6.4e-05Total elapsed time: 0.226 sec.
@I [HLS-100] Command "source /opt/Xilinx/Vivado_HLS/2015.1/common/technology/xilinx/interface/saxilite.hlp "
@I [HLS-100] Command 'ap_source' returned 0; elapsed 5.8e-05Total elapsed time: 0.226 sec.
@I [HLS-100] Command 'ap_source' returned 0; elapsed 0.000223Total elapsed time: 0.226 sec.
@I [HLS-100] Command "source /opt/Xilinx/Vivado_HLS/2015.1/common/technology/xilinx/common/dsp48.hlp "
@I [HLS-100] Command 'ap_source' returned 0; elapsed 0.0003Total elapsed time: 0.226 sec.
@I [HLS-100] Command 'ap_source' returned 0; elapsed 0.001221Total elapsed time: 0.227 sec.
@I [HLS-100] Command "source /opt/Xilinx/Vivado_HLS/2015.1/common/technology/xilinx/zynq/dsp48e1.hlp "
@I [HLS-100] Command 'ap_source' returned 0; elapsed 5.8e-05Total elapsed time: 0.227 sec.
@I [HLS-100] Command "get_default_platform "
@I [HLS-100] Command 'get_default_platform' returned 0; elapsed 3e-06Total elapsed time: 0.227 sec.
@I [HLS-100] Command "config_chip_info -quiet -resource  {SLICE 13300}  {LUT 53200}     {FF 106400} {DSP48E 220}   {BRAM 280}  "
@I [HLS-100] Command 'config_chip_info' returned 0; elapsed 1.2e-05Total elapsed time: 0.227 sec.
@I [HLS-100] Command "config_chip_info -quiet -speed medium "
@I [HLS-100] Command 'config_chip_info' returned 0; elapsed 3e-06Total elapsed time: 0.227 sec.
@I [HLS-100] Command 'import_lib' returned 0; elapsed 0.00783Total elapsed time: 0.228 sec.
@I [HLS-100] Command "source /opt/Xilinx/Vivado_HLS/2015.1/common/technology/xilinx/zynq/zynq.gen "
@I [HLS-100] Command "source /opt/Xilinx/Vivado_HLS/2015.1/common/technology/xilinx/common/virtex.gen "
@I [HLS-100] Command "source /opt/Xilinx/Vivado_HLS/2015.1/common/technology/xilinx/common/xilinx.gen "
@I [HLS-100] Command "source /opt/Xilinx/Vivado_HLS/2015.1/common/technology/xilinx/interface/plb46.gen "
@I [HLS-100] Command 'ap_source' returned 0; elapsed 0.000712Total elapsed time: 0.229 sec.
@I [HLS-100] Command "source /opt/Xilinx/Vivado_HLS/2015.1/common/technology/xilinx/interface/fsl.gen "
@I [HLS-100] Command 'ap_source' returned 0; elapsed 0.000273Total elapsed time: 0.229 sec.
@I [HLS-100] Command "source /opt/Xilinx/Vivado_HLS/2015.1/common/technology/xilinx/interface/axi4.gen "
@I [HLS-100] Command 'ap_source' returned 0; elapsed 0.001252Total elapsed time: 0.231 sec.
@I [HLS-100] Command "source /opt/Xilinx/Vivado_HLS/2015.1/common/technology/xilinx/interface/nativeAXI4.gen "
@I [HLS-100] Command "source /opt/Xilinx/Vivado_HLS/2015.1/common/technology/xilinx/interface/saxilite.gen "
@I [HLS-100] Command 'ap_source' returned 0; elapsed 0.00236Total elapsed time: 0.233 sec.
@I [HLS-100] Command "source /opt/Xilinx/Vivado_HLS/2015.1/common/technology/xilinx/interface/maxi.gen "
@I [HLS-100] Command 'ap_source' returned 0; elapsed 0.004125Total elapsed time: 0.237 sec.
@I [HLS-100] Command 'ap_source' returned 0; elapsed 0.006613Total elapsed time: 0.237 sec.
@I [HLS-100] Command "source /opt/Xilinx/Vivado_HLS/2015.1/common/technology/xilinx/scripts/xilinxcoregen.gen "
@I [HLS-100] Command 'ap_source' returned 0; elapsed 0.00575Total elapsed time: 0.243 sec.
@I [HLS-100] Command "source /opt/Xilinx/Vivado_HLS/2015.1/common/technology/xilinx/interface/XilEDKCoreGen.gen "
@I [HLS-100] Command 'ap_source' returned 0; elapsed 0.005108Total elapsed time: 0.248 sec.
@I [HLS-100] Command "source /opt/Xilinx/Vivado_HLS/2015.1/common/technology/xilinx/ip/xfft.gen "
@I [HLS-100] Command 'ap_source' returned 0; elapsed 0.074816Total elapsed time: 0.323 sec.
@I [HLS-100] Command "source /opt/Xilinx/Vivado_HLS/2015.1/common/technology/xilinx/ip/xfir.gen "
@I [HLS-100] Command "source /opt/Xilinx/Vivado_HLS/2015.1/tps/tcl/tcllib1.11.1/struct/list.tcl "
@I [HLS-100] Command "source /opt/Xilinx/Vivado_HLS/2015.1/tps/tcl/tcllib1.11.1/cmdline/cmdline.tcl "
@I [HLS-100] Command 'ap_source' returned 0; elapsed 0.000482Total elapsed time: 0.334 sec.
@I [HLS-100] Command 'ap_source' returned 0; elapsed 0.001073Total elapsed time: 0.335 sec.
@I [HLS-100] Command "source /opt/Xilinx/Vivado_HLS/2015.1/tps/tcl/tcllib1.11.1/math/bignum.tcl "
@I [HLS-100] Command 'ap_source' returned 0; elapsed 0.000386Total elapsed time: 0.341 sec.
@I [HLS-100] Command 'ap_source' returned 0; elapsed 0.023018Total elapsed time: 0.346 sec.
@I [HLS-100] Command "source /opt/Xilinx/Vivado_HLS/2015.1/common/technology/xilinx/ip/dds_compiler.gen "
@I [HLS-100] Command 'ap_source' returned 0; elapsed 0.002024Total elapsed time: 0.348 sec.
@I [HLS-100] Command "source /opt/Xilinx/Vivado_HLS/2015.1/common/technology/xilinx/ip/util.gen "
@I [HLS-100] Command 'ap_source' returned 0; elapsed 9.7e-05Total elapsed time: 0.349 sec.
@I [HLS-100] Command 'ap_source' returned 0; elapsed 0.12016Total elapsed time: 0.349 sec.
@I [HLS-100] Command "source /opt/Xilinx/Vivado_HLS/2015.1/common/technology/xilinx/common/dsp48.gen "
@I [HLS-100] Command 'ap_source' returned 0; elapsed 7.4e-05Total elapsed time: 0.349 sec.
@I [HLS-100] Command 'ap_source' returned 0; elapsed 0.12126Total elapsed time: 0.350 sec.
@I [HLS-100] Command 'ap_source' returned 0; elapsed 0.121373Total elapsed time: 0.350 sec.
@I [HLS-100] Command "get_default_platform "
@I [HLS-100] Command 'get_default_platform' returned 0; elapsed 6e-06Total elapsed time: 0.350 sec.
@I [HLS-100] Command "config_chip_info -quiet -resource  {SLICE 13300}  {LUT 53200}     {FF 106400} {DSP48E 220}   {BRAM 280}  "
@I [HLS-100] Command 'config_chip_info' returned 0; elapsed 2.3e-05Total elapsed time: 0.350 sec.
@I [HLS-100] Command "config_chip_info -quiet -speed slow "
@I [HLS-100] Command 'config_chip_info' returned 0; elapsed 2e-06Total elapsed time: 0.350 sec.
@I [HLS-100] Command 'add_library' returned 0; elapsed 0.130711Total elapsed time: 0.350 sec.
@I [HLS-100] Command "add_library xilinx/zynq/zynq_fpv6 "
@I [HLS-100] Command "get_default_platform "
@I [HLS-100] Command 'get_default_platform' returned 0; elapsed 3e-06Total elapsed time: 0.351 sec.
@I [HLS-100] Command "license_exists VIVADO_HLS "
@I [HLS-100] Command 'license_exists' returned 0; elapsed 5e-06Total elapsed time: 0.351 sec.
@I [HLS-100] Command "open_platform DefaultPlatform "
@I [HLS-100] Command 'open_platform' returned 0; elapsed 3e-06Total elapsed time: 0.351 sec.
@I [HLS-100] Command "import_lib /opt/Xilinx/Vivado_HLS/2015.1/common/technology/xilinx/zynq/zynq_fpv6 "
@I [HLS-100] Command "source /opt/Xilinx/Vivado_HLS/2015.1/common/technology/xilinx/common/xilinx_fpv7.lib "
@I [HLS-100] Command 'ap_source' returned 0; elapsed 0.001677Total elapsed time: 0.353 sec.
@I [HLS-100] Command "source /opt/Xilinx/Vivado_HLS/2015.1/common/technology/xilinx/common/xilinx_fpv.hlp "
@I [HLS-100] Command "source /opt/Xilinx/Vivado_HLS/2015.1/common/technology/xilinx/common/xilinx.hlp "
@I [HLS-100] Command "source /opt/Xilinx/Vivado_HLS/2015.1/common/technology/xilinx/common/target_info.tcl "
@I [HLS-100] Command 'ap_source' returned 0; elapsed 0.000105Total elapsed time: 0.356 sec.
@I [HLS-100] Command "source /opt/Xilinx/Vivado_HLS/2015.1/common/technology/xilinx/interface/xilinx_interface.hlp "
@I [HLS-100] Command "source /opt/Xilinx/Vivado_HLS/2015.1/common/technology/xilinx/interface/maxi.hlp "
@I [HLS-100] Command 'ap_source' returned 0; elapsed 6.7e-05Total elapsed time: 0.357 sec.
@I [HLS-100] Command "source /opt/Xilinx/Vivado_HLS/2015.1/common/technology/xilinx/interface/saxilite.hlp "
@I [HLS-100] Command 'ap_source' returned 0; elapsed 6.4e-05Total elapsed time: 0.357 sec.
@I [HLS-100] Command 'ap_source' returned 0; elapsed 0.000227Total elapsed time: 0.357 sec.
@I [HLS-100] Command "source /opt/Xilinx/Vivado_HLS/2015.1/common/technology/xilinx/common/dsp48.hlp "
@I [HLS-100] Command 'ap_source' returned 0; elapsed 0.000305Total elapsed time: 0.357 sec.
@I [HLS-100] Command 'ap_source' returned 0; elapsed 0.001307Total elapsed time: 0.357 sec.
@I [HLS-100] Command 'ap_source' returned 0; elapsed 0.001651Total elapsed time: 0.358 sec.
@I [HLS-100] Command 'import_lib' returned 0; elapsed 0.009772Total elapsed time: 0.361 sec.
@I [HLS-100] Command "source /opt/Xilinx/Vivado_HLS/2015.1/common/technology/xilinx/zynq/zynq_fpv6.gen "
@I [HLS-100] Command "source /opt/Xilinx/Vivado_HLS/2015.1/common/technology/xilinx/common/xilinx_fpv6.gen "
@I [HLS-100] Command 'ap_source' returned 0; elapsed 0.000983Total elapsed time: 0.362 sec.
@I [HLS-100] Command 'ap_source' returned 0; elapsed 0.001109Total elapsed time: 0.362 sec.
@I [HLS-100] Command 'add_library' returned 0; elapsed 0.012132Total elapsed time: 0.363 sec.
@I [HLS-10] Setting target device to 'xc7z020clg484-1'
@I [HLS-100] Command 'set_part' returned 0; elapsed 0.144664Total elapsed time: 0.363 sec.
@I [HLS-100] Command "create_clock -period 10 -name default "
@I [HLS-100] Command "config_clock -quiet -name default -period 10 -default=false "
@I [SYN-201] Setting up clock 'default' with a period of 10ns.
@I [HLS-100] Command 'config_clock' returned 0; elapsed 4.7e-05Total elapsed time: 0.363 sec.
@I [HLS-100] Command 'create_clock' returned 0; elapsed 0.000543Total elapsed time: 0.363 sec.
@I [HLS-100] Command "source ./parta/solution3_fifo_unoptimized/directives.tcl "
@I [HLS-100] Command "set_directive_interface -mode ap_fifo MAT_Multiply A "
@I [HLS-100] Command 'set_directive_interface' returned 0; elapsed 0.000112Total elapsed time: 0.363 sec.
@I [HLS-100] Command "set_directive_interface -mode ap_fifo MAT_Multiply B "
@I [HLS-100] Command 'set_directive_interface' returned 0; elapsed 8.5e-05Total elapsed time: 0.364 sec.
@I [HLS-100] Command "set_directive_interface -mode ap_fifo MAT_Multiply C "
@I [HLS-100] Command 'set_directive_interface' returned 0; elapsed 7.9e-05Total elapsed time: 0.364 sec.
@I [HLS-100] Command 'ap_source' returned 0; elapsed 0.000407Total elapsed time: 0.364 sec.
@I [HLS-100] Command "csynth_design "
@I [HLS-100] Command "elaborate -effort=medium -skip_syncheck=0 -lm=0 -skip_cdt=0 -skip_transform=0 -ng=0 -g=0 -opt_fp=0 "
@I [HLS-10] Analyzing design file 'parta/matrixmath.c' ... 
@0 [HLS-0] Analyzing design file 'parta/matrixmath.c' ... 
@I [HLS-0] Compiling one TU...
@I [HLS-0] 
Checking before pre-process: exec clang -fno-limit-debug-info -gcc-toolchain "/opt/Xilinx/Vivado_HLS/2015.1/lnx64/tools/gcc" -hls    -fno-math-errno -c -emit-llvm -O0  -mllvm -disable-llvm-optzns -std=gnu89   -DAESL_SYN -D__SYNTHESIS__ -D__HLS_SYN__ -I "/opt/Xilinx/Vivado_HLS/2015.1/common/technology/autopilot" -I "/opt/Xilinx/Vivado_HLS/2015.1/common/technology/autopilot/ap_sysc" -include etc/autopilot_ssdm_op.h  "parta/matrixmath.c"  -o "/home/parallels/source_code/ECE_527_MP/mp3/parta/solution3_fifo_unoptimized/.autopilot/db/matrixmath.pp.00.o"

@I [HLS-100] Command "is_encrypted /home/parallels/source_code/ECE_527_MP/mp3/parta/solution3_fifo_unoptimized/.autopilot/db/matrixmath.pp.00.o "
@I [HLS-100] Command 'is_encrypted' returned 0; elapsed 7.4e-05Total elapsed time: 0.419 sec.
@I [HLS-0] Syntax Checker time: 0 seconds per iteration
@I [HLS-0] 
Source preprocessing: exec clang -fno-limit-debug-info -gcc-toolchain "/opt/Xilinx/Vivado_HLS/2015.1/lnx64/tools/gcc" -hls -fno-exceptions  -D__llvm__  -CC -E "parta/matrixmath.c"     -fno-math-errno -c -emit-llvm -O0  -mllvm -disable-llvm-optzns -std=gnu89   -DAESL_SYN -D__SYNTHESIS__ -D__HLS_SYN__ -I "/opt/Xilinx/Vivado_HLS/2015.1/common/technology/autopilot" -I "/opt/Xilinx/Vivado_HLS/2015.1/common/technology/autopilot/ap_sysc" -include etc/autopilot_ssdm_op.h  -o "/home/parallels/source_code/ECE_527_MP/mp3/parta/solution3_fifo_unoptimized/.autopilot/db/matrixmath.pp.0.c"

@I [HLS-0] GCC PP time: 0 seconds per iteration
@I [HLS-0] Setting directive 'INTERFACE' ap_fifo=positionBoolean0mode port=positionBooleanTextRequiredA 
@I [HLS-0] Setting directive 'INTERFACE' ap_fifo=positionBoolean0mode port=positionBooleanTextRequiredB 
@I [HLS-0] Setting directive 'INTERFACE' ap_fifo=positionBoolean0mode port=positionBooleanTextRequiredC 
@I [HLS-100] Command "list_core -type functional_unit "
@I [HLS-100] Command 'list_core' returned 0; elapsed 0.000107Total elapsed time: 0.460 sec.
@I [HLS-0] Marker-Pragma convertor: /home/parallels/source_code/ECE_527_MP/mp3/parta/solution3_fifo_unoptimized/.autopilot/db/matrixmath.pp.0.c /home/parallels/source_code/ECE_527_MP/mp3/parta/solution3_fifo_unoptimized/.autopilot/db/matrixmath.pp.0.c.ap-line.c /home/parallels/source_code/ECE_527_MP/mp3/parta/solution3_fifo_unoptimized/.autopilot/db/matrixmath.pp.0.c.ap-line.c.CXX 1
@I [HLS-0] 
Source processor: exec /opt/Xilinx/Vivado_HLS/2015.1/tps/lnx64/jre/bin/java -Xmx512m -classpath   "/opt/Xilinx/Vivado_HLS/2015.1/lib/classes/autopilot.sourceprocessor.jar:/opt/Xilinx/Vivado_HLS/2015.1/lib/classes/org.eclipse.cdt.core_5.3.0.xilinx_patch.jar:/opt/Xilinx/Vivado_HLS/2015.1/lib/classes/org.eclipse.core.runtime_3.7.0.v20110110.jar:/opt/Xilinx/Vivado_HLS/2015.1/lib/classes/org.eclipse.equinox.common_3.6.0.v20110523.jar:/opt/Xilinx/Vivado_HLS/2015.1/lib/classes/com.ibm.icu_4.4.2.v20110208.jar:/opt/Xilinx/Vivado_HLS/2015.1/lib/classes/jargs.jar:/opt/Xilinx/Vivado_HLS/2015.1/lnx64/tools/eclipse/plugins/org.eclipse.emf.common_2.10.0.v20140514-1158.jar:/opt/Xilinx/Vivado_HLS/2015.1/lnx64/tools/eclipse/plugins/org.eclipse.emf.ecore_2.10.0.v20140514-1158.jar:/opt/Xilinx/Vivado_HLS/2015.1/lnx64/tools/eclipse/plugins/org.eclipse.emf.ecore.xmi_2.10.0.v20140514-1158.jar:/opt/Xilinx/Vivado_HLS/2015.1/lnx64/tools/eclipse/plugins/com.autoesl.autopilot.ui.directiveFileModel_1.0.0.jar:/opt/Xilinx/Vivado_HLS/2015.1/lnx64/tools/eclipse/plugins/com.autoesl.autopilot.ui.common_1.0.0.jar"  autopilot.sourceprocessor.CParser  "/home/parallels/source_code/ECE_527_MP/mp3/parta/solution3_fifo_unoptimized/.autopilot/db/matrixmath.pp.0.c.ap-line.c"  -m "MAT_Multiply" -o "/home/parallels/source_code/ECE_527_MP/mp3/parta/solution3_fifo_unoptimized/.autopilot/db/matrixmath.pp.0.c.ap-cdt.c" -c --pp --directive /home/parallels/source_code/ECE_527_MP/mp3/parta/solution3_fifo_unoptimized/solution3_fifo_unoptimized.directive --source /home/parallels/source_code/ECE_527_MP/mp3/parta/matrixmath.c --error /home/parallels/source_code/ECE_527_MP/mp3/parta/solution3_fifo_unoptimized/.autopilot/db --funcunit "AddSub AddSub_DSP AddSubnS DAddSub_fulldsp DAddSub_nodsp DDiv DExp_fulldsp DExp_meddsp DExp_nodsp DLog_fulldsp DLog_meddsp DLog_nodsp DMul_fulldsp DMul_maxdsp DMul_meddsp DMul_nodsp DRSqrt DRecip DSqrt DivnS FAddSub_fulldsp FAddSub_nodsp FDiv FExp_fulldsp FExp_meddsp FExp_nodsp FLog_fulldsp FLog_meddsp FLog_nodsp FMul_fulldsp FMul_maxdsp FMul_meddsp FMul_nodsp FRSqrt_fulldsp FRSqrt_nodsp FRecip_fulldsp FRecip_nodsp FSqrt Mul Mul2S Mul3S Mul4S Mul5S Mul6S MulnS MuxnS" --ca --gf --df --pd --p2d /home/parallels/source_code/ECE_527_MP/mp3/parta/solution3_fifo_unoptimized/.autopilot/db --sd --scff /home/parallels/source_code/ECE_527_MP/mp3/parta/solution3_fifo_unoptimized/.autopilot/db/.systemc_flag --ad

@I [HLS-0] Marker-Pragma convertor: /home/parallels/source_code/ECE_527_MP/mp3/parta/solution3_fifo_unoptimized/.autopilot/db/matrixmath.pp.0.c.ap-cdt.c /home/parallels/source_code/ECE_527_MP/mp3/parta/solution3_fifo_unoptimized/.autopilot/db/matrixmath.pragma.0.c /home/parallels/source_code/ECE_527_MP/mp3/parta/solution3_fifo_unoptimized/.autopilot/db/matrixmath.pragma.0.c.ap-line.CXX 0
@I [HLS-100] Command "source /home/parallels/source_code/ECE_527_MP/mp3/parta/solution3_fifo_unoptimized/.autopilot/db/pragma.status.tcl "
@I [HLS-100] Command 'ap_source' returned 0; elapsed 0.000131Total elapsed time: 1.302 sec.
@I [HLS-0] CDT processor time: 0 seconds per iteration
@I [HLS-0] Pragma handling time: 0 seconds per iteration
@I [HLS-0] 
Source preprocessing: exec clang -fno-limit-debug-info -gcc-toolchain "/opt/Xilinx/Vivado_HLS/2015.1/lnx64/tools/gcc" -hls -fno-exceptions  -D__llvm__  -CC -E "/home/parallels/source_code/ECE_527_MP/mp3/parta/solution3_fifo_unoptimized/.autopilot/db/matrixmath.pragma.1.c"     -fno-math-errno -c -emit-llvm -O0  -mllvm -disable-llvm-optzns -std=gnu89   -DAESL_SYN -D__SYNTHESIS__ -D__HLS_SYN__ -I "/opt/Xilinx/Vivado_HLS/2015.1/common/technology/autopilot" -I "/opt/Xilinx/Vivado_HLS/2015.1/common/technology/autopilot/ap_sysc" -include etc/autopilot_ssdm_op.h  -o "/home/parallels/source_code/ECE_527_MP/mp3/parta/solution3_fifo_unoptimized/.autopilot/db/matrixmath.pragma.2.c"

@I [HLS-0] exec clang -fno-limit-debug-info -gcc-toolchain /opt/Xilinx/Vivado_HLS/2015.1/lnx64/tools/gcc -hls -hls-analyze-label -hls-analyze-pragma -fno-exceptions  -D__llvm__  -w  "/home/parallels/source_code/ECE_527_MP/mp3/parta/solution3_fifo_unoptimized/.autopilot/db/matrixmath.pragma.2.c"    -fno-math-errno -c -emit-llvm -O0  -mllvm -disable-llvm-optzns -std=gnu89  -DAESL_SYN -D__SYNTHESIS__ -D__HLS_SYN__ -I "/opt/Xilinx/Vivado_HLS/2015.1/common/technology/autopilot" -I "/opt/Xilinx/Vivado_HLS/2015.1/common/technology/autopilot/ap_sysc" -include etc/autopilot_ssdm_op.h -g -o "/home/parallels/source_code/ECE_527_MP/mp3/parta/solution3_fifo_unoptimized/.autopilot/db/matrixmath.g.bc"
@I [HLS-10] Validating synthesis directives ...
@0 [HLS-0] Validating synthesis directives ...
@I [HLS-100] Command "source /home/parallels/source_code/ECE_527_MP/mp3/parta/solution3_fifo_unoptimized/.autopilot/db/pragma.status.tcl "
@I [HLS-100] Command 'ap_source' returned 0; elapsed 9.6e-05Total elapsed time: 1.393 sec.
@I [HLS-0] Linking all ...
@I [HLS-0] exec llvm-ld  "/home/parallels/source_code/ECE_527_MP/mp3/parta/solution3_fifo_unoptimized/.autopilot/db/matrixmath.bc"  -disable-opt  -L/opt/Xilinx/Vivado_HLS/2015.1/lnx64/lib -lm_basic -o "/home/parallels/source_code/ECE_527_MP/mp3/parta/solution3_fifo_unoptimized/.autopilot/db/a.o.pre"
@I [HLS-0] Link time: 0 seconds per iteration
@I [HLS-0] Linking all ...
@I [HLS-0] exec llvm-ld  "/home/parallels/source_code/ECE_527_MP/mp3/parta/solution3_fifo_unoptimized/.autopilot/db/matrixmath.g.bc"  -disable-opt  -L/opt/Xilinx/Vivado_HLS/2015.1/lnx64/lib -lm_basic -o "/home/parallels/source_code/ECE_527_MP/mp3/parta/solution3_fifo_unoptimized/.autopilot/db/a.g.pre"
@I [HLS-0] Link time: 0 seconds per iteration
@I [HLS-100] Command "opt_and_import_c a -opt_level=2 -skip_syncheck=0 -ng=0 "
@I [HLS-100] Command "cleanup_all_models "
@I [HLS-100] Command 'cleanup_all_models' returned 0; elapsed 1.2e-05Total elapsed time: 1.475 sec.
@I [HLS-10] Starting code transformations ...
@0 [HLS-0] Starting code transformations ...
@I [HLS-0] std xform: transform -hls -share-std-xform -always-inline -promote-dbg-pointer  -interface-preproc  -scalarrepl -mem2reg -keep-read-access -instcombine -dce  -promote-dbg-pointer  -bitop-raise  -indvars -loop-simplify -xunroll  -constprop -instcombine -simplifycfg -indvars  -simplifycfg -dce -globaldce  -basicaa  -simplifycfg -mem2reg -globalopt  -global-constprop -deadargelim -instcombine -simplifycfg  -prune-eh -simplifycfg  -scalarrepl -instcombine -reassociate -licm  -simplifycfg -loop-simplify -indvars -instcombine  -simplifycfg -mem2reg -loop-simplify -indvars -instcombine  -gvn -gvn -instcombine -adce  -break-crit-edges  -simplifycfg -loop-delete  -global-array-opt -dce -dse -adce  -find-syn-modules -top MAT_Multiply  -deadargelim  -mem2reg -instcombine -dce  -presyn-prepare -auto-rom-infer  -interface-preproc  -syn-check -check-rec-only  -find-region -simplifycfg -func-extr -function-inline  -globaldce -mem2reg -instcombine -dce   -gvn -globaldce -adce -adse  -constprop -instcombine -bit-constprop  -instcombine -dce -simplifycfg -bitop-raise  -simplifycfg -dce -loop-delete -reassociate  -globalopt -global-privatize -mem2reg -dce  -global-constprop -pointer-simplify -constprop -dce  -func-inst -deadargelim  -promote-dbg-pointer  -norm-name   /home/parallels/source_code/ECE_527_MP/mp3/parta/solution3_fifo_unoptimized/.autopilot/db/a.g.0.bc -o /home/parallels/source_code/ECE_527_MP/mp3/parta/solution3_fifo_unoptimized/.autopilot/db/a.g.1.bc -f  -phase std-opt
@I [HLS-0] Std xform time: 0 seconds per iteration
@I [HLS-100] Command "is_encrypted /home/parallels/source_code/ECE_527_MP/mp3/parta/solution3_fifo_unoptimized/.autopilot/db/a.g.1.bc "
@I [HLS-100] Command 'is_encrypted' returned 0; elapsed 5.8e-05Total elapsed time: 1.518 sec.
@I [HLS-10] Checking synthesizability ...
@0 [HLS-0] Checking synthesizability ...
@I [HLS-0] syn check 1/2: transform -hls -syn-check -check-rec-only -disaggr -scalarrepl -norm-name -dce  -mem2reg -instcombine -function-uniquify  -directive-preproc -function-uniquify -directive-preproc -mem2reg -dse -dce -auto-rom-infer -dce  -array-normalize -instcombine -dce  -array-seg-normalize -instcombine -dce  -array-flatten -instcombine -dce  -array-burst -dce  -deadargelim -promote-global-argument  -function-inline -globaldce -dce  -doublePtrSimplify -doublePtrElim -dce  -doublePtrSimplify -promote-dbg-pointer  -dce -scalarrepl -dse -adse -instcombine  -ptrLegalization  -simplifycfg -dce -instcombine  -pointer-simplify -ptrArgReplace -dce -instcombine   -disaggr -scalarrepl -norm-name -dce  -mem2reg -instcombine -ptrLegalization   -simplifycfg -deadargelim  -instcombine -dce -inst-simplify -function-uniquify  -directive-preproc -function-uniquify -directive-preproc -mem2reg -dse -dce  -globaldce    /home/parallels/source_code/ECE_527_MP/mp3/parta/solution3_fifo_unoptimized/.autopilot/db/a.g.1.bc -o /home/parallels/source_code/ECE_527_MP/mp3/parta/solution3_fifo_unoptimized/.autopilot/db/a.g.2.prechk.bc -f
@I [HLS-0] Syn check 1/2 time: 0 seconds per iteration
@I [HLS-0] syn check 2/2: transform -syn-check   /home/parallels/source_code/ECE_527_MP/mp3/parta/solution3_fifo_unoptimized/.autopilot/db/a.g.2.prechk.bc -o /home/parallels/source_code/ECE_527_MP/mp3/parta/solution3_fifo_unoptimized/.autopilot/db/a.g.2.bc -f  -phase syn-check
@E [SYNCHK-91] Port 'C' (parta/matrixmath.c:4) of function 'MAT_Multiply' cannot be set to a FIFO 
               as it has both write (parta/matrixmath.c:20:10) and read (parta/matrixmath.c:20:10) operations.
@I [SYNCHK-10] 1 error(s), 0 warning(s).
@E [HLS-70] Synthesizability check failed.
@I [HLS-100] Command 'opt_and_import_c' returned 2; elapsed 0.081109Total elapsed time: 1.607 sec.
@I [HLS-111] Elapsed time: 0.425144 seconds; current memory usage: 40.6 MB.
@I [HLS-100] Command 'elaborate' returned 2; elapsed 0.113696Total elapsed time: 1.608 sec.
@I [HLS-100] Command 'csynth_design' returned 2; elapsed 0.113798Total elapsed time: 1.608 sec.
@I [HLS-100] Command 'ap_source' returned 1; elapsed 0.26703Total elapsed time: 1.608 sec.
command 'ap_source' returned error code
    while executing
"source /home/parallels/source_code/ECE_527_MP/mp3/parta/solution3_fifo_unoptimized/csynth.tcl"
    invoked from within
"hls::main /home/parallels/source_code/ECE_527_MP/mp3/parta/solution3_fifo_unoptimized/csynth.tcl"
    ("uplevel" body line 1)
    invoked from within
"uplevel 1 hls::main {*}$args"
    (procedure "hls_proc" line 5)
    invoked from within
"hls_proc $argv"
@I [HLS-100] Command "cleanup_all "
@I [HLS-100] Command 'cleanup_all' returned 0; elapsed 0.000312Total elapsed time: 1.608 sec.
