

================================================================
== Vivado HLS Report for 'DCT_MAT_Multiply_1_Loop_Row_proc'
================================================================
* Date:           Fri Oct 30 11:21:16 2015

* Version:        2015.1 (Build 1215546 on Mon Apr 27 19:24:50 PM 2015)
* Project:        dct
* Solution:       solution2optimize
* Product family: zynq
* Target device:  xc7z020clg484-1


================================================================
== Performance Estimates
================================================================
+ Timing (ns): 
    * Summary: 
    +---------+-------+----------+------------+
    |  Clock  | Target| Estimated| Uncertainty|
    +---------+-------+----------+------------+
    |default  |  10.00|      7.64|        1.25|
    +---------+-------+----------+------------+

+ Latency (clock cycles): 
    * Summary: 
    +-----+-----+-----+-----+---------+
    |  Latency  |  Interval | Pipeline|
    | min | max | min | max |   Type  |
    +-----+-----+-----+-----+---------+
    |  300|  300|  300|  300|   none  |
    +-----+-----+-----+-----+---------+

    + Detail: 
        * Instance: 
        N/A

        * Loop: 
        +-----------+-----+-----+----------+-----------+-----------+------+----------+
        |           |  Latency  | Iteration|  Initiation Interval  | Trip |          |
        | Loop Name | min | max |  Latency |  achieved |   target  | Count| Pipelined|
        +-----------+-----+-----+----------+-----------+-----------+------+----------+
        |- Row_Col  |  298|  298|        47|          4|          1|    64|    yes   |
        +-----------+-----+-----+----------+-----------+-----------+------+----------+



================================================================
== Utilization Estimates
================================================================
* Summary: 
+-----------------+---------+-------+--------+-------+
|       Name      | BRAM_18K| DSP48E|   FF   |  LUT  |
+-----------------+---------+-------+--------+-------+
|Expression       |        -|      -|       0|     37|
|FIFO             |        -|      -|       -|      -|
|Instance         |        -|     10|    1016|   2062|
|Memory           |        -|      -|       -|      -|
|Multiplexer      |        -|      -|       -|    342|
|Register         |        -|      -|     828|    233|
+-----------------+---------+-------+--------+-------+
|Total            |        0|     10|    1844|   2674|
+-----------------+---------+-------+--------+-------+
|Available        |      280|    220|  106400|  53200|
+-----------------+---------+-------+--------+-------+
|Utilization (%)  |        0|      4|       1|      5|
+-----------------+---------+-------+--------+-------+

+ Detail: 
    * Instance: 
    +---------------------------------------+----------------------------------+---------+-------+-----+-----+
    |                Instance               |              Module              | BRAM_18K| DSP48E|  FF | LUT |
    +---------------------------------------+----------------------------------+---------+-------+-----+-----+
    |DCT_fadd_32ns_32ns_32_5_full_dsp_U183  |DCT_fadd_32ns_32ns_32_5_full_dsp  |        0|      2|  205|  390|
    |DCT_fadd_32ns_32ns_32_5_full_dsp_U184  |DCT_fadd_32ns_32ns_32_5_full_dsp  |        0|      2|  205|  390|
    |DCT_fmul_32ns_32ns_32_4_max_dsp_U185   |DCT_fmul_32ns_32ns_32_4_max_dsp   |        0|      3|  143|  321|
    |DCT_fmul_32ns_32ns_32_4_max_dsp_U186   |DCT_fmul_32ns_32ns_32_4_max_dsp   |        0|      3|  143|  321|
    |DCT_mux_8to1_sel3_32_1_U187            |DCT_mux_8to1_sel3_32_1            |        0|      0|   32|   64|
    |DCT_mux_8to1_sel3_32_1_U188            |DCT_mux_8to1_sel3_32_1            |        0|      0|   32|   64|
    |DCT_mux_8to1_sel3_32_1_U189            |DCT_mux_8to1_sel3_32_1            |        0|      0|   32|   64|
    |DCT_mux_8to1_sel3_32_1_U190            |DCT_mux_8to1_sel3_32_1            |        0|      0|   32|   64|
    |DCT_mux_8to1_sel3_32_1_U191            |DCT_mux_8to1_sel3_32_1            |        0|      0|   32|   64|
    |DCT_mux_8to1_sel3_32_1_U192            |DCT_mux_8to1_sel3_32_1            |        0|      0|   32|   64|
    |DCT_mux_8to1_sel3_32_1_U193            |DCT_mux_8to1_sel3_32_1            |        0|      0|   32|   64|
    |DCT_mux_8to1_sel3_32_1_U194            |DCT_mux_8to1_sel3_32_1            |        0|      0|   32|   64|
    |DCT_mux_8to1_sel3_32_1_U195            |DCT_mux_8to1_sel3_32_1            |        0|      0|   32|   64|
    |DCT_mux_8to1_sel3_32_1_U196            |DCT_mux_8to1_sel3_32_1            |        0|      0|   32|   64|
    +---------------------------------------+----------------------------------+---------+-------+-----+-----+
    |Total                                  |                                  |        0|     10| 1016| 2062|
    +---------------------------------------+----------------------------------+---------+-------+-----+-----+

    * Memory: 
    N/A

    * FIFO: 
    N/A

    * Expression: 
    +--------------------------------+----------+-------+---+----+------------+------------+
    |          Variable Name         | Operation| DSP48E| FF| LUT| Bitwidth P0| Bitwidth P1|
    +--------------------------------+----------+-------+---+----+------------+------------+
    |i_fu_1291_p2                    |     +    |      0|  0|   4|           1|           4|
    |indvar_flatten_next_fu_1271_p2  |     +    |      0|  0|   7|           7|           1|
    |j_fu_1399_p2                    |     +    |      0|  0|   4|           1|           4|
    |p_addr1_fu_1446_p2              |     +    |      0|  0|   8|           8|           8|
    |i_1_mid2_fu_1297_p3             |  Select  |      0|  0|   4|           1|           4|
    |j_1_mid2_fu_1283_p3             |  Select  |      0|  0|   4|           1|           1|
    |exitcond_flatten_fu_1265_p2     |   icmp   |      0|  0|   3|           7|           8|
    |exitcond_fu_1277_p2             |   icmp   |      0|  0|   2|           4|           5|
    |ap_sig_bdd_186                  |    or    |      0|  0|   1|           1|           1|
    +--------------------------------+----------+-------+---+----+------------+------------+
    |Total                           |          |      0|  0|  37|          31|          36|
    +--------------------------------+----------+-------+---+----+------------+------------+

    * Multiplexer: 
    +-------------------------------+----+-----------+-----+-----------+
    |              Name             | LUT| Input Size| Bits| Total Bits|
    +-------------------------------+----+-----------+-----+-----------+
    |A1_address0                    |   3|          5|    3|         15|
    |A1_address1                    |   3|          5|    3|         15|
    |A2_address0                    |   3|          5|    3|         15|
    |A2_address1                    |   3|          5|    3|         15|
    |A3_address0                    |   3|          5|    3|         15|
    |A3_address1                    |   3|          5|    3|         15|
    |A4_address0                    |   3|          5|    3|         15|
    |A4_address1                    |   3|          5|    3|         15|
    |A5_address0                    |   3|          5|    3|         15|
    |A5_address1                    |   3|          5|    3|         15|
    |A6_address0                    |   3|          5|    3|         15|
    |A6_address1                    |   3|          5|    3|         15|
    |A7_address0                    |   3|          5|    3|         15|
    |A7_address1                    |   3|          5|    3|         15|
    |A_address0                     |   3|          5|    3|         15|
    |A_address1                     |   3|          5|    3|         15|
    |ap_NS_fsm                      |   1|          7|    1|          7|
    |ap_reg_ppiten_pp0_it11         |   1|          2|    1|          2|
    |grp_fu_1206_p0                 |  32|          5|   32|        160|
    |grp_fu_1206_p1                 |  32|          5|   32|        160|
    |grp_fu_1211_p0                 |  32|          5|   32|        160|
    |grp_fu_1211_p1                 |  32|          5|   32|        160|
    |grp_fu_1215_p0                 |  32|          5|   32|        160|
    |grp_fu_1215_p1                 |  32|          5|   32|        160|
    |grp_fu_1219_p0                 |  32|          5|   32|        160|
    |grp_fu_1219_p1                 |  32|          5|   32|        160|
    |grp_fu_1223_p9                 |   3|          3|    3|          9|
    |grp_fu_1244_p9                 |   3|          3|    3|          9|
    |i_1_phi_fu_1185_p4             |   4|          2|    4|          8|
    |i_1_reg_1181                   |   4|          2|    4|          8|
    |indvar_flatten_phi_fu_1174_p4  |   7|          2|    7|         14|
    |indvar_flatten_reg_1170        |   7|          2|    7|         14|
    |j_1_phi_fu_1197_p4             |   4|          2|    4|          8|
    |j_1_reg_1193                   |   4|          2|    4|          8|
    +-------------------------------+----+-----------+-----+-----------+
    |Total                          | 342|        147|  342|       1607|
    +-------------------------------+----+-----------+-----+-----------+

    * Register: 
    +------------------------------+----+----+-----+-----------+
    |             Name             | FF | LUT| Bits| Const Bits|
    +------------------------------+----+----+-----+-----------+
    |A1_addr_1_reg_1822            |   0|   0|    3|          3|
    |A1_addr_2_reg_1862            |   0|   0|    3|          3|
    |A1_addr_3_reg_1902            |   0|   0|    3|          3|
    |A1_addr_4_reg_1942            |   0|   0|    3|          3|
    |A1_addr_5_reg_1982            |   0|   0|    3|          3|
    |A1_addr_6_reg_2022            |   0|   0|    3|          3|
    |A1_addr_7_reg_2062            |   0|   0|    3|          3|
    |A1_addr_reg_1782              |   0|   0|    3|          3|
    |A2_addr_1_reg_1827            |   0|   0|    3|          3|
    |A2_addr_2_reg_1867            |   0|   0|    3|          3|
    |A2_addr_3_reg_1907            |   0|   0|    3|          3|
    |A2_addr_4_reg_1947            |   0|   0|    3|          3|
    |A2_addr_5_reg_1987            |   0|   0|    3|          3|
    |A2_addr_6_reg_2027            |   0|   0|    3|          3|
    |A2_addr_7_reg_2067            |   0|   0|    3|          3|
    |A2_addr_reg_1787              |   0|   0|    3|          3|
    |A3_addr_1_reg_1832            |   0|   0|    3|          3|
    |A3_addr_2_reg_1872            |   0|   0|    3|          3|
    |A3_addr_3_reg_1912            |   0|   0|    3|          3|
    |A3_addr_4_reg_1952            |   0|   0|    3|          3|
    |A3_addr_5_reg_1992            |   0|   0|    3|          3|
    |A3_addr_6_reg_2032            |   0|   0|    3|          3|
    |A3_addr_7_reg_2072            |   0|   0|    3|          3|
    |A3_addr_reg_1792              |   0|   0|    3|          3|
    |A4_addr_1_reg_1837            |   0|   0|    3|          3|
    |A4_addr_2_reg_1877            |   0|   0|    3|          3|
    |A4_addr_3_reg_1917            |   0|   0|    3|          3|
    |A4_addr_4_reg_1957            |   0|   0|    3|          3|
    |A4_addr_5_reg_1997            |   0|   0|    3|          3|
    |A4_addr_6_reg_2037            |   0|   0|    3|          3|
    |A4_addr_7_reg_2077            |   0|   0|    3|          3|
    |A4_addr_reg_1797              |   0|   0|    3|          3|
    |A5_addr_1_reg_1842            |   0|   0|    3|          3|
    |A5_addr_2_reg_1882            |   0|   0|    3|          3|
    |A5_addr_3_reg_1922            |   0|   0|    3|          3|
    |A5_addr_4_reg_1962            |   0|   0|    3|          3|
    |A5_addr_5_reg_2002            |   0|   0|    3|          3|
    |A5_addr_6_reg_2042            |   0|   0|    3|          3|
    |A5_addr_7_reg_2082            |   0|   0|    3|          3|
    |A5_addr_reg_1802              |   0|   0|    3|          3|
    |A6_addr_1_reg_1847            |   0|   0|    3|          3|
    |A6_addr_2_reg_1887            |   0|   0|    3|          3|
    |A6_addr_3_reg_1927            |   0|   0|    3|          3|
    |A6_addr_4_reg_1967            |   0|   0|    3|          3|
    |A6_addr_5_reg_2007            |   0|   0|    3|          3|
    |A6_addr_6_reg_2047            |   0|   0|    3|          3|
    |A6_addr_7_reg_2087            |   0|   0|    3|          3|
    |A6_addr_reg_1807              |   0|   0|    3|          3|
    |A7_addr_1_reg_1852            |   0|   0|    3|          3|
    |A7_addr_2_reg_1892            |   0|   0|    3|          3|
    |A7_addr_3_reg_1932            |   0|   0|    3|          3|
    |A7_addr_4_reg_1972            |   0|   0|    3|          3|
    |A7_addr_5_reg_2012            |   0|   0|    3|          3|
    |A7_addr_6_reg_2052            |   0|   0|    3|          3|
    |A7_addr_7_reg_2092            |   0|   0|    3|          3|
    |A7_addr_reg_1812              |   0|   0|    3|          3|
    |A_addr_1_reg_1817             |   0|   0|    3|          3|
    |A_addr_2_reg_1857             |   0|   0|    3|          3|
    |A_addr_3_reg_1897             |   0|   0|    3|          3|
    |A_addr_4_reg_1937             |   0|   0|    3|          3|
    |A_addr_5_reg_1977             |   0|   0|    3|          3|
    |A_addr_6_reg_2017             |   0|   0|    3|          3|
    |A_addr_7_reg_2057             |   0|   0|    3|          3|
    |A_addr_reg_1777               |   0|   0|    3|          3|
    |ap_CS_fsm                     |   6|   0|    6|          0|
    |ap_done_reg                   |   1|   0|    1|          0|
    |ap_reg_ppiten_pp0_it0         |   1|   0|    1|          0|
    |ap_reg_ppiten_pp0_it1         |   1|   0|    1|          0|
    |ap_reg_ppiten_pp0_it10        |   1|   0|    1|          0|
    |ap_reg_ppiten_pp0_it11        |   1|   0|    1|          0|
    |ap_reg_ppiten_pp0_it2         |   1|   0|    1|          0|
    |ap_reg_ppiten_pp0_it3         |   1|   0|    1|          0|
    |ap_reg_ppiten_pp0_it4         |   1|   0|    1|          0|
    |ap_reg_ppiten_pp0_it5         |   1|   0|    1|          0|
    |ap_reg_ppiten_pp0_it6         |   1|   0|    1|          0|
    |ap_reg_ppiten_pp0_it7         |   1|   0|    1|          0|
    |ap_reg_ppiten_pp0_it8         |   1|   0|    1|          0|
    |ap_reg_ppiten_pp0_it9         |   1|   0|    1|          0|
    |exitcond_flatten_reg_2097     |   1|   0|    1|          0|
    |i_1_mid2_reg_2112             |   4|   0|    4|          0|
    |i_1_reg_1181                  |   4|   0|    4|          0|
    |indvar_flatten_next_reg_2101  |   7|   0|    7|          0|
    |indvar_flatten_reg_1170       |   7|   0|    7|          0|
    |j_1_mid2_reg_2106             |   4|   0|    4|          0|
    |j_1_reg_1193                  |   4|   0|    4|          0|
    |j_reg_2206                    |   4|   0|    4|          0|
    |temp_1_1_reg_2266             |  32|   0|   32|          0|
    |temp_1_2_reg_2271             |  32|   0|   32|          0|
    |temp_1_3_reg_2276             |  32|   0|   32|          0|
    |temp_1_4_reg_2281             |  32|   0|   32|          0|
    |temp_1_5_reg_2286             |  32|   0|   32|          0|
    |temp_1_6_reg_2291             |  32|   0|   32|          0|
    |temp_1_7_reg_2296             |  32|   0|   32|          0|
    |temp_1_reg_2261               |  32|   0|   32|          0|
    |tmp_18_reg_2141               |  32|   0|   32|          0|
    |tmp_20_reg_2156               |  32|   0|   32|          0|
    |tmp_22_reg_2161               |  32|   0|   32|          0|
    |tmp_24_reg_2176               |  32|   0|   32|          0|
    |tmp_26_reg_2181               |  32|   0|   32|          0|
    |tmp_28_reg_2196               |  32|   0|   32|          0|
    |tmp_30_reg_2201               |  32|   0|   32|          0|
    |tmp_32_reg_2118               |   3|   0|    3|          0|
    |tmp_33_reg_2129               |   3|   0|    3|          0|
    |tmp_9_1_reg_2216              |  32|   0|   32|          0|
    |tmp_9_2_reg_2231              |  32|   0|   32|          0|
    |tmp_9_3_reg_2236              |  32|   0|   32|          0|
    |tmp_9_4_reg_2241              |  32|   0|   32|          0|
    |tmp_9_5_reg_2246              |  32|   0|   32|          0|
    |tmp_9_6_reg_2251              |  32|   0|   32|          0|
    |tmp_9_7_reg_2256              |  32|   0|   32|          0|
    |tmp_9_reg_2211                |  32|   0|   32|          0|
    |tmp_reg_2124                  |  32|   0|   32|          0|
    |exitcond_flatten_reg_2097     |   0|   1|    1|          0|
    |i_1_mid2_reg_2112             |   0|   4|    4|          0|
    |j_1_mid2_reg_2106             |   0|   4|    4|          0|
    |tmp_9_1_reg_2216              |   0|  32|   32|          0|
    |tmp_9_2_reg_2231              |   0|  32|   32|          0|
    |tmp_9_3_reg_2236              |   0|  32|   32|          0|
    |tmp_9_4_reg_2241              |   0|  32|   32|          0|
    |tmp_9_5_reg_2246              |   0|  32|   32|          0|
    |tmp_9_6_reg_2251              |   0|  32|   32|          0|
    |tmp_9_7_reg_2256              |   0|  32|   32|          0|
    +------------------------------+----+----+-----+-----------+
    |Total                         | 828| 233| 1253|        192|
    +------------------------------+----+----+-----+-----------+



================================================================
== Interface
================================================================
* Summary: 
+-------------+-----+-----+------------+----------------------------------+--------------+
|  RTL Ports  | Dir | Bits|  Protocol  |           Source Object          |    C Type    |
+-------------+-----+-----+------------+----------------------------------+--------------+
|ap_clk       |  in |    1| ap_ctrl_hs | DCT_MAT_Multiply.1_Loop_Row_proc | return value |
|ap_rst       |  in |    1| ap_ctrl_hs | DCT_MAT_Multiply.1_Loop_Row_proc | return value |
|ap_start     |  in |    1| ap_ctrl_hs | DCT_MAT_Multiply.1_Loop_Row_proc | return value |
|ap_done      | out |    1| ap_ctrl_hs | DCT_MAT_Multiply.1_Loop_Row_proc | return value |
|ap_continue  |  in |    1| ap_ctrl_hs | DCT_MAT_Multiply.1_Loop_Row_proc | return value |
|ap_idle      | out |    1| ap_ctrl_hs | DCT_MAT_Multiply.1_Loop_Row_proc | return value |
|ap_ready     | out |    1| ap_ctrl_hs | DCT_MAT_Multiply.1_Loop_Row_proc | return value |
|A_address0   | out |    3|  ap_memory |                 A                |     array    |
|A_ce0        | out |    1|  ap_memory |                 A                |     array    |
|A_q0         |  in |   32|  ap_memory |                 A                |     array    |
|A_address1   | out |    3|  ap_memory |                 A                |     array    |
|A_ce1        | out |    1|  ap_memory |                 A                |     array    |
|A_q1         |  in |   32|  ap_memory |                 A                |     array    |
|A1_address0  | out |    3|  ap_memory |                A1                |     array    |
|A1_ce0       | out |    1|  ap_memory |                A1                |     array    |
|A1_q0        |  in |   32|  ap_memory |                A1                |     array    |
|A1_address1  | out |    3|  ap_memory |                A1                |     array    |
|A1_ce1       | out |    1|  ap_memory |                A1                |     array    |
|A1_q1        |  in |   32|  ap_memory |                A1                |     array    |
|A2_address0  | out |    3|  ap_memory |                A2                |     array    |
|A2_ce0       | out |    1|  ap_memory |                A2                |     array    |
|A2_q0        |  in |   32|  ap_memory |                A2                |     array    |
|A2_address1  | out |    3|  ap_memory |                A2                |     array    |
|A2_ce1       | out |    1|  ap_memory |                A2                |     array    |
|A2_q1        |  in |   32|  ap_memory |                A2                |     array    |
|A3_address0  | out |    3|  ap_memory |                A3                |     array    |
|A3_ce0       | out |    1|  ap_memory |                A3                |     array    |
|A3_q0        |  in |   32|  ap_memory |                A3                |     array    |
|A3_address1  | out |    3|  ap_memory |                A3                |     array    |
|A3_ce1       | out |    1|  ap_memory |                A3                |     array    |
|A3_q1        |  in |   32|  ap_memory |                A3                |     array    |
|A4_address0  | out |    3|  ap_memory |                A4                |     array    |
|A4_ce0       | out |    1|  ap_memory |                A4                |     array    |
|A4_q0        |  in |   32|  ap_memory |                A4                |     array    |
|A4_address1  | out |    3|  ap_memory |                A4                |     array    |
|A4_ce1       | out |    1|  ap_memory |                A4                |     array    |
|A4_q1        |  in |   32|  ap_memory |                A4                |     array    |
|A5_address0  | out |    3|  ap_memory |                A5                |     array    |
|A5_ce0       | out |    1|  ap_memory |                A5                |     array    |
|A5_q0        |  in |   32|  ap_memory |                A5                |     array    |
|A5_address1  | out |    3|  ap_memory |                A5                |     array    |
|A5_ce1       | out |    1|  ap_memory |                A5                |     array    |
|A5_q1        |  in |   32|  ap_memory |                A5                |     array    |
|A6_address0  | out |    3|  ap_memory |                A6                |     array    |
|A6_ce0       | out |    1|  ap_memory |                A6                |     array    |
|A6_q0        |  in |   32|  ap_memory |                A6                |     array    |
|A6_address1  | out |    3|  ap_memory |                A6                |     array    |
|A6_ce1       | out |    1|  ap_memory |                A6                |     array    |
|A6_q1        |  in |   32|  ap_memory |                A6                |     array    |
|A7_address0  | out |    3|  ap_memory |                A7                |     array    |
|A7_ce0       | out |    1|  ap_memory |                A7                |     array    |
|A7_q0        |  in |   32|  ap_memory |                A7                |     array    |
|A7_address1  | out |    3|  ap_memory |                A7                |     array    |
|A7_ce1       | out |    1|  ap_memory |                A7                |     array    |
|A7_q1        |  in |   32|  ap_memory |                A7                |     array    |
|p_read       |  in |   32|   ap_none  |              p_read              |    scalar    |
|p_read1      |  in |   32|   ap_none  |              p_read1             |    scalar    |
|p_read2      |  in |   32|   ap_none  |              p_read2             |    scalar    |
|p_read3      |  in |   32|   ap_none  |              p_read3             |    scalar    |
|p_read4      |  in |   32|   ap_none  |              p_read4             |    scalar    |
|p_read5      |  in |   32|   ap_none  |              p_read5             |    scalar    |
|p_read6      |  in |   32|   ap_none  |              p_read6             |    scalar    |
|p_read7      |  in |   32|   ap_none  |              p_read7             |    scalar    |
|p_read8      |  in |   32|   ap_none  |              p_read8             |    scalar    |
|p_read9      |  in |   32|   ap_none  |              p_read9             |    scalar    |
|p_read10     |  in |   32|   ap_none  |             p_read10             |    scalar    |
|p_read11     |  in |   32|   ap_none  |             p_read11             |    scalar    |
|p_read12     |  in |   32|   ap_none  |             p_read12             |    scalar    |
|p_read13     |  in |   32|   ap_none  |             p_read13             |    scalar    |
|p_read14     |  in |   32|   ap_none  |             p_read14             |    scalar    |
|p_read15     |  in |   32|   ap_none  |             p_read15             |    scalar    |
|p_read16     |  in |   32|   ap_none  |             p_read16             |    scalar    |
|p_read17     |  in |   32|   ap_none  |             p_read17             |    scalar    |
|p_read18     |  in |   32|   ap_none  |             p_read18             |    scalar    |
|p_read19     |  in |   32|   ap_none  |             p_read19             |    scalar    |
|p_read20     |  in |   32|   ap_none  |             p_read20             |    scalar    |
|p_read21     |  in |   32|   ap_none  |             p_read21             |    scalar    |
|p_read22     |  in |   32|   ap_none  |             p_read22             |    scalar    |
|p_read23     |  in |   32|   ap_none  |             p_read23             |    scalar    |
|p_read24     |  in |   32|   ap_none  |             p_read24             |    scalar    |
|p_read25     |  in |   32|   ap_none  |             p_read25             |    scalar    |
|p_read26     |  in |   32|   ap_none  |             p_read26             |    scalar    |
|p_read27     |  in |   32|   ap_none  |             p_read27             |    scalar    |
|p_read28     |  in |   32|   ap_none  |             p_read28             |    scalar    |
|p_read29     |  in |   32|   ap_none  |             p_read29             |    scalar    |
|p_read30     |  in |   32|   ap_none  |             p_read30             |    scalar    |
|p_read31     |  in |   32|   ap_none  |             p_read31             |    scalar    |
|p_read32     |  in |   32|   ap_none  |             p_read32             |    scalar    |
|p_read33     |  in |   32|   ap_none  |             p_read33             |    scalar    |
|p_read34     |  in |   32|   ap_none  |             p_read34             |    scalar    |
|p_read35     |  in |   32|   ap_none  |             p_read35             |    scalar    |
|p_read36     |  in |   32|   ap_none  |             p_read36             |    scalar    |
|p_read37     |  in |   32|   ap_none  |             p_read37             |    scalar    |
|p_read38     |  in |   32|   ap_none  |             p_read38             |    scalar    |
|p_read39     |  in |   32|   ap_none  |             p_read39             |    scalar    |
|p_read40     |  in |   32|   ap_none  |             p_read40             |    scalar    |
|p_read41     |  in |   32|   ap_none  |             p_read41             |    scalar    |
|p_read42     |  in |   32|   ap_none  |             p_read42             |    scalar    |
|p_read43     |  in |   32|   ap_none  |             p_read43             |    scalar    |
|p_read44     |  in |   32|   ap_none  |             p_read44             |    scalar    |
|p_read45     |  in |   32|   ap_none  |             p_read45             |    scalar    |
|p_read46     |  in |   32|   ap_none  |             p_read46             |    scalar    |
|p_read47     |  in |   32|   ap_none  |             p_read47             |    scalar    |
|p_read48     |  in |   32|   ap_none  |             p_read48             |    scalar    |
|p_read49     |  in |   32|   ap_none  |             p_read49             |    scalar    |
|p_read50     |  in |   32|   ap_none  |             p_read50             |    scalar    |
|p_read51     |  in |   32|   ap_none  |             p_read51             |    scalar    |
|p_read52     |  in |   32|   ap_none  |             p_read52             |    scalar    |
|p_read53     |  in |   32|   ap_none  |             p_read53             |    scalar    |
|p_read54     |  in |   32|   ap_none  |             p_read54             |    scalar    |
|p_read55     |  in |   32|   ap_none  |             p_read55             |    scalar    |
|p_read56     |  in |   32|   ap_none  |             p_read56             |    scalar    |
|p_read57     |  in |   32|   ap_none  |             p_read57             |    scalar    |
|p_read58     |  in |   32|   ap_none  |             p_read58             |    scalar    |
|p_read59     |  in |   32|   ap_none  |             p_read59             |    scalar    |
|p_read60     |  in |   32|   ap_none  |             p_read60             |    scalar    |
|p_read61     |  in |   32|   ap_none  |             p_read61             |    scalar    |
|p_read62     |  in |   32|   ap_none  |             p_read62             |    scalar    |
|p_read63     |  in |   32|   ap_none  |             p_read63             |    scalar    |
|C_address0   | out |    6|  ap_memory |                 C                |     array    |
|C_ce0        | out |    1|  ap_memory |                 C                |     array    |
|C_we0        | out |    1|  ap_memory |                 C                |     array    |
|C_d0         | out |   32|  ap_memory |                 C                |     array    |
+-------------+-----+-----+------------+----------------------------------+--------------+

