

================================================================
== Vivado HLS Report for 'DCT_MAT_Multiply2_Loop_Row_proc'
================================================================
* Date:           Wed Oct 28 18:15:12 2015

* Version:        2015.1 (Build 1215546 on Mon Apr 27 19:24:50 PM 2015)
* Project:        dct
* Solution:       solution2optimize
* Product family: zynq
* Target device:  xc7z020clg484-1


================================================================
== Performance Estimates
================================================================
+ Timing (ns): 
    * Summary: 
    +---------+-------+----------+------------+
    |  Clock  | Target| Estimated| Uncertainty|
    +---------+-------+----------+------------+
    |default  |  10.00|      9.59|        1.25|
    +---------+-------+----------+------------+

+ Latency (clock cycles): 
    * Summary: 
    +-----+-----+-----+-----+---------+
    |  Latency  |  Interval | Pipeline|
    | min | max | min | max |   Type  |
    +-----+-----+-----+-----+---------+
    |   67|   67|   67|   67|   none  |
    +-----+-----+-----+-----+---------+

    + Detail: 
        * Instance: 
        N/A

        * Loop: 
        +------------------+-----+-----+----------+-----------+-----------+------+----------+
        |                  |  Latency  | Iteration|  Initiation Interval  | Trip |          |
        |     Loop Name    | min | max |  Latency |  achieved |   target  | Count| Pipelined|
        +------------------+-----+-----+----------+-----------+-----------+------+----------+
        |- Row_RowCaching  |   65|   65|         3|          1|          1|    64|    yes   |
        +------------------+-----+-----+----------+-----------+-----------+------+----------+



================================================================
== Utilization Estimates
================================================================
* Summary: 
+-----------------+---------+-------+--------+-------+
|       Name      | BRAM_18K| DSP48E|   FF   |  LUT  |
+-----------------+---------+-------+--------+-------+
|Expression       |        -|      -|       0|   1171|
|FIFO             |        -|      -|       -|      -|
|Instance         |        -|      -|       -|      -|
|Memory           |        -|      -|       -|      -|
|Multiplexer      |        -|      -|       -|     21|
|Register         |        -|      -|     324|      -|
+-----------------+---------+-------+--------+-------+
|Total            |        0|      0|     324|   1192|
+-----------------+---------+-------+--------+-------+
|Available        |      280|    220|  106400|  53200|
+-----------------+---------+-------+--------+-------+
|Utilization (%)  |        0|      0|   ~0   |      2|
+-----------------+---------+-------+--------+-------+

+ Detail: 
    * Instance: 
    N/A

    * Memory: 
    N/A

    * FIFO: 
    N/A

    * Expression: 
    +-------------------------------+----------+-------+---+----+------------+------------+
    |         Variable Name         | Operation| DSP48E| FF| LUT| Bitwidth P0| Bitwidth P1|
    +-------------------------------+----------+-------+---+----+------------+------------+
    |indvar_flatten_next_fu_166_p2  |     +    |      0|  0|   7|           7|           1|
    |k_fu_231_p2                    |     +    |      0|  0|   4|           1|           4|
    |p_addr1_fu_216_p2              |     +    |      0|  0|   8|           8|           8|
    |tmp_1_i_dup3_fu_186_p2         |     +    |      0|  0|   4|           1|           4|
    |A_cached_row_7_1_fu_253_p3     |  Select  |      0|  0|  32|           1|          32|
    |A_cached_row_7_2_fu_265_p3     |  Select  |      0|  0|  32|           1|          32|
    |A_cached_row_7_3_fu_278_p3     |  Select  |      0|  0|  32|           1|          32|
    |A_cached_row_7_41_fu_346_p3    |  Select  |      0|  0|  32|           1|          32|
    |A_cached_row_7_45_fu_354_p3    |  Select  |      0|  0|  32|           1|          32|
    |A_cached_row_7_46_fu_362_p3    |  Select  |      0|  0|  32|           1|          32|
    |A_cached_row_7_47_fu_370_p3    |  Select  |      0|  0|  32|           1|          32|
    |A_cached_row_7_48_fu_378_p3    |  Select  |      0|  0|  32|           1|          32|
    |A_cached_row_7_49_fu_384_p3    |  Select  |      0|  0|  32|           1|          32|
    |A_cached_row_7_4_fu_291_p3     |  Select  |      0|  0|  32|           1|          32|
    |A_cached_row_7_50_fu_392_p3    |  Select  |      0|  0|  32|           1|          32|
    |A_cached_row_7_51_fu_400_p3    |  Select  |      0|  0|  32|           1|          32|
    |A_cached_row_7_52_fu_408_p3    |  Select  |      0|  0|  32|           1|          32|
    |A_cached_row_7_53_fu_416_p3    |  Select  |      0|  0|  32|           1|          32|
    |A_cached_row_7_54_fu_424_p3    |  Select  |      0|  0|  32|           1|          32|
    |A_cached_row_7_55_fu_431_p3    |  Select  |      0|  0|  32|           1|          32|
    |A_cached_row_7_56_fu_439_p3    |  Select  |      0|  0|  32|           1|          32|
    |A_cached_row_7_57_fu_447_p3    |  Select  |      0|  0|  32|           1|          32|
    |A_cached_row_7_58_fu_455_p3    |  Select  |      0|  0|  32|           1|          32|
    |A_cached_row_7_59_fu_463_p3    |  Select  |      0|  0|  32|           1|          32|
    |A_cached_row_7_5_fu_304_p3     |  Select  |      0|  0|  32|           1|          32|
    |A_cached_row_7_60_fu_470_p3    |  Select  |      0|  0|  32|           1|          32|
    |A_cached_row_7_61_fu_478_p3    |  Select  |      0|  0|  32|           1|          32|
    |A_cached_row_7_62_fu_486_p3    |  Select  |      0|  0|  32|           1|          32|
    |A_cached_row_7_63_fu_494_p3    |  Select  |      0|  0|  32|           1|          32|
    |A_cached_row_7_64_fu_501_p3    |  Select  |      0|  0|  32|           1|          32|
    |A_cached_row_7_65_fu_509_p3    |  Select  |      0|  0|  32|           1|          32|
    |A_cached_row_7_66_fu_517_p3    |  Select  |      0|  0|  32|           1|          32|
    |A_cached_row_7_67_fu_524_p3    |  Select  |      0|  0|  32|           1|          32|
    |A_cached_row_7_68_fu_532_p3    |  Select  |      0|  0|  32|           1|          32|
    |A_cached_row_7_6_fu_317_p3     |  Select  |      0|  0|  32|           1|          32|
    |A_cached_row_7_7_fu_325_p3     |  Select  |      0|  0|  32|           1|          32|
    |A_cached_row_7_8_fu_331_p3     |  Select  |      0|  0|  32|           1|          32|
    |A_cached_row_7_9_fu_338_p3     |  Select  |      0|  0|  32|           1|          32|
    |A_cached_row_7_fu_247_p3       |  Select  |      0|  0|  32|           1|          32|
    |i_0_i_i_mid2_fu_192_p3         |  Select  |      0|  0|   4|           1|           4|
    |k_0_i_i_mid2_fu_178_p3         |  Select  |      0|  0|   4|           1|           1|
    |exitcond2_i_i5_fu_172_p2       |   icmp   |      0|  0|   2|           4|           5|
    |exitcond_flatten_fu_160_p2     |   icmp   |      0|  0|   3|           7|           8|
    |sel_tmp1_fu_299_p2             |   icmp   |      0|  0|   2|           3|           1|
    |sel_tmp2_fu_242_p2             |   icmp   |      0|  0|   2|           3|           3|
    |sel_tmp4_fu_260_p2             |   icmp   |      0|  0|   2|           3|           4|
    |sel_tmp5_fu_312_p2             |   icmp   |      0|  0|   2|           3|           1|
    |sel_tmp6_fu_273_p2             |   icmp   |      0|  0|   2|           3|           2|
    |sel_tmp8_fu_286_p2             |   icmp   |      0|  0|   2|           3|           2|
    |sel_tmp_fu_237_p2              |   icmp   |      0|  0|   2|           3|           3|
    |ap_sig_bdd_94                  |    or    |      0|  0|   1|           1|           1|
    +-------------------------------+----------+-------+---+----+------------+------------+
    |Total                          |          |      0|  0|1171|          87|        1172|
    +-------------------------------+----------+-------+---+----+------------+------------+

    * Multiplexer: 
    +------------------------+----+-----------+-----+-----------+
    |          Name          | LUT| Input Size| Bits| Total Bits|
    +------------------------+----+-----------+-----+-----------+
    |ap_NS_fsm               |   1|          4|    1|          4|
    |ap_reg_ppiten_pp0_it2   |   1|          2|    1|          2|
    |i_0_i_i_phi_fu_117_p4   |   4|          2|    4|          8|
    |i_0_i_i_reg_113         |   4|          2|    4|          8|
    |indvar_flatten_reg_102  |   7|          2|    7|         14|
    |k_0_i_i_reg_124         |   4|          2|    4|          8|
    +------------------------+----+-----------+-----+-----------+
    |Total                   |  21|         14|   21|         44|
    +------------------------+----+-----------+-----+-----------+

    * Register: 
    +-----------------------------------------------+----+----+-----+-----------+
    |                      Name                     | FF | LUT| Bits| Const Bits|
    +-----------------------------------------------+----+----+-----+-----------+
    |A_cached_row_0_reg_710                         |  32|   0|   32|          0|
    |A_cached_row_7_14_fu_74                        |  32|   0|   32|          0|
    |A_cached_row_7_21_fu_70                        |  32|   0|   32|          0|
    |A_cached_row_7_27_fu_66                        |  32|   0|   32|          0|
    |A_cached_row_7_32_fu_62                        |  32|   0|   32|          0|
    |A_cached_row_7_36_fu_58                        |  32|   0|   32|          0|
    |A_cached_row_7_37_fu_78                        |  32|   0|   32|          0|
    |A_cached_row_7_38_fu_82                        |  32|   0|   32|          0|
    |A_cached_row_7_39_fu_86                        |  32|   0|   32|          0|
    |ap_CS_fsm                                      |   3|   0|    3|          0|
    |ap_done_reg                                    |   1|   0|    1|          0|
    |ap_reg_ppiten_pp0_it0                          |   1|   0|    1|          0|
    |ap_reg_ppiten_pp0_it1                          |   1|   0|    1|          0|
    |ap_reg_ppiten_pp0_it2                          |   1|   0|    1|          0|
    |ap_reg_ppstg_exitcond_flatten_reg_675_pp0_it1  |   1|   0|    1|          0|
    |ap_reg_ppstg_tmp_21_reg_694_pp0_it1            |   3|   0|    3|          0|
    |exitcond_flatten_reg_675                       |   1|   0|    1|          0|
    |i_0_i_i_mid2_reg_684                           |   4|   0|    4|          0|
    |i_0_i_i_reg_113                                |   4|   0|    4|          0|
    |indvar_flatten_reg_102                         |   7|   0|    7|          0|
    |k_0_i_i_reg_124                                |   4|   0|    4|          0|
    |sel_tmp2_reg_728                               |   1|   0|    1|          0|
    |sel_tmp_reg_722                                |   1|   0|    1|          0|
    |tmp_21_reg_694                                 |   3|   0|    3|          0|
    +-----------------------------------------------+----+----+-----+-----------+
    |Total                                          | 324|   0|  324|          0|
    +-----------------------------------------------+----+----+-----+-----------+



================================================================
== Interface
================================================================
* Summary: 
+-------------+-----+-----+------------+---------------------------------+--------------+
|  RTL Ports  | Dir | Bits|  Protocol  |          Source Object          |    C Type    |
+-------------+-----+-----+------------+---------------------------------+--------------+
|ap_clk       |  in |    1| ap_ctrl_hs | DCT_MAT_Multiply2_Loop_Row_proc | return value |
|ap_rst       |  in |    1| ap_ctrl_hs | DCT_MAT_Multiply2_Loop_Row_proc | return value |
|ap_start     |  in |    1| ap_ctrl_hs | DCT_MAT_Multiply2_Loop_Row_proc | return value |
|ap_done      | out |    1| ap_ctrl_hs | DCT_MAT_Multiply2_Loop_Row_proc | return value |
|ap_continue  |  in |    1| ap_ctrl_hs | DCT_MAT_Multiply2_Loop_Row_proc | return value |
|ap_idle      | out |    1| ap_ctrl_hs | DCT_MAT_Multiply2_Loop_Row_proc | return value |
|ap_ready     | out |    1| ap_ctrl_hs | DCT_MAT_Multiply2_Loop_Row_proc | return value |
|ap_return_0  | out |   32| ap_ctrl_hs | DCT_MAT_Multiply2_Loop_Row_proc | return value |
|ap_return_1  | out |   32| ap_ctrl_hs | DCT_MAT_Multiply2_Loop_Row_proc | return value |
|ap_return_2  | out |   32| ap_ctrl_hs | DCT_MAT_Multiply2_Loop_Row_proc | return value |
|ap_return_3  | out |   32| ap_ctrl_hs | DCT_MAT_Multiply2_Loop_Row_proc | return value |
|ap_return_4  | out |   32| ap_ctrl_hs | DCT_MAT_Multiply2_Loop_Row_proc | return value |
|ap_return_5  | out |   32| ap_ctrl_hs | DCT_MAT_Multiply2_Loop_Row_proc | return value |
|ap_return_6  | out |   32| ap_ctrl_hs | DCT_MAT_Multiply2_Loop_Row_proc | return value |
|ap_return_7  | out |   32| ap_ctrl_hs | DCT_MAT_Multiply2_Loop_Row_proc | return value |
|A_address0   | out |    6|  ap_memory |                A                |     array    |
|A_ce0        | out |    1|  ap_memory |                A                |     array    |
|A_q0         |  in |   32|  ap_memory |                A                |     array    |
+-------------+-----+-----+------------+---------------------------------+--------------+

