

================================================================
== Vivado HLS Report for 'DCT_Loop_1_proc'
================================================================
* Date:           Thu Oct 29 08:49:31 2015

* Version:        2015.1 (Build 1215546 on Mon Apr 27 19:24:50 PM 2015)
* Project:        dct
* Solution:       solution2optimize
* Product family: zynq
* Target device:  xc7z020clg484-1


================================================================
== Performance Estimates
================================================================
+ Timing (ns): 
    * Summary: 
    +---------+-------+----------+------------+
    |  Clock  | Target| Estimated| Uncertainty|
    +---------+-------+----------+------------+
    |default  |  10.00|      6.09|        1.25|
    +---------+-------+----------+------------+

+ Latency (clock cycles): 
    * Summary: 
    +-----+-----+-----+-----+---------+
    |  Latency  |  Interval | Pipeline|
    | min | max | min | max |   Type  |
    +-----+-----+-----+-----+---------+
    |   81|   81|   81|   81|   none  |
    +-----+-----+-----+-----+---------+

    + Detail: 
        * Instance: 
        N/A

        * Loop: 
        +-------------+-----+-----+----------+-----------+-----------+------+----------+
        |             |  Latency  | Iteration|  Initiation Interval  | Trip |          |
        |  Loop Name  | min | max |  Latency |  achieved |   target  | Count| Pipelined|
        +-------------+-----+-----+----------+-----------+-----------+------+----------+
        |- Loop 1     |   80|   80|        10|          -|          -|     8|    no    |
        | + Loop 1.1  |    8|    8|         1|          -|          -|     8|    no    |
        +-------------+-----+-----+----------+-----------+-----------+------+----------+



================================================================
== Utilization Estimates
================================================================
* Summary: 
+-----------------+---------+-------+--------+-------+
|       Name      | BRAM_18K| DSP48E|   FF   |  LUT  |
+-----------------+---------+-------+--------+-------+
|Expression       |        -|      -|       0|     28|
|FIFO             |        -|      -|       -|      -|
|Instance         |        -|      -|       -|      -|
|Memory           |        -|      -|       -|      -|
|Multiplexer      |        -|      -|       -|     23|
|Register         |        -|      -|      37|      -|
+-----------------+---------+-------+--------+-------+
|Total            |        0|      0|      37|     51|
+-----------------+---------+-------+--------+-------+
|Available        |      280|    220|  106400|  53200|
+-----------------+---------+-------+--------+-------+
|Utilization (%)  |        0|      0|   ~0   |   ~0  |
+-----------------+---------+-------+--------+-------+

+ Detail: 
    * Instance: 
    N/A

    * Memory: 
    N/A

    * FIFO: 
    N/A

    * Expression: 
    +------------------------+----------+-------+---+----+------------+------------+
    |      Variable Name     | Operation| DSP48E| FF| LUT| Bitwidth P0| Bitwidth P1|
    +------------------------+----------+-------+---+----+------------+------------+
    |count_fu_92_p2          |     +    |      0|  0|   7|           7|           4|
    |p_rec_i_i_fu_104_p2     |     +    |      0|  0|   4|           4|           1|
    |rowrcv_fu_86_p2         |     +    |      0|  0|   4|           4|           1|
    |tmp_i_fu_110_p2         |     +    |      0|  0|   7|           7|           1|
    |ap_sig_bdd_61           |    and   |      0|  0|   1|           1|           1|
    |exitcond4_i_i_fu_80_p2  |   icmp   |      0|  0|   2|           4|           5|
    |exitcond_fu_98_p2       |   icmp   |      0|  0|   2|           4|           5|
    |ap_sig_bdd_73           |    or    |      0|  0|   1|           1|           1|
    +------------------------+----------+-------+---+----+------------+------------+
    |Total                   |          |      0|  0|  28|          32|          19|
    +------------------------+----------+-------+---+----+------------+------------+

    * Multiplexer: 
    +---------------------+----+-----------+-----+-----------+
    |         Name        | LUT| Input Size| Bits| Total Bits|
    +---------------------+----+-----------+-----+-----------+
    |ap_NS_fsm            |   1|          4|    1|          4|
    |count_1_i_i_reg_69   |   7|          2|    7|         14|
    |p_01_i_idx_i_reg_46  |   7|          2|    7|         14|
    |p_12_rec_i_i_reg_58  |   4|          2|    4|          8|
    |rowrcv_0_i_i_reg_35  |   4|          2|    4|          8|
    +---------------------+----+-----------+-----+-----------+
    |Total                |  23|         12|   23|         48|
    +---------------------+----+-----------+-----+-----------+

    * Register: 
    +---------------------+---+----+-----+-----------+
    |         Name        | FF| LUT| Bits| Const Bits|
    +---------------------+---+----+-----+-----------+
    |ap_CS_fsm            |  3|   0|    3|          0|
    |ap_done_reg          |  1|   0|    1|          0|
    |count_1_i_i_reg_69   |  7|   0|    7|          0|
    |count_reg_129        |  7|   0|    7|          0|
    |p_01_i_idx_i_reg_46  |  7|   0|    7|          0|
    |p_12_rec_i_i_reg_58  |  4|   0|    4|          0|
    |rowrcv_0_i_i_reg_35  |  4|   0|    4|          0|
    |rowrcv_reg_124       |  4|   0|    4|          0|
    +---------------------+---+----+-----+-----------+
    |Total                | 37|   0|   37|          0|
    +---------------------+---+----+-----+-----------+



================================================================
== Interface
================================================================
* Summary: 
+-------------+-----+-----+------------+-----------------+--------------+
|  RTL Ports  | Dir | Bits|  Protocol  |  Source Object  |    C Type    |
+-------------+-----+-----+------------+-----------------+--------------+
|ap_clk       |  in |    1| ap_ctrl_hs | DCT_Loop_1_proc | return value |
|ap_rst       |  in |    1| ap_ctrl_hs | DCT_Loop_1_proc | return value |
|ap_start     |  in |    1| ap_ctrl_hs | DCT_Loop_1_proc | return value |
|ap_done      | out |    1| ap_ctrl_hs | DCT_Loop_1_proc | return value |
|ap_continue  |  in |    1| ap_ctrl_hs | DCT_Loop_1_proc | return value |
|ap_idle      | out |    1| ap_ctrl_hs | DCT_Loop_1_proc | return value |
|ap_ready     | out |    1| ap_ctrl_hs | DCT_Loop_1_proc | return value |
|Y_din        | out |   32|   ap_fifo  |        Y        |    pointer   |
|Y_full_n     |  in |    1|   ap_fifo  |        Y        |    pointer   |
|Y_write      | out |    1|   ap_fifo  |        Y        |    pointer   |
+-------------+-----+-----+------------+-----------------+--------------+

