

================================================================
== Vivado HLS Report for 'DCT_MAT_Multiply_Loop_Row_proc'
================================================================
* Date:           Fri Oct 30 22:33:06 2015

* Version:        2015.1 (Build 1215546 on Mon Apr 27 19:24:50 PM 2015)
* Project:        dct
* Solution:       solution2optimize
* Product family: zynq
* Target device:  xc7z020clg484-1


================================================================
== Performance Estimates
================================================================
+ Timing (ns): 
    * Summary: 
    +---------+-------+----------+------------+
    |  Clock  | Target| Estimated| Uncertainty|
    +---------+-------+----------+------------+
    |default  |  10.00|      7.64|        1.25|
    +---------+-------+----------+------------+

+ Latency (clock cycles): 
    * Summary: 
    +-----+-----+-----+-----+---------+
    |  Latency  |  Interval | Pipeline|
    | min | max | min | max |   Type  |
    +-----+-----+-----+-----+---------+
    |  300|  300|  300|  300|   none  |
    +-----+-----+-----+-----+---------+

    + Detail: 
        * Instance: 
        N/A

        * Loop: 
        +-----------+-----+-----+----------+-----------+-----------+------+----------+
        |           |  Latency  | Iteration|  Initiation Interval  | Trip |          |
        | Loop Name | min | max |  Latency |  achieved |   target  | Count| Pipelined|
        +-----------+-----+-----+----------+-----------+-----------+------+----------+
        |- Row_Col  |  298|  298|        47|          4|          1|    64|    yes   |
        +-----------+-----+-----+----------+-----------+-----------+------+----------+



================================================================
== Utilization Estimates
================================================================
* Summary: 
+-----------------+---------+-------+--------+-------+
|       Name      | BRAM_18K| DSP48E|   FF   |  LUT  |
+-----------------+---------+-------+--------+-------+
|Expression       |        -|      -|       0|     29|
|FIFO             |        -|      -|       -|      -|
|Instance         |        -|     10|    1016|   2062|
|Memory           |        -|      -|       -|      -|
|Multiplexer      |        -|      -|       -|    342|
|Register         |        -|      -|     828|    232|
+-----------------+---------+-------+--------+-------+
|Total            |        0|     10|    1844|   2665|
+-----------------+---------+-------+--------+-------+
|Available        |      280|    220|  106400|  53200|
+-----------------+---------+-------+--------+-------+
|Utilization (%)  |        0|      4|       1|      5|
+-----------------+---------+-------+--------+-------+

+ Detail: 
    * Instance: 
    +--------------------------------------+----------------------------------+---------+-------+-----+-----+
    |               Instance               |              Module              | BRAM_18K| DSP48E|  FF | LUT |
    +--------------------------------------+----------------------------------+---------+-------+-----+-----+
    |DCT_fadd_32ns_32ns_32_5_full_dsp_U11  |DCT_fadd_32ns_32ns_32_5_full_dsp  |        0|      2|  205|  390|
    |DCT_fadd_32ns_32ns_32_5_full_dsp_U12  |DCT_fadd_32ns_32ns_32_5_full_dsp  |        0|      2|  205|  390|
    |DCT_fmul_32ns_32ns_32_4_max_dsp_U13   |DCT_fmul_32ns_32ns_32_4_max_dsp   |        0|      3|  143|  321|
    |DCT_fmul_32ns_32ns_32_4_max_dsp_U14   |DCT_fmul_32ns_32ns_32_4_max_dsp   |        0|      3|  143|  321|
    |DCT_mux_8to1_sel3_32_1_U15            |DCT_mux_8to1_sel3_32_1            |        0|      0|   32|   64|
    |DCT_mux_8to1_sel3_32_1_U16            |DCT_mux_8to1_sel3_32_1            |        0|      0|   32|   64|
    |DCT_mux_8to1_sel3_32_1_U17            |DCT_mux_8to1_sel3_32_1            |        0|      0|   32|   64|
    |DCT_mux_8to1_sel3_32_1_U18            |DCT_mux_8to1_sel3_32_1            |        0|      0|   32|   64|
    |DCT_mux_8to1_sel3_32_1_U19            |DCT_mux_8to1_sel3_32_1            |        0|      0|   32|   64|
    |DCT_mux_8to1_sel3_32_1_U20            |DCT_mux_8to1_sel3_32_1            |        0|      0|   32|   64|
    |DCT_mux_8to1_sel3_32_1_U21            |DCT_mux_8to1_sel3_32_1            |        0|      0|   32|   64|
    |DCT_mux_8to1_sel3_32_1_U22            |DCT_mux_8to1_sel3_32_1            |        0|      0|   32|   64|
    |DCT_mux_8to1_sel3_32_1_U23            |DCT_mux_8to1_sel3_32_1            |        0|      0|   32|   64|
    |DCT_mux_8to1_sel3_32_1_U24            |DCT_mux_8to1_sel3_32_1            |        0|      0|   32|   64|
    +--------------------------------------+----------------------------------+---------+-------+-----+-----+
    |Total                                 |                                  |        0|     10| 1016| 2062|
    +--------------------------------------+----------------------------------+---------+-------+-----+-----+

    * Memory: 
    N/A

    * FIFO: 
    N/A

    * Expression: 
    +--------------------------------+----------+-------+---+----+------------+------------+
    |          Variable Name         | Operation| DSP48E| FF| LUT| Bitwidth P0| Bitwidth P1|
    +--------------------------------+----------+-------+---+----+------------+------------+
    |i_fu_1399_p2                    |     +    |      0|  0|   4|           1|           4|
    |indvar_flatten_next_fu_1379_p2  |     +    |      0|  0|   7|           7|           1|
    |j_fu_1507_p2                    |     +    |      0|  0|   4|           4|           1|
    |i_1_mid2_fu_1405_p3             |  Select  |      0|  0|   4|           1|           4|
    |j_1_mid2_fu_1391_p3             |  Select  |      0|  0|   4|           1|           1|
    |exitcond_flatten_fu_1373_p2     |   icmp   |      0|  0|   3|           7|           8|
    |exitcond_fu_1385_p2             |   icmp   |      0|  0|   2|           4|           5|
    |ap_sig_bdd_235                  |    or    |      0|  0|   1|           1|           1|
    +--------------------------------+----------+-------+---+----+------------+------------+
    |Total                           |          |      0|  0|  29|          26|          25|
    +--------------------------------+----------+-------+---+----+------------+------------+

    * Multiplexer: 
    +-------------------------------+----+-----------+-----+-----------+
    |              Name             | LUT| Input Size| Bits| Total Bits|
    +-------------------------------+----+-----------+-----+-----------+
    |A_0_address0                   |   3|          5|    3|         15|
    |A_0_address1                   |   3|          5|    3|         15|
    |A_1_address0                   |   3|          5|    3|         15|
    |A_1_address1                   |   3|          5|    3|         15|
    |A_2_address0                   |   3|          5|    3|         15|
    |A_2_address1                   |   3|          5|    3|         15|
    |A_3_address0                   |   3|          5|    3|         15|
    |A_3_address1                   |   3|          5|    3|         15|
    |A_4_address0                   |   3|          5|    3|         15|
    |A_4_address1                   |   3|          5|    3|         15|
    |A_5_address0                   |   3|          5|    3|         15|
    |A_5_address1                   |   3|          5|    3|         15|
    |A_6_address0                   |   3|          5|    3|         15|
    |A_6_address1                   |   3|          5|    3|         15|
    |A_7_address0                   |   3|          5|    3|         15|
    |A_7_address1                   |   3|          5|    3|         15|
    |ap_NS_fsm                      |   1|          7|    1|          7|
    |ap_reg_ppiten_pp0_it11         |   1|          2|    1|          2|
    |grp_fu_1314_p0                 |  32|          5|   32|        160|
    |grp_fu_1314_p1                 |  32|          5|   32|        160|
    |grp_fu_1319_p0                 |  32|          5|   32|        160|
    |grp_fu_1319_p1                 |  32|          5|   32|        160|
    |grp_fu_1323_p0                 |  32|          5|   32|        160|
    |grp_fu_1323_p1                 |  32|          5|   32|        160|
    |grp_fu_1327_p0                 |  32|          5|   32|        160|
    |grp_fu_1327_p1                 |  32|          5|   32|        160|
    |grp_fu_1331_p9                 |   3|          3|    3|          9|
    |grp_fu_1352_p9                 |   3|          3|    3|          9|
    |i_1_phi_fu_1293_p4             |   4|          2|    4|          8|
    |i_1_reg_1289                   |   4|          2|    4|          8|
    |indvar_flatten_phi_fu_1282_p4  |   7|          2|    7|         14|
    |indvar_flatten_reg_1278        |   7|          2|    7|         14|
    |j_1_phi_fu_1305_p4             |   4|          2|    4|          8|
    |j_1_reg_1301                   |   4|          2|    4|          8|
    +-------------------------------+----+-----------+-----+-----------+
    |Total                          | 342|        147|  342|       1607|
    +-------------------------------+----+-----------+-----+-----------+

    * Register: 
    +------------------------------+----+----+-----+-----------+
    |             Name             | FF | LUT| Bits| Const Bits|
    +------------------------------+----+----+-----+-----------+
    |A_0_addr_1_reg_1911           |   0|   0|    3|          3|
    |A_0_addr_2_reg_1951           |   0|   0|    3|          3|
    |A_0_addr_3_reg_1991           |   0|   0|    3|          3|
    |A_0_addr_4_reg_2031           |   0|   0|    3|          3|
    |A_0_addr_5_reg_2071           |   0|   0|    3|          3|
    |A_0_addr_6_reg_2111           |   0|   0|    3|          3|
    |A_0_addr_7_reg_2151           |   0|   0|    3|          3|
    |A_0_addr_reg_1871             |   0|   0|    3|          3|
    |A_1_addr_1_reg_1916           |   0|   0|    3|          3|
    |A_1_addr_2_reg_1956           |   0|   0|    3|          3|
    |A_1_addr_3_reg_1996           |   0|   0|    3|          3|
    |A_1_addr_4_reg_2036           |   0|   0|    3|          3|
    |A_1_addr_5_reg_2076           |   0|   0|    3|          3|
    |A_1_addr_6_reg_2116           |   0|   0|    3|          3|
    |A_1_addr_7_reg_2156           |   0|   0|    3|          3|
    |A_1_addr_reg_1876             |   0|   0|    3|          3|
    |A_2_addr_1_reg_1921           |   0|   0|    3|          3|
    |A_2_addr_2_reg_1961           |   0|   0|    3|          3|
    |A_2_addr_3_reg_2001           |   0|   0|    3|          3|
    |A_2_addr_4_reg_2041           |   0|   0|    3|          3|
    |A_2_addr_5_reg_2081           |   0|   0|    3|          3|
    |A_2_addr_6_reg_2121           |   0|   0|    3|          3|
    |A_2_addr_7_reg_2161           |   0|   0|    3|          3|
    |A_2_addr_reg_1881             |   0|   0|    3|          3|
    |A_3_addr_1_reg_1926           |   0|   0|    3|          3|
    |A_3_addr_2_reg_1966           |   0|   0|    3|          3|
    |A_3_addr_3_reg_2006           |   0|   0|    3|          3|
    |A_3_addr_4_reg_2046           |   0|   0|    3|          3|
    |A_3_addr_5_reg_2086           |   0|   0|    3|          3|
    |A_3_addr_6_reg_2126           |   0|   0|    3|          3|
    |A_3_addr_7_reg_2166           |   0|   0|    3|          3|
    |A_3_addr_reg_1886             |   0|   0|    3|          3|
    |A_4_addr_1_reg_1931           |   0|   0|    3|          3|
    |A_4_addr_2_reg_1971           |   0|   0|    3|          3|
    |A_4_addr_3_reg_2011           |   0|   0|    3|          3|
    |A_4_addr_4_reg_2051           |   0|   0|    3|          3|
    |A_4_addr_5_reg_2091           |   0|   0|    3|          3|
    |A_4_addr_6_reg_2131           |   0|   0|    3|          3|
    |A_4_addr_7_reg_2171           |   0|   0|    3|          3|
    |A_4_addr_reg_1891             |   0|   0|    3|          3|
    |A_5_addr_1_reg_1936           |   0|   0|    3|          3|
    |A_5_addr_2_reg_1976           |   0|   0|    3|          3|
    |A_5_addr_3_reg_2016           |   0|   0|    3|          3|
    |A_5_addr_4_reg_2056           |   0|   0|    3|          3|
    |A_5_addr_5_reg_2096           |   0|   0|    3|          3|
    |A_5_addr_6_reg_2136           |   0|   0|    3|          3|
    |A_5_addr_7_reg_2176           |   0|   0|    3|          3|
    |A_5_addr_reg_1896             |   0|   0|    3|          3|
    |A_6_addr_1_reg_1941           |   0|   0|    3|          3|
    |A_6_addr_2_reg_1981           |   0|   0|    3|          3|
    |A_6_addr_3_reg_2021           |   0|   0|    3|          3|
    |A_6_addr_4_reg_2061           |   0|   0|    3|          3|
    |A_6_addr_5_reg_2101           |   0|   0|    3|          3|
    |A_6_addr_6_reg_2141           |   0|   0|    3|          3|
    |A_6_addr_7_reg_2181           |   0|   0|    3|          3|
    |A_6_addr_reg_1901             |   0|   0|    3|          3|
    |A_7_addr_1_reg_1946           |   0|   0|    3|          3|
    |A_7_addr_2_reg_1986           |   0|   0|    3|          3|
    |A_7_addr_3_reg_2026           |   0|   0|    3|          3|
    |A_7_addr_4_reg_2066           |   0|   0|    3|          3|
    |A_7_addr_5_reg_2106           |   0|   0|    3|          3|
    |A_7_addr_6_reg_2146           |   0|   0|    3|          3|
    |A_7_addr_7_reg_2186           |   0|   0|    3|          3|
    |A_7_addr_reg_1906             |   0|   0|    3|          3|
    |ap_CS_fsm                     |   6|   0|    6|          0|
    |ap_done_reg                   |   1|   0|    1|          0|
    |ap_reg_ppiten_pp0_it0         |   1|   0|    1|          0|
    |ap_reg_ppiten_pp0_it1         |   1|   0|    1|          0|
    |ap_reg_ppiten_pp0_it10        |   1|   0|    1|          0|
    |ap_reg_ppiten_pp0_it11        |   1|   0|    1|          0|
    |ap_reg_ppiten_pp0_it2         |   1|   0|    1|          0|
    |ap_reg_ppiten_pp0_it3         |   1|   0|    1|          0|
    |ap_reg_ppiten_pp0_it4         |   1|   0|    1|          0|
    |ap_reg_ppiten_pp0_it5         |   1|   0|    1|          0|
    |ap_reg_ppiten_pp0_it6         |   1|   0|    1|          0|
    |ap_reg_ppiten_pp0_it7         |   1|   0|    1|          0|
    |ap_reg_ppiten_pp0_it8         |   1|   0|    1|          0|
    |ap_reg_ppiten_pp0_it9         |   1|   0|    1|          0|
    |exitcond_flatten_reg_2191     |   1|   0|    1|          0|
    |i_1_mid2_reg_2206             |   4|   0|    4|          0|
    |i_1_reg_1289                  |   4|   0|    4|          0|
    |indvar_flatten_next_reg_2195  |   7|   0|    7|          0|
    |indvar_flatten_reg_1278       |   7|   0|    7|          0|
    |j_1_mid2_reg_2200             |   4|   0|    4|          0|
    |j_1_reg_1301                  |   4|   0|    4|          0|
    |j_reg_2299                    |   4|   0|    4|          0|
    |temp_1_1_reg_2359             |  32|   0|   32|          0|
    |temp_1_2_reg_2364             |  32|   0|   32|          0|
    |temp_1_3_reg_2369             |  32|   0|   32|          0|
    |temp_1_4_reg_2374             |  32|   0|   32|          0|
    |temp_1_5_reg_2379             |  32|   0|   32|          0|
    |temp_1_6_reg_2384             |  32|   0|   32|          0|
    |temp_1_7_reg_2389             |  32|   0|   32|          0|
    |temp_1_reg_2354               |  32|   0|   32|          0|
    |tmp_10_1_reg_2309             |  32|   0|   32|          0|
    |tmp_10_2_reg_2324             |  32|   0|   32|          0|
    |tmp_10_3_reg_2329             |  32|   0|   32|          0|
    |tmp_10_4_reg_2334             |  32|   0|   32|          0|
    |tmp_10_5_reg_2339             |  32|   0|   32|          0|
    |tmp_10_6_reg_2344             |  32|   0|   32|          0|
    |tmp_10_7_reg_2349             |  32|   0|   32|          0|
    |tmp_10_reg_2269               |  32|   0|   32|          0|
    |tmp_12_reg_2274               |  32|   0|   32|          0|
    |tmp_14_reg_2289               |  32|   0|   32|          0|
    |tmp_16_reg_2294               |  32|   0|   32|          0|
    |tmp_18_reg_2211               |   3|   0|    3|          0|
    |tmp_19_reg_2222               |   3|   0|    3|          0|
    |tmp_2_reg_2304                |  32|   0|   32|          0|
    |tmp_3_reg_2234                |  32|   0|   32|          0|
    |tmp_6_reg_2249                |  32|   0|   32|          0|
    |tmp_reg_2217                  |  32|   0|   32|          0|
    |tmp_s_reg_2254                |  32|   0|   32|          0|
    |exitcond_flatten_reg_2191     |   0|   1|    1|          0|
    |j_1_mid2_reg_2200             |   0|   4|    4|          0|
    |tmp_10_1_reg_2309             |   0|  32|   32|          0|
    |tmp_10_2_reg_2324             |   0|  32|   32|          0|
    |tmp_10_3_reg_2329             |   0|  32|   32|          0|
    |tmp_10_4_reg_2334             |   0|  32|   32|          0|
    |tmp_10_5_reg_2339             |   0|  32|   32|          0|
    |tmp_10_6_reg_2344             |   0|  32|   32|          0|
    |tmp_10_7_reg_2349             |   0|  32|   32|          0|
    |tmp_18_reg_2211               |   0|   3|    3|          0|
    +------------------------------+----+----+-----+-----------+
    |Total                         | 828| 232| 1252|        192|
    +------------------------------+----+----+-----+-----------+



================================================================
== Interface
================================================================
* Summary: 
+--------------+-----+-----+------------+--------------------------------+--------------+
|   RTL Ports  | Dir | Bits|  Protocol  |          Source Object         |    C Type    |
+--------------+-----+-----+------------+--------------------------------+--------------+
|ap_clk        |  in |    1| ap_ctrl_hs | DCT_MAT_Multiply_Loop_Row_proc | return value |
|ap_rst        |  in |    1| ap_ctrl_hs | DCT_MAT_Multiply_Loop_Row_proc | return value |
|ap_start      |  in |    1| ap_ctrl_hs | DCT_MAT_Multiply_Loop_Row_proc | return value |
|ap_done       | out |    1| ap_ctrl_hs | DCT_MAT_Multiply_Loop_Row_proc | return value |
|ap_continue   |  in |    1| ap_ctrl_hs | DCT_MAT_Multiply_Loop_Row_proc | return value |
|ap_idle       | out |    1| ap_ctrl_hs | DCT_MAT_Multiply_Loop_Row_proc | return value |
|ap_ready      | out |    1| ap_ctrl_hs | DCT_MAT_Multiply_Loop_Row_proc | return value |
|A_0_address0  | out |    3|  ap_memory |               A_0              |     array    |
|A_0_ce0       | out |    1|  ap_memory |               A_0              |     array    |
|A_0_q0        |  in |   32|  ap_memory |               A_0              |     array    |
|A_0_address1  | out |    3|  ap_memory |               A_0              |     array    |
|A_0_ce1       | out |    1|  ap_memory |               A_0              |     array    |
|A_0_q1        |  in |   32|  ap_memory |               A_0              |     array    |
|A_1_address0  | out |    3|  ap_memory |               A_1              |     array    |
|A_1_ce0       | out |    1|  ap_memory |               A_1              |     array    |
|A_1_q0        |  in |   32|  ap_memory |               A_1              |     array    |
|A_1_address1  | out |    3|  ap_memory |               A_1              |     array    |
|A_1_ce1       | out |    1|  ap_memory |               A_1              |     array    |
|A_1_q1        |  in |   32|  ap_memory |               A_1              |     array    |
|A_2_address0  | out |    3|  ap_memory |               A_2              |     array    |
|A_2_ce0       | out |    1|  ap_memory |               A_2              |     array    |
|A_2_q0        |  in |   32|  ap_memory |               A_2              |     array    |
|A_2_address1  | out |    3|  ap_memory |               A_2              |     array    |
|A_2_ce1       | out |    1|  ap_memory |               A_2              |     array    |
|A_2_q1        |  in |   32|  ap_memory |               A_2              |     array    |
|A_3_address0  | out |    3|  ap_memory |               A_3              |     array    |
|A_3_ce0       | out |    1|  ap_memory |               A_3              |     array    |
|A_3_q0        |  in |   32|  ap_memory |               A_3              |     array    |
|A_3_address1  | out |    3|  ap_memory |               A_3              |     array    |
|A_3_ce1       | out |    1|  ap_memory |               A_3              |     array    |
|A_3_q1        |  in |   32|  ap_memory |               A_3              |     array    |
|A_4_address0  | out |    3|  ap_memory |               A_4              |     array    |
|A_4_ce0       | out |    1|  ap_memory |               A_4              |     array    |
|A_4_q0        |  in |   32|  ap_memory |               A_4              |     array    |
|A_4_address1  | out |    3|  ap_memory |               A_4              |     array    |
|A_4_ce1       | out |    1|  ap_memory |               A_4              |     array    |
|A_4_q1        |  in |   32|  ap_memory |               A_4              |     array    |
|A_5_address0  | out |    3|  ap_memory |               A_5              |     array    |
|A_5_ce0       | out |    1|  ap_memory |               A_5              |     array    |
|A_5_q0        |  in |   32|  ap_memory |               A_5              |     array    |
|A_5_address1  | out |    3|  ap_memory |               A_5              |     array    |
|A_5_ce1       | out |    1|  ap_memory |               A_5              |     array    |
|A_5_q1        |  in |   32|  ap_memory |               A_5              |     array    |
|A_6_address0  | out |    3|  ap_memory |               A_6              |     array    |
|A_6_ce0       | out |    1|  ap_memory |               A_6              |     array    |
|A_6_q0        |  in |   32|  ap_memory |               A_6              |     array    |
|A_6_address1  | out |    3|  ap_memory |               A_6              |     array    |
|A_6_ce1       | out |    1|  ap_memory |               A_6              |     array    |
|A_6_q1        |  in |   32|  ap_memory |               A_6              |     array    |
|A_7_address0  | out |    3|  ap_memory |               A_7              |     array    |
|A_7_ce0       | out |    1|  ap_memory |               A_7              |     array    |
|A_7_q0        |  in |   32|  ap_memory |               A_7              |     array    |
|A_7_address1  | out |    3|  ap_memory |               A_7              |     array    |
|A_7_ce1       | out |    1|  ap_memory |               A_7              |     array    |
|A_7_q1        |  in |   32|  ap_memory |               A_7              |     array    |
|p_read        |  in |   32|   ap_none  |             p_read             |    scalar    |
|p_read1       |  in |   32|   ap_none  |             p_read1            |    scalar    |
|p_read2       |  in |   32|   ap_none  |             p_read2            |    scalar    |
|p_read3       |  in |   32|   ap_none  |             p_read3            |    scalar    |
|p_read4       |  in |   32|   ap_none  |             p_read4            |    scalar    |
|p_read5       |  in |   32|   ap_none  |             p_read5            |    scalar    |
|p_read6       |  in |   32|   ap_none  |             p_read6            |    scalar    |
|p_read7       |  in |   32|   ap_none  |             p_read7            |    scalar    |
|p_read8       |  in |   32|   ap_none  |             p_read8            |    scalar    |
|p_read9       |  in |   32|   ap_none  |             p_read9            |    scalar    |
|p_read10      |  in |   32|   ap_none  |            p_read10            |    scalar    |
|p_read11      |  in |   32|   ap_none  |            p_read11            |    scalar    |
|p_read12      |  in |   32|   ap_none  |            p_read12            |    scalar    |
|p_read13      |  in |   32|   ap_none  |            p_read13            |    scalar    |
|p_read14      |  in |   32|   ap_none  |            p_read14            |    scalar    |
|p_read15      |  in |   32|   ap_none  |            p_read15            |    scalar    |
|p_read16      |  in |   32|   ap_none  |            p_read16            |    scalar    |
|p_read17      |  in |   32|   ap_none  |            p_read17            |    scalar    |
|p_read18      |  in |   32|   ap_none  |            p_read18            |    scalar    |
|p_read19      |  in |   32|   ap_none  |            p_read19            |    scalar    |
|p_read20      |  in |   32|   ap_none  |            p_read20            |    scalar    |
|p_read21      |  in |   32|   ap_none  |            p_read21            |    scalar    |
|p_read22      |  in |   32|   ap_none  |            p_read22            |    scalar    |
|p_read23      |  in |   32|   ap_none  |            p_read23            |    scalar    |
|p_read24      |  in |   32|   ap_none  |            p_read24            |    scalar    |
|p_read25      |  in |   32|   ap_none  |            p_read25            |    scalar    |
|p_read26      |  in |   32|   ap_none  |            p_read26            |    scalar    |
|p_read27      |  in |   32|   ap_none  |            p_read27            |    scalar    |
|p_read28      |  in |   32|   ap_none  |            p_read28            |    scalar    |
|p_read29      |  in |   32|   ap_none  |            p_read29            |    scalar    |
|p_read30      |  in |   32|   ap_none  |            p_read30            |    scalar    |
|p_read31      |  in |   32|   ap_none  |            p_read31            |    scalar    |
|p_read32      |  in |   32|   ap_none  |            p_read32            |    scalar    |
|p_read33      |  in |   32|   ap_none  |            p_read33            |    scalar    |
|p_read34      |  in |   32|   ap_none  |            p_read34            |    scalar    |
|p_read35      |  in |   32|   ap_none  |            p_read35            |    scalar    |
|p_read36      |  in |   32|   ap_none  |            p_read36            |    scalar    |
|p_read37      |  in |   32|   ap_none  |            p_read37            |    scalar    |
|p_read38      |  in |   32|   ap_none  |            p_read38            |    scalar    |
|p_read39      |  in |   32|   ap_none  |            p_read39            |    scalar    |
|p_read40      |  in |   32|   ap_none  |            p_read40            |    scalar    |
|p_read41      |  in |   32|   ap_none  |            p_read41            |    scalar    |
|p_read42      |  in |   32|   ap_none  |            p_read42            |    scalar    |
|p_read43      |  in |   32|   ap_none  |            p_read43            |    scalar    |
|p_read44      |  in |   32|   ap_none  |            p_read44            |    scalar    |
|p_read45      |  in |   32|   ap_none  |            p_read45            |    scalar    |
|p_read46      |  in |   32|   ap_none  |            p_read46            |    scalar    |
|p_read47      |  in |   32|   ap_none  |            p_read47            |    scalar    |
|p_read48      |  in |   32|   ap_none  |            p_read48            |    scalar    |
|p_read49      |  in |   32|   ap_none  |            p_read49            |    scalar    |
|p_read50      |  in |   32|   ap_none  |            p_read50            |    scalar    |
|p_read51      |  in |   32|   ap_none  |            p_read51            |    scalar    |
|p_read52      |  in |   32|   ap_none  |            p_read52            |    scalar    |
|p_read53      |  in |   32|   ap_none  |            p_read53            |    scalar    |
|p_read54      |  in |   32|   ap_none  |            p_read54            |    scalar    |
|p_read55      |  in |   32|   ap_none  |            p_read55            |    scalar    |
|p_read56      |  in |   32|   ap_none  |            p_read56            |    scalar    |
|p_read57      |  in |   32|   ap_none  |            p_read57            |    scalar    |
|p_read58      |  in |   32|   ap_none  |            p_read58            |    scalar    |
|p_read59      |  in |   32|   ap_none  |            p_read59            |    scalar    |
|p_read60      |  in |   32|   ap_none  |            p_read60            |    scalar    |
|p_read61      |  in |   32|   ap_none  |            p_read61            |    scalar    |
|p_read62      |  in |   32|   ap_none  |            p_read62            |    scalar    |
|p_read63      |  in |   32|   ap_none  |            p_read63            |    scalar    |
|C_0_address0  | out |    3|  ap_memory |               C_0              |     array    |
|C_0_ce0       | out |    1|  ap_memory |               C_0              |     array    |
|C_0_we0       | out |    1|  ap_memory |               C_0              |     array    |
|C_0_d0        | out |   32|  ap_memory |               C_0              |     array    |
|C_1_address0  | out |    3|  ap_memory |               C_1              |     array    |
|C_1_ce0       | out |    1|  ap_memory |               C_1              |     array    |
|C_1_we0       | out |    1|  ap_memory |               C_1              |     array    |
|C_1_d0        | out |   32|  ap_memory |               C_1              |     array    |
|C_2_address0  | out |    3|  ap_memory |               C_2              |     array    |
|C_2_ce0       | out |    1|  ap_memory |               C_2              |     array    |
|C_2_we0       | out |    1|  ap_memory |               C_2              |     array    |
|C_2_d0        | out |   32|  ap_memory |               C_2              |     array    |
|C_3_address0  | out |    3|  ap_memory |               C_3              |     array    |
|C_3_ce0       | out |    1|  ap_memory |               C_3              |     array    |
|C_3_we0       | out |    1|  ap_memory |               C_3              |     array    |
|C_3_d0        | out |   32|  ap_memory |               C_3              |     array    |
|C_4_address0  | out |    3|  ap_memory |               C_4              |     array    |
|C_4_ce0       | out |    1|  ap_memory |               C_4              |     array    |
|C_4_we0       | out |    1|  ap_memory |               C_4              |     array    |
|C_4_d0        | out |   32|  ap_memory |               C_4              |     array    |
|C_5_address0  | out |    3|  ap_memory |               C_5              |     array    |
|C_5_ce0       | out |    1|  ap_memory |               C_5              |     array    |
|C_5_we0       | out |    1|  ap_memory |               C_5              |     array    |
|C_5_d0        | out |   32|  ap_memory |               C_5              |     array    |
|C_6_address0  | out |    3|  ap_memory |               C_6              |     array    |
|C_6_ce0       | out |    1|  ap_memory |               C_6              |     array    |
|C_6_we0       | out |    1|  ap_memory |               C_6              |     array    |
|C_6_d0        | out |   32|  ap_memory |               C_6              |     array    |
|C_7_address0  | out |    3|  ap_memory |               C_7              |     array    |
|C_7_ce0       | out |    1|  ap_memory |               C_7              |     array    |
|C_7_we0       | out |    1|  ap_memory |               C_7              |     array    |
|C_7_d0        | out |   32|  ap_memory |               C_7              |     array    |
+--------------+-----+-----+------------+--------------------------------+--------------+

