

================================================================
== Vivado HLS Report for 'DCT_MAT_Multiply_1_Loop_LoadRow_pr'
================================================================
* Date:           Fri Oct 30 16:49:43 2015

* Version:        2015.1 (Build 1215546 on Mon Apr 27 19:24:50 PM 2015)
* Project:        dct
* Solution:       solution2optimize
* Product family: zynq
* Target device:  xc7z020clg484-1


================================================================
== Performance Estimates
================================================================
+ Timing (ns): 
    * Summary: 
    +---------+-------+----------+------------+
    |  Clock  | Target| Estimated| Uncertainty|
    +---------+-------+----------+------------+
    |default  |  10.00|      6.24|        1.25|
    +---------+-------+----------+------------+

+ Latency (clock cycles): 
    * Summary: 
    +-----+-----+-----+-----+---------+
    |  Latency  |  Interval | Pipeline|
    | min | max | min | max |   Type  |
    +-----+-----+-----+-----+---------+
    |   67|   67|   67|   67|   none  |
    +-----+-----+-----+-----+---------+

    + Detail: 
        * Instance: 
        N/A

        * Loop: 
        +-------------------+-----+-----+----------+-----------+-----------+------+----------+
        |                   |  Latency  | Iteration|  Initiation Interval  | Trip |          |
        |     Loop Name     | min | max |  Latency |  achieved |   target  | Count| Pipelined|
        +-------------------+-----+-----+----------+-----------+-----------+------+----------+
        |- LoadRow_LoadCol  |   65|   65|         2|          1|          1|    64|    yes   |
        +-------------------+-----+-----+----------+-----------+-----------+------+----------+



================================================================
== Utilization Estimates
================================================================
* Summary: 
+-----------------+---------+-------+--------+-------+
|       Name      | BRAM_18K| DSP48E|   FF   |  LUT  |
+-----------------+---------+-------+--------+-------+
|Expression       |        -|      -|       0|     29|
|FIFO             |        -|      -|       -|      -|
|Instance         |        -|      -|      32|     64|
|Memory           |        -|      -|       -|      -|
|Multiplexer      |        -|      -|       -|   2065|
|Register         |        -|      -|    2074|      -|
+-----------------+---------+-------+--------+-------+
|Total            |        0|      0|    2106|   2158|
+-----------------+---------+-------+--------+-------+
|Available        |      280|    220|  106400|  53200|
+-----------------+---------+-------+--------+-------+
|Utilization (%)  |        0|      0|       1|      4|
+-----------------+---------+-------+--------+-------+

+ Detail: 
    * Instance: 
    +-----------------------------+------------------------+---------+-------+----+----+
    |           Instance          |         Module         | BRAM_18K| DSP48E| FF | LUT|
    +-----------------------------+------------------------+---------+-------+----+----+
    |DCT_mux_8to1_sel3_32_1_U186  |DCT_mux_8to1_sel3_32_1  |        0|      0|  32|  64|
    +-----------------------------+------------------------+---------+-------+----+----+
    |Total                        |                        |        0|      0|  32|  64|
    +-----------------------------+------------------------+---------+-------+----+----+

    * Memory: 
    N/A

    * FIFO: 
    N/A

    * Expression: 
    +---------------------------------+----------+-------+---+----+------------+------------+
    |          Variable Name          | Operation| DSP48E| FF| LUT| Bitwidth P0| Bitwidth P1|
    +---------------------------------+----------+-------+---+----+------------+------------+
    |i_fu_13690_p2                    |     +    |      0|  0|   4|           1|           4|
    |indvar_flatten_next_fu_13648_p2  |     +    |      0|  0|   7|           7|           1|
    |j_fu_13684_p2                    |     +    |      0|  0|   4|           4|           1|
    |i_0_i_i_mid2_fu_13696_p3         |  Select  |      0|  0|   4|           1|           4|
    |j_0_i_i_mid2_fu_13660_p3         |  Select  |      0|  0|   4|           1|           1|
    |exitcond3_i_i_fu_13654_p2        |   icmp   |      0|  0|   2|           4|           5|
    |exitcond_flatten_fu_13642_p2     |   icmp   |      0|  0|   3|           7|           8|
    |ap_sig_bdd_454                   |    or    |      0|  0|   1|           1|           1|
    +---------------------------------+----------+-------+---+----+------------+------------+
    |Total                            |          |      0|  0|  29|          26|          25|
    +---------------------------------+----------+-------+---+----+------------+------------+

    * Multiplexer: 
    +----------------------------------+----+-----------+-----+-----------+
    |               Name               | LUT| Input Size| Bits| Total Bits|
    +----------------------------------+----+-----------+-----+-----------+
    |B_cached_0_0_2_phi_fu_6319_p128   |  32|          3|   32|         96|
    |B_cached_0_1_2_phi_fu_5725_p128   |  32|          3|   32|         96|
    |B_cached_0_2_2_phi_fu_5131_p128   |  32|          3|   32|         96|
    |B_cached_0_3_2_phi_fu_4537_p128   |  32|          3|   32|         96|
    |B_cached_0_4_2_phi_fu_3943_p128   |  32|          3|   32|         96|
    |B_cached_0_5_2_phi_fu_3349_p128   |  32|          3|   32|         96|
    |B_cached_0_6_2_phi_fu_2755_p128   |  32|          3|   32|         96|
    |B_cached_0_7_2_phi_fu_2161_p128   |  32|          3|   32|         96|
    |B_cached_1_0_2_phi_fu_1567_p128   |  32|          3|   32|         96|
    |B_cached_1_1_2_phi_fu_973_p128    |  32|          3|   32|         96|
    |B_cached_1_2_2_phi_fu_1171_p128   |  32|          3|   32|         96|
    |B_cached_1_3_2_phi_fu_1369_p128   |  32|          3|   32|         96|
    |B_cached_1_4_2_phi_fu_1765_p128   |  32|          3|   32|         96|
    |B_cached_1_5_2_phi_fu_1963_p128   |  32|          3|   32|         96|
    |B_cached_1_6_2_phi_fu_2359_p128   |  32|          3|   32|         96|
    |B_cached_1_7_2_phi_fu_2557_p128   |  32|          3|   32|         96|
    |B_cached_2_0_2_phi_fu_2953_p128   |  32|          3|   32|         96|
    |B_cached_2_1_2_phi_fu_3151_p128   |  32|          3|   32|         96|
    |B_cached_2_2_2_phi_fu_3547_p128   |  32|          3|   32|         96|
    |B_cached_2_3_2_phi_fu_3745_p128   |  32|          3|   32|         96|
    |B_cached_2_4_2_phi_fu_4141_p128   |  32|          3|   32|         96|
    |B_cached_2_5_2_phi_fu_4339_p128   |  32|          3|   32|         96|
    |B_cached_2_6_2_phi_fu_4735_p128   |  32|          3|   32|         96|
    |B_cached_2_7_2_phi_fu_4933_p128   |  32|          3|   32|         96|
    |B_cached_3_0_2_phi_fu_5329_p128   |  32|          3|   32|         96|
    |B_cached_3_1_2_phi_fu_5527_p128   |  32|          3|   32|         96|
    |B_cached_3_2_2_phi_fu_5923_p128   |  32|          3|   32|         96|
    |B_cached_3_3_2_phi_fu_6121_p128   |  32|          3|   32|         96|
    |B_cached_3_4_2_phi_fu_6517_p128   |  32|          3|   32|         96|
    |B_cached_3_5_2_phi_fu_6715_p128   |  32|          3|   32|         96|
    |B_cached_3_6_2_phi_fu_13249_p128  |  32|          3|   32|         96|
    |B_cached_3_7_2_phi_fu_12655_p128  |  32|          3|   32|         96|
    |B_cached_4_0_2_phi_fu_12061_p128  |  32|          3|   32|         96|
    |B_cached_4_1_2_phi_fu_11467_p128  |  32|          3|   32|         96|
    |B_cached_4_2_2_phi_fu_10873_p128  |  32|          3|   32|         96|
    |B_cached_4_3_2_phi_fu_10279_p128  |  32|          3|   32|         96|
    |B_cached_4_4_2_phi_fu_9685_p128   |  32|          3|   32|         96|
    |B_cached_4_5_2_phi_fu_9091_p128   |  32|          3|   32|         96|
    |B_cached_4_6_2_phi_fu_8497_p128   |  32|          3|   32|         96|
    |B_cached_4_7_2_phi_fu_7903_p128   |  32|          3|   32|         96|
    |B_cached_5_0_2_phi_fu_7309_p128   |  32|          3|   32|         96|
    |B_cached_5_1_2_phi_fu_6913_p128   |  32|          3|   32|         96|
    |B_cached_5_2_2_phi_fu_7111_p128   |  32|          3|   32|         96|
    |B_cached_5_3_2_phi_fu_7507_p128   |  32|          3|   32|         96|
    |B_cached_5_4_2_phi_fu_7705_p128   |  32|          3|   32|         96|
    |B_cached_5_5_2_phi_fu_8101_p128   |  32|          3|   32|         96|
    |B_cached_5_6_2_phi_fu_8299_p128   |  32|          3|   32|         96|
    |B_cached_5_7_2_phi_fu_8695_p128   |  32|          3|   32|         96|
    |B_cached_6_0_2_phi_fu_8893_p128   |  32|          3|   32|         96|
    |B_cached_6_1_2_phi_fu_9289_p128   |  32|          3|   32|         96|
    |B_cached_6_2_2_phi_fu_9487_p128   |  32|          3|   32|         96|
    |B_cached_6_3_2_phi_fu_9883_p128   |  32|          3|   32|         96|
    |B_cached_6_4_2_phi_fu_10081_p128  |  32|          3|   32|         96|
    |B_cached_6_5_2_phi_fu_10477_p128  |  32|          3|   32|         96|
    |B_cached_6_6_2_phi_fu_10675_p128  |  32|          3|   32|         96|
    |B_cached_6_7_2_phi_fu_11071_p128  |  32|          3|   32|         96|
    |B_cached_7_0_2_phi_fu_11269_p128  |  32|          3|   32|         96|
    |B_cached_7_1_2_phi_fu_11665_p128  |  32|          3|   32|         96|
    |B_cached_7_2_2_phi_fu_11863_p128  |  32|          3|   32|         96|
    |B_cached_7_3_2_phi_fu_12259_p128  |  32|          3|   32|         96|
    |B_cached_7_4_2_phi_fu_12457_p128  |  32|          3|   32|         96|
    |B_cached_7_5_2_phi_fu_12853_p128  |  32|          3|   32|         96|
    |B_cached_7_6_2_phi_fu_13051_p128  |  32|          3|   32|         96|
    |B_cached_7_7_2_phi_fu_13447_p128  |  32|          3|   32|         96|
    |ap_NS_fsm                         |   1|          4|    1|          4|
    |ap_reg_ppiten_pp0_it1             |   1|          2|    1|          2|
    |i_0_i_i_reg_190                   |   4|          2|    4|          8|
    |indvar_flatten_reg_168            |   7|          2|    7|         14|
    |j_0_i_i_reg_179                   |   4|          2|    4|          8|
    +----------------------------------+----+-----------+-----+-----------+
    |Total                             |2065|        204| 2065|       6180|
    +----------------------------------+----+-----------+-----+-----------+

    * Register: 
    +----------------------------+----+----+-----+-----------+
    |            Name            | FF | LUT| Bits| Const Bits|
    +----------------------------+----+----+-----+-----------+
    |B_cached_0_0_1_reg_525      |  32|   0|   32|          0|
    |B_cached_0_1_1_reg_489      |  32|   0|   32|          0|
    |B_cached_0_2_1_reg_453      |  32|   0|   32|          0|
    |B_cached_0_3_1_reg_417      |  32|   0|   32|          0|
    |B_cached_0_4_1_reg_381      |  32|   0|   32|          0|
    |B_cached_0_5_1_reg_345      |  32|   0|   32|          0|
    |B_cached_0_6_1_reg_309      |  32|   0|   32|          0|
    |B_cached_0_7_1_reg_273      |  32|   0|   32|          0|
    |B_cached_1_0_1_reg_237      |  32|   0|   32|          0|
    |B_cached_1_1_1_reg_201      |  32|   0|   32|          0|
    |B_cached_1_2_1_reg_213      |  32|   0|   32|          0|
    |B_cached_1_3_1_reg_225      |  32|   0|   32|          0|
    |B_cached_1_4_1_reg_249      |  32|   0|   32|          0|
    |B_cached_1_5_1_reg_261      |  32|   0|   32|          0|
    |B_cached_1_6_1_reg_285      |  32|   0|   32|          0|
    |B_cached_1_7_1_reg_297      |  32|   0|   32|          0|
    |B_cached_2_0_1_reg_321      |  32|   0|   32|          0|
    |B_cached_2_1_1_reg_333      |  32|   0|   32|          0|
    |B_cached_2_2_1_reg_357      |  32|   0|   32|          0|
    |B_cached_2_3_1_reg_369      |  32|   0|   32|          0|
    |B_cached_2_4_1_reg_393      |  32|   0|   32|          0|
    |B_cached_2_5_1_reg_405      |  32|   0|   32|          0|
    |B_cached_2_6_1_reg_429      |  32|   0|   32|          0|
    |B_cached_2_7_1_reg_441      |  32|   0|   32|          0|
    |B_cached_3_0_1_reg_465      |  32|   0|   32|          0|
    |B_cached_3_1_1_reg_477      |  32|   0|   32|          0|
    |B_cached_3_2_1_reg_501      |  32|   0|   32|          0|
    |B_cached_3_3_1_reg_513      |  32|   0|   32|          0|
    |B_cached_3_4_1_reg_537      |  32|   0|   32|          0|
    |B_cached_3_5_1_reg_549      |  32|   0|   32|          0|
    |B_cached_3_6_1_reg_945      |  32|   0|   32|          0|
    |B_cached_3_7_1_reg_909      |  32|   0|   32|          0|
    |B_cached_4_0_1_reg_873      |  32|   0|   32|          0|
    |B_cached_4_1_1_reg_837      |  32|   0|   32|          0|
    |B_cached_4_2_1_reg_801      |  32|   0|   32|          0|
    |B_cached_4_3_1_reg_765      |  32|   0|   32|          0|
    |B_cached_4_4_1_reg_729      |  32|   0|   32|          0|
    |B_cached_4_5_1_reg_693      |  32|   0|   32|          0|
    |B_cached_4_6_1_reg_657      |  32|   0|   32|          0|
    |B_cached_4_7_1_reg_621      |  32|   0|   32|          0|
    |B_cached_5_0_1_reg_585      |  32|   0|   32|          0|
    |B_cached_5_1_1_reg_561      |  32|   0|   32|          0|
    |B_cached_5_2_1_reg_573      |  32|   0|   32|          0|
    |B_cached_5_3_1_reg_597      |  32|   0|   32|          0|
    |B_cached_5_4_1_reg_609      |  32|   0|   32|          0|
    |B_cached_5_5_1_reg_633      |  32|   0|   32|          0|
    |B_cached_5_6_1_reg_645      |  32|   0|   32|          0|
    |B_cached_5_7_1_reg_669      |  32|   0|   32|          0|
    |B_cached_6_0_1_reg_681      |  32|   0|   32|          0|
    |B_cached_6_1_1_reg_705      |  32|   0|   32|          0|
    |B_cached_6_2_1_reg_717      |  32|   0|   32|          0|
    |B_cached_6_3_1_reg_741      |  32|   0|   32|          0|
    |B_cached_6_4_1_reg_753      |  32|   0|   32|          0|
    |B_cached_6_5_1_reg_777      |  32|   0|   32|          0|
    |B_cached_6_6_1_reg_789      |  32|   0|   32|          0|
    |B_cached_6_7_1_reg_813      |  32|   0|   32|          0|
    |B_cached_7_0_1_reg_825      |  32|   0|   32|          0|
    |B_cached_7_1_1_reg_849      |  32|   0|   32|          0|
    |B_cached_7_2_1_reg_861      |  32|   0|   32|          0|
    |B_cached_7_3_1_reg_885      |  32|   0|   32|          0|
    |B_cached_7_4_1_reg_897      |  32|   0|   32|          0|
    |B_cached_7_5_1_reg_921      |  32|   0|   32|          0|
    |B_cached_7_6_1_reg_933      |  32|   0|   32|          0|
    |B_cached_7_7_1_reg_957      |  32|   0|   32|          0|
    |ap_CS_fsm                   |   3|   0|    3|          0|
    |ap_done_reg                 |   1|   0|    1|          0|
    |ap_reg_ppiten_pp0_it0       |   1|   0|    1|          0|
    |ap_reg_ppiten_pp0_it1       |   1|   0|    1|          0|
    |exitcond3_i_i_reg_14186     |   1|   0|    1|          0|
    |exitcond_flatten_reg_14177  |   1|   0|    1|          0|
    |i_0_i_i_reg_190             |   4|   0|    4|          0|
    |indvar_flatten_reg_168      |   7|   0|    7|          0|
    |j_0_i_i_reg_179             |   4|   0|    4|          0|
    |tmp_20_reg_14231            |   3|   0|    3|          0|
    +----------------------------+----+----+-----+-----------+
    |Total                       |2074|   0| 2074|          0|
    +----------------------------+----+----+-----+-----------+



================================================================
== Interface
================================================================
* Summary: 
+--------------+-----+-----+------------+------------------------------------+--------------+
|   RTL Ports  | Dir | Bits|  Protocol  |            Source Object           |    C Type    |
+--------------+-----+-----+------------+------------------------------------+--------------+
|ap_clk        |  in |    1| ap_ctrl_hs | DCT_MAT_Multiply.1_Loop_LoadRow_pr | return value |
|ap_rst        |  in |    1| ap_ctrl_hs | DCT_MAT_Multiply.1_Loop_LoadRow_pr | return value |
|ap_start      |  in |    1| ap_ctrl_hs | DCT_MAT_Multiply.1_Loop_LoadRow_pr | return value |
|ap_done       | out |    1| ap_ctrl_hs | DCT_MAT_Multiply.1_Loop_LoadRow_pr | return value |
|ap_continue   |  in |    1| ap_ctrl_hs | DCT_MAT_Multiply.1_Loop_LoadRow_pr | return value |
|ap_idle       | out |    1| ap_ctrl_hs | DCT_MAT_Multiply.1_Loop_LoadRow_pr | return value |
|ap_ready      | out |    1| ap_ctrl_hs | DCT_MAT_Multiply.1_Loop_LoadRow_pr | return value |
|ap_return_0   | out |   32| ap_ctrl_hs | DCT_MAT_Multiply.1_Loop_LoadRow_pr | return value |
|ap_return_1   | out |   32| ap_ctrl_hs | DCT_MAT_Multiply.1_Loop_LoadRow_pr | return value |
|ap_return_2   | out |   32| ap_ctrl_hs | DCT_MAT_Multiply.1_Loop_LoadRow_pr | return value |
|ap_return_3   | out |   32| ap_ctrl_hs | DCT_MAT_Multiply.1_Loop_LoadRow_pr | return value |
|ap_return_4   | out |   32| ap_ctrl_hs | DCT_MAT_Multiply.1_Loop_LoadRow_pr | return value |
|ap_return_5   | out |   32| ap_ctrl_hs | DCT_MAT_Multiply.1_Loop_LoadRow_pr | return value |
|ap_return_6   | out |   32| ap_ctrl_hs | DCT_MAT_Multiply.1_Loop_LoadRow_pr | return value |
|ap_return_7   | out |   32| ap_ctrl_hs | DCT_MAT_Multiply.1_Loop_LoadRow_pr | return value |
|ap_return_8   | out |   32| ap_ctrl_hs | DCT_MAT_Multiply.1_Loop_LoadRow_pr | return value |
|ap_return_9   | out |   32| ap_ctrl_hs | DCT_MAT_Multiply.1_Loop_LoadRow_pr | return value |
|ap_return_10  | out |   32| ap_ctrl_hs | DCT_MAT_Multiply.1_Loop_LoadRow_pr | return value |
|ap_return_11  | out |   32| ap_ctrl_hs | DCT_MAT_Multiply.1_Loop_LoadRow_pr | return value |
|ap_return_12  | out |   32| ap_ctrl_hs | DCT_MAT_Multiply.1_Loop_LoadRow_pr | return value |
|ap_return_13  | out |   32| ap_ctrl_hs | DCT_MAT_Multiply.1_Loop_LoadRow_pr | return value |
|ap_return_14  | out |   32| ap_ctrl_hs | DCT_MAT_Multiply.1_Loop_LoadRow_pr | return value |
|ap_return_15  | out |   32| ap_ctrl_hs | DCT_MAT_Multiply.1_Loop_LoadRow_pr | return value |
|ap_return_16  | out |   32| ap_ctrl_hs | DCT_MAT_Multiply.1_Loop_LoadRow_pr | return value |
|ap_return_17  | out |   32| ap_ctrl_hs | DCT_MAT_Multiply.1_Loop_LoadRow_pr | return value |
|ap_return_18  | out |   32| ap_ctrl_hs | DCT_MAT_Multiply.1_Loop_LoadRow_pr | return value |
|ap_return_19  | out |   32| ap_ctrl_hs | DCT_MAT_Multiply.1_Loop_LoadRow_pr | return value |
|ap_return_20  | out |   32| ap_ctrl_hs | DCT_MAT_Multiply.1_Loop_LoadRow_pr | return value |
|ap_return_21  | out |   32| ap_ctrl_hs | DCT_MAT_Multiply.1_Loop_LoadRow_pr | return value |
|ap_return_22  | out |   32| ap_ctrl_hs | DCT_MAT_Multiply.1_Loop_LoadRow_pr | return value |
|ap_return_23  | out |   32| ap_ctrl_hs | DCT_MAT_Multiply.1_Loop_LoadRow_pr | return value |
|ap_return_24  | out |   32| ap_ctrl_hs | DCT_MAT_Multiply.1_Loop_LoadRow_pr | return value |
|ap_return_25  | out |   32| ap_ctrl_hs | DCT_MAT_Multiply.1_Loop_LoadRow_pr | return value |
|ap_return_26  | out |   32| ap_ctrl_hs | DCT_MAT_Multiply.1_Loop_LoadRow_pr | return value |
|ap_return_27  | out |   32| ap_ctrl_hs | DCT_MAT_Multiply.1_Loop_LoadRow_pr | return value |
|ap_return_28  | out |   32| ap_ctrl_hs | DCT_MAT_Multiply.1_Loop_LoadRow_pr | return value |
|ap_return_29  | out |   32| ap_ctrl_hs | DCT_MAT_Multiply.1_Loop_LoadRow_pr | return value |
|ap_return_30  | out |   32| ap_ctrl_hs | DCT_MAT_Multiply.1_Loop_LoadRow_pr | return value |
|ap_return_31  | out |   32| ap_ctrl_hs | DCT_MAT_Multiply.1_Loop_LoadRow_pr | return value |
|ap_return_32  | out |   32| ap_ctrl_hs | DCT_MAT_Multiply.1_Loop_LoadRow_pr | return value |
|ap_return_33  | out |   32| ap_ctrl_hs | DCT_MAT_Multiply.1_Loop_LoadRow_pr | return value |
|ap_return_34  | out |   32| ap_ctrl_hs | DCT_MAT_Multiply.1_Loop_LoadRow_pr | return value |
|ap_return_35  | out |   32| ap_ctrl_hs | DCT_MAT_Multiply.1_Loop_LoadRow_pr | return value |
|ap_return_36  | out |   32| ap_ctrl_hs | DCT_MAT_Multiply.1_Loop_LoadRow_pr | return value |
|ap_return_37  | out |   32| ap_ctrl_hs | DCT_MAT_Multiply.1_Loop_LoadRow_pr | return value |
|ap_return_38  | out |   32| ap_ctrl_hs | DCT_MAT_Multiply.1_Loop_LoadRow_pr | return value |
|ap_return_39  | out |   32| ap_ctrl_hs | DCT_MAT_Multiply.1_Loop_LoadRow_pr | return value |
|ap_return_40  | out |   32| ap_ctrl_hs | DCT_MAT_Multiply.1_Loop_LoadRow_pr | return value |
|ap_return_41  | out |   32| ap_ctrl_hs | DCT_MAT_Multiply.1_Loop_LoadRow_pr | return value |
|ap_return_42  | out |   32| ap_ctrl_hs | DCT_MAT_Multiply.1_Loop_LoadRow_pr | return value |
|ap_return_43  | out |   32| ap_ctrl_hs | DCT_MAT_Multiply.1_Loop_LoadRow_pr | return value |
|ap_return_44  | out |   32| ap_ctrl_hs | DCT_MAT_Multiply.1_Loop_LoadRow_pr | return value |
|ap_return_45  | out |   32| ap_ctrl_hs | DCT_MAT_Multiply.1_Loop_LoadRow_pr | return value |
|ap_return_46  | out |   32| ap_ctrl_hs | DCT_MAT_Multiply.1_Loop_LoadRow_pr | return value |
|ap_return_47  | out |   32| ap_ctrl_hs | DCT_MAT_Multiply.1_Loop_LoadRow_pr | return value |
|ap_return_48  | out |   32| ap_ctrl_hs | DCT_MAT_Multiply.1_Loop_LoadRow_pr | return value |
|ap_return_49  | out |   32| ap_ctrl_hs | DCT_MAT_Multiply.1_Loop_LoadRow_pr | return value |
|ap_return_50  | out |   32| ap_ctrl_hs | DCT_MAT_Multiply.1_Loop_LoadRow_pr | return value |
|ap_return_51  | out |   32| ap_ctrl_hs | DCT_MAT_Multiply.1_Loop_LoadRow_pr | return value |
|ap_return_52  | out |   32| ap_ctrl_hs | DCT_MAT_Multiply.1_Loop_LoadRow_pr | return value |
|ap_return_53  | out |   32| ap_ctrl_hs | DCT_MAT_Multiply.1_Loop_LoadRow_pr | return value |
|ap_return_54  | out |   32| ap_ctrl_hs | DCT_MAT_Multiply.1_Loop_LoadRow_pr | return value |
|ap_return_55  | out |   32| ap_ctrl_hs | DCT_MAT_Multiply.1_Loop_LoadRow_pr | return value |
|ap_return_56  | out |   32| ap_ctrl_hs | DCT_MAT_Multiply.1_Loop_LoadRow_pr | return value |
|ap_return_57  | out |   32| ap_ctrl_hs | DCT_MAT_Multiply.1_Loop_LoadRow_pr | return value |
|ap_return_58  | out |   32| ap_ctrl_hs | DCT_MAT_Multiply.1_Loop_LoadRow_pr | return value |
|ap_return_59  | out |   32| ap_ctrl_hs | DCT_MAT_Multiply.1_Loop_LoadRow_pr | return value |
|ap_return_60  | out |   32| ap_ctrl_hs | DCT_MAT_Multiply.1_Loop_LoadRow_pr | return value |
|ap_return_61  | out |   32| ap_ctrl_hs | DCT_MAT_Multiply.1_Loop_LoadRow_pr | return value |
|ap_return_62  | out |   32| ap_ctrl_hs | DCT_MAT_Multiply.1_Loop_LoadRow_pr | return value |
|ap_return_63  | out |   32| ap_ctrl_hs | DCT_MAT_Multiply.1_Loop_LoadRow_pr | return value |
|B_0_address0  | out |    3|  ap_memory |                 B_0                |     array    |
|B_0_ce0       | out |    1|  ap_memory |                 B_0                |     array    |
|B_0_q0        |  in |   32|  ap_memory |                 B_0                |     array    |
|B_1_address0  | out |    3|  ap_memory |                 B_1                |     array    |
|B_1_ce0       | out |    1|  ap_memory |                 B_1                |     array    |
|B_1_q0        |  in |   32|  ap_memory |                 B_1                |     array    |
|B_2_address0  | out |    3|  ap_memory |                 B_2                |     array    |
|B_2_ce0       | out |    1|  ap_memory |                 B_2                |     array    |
|B_2_q0        |  in |   32|  ap_memory |                 B_2                |     array    |
|B_3_address0  | out |    3|  ap_memory |                 B_3                |     array    |
|B_3_ce0       | out |    1|  ap_memory |                 B_3                |     array    |
|B_3_q0        |  in |   32|  ap_memory |                 B_3                |     array    |
|B_4_address0  | out |    3|  ap_memory |                 B_4                |     array    |
|B_4_ce0       | out |    1|  ap_memory |                 B_4                |     array    |
|B_4_q0        |  in |   32|  ap_memory |                 B_4                |     array    |
|B_5_address0  | out |    3|  ap_memory |                 B_5                |     array    |
|B_5_ce0       | out |    1|  ap_memory |                 B_5                |     array    |
|B_5_q0        |  in |   32|  ap_memory |                 B_5                |     array    |
|B_6_address0  | out |    3|  ap_memory |                 B_6                |     array    |
|B_6_ce0       | out |    1|  ap_memory |                 B_6                |     array    |
|B_6_q0        |  in |   32|  ap_memory |                 B_6                |     array    |
|B_7_address0  | out |    3|  ap_memory |                 B_7                |     array    |
|B_7_ce0       | out |    1|  ap_memory |                 B_7                |     array    |
|B_7_q0        |  in |   32|  ap_memory |                 B_7                |     array    |
+--------------+-----+-----+------------+------------------------------------+--------------+

