

================================================================
== Vivado HLS Report for 'DCT_MAT_Multiply2'
================================================================
* Date:           Thu Oct 22 22:21:56 2015

* Version:        2015.1 (Build 1215546 on Mon Apr 27 19:24:50 PM 2015)
* Project:        dct
* Solution:       solution2optimize
* Product family: zynq
* Target device:  xc7z020clg484-1


================================================================
== Performance Estimates
================================================================
+ Timing (ns): 
    * Summary: 
    +---------+-------+----------+------------+
    |  Clock  | Target| Estimated| Uncertainty|
    +---------+-------+----------+------------+
    |default  |  10.00|      7.64|        1.25|
    +---------+-------+----------+------------+

+ Latency (clock cycles): 
    * Summary: 
    +-----+-----+-----+-----+----------+
    |  Latency  |  Interval | Pipeline |
    | min | max | min | max |   Type   |
    +-----+-----+-----+-----+----------+
    |  300|  300|  301|  301| dataflow |
    +-----+-----+-----+-----+----------+

    + Detail: 
        * Instance: 
        +--------------------------------------------+---------------------------------+-----+-----+-----+-----+---------+
        |                                            |                                 |  Latency  |  Interval | Pipeline|
        |                  Instance                  |              Module             | min | max | min | max |   Type  |
        +--------------------------------------------+---------------------------------+-----+-----+-----+-----+---------+
        |grp_DCT_MAT_Multiply2_Loop_Row_proc_fu_455  |DCT_MAT_Multiply2_Loop_Row_proc  |  300|  300|  300|  300|   none  |
        +--------------------------------------------+---------------------------------+-----+-----+-----+-----+---------+

        * Loop: 
        N/A



================================================================
== Utilization Estimates
================================================================
* Summary: 
+-----------------+---------+-------+--------+-------+
|       Name      | BRAM_18K| DSP48E|   FF   |  LUT  |
+-----------------+---------+-------+--------+-------+
|Expression       |        -|      -|       -|      -|
|FIFO             |        -|      -|       -|      -|
|Instance         |        -|     10|    1909|   2803|
|Memory           |        -|      -|       -|      -|
|Multiplexer      |        -|      -|       -|      -|
|Register         |        -|      -|       2|      -|
+-----------------+---------+-------+--------+-------+
|Total            |        0|     10|    1911|   2803|
+-----------------+---------+-------+--------+-------+
|Available        |      280|    220|  106400|  53200|
+-----------------+---------+-------+--------+-------+
|Utilization (%)  |        0|      4|       1|      5|
+-----------------+---------+-------+--------+-------+

+ Detail: 
    * Instance: 
    +------------------------------------+---------------------------------+---------+-------+------+------+
    |              Instance              |              Module             | BRAM_18K| DSP48E|  FF  |  LUT |
    +------------------------------------+---------------------------------+---------+-------+------+------+
    |DCT_MAT_Multiply2_Loop_Row_proc_U0  |DCT_MAT_Multiply2_Loop_Row_proc  |        0|     10|  1909|  2803|
    +------------------------------------+---------------------------------+---------+-------+------+------+
    |Total                               |                                 |        0|     10|  1909|  2803|
    +------------------------------------+---------------------------------+---------+-------+------+------+

    * Memory: 
    N/A

    * FIFO: 
    N/A

    * Expression: 
    N/A

    * Multiplexer: 
    N/A

    * Register: 
    +----------------------------------------------------+---+----+-----+-----------+
    |                        Name                        | FF| LUT| Bits| Const Bits|
    +----------------------------------------------------+---+----+-----+-----------+
    |ap_CS                                               |  1|   0|    1|          0|
    |ap_reg_procdone_DCT_MAT_Multiply2_Loop_Row_proc_U0  |  1|   0|    1|          0|
    +----------------------------------------------------+---+----+-----+-----------+
    |Total                                               |  2|   0|    2|          0|
    +----------------------------------------------------+---+----+-----+-----------+



================================================================
== Interface
================================================================
* Summary: 
+-------------------+-----+-----+------------+-------------------+--------------+
|     RTL Ports     | Dir | Bits|  Protocol  |   Source Object   |    C Type    |
+-------------------+-----+-----+------------+-------------------+--------------+
|A_address0         | out |    6|  ap_memory |         A         |     array    |
|A_ce0              | out |    1|  ap_memory |         A         |     array    |
|A_d0               | out |   32|  ap_memory |         A         |     array    |
|A_q0               |  in |   32|  ap_memory |         A         |     array    |
|A_we0              | out |    1|  ap_memory |         A         |     array    |
|A_address1         | out |    6|  ap_memory |         A         |     array    |
|A_ce1              | out |    1|  ap_memory |         A         |     array    |
|A_d1               | out |   32|  ap_memory |         A         |     array    |
|A_q1               |  in |   32|  ap_memory |         A         |     array    |
|A_we1              | out |    1|  ap_memory |         A         |     array    |
|B_0_1_read         |  in |   32|   ap_none  |     B_0_1_read    |    scalar    |
|B_0_1_read_ap_ack  | out |    1|   ap_none  |     B_0_1_read    |    scalar    |
|B_0_2_read         |  in |   32|   ap_none  |     B_0_2_read    |    scalar    |
|B_0_2_read_ap_ack  | out |    1|   ap_none  |     B_0_2_read    |    scalar    |
|B_0_3_read         |  in |   32|   ap_none  |     B_0_3_read    |    scalar    |
|B_0_3_read_ap_ack  | out |    1|   ap_none  |     B_0_3_read    |    scalar    |
|B_0_5_read         |  in |   32|   ap_none  |     B_0_5_read    |    scalar    |
|B_0_5_read_ap_ack  | out |    1|   ap_none  |     B_0_5_read    |    scalar    |
|B_0_6_read         |  in |   32|   ap_none  |     B_0_6_read    |    scalar    |
|B_0_6_read_ap_ack  | out |    1|   ap_none  |     B_0_6_read    |    scalar    |
|B_0_7_read         |  in |   32|   ap_none  |     B_0_7_read    |    scalar    |
|B_0_7_read_ap_ack  | out |    1|   ap_none  |     B_0_7_read    |    scalar    |
|B_1_0_read         |  in |   32|   ap_none  |     B_1_0_read    |    scalar    |
|B_1_0_read_ap_ack  | out |    1|   ap_none  |     B_1_0_read    |    scalar    |
|B_1_2_read         |  in |   32|   ap_none  |     B_1_2_read    |    scalar    |
|B_1_2_read_ap_ack  | out |    1|   ap_none  |     B_1_2_read    |    scalar    |
|B_1_3_read         |  in |   32|   ap_none  |     B_1_3_read    |    scalar    |
|B_1_3_read_ap_ack  | out |    1|   ap_none  |     B_1_3_read    |    scalar    |
|B_1_4_read         |  in |   32|   ap_none  |     B_1_4_read    |    scalar    |
|B_1_4_read_ap_ack  | out |    1|   ap_none  |     B_1_4_read    |    scalar    |
|B_1_5_read         |  in |   32|   ap_none  |     B_1_5_read    |    scalar    |
|B_1_5_read_ap_ack  | out |    1|   ap_none  |     B_1_5_read    |    scalar    |
|B_1_6_read         |  in |   32|   ap_none  |     B_1_6_read    |    scalar    |
|B_1_6_read_ap_ack  | out |    1|   ap_none  |     B_1_6_read    |    scalar    |
|B_1_7_read         |  in |   32|   ap_none  |     B_1_7_read    |    scalar    |
|B_1_7_read_ap_ack  | out |    1|   ap_none  |     B_1_7_read    |    scalar    |
|B_2_0_read         |  in |   32|   ap_none  |     B_2_0_read    |    scalar    |
|B_2_0_read_ap_ack  | out |    1|   ap_none  |     B_2_0_read    |    scalar    |
|B_2_1_read         |  in |   32|   ap_none  |     B_2_1_read    |    scalar    |
|B_2_1_read_ap_ack  | out |    1|   ap_none  |     B_2_1_read    |    scalar    |
|B_2_3_read         |  in |   32|   ap_none  |     B_2_3_read    |    scalar    |
|B_2_3_read_ap_ack  | out |    1|   ap_none  |     B_2_3_read    |    scalar    |
|B_2_4_read         |  in |   32|   ap_none  |     B_2_4_read    |    scalar    |
|B_2_4_read_ap_ack  | out |    1|   ap_none  |     B_2_4_read    |    scalar    |
|B_2_5_read         |  in |   32|   ap_none  |     B_2_5_read    |    scalar    |
|B_2_5_read_ap_ack  | out |    1|   ap_none  |     B_2_5_read    |    scalar    |
|B_2_6_read         |  in |   32|   ap_none  |     B_2_6_read    |    scalar    |
|B_2_6_read_ap_ack  | out |    1|   ap_none  |     B_2_6_read    |    scalar    |
|B_2_7_read         |  in |   32|   ap_none  |     B_2_7_read    |    scalar    |
|B_2_7_read_ap_ack  | out |    1|   ap_none  |     B_2_7_read    |    scalar    |
|B_3_0_read         |  in |   32|   ap_none  |     B_3_0_read    |    scalar    |
|B_3_0_read_ap_ack  | out |    1|   ap_none  |     B_3_0_read    |    scalar    |
|B_3_1_read         |  in |   32|   ap_none  |     B_3_1_read    |    scalar    |
|B_3_1_read_ap_ack  | out |    1|   ap_none  |     B_3_1_read    |    scalar    |
|B_3_2_read         |  in |   32|   ap_none  |     B_3_2_read    |    scalar    |
|B_3_2_read_ap_ack  | out |    1|   ap_none  |     B_3_2_read    |    scalar    |
|B_3_4_read         |  in |   32|   ap_none  |     B_3_4_read    |    scalar    |
|B_3_4_read_ap_ack  | out |    1|   ap_none  |     B_3_4_read    |    scalar    |
|B_3_5_read         |  in |   32|   ap_none  |     B_3_5_read    |    scalar    |
|B_3_5_read_ap_ack  | out |    1|   ap_none  |     B_3_5_read    |    scalar    |
|B_3_6_read         |  in |   32|   ap_none  |     B_3_6_read    |    scalar    |
|B_3_6_read_ap_ack  | out |    1|   ap_none  |     B_3_6_read    |    scalar    |
|B_3_7_read         |  in |   32|   ap_none  |     B_3_7_read    |    scalar    |
|B_3_7_read_ap_ack  | out |    1|   ap_none  |     B_3_7_read    |    scalar    |
|B_4_1_read         |  in |   32|   ap_none  |     B_4_1_read    |    scalar    |
|B_4_1_read_ap_ack  | out |    1|   ap_none  |     B_4_1_read    |    scalar    |
|B_4_2_read         |  in |   32|   ap_none  |     B_4_2_read    |    scalar    |
|B_4_2_read_ap_ack  | out |    1|   ap_none  |     B_4_2_read    |    scalar    |
|B_4_3_read         |  in |   32|   ap_none  |     B_4_3_read    |    scalar    |
|B_4_3_read_ap_ack  | out |    1|   ap_none  |     B_4_3_read    |    scalar    |
|B_4_5_read         |  in |   32|   ap_none  |     B_4_5_read    |    scalar    |
|B_4_5_read_ap_ack  | out |    1|   ap_none  |     B_4_5_read    |    scalar    |
|B_4_6_read         |  in |   32|   ap_none  |     B_4_6_read    |    scalar    |
|B_4_6_read_ap_ack  | out |    1|   ap_none  |     B_4_6_read    |    scalar    |
|B_4_7_read         |  in |   32|   ap_none  |     B_4_7_read    |    scalar    |
|B_4_7_read_ap_ack  | out |    1|   ap_none  |     B_4_7_read    |    scalar    |
|B_5_0_read         |  in |   32|   ap_none  |     B_5_0_read    |    scalar    |
|B_5_0_read_ap_ack  | out |    1|   ap_none  |     B_5_0_read    |    scalar    |
|B_5_1_read         |  in |   32|   ap_none  |     B_5_1_read    |    scalar    |
|B_5_1_read_ap_ack  | out |    1|   ap_none  |     B_5_1_read    |    scalar    |
|B_5_2_read         |  in |   32|   ap_none  |     B_5_2_read    |    scalar    |
|B_5_2_read_ap_ack  | out |    1|   ap_none  |     B_5_2_read    |    scalar    |
|B_5_3_read         |  in |   32|   ap_none  |     B_5_3_read    |    scalar    |
|B_5_3_read_ap_ack  | out |    1|   ap_none  |     B_5_3_read    |    scalar    |
|B_5_4_read         |  in |   32|   ap_none  |     B_5_4_read    |    scalar    |
|B_5_4_read_ap_ack  | out |    1|   ap_none  |     B_5_4_read    |    scalar    |
|B_5_6_read         |  in |   32|   ap_none  |     B_5_6_read    |    scalar    |
|B_5_6_read_ap_ack  | out |    1|   ap_none  |     B_5_6_read    |    scalar    |
|B_5_7_read         |  in |   32|   ap_none  |     B_5_7_read    |    scalar    |
|B_5_7_read_ap_ack  | out |    1|   ap_none  |     B_5_7_read    |    scalar    |
|B_6_0_read         |  in |   32|   ap_none  |     B_6_0_read    |    scalar    |
|B_6_0_read_ap_ack  | out |    1|   ap_none  |     B_6_0_read    |    scalar    |
|B_6_1_read         |  in |   32|   ap_none  |     B_6_1_read    |    scalar    |
|B_6_1_read_ap_ack  | out |    1|   ap_none  |     B_6_1_read    |    scalar    |
|B_6_2_read         |  in |   32|   ap_none  |     B_6_2_read    |    scalar    |
|B_6_2_read_ap_ack  | out |    1|   ap_none  |     B_6_2_read    |    scalar    |
|B_6_3_read         |  in |   32|   ap_none  |     B_6_3_read    |    scalar    |
|B_6_3_read_ap_ack  | out |    1|   ap_none  |     B_6_3_read    |    scalar    |
|B_6_4_read         |  in |   32|   ap_none  |     B_6_4_read    |    scalar    |
|B_6_4_read_ap_ack  | out |    1|   ap_none  |     B_6_4_read    |    scalar    |
|B_6_5_read         |  in |   32|   ap_none  |     B_6_5_read    |    scalar    |
|B_6_5_read_ap_ack  | out |    1|   ap_none  |     B_6_5_read    |    scalar    |
|B_6_7_read         |  in |   32|   ap_none  |     B_6_7_read    |    scalar    |
|B_6_7_read_ap_ack  | out |    1|   ap_none  |     B_6_7_read    |    scalar    |
|B_7_0_read         |  in |   32|   ap_none  |     B_7_0_read    |    scalar    |
|B_7_0_read_ap_ack  | out |    1|   ap_none  |     B_7_0_read    |    scalar    |
|B_7_1_read         |  in |   32|   ap_none  |     B_7_1_read    |    scalar    |
|B_7_1_read_ap_ack  | out |    1|   ap_none  |     B_7_1_read    |    scalar    |
|B_7_2_read         |  in |   32|   ap_none  |     B_7_2_read    |    scalar    |
|B_7_2_read_ap_ack  | out |    1|   ap_none  |     B_7_2_read    |    scalar    |
|B_7_3_read         |  in |   32|   ap_none  |     B_7_3_read    |    scalar    |
|B_7_3_read_ap_ack  | out |    1|   ap_none  |     B_7_3_read    |    scalar    |
|B_7_4_read         |  in |   32|   ap_none  |     B_7_4_read    |    scalar    |
|B_7_4_read_ap_ack  | out |    1|   ap_none  |     B_7_4_read    |    scalar    |
|B_7_5_read         |  in |   32|   ap_none  |     B_7_5_read    |    scalar    |
|B_7_5_read_ap_ack  | out |    1|   ap_none  |     B_7_5_read    |    scalar    |
|B_7_6_read         |  in |   32|   ap_none  |     B_7_6_read    |    scalar    |
|B_7_6_read_ap_ack  | out |    1|   ap_none  |     B_7_6_read    |    scalar    |
|C_din              | out |   32|   ap_fifo  |         C         |    pointer   |
|C_full_n           |  in |    1|   ap_fifo  |         C         |    pointer   |
|C_write            | out |    1|   ap_fifo  |         C         |    pointer   |
|ap_clk             |  in |    1| ap_ctrl_hs | DCT_MAT_Multiply2 | return value |
|ap_rst             |  in |    1| ap_ctrl_hs | DCT_MAT_Multiply2 | return value |
|ap_done            | out |    1| ap_ctrl_hs | DCT_MAT_Multiply2 | return value |
|ap_start           |  in |    1| ap_ctrl_hs | DCT_MAT_Multiply2 | return value |
|ap_idle            | out |    1| ap_ctrl_hs | DCT_MAT_Multiply2 | return value |
|ap_ready           | out |    1| ap_ctrl_hs | DCT_MAT_Multiply2 | return value |
+-------------------+-----+-----+------------+-------------------+--------------+

