

================================================================
== Vivado HLS Report for 'MAT_Multiply'
================================================================
* Date:           Fri Oct  2 07:17:25 2015

* Version:        2015.1 (Build 1215546 on Mon Apr 27 19:24:50 PM 2015)
* Project:        partB
* Solution:       solution1_non_optimized
* Product family: zynq
* Target device:  xc7z020clg484-1


================================================================
== Performance Estimates
================================================================
+ Timing (ns): 
    * Summary: 
    +---------+-------+----------+------------+
    |  Clock  | Target| Estimated| Uncertainty|
    +---------+-------+----------+------------+
    |default  |  10.00|      8.69|        1.25|
    +---------+-------+----------+------------+

+ Latency (clock cycles): 
    * Summary: 
    +-----+-------------+-----+-------------+---------+
    |      Latency      |      Interval     | Pipeline|
    | min |     max     | min |     max     |   Type  |
    +-----+-------------+-----+-------------+---------+
    |    1|  11009006004|    2|  11009006005|   none  |
    +-----+-------------+-----+-------------+---------+

    + Detail: 
        * Instance: 
        +----------------------------------+-----------------------+---------+---------+---------+---------+---------+
        |                                  |                       |      Latency      |      Interval     | Pipeline|
        |             Instance             |         Module        |   min   |   max   |   min   |   max   |   Type  |
        +----------------------------------+-----------------------+---------+---------+---------+---------+---------+
        |grp_MAT_Multiply_load_mat_fu_262  |MAT_Multiply_load_mat  |  2002001|  2002001|  2002001|  2002001|   none  |
        |grp_MAT_Multiply_load_mat_fu_274  |MAT_Multiply_load_mat  |  2002001|  2002001|  2002001|  2002001|   none  |
        +----------------------------------+-----------------------+---------+---------+---------+---------+---------+

        * Loop: 
        +---------------+------------+-------------+--------------------+-----------+-----------+------+----------+
        |               |          Latency         |      Iteration     |  Initiation Interval  | Trip |          |
        |   Loop Name   |     min    |     max     |       Latency      |  achieved |   target  | Count| Pipelined|
        +---------------+------------+-------------+--------------------+-----------+-----------+------+----------+
        |- Row          |  2003002000|  11003002000| 2003002 ~ 11003002 |          -|          -|  1000|    no    |
        | + Col         |     2003000|     11003000|    2003 ~ 11003    |          -|          -|  1000|    no    |
        |  ++ Product   |        2000|        11000|       2 ~ 11       |          -|          -|  1000|    no    |
        |- Row_Assign   |     2002000|      4002000|     2002 ~ 4002    |          -|          -|  1000|    no    |
        | + Col_Assign  |        2000|         4000|        2 ~ 4       |          -|          -|  1000|    no    |
        +---------------+------------+-------------+--------------------+-----------+-----------+------+----------+



================================================================
== Utilization Estimates
================================================================
* Summary: 
+-----------------+---------+-------+--------+-------+
|       Name      | BRAM_18K| DSP48E|   FF   |  LUT  |
+-----------------+---------+-------+--------+-------+
|Expression       |        -|      -|       0|    367|
|FIFO             |        -|      -|       -|      -|
|Instance         |        -|      4|     170|    266|
|Memory           |     8192|      -|     256|      0|
|Multiplexer      |        -|      -|       -|    258|
|Register         |        -|      -|     310|      -|
+-----------------+---------+-------+--------+-------+
|Total            |     8192|      4|     736|    891|
+-----------------+---------+-------+--------+-------+
|Available        |      280|    220|  106400|  53200|
+-----------------+---------+-------+--------+-------+
|Utilization (%)  |     2925|      1|   ~0   |      1|
+-----------------+---------+-------+--------+-------+

+ Detail: 
    * Instance: 
    +----------------------------------+-------------------------------+---------+-------+----+-----+
    |             Instance             |             Module            | BRAM_18K| DSP48E| FF | LUT |
    +----------------------------------+-------------------------------+---------+-------+----+-----+
    |grp_MAT_Multiply_load_mat_fu_262  |MAT_Multiply_load_mat          |        0|      0|  85|  133|
    |grp_MAT_Multiply_load_mat_fu_274  |MAT_Multiply_load_mat          |        0|      0|  85|  133|
    |MAT_Multiply_mul_32s_32s_32_6_U5  |MAT_Multiply_mul_32s_32s_32_6  |        0|      4|   0|    0|
    +----------------------------------+-------------------------------+---------+-------+----+-----+
    |Total                             |                               |        0|      4| 170|  266|
    +----------------------------------+-------------------------------+---------+-------+----+-----+

    * Memory: 
    +----------+---------------------+---------+-----+----+---------+-----+------+-------------+
    |  Memory  |        Module       | BRAM_18K|  FF | LUT|  Words  | Bits| Banks| W*Bits*Banks|
    +----------+---------------------+---------+-----+----+---------+-----+------+-------------+
    |arrayA_U  |MAT_Multiply_arrayA  |     2048|   64|   0|  1000000|   32|     1|     32000000|
    |arrayB_U  |MAT_Multiply_arrayA  |     2048|   64|   0|  1000000|   32|     1|     32000000|
    |arrayC_U  |MAT_Multiply_arrayC  |     4096|  128|   0|  1000000|   64|     1|     64000000|
    +----------+---------------------+---------+-----+----+---------+-----+------+-------------+
    |Total     |                     |     8192|  256|   0|  3000000|  128|     3|    128000000|
    +----------+---------------------+---------+-----+----+---------+-----+------+-------------+

    * FIFO: 
    N/A

    * Expression: 
    +---------------------+----------+-------+---+----+------------+------------+
    |    Variable Name    | Operation| DSP48E| FF| LUT| Bitwidth P0| Bitwidth P1|
    +---------------------+----------+-------+---+----+------------+------------+
    |i_2_fu_332_p2        |     +    |      0|  0|  10|          10|           1|
    |i_3_fu_468_p2        |     +    |      0|  0|  10|          10|           1|
    |j_2_fu_357_p2        |     +    |      0|  0|  10|          10|           1|
    |j_3_fu_493_p2        |     +    |      0|  0|  10|          10|           1|
    |k_1_fu_398_p2        |     +    |      0|  0|  10|          10|           1|
    |next_mul1_fu_316_p2  |     +    |      0|  0|  20|          20|          10|
    |next_mul2_fu_452_p2  |     +    |      0|  0|  20|          20|          10|
    |next_mul_fu_404_p2   |     +    |      0|  0|  20|          20|          10|
    |p_addr1_fu_415_p2    |     +    |      0|  0|  20|          20|          20|
    |p_addr4_fu_426_p2    |     +    |      0|  0|  20|          20|          20|
    |p_addr6_fu_509_p2    |     +    |      0|  0|  20|          20|          20|
    |p_addr_fu_363_p2     |     +    |      0|  0|  20|          20|          20|
    |tmp_19_fu_445_p2     |     +    |      0|  0|  64|          64|          64|
    |ap_sig_bdd_324       |    and   |      0|  0|   1|           1|           1|
    |tmp1_fu_304_p2       |    and   |      0|  0|   1|           1|           1|
    |tmp_10_fu_379_p2     |    and   |      0|  0|   1|           1|           1|
    |tmp_12_fu_504_p2     |    and   |      0|  0|   1|           1|           1|
    |tmp_s_fu_310_p2      |    and   |      0|  0|   1|           1|           1|
    |exitcond1_fu_462_p2  |   icmp   |      0|  0|   4|          10|           6|
    |exitcond2_fu_392_p2  |   icmp   |      0|  0|   4|          10|           6|
    |exitcond3_fu_351_p2  |   icmp   |      0|  0|   4|          10|           6|
    |exitcond4_fu_326_p2  |   icmp   |      0|  0|   4|          10|           6|
    |exitcond_fu_487_p2   |   icmp   |      0|  0|   4|          10|           6|
    |tmp_11_fu_499_p2     |   icmp   |      0|  0|  11|          32|          32|
    |tmp_14_fu_410_p2     |   icmp   |      0|  0|  11|          32|          32|
    |tmp_2_fu_338_p2      |   icmp   |      0|  0|  11|          32|          32|
    |tmp_3_fu_474_p2      |   icmp   |      0|  0|  11|          32|          32|
    |tmp_5_fu_374_p2      |   icmp   |      0|  0|  11|          32|          32|
    |tmp_7_fu_292_p2      |   icmp   |      0|  0|  11|          32|          32|
    |tmp_9_fu_298_p2      |   icmp   |      0|  0|  11|          32|          32|
    |tmp_fu_286_p2        |   icmp   |      0|  0|  11|          32|          32|
    +---------------------+----------+-------+---+----+------------+------------+
    |Total                |          |      0|  0| 367|         565|         470|
    +---------------------+----------+-------+---+----+------------+------------+

    * Multiplexer: 
    +------------------+----+-----------+-----+-----------+
    |       Name       | LUT| Input Size| Bits| Total Bits|
    +------------------+----+-----------+-----+-----------+
    |A_read            |   1|          2|    1|          2|
    |B_read            |   1|          2|    1|          2|
    |ap_NS_fsm         |  18|         22|    1|         22|
    |arrayA_address0   |  20|          3|   20|         60|
    |arrayA_ce0        |   1|          3|    1|          3|
    |arrayA_we0        |   1|          2|    1|          2|
    |arrayB_address0   |  20|          3|   20|         60|
    |arrayB_ce0        |   1|          3|    1|          3|
    |arrayB_we0        |   1|          2|    1|          2|
    |arrayC_address0   |  20|          4|   20|         80|
    |arrayC_d0         |  64|          3|   64|        192|
    |i_1_reg_227       |  10|          2|   10|         20|
    |i_reg_171         |  10|          2|   10|         20|
    |j_1_reg_250       |  10|          2|   10|         20|
    |j_reg_194         |  10|          2|   10|         20|
    |k_reg_205         |  10|          2|   10|         20|
    |phi_mul1_reg_182  |  20|          2|   20|         40|
    |phi_mul2_reg_238  |  20|          2|   20|         40|
    |phi_mul_reg_216   |  20|          2|   20|         40|
    +------------------+----+-----------+-----+-----------+
    |Total             | 258|         65|  241|        648|
    +------------------+----+-----------+-----+-----------+

    * Register: 
    +--------------------------------------------------------+----+----+-----+-----------+
    |                          Name                          | FF | LUT| Bits| Const Bits|
    +--------------------------------------------------------+----+----+-----+-----------+
    |ap_CS_fsm                                               |  21|   0|   21|          0|
    |arrayC_addr_reg_576                                     |  20|   0|   20|          0|
    |grp_MAT_Multiply_load_mat_fu_262_ap_start_ap_start_reg  |   1|   0|    1|          0|
    |grp_MAT_Multiply_load_mat_fu_274_ap_start_ap_start_reg  |   1|   0|    1|          0|
    |i_1_reg_227                                             |  10|   0|   10|          0|
    |i_2_reg_553                                             |  10|   0|   10|          0|
    |i_3_reg_640                                             |  10|   0|   10|          0|
    |i_reg_171                                               |  10|   0|   10|          0|
    |j_1_reg_250                                             |  10|   0|   10|          0|
    |j_2_reg_571                                             |  10|   0|   10|          0|
    |j_3_reg_653                                             |  10|   0|   10|          0|
    |j_cast7_cast_reg_563                                    |  10|   0|   20|         10|
    |j_reg_194                                               |  10|   0|   10|          0|
    |k_1_reg_588                                             |  10|   0|   10|          0|
    |k_reg_205                                               |  10|   0|   10|          0|
    |next_mul1_reg_545                                       |  20|   0|   20|          0|
    |next_mul2_reg_632                                       |  20|   0|   20|          0|
    |next_mul_reg_593                                        |  20|   0|   20|          0|
    |phi_mul1_reg_182                                        |  20|   0|   20|          0|
    |phi_mul2_reg_238                                        |  20|   0|   20|          0|
    |phi_mul_reg_216                                         |  20|   0|   20|          0|
    |tmp_10_reg_581                                          |   1|   0|    1|          0|
    |tmp_12_reg_658                                          |   1|   0|    1|          0|
    |tmp_17_reg_622                                          |  32|   0|   32|          0|
    |tmp_2_reg_558                                           |   1|   0|    1|          0|
    |tmp_3_reg_645                                           |   1|   0|    1|          0|
    |tmp_s_reg_541                                           |   1|   0|    1|          0|
    +--------------------------------------------------------+----+----+-----+-----------+
    |Total                                                   | 310|   0|  320|         10|
    +--------------------------------------------------------+----+----+-----+-----------+



================================================================
== Interface
================================================================
* Summary: 
+-----------+-----+-----+------------+--------------+--------------+
| RTL Ports | Dir | Bits|  Protocol  | Source Object|    C Type    |
+-----------+-----+-----+------------+--------------+--------------+
|ap_clk     |  in |    1| ap_ctrl_hs | MAT_Multiply | return value |
|ap_rst     |  in |    1| ap_ctrl_hs | MAT_Multiply | return value |
|ap_start   |  in |    1| ap_ctrl_hs | MAT_Multiply | return value |
|ap_done    | out |    1| ap_ctrl_hs | MAT_Multiply | return value |
|ap_idle    | out |    1| ap_ctrl_hs | MAT_Multiply | return value |
|ap_ready   | out |    1| ap_ctrl_hs | MAT_Multiply | return value |
|A_dout     |  in |   32|   ap_fifo  |       A      |    pointer   |
|A_empty_n  |  in |    1|   ap_fifo  |       A      |    pointer   |
|A_read     | out |    1|   ap_fifo  |       A      |    pointer   |
|B_dout     |  in |   32|   ap_fifo  |       B      |    pointer   |
|B_empty_n  |  in |    1|   ap_fifo  |       B      |    pointer   |
|B_read     | out |    1|   ap_fifo  |       B      |    pointer   |
|C_din      | out |   64|   ap_fifo  |       C      |    pointer   |
|C_full_n   |  in |    1|   ap_fifo  |       C      |    pointer   |
|C_write    | out |    1|   ap_fifo  |       C      |    pointer   |
|mA         |  in |   32|   ap_none  |      mA      |    scalar    |
|nA         |  in |   32|   ap_none  |      nA      |    scalar    |
|mB         |  in |   32|   ap_none  |      mB      |    scalar    |
|nB         |  in |   32|   ap_none  |      nB      |    scalar    |
|mC         |  in |   32|   ap_none  |      mC      |    scalar    |
|nC         |  in |   32|   ap_none  |      nC      |    scalar    |
+-----------+-----+-----+------------+--------------+--------------+

