#-----------------------------------------------------------
# Webtalk v2015.1 (64-bit)
# SW Build 1215546 on Mon Apr 27 19:37:43 MDT 2015
# 
# Start of session at: Mon Sep 21 07:25:15 2015
# Process ID: 2068
# Log file: E:/Ubuntu_source_code_data/ECE_527_MP/mp2/partA/partA.sdk/webtalk/webtalk.log
# Journal file: E:/Ubuntu_source_code_data/ECE_527_MP/mp2/partA/partA.sdk/webtalk\webtalk.jou
#-----------------------------------------------------------
source sdk_webtalk.tcl
# webtalk_init -webtalk_dir E:\\Ubuntu_source_code_data\\ECE_527_MP\\mp2\\partA\\partA.sdk\\webtalk
# webtalk_register_client -client project
# webtalk_add_data -client project -key date_generated -value "Mon Sep 21 07:25:13 2015" -context "software_version_and_target_device"
# webtalk_add_data -client project -key product_version -value "SDK v2015.1" -context "software_version_and_target_device"
# webtalk_add_data -client project -key build_version -value "2015.1" -context "software_version_and_target_device"
# webtalk_add_data -client project -key os_platform -value "amd64" -context "software_version_and_target_device"
# webtalk_add_data -client project -key registration_id -value "" -context "software_version_and_target_device"
# webtalk_add_data -client project -key tool_flow -value "SDK" -context "software_version_and_target_device"
# webtalk_add_data -client project -key beta -value "false" -context "software_version_and_target_device"
# webtalk_add_data -client project -key route_design -value "NA" -context "software_version_and_target_device"
# webtalk_add_data -client project -key target_family -value "NA" -context "software_version_and_target_device"
# webtalk_add_data -client project -key target_device -value "NA" -context "software_version_and_target_device"
# webtalk_add_data -client project -key target_package -value "NA" -context "software_version_and_target_device"
# webtalk_add_data -client project -key target_speed -value "NA" -context "software_version_and_target_device"
# webtalk_add_data -client project -key random_id -value "491q2mml03i03m8sgm3cm9febb" -context "software_version_and_target_device"
# webtalk_add_data -client project -key project_id -value "2015.1_6" -context "software_version_and_target_device"
# webtalk_add_data -client project -key project_iteration -value "6" -context "software_version_and_target_device"
# webtalk_add_data -client project -key os_name -value "" -context "user_environment"
# webtalk_add_data -client project -key os_release -value "" -context "user_environment"
# webtalk_add_data -client project -key cpu_name -value "" -context "user_environment"
# webtalk_add_data -client project -key cpu_speed -value "" -context "user_environment"
# webtalk_add_data -client project -key total_processors -value "" -context "user_environment"
# webtalk_add_data -client project -key system_ram -value "" -context "user_environment"
# webtalk_register_client -client sdk
# webtalk_add_data -client sdk -key uid -value "1442814370795" -context "sdk\\\\hardware/1442814370795"
# webtalk_add_data -client sdk -key isZynq -value "true" -context "sdk\\\\hardware/1442814370795"
# webtalk_add_data -client sdk -key Processors -value "2" -context "sdk\\\\hardware/1442814370795"
# webtalk_add_data -client sdk -key VivadoVersion -value "2015.1" -context "sdk\\\\hardware/1442814370795"
# webtalk_add_data -client sdk -key Arch -value "zynq" -context "sdk\\\\hardware/1442814370795"
# webtalk_add_data -client sdk -key Device -value "7z020" -context "sdk\\\\hardware/1442814370795"
# webtalk_add_data -client sdk -key IsHandoff -value "true" -context "sdk\\\\hardware/1442814370795"
# webtalk_add_data -client sdk -key uid -value "1442836497612" -context "sdk\\\\bsp/1442836497612"
# webtalk_add_data -client sdk -key hwid -value "1442814370795" -context "sdk\\\\bsp/1442836497612"
# webtalk_add_data -client sdk -key os -value "standalone" -context "sdk\\\\bsp/1442836497612"
# webtalk_add_data -client sdk -key apptemplate -value "null" -context "sdk\\\\bsp/1442836497612"
# webtalk_add_data -client sdk -key uid -value "1442836539983" -context "sdk\\\\application/1442836539983"
# webtalk_add_data -client sdk -key hwid -value "1442814370795" -context "sdk\\\\application/1442836539983"
# webtalk_add_data -client sdk -key bspid -value "1442836497612" -context "sdk\\\\application/1442836539983"
# webtalk_add_data -client sdk -key newbsp -value "false" -context "sdk\\\\application/1442836539983"
# webtalk_add_data -client sdk -key os -value "standalone" -context "sdk\\\\application/1442836539983"
# webtalk_add_data -client sdk -key apptemplate -value "hello_world" -context "sdk\\\\application/1442836539983"
# webtalk_transmit -clientid 3664392848 -regid "" -xml E:\\Ubuntu_source_code_data\\ECE_527_MP\\mp2\\partA\\partA.sdk\\webtalk\\usage_statistics_ext_sdk.xml -html E:\\Ubuntu_source_code_data\\ECE_527_MP\\mp2\\partA\\partA.sdk\\webtalk\\usage_statistics_ext_sdk.html -wdm E:\\Ubuntu_source_code_data\\ECE_527_MP\\mp2\\partA\\partA.sdk\\webtalk\\sdk_webtalk.wdm -intro "<H3>SDK Usage Report</H3><BR>"

    while executing
"webtalk_transmit -clientid 3664392848 -regid "" -xml E:\\Ubuntu_source_code_data\\ECE_527_MP\\mp2\\partA\\partA.sdk\\webtalk\\usage_statistics_ext_sdk..."
    (file "sdk_webtalk.tcl" line 42)
INFO: [Common 17-206] Exiting Webtalk at Mon Sep 21 07:25:18 2015...
