@I [HLS-0] Workspace /home/parallels/source_code/ECE_527_MP/mp3/parta_2/solution1_fifo_unroll opened at Thu Oct 01 14:31:36 CDT 2015
@I [HLS-100] Command "config_clock -quiet -name default -period 10 -default=false "
@I [SYN-201] Setting up clock 'default' with a period of 10ns.
@I [HLS-100] Command 'config_clock' returned 0; elapsed 6.1e-05Total elapsed time: 0.232 sec.
@I [HLS-100] Command "open_platform DefaultPlatform "
@I [HLS-100] Command 'open_platform' returned 0; elapsed 4e-05Total elapsed time: 0.232 sec.
@I [HLS-100] Command "import_lib /opt/Xilinx/Vivado_HLS/2015.1/common/technology/xilinx/zynq/zynq "
@I [HLS-100] Command "source /opt/Xilinx/Vivado_HLS/2015.1/common/technology/xilinx/common/xilinx.lib "
@I [HLS-100] Command "source /opt/Xilinx/Vivado_HLS/2015.1/common/technology/xilinx/interface/xilinx_interface.lib "
@I [HLS-100] Command "source /opt/Xilinx/Vivado_HLS/2015.1/common/technology/xilinx/interface/plb46.lib "
@I [HLS-100] Command 'ap_source' returned 0; elapsed 0.000205Total elapsed time: 0.233 sec.
@I [HLS-100] Command "source /opt/Xilinx/Vivado_HLS/2015.1/common/technology/xilinx/interface/fsl.lib "
@I [HLS-100] Command 'ap_source' returned 0; elapsed 0.000101Total elapsed time: 0.233 sec.
@I [HLS-100] Command "source /opt/Xilinx/Vivado_HLS/2015.1/common/technology/xilinx/interface/axi4.lib "
@I [HLS-100] Command 'ap_source' returned 0; elapsed 0.000134Total elapsed time: 0.233 sec.
@I [HLS-100] Command "source /opt/Xilinx/Vivado_HLS/2015.1/common/technology/xilinx/interface/maxi.lib "
@I [HLS-100] Command 'ap_source' returned 0; elapsed 0.00014Total elapsed time: 0.233 sec.
@I [HLS-100] Command "source /opt/Xilinx/Vivado_HLS/2015.1/common/technology/xilinx/interface/saxilite.lib "
@I [HLS-100] Command 'ap_source' returned 0; elapsed 8.7e-05Total elapsed time: 0.233 sec.
@I [HLS-100] Command 'ap_source' returned 0; elapsed 0.000895Total elapsed time: 0.234 sec.
@I [HLS-100] Command "source /opt/Xilinx/Vivado_HLS/2015.1/common/technology/xilinx/common/dsp48.lib "
@I [HLS-100] Command 'ap_source' returned 0; elapsed 8.9e-05Total elapsed time: 0.234 sec.
@I [HLS-100] Command "source /opt/Xilinx/Vivado_HLS/2015.1/common/technology/xilinx/ip/xfir.lib "
@I [HLS-100] Command 'ap_source' returned 0; elapsed 7.4e-05Total elapsed time: 0.234 sec.
@I [HLS-100] Command "source /opt/Xilinx/Vivado_HLS/2015.1/common/technology/xilinx/ip/dds_compiler.lib "
@I [HLS-100] Command 'ap_source' returned 0; elapsed 5.9e-05Total elapsed time: 0.234 sec.
@I [HLS-100] Command "source /opt/Xilinx/Vivado_HLS/2015.1/common/technology/xilinx/ip/xfft.lib "
@I [HLS-100] Command 'ap_source' returned 0; elapsed 5.8e-05Total elapsed time: 0.234 sec.
@I [HLS-100] Command 'ap_source' returned 0; elapsed 0.002616Total elapsed time: 0.235 sec.
@I [HLS-100] Command "source /opt/Xilinx/Vivado_HLS/2015.1/common/technology/xilinx/common/xilinx_old.lib "
@I [HLS-100] Command 'ap_source' returned 0; elapsed 0.000433Total elapsed time: 0.236 sec.
@I [HLS-100] Command "source /opt/Xilinx/Vivado_HLS/2015.1/common/technology/xilinx/common/xilinx_vivado.lib "
@I [HLS-100] Command 'ap_source' returned 0; elapsed 0.000293Total elapsed time: 0.237 sec.
@I [HLS-100] Command "source /opt/Xilinx/Vivado_HLS/2015.1/common/technology/xilinx/common/xilinx.hlp "
@I [HLS-100] Command "source /opt/Xilinx/Vivado_HLS/2015.1/common/technology/xilinx/common/target_info.tcl "
@I [HLS-100] Command 'ap_source' returned 0; elapsed 9.5e-05Total elapsed time: 0.238 sec.
@I [HLS-100] Command "source /opt/Xilinx/Vivado_HLS/2015.1/common/technology/xilinx/interface/xilinx_interface.hlp "
@I [HLS-100] Command "source /opt/Xilinx/Vivado_HLS/2015.1/common/technology/xilinx/interface/maxi.hlp "
@I [HLS-100] Command 'ap_source' returned 0; elapsed 6.5e-05Total elapsed time: 0.238 sec.
@I [HLS-100] Command "source /opt/Xilinx/Vivado_HLS/2015.1/common/technology/xilinx/interface/saxilite.hlp "
@I [HLS-100] Command 'ap_source' returned 0; elapsed 6e-05Total elapsed time: 0.238 sec.
@I [HLS-100] Command 'ap_source' returned 0; elapsed 0.000217Total elapsed time: 0.238 sec.
@I [HLS-100] Command "source /opt/Xilinx/Vivado_HLS/2015.1/common/technology/xilinx/common/dsp48.hlp "
@I [HLS-100] Command 'ap_source' returned 0; elapsed 0.000308Total elapsed time: 0.239 sec.
@I [HLS-100] Command 'ap_source' returned 0; elapsed 0.001297Total elapsed time: 0.239 sec.
@I [HLS-100] Command "source /opt/Xilinx/Vivado_HLS/2015.1/common/technology/xilinx/zynq/dsp48e1.hlp "
@I [HLS-100] Command 'ap_source' returned 0; elapsed 6.9e-05Total elapsed time: 0.239 sec.
@I [HLS-100] Command "get_default_platform "
@I [HLS-100] Command 'get_default_platform' returned 0; elapsed 3e-06Total elapsed time: 0.239 sec.
@I [HLS-100] Command "config_chip_info -quiet -resource  {SLICE 13300}  {LUT 53200}     {FF 106400} {DSP48E 220}   {BRAM 280}  "
@I [HLS-100] Command 'config_chip_info' returned 0; elapsed 1.1e-05Total elapsed time: 0.239 sec.
@I [HLS-100] Command "config_chip_info -quiet -speed medium "
@I [HLS-100] Command 'config_chip_info' returned 0; elapsed 3e-06Total elapsed time: 0.240 sec.
@I [HLS-100] Command 'import_lib' returned 0; elapsed 0.007988Total elapsed time: 0.240 sec.
@I [HLS-100] Command "source /opt/Xilinx/Vivado_HLS/2015.1/common/technology/xilinx/zynq/zynq.gen "
@I [HLS-100] Command "source /opt/Xilinx/Vivado_HLS/2015.1/common/technology/xilinx/common/virtex.gen "
@I [HLS-100] Command "source /opt/Xilinx/Vivado_HLS/2015.1/common/technology/xilinx/common/xilinx.gen "
@I [HLS-100] Command "source /opt/Xilinx/Vivado_HLS/2015.1/common/technology/xilinx/interface/plb46.gen "
@I [HLS-100] Command 'ap_source' returned 0; elapsed 0.000755Total elapsed time: 0.242 sec.
@I [HLS-100] Command "source /opt/Xilinx/Vivado_HLS/2015.1/common/technology/xilinx/interface/fsl.gen "
@I [HLS-100] Command 'ap_source' returned 0; elapsed 0.000268Total elapsed time: 0.242 sec.
@I [HLS-100] Command "source /opt/Xilinx/Vivado_HLS/2015.1/common/technology/xilinx/interface/axi4.gen "
@I [HLS-100] Command 'ap_source' returned 0; elapsed 0.001293Total elapsed time: 0.243 sec.
@I [HLS-100] Command "source /opt/Xilinx/Vivado_HLS/2015.1/common/technology/xilinx/interface/nativeAXI4.gen "
@I [HLS-100] Command "source /opt/Xilinx/Vivado_HLS/2015.1/common/technology/xilinx/interface/saxilite.gen "
@I [HLS-100] Command 'ap_source' returned 0; elapsed 0.00182Total elapsed time: 0.245 sec.
@I [HLS-100] Command "source /opt/Xilinx/Vivado_HLS/2015.1/common/technology/xilinx/interface/maxi.gen "
@I [HLS-100] Command 'ap_source' returned 0; elapsed 0.00438Total elapsed time: 0.250 sec.
@I [HLS-100] Command 'ap_source' returned 0; elapsed 0.006315Total elapsed time: 0.250 sec.
@I [HLS-100] Command "source /opt/Xilinx/Vivado_HLS/2015.1/common/technology/xilinx/scripts/xilinxcoregen.gen "
@I [HLS-100] Command 'ap_source' returned 0; elapsed 0.005934Total elapsed time: 0.256 sec.
@I [HLS-100] Command "source /opt/Xilinx/Vivado_HLS/2015.1/common/technology/xilinx/interface/XilEDKCoreGen.gen "
@I [HLS-100] Command 'ap_source' returned 0; elapsed 0.005653Total elapsed time: 0.261 sec.
@I [HLS-100] Command "source /opt/Xilinx/Vivado_HLS/2015.1/common/technology/xilinx/ip/xfft.gen "
@I [HLS-100] Command 'ap_source' returned 0; elapsed 0.06777Total elapsed time: 0.329 sec.
@I [HLS-100] Command "source /opt/Xilinx/Vivado_HLS/2015.1/common/technology/xilinx/ip/xfir.gen "
@I [HLS-100] Command "source /opt/Xilinx/Vivado_HLS/2015.1/tps/tcl/tcllib1.11.1/struct/list.tcl "
@I [HLS-100] Command "source /opt/Xilinx/Vivado_HLS/2015.1/tps/tcl/tcllib1.11.1/cmdline/cmdline.tcl "
@I [HLS-100] Command 'ap_source' returned 0; elapsed 0.000446Total elapsed time: 0.340 sec.
@I [HLS-100] Command 'ap_source' returned 0; elapsed 0.001006Total elapsed time: 0.340 sec.
@I [HLS-100] Command "source /opt/Xilinx/Vivado_HLS/2015.1/tps/tcl/tcllib1.11.1/math/bignum.tcl "
@I [HLS-100] Command 'ap_source' returned 0; elapsed 0.000375Total elapsed time: 0.347 sec.
@I [HLS-100] Command 'ap_source' returned 0; elapsed 0.02223Total elapsed time: 0.352 sec.
@I [HLS-100] Command "source /opt/Xilinx/Vivado_HLS/2015.1/common/technology/xilinx/ip/dds_compiler.gen "
@I [HLS-100] Command 'ap_source' returned 0; elapsed 0.00221Total elapsed time: 0.354 sec.
@I [HLS-100] Command "source /opt/Xilinx/Vivado_HLS/2015.1/common/technology/xilinx/ip/util.gen "
@I [HLS-100] Command 'ap_source' returned 0; elapsed 0.000104Total elapsed time: 0.354 sec.
@I [HLS-100] Command 'ap_source' returned 0; elapsed 0.113065Total elapsed time: 0.354 sec.
@I [HLS-100] Command "source /opt/Xilinx/Vivado_HLS/2015.1/common/technology/xilinx/common/dsp48.gen "
@I [HLS-100] Command 'ap_source' returned 0; elapsed 7.7e-05Total elapsed time: 0.355 sec.
@I [HLS-100] Command 'ap_source' returned 0; elapsed 0.11429Total elapsed time: 0.355 sec.
@I [HLS-100] Command 'ap_source' returned 0; elapsed 0.114379Total elapsed time: 0.355 sec.
@I [HLS-100] Command "open_platform DefaultPlatform "
@I [HLS-100] Command 'open_platform' returned 0; elapsed 6e-06Total elapsed time: 0.355 sec.
@I [HLS-100] Command "import_lib /opt/Xilinx/Vivado_HLS/2015.1/common/technology/xilinx/zynq/zynq_fpv6 "
@I [HLS-100] Command "source /opt/Xilinx/Vivado_HLS/2015.1/common/technology/xilinx/common/xilinx_fpv7.lib "
@I [HLS-100] Command 'ap_source' returned 0; elapsed 0.001565Total elapsed time: 0.357 sec.
@I [HLS-100] Command "source /opt/Xilinx/Vivado_HLS/2015.1/common/technology/xilinx/common/xilinx_fpv.hlp "
@I [HLS-100] Command "source /opt/Xilinx/Vivado_HLS/2015.1/common/technology/xilinx/common/xilinx.hlp "
@I [HLS-100] Command "source /opt/Xilinx/Vivado_HLS/2015.1/common/technology/xilinx/common/target_info.tcl "
@I [HLS-100] Command 'ap_source' returned 0; elapsed 0.000116Total elapsed time: 0.361 sec.
@I [HLS-100] Command "source /opt/Xilinx/Vivado_HLS/2015.1/common/technology/xilinx/interface/xilinx_interface.hlp "
@I [HLS-100] Command "source /opt/Xilinx/Vivado_HLS/2015.1/common/technology/xilinx/interface/maxi.hlp "
@I [HLS-100] Command 'ap_source' returned 0; elapsed 6.9e-05Total elapsed time: 0.361 sec.
@I [HLS-100] Command "source /opt/Xilinx/Vivado_HLS/2015.1/common/technology/xilinx/interface/saxilite.hlp "
@I [HLS-100] Command 'ap_source' returned 0; elapsed 6.5e-05Total elapsed time: 0.361 sec.
@I [HLS-100] Command 'ap_source' returned 0; elapsed 0.00022Total elapsed time: 0.361 sec.
@I [HLS-100] Command "source /opt/Xilinx/Vivado_HLS/2015.1/common/technology/xilinx/common/dsp48.hlp "
@I [HLS-100] Command 'ap_source' returned 0; elapsed 0.00031Total elapsed time: 0.362 sec.
@I [HLS-100] Command 'ap_source' returned 0; elapsed 0.001323Total elapsed time: 0.362 sec.
@I [HLS-100] Command 'ap_source' returned 0; elapsed 0.001666Total elapsed time: 0.362 sec.
@I [HLS-100] Command 'import_lib' returned 0; elapsed 0.009641Total elapsed time: 0.365 sec.
@I [HLS-100] Command "source /opt/Xilinx/Vivado_HLS/2015.1/common/technology/xilinx/zynq/zynq_fpv6.gen "
@I [HLS-100] Command "source /opt/Xilinx/Vivado_HLS/2015.1/common/technology/xilinx/common/xilinx_fpv6.gen "
@I [HLS-100] Command 'ap_source' returned 0; elapsed 0.000993Total elapsed time: 0.366 sec.
@I [HLS-100] Command 'ap_source' returned 0; elapsed 0.001121Total elapsed time: 0.366 sec.
@I [HLS-100] Command "set_part xc7z020clg484-1 "
@I [HLS-100] Command "add_library xilinx/zynq/zynq:xc7z020:clg484:-1 "
@I [HLS-100] Command "get_default_platform "
@I [HLS-100] Command 'get_default_platform' returned 0; elapsed 5e-06Total elapsed time: 0.369 sec.
@I [HLS-100] Command "license_exists VIVADO_HLS "
@I [HLS-100] Command 'license_exists' returned 0; elapsed 5e-06Total elapsed time: 0.369 sec.
@I [HLS-100] Command "open_platform DefaultPlatform "
@I [HLS-100] Command 'open_platform' returned 0; elapsed 4e-06Total elapsed time: 0.369 sec.
@I [HLS-100] Command "import_lib /opt/Xilinx/Vivado_HLS/2015.1/common/technology/xilinx/zynq/zynq "
@I [HLS-100] Command "source /opt/Xilinx/Vivado_HLS/2015.1/common/technology/xilinx/common/xilinx.lib "
@I [HLS-100] Command "source /opt/Xilinx/Vivado_HLS/2015.1/common/technology/xilinx/interface/xilinx_interface.lib "
@I [HLS-100] Command "source /opt/Xilinx/Vivado_HLS/2015.1/common/technology/xilinx/interface/plb46.lib "
@I [HLS-100] Command 'ap_source' returned 0; elapsed 0.000226Total elapsed time: 0.369 sec.
@I [HLS-100] Command "source /opt/Xilinx/Vivado_HLS/2015.1/common/technology/xilinx/interface/fsl.lib "
@I [HLS-100] Command 'ap_source' returned 0; elapsed 9.9e-05Total elapsed time: 0.370 sec.
@I [HLS-100] Command "source /opt/Xilinx/Vivado_HLS/2015.1/common/technology/xilinx/interface/axi4.lib "
@I [HLS-100] Command 'ap_source' returned 0; elapsed 0.000128Total elapsed time: 0.370 sec.
@I [HLS-100] Command "source /opt/Xilinx/Vivado_HLS/2015.1/common/technology/xilinx/interface/maxi.lib "
@I [HLS-100] Command 'ap_source' returned 0; elapsed 0.000116Total elapsed time: 0.370 sec.
@I [HLS-100] Command "source /opt/Xilinx/Vivado_HLS/2015.1/common/technology/xilinx/interface/saxilite.lib "
@I [HLS-100] Command 'ap_source' returned 0; elapsed 8.3e-05Total elapsed time: 0.370 sec.
@I [HLS-100] Command 'ap_source' returned 0; elapsed 0.000868Total elapsed time: 0.370 sec.
@I [HLS-100] Command "source /opt/Xilinx/Vivado_HLS/2015.1/common/technology/xilinx/common/dsp48.lib "
@I [HLS-100] Command 'ap_source' returned 0; elapsed 0.000119Total elapsed time: 0.370 sec.
@I [HLS-100] Command "source /opt/Xilinx/Vivado_HLS/2015.1/common/technology/xilinx/ip/xfir.lib "
@I [HLS-100] Command 'ap_source' returned 0; elapsed 6e-05Total elapsed time: 0.370 sec.
@I [HLS-100] Command "source /opt/Xilinx/Vivado_HLS/2015.1/common/technology/xilinx/ip/dds_compiler.lib "
@I [HLS-100] Command 'ap_source' returned 0; elapsed 7.9e-05Total elapsed time: 0.370 sec.
@I [HLS-100] Command "source /opt/Xilinx/Vivado_HLS/2015.1/common/technology/xilinx/ip/xfft.lib "
@I [HLS-100] Command 'ap_source' returned 0; elapsed 6.2e-05Total elapsed time: 0.371 sec.
@I [HLS-100] Command 'ap_source' returned 0; elapsed 0.002488Total elapsed time: 0.372 sec.
@I [HLS-100] Command "source /opt/Xilinx/Vivado_HLS/2015.1/common/technology/xilinx/common/xilinx_old.lib "
@I [HLS-100] Command 'ap_source' returned 0; elapsed 0.000325Total elapsed time: 0.373 sec.
@I [HLS-100] Command "source /opt/Xilinx/Vivado_HLS/2015.1/common/technology/xilinx/common/xilinx_vivado.lib "
@I [HLS-100] Command 'ap_source' returned 0; elapsed 0.000279Total elapsed time: 0.373 sec.
@I [HLS-100] Command "source /opt/Xilinx/Vivado_HLS/2015.1/common/technology/xilinx/common/xilinx.hlp "
@I [HLS-100] Command "source /opt/Xilinx/Vivado_HLS/2015.1/common/technology/xilinx/common/target_info.tcl "
@I [HLS-100] Command 'ap_source' returned 0; elapsed 7.8e-05Total elapsed time: 0.374 sec.
@I [HLS-100] Command "source /opt/Xilinx/Vivado_HLS/2015.1/common/technology/xilinx/interface/xilinx_interface.hlp "
@I [HLS-100] Command "source /opt/Xilinx/Vivado_HLS/2015.1/common/technology/xilinx/interface/maxi.hlp "
@I [HLS-100] Command 'ap_source' returned 0; elapsed 6.9e-05Total elapsed time: 0.375 sec.
@I [HLS-100] Command "source /opt/Xilinx/Vivado_HLS/2015.1/common/technology/xilinx/interface/saxilite.hlp "
@I [HLS-100] Command 'ap_source' returned 0; elapsed 6.4e-05Total elapsed time: 0.375 sec.
@I [HLS-100] Command 'ap_source' returned 0; elapsed 0.000221Total elapsed time: 0.375 sec.
@I [HLS-100] Command "source /opt/Xilinx/Vivado_HLS/2015.1/common/technology/xilinx/common/dsp48.hlp "
@I [HLS-100] Command 'ap_source' returned 0; elapsed 0.000351Total elapsed time: 0.375 sec.
@I [HLS-100] Command 'ap_source' returned 0; elapsed 0.00136Total elapsed time: 0.376 sec.
@I [HLS-100] Command "source /opt/Xilinx/Vivado_HLS/2015.1/common/technology/xilinx/zynq/dsp48e1.hlp "
@I [HLS-100] Command 'ap_source' returned 0; elapsed 7.1e-05Total elapsed time: 0.376 sec.
@I [HLS-100] Command "get_default_platform "
@I [HLS-100] Command 'get_default_platform' returned 0; elapsed 4e-06Total elapsed time: 0.376 sec.
@I [HLS-100] Command "config_chip_info -quiet -resource  {SLICE 13300}  {LUT 53200}     {FF 106400} {DSP48E 220}   {BRAM 280}  "
@I [HLS-100] Command 'config_chip_info' returned 0; elapsed 1.2e-05Total elapsed time: 0.376 sec.
@I [HLS-100] Command "config_chip_info -quiet -speed medium "
@I [HLS-100] Command 'config_chip_info' returned 0; elapsed 3e-06Total elapsed time: 0.376 sec.
@I [HLS-100] Command 'import_lib' returned 0; elapsed 0.007784Total elapsed time: 0.377 sec.
@I [HLS-100] Command "source /opt/Xilinx/Vivado_HLS/2015.1/common/technology/xilinx/zynq/zynq.gen "
@I [HLS-100] Command "source /opt/Xilinx/Vivado_HLS/2015.1/common/technology/xilinx/common/virtex.gen "
@I [HLS-100] Command "source /opt/Xilinx/Vivado_HLS/2015.1/common/technology/xilinx/common/xilinx.gen "
@I [HLS-100] Command "source /opt/Xilinx/Vivado_HLS/2015.1/common/technology/xilinx/interface/plb46.gen "
@I [HLS-100] Command 'ap_source' returned 0; elapsed 0.000673Total elapsed time: 0.378 sec.
@I [HLS-100] Command "source /opt/Xilinx/Vivado_HLS/2015.1/common/technology/xilinx/interface/fsl.gen "
@I [HLS-100] Command 'ap_source' returned 0; elapsed 0.000297Total elapsed time: 0.378 sec.
@I [HLS-100] Command "source /opt/Xilinx/Vivado_HLS/2015.1/common/technology/xilinx/interface/axi4.gen "
@I [HLS-100] Command 'ap_source' returned 0; elapsed 0.001308Total elapsed time: 0.380 sec.
@I [HLS-100] Command "source /opt/Xilinx/Vivado_HLS/2015.1/common/technology/xilinx/interface/nativeAXI4.gen "
@I [HLS-100] Command "source /opt/Xilinx/Vivado_HLS/2015.1/common/technology/xilinx/interface/saxilite.gen "
@I [HLS-100] Command 'ap_source' returned 0; elapsed 0.001763Total elapsed time: 0.381 sec.
@I [HLS-100] Command "source /opt/Xilinx/Vivado_HLS/2015.1/common/technology/xilinx/interface/maxi.gen "
@I [HLS-100] Command 'ap_source' returned 0; elapsed 0.003789Total elapsed time: 0.385 sec.
@I [HLS-100] Command 'ap_source' returned 0; elapsed 0.005668Total elapsed time: 0.385 sec.
@I [HLS-100] Command "source /opt/Xilinx/Vivado_HLS/2015.1/common/technology/xilinx/scripts/xilinxcoregen.gen "
@I [HLS-100] Command 'ap_source' returned 0; elapsed 0.005781Total elapsed time: 0.391 sec.
@I [HLS-100] Command "source /opt/Xilinx/Vivado_HLS/2015.1/common/technology/xilinx/interface/XilEDKCoreGen.gen "
@I [HLS-100] Command 'ap_source' returned 0; elapsed 0.005001Total elapsed time: 0.396 sec.
@I [HLS-100] Command "source /opt/Xilinx/Vivado_HLS/2015.1/common/technology/xilinx/ip/xfft.gen "
@I [HLS-100] Command 'ap_source' returned 0; elapsed 0.062973Total elapsed time: 0.459 sec.
@I [HLS-100] Command "source /opt/Xilinx/Vivado_HLS/2015.1/common/technology/xilinx/ip/xfir.gen "
@I [HLS-100] Command 'ap_source' returned 0; elapsed 0.020535Total elapsed time: 0.480 sec.
@I [HLS-100] Command "source /opt/Xilinx/Vivado_HLS/2015.1/common/technology/xilinx/ip/dds_compiler.gen "
@I [HLS-100] Command 'ap_source' returned 0; elapsed 0.002206Total elapsed time: 0.482 sec.
@I [HLS-100] Command "source /opt/Xilinx/Vivado_HLS/2015.1/common/technology/xilinx/ip/util.gen "
@I [HLS-100] Command 'ap_source' returned 0; elapsed 0.000134Total elapsed time: 0.483 sec.
@I [HLS-100] Command 'ap_source' returned 0; elapsed 0.105079Total elapsed time: 0.483 sec.
@I [HLS-100] Command "source /opt/Xilinx/Vivado_HLS/2015.1/common/technology/xilinx/common/dsp48.gen "
@I [HLS-100] Command 'ap_source' returned 0; elapsed 8.2e-05Total elapsed time: 0.484 sec.
@I [HLS-100] Command 'ap_source' returned 0; elapsed 0.106273Total elapsed time: 0.484 sec.
@I [HLS-100] Command 'ap_source' returned 0; elapsed 0.106382Total elapsed time: 0.484 sec.
@I [HLS-100] Command "get_default_platform "
@I [HLS-100] Command 'get_default_platform' returned 0; elapsed 6e-06Total elapsed time: 0.484 sec.
@I [HLS-100] Command "config_chip_info -quiet -resource  {SLICE 13300}  {LUT 53200}     {FF 106400} {DSP48E 220}   {BRAM 280}  "
@I [HLS-100] Command 'config_chip_info' returned 0; elapsed 3.4e-05Total elapsed time: 0.484 sec.
@I [HLS-100] Command "config_chip_info -quiet -speed slow "
@I [HLS-100] Command 'config_chip_info' returned 0; elapsed 3e-06Total elapsed time: 0.484 sec.
@I [HLS-100] Command 'add_library' returned 0; elapsed 0.115684Total elapsed time: 0.485 sec.
@I [HLS-100] Command "add_library xilinx/zynq/zynq_fpv6 "
@I [HLS-100] Command "get_default_platform "
@I [HLS-100] Command 'get_default_platform' returned 0; elapsed 4e-06Total elapsed time: 0.485 sec.
@I [HLS-100] Command "license_exists VIVADO_HLS "
@I [HLS-100] Command 'license_exists' returned 0; elapsed 5e-06Total elapsed time: 0.485 sec.
@I [HLS-100] Command "open_platform DefaultPlatform "
@I [HLS-100] Command 'open_platform' returned 0; elapsed 5e-06Total elapsed time: 0.485 sec.
@I [HLS-100] Command "import_lib /opt/Xilinx/Vivado_HLS/2015.1/common/technology/xilinx/zynq/zynq_fpv6 "
@I [HLS-100] Command "source /opt/Xilinx/Vivado_HLS/2015.1/common/technology/xilinx/common/xilinx_fpv7.lib "
@I [HLS-100] Command 'ap_source' returned 0; elapsed 0.001554Total elapsed time: 0.487 sec.
@I [HLS-100] Command "source /opt/Xilinx/Vivado_HLS/2015.1/common/technology/xilinx/common/xilinx_fpv.hlp "
@I [HLS-100] Command "source /opt/Xilinx/Vivado_HLS/2015.1/common/technology/xilinx/common/xilinx.hlp "
@I [HLS-100] Command "source /opt/Xilinx/Vivado_HLS/2015.1/common/technology/xilinx/common/target_info.tcl "
@I [HLS-100] Command 'ap_source' returned 0; elapsed 0.000123Total elapsed time: 0.491 sec.
@I [HLS-100] Command "source /opt/Xilinx/Vivado_HLS/2015.1/common/technology/xilinx/interface/xilinx_interface.hlp "
@I [HLS-100] Command "source /opt/Xilinx/Vivado_HLS/2015.1/common/technology/xilinx/interface/maxi.hlp "
@I [HLS-100] Command 'ap_source' returned 0; elapsed 7e-05Total elapsed time: 0.491 sec.
@I [HLS-100] Command "source /opt/Xilinx/Vivado_HLS/2015.1/common/technology/xilinx/interface/saxilite.hlp "
@I [HLS-100] Command 'ap_source' returned 0; elapsed 6.4e-05Total elapsed time: 0.491 sec.
@I [HLS-100] Command 'ap_source' returned 0; elapsed 0.000223Total elapsed time: 0.491 sec.
@I [HLS-100] Command "source /opt/Xilinx/Vivado_HLS/2015.1/common/technology/xilinx/common/dsp48.hlp "
@I [HLS-100] Command 'ap_source' returned 0; elapsed 0.000361Total elapsed time: 0.491 sec.
@I [HLS-100] Command 'ap_source' returned 0; elapsed 0.001429Total elapsed time: 0.492 sec.
@I [HLS-100] Command 'ap_source' returned 0; elapsed 0.001811Total elapsed time: 0.492 sec.
@I [HLS-100] Command 'import_lib' returned 0; elapsed 0.010021Total elapsed time: 0.495 sec.
@I [HLS-100] Command "source /opt/Xilinx/Vivado_HLS/2015.1/common/technology/xilinx/zynq/zynq_fpv6.gen "
@I [HLS-100] Command "source /opt/Xilinx/Vivado_HLS/2015.1/common/technology/xilinx/common/xilinx_fpv6.gen "
@I [HLS-100] Command 'ap_source' returned 0; elapsed 0.000886Total elapsed time: 0.496 sec.
@I [HLS-100] Command 'ap_source' returned 0; elapsed 0.000982Total elapsed time: 0.496 sec.
@I [HLS-100] Command 'add_library' returned 0; elapsed 0.011958Total elapsed time: 0.497 sec.
@I [HLS-10] Setting target device to 'xc7z020clg484-1'
@I [HLS-100] Command 'set_part' returned 0; elapsed 0.129577Total elapsed time: 0.497 sec.
@I [HLS-100] Command "get_default_platform "
@I [HLS-100] Command 'get_default_platform' returned 0; elapsed 3e-06Total elapsed time: 0.497 sec.
@I [HLS-100] Command "config_chip_info -quiet -resource  {SLICE 13300}  {LUT 53200}     {FF 106400} {DSP48E 220}   {BRAM 280}  "
@I [HLS-100] Command 'config_chip_info' returned 0; elapsed 1e-05Total elapsed time: 0.497 sec.
@I [HLS-100] Command "config_chip_info -quiet -speed slow "
@I [HLS-100] Command 'config_chip_info' returned 0; elapsed 2e-06Total elapsed time: 0.497 sec.
@I [HLS-100] Command 'open_solution' returned 0; elapsed 0.267123Total elapsed time: 0.497 sec.
@I [HLS-100] Command "set_part xc7z020clg484-1 "
@I [HLS-100] Command "add_library xilinx/zynq/zynq:xc7z020:clg484:-1 "
@I [HLS-100] Command "get_default_platform "
@I [HLS-100] Command 'get_default_platform' returned 0; elapsed 4e-06Total elapsed time: 0.498 sec.
@I [HLS-100] Command "license_exists VIVADO_HLS "
@I [HLS-100] Command 'license_exists' returned 0; elapsed 5e-06Total elapsed time: 0.499 sec.
@I [HLS-100] Command "open_platform DefaultPlatform "
@I [HLS-100] Command 'open_platform' returned 0; elapsed 4e-06Total elapsed time: 0.499 sec.
@I [HLS-100] Command "import_lib /opt/Xilinx/Vivado_HLS/2015.1/common/technology/xilinx/zynq/zynq "
@I [HLS-100] Command "source /opt/Xilinx/Vivado_HLS/2015.1/common/technology/xilinx/common/xilinx.lib "
@I [HLS-100] Command "source /opt/Xilinx/Vivado_HLS/2015.1/common/technology/xilinx/interface/xilinx_interface.lib "
@I [HLS-100] Command "source /opt/Xilinx/Vivado_HLS/2015.1/common/technology/xilinx/interface/plb46.lib "
@I [HLS-100] Command 'ap_source' returned 0; elapsed 0.000181Total elapsed time: 0.499 sec.
@I [HLS-100] Command "source /opt/Xilinx/Vivado_HLS/2015.1/common/technology/xilinx/interface/fsl.lib "
@I [HLS-100] Command 'ap_source' returned 0; elapsed 9.6e-05Total elapsed time: 0.499 sec.
@I [HLS-100] Command "source /opt/Xilinx/Vivado_HLS/2015.1/common/technology/xilinx/interface/axi4.lib "
@I [HLS-100] Command 'ap_source' returned 0; elapsed 0.000126Total elapsed time: 0.499 sec.
@I [HLS-100] Command "source /opt/Xilinx/Vivado_HLS/2015.1/common/technology/xilinx/interface/maxi.lib "
@I [HLS-100] Command 'ap_source' returned 0; elapsed 0.000116Total elapsed time: 0.500 sec.
@I [HLS-100] Command "source /opt/Xilinx/Vivado_HLS/2015.1/common/technology/xilinx/interface/saxilite.lib "
@I [HLS-100] Command 'ap_source' returned 0; elapsed 8.3e-05Total elapsed time: 0.500 sec.
@I [HLS-100] Command 'ap_source' returned 0; elapsed 0.000815Total elapsed time: 0.500 sec.
@I [HLS-100] Command "source /opt/Xilinx/Vivado_HLS/2015.1/common/technology/xilinx/common/dsp48.lib "
@I [HLS-100] Command 'ap_source' returned 0; elapsed 0.000118Total elapsed time: 0.500 sec.
@I [HLS-100] Command "source /opt/Xilinx/Vivado_HLS/2015.1/common/technology/xilinx/ip/xfir.lib "
@I [HLS-100] Command 'ap_source' returned 0; elapsed 6e-05Total elapsed time: 0.500 sec.
@I [HLS-100] Command "source /opt/Xilinx/Vivado_HLS/2015.1/common/technology/xilinx/ip/dds_compiler.lib "
@I [HLS-100] Command 'ap_source' returned 0; elapsed 5.5e-05Total elapsed time: 0.500 sec.
@I [HLS-100] Command "source /opt/Xilinx/Vivado_HLS/2015.1/common/technology/xilinx/ip/xfft.lib "
@I [HLS-100] Command 'ap_source' returned 0; elapsed 5.2e-05Total elapsed time: 0.500 sec.
@I [HLS-100] Command 'ap_source' returned 0; elapsed 0.002322Total elapsed time: 0.501 sec.
@I [HLS-100] Command "source /opt/Xilinx/Vivado_HLS/2015.1/common/technology/xilinx/common/xilinx_old.lib "
@I [HLS-100] Command 'ap_source' returned 0; elapsed 0.000326Total elapsed time: 0.502 sec.
@I [HLS-100] Command "source /opt/Xilinx/Vivado_HLS/2015.1/common/technology/xilinx/common/xilinx_vivado.lib "
@I [HLS-100] Command 'ap_source' returned 0; elapsed 0.000279Total elapsed time: 0.502 sec.
@I [HLS-100] Command "source /opt/Xilinx/Vivado_HLS/2015.1/common/technology/xilinx/common/xilinx.hlp "
@I [HLS-100] Command "source /opt/Xilinx/Vivado_HLS/2015.1/common/technology/xilinx/common/target_info.tcl "
@I [HLS-100] Command 'ap_source' returned 0; elapsed 9.8e-05Total elapsed time: 0.504 sec.
@I [HLS-100] Command "source /opt/Xilinx/Vivado_HLS/2015.1/common/technology/xilinx/interface/xilinx_interface.hlp "
@I [HLS-100] Command "source /opt/Xilinx/Vivado_HLS/2015.1/common/technology/xilinx/interface/maxi.hlp "
@I [HLS-100] Command 'ap_source' returned 0; elapsed 7e-05Total elapsed time: 0.504 sec.
@I [HLS-100] Command "source /opt/Xilinx/Vivado_HLS/2015.1/common/technology/xilinx/interface/saxilite.hlp "
@I [HLS-100] Command 'ap_source' returned 0; elapsed 6.4e-05Total elapsed time: 0.504 sec.
@I [HLS-100] Command 'ap_source' returned 0; elapsed 0.000222Total elapsed time: 0.504 sec.
@I [HLS-100] Command "source /opt/Xilinx/Vivado_HLS/2015.1/common/technology/xilinx/common/dsp48.hlp "
@I [HLS-100] Command 'ap_source' returned 0; elapsed 0.00031Total elapsed time: 0.505 sec.
@I [HLS-100] Command 'ap_source' returned 0; elapsed 0.001272Total elapsed time: 0.505 sec.
@I [HLS-100] Command "source /opt/Xilinx/Vivado_HLS/2015.1/common/technology/xilinx/zynq/dsp48e1.hlp "
@I [HLS-100] Command 'ap_source' returned 0; elapsed 6.3e-05Total elapsed time: 0.505 sec.
@I [HLS-100] Command "get_default_platform "
@I [HLS-100] Command 'get_default_platform' returned 0; elapsed 3e-06Total elapsed time: 0.505 sec.
@I [HLS-100] Command "config_chip_info -quiet -resource  {SLICE 13300}  {LUT 53200}     {FF 106400} {DSP48E 220}   {BRAM 280}  "
@I [HLS-100] Command 'config_chip_info' returned 0; elapsed 1e-05Total elapsed time: 0.505 sec.
@I [HLS-100] Command "config_chip_info -quiet -speed medium "
@I [HLS-100] Command 'config_chip_info' returned 0; elapsed 2e-06Total elapsed time: 0.505 sec.
@I [HLS-100] Command 'import_lib' returned 0; elapsed 0.007438Total elapsed time: 0.506 sec.
@I [HLS-100] Command "source /opt/Xilinx/Vivado_HLS/2015.1/common/technology/xilinx/zynq/zynq.gen "
@I [HLS-100] Command "source /opt/Xilinx/Vivado_HLS/2015.1/common/technology/xilinx/common/virtex.gen "
@I [HLS-100] Command "source /opt/Xilinx/Vivado_HLS/2015.1/common/technology/xilinx/common/xilinx.gen "
@I [HLS-100] Command "source /opt/Xilinx/Vivado_HLS/2015.1/common/technology/xilinx/interface/plb46.gen "
@I [HLS-100] Command 'ap_source' returned 0; elapsed 0.000608Total elapsed time: 0.507 sec.
@I [HLS-100] Command "source /opt/Xilinx/Vivado_HLS/2015.1/common/technology/xilinx/interface/fsl.gen "
@I [HLS-100] Command 'ap_source' returned 0; elapsed 0.000305Total elapsed time: 0.507 sec.
@I [HLS-100] Command "source /opt/Xilinx/Vivado_HLS/2015.1/common/technology/xilinx/interface/axi4.gen "
@I [HLS-100] Command 'ap_source' returned 0; elapsed 0.001238Total elapsed time: 0.509 sec.
@I [HLS-100] Command "source /opt/Xilinx/Vivado_HLS/2015.1/common/technology/xilinx/interface/nativeAXI4.gen "
@I [HLS-100] Command "source /opt/Xilinx/Vivado_HLS/2015.1/common/technology/xilinx/interface/saxilite.gen "
@I [HLS-100] Command 'ap_source' returned 0; elapsed 0.001712Total elapsed time: 0.511 sec.
@I [HLS-100] Command "source /opt/Xilinx/Vivado_HLS/2015.1/common/technology/xilinx/interface/maxi.gen "
@I [HLS-100] Command 'ap_source' returned 0; elapsed 0.003914Total elapsed time: 0.515 sec.
@I [HLS-100] Command 'ap_source' returned 0; elapsed 0.005731Total elapsed time: 0.515 sec.
@I [HLS-100] Command "source /opt/Xilinx/Vivado_HLS/2015.1/common/technology/xilinx/scripts/xilinxcoregen.gen "
@I [HLS-100] Command 'ap_source' returned 0; elapsed 0.005429Total elapsed time: 0.520 sec.
@I [HLS-100] Command "source /opt/Xilinx/Vivado_HLS/2015.1/common/technology/xilinx/interface/XilEDKCoreGen.gen "
@I [HLS-100] Command 'ap_source' returned 0; elapsed 0.004809Total elapsed time: 0.525 sec.
@I [HLS-100] Command "source /opt/Xilinx/Vivado_HLS/2015.1/common/technology/xilinx/ip/xfft.gen "
@I [HLS-100] Command 'ap_source' returned 0; elapsed 0.062984Total elapsed time: 0.588 sec.
@I [HLS-100] Command "source /opt/Xilinx/Vivado_HLS/2015.1/common/technology/xilinx/ip/xfir.gen "
@I [HLS-100] Command 'ap_source' returned 0; elapsed 0.021422Total elapsed time: 0.610 sec.
@I [HLS-100] Command "source /opt/Xilinx/Vivado_HLS/2015.1/common/technology/xilinx/ip/dds_compiler.gen "
@I [HLS-100] Command 'ap_source' returned 0; elapsed 0.002345Total elapsed time: 0.612 sec.
@I [HLS-100] Command "source /opt/Xilinx/Vivado_HLS/2015.1/common/technology/xilinx/ip/util.gen "
@I [HLS-100] Command 'ap_source' returned 0; elapsed 0.0001Total elapsed time: 0.612 sec.
@I [HLS-100] Command 'ap_source' returned 0; elapsed 0.105474Total elapsed time: 0.612 sec.
@I [HLS-100] Command "source /opt/Xilinx/Vivado_HLS/2015.1/common/technology/xilinx/common/dsp48.gen "
@I [HLS-100] Command 'ap_source' returned 0; elapsed 7.7e-05Total elapsed time: 0.613 sec.
@I [HLS-100] Command 'ap_source' returned 0; elapsed 0.106551Total elapsed time: 0.613 sec.
@I [HLS-100] Command 'ap_source' returned 0; elapsed 0.106636Total elapsed time: 0.613 sec.
@I [HLS-100] Command "get_default_platform "
@I [HLS-100] Command 'get_default_platform' returned 0; elapsed 6e-06Total elapsed time: 0.614 sec.
@I [HLS-100] Command "config_chip_info -quiet -resource  {SLICE 13300}  {LUT 53200}     {FF 106400} {DSP48E 220}   {BRAM 280}  "
@I [HLS-100] Command 'config_chip_info' returned 0; elapsed 4.6e-05Total elapsed time: 0.614 sec.
@I [HLS-100] Command "config_chip_info -quiet -speed slow "
@I [HLS-100] Command 'config_chip_info' returned 0; elapsed 3e-06Total elapsed time: 0.614 sec.
@I [HLS-100] Command 'add_library' returned 0; elapsed 0.115552Total elapsed time: 0.614 sec.
@I [HLS-100] Command "add_library xilinx/zynq/zynq_fpv6 "
@I [HLS-100] Command "get_default_platform "
@I [HLS-100] Command 'get_default_platform' returned 0; elapsed 3e-06Total elapsed time: 0.614 sec.
@I [HLS-100] Command "license_exists VIVADO_HLS "
@I [HLS-100] Command 'license_exists' returned 0; elapsed 5e-06Total elapsed time: 0.615 sec.
@I [HLS-100] Command "open_platform DefaultPlatform "
@I [HLS-100] Command 'open_platform' returned 0; elapsed 4e-06Total elapsed time: 0.615 sec.
@I [HLS-100] Command "import_lib /opt/Xilinx/Vivado_HLS/2015.1/common/technology/xilinx/zynq/zynq_fpv6 "
@I [HLS-100] Command "source /opt/Xilinx/Vivado_HLS/2015.1/common/technology/xilinx/common/xilinx_fpv7.lib "
@I [HLS-100] Command 'ap_source' returned 0; elapsed 0.001534Total elapsed time: 0.616 sec.
@I [HLS-100] Command "source /opt/Xilinx/Vivado_HLS/2015.1/common/technology/xilinx/common/xilinx_fpv.hlp "
@I [HLS-100] Command "source /opt/Xilinx/Vivado_HLS/2015.1/common/technology/xilinx/common/xilinx.hlp "
@I [HLS-100] Command "source /opt/Xilinx/Vivado_HLS/2015.1/common/technology/xilinx/common/target_info.tcl "
@I [HLS-100] Command 'ap_source' returned 0; elapsed 0.000149Total elapsed time: 0.620 sec.
@I [HLS-100] Command "source /opt/Xilinx/Vivado_HLS/2015.1/common/technology/xilinx/interface/xilinx_interface.hlp "
@I [HLS-100] Command "source /opt/Xilinx/Vivado_HLS/2015.1/common/technology/xilinx/interface/maxi.hlp "
@I [HLS-100] Command 'ap_source' returned 0; elapsed 7.3e-05Total elapsed time: 0.621 sec.
@I [HLS-100] Command "source /opt/Xilinx/Vivado_HLS/2015.1/common/technology/xilinx/interface/saxilite.hlp "
@I [HLS-100] Command 'ap_source' returned 0; elapsed 6.8e-05Total elapsed time: 0.621 sec.
@I [HLS-100] Command 'ap_source' returned 0; elapsed 0.000229Total elapsed time: 0.621 sec.
@I [HLS-100] Command "source /opt/Xilinx/Vivado_HLS/2015.1/common/technology/xilinx/common/dsp48.hlp "
@I [HLS-100] Command 'ap_source' returned 0; elapsed 0.000318Total elapsed time: 0.621 sec.
@I [HLS-100] Command 'ap_source' returned 0; elapsed 0.001419Total elapsed time: 0.622 sec.
@I [HLS-100] Command 'ap_source' returned 0; elapsed 0.00182Total elapsed time: 0.622 sec.
@I [HLS-100] Command 'import_lib' returned 0; elapsed 0.010206Total elapsed time: 0.625 sec.
@I [HLS-100] Command "source /opt/Xilinx/Vivado_HLS/2015.1/common/technology/xilinx/zynq/zynq_fpv6.gen "
@I [HLS-100] Command "source /opt/Xilinx/Vivado_HLS/2015.1/common/technology/xilinx/common/xilinx_fpv6.gen "
@I [HLS-100] Command 'ap_source' returned 0; elapsed 0.000964Total elapsed time: 0.626 sec.
@I [HLS-100] Command 'ap_source' returned 0; elapsed 0.001057Total elapsed time: 0.626 sec.
@I [HLS-100] Command 'add_library' returned 0; elapsed 0.012341Total elapsed time: 0.627 sec.
@I [HLS-100] Command 'set_part' returned 0; elapsed 0.128797Total elapsed time: 0.627 sec.
@I [HLS-100] Command "create_clock -period 10 -name default "
@I [HLS-100] Command 'create_clock' returned 0; elapsed 0.00055Total elapsed time: 0.627 sec.
@I [HLS-100] Command "source ./parta_2/solution1_fifo_unroll/directives.tcl "
@I [HLS-100] Command "set_directive_interface -mode ap_fifo MAT_Multiply A "
@I [HLS-100] Command 'set_directive_interface' returned 0; elapsed 0.000119Total elapsed time: 0.628 sec.
@I [HLS-100] Command "set_directive_interface -mode ap_fifo MAT_Multiply B "
@I [HLS-100] Command 'set_directive_interface' returned 0; elapsed 8.5e-05Total elapsed time: 0.628 sec.
@I [HLS-100] Command "set_directive_interface -mode ap_fifo MAT_Multiply C "
@I [HLS-100] Command 'set_directive_interface' returned 0; elapsed 8.1e-05Total elapsed time: 0.628 sec.
@I [HLS-100] Command "set_directive_array_partition -type cyclic -factor 10 -dim 1 MAT_Multiply A_cached_row "
@I [HLS-100] Command 'set_directive_array_partition' returned 0; elapsed 8.8e-05Total elapsed time: 0.628 sec.
@I [HLS-100] Command "set_directive_array_partition -type complete -factor 10 -dim 1 MAT_Multiply B_cached "
@I [HLS-100] Command 'set_directive_array_partition' returned 0; elapsed 6.6e-05Total elapsed time: 0.628 sec.
@I [HLS-100] Command "set_directive_unroll -factor 20 MAT_Multiply/RowCaching "
@I [HLS-100] Command 'set_directive_unroll' returned 0; elapsed 6.8e-05Total elapsed time: 0.628 sec.
@I [HLS-100] Command "set_directive_unroll -factor 20 MAT_Multiply/ColCaching "
@I [HLS-100] Command 'set_directive_unroll' returned 0; elapsed 6.2e-05Total elapsed time: 0.628 sec.
@I [HLS-100] Command "set_directive_unroll -factor 20 MAT_Multiply/Product "
@I [HLS-100] Command 'set_directive_unroll' returned 0; elapsed 5.8e-05Total elapsed time: 0.628 sec.
@I [HLS-100] Command 'ap_source' returned 0; elapsed 0.000917Total elapsed time: 0.628 sec.
@I [HLS-100] Command "csynth_design "
@I [HLS-100] Command "elaborate -effort=medium -skip_syncheck=0 -lm=0 -skip_cdt=0 -skip_transform=0 -ng=0 -g=0 -opt_fp=0 "
@I [HLS-10] Analyzing design file 'parta_2/matrixmath.c' ... 
@0 [HLS-0] Analyzing design file 'parta_2/matrixmath.c' ... 
@I [HLS-0] Compiling one TU...
@I [HLS-0] 
Checking before pre-process: exec clang -fno-limit-debug-info -gcc-toolchain "/opt/Xilinx/Vivado_HLS/2015.1/lnx64/tools/gcc" -hls    -fno-math-errno -c -emit-llvm -O0  -mllvm -disable-llvm-optzns -std=gnu89   -DAESL_SYN -D__SYNTHESIS__ -D__HLS_SYN__ -I "/opt/Xilinx/Vivado_HLS/2015.1/common/technology/autopilot" -I "/opt/Xilinx/Vivado_HLS/2015.1/common/technology/autopilot/ap_sysc" -include etc/autopilot_ssdm_op.h  "parta_2/matrixmath.c"  -o "/home/parallels/source_code/ECE_527_MP/mp3/parta_2/solution1_fifo_unroll/.autopilot/db/matrixmath.pp.00.o"

@I [HLS-100] Command "is_encrypted /home/parallels/source_code/ECE_527_MP/mp3/parta_2/solution1_fifo_unroll/.autopilot/db/matrixmath.pp.00.o "
@I [HLS-100] Command 'is_encrypted' returned 0; elapsed 6.6e-05Total elapsed time: 0.674 sec.
@I [HLS-0] Syntax Checker time: 0 seconds per iteration
@I [HLS-0] 
Source preprocessing: exec clang -fno-limit-debug-info -gcc-toolchain "/opt/Xilinx/Vivado_HLS/2015.1/lnx64/tools/gcc" -hls -fno-exceptions  -D__llvm__  -CC -E "parta_2/matrixmath.c"     -fno-math-errno -c -emit-llvm -O0  -mllvm -disable-llvm-optzns -std=gnu89   -DAESL_SYN -D__SYNTHESIS__ -D__HLS_SYN__ -I "/opt/Xilinx/Vivado_HLS/2015.1/common/technology/autopilot" -I "/opt/Xilinx/Vivado_HLS/2015.1/common/technology/autopilot/ap_sysc" -include etc/autopilot_ssdm_op.h  -o "/home/parallels/source_code/ECE_527_MP/mp3/parta_2/solution1_fifo_unroll/.autopilot/db/matrixmath.pp.0.c"

@I [HLS-0] GCC PP time: 0 seconds per iteration
@I [HLS-0] Setting directive 'INTERFACE' ap_fifo=positionBoolean0mode port=positionBooleanTextRequiredA 
@I [HLS-0] Setting directive 'INTERFACE' ap_fifo=positionBoolean0mode port=positionBooleanTextRequiredB 
@I [HLS-0] Setting directive 'INTERFACE' ap_fifo=positionBoolean0mode port=positionBooleanTextRequiredC 
@I [HLS-0] Setting directive 'ARRAY_PARTITION' partition=positionBooleanCmd variable=positionBooleanTextRequiredA_cached_row cyclic=positionBoolean0type factor=10 dim=1 
@I [HLS-0] Setting directive 'ARRAY_PARTITION' partition=positionBooleanCmd variable=positionBooleanTextRequiredB_cached complete=positionBoolean0type factor=10 dim=1 
@I [HLS-0] Setting directive 'UNROLL' factor=20 
@I [HLS-0] Setting directive 'UNROLL' factor=20 
@I [HLS-0] Setting directive 'UNROLL' factor=20 
@I [HLS-100] Command "list_core -type functional_unit "
@I [HLS-100] Command 'list_core' returned 0; elapsed 8.3e-05Total elapsed time: 0.723 sec.
@I [HLS-0] Marker-Pragma convertor: /home/parallels/source_code/ECE_527_MP/mp3/parta_2/solution1_fifo_unroll/.autopilot/db/matrixmath.pp.0.c /home/parallels/source_code/ECE_527_MP/mp3/parta_2/solution1_fifo_unroll/.autopilot/db/matrixmath.pp.0.c.ap-line.c /home/parallels/source_code/ECE_527_MP/mp3/parta_2/solution1_fifo_unroll/.autopilot/db/matrixmath.pp.0.c.ap-line.c.CXX 1
@I [HLS-0] 
Source processor: exec /opt/Xilinx/Vivado_HLS/2015.1/tps/lnx64/jre/bin/java -Xmx512m -classpath   "/opt/Xilinx/Vivado_HLS/2015.1/lib/classes/autopilot.sourceprocessor.jar:/opt/Xilinx/Vivado_HLS/2015.1/lib/classes/org.eclipse.cdt.core_5.3.0.xilinx_patch.jar:/opt/Xilinx/Vivado_HLS/2015.1/lib/classes/org.eclipse.core.runtime_3.7.0.v20110110.jar:/opt/Xilinx/Vivado_HLS/2015.1/lib/classes/org.eclipse.equinox.common_3.6.0.v20110523.jar:/opt/Xilinx/Vivado_HLS/2015.1/lib/classes/com.ibm.icu_4.4.2.v20110208.jar:/opt/Xilinx/Vivado_HLS/2015.1/lib/classes/jargs.jar:/opt/Xilinx/Vivado_HLS/2015.1/lnx64/tools/eclipse/plugins/org.eclipse.emf.common_2.10.0.v20140514-1158.jar:/opt/Xilinx/Vivado_HLS/2015.1/lnx64/tools/eclipse/plugins/org.eclipse.emf.ecore_2.10.0.v20140514-1158.jar:/opt/Xilinx/Vivado_HLS/2015.1/lnx64/tools/eclipse/plugins/org.eclipse.emf.ecore.xmi_2.10.0.v20140514-1158.jar:/opt/Xilinx/Vivado_HLS/2015.1/lnx64/tools/eclipse/plugins/com.autoesl.autopilot.ui.directiveFileModel_1.0.0.jar:/opt/Xilinx/Vivado_HLS/2015.1/lnx64/tools/eclipse/plugins/com.autoesl.autopilot.ui.common_1.0.0.jar"  autopilot.sourceprocessor.CParser  "/home/parallels/source_code/ECE_527_MP/mp3/parta_2/solution1_fifo_unroll/.autopilot/db/matrixmath.pp.0.c.ap-line.c"  -m "MAT_Multiply" -o "/home/parallels/source_code/ECE_527_MP/mp3/parta_2/solution1_fifo_unroll/.autopilot/db/matrixmath.pp.0.c.ap-cdt.c" -c --pp --directive /home/parallels/source_code/ECE_527_MP/mp3/parta_2/solution1_fifo_unroll/solution1_fifo_unroll.directive --source /home/parallels/source_code/ECE_527_MP/mp3/parta_2/matrixmath.c --error /home/parallels/source_code/ECE_527_MP/mp3/parta_2/solution1_fifo_unroll/.autopilot/db --funcunit "AddSub AddSub_DSP AddSubnS DAddSub_fulldsp DAddSub_nodsp DDiv DExp_fulldsp DExp_meddsp DExp_nodsp DLog_fulldsp DLog_meddsp DLog_nodsp DMul_fulldsp DMul_maxdsp DMul_meddsp DMul_nodsp DRSqrt DRecip DSqrt DivnS FAddSub_fulldsp FAddSub_nodsp FDiv FExp_fulldsp FExp_meddsp FExp_nodsp FLog_fulldsp FLog_meddsp FLog_nodsp FMul_fulldsp FMul_maxdsp FMul_meddsp FMul_nodsp FRSqrt_fulldsp FRSqrt_nodsp FRecip_fulldsp FRecip_nodsp FSqrt Mul Mul2S Mul3S Mul4S Mul5S Mul6S MulnS MuxnS" --ca --gf --df --pd --p2d /home/parallels/source_code/ECE_527_MP/mp3/parta_2/solution1_fifo_unroll/.autopilot/db --sd --scff /home/parallels/source_code/ECE_527_MP/mp3/parta_2/solution1_fifo_unroll/.autopilot/db/.systemc_flag --ad

@I [HLS-0] Marker-Pragma convertor: /home/parallels/source_code/ECE_527_MP/mp3/parta_2/solution1_fifo_unroll/.autopilot/db/matrixmath.pp.0.c.ap-cdt.c /home/parallels/source_code/ECE_527_MP/mp3/parta_2/solution1_fifo_unroll/.autopilot/db/matrixmath.pragma.0.c /home/parallels/source_code/ECE_527_MP/mp3/parta_2/solution1_fifo_unroll/.autopilot/db/matrixmath.pragma.0.c.ap-line.CXX 0
@I [HLS-100] Command "source /home/parallels/source_code/ECE_527_MP/mp3/parta_2/solution1_fifo_unroll/.autopilot/db/pragma.status.tcl "
@I [HLS-100] Command 'ap_source' returned 0; elapsed 0.000153Total elapsed time: 1.610 sec.
@I [HLS-0] CDT processor time: 0 seconds per iteration
@I [HLS-0] Pragma handling time: 0 seconds per iteration
@I [HLS-0] 
Source preprocessing: exec clang -fno-limit-debug-info -gcc-toolchain "/opt/Xilinx/Vivado_HLS/2015.1/lnx64/tools/gcc" -hls -fno-exceptions  -D__llvm__  -CC -E "/home/parallels/source_code/ECE_527_MP/mp3/parta_2/solution1_fifo_unroll/.autopilot/db/matrixmath.pragma.1.c"     -fno-math-errno -c -emit-llvm -O0  -mllvm -disable-llvm-optzns -std=gnu89   -DAESL_SYN -D__SYNTHESIS__ -D__HLS_SYN__ -I "/opt/Xilinx/Vivado_HLS/2015.1/common/technology/autopilot" -I "/opt/Xilinx/Vivado_HLS/2015.1/common/technology/autopilot/ap_sysc" -include etc/autopilot_ssdm_op.h  -o "/home/parallels/source_code/ECE_527_MP/mp3/parta_2/solution1_fifo_unroll/.autopilot/db/matrixmath.pragma.2.c"

@I [HLS-0] exec clang -fno-limit-debug-info -gcc-toolchain /opt/Xilinx/Vivado_HLS/2015.1/lnx64/tools/gcc -hls -hls-analyze-label -hls-analyze-pragma -fno-exceptions  -D__llvm__  -w  "/home/parallels/source_code/ECE_527_MP/mp3/parta_2/solution1_fifo_unroll/.autopilot/db/matrixmath.pragma.2.c"    -fno-math-errno -c -emit-llvm -O0  -mllvm -disable-llvm-optzns -std=gnu89  -DAESL_SYN -D__SYNTHESIS__ -D__HLS_SYN__ -I "/opt/Xilinx/Vivado_HLS/2015.1/common/technology/autopilot" -I "/opt/Xilinx/Vivado_HLS/2015.1/common/technology/autopilot/ap_sysc" -include etc/autopilot_ssdm_op.h -g -o "/home/parallels/source_code/ECE_527_MP/mp3/parta_2/solution1_fifo_unroll/.autopilot/db/matrixmath.g.bc"
@I [HLS-10] Validating synthesis directives ...
@0 [HLS-0] Validating synthesis directives ...
@I [HLS-100] Command "source /home/parallels/source_code/ECE_527_MP/mp3/parta_2/solution1_fifo_unroll/.autopilot/db/pragma.status.tcl "
@I [HLS-100] Command 'ap_source' returned 0; elapsed 0.00013Total elapsed time: 1.706 sec.
@I [HLS-0] Linking all ...
@I [HLS-0] exec llvm-ld  "/home/parallels/source_code/ECE_527_MP/mp3/parta_2/solution1_fifo_unroll/.autopilot/db/matrixmath.bc"  -disable-opt  -L/opt/Xilinx/Vivado_HLS/2015.1/lnx64/lib -lm_basic -o "/home/parallels/source_code/ECE_527_MP/mp3/parta_2/solution1_fifo_unroll/.autopilot/db/a.o.pre"
@I [HLS-0] Link time: 0 seconds per iteration
@I [HLS-0] Linking all ...
@I [HLS-0] exec llvm-ld  "/home/parallels/source_code/ECE_527_MP/mp3/parta_2/solution1_fifo_unroll/.autopilot/db/matrixmath.g.bc"  -disable-opt  -L/opt/Xilinx/Vivado_HLS/2015.1/lnx64/lib -lm_basic -o "/home/parallels/source_code/ECE_527_MP/mp3/parta_2/solution1_fifo_unroll/.autopilot/db/a.g.pre"
@I [HLS-0] Link time: 0 seconds per iteration
@I [HLS-100] Command "opt_and_import_c a -opt_level=2 -skip_syncheck=0 -ng=0 "
@I [HLS-100] Command "cleanup_all_models "
@I [HLS-100] Command 'cleanup_all_models' returned 0; elapsed 1.2e-05Total elapsed time: 1.788 sec.
@I [HLS-10] Starting code transformations ...
@0 [HLS-0] Starting code transformations ...
@I [HLS-0] std xform: transform -hls -share-std-xform -always-inline -promote-dbg-pointer  -interface-preproc  -scalarrepl -mem2reg -keep-read-access -instcombine -dce  -promote-dbg-pointer  -bitop-raise  -indvars -loop-simplify -xunroll  -constprop -instcombine -simplifycfg -indvars  -simplifycfg -dce -globaldce  -basicaa  -simplifycfg -mem2reg -globalopt  -global-constprop -deadargelim -instcombine -simplifycfg  -prune-eh -simplifycfg  -scalarrepl -instcombine -reassociate -licm  -simplifycfg -loop-simplify -indvars -instcombine  -simplifycfg -mem2reg -loop-simplify -indvars -instcombine  -gvn -gvn -instcombine -adce  -break-crit-edges  -simplifycfg -loop-delete  -global-array-opt -dce -dse -adce  -find-syn-modules -top MAT_Multiply  -deadargelim  -mem2reg -instcombine -dce  -presyn-prepare -auto-rom-infer  -interface-preproc  -syn-check -check-rec-only  -find-region -simplifycfg -func-extr -function-inline  -globaldce -mem2reg -instcombine -dce   -gvn -globaldce -adce -adse  -constprop -instcombine -bit-constprop  -instcombine -dce -simplifycfg -bitop-raise  -simplifycfg -dce -loop-delete -reassociate  -globalopt -global-privatize -mem2reg -dce  -global-constprop -pointer-simplify -constprop -dce  -func-inst -deadargelim  -promote-dbg-pointer  -norm-name   /home/parallels/source_code/ECE_527_MP/mp3/parta_2/solution1_fifo_unroll/.autopilot/db/a.g.0.bc -o /home/parallels/source_code/ECE_527_MP/mp3/parta_2/solution1_fifo_unroll/.autopilot/db/a.g.1.bc -f  -phase std-opt
@I [HLS-0] Std xform time: 0 seconds per iteration
@I [HLS-100] Command "is_encrypted /home/parallels/source_code/ECE_527_MP/mp3/parta_2/solution1_fifo_unroll/.autopilot/db/a.g.1.bc "
@I [HLS-100] Command 'is_encrypted' returned 0; elapsed 7.4e-05Total elapsed time: 1.838 sec.
@I [HLS-10] Checking synthesizability ...
@0 [HLS-0] Checking synthesizability ...
@I [HLS-0] syn check 1/2: transform -hls -syn-check -check-rec-only -disaggr -scalarrepl -norm-name -dce  -mem2reg -instcombine -function-uniquify  -directive-preproc -function-uniquify -directive-preproc -mem2reg -dse -dce -auto-rom-infer -dce  -array-normalize -instcombine -dce  -array-seg-normalize -instcombine -dce  -array-flatten -instcombine -dce  -array-burst -dce  -deadargelim -promote-global-argument  -function-inline -globaldce -dce  -doublePtrSimplify -doublePtrElim -dce  -doublePtrSimplify -promote-dbg-pointer  -dce -scalarrepl -dse -adse -instcombine  -ptrLegalization  -simplifycfg -dce -instcombine  -pointer-simplify -ptrArgReplace -dce -instcombine   -disaggr -scalarrepl -norm-name -dce  -mem2reg -instcombine -ptrLegalization   -simplifycfg -deadargelim  -instcombine -dce -inst-simplify -function-uniquify  -directive-preproc -function-uniquify -directive-preproc -mem2reg -dse -dce  -globaldce    /home/parallels/source_code/ECE_527_MP/mp3/parta_2/solution1_fifo_unroll/.autopilot/db/a.g.1.bc -o /home/parallels/source_code/ECE_527_MP/mp3/parta_2/solution1_fifo_unroll/.autopilot/db/a.g.2.prechk.bc -f
@I [HLS-0] Syn check 1/2 time: 0 seconds per iteration
@I [HLS-0] syn check 2/2: transform -syn-check   /home/parallels/source_code/ECE_527_MP/mp3/parta_2/solution1_fifo_unroll/.autopilot/db/a.g.2.prechk.bc -o /home/parallels/source_code/ECE_527_MP/mp3/parta_2/solution1_fifo_unroll/.autopilot/db/a.g.2.bc -f  -phase syn-check
@I [HLS-0] Syn check 2/2 time: 0 seconds per iteration
@I [HLS-0] Compiler optimizing ...
@I [HLS-0] Share syncheck's 1.bc for syn flow: copy /home/parallels/source_code/ECE_527_MP/mp3/parta_2/solution1_fifo_unroll/.autopilot/db/a.g.1.bc to /home/parallels/source_code/ECE_527_MP/mp3/parta_2/solution1_fifo_unroll/.autopilot/db/a.o.1.bc
@I [HLS-0] presyn 1: transform -hls -tmp /home/parallels/source_code/ECE_527_MP/mp3/parta_2/solution1_fifo_unroll/.autopilot/db -type-info -function-uniquify  -directive-preproc -function-uniquify -directive-preproc -mem2reg -dse -dce  -disaggr -scalarrepl -norm-name -deadargelim  -mem2reg -instcombine -dce -auto-rom-infer -dce -function-uniquify  -directive-preproc -function-uniquify -directive-preproc -mem2reg -dse -dce  -func-buffer -dce -array-normalize  -func-legal -instcombine -gvn -constprop -dce   -ptrArgReplace -mem2reg -instcombine -dce  -array-seg-normalize -deadargelim  -instcombine -dce  -pointer-simplify -dce  -port-alignment -dce  -interface-preproc  -data-pack -instcombine -dce   -basicaa -aggr-aa -aggrmodref-aa -aggr-aa -gvn -gvn  -basicaa -aggr-aa -aggrmodref-aa -aggr-aa -dse -adse -adce  -loop-simplify -indvars -instcombine  -gvn -loop-simplify -mem2reg -dce -simplifycfg  -find-region -instcombine  -auto-loop-pipeline  -inst-simplify  -interface-preproc  -indvars -auto-loop-unroll -loop-simplify -loop-bound -xunroll  -constprop -instcombine -simplifycfg -indvars  -simplifycfg -dce -globaldce  -attach-range  -gvn -disable-agg-range -inst-simplify  -constprop -simplifycfg -dce  -pointer-simplify -dce  -globalopt -constprop -dce  -array-promote -constprop -instcombine -dce  -ptrArgReplace -mem2reg  -instcombine -simplifycfg -dce  -auto-par -instcombine -dce  -array-transform-check  -array-reshape -instcombine -simplifycfg -dce  -ptrArgReplace -deadargelim -mem2reg  -instcombine -simplifycfg -dce   -array-partition -instcombine -simplifycfg -dce  -ptrArgReplace -global-constprop -deadargelim -mem2reg  -func-legal -instcombine -dce -global-constprop -deadargelim -mem2reg  -instcombine -simplifycfg -dce   -globalopt -constprop -dce  -array-promote -constprop -instcombine -dce  -ptrArgReplace -mem2reg  -instcombine -simplifycfg -dce   -mem-intrinsic-preproc -dce  -global-privatize  -mem2reg -globaldce  -promote-global-argument  -ptrArgReplace -mem2reg -instcombine -dce  -globalopt -mergereturn -simplify-global-access -mem2reg -dce  -pointer-simplify -dce  -functionattrs  -basicaa -aggr-aa -aggrmodref-aa -aggr-aa -gvn -gvn  -basicaa -aggr-aa -aggrmodref-aa -aggr-aa -dse -adse -adce  -inst-simplify -dce -norm-name  -function-inline -globaldce  -func-inst -constprop -instcombine -simplifycfg -dce  -func-legal -dce   -directive-preproc -function-uniquify -directive-preproc -mem2reg -dse -dce  -loop-bound  -arraycheck -bitwidthmin -on-by-dataflow  -loop-delete -instcombine -simplifycfg -dce -loop-simplify -simplifycfg -loop-stream -instcombine -simplifycfg -dce -globaldce  -fs-prep-check-ap-stream -fs-prep-legalize-global -fs-prep-legalize-stream-variable  -function-stream -dce -globaldce  -array-streaming -instcombine -simplifycfg -dce    -group-axi-access    -simplifycfg -dce -loop-delete  -norm-name  /home/parallels/source_code/ECE_527_MP/mp3/parta_2/solution1_fifo_unroll/.autopilot/db/a.o.1.bc -o /home/parallels/source_code/ECE_527_MP/mp3/parta_2/solution1_fifo_unroll/.autopilot/db/a.o.1.tmp.bc -f
@I [XFORM-501] Unrolling loop 'RowCaching' (parta_2/matrixmath.c:28) in function 'MAT_Multiply' partially with a factor of 20.
@I [XFORM-501] Unrolling loop 'ColCaching' (parta_2/matrixmath.c:35) in function 'MAT_Multiply' partially with a factor of 20.
@I [XFORM-501] Unrolling loop 'Product' (parta_2/matrixmath.c:39) in function 'MAT_Multiply' partially with a factor of 20.
@I [XFORM-101] Partitioning array 'A_cached_row' (parta_2/matrixmath.c:11) in dimension 1 with a cyclic factor 10.
@W [XFORM-104] Completely partitioning array 'B_cached' (parta_2/matrixmath.c:12) accessed through non-constant indices on dimension 1 (parta_2/matrixmath.c:41:10), which may result in long runtime and suboptimal QoR due to large multiplexers. Please consider wrapping the array access into a function or using a register file core instead.
@I [XFORM-101] Partitioning array 'B_cached' (parta_2/matrixmath.c:12) in dimension 1 completely.
@W [XFORM-124] Array 'C' (parta_2/matrixmath.c:5) may have improper streaming access(es), possible reasons: (1) some entries are accessed more than once; (2) some entries are not used; (3) the entries are not accessed in sequential order.
@W [XFORM-124] Array 'B' (parta_2/matrixmath.c:5) may have improper streaming access(es), possible reasons: (1) some entries are accessed more than once; (2) some entries are not used; (3) the entries are not accessed in sequential order.
@W [XFORM-124] Array 'A' (parta_2/matrixmath.c:4) may have improper streaming access(es), possible reasons: (1) some entries are accessed more than once; (2) some entries are not used; (3) the entries are not accessed in sequential order.
@I [HLS-0] Presyn 1 time: 0 seconds per iteration
@I [HLS-0] presyn 2: transform -hls -keep-callgraph -scalarrepl -mem2reg  -port-alignment -attach-range -dce  -pipe-mux-gen  -indvars -loop-bound  -inst-simplify -instcombine -dce  -merge-array-access -mem2reg -dce  -clean-region -mergereturn -if-conv  -instcombine -dce -constprop  -basicaa -aggr-aa -aggrmodref-aa -aggr-aa -gvn -gvn  -basicaa -aggr-aa -aggrmodref-aa -aggr-aa -dse -adse -adce  -scalarrepl -mem2reg  -global-constprop -deadargelim -deadargelim  -instcombine -dce -simplifycfg    -ptrArgReplace -mem2reg -function-inline  -globaldce -mem2reg -instcombine -dce -expr-balance  -instcombine -dce  -bitwidthmin  -directive-preproc  -inst-rectify -instcombine -dce  -functionattrs  -constprop -instcombine -bit-constprop  -simplify-global-access  -globalopt -globaldce  -inst-simplify -instcombine -elimdeaddata -dce  -loop-delete -simplifycfg   -norm-name /home/parallels/source_code/ECE_527_MP/mp3/parta_2/solution1_fifo_unroll/.autopilot/db/a.o.1.tmp.bc -o /home/parallels/source_code/ECE_527_MP/mp3/parta_2/solution1_fifo_unroll/.autopilot/db/a.o.2.bc -f  -phase presyn
@I [XFORM-401] Performing if-conversion on hyperblock to (parta_2/matrixmath.c:41:10) in function 'MAT_Multiply'... converting 7 basic blocks.
@I [XFORM-401] Performing if-conversion on hyperblock to (parta_2/matrixmath.c:41:10) in function 'MAT_Multiply'... converting 7 basic blocks.
@I [XFORM-401] Performing if-conversion on hyperblock to (parta_2/matrixmath.c:41:10) in function 'MAT_Multiply'... converting 7 basic blocks.
@I [XFORM-401] Performing if-conversion on hyperblock to (parta_2/matrixmath.c:41:10) in function 'MAT_Multiply'... converting 7 basic blocks.
@I [XFORM-401] Performing if-conversion on hyperblock to (parta_2/matrixmath.c:41:10) in function 'MAT_Multiply'... converting 7 basic blocks.
@I [XFORM-401] Performing if-conversion on hyperblock to (parta_2/matrixmath.c:41:10) in function 'MAT_Multiply'... converting 7 basic blocks.
@I [XFORM-401] Performing if-conversion on hyperblock to (parta_2/matrixmath.c:41:10) in function 'MAT_Multiply'... converting 7 basic blocks.
@I [XFORM-401] Performing if-conversion on hyperblock to (parta_2/matrixmath.c:41:10) in function 'MAT_Multiply'... converting 7 basic blocks.
@I [XFORM-401] Performing if-conversion on hyperblock to (parta_2/matrixmath.c:41:10) in function 'MAT_Multiply'... converting 7 basic blocks.
@I [XFORM-401] Performing if-conversion on hyperblock to (parta_2/matrixmath.c:41:10) in function 'MAT_Multiply'... converting 7 basic blocks.
@I [XFORM-401] Performing if-conversion on hyperblock to (parta_2/matrixmath.c:41:10) in function 'MAT_Multiply'... converting 7 basic blocks.
@I [XFORM-401] Performing if-conversion on hyperblock to (parta_2/matrixmath.c:41:10) in function 'MAT_Multiply'... converting 7 basic blocks.
@I [XFORM-401] Performing if-conversion on hyperblock to (parta_2/matrixmath.c:41:10) in function 'MAT_Multiply'... converting 7 basic blocks.
@I [XFORM-401] Performing if-conversion on hyperblock to (parta_2/matrixmath.c:41:10) in function 'MAT_Multiply'... converting 7 basic blocks.
@I [XFORM-401] Performing if-conversion on hyperblock to (parta_2/matrixmath.c:41:10) in function 'MAT_Multiply'... converting 7 basic blocks.
@I [XFORM-401] Performing if-conversion on hyperblock to (parta_2/matrixmath.c:41:10) in function 'MAT_Multiply'... converting 7 basic blocks.
@I [XFORM-401] Performing if-conversion on hyperblock to (parta_2/matrixmath.c:41:10) in function 'MAT_Multiply'... converting 7 basic blocks.
@I [XFORM-401] Performing if-conversion on hyperblock to (parta_2/matrixmath.c:41:10) in function 'MAT_Multiply'... converting 7 basic blocks.
@I [XFORM-401] Performing if-conversion on hyperblock to (parta_2/matrixmath.c:41:10) in function 'MAT_Multiply'... converting 7 basic blocks.
@I [XFORM-401] Performing if-conversion on hyperblock to (parta_2/matrixmath.c:41:10) in function 'MAT_Multiply'... converting 7 basic blocks.
@I [HLS-0] Presyn 2 time: 0 seconds per iteration
@I [HLS-100] Command "is_encrypted /home/parallels/source_code/ECE_527_MP/mp3/parta_2/solution1_fifo_unroll/.autopilot/db/a.o.2.bc "
@I [HLS-100] Command 'is_encrypted' returned 0; elapsed 0.000467Total elapsed time: 3.63 sec.
@I [HLS-0] build ssdm: transform -hls -function-uniquify -auto-function-inline -globaldce  -ptrArgReplace -mem2reg -instcombine -dce  -loop-simplify -indvars -licm -loop-dep  -loop-bound -licm -loop-simplify -flattenloopnest  -array-flatten -gvn -instcombine -dce  -array-map -dce -func-legal  -gvn -adce -instcombine -cfgopt -simplifycfg -loop-simplify   -array-burst -promote-global-argument -dce  -axi4-lower -array-seg-normalize  -basicaa -aggrmodref-aa -globalsmodref-aa -aggr-aa -gvn -gvn  -basicaa -aggrmodref-aa -globalsmodref-aa -aggr-aa -dse -adse -adce -licm  -inst-simplify -dce  -globaldce -array-streaming -instcombine  -dce   -deadargelim -doublePtrSimplify  -doublePtrElim -dce -doublePtrSimplify -promote-dbg-pointer  -dce -scalarrepl -mem2reg -disaggr -norm-name -mem2reg  -instcombine  -dse -adse -adce -ptrLegalization -dce -auto-rom-infer -array-flatten -dce -instcombine  -loop-rot -constprop -cfgopt -simplifycfg -loop-simplify -indvars -pointer-simplify -dce -loop-bound  -loop-simplify -loop-preproc  -constprop -global-constprop -gvn -mem2reg -instcombine -dce  -loop-merge -dce  -bitwidthmin  -scalar-propagation  -interface-preproc -interface-gen  -deadargelim -directive-preproc -inst-simplify -dce  -gvn -mem2reg -instcombine -dce -adse  -loop-bound  -instcombine -cfgopt -simplifycfg -loop-simplify  -clean-region -io-protocol  -find-region -mem2reg  -loop-simplify -phi-opt -bitop-raise  -inst-simplify -inst-rectify -instcombine -adce -deadargelim  -cfgopt -simplifycfg -strip-dead-prototypes  -interface-lower -bitop-lower -intrinsic-lower  -basicaa -aggrmodref-aa -globalsmodref-aa -aggr-aa  -inst-simplify -simplifycfg   -mergereturn -inst-simplify -inst-rectify  -dce -bitop-lower  -loop-rewind -pointer-simplify -dce -cfgopt  -norm-name -legalize -read-loop-dep -dce -bitwidth   -cdfg-build  /home/parallels/source_code/ECE_527_MP/mp3/parta_2/solution1_fifo_unroll/.autopilot/db/a.o.2.bc -o /home/parallels/source_code/ECE_527_MP/mp3/parta_2/solution1_fifo_unroll/.autopilot/db/a.o.3.bc -f  -phase build-ssdm
@I [HLS-0] Build ssdm time: 0 seconds per iteration
@I [HLS-100] Command "is_encrypted /home/parallels/source_code/ECE_527_MP/mp3/parta_2/solution1_fifo_unroll/.autopilot/db/a.o.3.bc "
@I [HLS-100] Command 'is_encrypted' returned 0; elapsed 0.000306Total elapsed time: 3.768 sec.
@I [HLS-0] Finish building internal data model.
@I [HLS-100] Command 'opt_and_import_c' returned 0; elapsed 1.89915Total elapsed time: 3.791 sec.
@I [HLS-111] Elapsed time: 2.48874 seconds; current memory usage: 65.6 MB.
@I [HLS-100] Command 'elaborate' returned 0; elapsed 1.94028Total elapsed time: 3.791 sec.
@I [HLS-100] Command "autosyn "
@I [HLS-10] Starting hardware synthesis ...
@0 [HLS-0] Starting hardware synthesis ...
@I [HLS-0] Synthesizing C/C++ design ...
@I [HLS-10] Synthesizing 'MAT_Multiply' ...
@0 [HLS-0] Synthesizing 'MAT_Multiply' ...
@I [HLS-100] Command "ap_set_top_model MAT_Multiply "
@I [HLS-100] Command 'ap_set_top_model' returned 0; elapsed 0.000114Total elapsed time: 3.792 sec.
@I [HLS-100] Command "get_model_list MAT_Multiply -filter all-wo-channel -topdown "
@I [HLS-100] Command 'get_model_list' returned 0; elapsed 3.9e-05Total elapsed time: 3.792 sec.
@I [HLS-100] Command "preproc_iomode -model MAT_Multiply "
@I [HLS-100] Command 'preproc_iomode' returned 0; elapsed 0.000223Total elapsed time: 3.792 sec.
@I [HLS-100] Command "get_model_list MAT_Multiply -filter all-wo-channel "
@I [HLS-100] Command 'get_model_list' returned 0; elapsed 4.4e-05Total elapsed time: 3.793 sec.
@I [HLS-0] Model list for configure: MAT_Multiply
@I [HLS-0] Configuring Module : MAT_Multiply ...
@I [HLS-100] Command "set_default_model MAT_Multiply "
@I [HLS-100] Command 'set_default_model' returned 0; elapsed 4.4e-05Total elapsed time: 3.793 sec.
@I [HLS-100] Command "apply_spec_resource_limit MAT_Multiply "
@I [HLS-100] Command 'apply_spec_resource_limit' returned 0; elapsed 0.000146Total elapsed time: 3.793 sec.
@I [HLS-0] Model list for preprocess: MAT_Multiply
@I [HLS-0] Preprocessing Module: MAT_Multiply ...
@I [HLS-100] Command "set_default_model MAT_Multiply "
@I [HLS-100] Command 'set_default_model' returned 0; elapsed 2.6e-05Total elapsed time: 3.793 sec.
@I [HLS-100] Command "cdfg_preprocess -model MAT_Multiply "
@I [HLS-100] Command 'cdfg_preprocess' returned 0; elapsed 0.058419Total elapsed time: 3.852 sec.
@I [HLS-100] Command "rtl_gen_preprocess MAT_Multiply "
@I [HLS-100] Command 'rtl_gen_preprocess' returned 0; elapsed 0.000441Total elapsed time: 3.852 sec.
@I [HLS-0] Model list for synthesis: MAT_Multiply
@I [HLS-10] ----------------------------------------------------------------
@0 [HLS-0] ----------------------------------------------------------------
@I [HLS-10] -- Scheduling module 'MAT_Multiply' 
@0 [HLS-0] -- Scheduling module 'MAT_Multiply' 
@I [HLS-10] ----------------------------------------------------------------
@0 [HLS-0] ----------------------------------------------------------------
@I [HLS-100] Command "set_default_model MAT_Multiply "
@I [HLS-100] Command 'set_default_model' returned 0; elapsed 3.3e-05Total elapsed time: 3.853 sec.
@I [HLS-100] Command "schedule -model MAT_Multiply "
@I [SCHED-11] Starting scheduling ...
@I [SCHED-11] Finished scheduling.
@I [HLS-100] Command 'schedule' returned 0; elapsed 1.79749Total elapsed time: 5.651 sec.
@I [HLS-111] Elapsed time: 1.85984 seconds; current memory usage: 71 MB.
@I [HLS-100] Command "report -o /home/parallels/source_code/ECE_527_MP/mp3/parta_2/solution1_fifo_unroll/.autopilot/db/MAT_Multiply.verbose.sched.rpt -verbose -f "
@I [HLS-100] Command 'report' returned 0; elapsed 0.072651Total elapsed time: 5.725 sec.
@I [HLS-100] Command "db_write -o /home/parallels/source_code/ECE_527_MP/mp3/parta_2/solution1_fifo_unroll/.autopilot/db/MAT_Multiply.sched.adb -f "
@I [HLS-100] Command 'db_write' returned 0; elapsed 0.104415Total elapsed time: 5.830 sec.
@I [HLS-0] Finish scheduling MAT_Multiply.
@I [HLS-10] ----------------------------------------------------------------
@0 [HLS-0] ----------------------------------------------------------------
@I [HLS-10] -- Exploring micro-architecture for module 'MAT_Multiply' 
@0 [HLS-0] -- Exploring micro-architecture for module 'MAT_Multiply' 
@I [HLS-10] ----------------------------------------------------------------
@0 [HLS-0] ----------------------------------------------------------------
@I [HLS-100] Command "set_default_model MAT_Multiply "
@I [HLS-100] Command 'set_default_model' returned 0; elapsed 5.6e-05Total elapsed time: 5.830 sec.
@I [HLS-100] Command "bind -model MAT_Multiply "
@I [BIND-110] clear=
@I [BIND-110] debug=
@I [BIND-110] drf=
@I [BIND-110] effort=
@I [BIND-110] fast_refine=
@I [BIND-110] fu_weight=[ 0.0 -- 1.0 ]
@I [BIND-110] global_opt=
@I [BIND-110] gsearch=
@I [BIND-110] help=
@I [BIND-110] help-hidden=
@I [BIND-110] min_mem_port=
@I [BIND-110] min_op=
@I [BIND-110] minreg=
@I [BIND-110] ml=
@I [BIND-110] model=MAT_Multiply
@I [BIND-110] no_false_path=
@I [BIND-110] no_min_op=
@I [BIND-110] normalize=
@I [BIND-110] quiet=
@I [BIND-110] refine=
@I [BIND-110] reg_weight=[ 0.0 -- 1.0 ]
@I [BIND-110] search=
@I [BIND-110] tight_delay=
@I [BIND-110] verbose=
@I [BIND-110] wFF=
@I [BIND-110] wFU=
@I [BIND-110] wMUX=
@I [BIND-110] wNET=
@I [BIND-100] Starting micro-architecture generation ...
@I [BIND-101] Performing variable lifetime analysis.
@I [BIND-101] Exploring resource sharing.
@I [BIND-101] Binding ...
@I [BIND-100] Finished micro-architecture generation.
@I [HLS-100] Command 'bind' returned 0; elapsed 0.287088Total elapsed time: 6.118 sec.
@I [HLS-111] Elapsed time: 0.465089 seconds; current memory usage: 75.5 MB.
@I [HLS-100] Command "report -o /home/parallels/source_code/ECE_527_MP/mp3/parta_2/solution1_fifo_unroll/.autopilot/db/MAT_Multiply.verbose.bind.rpt -verbose -f "
@I [HLS-100] Command 'report' returned 0; elapsed 0.345201Total elapsed time: 6.463 sec.
@I [HLS-100] Command "db_write -o /home/parallels/source_code/ECE_527_MP/mp3/parta_2/solution1_fifo_unroll/.autopilot/db/MAT_Multiply.bind.adb -f "
@I [HLS-100] Command 'db_write' returned 0; elapsed 0.122542Total elapsed time: 6.586 sec.
@I [HLS-0] Finish binding MAT_Multiply.
@I [HLS-100] Command "get_model_list MAT_Multiply -filter all-wo-channel "
@I [HLS-100] Command 'get_model_list' returned 0; elapsed 0.000122Total elapsed time: 6.586 sec.
@I [HLS-0] Preprocessing for RTLGen ...
@I [HLS-100] Command "rtl_gen_preprocess MAT_Multiply "
@I [HLS-100] Command 'rtl_gen_preprocess' returned 0; elapsed 0.00053Total elapsed time: 6.587 sec.
@I [HLS-0] Model list for RTL generation: MAT_Multiply
@I [HLS-10] ----------------------------------------------------------------
@0 [HLS-0] ----------------------------------------------------------------
@I [HLS-10] -- Generating RTL for module 'MAT_Multiply' 
@0 [HLS-0] -- Generating RTL for module 'MAT_Multiply' 
@I [HLS-10] ----------------------------------------------------------------
@0 [HLS-0] ----------------------------------------------------------------
@I [HLS-100] Command "create_rtl_model MAT_Multiply -vendor xilinx -mg_file /home/parallels/source_code/ECE_527_MP/mp3/parta_2/solution1_fifo_unroll/.autopilot/db/MAT_Multiply.compgen.tcl "
@I [RTGEN-500] Setting interface mode on port 'MAT_Multiply/A' to 'ap_fifo'.
@I [RTGEN-500] Setting interface mode on port 'MAT_Multiply/B' to 'ap_fifo'.
@I [RTGEN-500] Setting interface mode on port 'MAT_Multiply/C' to 'ap_fifo'.
@I [RTGEN-500] Setting interface mode on port 'MAT_Multiply/mA' to 'ap_none'.
@I [RTGEN-500] Setting interface mode on port 'MAT_Multiply/nA' to 'ap_none'.
@I [RTGEN-500] Setting interface mode on port 'MAT_Multiply/mB' to 'ap_none'.
@I [RTGEN-500] Setting interface mode on port 'MAT_Multiply/nB' to 'ap_none'.
@I [RTGEN-500] Setting interface mode on port 'MAT_Multiply/mC' to 'ap_none'.
@I [RTGEN-500] Setting interface mode on port 'MAT_Multiply/nC' to 'ap_none'.
@I [RTGEN-500] Setting interface mode on function 'MAT_Multiply' to 'ap_ctrl_hs'.
@I [RTGEN-100] Generating core module 'MAT_Multiply_mul_32s_32s_32_6': 20 instance(s).
@I [RTGEN-100] Finished creating RTL model for 'MAT_Multiply'.
@I [HLS-100] Command 'create_rtl_model' returned 0; elapsed 0.329778Total elapsed time: 6.917 sec.
@I [HLS-111] Elapsed time: 0.799463 seconds; current memory usage: 83.6 MB.
@I [HLS-100] Command "source /home/parallels/source_code/ECE_527_MP/mp3/parta_2/solution1_fifo_unroll/.autopilot/db/MAT_Multiply.rtl_wrap.cfg.tcl "
@I [HLS-100] Command 'ap_source' returned 0; elapsed 0.000265Total elapsed time: 6.918 sec.
@I [HLS-100] Command "gen_rtl MAT_Multiply -istop -style xilinx -tracefl mytrace -tracefmt vcd -traceopt all -f -lang sc -o /home/parallels/source_code/ECE_527_MP/mp3/parta_2/solution1_fifo_unroll/syn/systemc/MAT_Multiply -synmodules MAT_Multiply "
@I [HLS-100] Command 'gen_rtl' returned 0; elapsed 0.022988Total elapsed time: 6.942 sec.
@I [HLS-100] Command "gen_rtl MAT_Multiply -istop -style xilinx -f -lang vhdl -o /home/parallels/source_code/ECE_527_MP/mp3/parta_2/solution1_fifo_unroll/syn/vhdl/MAT_Multiply "
@I [HLS-100] Command 'gen_rtl' returned 0; elapsed 0.13144Total elapsed time: 7.73 sec.
@I [HLS-100] Command "gen_rtl MAT_Multiply -istop -style xilinx -f -lang vlog -o /home/parallels/source_code/ECE_527_MP/mp3/parta_2/solution1_fifo_unroll/syn/verilog/MAT_Multiply "
@I [HLS-100] Command 'gen_rtl' returned 0; elapsed 0.137705Total elapsed time: 7.211 sec.
@I [HLS-100] Command "export_constraint_db -o /home/parallels/source_code/ECE_527_MP/mp3/parta_2/solution1_fifo_unroll/.autopilot/db/MAT_Multiply.constraint.tcl -f -tool general "
@I [HLS-100] Command 'export_constraint_db' returned 0; elapsed 0.000107Total elapsed time: 7.212 sec.
@I [HLS-100] Command "report -model MAT_Multiply -o /home/parallels/source_code/ECE_527_MP/mp3/parta_2/solution1_fifo_unroll/.autopilot/db/MAT_Multiply.design.xml -verbose -f -dv "
@I [HLS-100] Command 'report' returned 0; elapsed 0.221029Total elapsed time: 7.433 sec.
@I [HLS-100] Command "gen_tb_info MAT_Multiply -o /home/parallels/source_code/ECE_527_MP/mp3/parta_2/solution1_fifo_unroll/.autopilot/db/MAT_Multiply -p /home/parallels/source_code/ECE_527_MP/mp3/parta_2/solution1_fifo_unroll/.autopilot/db "
@I [HLS-100] Command 'gen_tb_info' returned 0; elapsed 0.00046Total elapsed time: 7.433 sec.
@I [HLS-100] Command "report -model MAT_Multiply -o /home/parallels/source_code/ECE_527_MP/mp3/parta_2/solution1_fifo_unroll/syn/report/MAT_Multiply_csynth.rpt -f "
@I [HLS-100] Command 'report' returned 0; elapsed 0.131556Total elapsed time: 7.565 sec.
@I [HLS-100] Command "report -model MAT_Multiply -o /home/parallels/source_code/ECE_527_MP/mp3/parta_2/solution1_fifo_unroll/syn/report/MAT_Multiply_csynth.xml -f -x "
@I [HLS-100] Command 'report' returned 0; elapsed 0.119971Total elapsed time: 7.685 sec.
@I [HLS-100] Command "report -model MAT_Multiply -o /home/parallels/source_code/ECE_527_MP/mp3/parta_2/solution1_fifo_unroll/.autopilot/db/MAT_Multiply.verbose.rpt -verbose -f "
@I [HLS-100] Command 'report' returned 0; elapsed 0.454213Total elapsed time: 8.139 sec.
@I [HLS-100] Command "db_write -model MAT_Multiply -o /home/parallels/source_code/ECE_527_MP/mp3/parta_2/solution1_fifo_unroll/.autopilot/db/MAT_Multiply.adb -f "
@I [HLS-100] Command 'db_write' returned 0; elapsed 0.249683Total elapsed time: 8.395 sec.
@I [HLS-100] Command "sc_get_clocks MAT_Multiply "
@I [HLS-100] Command 'sc_get_clocks' returned 0; elapsed 1.2e-05Total elapsed time: 8.586 sec.
@I [HLS-100] Command "sc_get_portdomain MAT_Multiply "
@I [HLS-100] Command 'sc_get_portdomain' returned 0; elapsed 6e-06Total elapsed time: 8.586 sec.
@I [HLS-0] Model list for RTL component generation: MAT_Multiply
@I [HLS-0] Handling components in module [MAT_Multiply] ... 
@I [HLS-100] Command "source /home/parallels/source_code/ECE_527_MP/mp3/parta_2/solution1_fifo_unroll/.autopilot/db/MAT_Multiply.compgen.tcl "
@I [HLS-0] Found component MAT_Multiply_mul_32s_32s_32_6.
@I [HLS-0] Append model MAT_Multiply_mul_32s_32s_32_6
@I [HLS-0] Found component MAT_Multiply_A_cached_row_0.
@I [HLS-0] Append model MAT_Multiply_A_cached_row_0
@I [HLS-0] Found component MAT_Multiply_B_cached_0.
@I [HLS-0] Append model MAT_Multiply_B_cached_0
@I [HLS-100] Command 'ap_source' returned 0; elapsed 0.000396Total elapsed time: 8.588 sec.
@I [HLS-0] Append model MAT_Multiply
@I [HLS-0] Generating RTL model list ...
@I [HLS-0] All models in this session: MAT_Multiply_mul_32s_32s_32_6 MAT_Multiply_A_cached_row_0 MAT_Multiply_B_cached_0 MAT_Multiply
@I [HLS-0] To file: write model MAT_Multiply_mul_32s_32s_32_6
@I [HLS-0] To file: write model MAT_Multiply_A_cached_row_0
@I [HLS-0] To file: write model MAT_Multiply_B_cached_0
@I [HLS-0] To file: write model MAT_Multiply
@I [HLS-0] Finished generating RTL model list.


@I [HLS-0] RTL Generation done.
@I [HLS-0] CAS Generation done.
@I [HLS-0] CBC Generation done.
@I [HLS-100] Command "export_ssdm /home/parallels/source_code/ECE_527_MP/mp3/parta_2/solution1_fifo_unroll/.autopilot/db/a.export.ll "
@I [HLS-100] Command 'export_ssdm' returned 0; elapsed 0.000914Total elapsed time: 8.589 sec.
@I [HLS-100] Command "source /home/parallels/source_code/ECE_527_MP/mp3/parta_2/solution1_fifo_unroll/.autopilot/db/global.setting.tcl "
@I [HLS-100] Command 'ap_source' returned 0; elapsed 0.000104Total elapsed time: 8.591 sec.
@I [HLS-100] Command "source /opt/Xilinx/Vivado_HLS/2015.1/common/technology/generic/autopilot/common.gen "
@I [HLS-100] Command "source /opt/Xilinx/Vivado_HLS/2015.1/common/technology/generic/autopilot/APCoreGen.gen "
@I [HLS-100] Command 'ap_source' returned 0; elapsed 0.000302Total elapsed time: 8.592 sec.
@I [HLS-100] Command 'ap_source' returned 0; elapsed 0.000618Total elapsed time: 8.592 sec.
@I [HLS-100] Command "source /opt/Xilinx/Vivado_HLS/2015.1/common/technology/generic/autopilot/op.gen "
@I [HLS-100] Command 'ap_source' returned 0; elapsed 0.000172Total elapsed time: 8.592 sec.
@I [HLS-100] Command "source /opt/Xilinx/Vivado_HLS/2015.1/common/technology/generic/autopilot/op_simcore.gen "
@I [HLS-100] Command 'ap_source' returned 0; elapsed 0.000467Total elapsed time: 8.593 sec.
@I [HLS-100] Command "source /opt/Xilinx/Vivado_HLS/2015.1/common/technology/generic/autopilot/interface.gen "
@I [HLS-100] Command 'ap_source' returned 0; elapsed 5.6e-05Total elapsed time: 8.593 sec.
@I [HLS-100] Command "source /home/parallels/source_code/ECE_527_MP/mp3/parta_2/solution1_fifo_unroll/.autopilot/db/global.setting.tcl "
@I [HLS-100] Command 'ap_source' returned 0; elapsed 9.4e-05Total elapsed time: 8.593 sec.
@I [HLS-100] Command "source /opt/Xilinx/Vivado_HLS/2015.1/common/technology/xilinx/zynq/zynq.gen "
@I [HLS-100] Command "source /opt/Xilinx/Vivado_HLS/2015.1/common/technology/xilinx/common/virtex.gen "
@I [HLS-100] Command "source /opt/Xilinx/Vivado_HLS/2015.1/common/technology/xilinx/common/xilinx.gen "
@I [HLS-100] Command "source /opt/Xilinx/Vivado_HLS/2015.1/common/technology/xilinx/interface/plb46.gen "
@I [HLS-100] Command 'ap_source' returned 0; elapsed 0.000784Total elapsed time: 8.594 sec.
@I [HLS-100] Command "source /opt/Xilinx/Vivado_HLS/2015.1/common/technology/xilinx/interface/fsl.gen "
@I [HLS-100] Command 'ap_source' returned 0; elapsed 0.000314Total elapsed time: 8.594 sec.
@I [HLS-100] Command "source /opt/Xilinx/Vivado_HLS/2015.1/common/technology/xilinx/interface/axi4.gen "
@I [HLS-100] Command 'ap_source' returned 0; elapsed 0.001319Total elapsed time: 8.596 sec.
@I [HLS-100] Command "source /opt/Xilinx/Vivado_HLS/2015.1/common/technology/xilinx/interface/nativeAXI4.gen "
@I [HLS-100] Command "source /opt/Xilinx/Vivado_HLS/2015.1/common/technology/xilinx/interface/saxilite.gen "
@I [HLS-100] Command 'ap_source' returned 0; elapsed 0.001734Total elapsed time: 8.598 sec.
@I [HLS-100] Command "source /opt/Xilinx/Vivado_HLS/2015.1/common/technology/xilinx/interface/maxi.gen "
@I [HLS-100] Command 'ap_source' returned 0; elapsed 0.003724Total elapsed time: 8.601 sec.
@I [HLS-100] Command 'ap_source' returned 0; elapsed 0.005568Total elapsed time: 8.601 sec.
@I [HLS-100] Command "source /opt/Xilinx/Vivado_HLS/2015.1/common/technology/xilinx/scripts/xilinxcoregen.gen "
@I [HLS-100] Command 'ap_source' returned 0; elapsed 0.005694Total elapsed time: 8.607 sec.
@I [HLS-100] Command "source /opt/Xilinx/Vivado_HLS/2015.1/common/technology/xilinx/interface/XilEDKCoreGen.gen "
@I [HLS-100] Command 'ap_source' returned 0; elapsed 0.00495Total elapsed time: 8.612 sec.
@I [HLS-100] Command "source /opt/Xilinx/Vivado_HLS/2015.1/common/technology/xilinx/ip/xfft.gen "
@I [HLS-100] Command 'ap_source' returned 0; elapsed 0.067894Total elapsed time: 8.680 sec.
@I [HLS-100] Command "source /opt/Xilinx/Vivado_HLS/2015.1/common/technology/xilinx/ip/xfir.gen "
@I [HLS-100] Command 'ap_source' returned 0; elapsed 0.021547Total elapsed time: 8.702 sec.
@I [HLS-100] Command "source /opt/Xilinx/Vivado_HLS/2015.1/common/technology/xilinx/ip/dds_compiler.gen "
@I [HLS-100] Command 'ap_source' returned 0; elapsed 0.002583Total elapsed time: 8.705 sec.
@I [HLS-100] Command "source /opt/Xilinx/Vivado_HLS/2015.1/common/technology/xilinx/ip/util.gen "
@I [HLS-100] Command 'ap_source' returned 0; elapsed 0.000133Total elapsed time: 8.705 sec.
@I [HLS-100] Command 'ap_source' returned 0; elapsed 0.111309Total elapsed time: 8.705 sec.
@I [HLS-100] Command "source /opt/Xilinx/Vivado_HLS/2015.1/common/technology/xilinx/common/dsp48.gen "
@I [HLS-100] Command 'ap_source' returned 0; elapsed 0.000102Total elapsed time: 8.706 sec.
@I [HLS-100] Command 'ap_source' returned 0; elapsed 0.112838Total elapsed time: 8.706 sec.
@I [HLS-100] Command 'ap_source' returned 0; elapsed 0.112923Total elapsed time: 8.706 sec.
@I [HLS-100] Command "source /opt/Xilinx/Vivado_HLS/2015.1/common/technology/xilinx/zynq/zynq_fpv6.gen "
@I [HLS-100] Command "source /opt/Xilinx/Vivado_HLS/2015.1/common/technology/xilinx/common/xilinx_fpv6.gen "
@I [HLS-100] Command 'ap_source' returned 0; elapsed 0.001034Total elapsed time: 8.707 sec.
@I [HLS-100] Command 'ap_source' returned 0; elapsed 0.001129Total elapsed time: 8.707 sec.
@I [HLS-100] Command "source /home/parallels/source_code/ECE_527_MP/mp3/parta_2/solution1_fifo_unroll/.autopilot/db/global.setting.tcl "
@I [HLS-100] Command 'ap_source' returned 0; elapsed 0.000114Total elapsed time: 8.708 sec.
@I [HLS-100] Command "source /home/parallels/source_code/ECE_527_MP/mp3/parta_2/solution1_fifo_unroll/.autopilot/db/global.setting.tcl "
@I [HLS-100] Command 'ap_source' returned 0; elapsed 9.8e-05Total elapsed time: 8.708 sec.
@I [HLS-100] Command "source /home/parallels/source_code/ECE_527_MP/mp3/parta_2/solution1_fifo_unroll/.autopilot/db/global.setting.tcl "
@I [HLS-100] Command 'ap_source' returned 0; elapsed 9.5e-05Total elapsed time: 8.708 sec.
@I [HLS-100] Command "source /home/parallels/source_code/ECE_527_MP/mp3/parta_2/solution1_fifo_unroll/.autopilot/db/MAT_Multiply.compgen.tcl "
@I [RTMG-282] Generating pipelined core: 'MAT_Multiply_mul_32s_32s_32_6_MulnS_0'
@I [RTMG-278] Implementing memory 'MAT_Multiply_A_cached_row_0_ram' using distributed RAMs.
@I [RTMG-278] Implementing memory 'MAT_Multiply_B_cached_0_ram' using block RAMs.
@I [HLS-100] Command 'ap_source' returned 0; elapsed 0.024439Total elapsed time: 8.733 sec.
@I [HLS-10] Finished generating all RTL models.
@0 [HLS-0] Finished generating all RTL models.
@I [WSYSC-301] Generating RTL SystemC for 'MAT_Multiply'.
@I [WVHDL-304] Generating RTL VHDL for 'MAT_Multiply'.
@I [WVLOG-307] Generating RTL Verilog for 'MAT_Multiply'.
@I [HLS-100] Command 'autosyn' returned 0; elapsed 4.92162Total elapsed time: 8.737 sec.
@I [HLS-100] Command 'csynth_design' returned 0; elapsed 6.86203Total elapsed time: 8.737 sec.
@I [HLS-100] Command 'ap_source' returned 0; elapsed 7.26464Total elapsed time: 8.737 sec.
@I [HLS-100] Command "cleanup_all "
@I [HLS-100] Command 'cleanup_all' returned 0; elapsed 0.025872Total elapsed time: 8.763 sec.
