1969-12-31 18:09:51 startup archives unpack
1969-12-31 18:09:54 upgrade librhythmbox-core5 2.96-0ubuntu4 2.96-0ubuntu4.3
1969-12-31 18:09:54 status half-configured librhythmbox-core5 2.96-0ubuntu4
1969-12-31 18:09:54 status unpacked librhythmbox-core5 2.96-0ubuntu4
1969-12-31 18:09:54 status half-installed librhythmbox-core5 2.96-0ubuntu4
1969-12-31 18:09:54 status half-installed librhythmbox-core5 2.96-0ubuntu4
1969-12-31 18:09:54 status unpacked librhythmbox-core5 2.96-0ubuntu4.3
1969-12-31 18:09:54 status unpacked librhythmbox-core5 2.96-0ubuntu4.3
1969-12-31 18:09:57 startup packages configure
1969-12-31 18:09:57 configure librhythmbox-core5 2.96-0ubuntu4.3 <none>
1969-12-31 18:09:57 status unpacked librhythmbox-core5 2.96-0ubuntu4.3
1969-12-31 18:09:57 status half-configured librhythmbox-core5 2.96-0ubuntu4.3
1969-12-31 18:09:57 status installed librhythmbox-core5 2.96-0ubuntu4.3
1969-12-31 18:09:57 status triggers-pending libc-bin 2.15-0ubuntu10.12
1969-12-31 18:09:57 configure rhythmbox 2.96-0ubuntu4.3 <none>
1969-12-31 18:09:57 status unpacked rhythmbox 2.96-0ubuntu4.3
1969-12-31 18:09:57 status half-configured rhythmbox 2.96-0ubuntu4.3
1969-12-31 18:09:59 status installed rhythmbox 2.96-0ubuntu4.3
1969-12-31 18:09:59 configure rhythmbox-plugin-magnatune 2.96-0ubuntu4.3 <none>
1969-12-31 18:09:59 status unpacked rhythmbox-plugin-magnatune 2.96-0ubuntu4.3
1969-12-31 18:09:59 status half-configured rhythmbox-plugin-magnatune 2.96-0ubuntu4.3
1969-12-31 18:09:59 status installed rhythmbox-plugin-magnatune 2.96-0ubuntu4.3
1969-12-31 18:09:59 configure rhythmbox-plugin-zeitgeist 2.96-0ubuntu4.3 <none>
1969-12-31 18:09:59 status unpacked rhythmbox-plugin-zeitgeist 2.96-0ubuntu4.3
1969-12-31 18:09:59 status half-configured rhythmbox-plugin-zeitgeist 2.96-0ubuntu4.3
1969-12-31 18:10:00 status installed rhythmbox-plugin-zeitgeist 2.96-0ubuntu4.3
1969-12-31 18:10:00 configure rhythmbox-plugin-cdrecorder 2.96-0ubuntu4.3 <none>
1969-12-31 18:10:00 status unpacked rhythmbox-plugin-cdrecorder 2.96-0ubuntu4.3
1969-12-31 18:10:00 status half-configured rhythmbox-plugin-cdrecorder 2.96-0ubuntu4.3
1969-12-31 18:10:00 status installed rhythmbox-plugin-cdrecorder 2.96-0ubuntu4.3
1969-12-31 18:10:00 configure rhythmbox-mozilla 2.96-0ubuntu4.3 <none>
1969-12-31 18:10:00 status unpacked rhythmbox-mozilla 2.96-0ubuntu4.3
1969-12-31 18:10:00 status half-configured rhythmbox-mozilla 2.96-0ubuntu4.3
1969-12-31 18:10:01 status installed rhythmbox-mozilla 2.96-0ubuntu4.3
1969-12-31 18:10:01 configure rhythmbox-plugins 2.96-0ubuntu4.3 <none>
1969-12-31 18:10:01 status unpacked rhythmbox-plugins 2.96-0ubuntu4.3
1969-12-31 18:10:01 status half-configured rhythmbox-plugins 2.96-0ubuntu4.3
1969-12-31 18:10:02 status installed rhythmbox-plugins 2.96-0ubuntu4.3
1969-12-31 18:10:02 trigproc libc-bin 2.15-0ubuntu10.12 <none>
1969-12-31 18:10:02 status half-configured libc-bin 2.15-0ubuntu10.12
1969-12-31 18:10:02 status installed libc-bin 2.15-0ubuntu10.12
1969-12-31 18:16:40 startup archives unpack
1969-12-31 18:16:41 upgrade libjpeg-turbo8 1.1.90+svn733-0ubuntu4 1.1.90+svn733-0ubuntu4.4
1969-12-31 18:16:41 status half-configured libjpeg-turbo8 1.1.90+svn733-0ubuntu4
1969-12-31 18:16:41 status unpacked libjpeg-turbo8 1.1.90+svn733-0ubuntu4
1969-12-31 18:16:41 status half-installed libjpeg-turbo8 1.1.90+svn733-0ubuntu4
1969-12-31 18:16:41 status half-installed libjpeg-turbo8 1.1.90+svn733-0ubuntu4
1969-12-31 18:16:41 status unpacked libjpeg-turbo8 1.1.90+svn733-0ubuntu4.4
1969-12-31 18:16:41 status unpacked libjpeg-turbo8 1.1.90+svn733-0ubuntu4.4
1969-12-31 18:16:42 install libjpeg-turbo8-dev <none> 1.1.90+svn733-0ubuntu4.4
1969-12-31 18:16:42 status half-installed libjpeg-turbo8-dev 1.1.90+svn733-0ubuntu4.4
1969-12-31 18:16:42 status unpacked libjpeg-turbo8-dev 1.1.90+svn733-0ubuntu4.4
1969-12-31 18:16:42 status unpacked libjpeg-turbo8-dev 1.1.90+svn733-0ubuntu4.4
1969-12-31 18:16:43 install libjpeg8-dev <none> 8c-2ubuntu7
1969-12-31 18:16:43 status half-installed libjpeg8-dev 8c-2ubuntu7
1969-12-31 18:16:43 status unpacked libjpeg8-dev 8c-2ubuntu7
1969-12-31 18:16:43 status unpacked libjpeg8-dev 8c-2ubuntu7
1969-12-31 18:16:45 startup packages configure
1969-12-31 18:16:45 configure libjpeg-turbo8 1.1.90+svn733-0ubuntu4.4 <none>
1969-12-31 18:16:45 status unpacked libjpeg-turbo8 1.1.90+svn733-0ubuntu4.4
1969-12-31 18:16:45 status half-configured libjpeg-turbo8 1.1.90+svn733-0ubuntu4.4
1969-12-31 18:16:45 status installed libjpeg-turbo8 1.1.90+svn733-0ubuntu4.4
1969-12-31 18:16:45 status triggers-pending libc-bin 2.15-0ubuntu10.12
1969-12-31 18:16:45 configure libjpeg-turbo8-dev 1.1.90+svn733-0ubuntu4.4 <none>
1969-12-31 18:16:45 status unpacked libjpeg-turbo8-dev 1.1.90+svn733-0ubuntu4.4
1969-12-31 18:16:45 status half-configured libjpeg-turbo8-dev 1.1.90+svn733-0ubuntu4.4
1969-12-31 18:16:45 status installed libjpeg-turbo8-dev 1.1.90+svn733-0ubuntu4.4
1969-12-31 18:16:45 configure libjpeg8-dev 8c-2ubuntu7 <none>
1969-12-31 18:16:45 status unpacked libjpeg8-dev 8c-2ubuntu7
1969-12-31 18:16:45 status half-configured libjpeg8-dev 8c-2ubuntu7
1969-12-31 18:16:45 status installed libjpeg8-dev 8c-2ubuntu7
1969-12-31 18:16:45 trigproc libc-bin 2.15-0ubuntu10.12 <none>
1969-12-31 18:16:45 status half-configured libc-bin 2.15-0ubuntu10.12
1969-12-31 18:16:45 status installed libc-bin 2.15-0ubuntu10.12
1969-12-31 18:21:49 startup archives unpack
1969-12-31 18:21:50 install libtiffxx0c2 <none> 3.9.5-2ubuntu1.8
1969-12-31 18:21:50 status half-installed libtiffxx0c2 3.9.5-2ubuntu1.8
1969-12-31 18:21:50 status unpacked libtiffxx0c2 3.9.5-2ubuntu1.8
1969-12-31 18:21:50 status unpacked libtiffxx0c2 3.9.5-2ubuntu1.8
1969-12-31 18:21:50 install libtiff4-dev <none> 3.9.5-2ubuntu1.8
1969-12-31 18:21:50 status half-installed libtiff4-dev 3.9.5-2ubuntu1.8
1969-12-31 18:21:50 status triggers-pending man-db 2.6.1-2
1969-12-31 18:21:51 status half-installed libtiff4-dev 3.9.5-2ubuntu1.8
1969-12-31 18:21:51 status unpacked libtiff4-dev 3.9.5-2ubuntu1.8
1969-12-31 18:21:51 status unpacked libtiff4-dev 3.9.5-2ubuntu1.8
1969-12-31 18:21:51 trigproc man-db 2.6.1-2 2.6.1-2
1969-12-31 18:21:51 status half-configured man-db 2.6.1-2
1969-12-31 18:22:13 status installed man-db 2.6.1-2
1969-12-31 18:22:15 startup packages configure
1969-12-31 18:22:15 configure libtiffxx0c2 3.9.5-2ubuntu1.8 <none>
1969-12-31 18:22:15 status unpacked libtiffxx0c2 3.9.5-2ubuntu1.8
1969-12-31 18:22:15 status half-configured libtiffxx0c2 3.9.5-2ubuntu1.8
1969-12-31 18:22:16 status installed libtiffxx0c2 3.9.5-2ubuntu1.8
1969-12-31 18:22:16 status triggers-pending libc-bin 2.15-0ubuntu10.12
1969-12-31 18:22:16 configure libtiff4-dev 3.9.5-2ubuntu1.8 <none>
1969-12-31 18:22:16 status unpacked libtiff4-dev 3.9.5-2ubuntu1.8
1969-12-31 18:22:16 status half-configured libtiff4-dev 3.9.5-2ubuntu1.8
1969-12-31 18:22:16 status installed libtiff4-dev 3.9.5-2ubuntu1.8
1969-12-31 18:22:16 trigproc libc-bin 2.15-0ubuntu10.12 <none>
1969-12-31 18:22:16 status half-configured libc-bin 2.15-0ubuntu10.12
1969-12-31 18:22:16 status installed libc-bin 2.15-0ubuntu10.12
1969-12-31 18:29:10 startup archives unpack
1969-12-31 18:29:11 install libpng12-dev <none> 1.2.46-3ubuntu4
1969-12-31 18:29:11 status half-installed libpng12-dev 1.2.46-3ubuntu4
1969-12-31 18:29:11 status triggers-pending man-db 2.6.1-2
1969-12-31 18:29:11 status half-installed libpng12-dev 1.2.46-3ubuntu4
1969-12-31 18:29:12 status unpacked libpng12-dev 1.2.46-3ubuntu4
1969-12-31 18:29:12 status unpacked libpng12-dev 1.2.46-3ubuntu4
1969-12-31 18:29:12 trigproc man-db 2.6.1-2 2.6.1-2
1969-12-31 18:29:12 status half-configured man-db 2.6.1-2
1969-12-31 18:29:23 status installed man-db 2.6.1-2
1969-12-31 18:29:25 startup packages configure
1969-12-31 18:29:25 configure libpng12-dev 1.2.46-3ubuntu4 <none>
1969-12-31 18:29:25 status unpacked libpng12-dev 1.2.46-3ubuntu4
1969-12-31 18:29:25 status half-configured libpng12-dev 1.2.46-3ubuntu4
1969-12-31 18:29:25 status installed libpng12-dev 1.2.46-3ubuntu4
1969-12-31 18:37:39 startup archives unpack
1969-12-31 18:37:40 install libavl1 <none> 0.3.5-3
1969-12-31 18:37:40 status half-installed libavl1 0.3.5-3
1969-12-31 18:37:40 status unpacked libavl1 0.3.5-3
1969-12-31 18:37:40 status unpacked libavl1 0.3.5-3
1969-12-31 18:37:40 install libavl-dev <none> 0.3.5-3
1969-12-31 18:37:40 status half-installed libavl-dev 0.3.5-3
1969-12-31 18:37:41 status unpacked libavl-dev 0.3.5-3
1969-12-31 18:37:41 status unpacked libavl-dev 0.3.5-3
1969-12-31 18:37:43 startup packages configure
1969-12-31 18:37:43 configure libavl1 0.3.5-3 <none>
1969-12-31 18:37:43 status unpacked libavl1 0.3.5-3
1969-12-31 18:37:43 status half-configured libavl1 0.3.5-3
1969-12-31 18:37:44 status installed libavl1 0.3.5-3
1969-12-31 18:37:44 status triggers-pending libc-bin 2.15-0ubuntu10.12
1969-12-31 18:37:44 configure libavl-dev 0.3.5-3 <none>
1969-12-31 18:37:44 status unpacked libavl-dev 0.3.5-3
1969-12-31 18:37:44 status half-configured libavl-dev 0.3.5-3
1969-12-31 18:37:44 status installed libavl-dev 0.3.5-3
1969-12-31 18:37:44 trigproc libc-bin 2.15-0ubuntu10.12 <none>
1969-12-31 18:37:44 status half-configured libc-bin 2.15-0ubuntu10.12
1969-12-31 18:37:44 status installed libc-bin 2.15-0ubuntu10.12
1969-12-31 18:41:56 startup archives unpack
1969-12-31 18:41:56 install libavutil-dev <none> 4:0.8.17-0ubuntu0.12.04.1
1969-12-31 18:41:56 status half-installed libavutil-dev 4:0.8.17-0ubuntu0.12.04.1
1969-12-31 18:41:57 status unpacked libavutil-dev 4:0.8.17-0ubuntu0.12.04.1
1969-12-31 18:41:57 status unpacked libavutil-dev 4:0.8.17-0ubuntu0.12.04.1
1969-12-31 18:41:57 install libavcodec-dev <none> 4:0.8.17-0ubuntu0.12.04.1
1969-12-31 18:41:57 status half-installed libavcodec-dev 4:0.8.17-0ubuntu0.12.04.1
1969-12-31 18:42:05 status unpacked libavcodec-dev 4:0.8.17-0ubuntu0.12.04.1
1969-12-31 18:42:05 status unpacked libavcodec-dev 4:0.8.17-0ubuntu0.12.04.1
1969-12-31 18:42:05 install libavformat-dev <none> 4:0.8.17-0ubuntu0.12.04.1
1969-12-31 18:42:05 status half-installed libavformat-dev 4:0.8.17-0ubuntu0.12.04.1
1969-12-31 18:42:06 status unpacked libavformat-dev 4:0.8.17-0ubuntu0.12.04.1
1969-12-31 18:42:06 status unpacked libavformat-dev 4:0.8.17-0ubuntu0.12.04.1
1969-12-31 18:42:06 install libavdevice-dev <none> 4:0.8.17-0ubuntu0.12.04.1
1969-12-31 18:42:06 status half-installed libavdevice-dev 4:0.8.17-0ubuntu0.12.04.1
1969-12-31 18:42:07 status unpacked libavdevice-dev 4:0.8.17-0ubuntu0.12.04.1
1969-12-31 18:42:07 status unpacked libavdevice-dev 4:0.8.17-0ubuntu0.12.04.1
1969-12-31 18:42:09 startup packages configure
1969-12-31 18:42:09 configure libavutil-dev 4:0.8.17-0ubuntu0.12.04.1 <none>
1969-12-31 18:42:09 status unpacked libavutil-dev 4:0.8.17-0ubuntu0.12.04.1
1969-12-31 18:42:09 status half-configured libavutil-dev 4:0.8.17-0ubuntu0.12.04.1
1969-12-31 18:42:09 status installed libavutil-dev 4:0.8.17-0ubuntu0.12.04.1
1969-12-31 18:42:09 configure libavcodec-dev 4:0.8.17-0ubuntu0.12.04.1 <none>
1969-12-31 18:42:09 status unpacked libavcodec-dev 4:0.8.17-0ubuntu0.12.04.1
1969-12-31 18:42:09 status half-configured libavcodec-dev 4:0.8.17-0ubuntu0.12.04.1
1969-12-31 18:42:09 status installed libavcodec-dev 4:0.8.17-0ubuntu0.12.04.1
1969-12-31 18:42:09 configure libavformat-dev 4:0.8.17-0ubuntu0.12.04.1 <none>
1969-12-31 18:42:09 status unpacked libavformat-dev 4:0.8.17-0ubuntu0.12.04.1
1969-12-31 18:42:09 status half-configured libavformat-dev 4:0.8.17-0ubuntu0.12.04.1
1969-12-31 18:42:09 status installed libavformat-dev 4:0.8.17-0ubuntu0.12.04.1
1969-12-31 18:42:09 configure libavdevice-dev 4:0.8.17-0ubuntu0.12.04.1 <none>
1969-12-31 18:42:09 status unpacked libavdevice-dev 4:0.8.17-0ubuntu0.12.04.1
1969-12-31 18:42:09 status half-configured libavdevice-dev 4:0.8.17-0ubuntu0.12.04.1
1969-12-31 18:42:09 status installed libavdevice-dev 4:0.8.17-0ubuntu0.12.04.1
1969-12-31 18:46:46 startup archives unpack
1969-12-31 18:46:47 upgrade libavahi-glib1 0.6.30-5ubuntu2 0.6.30-5ubuntu2.1
1969-12-31 18:46:47 status half-configured libavahi-glib1 0.6.30-5ubuntu2
1969-12-31 18:46:47 status unpacked libavahi-glib1 0.6.30-5ubuntu2
1969-12-31 18:46:47 status half-installed libavahi-glib1 0.6.30-5ubuntu2
1969-12-31 18:46:48 status half-installed libavahi-glib1 0.6.30-5ubuntu2
1969-12-31 18:46:48 status unpacked libavahi-glib1 0.6.30-5ubuntu2.1
1969-12-31 18:46:48 status unpacked libavahi-glib1 0.6.30-5ubuntu2.1
1969-12-31 18:46:48 install libpcrecpp0 <none> 8.12-4
1969-12-31 18:46:48 status half-installed libpcrecpp0 8.12-4
1969-12-31 18:46:48 status unpacked libpcrecpp0 8.12-4
1969-12-31 18:46:48 status unpacked libpcrecpp0 8.12-4
1969-12-31 18:46:48 install libavahi-common-dev <none> 0.6.30-5ubuntu2.1
1969-12-31 18:46:48 status half-installed libavahi-common-dev 0.6.30-5ubuntu2.1
1969-12-31 18:46:49 status unpacked libavahi-common-dev 0.6.30-5ubuntu2.1
1969-12-31 18:46:49 status unpacked libavahi-common-dev 0.6.30-5ubuntu2.1
1969-12-31 18:46:49 install libpcre3-dev <none> 8.12-4
1969-12-31 18:46:49 status half-installed libpcre3-dev 8.12-4
1969-12-31 18:46:49 status triggers-pending man-db 2.6.1-2
1969-12-31 18:46:49 status half-installed libpcre3-dev 8.12-4
1969-12-31 18:46:50 status unpacked libpcre3-dev 8.12-4
1969-12-31 18:46:50 status unpacked libpcre3-dev 8.12-4
1969-12-31 18:46:50 install libglib2.0-dev <none> 2.32.4-0ubuntu1
1969-12-31 18:46:50 status half-installed libglib2.0-dev 2.32.4-0ubuntu1
1969-12-31 18:46:58 status half-installed libglib2.0-dev 2.32.4-0ubuntu1
1969-12-31 18:46:59 status triggers-pending libglib2.0-0 2.32.4-0ubuntu1
1969-12-31 18:46:59 status half-installed libglib2.0-dev 2.32.4-0ubuntu1
1969-12-31 18:47:01 status unpacked libglib2.0-dev 2.32.4-0ubuntu1
1969-12-31 18:47:01 status unpacked libglib2.0-dev 2.32.4-0ubuntu1
1969-12-31 18:47:01 install libavahi-glib-dev <none> 0.6.30-5ubuntu2.1
1969-12-31 18:47:01 status half-installed libavahi-glib-dev 0.6.30-5ubuntu2.1
1969-12-31 18:47:01 status unpacked libavahi-glib-dev 0.6.30-5ubuntu2.1
1969-12-31 18:47:01 status unpacked libavahi-glib-dev 0.6.30-5ubuntu2.1
1969-12-31 18:47:01 trigproc man-db 2.6.1-2 2.6.1-2
1969-12-31 18:47:01 status half-configured man-db 2.6.1-2
1969-12-31 18:47:22 status installed man-db 2.6.1-2
1969-12-31 18:47:25 trigproc libglib2.0-0 2.32.4-0ubuntu1 2.32.1-0ubuntu2
1969-12-31 18:47:25 status half-configured libglib2.0-0 2.32.4-0ubuntu1
1969-12-31 18:47:26 status installed libglib2.0-0 2.32.4-0ubuntu1
1969-12-31 18:47:29 startup packages configure
1969-12-31 18:47:29 configure libavahi-glib1 0.6.30-5ubuntu2.1 <none>
1969-12-31 18:47:29 status unpacked libavahi-glib1 0.6.30-5ubuntu2.1
1969-12-31 18:47:29 status half-configured libavahi-glib1 0.6.30-5ubuntu2.1
1969-12-31 18:47:29 status installed libavahi-glib1 0.6.30-5ubuntu2.1
1969-12-31 18:47:29 status triggers-pending libc-bin 2.15-0ubuntu10.12
1969-12-31 18:47:29 configure libpcrecpp0 8.12-4 <none>
1969-12-31 18:47:29 status unpacked libpcrecpp0 8.12-4
1969-12-31 18:47:30 status half-configured libpcrecpp0 8.12-4
1969-12-31 18:47:30 status installed libpcrecpp0 8.12-4
1969-12-31 18:47:30 configure libavahi-common-dev 0.6.30-5ubuntu2.1 <none>
1969-12-31 18:47:30 status unpacked libavahi-common-dev 0.6.30-5ubuntu2.1
1969-12-31 18:47:30 status half-configured libavahi-common-dev 0.6.30-5ubuntu2.1
1969-12-31 18:47:30 status installed libavahi-common-dev 0.6.30-5ubuntu2.1
1969-12-31 18:47:30 configure libpcre3-dev 8.12-4 <none>
1969-12-31 18:47:30 status unpacked libpcre3-dev 8.12-4
1969-12-31 18:47:30 status half-configured libpcre3-dev 8.12-4
1969-12-31 18:47:30 status installed libpcre3-dev 8.12-4
1969-12-31 18:47:30 configure libglib2.0-dev 2.32.4-0ubuntu1 <none>
1969-12-31 18:47:30 status unpacked libglib2.0-dev 2.32.4-0ubuntu1
1969-12-31 18:47:30 status half-configured libglib2.0-dev 2.32.4-0ubuntu1
1969-12-31 18:47:30 status installed libglib2.0-dev 2.32.4-0ubuntu1
1969-12-31 18:47:30 configure libavahi-glib-dev 0.6.30-5ubuntu2.1 <none>
1969-12-31 18:47:30 status unpacked libavahi-glib-dev 0.6.30-5ubuntu2.1
1969-12-31 18:47:30 status half-configured libavahi-glib-dev 0.6.30-5ubuntu2.1
1969-12-31 18:47:30 status installed libavahi-glib-dev 0.6.30-5ubuntu2.1
1969-12-31 18:47:30 trigproc libc-bin 2.15-0ubuntu10.12 <none>
1969-12-31 18:47:30 status half-configured libc-bin 2.15-0ubuntu10.12
1969-12-31 18:47:30 status installed libc-bin 2.15-0ubuntu10.12
1969-12-31 18:55:17 startup archives unpack
1969-12-31 18:55:18 install libkate1 <none> 0.4.1-1
1969-12-31 18:55:18 status half-installed libkate1 0.4.1-1
1969-12-31 18:55:18 status unpacked libkate1 0.4.1-1
1969-12-31 18:55:18 status unpacked libkate1 0.4.1-1
1969-12-31 18:55:18 install liboggkate1 <none> 0.4.1-1
1969-12-31 18:55:18 status half-installed liboggkate1 0.4.1-1
1969-12-31 18:55:19 status unpacked liboggkate1 0.4.1-1
1969-12-31 18:55:19 status unpacked liboggkate1 0.4.1-1
1969-12-31 18:55:19 install ffmpeg2theora <none> 0.27-1.1ubuntu1
1969-12-31 18:55:19 status half-installed ffmpeg2theora 0.27-1.1ubuntu1
1969-12-31 18:55:19 status triggers-pending man-db 2.6.1-2
1969-12-31 18:55:19 status half-installed ffmpeg2theora 0.27-1.1ubuntu1
1969-12-31 18:55:19 status unpacked ffmpeg2theora 0.27-1.1ubuntu1
1969-12-31 18:55:19 status unpacked ffmpeg2theora 0.27-1.1ubuntu1
1969-12-31 18:55:19 trigproc man-db 2.6.1-2 2.6.1-2
1969-12-31 18:55:19 status half-configured man-db 2.6.1-2
1969-12-31 18:55:27 status installed man-db 2.6.1-2
1969-12-31 18:55:29 startup packages configure
1969-12-31 18:55:29 configure libkate1 0.4.1-1 <none>
1969-12-31 18:55:29 status unpacked libkate1 0.4.1-1
1969-12-31 18:55:29 status half-configured libkate1 0.4.1-1
1969-12-31 18:55:30 status installed libkate1 0.4.1-1
1969-12-31 18:55:30 status triggers-pending libc-bin 2.15-0ubuntu10.12
1969-12-31 18:55:30 configure liboggkate1 0.4.1-1 <none>
1969-12-31 18:55:30 status unpacked liboggkate1 0.4.1-1
1969-12-31 18:55:30 status half-configured liboggkate1 0.4.1-1
1969-12-31 18:55:30 status installed liboggkate1 0.4.1-1
1969-12-31 18:55:30 configure ffmpeg2theora 0.27-1.1ubuntu1 <none>
1969-12-31 18:55:30 status unpacked ffmpeg2theora 0.27-1.1ubuntu1
1969-12-31 18:55:30 status half-configured ffmpeg2theora 0.27-1.1ubuntu1
1969-12-31 18:55:30 status installed ffmpeg2theora 0.27-1.1ubuntu1
1969-12-31 18:55:30 trigproc libc-bin 2.15-0ubuntu10.12 <none>
1969-12-31 18:55:30 status half-configured libc-bin 2.15-0ubuntu10.12
1969-12-31 18:55:31 status installed libc-bin 2.15-0ubuntu10.12
1969-12-31 18:59:56 startup archives unpack
1969-12-31 18:59:57 upgrade libexif12 0.6.20-2 0.6.20-2ubuntu0.1
1969-12-31 18:59:57 status half-configured libexif12 0.6.20-2
1969-12-31 18:59:57 status unpacked libexif12 0.6.20-2
1969-12-31 18:59:57 status half-installed libexif12 0.6.20-2
1969-12-31 18:59:57 status half-installed libexif12 0.6.20-2
1969-12-31 18:59:58 status unpacked libexif12 0.6.20-2ubuntu0.1
1969-12-31 18:59:58 status unpacked libexif12 0.6.20-2ubuntu0.1
1969-12-31 18:59:58 upgrade libgphoto2-l10n 2.4.13-1ubuntu1 2.4.13-1ubuntu1.2
1969-12-31 18:59:58 status half-configured libgphoto2-l10n 2.4.13-1ubuntu1
1969-12-31 18:59:58 status unpacked libgphoto2-l10n 2.4.13-1ubuntu1
1969-12-31 18:59:58 status half-installed libgphoto2-l10n 2.4.13-1ubuntu1
1969-12-31 18:59:58 status half-installed libgphoto2-l10n 2.4.13-1ubuntu1
1969-12-31 18:59:58 status unpacked libgphoto2-l10n 2.4.13-1ubuntu1.2
1969-12-31 18:59:58 status unpacked libgphoto2-l10n 2.4.13-1ubuntu1.2
1969-12-31 18:59:58 upgrade libgphoto2-2 2.4.13-1ubuntu1 2.4.13-1ubuntu1.2
1969-12-31 18:59:58 status half-configured libgphoto2-2 2.4.13-1ubuntu1
1969-12-31 18:59:58 status unpacked libgphoto2-2 2.4.13-1ubuntu1
1969-12-31 18:59:58 status half-installed libgphoto2-2 2.4.13-1ubuntu1
1969-12-31 19:00:02 status half-installed libgphoto2-2 2.4.13-1ubuntu1
1969-12-31 19:00:02 status unpacked libgphoto2-2 2.4.13-1ubuntu1.2
1969-12-31 19:00:02 status unpacked libgphoto2-2 2.4.13-1ubuntu1.2
1969-12-31 19:00:03 install libexif-dev <none> 0.6.20-2ubuntu0.1
1969-12-31 19:00:03 status half-installed libexif-dev 0.6.20-2ubuntu0.1
1969-12-31 19:00:03 status triggers-pending doc-base 0.10.3
1969-12-31 19:00:03 status half-installed libexif-dev 0.6.20-2ubuntu0.1
1969-12-31 19:00:03 status unpacked libexif-dev 0.6.20-2ubuntu0.1
1969-12-31 19:00:03 status unpacked libexif-dev 0.6.20-2ubuntu0.1
1969-12-31 19:00:03 install libusb-dev <none> 2:0.1.12-20
1969-12-31 19:00:03 status half-installed libusb-dev 2:0.1.12-20
1969-12-31 19:00:04 status half-installed libusb-dev 2:0.1.12-20
1969-12-31 19:00:04 status triggers-pending man-db 2.6.1-2
1969-12-31 19:00:04 status half-installed libusb-dev 2:0.1.12-20
1969-12-31 19:00:04 status unpacked libusb-dev 2:0.1.12-20
1969-12-31 19:00:04 status unpacked libusb-dev 2:0.1.12-20
1969-12-31 19:00:04 install libgphoto2-2-dev <none> 2.4.13-1ubuntu1.2
1969-12-31 19:00:04 status half-installed libgphoto2-2-dev 2.4.13-1ubuntu1.2
1969-12-31 19:00:04 status half-installed libgphoto2-2-dev 2.4.13-1ubuntu1.2
1969-12-31 19:00:20 status unpacked libgphoto2-2-dev 2.4.13-1ubuntu1.2
1969-12-31 19:00:22 status unpacked libgphoto2-2-dev 2.4.13-1ubuntu1.2
1969-12-31 19:00:22 trigproc doc-base 0.10.3 0.10.3
1969-12-31 19:00:22 status half-configured doc-base 0.10.3
1969-12-31 19:00:23 status installed doc-base 0.10.3
1969-12-31 19:00:23 trigproc man-db 2.6.1-2 2.6.1-2
1969-12-31 19:00:23 status half-configured man-db 2.6.1-2
1969-12-31 19:00:32 status installed man-db 2.6.1-2
1969-12-31 19:00:34 startup packages configure
1969-12-31 19:00:34 configure libexif12 0.6.20-2ubuntu0.1 <none>
1969-12-31 19:00:34 status unpacked libexif12 0.6.20-2ubuntu0.1
1969-12-31 19:00:34 status half-configured libexif12 0.6.20-2ubuntu0.1
1969-12-31 19:00:34 status installed libexif12 0.6.20-2ubuntu0.1
1969-12-31 19:00:34 status triggers-pending libc-bin 2.15-0ubuntu10.12
1969-12-31 19:00:34 configure libgphoto2-l10n 2.4.13-1ubuntu1.2 <none>
1969-12-31 19:00:34 status unpacked libgphoto2-l10n 2.4.13-1ubuntu1.2
1969-12-31 19:00:34 status half-configured libgphoto2-l10n 2.4.13-1ubuntu1.2
1969-12-31 19:00:34 status installed libgphoto2-l10n 2.4.13-1ubuntu1.2
1969-12-31 19:00:34 configure libgphoto2-2 2.4.13-1ubuntu1.2 <none>
1969-12-31 19:00:34 status unpacked libgphoto2-2 2.4.13-1ubuntu1.2
1969-12-31 19:00:35 status half-configured libgphoto2-2 2.4.13-1ubuntu1.2
1969-12-31 19:00:35 status installed libgphoto2-2 2.4.13-1ubuntu1.2
1969-12-31 19:00:35 configure libexif-dev 0.6.20-2ubuntu0.1 <none>
1969-12-31 19:00:35 status unpacked libexif-dev 0.6.20-2ubuntu0.1
1969-12-31 19:00:35 status half-configured libexif-dev 0.6.20-2ubuntu0.1
1969-12-31 19:00:35 status installed libexif-dev 0.6.20-2ubuntu0.1
1969-12-31 19:00:35 configure libusb-dev 2:0.1.12-20 <none>
1969-12-31 19:00:35 status unpacked libusb-dev 2:0.1.12-20
1969-12-31 19:00:35 status half-configured libusb-dev 2:0.1.12-20
1969-12-31 19:00:35 status installed libusb-dev 2:0.1.12-20
1969-12-31 19:00:35 configure libgphoto2-2-dev 2.4.13-1ubuntu1.2 <none>
1969-12-31 19:00:35 status unpacked libgphoto2-2-dev 2.4.13-1ubuntu1.2
1969-12-31 19:00:35 status half-configured libgphoto2-2-dev 2.4.13-1ubuntu1.2
1969-12-31 19:00:35 status installed libgphoto2-2-dev 2.4.13-1ubuntu1.2
1969-12-31 19:00:35 trigproc libc-bin 2.15-0ubuntu10.12 <none>
1969-12-31 19:00:35 status half-configured libc-bin 2.15-0ubuntu10.12
1969-12-31 19:00:35 status installed libc-bin 2.15-0ubuntu10.12
1969-12-31 18:11:27 startup packages remove
1969-12-31 18:11:27 status installed firefox-gnome-support 11.0+build1-0ubuntu4
1969-12-31 18:11:30 remove firefox-gnome-support 11.0+build1-0ubuntu4 <none>
1969-12-31 18:11:30 status half-configured firefox-gnome-support 11.0+build1-0ubuntu4
1969-12-31 18:11:30 status half-installed firefox-gnome-support 11.0+build1-0ubuntu4
1969-12-31 18:11:30 status config-files firefox-gnome-support 11.0+build1-0ubuntu4
1969-12-31 18:11:30 status config-files firefox-gnome-support 11.0+build1-0ubuntu4
1969-12-31 18:11:30 status config-files firefox-gnome-support 11.0+build1-0ubuntu4
1969-12-31 18:11:30 status not-installed firefox-gnome-support <none>
1969-12-31 18:11:30 status installed firefox-globalmenu 11.0+build1-0ubuntu4
1969-12-31 18:11:30 remove firefox-globalmenu 11.0+build1-0ubuntu4 <none>
1969-12-31 18:11:30 status half-configured firefox-globalmenu 11.0+build1-0ubuntu4
1969-12-31 18:11:30 status half-installed firefox-globalmenu 11.0+build1-0ubuntu4
1969-12-31 18:11:30 status config-files firefox-globalmenu 11.0+build1-0ubuntu4
1969-12-31 18:11:30 status config-files firefox-globalmenu 11.0+build1-0ubuntu4
1969-12-31 18:11:30 status config-files firefox-globalmenu 11.0+build1-0ubuntu4
1969-12-31 18:11:30 status not-installed firefox-globalmenu <none>
1969-12-31 18:11:30 status installed firefox 11.0+build1-0ubuntu4
1969-12-31 18:11:31 remove firefox 11.0+build1-0ubuntu4 <none>
1969-12-31 18:11:31 status half-configured firefox 11.0+build1-0ubuntu4
1969-12-31 18:11:31 status half-installed firefox 11.0+build1-0ubuntu4
1969-12-31 18:11:31 status triggers-pending man-db 2.6.1-2
1969-12-31 18:11:31 status half-installed firefox 11.0+build1-0ubuntu4
1969-12-31 18:11:31 status triggers-pending desktop-file-utils 0.20-0ubuntu2
1969-12-31 18:11:31 status half-installed firefox 11.0+build1-0ubuntu4
1969-12-31 18:11:31 status triggers-pending bamfdaemon 0.2.114-0ubuntu1
1969-12-31 18:11:31 status half-installed firefox 11.0+build1-0ubuntu4
1969-12-31 18:11:31 status triggers-pending gnome-menus 3.4.0-0ubuntu1
1969-12-31 18:11:31 status half-installed firefox 11.0+build1-0ubuntu4
1969-12-31 18:11:31 status config-files firefox 11.0+build1-0ubuntu4
1969-12-31 18:11:31 status config-files firefox 11.0+build1-0ubuntu4
1969-12-31 18:11:31 trigproc man-db 2.6.1-2 <none>
1969-12-31 18:11:31 status half-configured man-db 2.6.1-2
1969-12-31 18:11:47 status installed man-db 2.6.1-2
1969-12-31 18:11:49 trigproc desktop-file-utils 0.20-0ubuntu2 <none>
1969-12-31 18:11:49 status half-configured desktop-file-utils 0.20-0ubuntu2
1969-12-31 18:11:49 status installed desktop-file-utils 0.20-0ubuntu2
1969-12-31 18:11:49 trigproc bamfdaemon 0.2.114-0ubuntu1 <none>
1969-12-31 18:11:49 status half-configured bamfdaemon 0.2.114-0ubuntu1
1969-12-31 18:11:49 status installed bamfdaemon 0.2.114-0ubuntu1
1969-12-31 18:11:50 trigproc gnome-menus 3.4.0-0ubuntu1 <none>
1969-12-31 18:11:50 status half-configured gnome-menus 3.4.0-0ubuntu1
1969-12-31 18:11:50 status installed gnome-menus 3.4.0-0ubuntu1
1969-12-31 18:23:47 startup archives unpack
1969-12-31 18:23:50 install libsdl-image1.2 <none> 1.2.10-3
1969-12-31 18:23:50 status half-installed libsdl-image1.2 1.2.10-3
1969-12-31 18:23:50 status unpacked libsdl-image1.2 1.2.10-3
1969-12-31 18:23:50 status unpacked libsdl-image1.2 1.2.10-3
1969-12-31 18:23:50 install libopenal-data <none> 1:1.13-4ubuntu3
1969-12-31 18:23:50 status half-installed libopenal-data 1:1.13-4ubuntu3
1969-12-31 18:23:51 status unpacked libopenal-data 1:1.13-4ubuntu3
1969-12-31 18:23:51 status unpacked libopenal-data 1:1.13-4ubuntu3
1969-12-31 18:23:51 install libopenal1 <none> 1:1.13-4ubuntu3
1969-12-31 18:23:51 status half-installed libopenal1 1:1.13-4ubuntu3
1969-12-31 18:23:52 status unpacked libopenal1 1:1.13-4ubuntu3
1969-12-31 18:23:52 status unpacked libopenal1 1:1.13-4ubuntu3
1969-12-31 18:23:52 install libalut0 <none> 1.1.0-3
1969-12-31 18:23:52 status half-installed libalut0 1.1.0-3
1969-12-31 18:23:52 status unpacked libalut0 1.1.0-3
1969-12-31 18:23:52 status unpacked libalut0 1.1.0-3
1969-12-31 18:23:53 install libglewmx1.5 <none> 1.5.7.is.1.5.2-1ubuntu4
1969-12-31 18:23:53 status half-installed libglewmx1.5 1.5.7.is.1.5.2-1ubuntu4
1969-12-31 18:23:53 status unpacked libglewmx1.5 1.5.7.is.1.5.2-1ubuntu4
1969-12-31 18:23:53 status unpacked libglewmx1.5 1.5.7.is.1.5.2-1ubuntu4
1969-12-31 18:23:53 install libglc0 <none> 0.7.2-5
1969-12-31 18:23:53 status half-installed libglc0 0.7.2-5
1969-12-31 18:23:54 status unpacked libglc0 0.7.2-5
1969-12-31 18:23:54 status unpacked libglc0 0.7.2-5
1969-12-31 18:23:54 install chromium-bsu-data <none> 0.9.15-1
1969-12-31 18:23:54 status half-installed chromium-bsu-data 0.9.15-1
1969-12-31 18:23:56 status unpacked chromium-bsu-data 0.9.15-1
1969-12-31 18:23:56 status unpacked chromium-bsu-data 0.9.15-1
1969-12-31 18:23:57 install fonts-uralic <none> 0.0.20040829-3
1969-12-31 18:23:57 status half-installed fonts-uralic 0.0.20040829-3
1969-12-31 18:23:57 status triggers-pending fontconfig 2.8.0-3ubuntu9
1969-12-31 18:23:57 status half-installed fonts-uralic 0.0.20040829-3
1969-12-31 18:24:01 status unpacked fonts-uralic 0.0.20040829-3
1969-12-31 18:24:01 status unpacked fonts-uralic 0.0.20040829-3
1969-12-31 18:24:01 install ttf-uralic <none> 0.0.20040829-3
1969-12-31 18:24:01 status half-installed ttf-uralic 0.0.20040829-3
1969-12-31 18:24:01 status unpacked ttf-uralic 0.0.20040829-3
1969-12-31 18:24:01 status unpacked ttf-uralic 0.0.20040829-3
1969-12-31 18:24:01 install chromium-bsu <none> 0.9.15-1
1969-12-31 18:24:01 status half-installed chromium-bsu 0.9.15-1
1969-12-31 18:24:01 status triggers-pending man-db 2.6.1-2
1969-12-31 18:24:01 status half-installed chromium-bsu 0.9.15-1
1969-12-31 18:24:01 status triggers-pending desktop-file-utils 0.20-0ubuntu2
1969-12-31 18:24:01 status half-installed chromium-bsu 0.9.15-1
1969-12-31 18:24:02 status triggers-pending bamfdaemon 0.2.114-0ubuntu1
1969-12-31 18:24:02 status half-installed chromium-bsu 0.9.15-1
1969-12-31 18:24:02 status triggers-pending gnome-menus 3.4.0-0ubuntu1
1969-12-31 18:24:02 status half-installed chromium-bsu 0.9.15-1
1969-12-31 18:24:02 status unpacked chromium-bsu 0.9.15-1
1969-12-31 18:24:02 status unpacked chromium-bsu 0.9.15-1
1969-12-31 18:24:02 trigproc fontconfig 2.8.0-3ubuntu9 2.8.0-3ubuntu9
1969-12-31 18:24:02 status half-configured fontconfig 2.8.0-3ubuntu9
1969-12-31 18:24:05 status installed fontconfig 2.8.0-3ubuntu9
1969-12-31 18:24:05 trigproc man-db 2.6.1-2 2.6.1-2
1969-12-31 18:24:05 status half-configured man-db 2.6.1-2
1969-12-31 18:24:18 status installed man-db 2.6.1-2
1969-12-31 18:24:20 trigproc desktop-file-utils 0.20-0ubuntu2 0.20-0ubuntu2
1969-12-31 18:24:20 status half-configured desktop-file-utils 0.20-0ubuntu2
1969-12-31 18:24:20 status installed desktop-file-utils 0.20-0ubuntu2
1969-12-31 18:24:21 trigproc bamfdaemon 0.2.114-0ubuntu1 0.2.114-0ubuntu1
1969-12-31 18:24:21 status half-configured bamfdaemon 0.2.114-0ubuntu1
1969-12-31 18:24:21 status installed bamfdaemon 0.2.114-0ubuntu1
1969-12-31 18:24:21 trigproc gnome-menus 3.4.0-0ubuntu1 3.4.0-0ubuntu1
1969-12-31 18:24:21 status half-configured gnome-menus 3.4.0-0ubuntu1
1969-12-31 18:24:21 status installed gnome-menus 3.4.0-0ubuntu1
1969-12-31 18:24:33 startup packages configure
1969-12-31 18:24:33 configure libsdl-image1.2 1.2.10-3 <none>
1969-12-31 18:24:33 status unpacked libsdl-image1.2 1.2.10-3
1969-12-31 18:24:34 status half-configured libsdl-image1.2 1.2.10-3
1969-12-31 18:24:34 status installed libsdl-image1.2 1.2.10-3
1969-12-31 18:24:34 status triggers-pending libc-bin 2.15-0ubuntu10.12
1969-12-31 18:24:34 configure libopenal-data 1:1.13-4ubuntu3 <none>
1969-12-31 18:24:34 status unpacked libopenal-data 1:1.13-4ubuntu3
1969-12-31 18:24:34 status unpacked libopenal-data 1:1.13-4ubuntu3
1969-12-31 18:24:34 status half-configured libopenal-data 1:1.13-4ubuntu3
1969-12-31 18:24:34 status installed libopenal-data 1:1.13-4ubuntu3
1969-12-31 18:24:34 configure libopenal1 1:1.13-4ubuntu3 <none>
1969-12-31 18:24:34 status unpacked libopenal1 1:1.13-4ubuntu3
1969-12-31 18:24:34 status half-configured libopenal1 1:1.13-4ubuntu3
1969-12-31 18:24:34 status installed libopenal1 1:1.13-4ubuntu3
1969-12-31 18:24:34 configure libalut0 1.1.0-3 <none>
1969-12-31 18:24:34 status unpacked libalut0 1.1.0-3
1969-12-31 18:24:34 status half-configured libalut0 1.1.0-3
1969-12-31 18:24:34 status installed libalut0 1.1.0-3
1969-12-31 18:24:34 configure libglewmx1.5 1.5.7.is.1.5.2-1ubuntu4 <none>
1969-12-31 18:24:34 status unpacked libglewmx1.5 1.5.7.is.1.5.2-1ubuntu4
1969-12-31 18:24:34 status half-configured libglewmx1.5 1.5.7.is.1.5.2-1ubuntu4
1969-12-31 18:24:34 status installed libglewmx1.5 1.5.7.is.1.5.2-1ubuntu4
1969-12-31 18:24:34 configure libglc0 0.7.2-5 <none>
1969-12-31 18:24:34 status unpacked libglc0 0.7.2-5
1969-12-31 18:24:35 status half-configured libglc0 0.7.2-5
1969-12-31 18:24:35 status installed libglc0 0.7.2-5
1969-12-31 18:24:35 configure chromium-bsu-data 0.9.15-1 <none>
1969-12-31 18:24:35 status unpacked chromium-bsu-data 0.9.15-1
1969-12-31 18:24:35 status half-configured chromium-bsu-data 0.9.15-1
1969-12-31 18:24:35 status installed chromium-bsu-data 0.9.15-1
1969-12-31 18:24:35 configure fonts-uralic 0.0.20040829-3 <none>
1969-12-31 18:24:35 status unpacked fonts-uralic 0.0.20040829-3
1969-12-31 18:24:35 status half-configured fonts-uralic 0.0.20040829-3
1969-12-31 18:24:35 status installed fonts-uralic 0.0.20040829-3
1969-12-31 18:24:35 configure ttf-uralic 0.0.20040829-3 <none>
1969-12-31 18:24:35 status unpacked ttf-uralic 0.0.20040829-3
1969-12-31 18:24:35 status half-configured ttf-uralic 0.0.20040829-3
1969-12-31 18:24:35 status installed ttf-uralic 0.0.20040829-3
1969-12-31 18:24:35 configure chromium-bsu 0.9.15-1 <none>
1969-12-31 18:24:35 status unpacked chromium-bsu 0.9.15-1
1969-12-31 18:24:35 status half-configured chromium-bsu 0.9.15-1
1969-12-31 18:24:35 status installed chromium-bsu 0.9.15-1
1969-12-31 18:24:35 trigproc libc-bin 2.15-0ubuntu10.12 <none>
1969-12-31 18:24:35 status half-configured libc-bin 2.15-0ubuntu10.12
1969-12-31 18:24:36 status installed libc-bin 2.15-0ubuntu10.12
1969-12-31 18:03:06 startup packages remove
1969-12-31 18:03:06 status installed chromium-bsu 0.9.15-1
1969-12-31 18:03:08 remove chromium-bsu 0.9.15-1 <none>
1969-12-31 18:03:08 status half-configured chromium-bsu 0.9.15-1
1969-12-31 18:03:08 status half-installed chromium-bsu 0.9.15-1
1969-12-31 18:03:08 status triggers-pending desktop-file-utils 0.20-0ubuntu2
1969-12-31 18:03:08 status half-installed chromium-bsu 0.9.15-1
1969-12-31 18:03:08 status triggers-pending bamfdaemon 0.2.114-0ubuntu1
1969-12-31 18:03:08 status half-installed chromium-bsu 0.9.15-1
1969-12-31 18:03:08 status triggers-pending gnome-menus 3.4.0-0ubuntu1
1969-12-31 18:03:08 status half-installed chromium-bsu 0.9.15-1
1969-12-31 18:03:08 status triggers-pending man-db 2.6.1-2
1969-12-31 18:03:08 status half-installed chromium-bsu 0.9.15-1
1969-12-31 18:03:08 status config-files chromium-bsu 0.9.15-1
1969-12-31 18:03:09 status config-files chromium-bsu 0.9.15-1
1969-12-31 18:03:09 trigproc desktop-file-utils 0.20-0ubuntu2 <none>
1969-12-31 18:03:09 status half-configured desktop-file-utils 0.20-0ubuntu2
1969-12-31 18:03:09 status installed desktop-file-utils 0.20-0ubuntu2
1969-12-31 18:03:09 trigproc bamfdaemon 0.2.114-0ubuntu1 <none>
1969-12-31 18:03:09 status half-configured bamfdaemon 0.2.114-0ubuntu1
1969-12-31 18:03:09 status installed bamfdaemon 0.2.114-0ubuntu1
1969-12-31 18:03:09 trigproc gnome-menus 3.4.0-0ubuntu1 <none>
1969-12-31 18:03:09 status half-configured gnome-menus 3.4.0-0ubuntu1
1969-12-31 18:03:09 status installed gnome-menus 3.4.0-0ubuntu1
1969-12-31 18:03:09 trigproc man-db 2.6.1-2 <none>
1969-12-31 18:03:09 status half-configured man-db 2.6.1-2
1969-12-31 18:03:18 status installed man-db 2.6.1-2
1969-12-31 18:04:49 startup packages remove
1969-12-31 18:04:49 status installed chromium-bsu-data 0.9.15-1
1969-12-31 18:04:50 remove chromium-bsu-data 0.9.15-1 <none>
1969-12-31 18:04:50 status half-configured chromium-bsu-data 0.9.15-1
1969-12-31 18:04:50 status half-installed chromium-bsu-data 0.9.15-1
1969-12-31 18:04:50 status config-files chromium-bsu-data 0.9.15-1
1969-12-31 18:04:50 status config-files chromium-bsu-data 0.9.15-1
1969-12-31 18:04:50 status config-files chromium-bsu-data 0.9.15-1
1969-12-31 18:04:50 status not-installed chromium-bsu-data <none>
1969-12-31 18:04:50 status installed ttf-uralic 0.0.20040829-3
1969-12-31 18:04:50 remove ttf-uralic 0.0.20040829-3 <none>
1969-12-31 18:04:50 status half-configured ttf-uralic 0.0.20040829-3
1969-12-31 18:04:50 status half-installed ttf-uralic 0.0.20040829-3
1969-12-31 18:04:50 status config-files ttf-uralic 0.0.20040829-3
1969-12-31 18:04:50 status config-files ttf-uralic 0.0.20040829-3
1969-12-31 18:04:50 status config-files ttf-uralic 0.0.20040829-3
1969-12-31 18:04:51 status not-installed ttf-uralic <none>
1969-12-31 18:04:51 status installed fonts-uralic 0.0.20040829-3
1969-12-31 18:04:51 remove fonts-uralic 0.0.20040829-3 <none>
1969-12-31 18:04:51 status half-configured fonts-uralic 0.0.20040829-3
1969-12-31 18:04:51 status half-installed fonts-uralic 0.0.20040829-3
1969-12-31 18:04:51 status triggers-pending fontconfig 2.8.0-3ubuntu9
1969-12-31 18:04:51 status half-installed fonts-uralic 0.0.20040829-3
1969-12-31 18:04:51 status config-files fonts-uralic 0.0.20040829-3
1969-12-31 18:04:51 status config-files fonts-uralic 0.0.20040829-3
1969-12-31 18:04:51 status config-files fonts-uralic 0.0.20040829-3
1969-12-31 18:04:51 status not-installed fonts-uralic <none>
1969-12-31 18:04:51 status installed libalut0 1.1.0-3
1969-12-31 18:04:51 remove libalut0 1.1.0-3 <none>
1969-12-31 18:04:51 status half-configured libalut0 1.1.0-3
1969-12-31 18:04:51 status half-installed libalut0 1.1.0-3
1969-12-31 18:04:51 status triggers-pending libc-bin 2.15-0ubuntu10.12
1969-12-31 18:04:51 status config-files libalut0 1.1.0-3
1969-12-31 18:04:51 status config-files libalut0 1.1.0-3
1969-12-31 18:04:51 status installed libglc0 0.7.2-5
1969-12-31 18:04:52 remove libglc0 0.7.2-5 <none>
1969-12-31 18:04:52 status half-configured libglc0 0.7.2-5
1969-12-31 18:04:52 status half-installed libglc0 0.7.2-5
1969-12-31 18:04:52 status config-files libglc0 0.7.2-5
1969-12-31 18:04:52 status config-files libglc0 0.7.2-5
1969-12-31 18:04:52 status installed libglewmx1.5 1.5.7.is.1.5.2-1ubuntu4
1969-12-31 18:04:52 remove libglewmx1.5 1.5.7.is.1.5.2-1ubuntu4 <none>
1969-12-31 18:04:52 status half-configured libglewmx1.5 1.5.7.is.1.5.2-1ubuntu4
1969-12-31 18:04:52 status half-installed libglewmx1.5 1.5.7.is.1.5.2-1ubuntu4
1969-12-31 18:04:52 status config-files libglewmx1.5 1.5.7.is.1.5.2-1ubuntu4
1969-12-31 18:04:52 status config-files libglewmx1.5 1.5.7.is.1.5.2-1ubuntu4
1969-12-31 18:04:52 status installed libopenal1 1:1.13-4ubuntu3
1969-12-31 18:04:52 remove libopenal1 1:1.13-4ubuntu3 <none>
1969-12-31 18:04:52 status half-configured libopenal1 1:1.13-4ubuntu3
1969-12-31 18:04:52 status half-installed libopenal1 1:1.13-4ubuntu3
1969-12-31 18:04:52 status config-files libopenal1 1:1.13-4ubuntu3
1969-12-31 18:04:52 status config-files libopenal1 1:1.13-4ubuntu3
1969-12-31 18:04:52 status installed libopenal-data 1:1.13-4ubuntu3
1969-12-31 18:04:52 remove libopenal-data 1:1.13-4ubuntu3 <none>
1969-12-31 18:04:52 status half-configured libopenal-data 1:1.13-4ubuntu3
1969-12-31 18:04:53 status half-installed libopenal-data 1:1.13-4ubuntu3
1969-12-31 18:04:53 status config-files libopenal-data 1:1.13-4ubuntu3
1969-12-31 18:04:53 status config-files libopenal-data 1:1.13-4ubuntu3
1969-12-31 18:04:53 status installed libsdl-image1.2 1.2.10-3
1969-12-31 18:04:53 remove libsdl-image1.2 1.2.10-3 <none>
1969-12-31 18:04:53 status half-configured libsdl-image1.2 1.2.10-3
1969-12-31 18:04:53 status half-installed libsdl-image1.2 1.2.10-3
1969-12-31 18:04:53 status config-files libsdl-image1.2 1.2.10-3
1969-12-31 18:04:53 status config-files libsdl-image1.2 1.2.10-3
1969-12-31 18:04:53 trigproc fontconfig 2.8.0-3ubuntu9 <none>
1969-12-31 18:04:53 status half-configured fontconfig 2.8.0-3ubuntu9
1969-12-31 18:04:57 status installed fontconfig 2.8.0-3ubuntu9
1969-12-31 18:04:57 trigproc libc-bin 2.15-0ubuntu10.12 <none>
1969-12-31 18:04:57 status half-configured libc-bin 2.15-0ubuntu10.12
1969-12-31 18:05:06 status installed libc-bin 2.15-0ubuntu10.12
1969-12-31 18:09:51 startup archives unpack
1969-12-31 18:09:52 install firefox 11.0+build1-0ubuntu4 39.0+build5-0ubuntu0.12.04.2
1969-12-31 18:09:52 status half-installed firefox 11.0+build1-0ubuntu4
1969-12-31 18:09:53 status triggers-pending man-db 2.6.1-2
1969-12-31 18:09:53 status half-installed firefox 11.0+build1-0ubuntu4
1969-12-31 18:09:53 status triggers-pending desktop-file-utils 0.20-0ubuntu2
1969-12-31 18:09:53 status half-installed firefox 11.0+build1-0ubuntu4
1969-12-31 18:09:53 status triggers-pending bamfdaemon 0.2.114-0ubuntu1
1969-12-31 18:09:53 status half-installed firefox 11.0+build1-0ubuntu4
1969-12-31 18:09:53 status triggers-pending gnome-menus 3.4.0-0ubuntu1
1969-12-31 18:09:53 status half-installed firefox 11.0+build1-0ubuntu4
1969-12-31 18:10:18 status unpacked firefox 39.0+build5-0ubuntu0.12.04.2
1969-12-31 18:10:18 status unpacked firefox 39.0+build5-0ubuntu0.12.04.2
1969-12-31 18:10:18 trigproc man-db 2.6.1-2 2.6.1-2
1969-12-31 18:10:18 status half-configured man-db 2.6.1-2
1969-12-31 18:10:27 status installed man-db 2.6.1-2
1969-12-31 18:10:27 trigproc desktop-file-utils 0.20-0ubuntu2 0.20-0ubuntu2
1969-12-31 18:10:27 status half-configured desktop-file-utils 0.20-0ubuntu2
1969-12-31 18:10:27 status installed desktop-file-utils 0.20-0ubuntu2
1969-12-31 18:10:27 trigproc bamfdaemon 0.2.114-0ubuntu1 0.2.114-0ubuntu1
1969-12-31 18:10:27 status half-configured bamfdaemon 0.2.114-0ubuntu1
1969-12-31 18:10:27 status installed bamfdaemon 0.2.114-0ubuntu1
1969-12-31 18:10:27 trigproc gnome-menus 3.4.0-0ubuntu1 3.4.0-0ubuntu1
1969-12-31 18:10:27 status half-configured gnome-menus 3.4.0-0ubuntu1
1969-12-31 18:10:27 status installed gnome-menus 3.4.0-0ubuntu1
1969-12-31 18:10:29 startup packages configure
1969-12-31 18:10:29 configure firefox 39.0+build5-0ubuntu0.12.04.2 <none>
1969-12-31 18:10:29 status unpacked firefox 39.0+build5-0ubuntu0.12.04.2
1969-12-31 18:10:29 status unpacked firefox 39.0+build5-0ubuntu0.12.04.2
1969-12-31 18:10:29 status unpacked firefox 39.0+build5-0ubuntu0.12.04.2
1969-12-31 18:10:29 status unpacked firefox 39.0+build5-0ubuntu0.12.04.2
1969-12-31 18:10:29 status unpacked firefox 39.0+build5-0ubuntu0.12.04.2
1969-12-31 18:10:30 status half-configured firefox 39.0+build5-0ubuntu0.12.04.2
1969-12-31 18:10:30 status installed firefox 39.0+build5-0ubuntu0.12.04.2
1969-12-31 22:11:53 startup archives unpack
1969-12-31 22:11:56 upgrade libcairo-gobject2 1.10.2-6.1ubuntu2 1.10.2-6.1ubuntu3
1969-12-31 22:11:56 status half-configured libcairo-gobject2 1.10.2-6.1ubuntu2
1969-12-31 22:11:56 status unpacked libcairo-gobject2 1.10.2-6.1ubuntu2
1969-12-31 22:11:56 status half-installed libcairo-gobject2 1.10.2-6.1ubuntu2
1969-12-31 22:11:56 status half-installed libcairo-gobject2 1.10.2-6.1ubuntu2
1969-12-31 22:11:56 status unpacked libcairo-gobject2 1.10.2-6.1ubuntu3
1969-12-31 22:11:56 status unpacked libcairo-gobject2 1.10.2-6.1ubuntu3
1969-12-31 22:11:57 install libcairo-script-interpreter2 <none> 1.10.2-6.1ubuntu3
1969-12-31 22:11:57 status half-installed libcairo-script-interpreter2 1.10.2-6.1ubuntu3
1969-12-31 22:11:57 status unpacked libcairo-script-interpreter2 1.10.2-6.1ubuntu3
1969-12-31 22:11:57 status unpacked libcairo-script-interpreter2 1.10.2-6.1ubuntu3
1969-12-31 22:11:57 install libtimedate-perl <none> 1.2000-1
1969-12-31 22:11:57 status half-installed libtimedate-perl 1.2000-1
1969-12-31 22:11:57 status triggers-pending man-db 2.6.1-2
1969-12-31 22:11:57 status half-installed libtimedate-perl 1.2000-1
1969-12-31 22:11:57 status unpacked libtimedate-perl 1.2000-1
1969-12-31 22:11:57 status unpacked libtimedate-perl 1.2000-1
1969-12-31 22:11:58 install libdpkg-perl <none> 1.16.1.2ubuntu7.6
1969-12-31 22:11:58 status half-installed libdpkg-perl 1.16.1.2ubuntu7.6
1969-12-31 22:11:58 status half-installed libdpkg-perl 1.16.1.2ubuntu7.6
1969-12-31 22:11:58 status unpacked libdpkg-perl 1.16.1.2ubuntu7.6
1969-12-31 22:11:58 status unpacked libdpkg-perl 1.16.1.2ubuntu7.6
1969-12-31 22:11:58 install patch <none> 2.6.1-3ubuntu0.1
1969-12-31 22:11:58 status half-installed patch 2.6.1-3ubuntu0.1
1969-12-31 22:11:58 status half-installed patch 2.6.1-3ubuntu0.1
1969-12-31 22:11:59 status unpacked patch 2.6.1-3ubuntu0.1
1969-12-31 22:11:59 status unpacked patch 2.6.1-3ubuntu0.1
1969-12-31 22:11:59 install dpkg-dev <none> 1.16.1.2ubuntu7.6
1969-12-31 22:11:59 status half-installed dpkg-dev 1.16.1.2ubuntu7.6
1969-12-31 22:11:59 status half-installed dpkg-dev 1.16.1.2ubuntu7.6
1969-12-31 22:12:00 status unpacked dpkg-dev 1.16.1.2ubuntu7.6
1969-12-31 22:12:00 status unpacked dpkg-dev 1.16.1.2ubuntu7.6
1969-12-31 22:12:00 install build-essential <none> 11.5ubuntu2.1
1969-12-31 22:12:00 status half-installed build-essential 11.5ubuntu2.1
1969-12-31 22:12:00 status unpacked build-essential 11.5ubuntu2.1
1969-12-31 22:12:00 status unpacked build-essential 11.5ubuntu2.1
1969-12-31 22:12:00 install html2text <none> 1.3.2a-15
1969-12-31 22:12:00 status half-installed html2text 1.3.2a-15
1969-12-31 22:12:01 status half-installed html2text 1.3.2a-15
1969-12-31 22:12:01 status unpacked html2text 1.3.2a-15
1969-12-31 22:12:01 status unpacked html2text 1.3.2a-15
1969-12-31 22:12:01 install dh-apparmor <none> 2.7.102-0ubuntu3.10
1969-12-31 22:12:01 status half-installed dh-apparmor 2.7.102-0ubuntu3.10
1969-12-31 22:12:01 status half-installed dh-apparmor 2.7.102-0ubuntu3.10
1969-12-31 22:12:01 status unpacked dh-apparmor 2.7.102-0ubuntu3.10
1969-12-31 22:12:01 status unpacked dh-apparmor 2.7.102-0ubuntu3.10
1969-12-31 22:12:02 install debhelper <none> 9.20120115ubuntu3
1969-12-31 22:12:02 status half-installed debhelper 9.20120115ubuntu3
1969-12-31 22:12:02 status half-installed debhelper 9.20120115ubuntu3
1969-12-31 22:12:02 status unpacked debhelper 9.20120115ubuntu3
1969-12-31 22:12:02 status unpacked debhelper 9.20120115ubuntu3
1969-12-31 22:12:03 install fakeroot <none> 1.18.2-1
1969-12-31 22:12:03 status half-installed fakeroot 1.18.2-1
1969-12-31 22:12:03 status half-installed fakeroot 1.18.2-1
1969-12-31 22:12:03 status unpacked fakeroot 1.18.2-1
1969-12-31 22:12:03 status unpacked fakeroot 1.18.2-1
1969-12-31 22:12:03 install libalgorithm-diff-perl <none> 1.19.02-2
1969-12-31 22:12:03 status half-installed libalgorithm-diff-perl 1.19.02-2
1969-12-31 22:12:03 status half-installed libalgorithm-diff-perl 1.19.02-2
1969-12-31 22:12:03 status unpacked libalgorithm-diff-perl 1.19.02-2
1969-12-31 22:12:03 status unpacked libalgorithm-diff-perl 1.19.02-2
1969-12-31 22:12:04 install libalgorithm-diff-xs-perl <none> 0.04-2build2
1969-12-31 22:12:04 status half-installed libalgorithm-diff-xs-perl 0.04-2build2
1969-12-31 22:12:04 status half-installed libalgorithm-diff-xs-perl 0.04-2build2
1969-12-31 22:12:04 status unpacked libalgorithm-diff-xs-perl 0.04-2build2
1969-12-31 22:12:04 status unpacked libalgorithm-diff-xs-perl 0.04-2build2
1969-12-31 22:12:04 install libalgorithm-merge-perl <none> 0.08-2
1969-12-31 22:12:04 status half-installed libalgorithm-merge-perl 0.08-2
1969-12-31 22:12:04 status half-installed libalgorithm-merge-perl 0.08-2
1969-12-31 22:12:04 status unpacked libalgorithm-merge-perl 0.08-2
1969-12-31 22:12:04 status unpacked libalgorithm-merge-perl 0.08-2
1969-12-31 22:12:04 install libatk1.0-dev <none> 2.4.0-0ubuntu1
1969-12-31 22:12:04 status half-installed libatk1.0-dev 2.4.0-0ubuntu1
1969-12-31 22:12:05 status unpacked libatk1.0-dev 2.4.0-0ubuntu1
1969-12-31 22:12:05 status unpacked libatk1.0-dev 2.4.0-0ubuntu1
1969-12-31 22:12:05 install libexpat1-dev <none> 2.0.1-7.2ubuntu1.1
1969-12-31 22:12:05 status half-installed libexpat1-dev 2.0.1-7.2ubuntu1.1
1969-12-31 22:12:06 status triggers-pending doc-base 0.10.3
1969-12-31 22:12:06 status half-installed libexpat1-dev 2.0.1-7.2ubuntu1.1
1969-12-31 22:12:06 status unpacked libexpat1-dev 2.0.1-7.2ubuntu1.1
1969-12-31 22:12:06 status unpacked libexpat1-dev 2.0.1-7.2ubuntu1.1
1969-12-31 22:12:06 install libfreetype6-dev <none> 2.4.8-1ubuntu2.2
1969-12-31 22:12:06 status half-installed libfreetype6-dev 2.4.8-1ubuntu2.2
1969-12-31 22:12:07 status half-installed libfreetype6-dev 2.4.8-1ubuntu2.2
1969-12-31 22:12:09 status half-installed libfreetype6-dev 2.4.8-1ubuntu2.2
1969-12-31 22:12:09 status unpacked libfreetype6-dev 2.4.8-1ubuntu2.2
1969-12-31 22:12:09 status unpacked libfreetype6-dev 2.4.8-1ubuntu2.2
1969-12-31 22:12:09 install libfontconfig1-dev <none> 2.8.0-3ubuntu9.1
1969-12-31 22:12:09 status half-installed libfontconfig1-dev 2.8.0-3ubuntu9.1
1969-12-31 22:12:09 status half-installed libfontconfig1-dev 2.8.0-3ubuntu9.1
1969-12-31 22:12:10 status half-installed libfontconfig1-dev 2.8.0-3ubuntu9.1
1969-12-31 22:12:11 status unpacked libfontconfig1-dev 2.8.0-3ubuntu9.1
1969-12-31 22:12:11 status unpacked libfontconfig1-dev 2.8.0-3ubuntu9.1
1969-12-31 22:12:11 install xorg-sgml-doctools <none> 1:1.10-1
1969-12-31 22:12:11 status half-installed xorg-sgml-doctools 1:1.10-1
1969-12-31 22:12:11 status unpacked xorg-sgml-doctools 1:1.10-1
1969-12-31 22:12:12 status unpacked xorg-sgml-doctools 1:1.10-1
1969-12-31 22:12:12 install x11proto-core-dev <none> 7.0.22-1ubuntu0.2
1969-12-31 22:12:12 status half-installed x11proto-core-dev 7.0.22-1ubuntu0.2
1969-12-31 22:12:29 status unpacked x11proto-core-dev 7.0.22-1ubuntu0.2
1969-12-31 22:12:29 status unpacked x11proto-core-dev 7.0.22-1ubuntu0.2
1969-12-31 22:12:29 install libxau-dev <none> 1:1.0.6-4
1969-12-31 22:12:29 status half-installed libxau-dev 1:1.0.6-4
1969-12-31 22:12:30 status half-installed libxau-dev 1:1.0.6-4
1969-12-31 22:12:30 status unpacked libxau-dev 1:1.0.6-4
1969-12-31 22:12:30 status unpacked libxau-dev 1:1.0.6-4
1969-12-31 22:12:30 install libxdmcp-dev <none> 1:1.1.0-4
1969-12-31 22:12:30 status half-installed libxdmcp-dev 1:1.1.0-4
1969-12-31 22:12:30 status unpacked libxdmcp-dev 1:1.1.0-4
1969-12-31 22:12:30 status unpacked libxdmcp-dev 1:1.1.0-4
1969-12-31 22:12:30 install x11proto-input-dev <none> 2.3-1~precise2
1969-12-31 22:12:30 status half-installed x11proto-input-dev 2.3-1~precise2
1969-12-31 22:12:31 status unpacked x11proto-input-dev 2.3-1~precise2
1969-12-31 22:12:31 status unpacked x11proto-input-dev 2.3-1~precise2
1969-12-31 22:12:32 install x11proto-kb-dev <none> 1.0.5-2
1969-12-31 22:12:32 status half-installed x11proto-kb-dev 1.0.5-2
1969-12-31 22:12:32 status unpacked x11proto-kb-dev 1.0.5-2
1969-12-31 22:12:32 status unpacked x11proto-kb-dev 1.0.5-2
1969-12-31 22:12:32 install xtrans-dev <none> 1.2.6-2
1969-12-31 22:12:32 status half-installed xtrans-dev 1.2.6-2
1969-12-31 22:12:32 status unpacked xtrans-dev 1.2.6-2
1969-12-31 22:12:32 status unpacked xtrans-dev 1.2.6-2
1969-12-31 22:12:32 install libpthread-stubs0 <none> 0.3-3
1969-12-31 22:12:32 status half-installed libpthread-stubs0 0.3-3
1969-12-31 22:12:32 status unpacked libpthread-stubs0 0.3-3
1969-12-31 22:12:32 status unpacked libpthread-stubs0 0.3-3
1969-12-31 22:12:33 install libpthread-stubs0-dev <none> 0.3-3
1969-12-31 22:12:33 status half-installed libpthread-stubs0-dev 0.3-3
1969-12-31 22:12:33 status unpacked libpthread-stubs0-dev 0.3-3
1969-12-31 22:12:33 status unpacked libpthread-stubs0-dev 0.3-3
1969-12-31 22:12:33 install libxcb1-dev <none> 1.8.1-1ubuntu0.2
1969-12-31 22:12:33 status half-installed libxcb1-dev 1.8.1-1ubuntu0.2
1969-12-31 22:12:34 status unpacked libxcb1-dev 1.8.1-1ubuntu0.2
1969-12-31 22:12:34 status unpacked libxcb1-dev 1.8.1-1ubuntu0.2
1969-12-31 22:12:34 install libx11-dev <none> 2:1.4.99.1-0ubuntu2.3
1969-12-31 22:12:34 status half-installed libx11-dev 2:1.4.99.1-0ubuntu2.3
1969-12-31 22:12:35 status unpacked libx11-dev 2:1.4.99.1-0ubuntu2.3
1969-12-31 22:12:35 status unpacked libx11-dev 2:1.4.99.1-0ubuntu2.3
1969-12-31 22:12:36 install x11proto-render-dev <none> 2:0.11.1-2
1969-12-31 22:12:36 status half-installed x11proto-render-dev 2:0.11.1-2
1969-12-31 22:12:36 status unpacked x11proto-render-dev 2:0.11.1-2
1969-12-31 22:12:36 status unpacked x11proto-render-dev 2:0.11.1-2
1969-12-31 22:12:36 install libxrender-dev <none> 1:0.9.6-2ubuntu0.2
1969-12-31 22:12:36 status half-installed libxrender-dev 1:0.9.6-2ubuntu0.2
1969-12-31 22:12:36 status unpacked libxrender-dev 1:0.9.6-2ubuntu0.2
1969-12-31 22:12:36 status unpacked libxrender-dev 1:0.9.6-2ubuntu0.2
1969-12-31 22:12:36 install libice-dev <none> 2:1.0.7-2build1
1969-12-31 22:12:36 status half-installed libice-dev 2:1.0.7-2build1
1969-12-31 22:12:38 status unpacked libice-dev 2:1.0.7-2build1
1969-12-31 22:12:38 status unpacked libice-dev 2:1.0.7-2build1
1969-12-31 22:12:38 install libsm-dev <none> 2:1.2.0-2build1
1969-12-31 22:12:38 status half-installed libsm-dev 2:1.2.0-2build1
1969-12-31 22:12:38 status unpacked libsm-dev 2:1.2.0-2build1
1969-12-31 22:12:38 status unpacked libsm-dev 2:1.2.0-2build1
1969-12-31 22:12:39 install libpixman-1-dev <none> 0.30.2-1ubuntu0.0.0.0.2
1969-12-31 22:12:39 status half-installed libpixman-1-dev 0.30.2-1ubuntu0.0.0.0.2
1969-12-31 22:12:39 status unpacked libpixman-1-dev 0.30.2-1ubuntu0.0.0.0.2
1969-12-31 22:12:39 status unpacked libpixman-1-dev 0.30.2-1ubuntu0.0.0.0.2
1969-12-31 22:12:40 install libxcb-render0-dev <none> 1.8.1-1ubuntu0.2
1969-12-31 22:12:40 status half-installed libxcb-render0-dev 1.8.1-1ubuntu0.2
1969-12-31 22:12:40 status unpacked libxcb-render0-dev 1.8.1-1ubuntu0.2
1969-12-31 22:12:40 status unpacked libxcb-render0-dev 1.8.1-1ubuntu0.2
1969-12-31 22:12:40 install libxcb-shm0-dev <none> 1.8.1-1ubuntu0.2
1969-12-31 22:12:40 status half-installed libxcb-shm0-dev 1.8.1-1ubuntu0.2
1969-12-31 22:12:40 status unpacked libxcb-shm0-dev 1.8.1-1ubuntu0.2
1969-12-31 22:12:40 status unpacked libxcb-shm0-dev 1.8.1-1ubuntu0.2
1969-12-31 22:12:40 install libcairo2-dev <none> 1.10.2-6.1ubuntu3
1969-12-31 22:12:40 status half-installed libcairo2-dev 1.10.2-6.1ubuntu3
1969-12-31 22:12:42 status unpacked libcairo2-dev 1.10.2-6.1ubuntu3
1969-12-31 22:12:42 status unpacked libcairo2-dev 1.10.2-6.1ubuntu3
1969-12-31 22:12:42 install libopencv-core2.3 <none> 2.3.1-7
1969-12-31 22:12:42 status half-installed libopencv-core2.3 2.3.1-7
1969-12-31 22:12:43 status unpacked libopencv-core2.3 2.3.1-7
1969-12-31 22:12:43 status unpacked libopencv-core2.3 2.3.1-7
1969-12-31 22:12:43 install libopencv-flann2.3 <none> 2.3.1-7
1969-12-31 22:12:43 status half-installed libopencv-flann2.3 2.3.1-7
1969-12-31 22:12:44 status unpacked libopencv-flann2.3 2.3.1-7
1969-12-31 22:12:44 status unpacked libopencv-flann2.3 2.3.1-7
1969-12-31 22:12:44 install libilmbase6 <none> 1.0.1-3build2
1969-12-31 22:12:44 status half-installed libilmbase6 1.0.1-3build2
1969-12-31 22:12:45 status unpacked libilmbase6 1.0.1-3build2
1969-12-31 22:12:45 status unpacked libilmbase6 1.0.1-3build2
1969-12-31 22:12:45 install libopencv-imgproc2.3 <none> 2.3.1-7
1969-12-31 22:12:45 status half-installed libopencv-imgproc2.3 2.3.1-7
1969-12-31 22:12:46 status unpacked libopencv-imgproc2.3 2.3.1-7
1969-12-31 22:12:46 status unpacked libopencv-imgproc2.3 2.3.1-7
1969-12-31 22:12:46 install libopenexr6 <none> 1.6.1-4.1
1969-12-31 22:12:46 status half-installed libopenexr6 1.6.1-4.1
1969-12-31 22:12:47 status unpacked libopenexr6 1.6.1-4.1
1969-12-31 22:12:47 status unpacked libopenexr6 1.6.1-4.1
1969-12-31 22:12:47 install libopencv-highgui2.3 <none> 2.3.1-7
1969-12-31 22:12:47 status half-installed libopencv-highgui2.3 2.3.1-7
1969-12-31 22:12:47 status unpacked libopencv-highgui2.3 2.3.1-7
1969-12-31 22:12:47 status unpacked libopencv-highgui2.3 2.3.1-7
1969-12-31 22:12:47 install libopencv-features2d2.3 <none> 2.3.1-7
1969-12-31 22:12:47 status half-installed libopencv-features2d2.3 2.3.1-7
1969-12-31 22:12:48 status unpacked libopencv-features2d2.3 2.3.1-7
1969-12-31 22:12:48 status unpacked libopencv-features2d2.3 2.3.1-7
1969-12-31 22:12:48 install libopencv-calib3d2.3 <none> 2.3.1-7
1969-12-31 22:12:48 status half-installed libopencv-calib3d2.3 2.3.1-7
1969-12-31 22:12:56 status unpacked libopencv-calib3d2.3 2.3.1-7
1969-12-31 22:12:57 status unpacked libopencv-calib3d2.3 2.3.1-7
1969-12-31 22:12:57 install libopencv-gpu2.3 <none> 2.3.1-7
1969-12-31 22:12:57 status half-installed libopencv-gpu2.3 2.3.1-7
1969-12-31 22:13:00 status unpacked libopencv-gpu2.3 2.3.1-7
1969-12-31 22:13:00 status unpacked libopencv-gpu2.3 2.3.1-7
1969-12-31 22:13:00 install libopencv-ml2.3 <none> 2.3.1-7
1969-12-31 22:13:00 status half-installed libopencv-ml2.3 2.3.1-7
1969-12-31 22:13:00 status unpacked libopencv-ml2.3 2.3.1-7
1969-12-31 22:13:00 status unpacked libopencv-ml2.3 2.3.1-7
1969-12-31 22:13:01 install libopencv-objdetect2.3 <none> 2.3.1-7
1969-12-31 22:13:01 status half-installed libopencv-objdetect2.3 2.3.1-7
1969-12-31 22:13:01 status unpacked libopencv-objdetect2.3 2.3.1-7
1969-12-31 22:13:01 status unpacked libopencv-objdetect2.3 2.3.1-7
1969-12-31 22:13:01 install libopencv-core-dev <none> 2.3.1-7
1969-12-31 22:13:01 status half-installed libopencv-core-dev 2.3.1-7
1969-12-31 22:13:01 status half-installed libopencv-core-dev 2.3.1-7
1969-12-31 22:13:14 status unpacked libopencv-core-dev 2.3.1-7
1969-12-31 22:13:14 status unpacked libopencv-core-dev 2.3.1-7
1969-12-31 22:13:14 install libopencv-imgproc-dev <none> 2.3.1-7
1969-12-31 22:13:14 status half-installed libopencv-imgproc-dev 2.3.1-7
1969-12-31 22:13:15 status unpacked libopencv-imgproc-dev 2.3.1-7
1969-12-31 22:13:16 status unpacked libopencv-imgproc-dev 2.3.1-7
1969-12-31 22:13:16 install libopencv-flann-dev <none> 2.3.1-7
1969-12-31 22:13:16 status half-installed libopencv-flann-dev 2.3.1-7
1969-12-31 22:13:17 status unpacked libopencv-flann-dev 2.3.1-7
1969-12-31 22:13:17 status unpacked libopencv-flann-dev 2.3.1-7
1969-12-31 22:13:17 install libswscale-dev <none> 4:0.8.17-0ubuntu0.12.04.1
1969-12-31 22:13:17 status half-installed libswscale-dev 4:0.8.17-0ubuntu0.12.04.1
1969-12-31 22:13:18 status unpacked libswscale-dev 4:0.8.17-0ubuntu0.12.04.1
1969-12-31 22:13:18 status unpacked libswscale-dev 4:0.8.17-0ubuntu0.12.04.1
1969-12-31 22:13:18 install libgdk-pixbuf2.0-dev <none> 2.26.1-1ubuntu1.1
1969-12-31 22:13:18 status half-installed libgdk-pixbuf2.0-dev 2.26.1-1ubuntu1.1
1969-12-31 22:13:18 status half-installed libgdk-pixbuf2.0-dev 2.26.1-1ubuntu1.1
1969-12-31 22:13:25 status unpacked libgdk-pixbuf2.0-dev 2.26.1-1ubuntu1.1
1969-12-31 22:13:26 status unpacked libgdk-pixbuf2.0-dev 2.26.1-1ubuntu1.1
1969-12-31 22:13:27 install libxft-dev <none> 2.2.0-3ubuntu2
1969-12-31 22:13:27 status half-installed libxft-dev 2.2.0-3ubuntu2
1969-12-31 22:13:27 status half-installed libxft-dev 2.2.0-3ubuntu2
1969-12-31 22:13:27 status unpacked libxft-dev 2.2.0-3ubuntu2
1969-12-31 22:13:27 status unpacked libxft-dev 2.2.0-3ubuntu2
1969-12-31 22:13:28 install libpango1.0-dev <none> 1.30.0-0ubuntu3.1
1969-12-31 22:13:28 status half-installed libpango1.0-dev 1.30.0-0ubuntu3.1
1969-12-31 22:13:28 status half-installed libpango1.0-dev 1.30.0-0ubuntu3.1
1969-12-31 22:13:29 status unpacked libpango1.0-dev 1.30.0-0ubuntu3.1
1969-12-31 22:13:29 status unpacked libpango1.0-dev 1.30.0-0ubuntu3.1
1969-12-31 22:13:30 install x11proto-xext-dev <none> 7.3.0-1~precise2
1969-12-31 22:13:30 status half-installed x11proto-xext-dev 7.3.0-1~precise2
1969-12-31 22:13:30 status unpacked x11proto-xext-dev 7.3.0-1~precise2
1969-12-31 22:13:30 status unpacked x11proto-xext-dev 7.3.0-1~precise2
1969-12-31 22:13:31 install libxext-dev <none> 2:1.3.0-3ubuntu0.2
1969-12-31 22:13:31 status half-installed libxext-dev 2:1.3.0-3ubuntu0.2
1969-12-31 22:13:31 status half-installed libxext-dev 2:1.3.0-3ubuntu0.2
1969-12-31 22:13:31 status unpacked libxext-dev 2:1.3.0-3ubuntu0.2
1969-12-31 22:13:31 status unpacked libxext-dev 2:1.3.0-3ubuntu0.2
1969-12-31 22:13:31 install x11proto-xinerama-dev <none> 1.2.1-2
1969-12-31 22:13:31 status half-installed x11proto-xinerama-dev 1.2.1-2
1969-12-31 22:13:32 status unpacked x11proto-xinerama-dev 1.2.1-2
1969-12-31 22:13:32 status unpacked x11proto-xinerama-dev 1.2.1-2
1969-12-31 22:13:32 install libxinerama-dev <none> 2:1.1.1-3ubuntu0.1
1969-12-31 22:13:32 status half-installed libxinerama-dev 2:1.1.1-3ubuntu0.1
1969-12-31 22:13:32 status half-installed libxinerama-dev 2:1.1.1-3ubuntu0.1
1969-12-31 22:13:32 status unpacked libxinerama-dev 2:1.1.1-3ubuntu0.1
1969-12-31 22:13:32 status unpacked libxinerama-dev 2:1.1.1-3ubuntu0.1
1969-12-31 22:13:32 install x11proto-fixes-dev <none> 1:5.0-2ubuntu1
1969-12-31 22:13:32 status half-installed x11proto-fixes-dev 1:5.0-2ubuntu1
1969-12-31 22:13:32 status unpacked x11proto-fixes-dev 1:5.0-2ubuntu1
1969-12-31 22:13:32 status unpacked x11proto-fixes-dev 1:5.0-2ubuntu1
1969-12-31 22:13:33 install libxfixes-dev <none> 1:5.0-4ubuntu4.4
1969-12-31 22:13:33 status half-installed libxfixes-dev 1:5.0-4ubuntu4.4
1969-12-31 22:13:33 status half-installed libxfixes-dev 1:5.0-4ubuntu4.4
1969-12-31 22:13:33 status unpacked libxfixes-dev 1:5.0-4ubuntu4.4
1969-12-31 22:13:33 status unpacked libxfixes-dev 1:5.0-4ubuntu4.4
1969-12-31 22:13:33 install libxi-dev <none> 2:1.7.1.901-1ubuntu1~precise3
1969-12-31 22:13:33 status half-installed libxi-dev 2:1.7.1.901-1ubuntu1~precise3
1969-12-31 22:13:33 status half-installed libxi-dev 2:1.7.1.901-1ubuntu1~precise3
1969-12-31 22:13:34 status unpacked libxi-dev 2:1.7.1.901-1ubuntu1~precise3
1969-12-31 22:13:34 status unpacked libxi-dev 2:1.7.1.901-1ubuntu1~precise3
1969-12-31 22:13:34 install x11proto-randr-dev <none> 1.4.0+git20120101.is.really.1.4.0-0ubuntu1~precise2
1969-12-31 22:13:34 status half-installed x11proto-randr-dev 1.4.0+git20120101.is.really.1.4.0-0ubuntu1~precise2
1969-12-31 22:13:34 status unpacked x11proto-randr-dev 1.4.0+git20120101.is.really.1.4.0-0ubuntu1~precise2
1969-12-31 22:13:34 status unpacked x11proto-randr-dev 1.4.0+git20120101.is.really.1.4.0-0ubuntu1~precise2
1969-12-31 22:13:34 install libxrandr-dev <none> 2:1.3.2-2ubuntu0.3
1969-12-31 22:13:34 status half-installed libxrandr-dev 2:1.3.2-2ubuntu0.3
1969-12-31 22:13:34 status half-installed libxrandr-dev 2:1.3.2-2ubuntu0.3
1969-12-31 22:13:34 status unpacked libxrandr-dev 2:1.3.2-2ubuntu0.3
1969-12-31 22:13:34 status unpacked libxrandr-dev 2:1.3.2-2ubuntu0.3
1969-12-31 22:13:34 install libxcursor-dev <none> 1:1.1.12-1ubuntu0.1
1969-12-31 22:13:34 status half-installed libxcursor-dev 1:1.1.12-1ubuntu0.1
1969-12-31 22:13:34 status half-installed libxcursor-dev 1:1.1.12-1ubuntu0.1
1969-12-31 22:13:35 status unpacked libxcursor-dev 1:1.1.12-1ubuntu0.1
1969-12-31 22:13:35 status unpacked libxcursor-dev 1:1.1.12-1ubuntu0.1
1969-12-31 22:13:35 install x11proto-composite-dev <none> 1:0.4.2-2
1969-12-31 22:13:35 status half-installed x11proto-composite-dev 1:0.4.2-2
1969-12-31 22:13:35 status unpacked x11proto-composite-dev 1:0.4.2-2
1969-12-31 22:13:35 status unpacked x11proto-composite-dev 1:0.4.2-2
1969-12-31 22:13:35 install libxcomposite-dev <none> 1:0.4.3-2build1
1969-12-31 22:13:35 status half-installed libxcomposite-dev 1:0.4.3-2build1
1969-12-31 22:13:35 status half-installed libxcomposite-dev 1:0.4.3-2build1
1969-12-31 22:13:35 status unpacked libxcomposite-dev 1:0.4.3-2build1
1969-12-31 22:13:36 status unpacked libxcomposite-dev 1:0.4.3-2build1
1969-12-31 22:13:36 install x11proto-damage-dev <none> 1:1.2.1-2
1969-12-31 22:13:36 status half-installed x11proto-damage-dev 1:1.2.1-2
1969-12-31 22:13:36 status unpacked x11proto-damage-dev 1:1.2.1-2
1969-12-31 22:13:36 status unpacked x11proto-damage-dev 1:1.2.1-2
1969-12-31 22:13:36 install libxdamage-dev <none> 1:1.1.3-2build1
1969-12-31 22:13:36 status half-installed libxdamage-dev 1:1.1.3-2build1
1969-12-31 22:13:36 status unpacked libxdamage-dev 1:1.1.3-2build1
1969-12-31 22:13:36 status unpacked libxdamage-dev 1:1.1.3-2build1
1969-12-31 22:13:36 install libxml2-utils <none> 2.7.8.dfsg-5.1ubuntu4.11
1969-12-31 22:13:36 status half-installed libxml2-utils 2.7.8.dfsg-5.1ubuntu4.11
1969-12-31 22:13:36 status half-installed libxml2-utils 2.7.8.dfsg-5.1ubuntu4.11
1969-12-31 22:13:37 status unpacked libxml2-utils 2.7.8.dfsg-5.1ubuntu4.11
1969-12-31 22:13:37 status unpacked libxml2-utils 2.7.8.dfsg-5.1ubuntu4.11
1969-12-31 22:13:37 install libgtk2.0-dev <none> 2.24.10-0ubuntu6.1
1969-12-31 22:13:37 status half-installed libgtk2.0-dev 2.24.10-0ubuntu6.1
1969-12-31 22:13:37 status half-installed libgtk2.0-dev 2.24.10-0ubuntu6.1
1969-12-31 22:13:43 status unpacked libgtk2.0-dev 2.24.10-0ubuntu6.1
1969-12-31 22:13:43 status unpacked libgtk2.0-dev 2.24.10-0ubuntu6.1
1969-12-31 22:13:44 install libjasper-dev <none> 1.900.1-13ubuntu0.2
1969-12-31 22:13:44 status half-installed libjasper-dev 1.900.1-13ubuntu0.2
1969-12-31 22:13:45 status unpacked libjasper-dev 1.900.1-13ubuntu0.2
1969-12-31 22:13:45 status unpacked libjasper-dev 1.900.1-13ubuntu0.2
1969-12-31 22:13:46 install libilmbase-dev <none> 1.0.1-3build2
1969-12-31 22:13:46 status half-installed libilmbase-dev 1.0.1-3build2
1969-12-31 22:13:47 status unpacked libilmbase-dev 1.0.1-3build2
1969-12-31 22:13:47 status unpacked libilmbase-dev 1.0.1-3build2
1969-12-31 22:13:48 install libopenexr-dev <none> 1.6.1-4.1
1969-12-31 22:13:48 status half-installed libopenexr-dev 1.6.1-4.1
1969-12-31 22:13:48 status unpacked libopenexr-dev 1.6.1-4.1
1969-12-31 22:13:49 status unpacked libopenexr-dev 1.6.1-4.1
1969-12-31 22:13:49 install libraw1394-dev <none> 2.0.7-1ubuntu1
1969-12-31 22:13:49 status half-installed libraw1394-dev 2.0.7-1ubuntu1
1969-12-31 22:13:49 status half-installed libraw1394-dev 2.0.7-1ubuntu1
1969-12-31 22:13:49 status unpacked libraw1394-dev 2.0.7-1ubuntu1
1969-12-31 22:13:49 status unpacked libraw1394-dev 2.0.7-1ubuntu1
1969-12-31 22:13:50 install libdc1394-22-dev <none> 2.2.0-2
1969-12-31 22:13:50 status half-installed libdc1394-22-dev 2.2.0-2
1969-12-31 22:13:50 status unpacked libdc1394-22-dev 2.2.0-2
1969-12-31 22:13:50 status unpacked libdc1394-22-dev 2.2.0-2
1969-12-31 22:13:50 install libopencv-highgui-dev <none> 2.3.1-7
1969-12-31 22:13:50 status half-installed libopencv-highgui-dev 2.3.1-7
1969-12-31 22:13:51 status unpacked libopencv-highgui-dev 2.3.1-7
1969-12-31 22:13:51 status unpacked libopencv-highgui-dev 2.3.1-7
1969-12-31 22:13:51 install libopencv-features2d-dev <none> 2.3.1-7
1969-12-31 22:13:51 status half-installed libopencv-features2d-dev 2.3.1-7
1969-12-31 22:13:52 status unpacked libopencv-features2d-dev 2.3.1-7
1969-12-31 22:13:52 status unpacked libopencv-features2d-dev 2.3.1-7
1969-12-31 22:13:52 install libopencv-calib3d-dev <none> 2.3.1-7
1969-12-31 22:13:52 status half-installed libopencv-calib3d-dev 2.3.1-7
1969-12-31 22:13:52 status unpacked libopencv-calib3d-dev 2.3.1-7
1969-12-31 22:13:52 status unpacked libopencv-calib3d-dev 2.3.1-7
1969-12-31 22:13:53 install libopencv-objdetect-dev <none> 2.3.1-7
1969-12-31 22:13:53 status half-installed libopencv-objdetect-dev 2.3.1-7
1969-12-31 22:13:53 status unpacked libopencv-objdetect-dev 2.3.1-7
1969-12-31 22:13:53 status unpacked libopencv-objdetect-dev 2.3.1-7
1969-12-31 22:13:53 install libopencv-video2.3 <none> 2.3.1-7
1969-12-31 22:13:53 status half-installed libopencv-video2.3 2.3.1-7
1969-12-31 22:13:54 status unpacked libopencv-video2.3 2.3.1-7
1969-12-31 22:13:59 status unpacked libopencv-video2.3 2.3.1-7
1969-12-31 22:14:04 install libopencv-video-dev <none> 2.3.1-7
1969-12-31 22:14:04 status half-installed libopencv-video-dev 2.3.1-7
1969-12-31 22:14:06 status unpacked libopencv-video-dev 2.3.1-7
1969-12-31 22:14:06 status unpacked libopencv-video-dev 2.3.1-7
1969-12-31 22:14:07 install libopencv-legacy2.3 <none> 2.3.1-7
1969-12-31 22:14:07 status half-installed libopencv-legacy2.3 2.3.1-7
1969-12-31 22:14:08 status unpacked libopencv-legacy2.3 2.3.1-7
1969-12-31 22:14:08 status unpacked libopencv-legacy2.3 2.3.1-7
1969-12-31 22:14:08 install libopencv-legacy-dev <none> 2.3.1-7
1969-12-31 22:14:08 status half-installed libopencv-legacy-dev 2.3.1-7
1969-12-31 22:14:09 status unpacked libopencv-legacy-dev 2.3.1-7
1969-12-31 22:14:09 status unpacked libopencv-legacy-dev 2.3.1-7
1969-12-31 22:14:09 install libopencv-ml-dev <none> 2.3.1-7
1969-12-31 22:14:09 status half-installed libopencv-ml-dev 2.3.1-7
1969-12-31 22:14:10 status unpacked libopencv-ml-dev 2.3.1-7
1969-12-31 22:14:10 status unpacked libopencv-ml-dev 2.3.1-7
1969-12-31 22:14:10 install libcv-dev <none> 2.3.1-7
1969-12-31 22:14:10 status half-installed libcv-dev 2.3.1-7
1969-12-31 22:14:11 status unpacked libcv-dev 2.3.1-7
1969-12-31 22:14:11 status unpacked libcv-dev 2.3.1-7
1969-12-31 22:14:11 install libcv2.3 <none> 2.3.1-7
1969-12-31 22:14:11 status half-installed libcv2.3 2.3.1-7
1969-12-31 22:14:11 status unpacked libcv2.3 2.3.1-7
1969-12-31 22:14:11 status unpacked libcv2.3 2.3.1-7
1969-12-31 22:14:11 install libx11-doc <none> 2:1.4.99.1-0ubuntu2.3
1969-12-31 22:14:11 status half-installed libx11-doc 2:1.4.99.1-0ubuntu2.3
1969-12-31 22:14:12 status half-installed libx11-doc 2:1.4.99.1-0ubuntu2.3
1969-12-31 22:14:18 status unpacked libx11-doc 2:1.4.99.1-0ubuntu2.3
1969-12-31 22:14:18 status unpacked libx11-doc 2:1.4.99.1-0ubuntu2.3
1969-12-31 22:14:18 trigproc man-db 2.6.1-2 2.6.1-2
1969-12-31 22:14:18 status half-configured man-db 2.6.1-2
1969-12-31 22:14:27 status installed man-db 2.6.1-2
1969-12-31 22:14:27 trigproc doc-base 0.10.3 0.10.3
1969-12-31 22:14:27 status half-configured doc-base 0.10.3
1969-12-31 22:14:27 status installed doc-base 0.10.3
1969-12-31 22:14:32 startup packages configure
1969-12-31 22:14:32 configure libcairo-gobject2 1.10.2-6.1ubuntu3 <none>
1969-12-31 22:14:32 status unpacked libcairo-gobject2 1.10.2-6.1ubuntu3
1969-12-31 22:14:33 status half-configured libcairo-gobject2 1.10.2-6.1ubuntu3
1969-12-31 22:14:33 status installed libcairo-gobject2 1.10.2-6.1ubuntu3
1969-12-31 22:14:33 status triggers-pending libc-bin 2.15-0ubuntu10.12
1969-12-31 22:14:37 configure libcairo-script-interpreter2 1.10.2-6.1ubuntu3 <none>
1969-12-31 22:14:37 status unpacked libcairo-script-interpreter2 1.10.2-6.1ubuntu3
1969-12-31 22:14:37 status half-configured libcairo-script-interpreter2 1.10.2-6.1ubuntu3
1969-12-31 22:14:38 status installed libcairo-script-interpreter2 1.10.2-6.1ubuntu3
1969-12-31 22:14:40 configure libtimedate-perl 1.2000-1 <none>
1969-12-31 22:14:40 status unpacked libtimedate-perl 1.2000-1
1969-12-31 22:14:40 status half-configured libtimedate-perl 1.2000-1
1969-12-31 22:14:40 status installed libtimedate-perl 1.2000-1
1969-12-31 22:14:40 configure libdpkg-perl 1.16.1.2ubuntu7.6 <none>
1969-12-31 22:14:40 status unpacked libdpkg-perl 1.16.1.2ubuntu7.6
1969-12-31 22:14:40 status half-configured libdpkg-perl 1.16.1.2ubuntu7.6
1969-12-31 22:14:40 status installed libdpkg-perl 1.16.1.2ubuntu7.6
1969-12-31 22:14:40 configure patch 2.6.1-3ubuntu0.1 <none>
1969-12-31 22:14:40 status unpacked patch 2.6.1-3ubuntu0.1
1969-12-31 22:14:40 status half-configured patch 2.6.1-3ubuntu0.1
1969-12-31 22:14:40 status installed patch 2.6.1-3ubuntu0.1
1969-12-31 22:14:40 configure dpkg-dev 1.16.1.2ubuntu7.6 <none>
1969-12-31 22:14:40 status unpacked dpkg-dev 1.16.1.2ubuntu7.6
1969-12-31 22:14:40 status unpacked dpkg-dev 1.16.1.2ubuntu7.6
1969-12-31 22:14:40 status unpacked dpkg-dev 1.16.1.2ubuntu7.6
1969-12-31 22:14:40 status half-configured dpkg-dev 1.16.1.2ubuntu7.6
1969-12-31 22:14:40 status installed dpkg-dev 1.16.1.2ubuntu7.6
1969-12-31 22:14:40 configure build-essential 11.5ubuntu2.1 <none>
1969-12-31 22:14:40 status unpacked build-essential 11.5ubuntu2.1
1969-12-31 22:14:40 status half-configured build-essential 11.5ubuntu2.1
1969-12-31 22:14:40 status installed build-essential 11.5ubuntu2.1
1969-12-31 22:14:40 configure html2text 1.3.2a-15 <none>
1969-12-31 22:14:40 status unpacked html2text 1.3.2a-15
1969-12-31 22:14:40 status half-configured html2text 1.3.2a-15
1969-12-31 22:14:40 status installed html2text 1.3.2a-15
1969-12-31 22:14:41 configure dh-apparmor 2.7.102-0ubuntu3.10 <none>
1969-12-31 22:14:41 status unpacked dh-apparmor 2.7.102-0ubuntu3.10
1969-12-31 22:14:41 status half-configured dh-apparmor 2.7.102-0ubuntu3.10
1969-12-31 22:14:41 status installed dh-apparmor 2.7.102-0ubuntu3.10
1969-12-31 22:14:41 configure debhelper 9.20120115ubuntu3 <none>
1969-12-31 22:14:41 status unpacked debhelper 9.20120115ubuntu3
1969-12-31 22:14:41 status half-configured debhelper 9.20120115ubuntu3
1969-12-31 22:14:41 status installed debhelper 9.20120115ubuntu3
1969-12-31 22:14:41 configure fakeroot 1.18.2-1 <none>
1969-12-31 22:14:41 status unpacked fakeroot 1.18.2-1
1969-12-31 22:14:41 status half-configured fakeroot 1.18.2-1
1969-12-31 22:14:41 status installed fakeroot 1.18.2-1
1969-12-31 22:14:41 configure libalgorithm-diff-perl 1.19.02-2 <none>
1969-12-31 22:14:41 status unpacked libalgorithm-diff-perl 1.19.02-2
1969-12-31 22:14:41 status half-configured libalgorithm-diff-perl 1.19.02-2
1969-12-31 22:14:41 status installed libalgorithm-diff-perl 1.19.02-2
1969-12-31 22:14:41 configure libalgorithm-diff-xs-perl 0.04-2build2 <none>
1969-12-31 22:14:41 status unpacked libalgorithm-diff-xs-perl 0.04-2build2
1969-12-31 22:14:41 status half-configured libalgorithm-diff-xs-perl 0.04-2build2
1969-12-31 22:14:41 status installed libalgorithm-diff-xs-perl 0.04-2build2
1969-12-31 22:14:41 configure libalgorithm-merge-perl 0.08-2 <none>
1969-12-31 22:14:41 status unpacked libalgorithm-merge-perl 0.08-2
1969-12-31 22:14:41 status half-configured libalgorithm-merge-perl 0.08-2
1969-12-31 22:14:41 status installed libalgorithm-merge-perl 0.08-2
1969-12-31 22:14:41 configure libatk1.0-dev 2.4.0-0ubuntu1 <none>
1969-12-31 22:14:41 status unpacked libatk1.0-dev 2.4.0-0ubuntu1
1969-12-31 22:14:41 status half-configured libatk1.0-dev 2.4.0-0ubuntu1
1969-12-31 22:14:41 status installed libatk1.0-dev 2.4.0-0ubuntu1
1969-12-31 22:14:41 configure libexpat1-dev 2.0.1-7.2ubuntu1.1 <none>
1969-12-31 22:14:41 status unpacked libexpat1-dev 2.0.1-7.2ubuntu1.1
1969-12-31 22:14:41 status half-configured libexpat1-dev 2.0.1-7.2ubuntu1.1
1969-12-31 22:14:41 status installed libexpat1-dev 2.0.1-7.2ubuntu1.1
1969-12-31 22:14:41 configure libfreetype6-dev 2.4.8-1ubuntu2.2 <none>
1969-12-31 22:14:41 status unpacked libfreetype6-dev 2.4.8-1ubuntu2.2
1969-12-31 22:14:41 status half-configured libfreetype6-dev 2.4.8-1ubuntu2.2
1969-12-31 22:14:41 status installed libfreetype6-dev 2.4.8-1ubuntu2.2
1969-12-31 22:14:41 configure libfontconfig1-dev 2.8.0-3ubuntu9.1 <none>
1969-12-31 22:14:41 status unpacked libfontconfig1-dev 2.8.0-3ubuntu9.1
1969-12-31 22:14:42 status half-configured libfontconfig1-dev 2.8.0-3ubuntu9.1
1969-12-31 22:14:42 status installed libfontconfig1-dev 2.8.0-3ubuntu9.1
1969-12-31 22:14:42 configure xorg-sgml-doctools 1:1.10-1 <none>
1969-12-31 22:14:42 status unpacked xorg-sgml-doctools 1:1.10-1
1969-12-31 22:14:42 status half-configured xorg-sgml-doctools 1:1.10-1
1969-12-31 22:14:42 status installed xorg-sgml-doctools 1:1.10-1
1969-12-31 22:14:42 configure x11proto-core-dev 7.0.22-1ubuntu0.2 <none>
1969-12-31 22:14:42 status unpacked x11proto-core-dev 7.0.22-1ubuntu0.2
1969-12-31 22:14:42 status half-configured x11proto-core-dev 7.0.22-1ubuntu0.2
1969-12-31 22:14:42 status installed x11proto-core-dev 7.0.22-1ubuntu0.2
1969-12-31 22:14:42 configure libxau-dev 1:1.0.6-4 <none>
1969-12-31 22:14:42 status unpacked libxau-dev 1:1.0.6-4
1969-12-31 22:14:42 status half-configured libxau-dev 1:1.0.6-4
1969-12-31 22:14:42 status installed libxau-dev 1:1.0.6-4
1969-12-31 22:14:42 configure libxdmcp-dev 1:1.1.0-4 <none>
1969-12-31 22:14:42 status unpacked libxdmcp-dev 1:1.1.0-4
1969-12-31 22:14:42 status half-configured libxdmcp-dev 1:1.1.0-4
1969-12-31 22:14:42 status installed libxdmcp-dev 1:1.1.0-4
1969-12-31 22:14:42 configure x11proto-input-dev 2.3-1~precise2 <none>
1969-12-31 22:14:42 status unpacked x11proto-input-dev 2.3-1~precise2
1969-12-31 22:14:42 status half-configured x11proto-input-dev 2.3-1~precise2
1969-12-31 22:14:42 status installed x11proto-input-dev 2.3-1~precise2
1969-12-31 22:14:42 configure x11proto-kb-dev 1.0.5-2 <none>
1969-12-31 22:14:42 status unpacked x11proto-kb-dev 1.0.5-2
1969-12-31 22:14:42 status half-configured x11proto-kb-dev 1.0.5-2
1969-12-31 22:14:42 status installed x11proto-kb-dev 1.0.5-2
1969-12-31 22:14:42 configure xtrans-dev 1.2.6-2 <none>
1969-12-31 22:14:42 status unpacked xtrans-dev 1.2.6-2
1969-12-31 22:14:42 status half-configured xtrans-dev 1.2.6-2
1969-12-31 22:14:42 status installed xtrans-dev 1.2.6-2
1969-12-31 22:14:42 configure libpthread-stubs0 0.3-3 <none>
1969-12-31 22:14:42 status unpacked libpthread-stubs0 0.3-3
1969-12-31 22:14:42 status half-configured libpthread-stubs0 0.3-3
1969-12-31 22:14:42 status installed libpthread-stubs0 0.3-3
1969-12-31 22:14:42 configure libpthread-stubs0-dev 0.3-3 <none>
1969-12-31 22:14:42 status unpacked libpthread-stubs0-dev 0.3-3
1969-12-31 22:14:42 status half-configured libpthread-stubs0-dev 0.3-3
1969-12-31 22:14:42 status installed libpthread-stubs0-dev 0.3-3
1969-12-31 22:14:42 configure libxcb1-dev 1.8.1-1ubuntu0.2 <none>
1969-12-31 22:14:42 status unpacked libxcb1-dev 1.8.1-1ubuntu0.2
1969-12-31 22:14:42 status half-configured libxcb1-dev 1.8.1-1ubuntu0.2
1969-12-31 22:14:42 status installed libxcb1-dev 1.8.1-1ubuntu0.2
1969-12-31 22:14:42 configure libx11-dev 2:1.4.99.1-0ubuntu2.3 <none>
1969-12-31 22:14:42 status unpacked libx11-dev 2:1.4.99.1-0ubuntu2.3
1969-12-31 22:14:42 status half-configured libx11-dev 2:1.4.99.1-0ubuntu2.3
1969-12-31 22:14:42 status installed libx11-dev 2:1.4.99.1-0ubuntu2.3
1969-12-31 22:14:42 configure x11proto-render-dev 2:0.11.1-2 <none>
1969-12-31 22:14:42 status unpacked x11proto-render-dev 2:0.11.1-2
1969-12-31 22:14:42 status half-configured x11proto-render-dev 2:0.11.1-2
1969-12-31 22:14:42 status installed x11proto-render-dev 2:0.11.1-2
1969-12-31 22:14:42 configure libxrender-dev 1:0.9.6-2ubuntu0.2 <none>
1969-12-31 22:14:42 status unpacked libxrender-dev 1:0.9.6-2ubuntu0.2
1969-12-31 22:14:42 status half-configured libxrender-dev 1:0.9.6-2ubuntu0.2
1969-12-31 22:14:43 status installed libxrender-dev 1:0.9.6-2ubuntu0.2
1969-12-31 22:14:43 configure libice-dev 2:1.0.7-2build1 <none>
1969-12-31 22:14:43 status unpacked libice-dev 2:1.0.7-2build1
1969-12-31 22:14:43 status half-configured libice-dev 2:1.0.7-2build1
1969-12-31 22:14:43 status installed libice-dev 2:1.0.7-2build1
1969-12-31 22:14:43 configure libsm-dev 2:1.2.0-2build1 <none>
1969-12-31 22:14:43 status unpacked libsm-dev 2:1.2.0-2build1
1969-12-31 22:14:43 status half-configured libsm-dev 2:1.2.0-2build1
1969-12-31 22:14:43 status installed libsm-dev 2:1.2.0-2build1
1969-12-31 22:14:43 configure libpixman-1-dev 0.30.2-1ubuntu0.0.0.0.2 <none>
1969-12-31 22:14:43 status unpacked libpixman-1-dev 0.30.2-1ubuntu0.0.0.0.2
1969-12-31 22:14:43 status half-configured libpixman-1-dev 0.30.2-1ubuntu0.0.0.0.2
1969-12-31 22:14:43 status installed libpixman-1-dev 0.30.2-1ubuntu0.0.0.0.2
1969-12-31 22:14:43 configure libxcb-render0-dev 1.8.1-1ubuntu0.2 <none>
1969-12-31 22:14:43 status unpacked libxcb-render0-dev 1.8.1-1ubuntu0.2
1969-12-31 22:14:43 status half-configured libxcb-render0-dev 1.8.1-1ubuntu0.2
1969-12-31 22:14:43 status installed libxcb-render0-dev 1.8.1-1ubuntu0.2
1969-12-31 22:14:43 configure libxcb-shm0-dev 1.8.1-1ubuntu0.2 <none>
1969-12-31 22:14:43 status unpacked libxcb-shm0-dev 1.8.1-1ubuntu0.2
1969-12-31 22:14:43 status half-configured libxcb-shm0-dev 1.8.1-1ubuntu0.2
1969-12-31 22:14:43 status installed libxcb-shm0-dev 1.8.1-1ubuntu0.2
1969-12-31 22:14:43 configure libcairo2-dev 1.10.2-6.1ubuntu3 <none>
1969-12-31 22:14:43 status unpacked libcairo2-dev 1.10.2-6.1ubuntu3
1969-12-31 22:14:43 status half-configured libcairo2-dev 1.10.2-6.1ubuntu3
1969-12-31 22:14:43 status installed libcairo2-dev 1.10.2-6.1ubuntu3
1969-12-31 22:14:43 configure libopencv-core2.3 2.3.1-7 <none>
1969-12-31 22:14:43 status unpacked libopencv-core2.3 2.3.1-7
1969-12-31 22:14:43 status half-configured libopencv-core2.3 2.3.1-7
1969-12-31 22:14:43 status installed libopencv-core2.3 2.3.1-7
1969-12-31 22:14:43 configure libopencv-flann2.3 2.3.1-7 <none>
1969-12-31 22:14:43 status unpacked libopencv-flann2.3 2.3.1-7
1969-12-31 22:14:43 status half-configured libopencv-flann2.3 2.3.1-7
1969-12-31 22:14:43 status installed libopencv-flann2.3 2.3.1-7
1969-12-31 22:14:43 configure libilmbase6 1.0.1-3build2 <none>
1969-12-31 22:14:43 status unpacked libilmbase6 1.0.1-3build2
1969-12-31 22:14:43 status half-configured libilmbase6 1.0.1-3build2
1969-12-31 22:14:43 status installed libilmbase6 1.0.1-3build2
1969-12-31 22:14:44 configure libopencv-imgproc2.3 2.3.1-7 <none>
1969-12-31 22:14:44 status unpacked libopencv-imgproc2.3 2.3.1-7
1969-12-31 22:14:44 status half-configured libopencv-imgproc2.3 2.3.1-7
1969-12-31 22:14:44 status installed libopencv-imgproc2.3 2.3.1-7
1969-12-31 22:14:44 configure libopenexr6 1.6.1-4.1 <none>
1969-12-31 22:14:44 status unpacked libopenexr6 1.6.1-4.1
1969-12-31 22:14:44 status half-configured libopenexr6 1.6.1-4.1
1969-12-31 22:14:44 status installed libopenexr6 1.6.1-4.1
1969-12-31 22:14:44 configure libopencv-highgui2.3 2.3.1-7 <none>
1969-12-31 22:14:44 status unpacked libopencv-highgui2.3 2.3.1-7
1969-12-31 22:14:44 status half-configured libopencv-highgui2.3 2.3.1-7
1969-12-31 22:14:44 status installed libopencv-highgui2.3 2.3.1-7
1969-12-31 22:14:44 configure libopencv-features2d2.3 2.3.1-7 <none>
1969-12-31 22:14:44 status unpacked libopencv-features2d2.3 2.3.1-7
1969-12-31 22:14:44 status half-configured libopencv-features2d2.3 2.3.1-7
1969-12-31 22:14:44 status installed libopencv-features2d2.3 2.3.1-7
1969-12-31 22:14:44 configure libopencv-calib3d2.3 2.3.1-7 <none>
1969-12-31 22:14:44 status unpacked libopencv-calib3d2.3 2.3.1-7
1969-12-31 22:14:44 status half-configured libopencv-calib3d2.3 2.3.1-7
1969-12-31 22:14:44 status installed libopencv-calib3d2.3 2.3.1-7
1969-12-31 22:14:44 configure libopencv-gpu2.3 2.3.1-7 <none>
1969-12-31 22:14:44 status unpacked libopencv-gpu2.3 2.3.1-7
1969-12-31 22:14:44 status half-configured libopencv-gpu2.3 2.3.1-7
1969-12-31 22:14:44 status installed libopencv-gpu2.3 2.3.1-7
1969-12-31 22:14:44 configure libopencv-ml2.3 2.3.1-7 <none>
1969-12-31 22:14:44 status unpacked libopencv-ml2.3 2.3.1-7
1969-12-31 22:14:44 status half-configured libopencv-ml2.3 2.3.1-7
1969-12-31 22:14:44 status installed libopencv-ml2.3 2.3.1-7
1969-12-31 22:14:44 configure libopencv-objdetect2.3 2.3.1-7 <none>
1969-12-31 22:14:44 status unpacked libopencv-objdetect2.3 2.3.1-7
1969-12-31 22:14:44 status half-configured libopencv-objdetect2.3 2.3.1-7
1969-12-31 22:14:45 status installed libopencv-objdetect2.3 2.3.1-7
1969-12-31 22:14:45 configure libopencv-core-dev 2.3.1-7 <none>
1969-12-31 22:14:45 status unpacked libopencv-core-dev 2.3.1-7
1969-12-31 22:14:45 status half-configured libopencv-core-dev 2.3.1-7
1969-12-31 22:14:45 status installed libopencv-core-dev 2.3.1-7
1969-12-31 22:14:45 configure libopencv-imgproc-dev 2.3.1-7 <none>
1969-12-31 22:14:45 status unpacked libopencv-imgproc-dev 2.3.1-7
1969-12-31 22:14:45 status half-configured libopencv-imgproc-dev 2.3.1-7
1969-12-31 22:14:45 status installed libopencv-imgproc-dev 2.3.1-7
1969-12-31 22:14:45 configure libopencv-flann-dev 2.3.1-7 <none>
1969-12-31 22:14:45 status unpacked libopencv-flann-dev 2.3.1-7
1969-12-31 22:14:45 status half-configured libopencv-flann-dev 2.3.1-7
1969-12-31 22:14:45 status installed libopencv-flann-dev 2.3.1-7
1969-12-31 22:14:45 configure libswscale-dev 4:0.8.17-0ubuntu0.12.04.1 <none>
1969-12-31 22:14:45 status unpacked libswscale-dev 4:0.8.17-0ubuntu0.12.04.1
1969-12-31 22:14:45 status half-configured libswscale-dev 4:0.8.17-0ubuntu0.12.04.1
1969-12-31 22:14:45 status installed libswscale-dev 4:0.8.17-0ubuntu0.12.04.1
1969-12-31 22:14:45 configure libgdk-pixbuf2.0-dev 2.26.1-1ubuntu1.1 <none>
1969-12-31 22:14:45 status unpacked libgdk-pixbuf2.0-dev 2.26.1-1ubuntu1.1
1969-12-31 22:14:45 status half-configured libgdk-pixbuf2.0-dev 2.26.1-1ubuntu1.1
1969-12-31 22:14:45 status installed libgdk-pixbuf2.0-dev 2.26.1-1ubuntu1.1
1969-12-31 22:14:45 configure libxft-dev 2.2.0-3ubuntu2 <none>
1969-12-31 22:14:45 status unpacked libxft-dev 2.2.0-3ubuntu2
1969-12-31 22:14:45 status half-configured libxft-dev 2.2.0-3ubuntu2
1969-12-31 22:14:45 status installed libxft-dev 2.2.0-3ubuntu2
1969-12-31 22:14:45 configure libpango1.0-dev 1.30.0-0ubuntu3.1 <none>
1969-12-31 22:14:45 status unpacked libpango1.0-dev 1.30.0-0ubuntu3.1
1969-12-31 22:14:45 status half-configured libpango1.0-dev 1.30.0-0ubuntu3.1
1969-12-31 22:14:45 status installed libpango1.0-dev 1.30.0-0ubuntu3.1
1969-12-31 22:14:45 configure x11proto-xext-dev 7.3.0-1~precise2 <none>
1969-12-31 22:14:45 status unpacked x11proto-xext-dev 7.3.0-1~precise2
1969-12-31 22:14:45 status half-configured x11proto-xext-dev 7.3.0-1~precise2
1969-12-31 22:14:45 status installed x11proto-xext-dev 7.3.0-1~precise2
1969-12-31 22:14:45 configure libxext-dev 2:1.3.0-3ubuntu0.2 <none>
1969-12-31 22:14:45 status unpacked libxext-dev 2:1.3.0-3ubuntu0.2
1969-12-31 22:14:45 status half-configured libxext-dev 2:1.3.0-3ubuntu0.2
1969-12-31 22:14:45 status installed libxext-dev 2:1.3.0-3ubuntu0.2
1969-12-31 22:14:45 configure x11proto-xinerama-dev 1.2.1-2 <none>
1969-12-31 22:14:45 status unpacked x11proto-xinerama-dev 1.2.1-2
1969-12-31 22:14:45 status half-configured x11proto-xinerama-dev 1.2.1-2
1969-12-31 22:14:45 status installed x11proto-xinerama-dev 1.2.1-2
1969-12-31 22:14:45 configure libxinerama-dev 2:1.1.1-3ubuntu0.1 <none>
1969-12-31 22:14:45 status unpacked libxinerama-dev 2:1.1.1-3ubuntu0.1
1969-12-31 22:14:45 status half-configured libxinerama-dev 2:1.1.1-3ubuntu0.1
1969-12-31 22:14:45 status installed libxinerama-dev 2:1.1.1-3ubuntu0.1
1969-12-31 22:14:45 configure x11proto-fixes-dev 1:5.0-2ubuntu1 <none>
1969-12-31 22:14:45 status unpacked x11proto-fixes-dev 1:5.0-2ubuntu1
1969-12-31 22:14:45 status half-configured x11proto-fixes-dev 1:5.0-2ubuntu1
1969-12-31 22:14:45 status installed x11proto-fixes-dev 1:5.0-2ubuntu1
1969-12-31 22:14:45 configure libxfixes-dev 1:5.0-4ubuntu4.4 <none>
1969-12-31 22:14:45 status unpacked libxfixes-dev 1:5.0-4ubuntu4.4
1969-12-31 22:14:45 status half-configured libxfixes-dev 1:5.0-4ubuntu4.4
1969-12-31 22:14:46 status installed libxfixes-dev 1:5.0-4ubuntu4.4
1969-12-31 22:14:46 configure libxi-dev 2:1.7.1.901-1ubuntu1~precise3 <none>
1969-12-31 22:14:46 status unpacked libxi-dev 2:1.7.1.901-1ubuntu1~precise3
1969-12-31 22:14:46 status half-configured libxi-dev 2:1.7.1.901-1ubuntu1~precise3
1969-12-31 22:14:46 status installed libxi-dev 2:1.7.1.901-1ubuntu1~precise3
1969-12-31 22:14:46 configure x11proto-randr-dev 1.4.0+git20120101.is.really.1.4.0-0ubuntu1~precise2 <none>
1969-12-31 22:14:46 status unpacked x11proto-randr-dev 1.4.0+git20120101.is.really.1.4.0-0ubuntu1~precise2
1969-12-31 22:14:46 status half-configured x11proto-randr-dev 1.4.0+git20120101.is.really.1.4.0-0ubuntu1~precise2
1969-12-31 22:14:46 status installed x11proto-randr-dev 1.4.0+git20120101.is.really.1.4.0-0ubuntu1~precise2
1969-12-31 22:14:46 configure libxrandr-dev 2:1.3.2-2ubuntu0.3 <none>
1969-12-31 22:14:46 status unpacked libxrandr-dev 2:1.3.2-2ubuntu0.3
1969-12-31 22:14:46 status half-configured libxrandr-dev 2:1.3.2-2ubuntu0.3
1969-12-31 22:14:46 status installed libxrandr-dev 2:1.3.2-2ubuntu0.3
1969-12-31 22:14:46 configure libxcursor-dev 1:1.1.12-1ubuntu0.1 <none>
1969-12-31 22:14:46 status unpacked libxcursor-dev 1:1.1.12-1ubuntu0.1
1969-12-31 22:14:46 status half-configured libxcursor-dev 1:1.1.12-1ubuntu0.1
1969-12-31 22:14:46 status installed libxcursor-dev 1:1.1.12-1ubuntu0.1
1969-12-31 22:14:46 configure x11proto-composite-dev 1:0.4.2-2 <none>
1969-12-31 22:14:46 status unpacked x11proto-composite-dev 1:0.4.2-2
1969-12-31 22:14:46 status half-configured x11proto-composite-dev 1:0.4.2-2
1969-12-31 22:14:46 status installed x11proto-composite-dev 1:0.4.2-2
1969-12-31 22:14:46 configure libxcomposite-dev 1:0.4.3-2build1 <none>
1969-12-31 22:14:46 status unpacked libxcomposite-dev 1:0.4.3-2build1
1969-12-31 22:14:46 status half-configured libxcomposite-dev 1:0.4.3-2build1
1969-12-31 22:14:46 status installed libxcomposite-dev 1:0.4.3-2build1
1969-12-31 22:14:46 configure x11proto-damage-dev 1:1.2.1-2 <none>
1969-12-31 22:14:46 status unpacked x11proto-damage-dev 1:1.2.1-2
1969-12-31 22:14:46 status half-configured x11proto-damage-dev 1:1.2.1-2
1969-12-31 22:14:46 status installed x11proto-damage-dev 1:1.2.1-2
1969-12-31 22:14:46 configure libxdamage-dev 1:1.1.3-2build1 <none>
1969-12-31 22:14:46 status unpacked libxdamage-dev 1:1.1.3-2build1
1969-12-31 22:14:46 status half-configured libxdamage-dev 1:1.1.3-2build1
1969-12-31 22:14:46 status installed libxdamage-dev 1:1.1.3-2build1
1969-12-31 22:14:46 configure libxml2-utils 2.7.8.dfsg-5.1ubuntu4.11 <none>
1969-12-31 22:14:46 status unpacked libxml2-utils 2.7.8.dfsg-5.1ubuntu4.11
1969-12-31 22:14:46 status half-configured libxml2-utils 2.7.8.dfsg-5.1ubuntu4.11
1969-12-31 22:14:47 status installed libxml2-utils 2.7.8.dfsg-5.1ubuntu4.11
1969-12-31 22:14:47 configure libgtk2.0-dev 2.24.10-0ubuntu6.1 <none>
1969-12-31 22:14:47 status unpacked libgtk2.0-dev 2.24.10-0ubuntu6.1
1969-12-31 22:14:47 status half-configured libgtk2.0-dev 2.24.10-0ubuntu6.1
1969-12-31 22:14:47 status installed libgtk2.0-dev 2.24.10-0ubuntu6.1
1969-12-31 22:14:47 configure libjasper-dev 1.900.1-13ubuntu0.2 <none>
1969-12-31 22:14:47 status unpacked libjasper-dev 1.900.1-13ubuntu0.2
1969-12-31 22:14:47 status half-configured libjasper-dev 1.900.1-13ubuntu0.2
1969-12-31 22:14:47 status installed libjasper-dev 1.900.1-13ubuntu0.2
1969-12-31 22:14:47 configure libilmbase-dev 1.0.1-3build2 <none>
1969-12-31 22:14:47 status unpacked libilmbase-dev 1.0.1-3build2
1969-12-31 22:14:47 status half-configured libilmbase-dev 1.0.1-3build2
1969-12-31 22:14:47 status installed libilmbase-dev 1.0.1-3build2
1969-12-31 22:14:47 configure libopenexr-dev 1.6.1-4.1 <none>
1969-12-31 22:14:47 status unpacked libopenexr-dev 1.6.1-4.1
1969-12-31 22:14:47 status half-configured libopenexr-dev 1.6.1-4.1
1969-12-31 22:14:47 status installed libopenexr-dev 1.6.1-4.1
1969-12-31 22:14:47 configure libraw1394-dev 2.0.7-1ubuntu1 <none>
1969-12-31 22:14:47 status unpacked libraw1394-dev 2.0.7-1ubuntu1
1969-12-31 22:14:47 status half-configured libraw1394-dev 2.0.7-1ubuntu1
1969-12-31 22:14:47 status installed libraw1394-dev 2.0.7-1ubuntu1
1969-12-31 22:14:47 configure libdc1394-22-dev 2.2.0-2 <none>
1969-12-31 22:14:47 status unpacked libdc1394-22-dev 2.2.0-2
1969-12-31 22:14:47 status half-configured libdc1394-22-dev 2.2.0-2
1969-12-31 22:14:47 status installed libdc1394-22-dev 2.2.0-2
1969-12-31 22:14:47 configure libopencv-highgui-dev 2.3.1-7 <none>
1969-12-31 22:14:47 status unpacked libopencv-highgui-dev 2.3.1-7
1969-12-31 22:14:47 status half-configured libopencv-highgui-dev 2.3.1-7
1969-12-31 22:14:47 status installed libopencv-highgui-dev 2.3.1-7
1969-12-31 22:14:47 configure libopencv-features2d-dev 2.3.1-7 <none>
1969-12-31 22:14:47 status unpacked libopencv-features2d-dev 2.3.1-7
1969-12-31 22:14:47 status half-configured libopencv-features2d-dev 2.3.1-7
1969-12-31 22:14:47 status installed libopencv-features2d-dev 2.3.1-7
1969-12-31 22:14:47 configure libopencv-calib3d-dev 2.3.1-7 <none>
1969-12-31 22:14:47 status unpacked libopencv-calib3d-dev 2.3.1-7
1969-12-31 22:14:47 status half-configured libopencv-calib3d-dev 2.3.1-7
1969-12-31 22:14:47 status installed libopencv-calib3d-dev 2.3.1-7
1969-12-31 22:14:47 configure libopencv-objdetect-dev 2.3.1-7 <none>
1969-12-31 22:14:47 status unpacked libopencv-objdetect-dev 2.3.1-7
1969-12-31 22:14:47 status half-configured libopencv-objdetect-dev 2.3.1-7
1969-12-31 22:14:47 status installed libopencv-objdetect-dev 2.3.1-7
1969-12-31 22:14:47 configure libopencv-video2.3 2.3.1-7 <none>
1969-12-31 22:14:47 status unpacked libopencv-video2.3 2.3.1-7
1969-12-31 22:14:47 status half-configured libopencv-video2.3 2.3.1-7
1969-12-31 22:14:47 status installed libopencv-video2.3 2.3.1-7
1969-12-31 22:14:47 configure libopencv-video-dev 2.3.1-7 <none>
1969-12-31 22:14:47 status unpacked libopencv-video-dev 2.3.1-7
1969-12-31 22:14:47 status half-configured libopencv-video-dev 2.3.1-7
1969-12-31 22:14:47 status installed libopencv-video-dev 2.3.1-7
1969-12-31 22:14:47 configure libopencv-legacy2.3 2.3.1-7 <none>
1969-12-31 22:14:47 status unpacked libopencv-legacy2.3 2.3.1-7
1969-12-31 22:14:48 status half-configured libopencv-legacy2.3 2.3.1-7
1969-12-31 22:14:48 status installed libopencv-legacy2.3 2.3.1-7
1969-12-31 22:14:48 configure libopencv-legacy-dev 2.3.1-7 <none>
1969-12-31 22:14:48 status unpacked libopencv-legacy-dev 2.3.1-7
1969-12-31 22:14:48 status half-configured libopencv-legacy-dev 2.3.1-7
1969-12-31 22:14:48 status installed libopencv-legacy-dev 2.3.1-7
1969-12-31 22:14:49 configure libopencv-ml-dev 2.3.1-7 <none>
1969-12-31 22:14:49 status unpacked libopencv-ml-dev 2.3.1-7
1969-12-31 22:14:49 status half-configured libopencv-ml-dev 2.3.1-7
1969-12-31 22:14:49 status installed libopencv-ml-dev 2.3.1-7
1969-12-31 22:14:49 configure libcv-dev 2.3.1-7 <none>
1969-12-31 22:14:49 status unpacked libcv-dev 2.3.1-7
1969-12-31 22:14:49 status half-configured libcv-dev 2.3.1-7
1969-12-31 22:14:49 status installed libcv-dev 2.3.1-7
1969-12-31 22:14:49 configure libcv2.3 2.3.1-7 <none>
1969-12-31 22:14:49 status unpacked libcv2.3 2.3.1-7
1969-12-31 22:14:49 status half-configured libcv2.3 2.3.1-7
1969-12-31 22:14:49 status installed libcv2.3 2.3.1-7
1969-12-31 22:14:49 configure libx11-doc 2:1.4.99.1-0ubuntu2.3 <none>
1969-12-31 22:14:49 status unpacked libx11-doc 2:1.4.99.1-0ubuntu2.3
1969-12-31 22:14:49 status half-configured libx11-doc 2:1.4.99.1-0ubuntu2.3
1969-12-31 22:14:49 status installed libx11-doc 2:1.4.99.1-0ubuntu2.3
1969-12-31 22:14:49 trigproc libc-bin 2.15-0ubuntu10.12 <none>
1969-12-31 22:14:49 status half-configured libc-bin 2.15-0ubuntu10.12
1969-12-31 22:14:49 status installed libc-bin 2.15-0ubuntu10.12
1969-12-31 22:27:58 startup archives unpack
1969-12-31 22:28:00 install opencv-doc <none> 2.3.1-7
1969-12-31 22:28:00 status half-installed opencv-doc 2.3.1-7
1969-12-31 22:28:09 status unpacked opencv-doc 2.3.1-7
1969-12-31 22:28:09 status unpacked opencv-doc 2.3.1-7
1969-12-31 22:28:11 startup packages configure
1969-12-31 22:28:11 configure opencv-doc 2.3.1-7 <none>
1969-12-31 22:28:11 status unpacked opencv-doc 2.3.1-7
1969-12-31 22:28:11 status half-configured opencv-doc 2.3.1-7
1969-12-31 22:28:11 status installed opencv-doc 2.3.1-7
1969-12-31 22:40:53 startup archives unpack
1969-12-31 22:40:54 install libopencv-contrib2.3 <none> 2.3.1-7
1969-12-31 22:40:54 status half-installed libopencv-contrib2.3 2.3.1-7
1969-12-31 22:40:54 status unpacked libopencv-contrib2.3 2.3.1-7
1969-12-31 22:40:54 status unpacked libopencv-contrib2.3 2.3.1-7
1969-12-31 22:40:54 install libopencv-contrib-dev <none> 2.3.1-7
1969-12-31 22:40:54 status half-installed libopencv-contrib-dev 2.3.1-7
1969-12-31 22:40:55 status unpacked libopencv-contrib-dev 2.3.1-7
1969-12-31 22:40:55 status unpacked libopencv-contrib-dev 2.3.1-7
1969-12-31 22:40:55 install libcvaux-dev <none> 2.3.1-7
1969-12-31 22:40:55 status half-installed libcvaux-dev 2.3.1-7
1969-12-31 22:40:55 status unpacked libcvaux-dev 2.3.1-7
1969-12-31 22:40:55 status unpacked libcvaux-dev 2.3.1-7
1969-12-31 22:40:55 install libcvaux2.3 <none> 2.3.1-7
1969-12-31 22:40:55 status half-installed libcvaux2.3 2.3.1-7
1969-12-31 22:40:56 status unpacked libcvaux2.3 2.3.1-7
1969-12-31 22:40:56 status unpacked libcvaux2.3 2.3.1-7
1969-12-31 22:40:56 install libhighgui-dev <none> 2.3.1-7
1969-12-31 22:40:56 status half-installed libhighgui-dev 2.3.1-7
1969-12-31 22:40:56 status unpacked libhighgui-dev 2.3.1-7
1969-12-31 22:40:56 status unpacked libhighgui-dev 2.3.1-7
1969-12-31 22:40:56 install libhighgui2.3 <none> 2.3.1-7
1969-12-31 22:40:56 status half-installed libhighgui2.3 2.3.1-7
1969-12-31 22:40:56 status unpacked libhighgui2.3 2.3.1-7
1969-12-31 22:40:56 status unpacked libhighgui2.3 2.3.1-7
1969-12-31 22:40:58 startup packages configure
1969-12-31 22:40:58 configure libopencv-contrib2.3 2.3.1-7 <none>
1969-12-31 22:40:58 status unpacked libopencv-contrib2.3 2.3.1-7
1969-12-31 22:40:59 status half-configured libopencv-contrib2.3 2.3.1-7
1969-12-31 22:40:59 status installed libopencv-contrib2.3 2.3.1-7
1969-12-31 22:40:59 status triggers-pending libc-bin 2.15-0ubuntu10.12
1969-12-31 22:40:59 configure libopencv-contrib-dev 2.3.1-7 <none>
1969-12-31 22:40:59 status unpacked libopencv-contrib-dev 2.3.1-7
1969-12-31 22:40:59 status half-configured libopencv-contrib-dev 2.3.1-7
1969-12-31 22:40:59 status installed libopencv-contrib-dev 2.3.1-7
1969-12-31 22:40:59 configure libcvaux-dev 2.3.1-7 <none>
1969-12-31 22:40:59 status unpacked libcvaux-dev 2.3.1-7
1969-12-31 22:40:59 status half-configured libcvaux-dev 2.3.1-7
1969-12-31 22:40:59 status installed libcvaux-dev 2.3.1-7
1969-12-31 22:40:59 configure libcvaux2.3 2.3.1-7 <none>
1969-12-31 22:40:59 status unpacked libcvaux2.3 2.3.1-7
1969-12-31 22:40:59 status half-configured libcvaux2.3 2.3.1-7
1969-12-31 22:40:59 status installed libcvaux2.3 2.3.1-7
1969-12-31 22:40:59 configure libhighgui-dev 2.3.1-7 <none>
1969-12-31 22:40:59 status unpacked libhighgui-dev 2.3.1-7
1969-12-31 22:40:59 status half-configured libhighgui-dev 2.3.1-7
1969-12-31 22:40:59 status installed libhighgui-dev 2.3.1-7
1969-12-31 22:40:59 configure libhighgui2.3 2.3.1-7 <none>
1969-12-31 22:40:59 status unpacked libhighgui2.3 2.3.1-7
1969-12-31 22:40:59 status half-configured libhighgui2.3 2.3.1-7
1969-12-31 22:41:00 status installed libhighgui2.3 2.3.1-7
1969-12-31 22:41:00 trigproc libc-bin 2.15-0ubuntu10.12 <none>
1969-12-31 22:41:00 status half-configured libc-bin 2.15-0ubuntu10.12
1969-12-31 22:41:00 status installed libc-bin 2.15-0ubuntu10.12
