
*** Running vivado
    with args -log DCT.vds -m64 -mode batch -messageDb vivado.pb -notrace -source DCT.tcl


****** Vivado v2015.1 (64-bit)
  **** SW Build 1215546 on Mon Apr 27 19:22:08 MDT 2015
  **** IP Build 1209967 on Tue Apr 21 11:39:20 MDT 2015
    ** Copyright 1986-2015 Xilinx, Inc. All Rights Reserved.

source DCT.tcl -notrace
Command: synth_design -top DCT -part xc7z020clg484-1 -no_iobuf -mode out_of_context
Starting synth_design
Attempting to get a license for feature 'Synthesis' and/or device 'xc7z020'
INFO: [Common 17-349] Got license for feature 'Synthesis' and/or device 'xc7z020'
---------------------------------------------------------------------------------
Starting RTL Elaboration : Time (s): cpu = 00:00:04 ; elapsed = 00:00:11 . Memory (MB): peak = 245.941 ; gain = 66.832
---------------------------------------------------------------------------------
INFO: [Synth 8-638] synthesizing module 'DCT' [E:/Ubuntu_source_code_data/ECE_527_MP/mp4/dct/solution2optimize/impl/verilog/DCT.v:12]
	Parameter ap_const_logic_0 bound to: 1'b0 
	Parameter ap_const_lv32_0 bound to: 0 - type: integer 
	Parameter ap_const_logic_1 bound to: 1'b1 
	Parameter ap_true bound to: 1'b1 
INFO: [Synth 8-638] synthesizing module 'DCT_Block_proc' [E:/Ubuntu_source_code_data/ECE_527_MP/mp4/dct/solution2optimize/impl/verilog/DCT_Block_proc.v:10]
	Parameter ap_const_logic_1 bound to: 1'b1 
	Parameter ap_const_logic_0 bound to: 1'b0 
	Parameter ap_ST_st1_fsm_0 bound to: 1'b1 
	Parameter ap_const_lv32_0 bound to: 0 - type: integer 
	Parameter ap_const_lv1_1 bound to: 1'b1 
	Parameter ap_true bound to: 1'b1 
INFO: [Synth 8-5534] Detected attribute (* fsm_encoding = "none" *) [E:/Ubuntu_source_code_data/ECE_527_MP/mp4/dct/solution2optimize/impl/verilog/DCT_Block_proc.v:53]
INFO: [Synth 8-256] done synthesizing module 'DCT_Block_proc' (1#1) [E:/Ubuntu_source_code_data/ECE_527_MP/mp4/dct/solution2optimize/impl/verilog/DCT_Block_proc.v:10]
INFO: [Synth 8-256] done synthesizing module 'DCT' (2#1) [E:/Ubuntu_source_code_data/ECE_527_MP/mp4/dct/solution2optimize/impl/verilog/DCT.v:12]
WARNING: [Synth 8-3331] design DCT has unconnected port function_r[7]
WARNING: [Synth 8-3331] design DCT has unconnected port function_r[6]
WARNING: [Synth 8-3331] design DCT has unconnected port function_r[5]
WARNING: [Synth 8-3331] design DCT has unconnected port function_r[4]
WARNING: [Synth 8-3331] design DCT has unconnected port function_r[3]
WARNING: [Synth 8-3331] design DCT has unconnected port function_r[2]
WARNING: [Synth 8-3331] design DCT has unconnected port function_r[1]
WARNING: [Synth 8-3331] design DCT has unconnected port function_r[0]
---------------------------------------------------------------------------------
Finished RTL Elaboration : Time (s): cpu = 00:00:05 ; elapsed = 00:00:12 . Memory (MB): peak = 280.238 ; gain = 101.129
---------------------------------------------------------------------------------

Report Check Netlist: 
+------+------------------+-------+---------+-------+------------------+
|      |Item              |Errors |Warnings |Status |Description       |
+------+------------------+-------+---------+-------+------------------+
|1     |multi_driven_nets |      0|        0|Passed |Multi driven nets |
+------+------------------+-------+---------+-------+------------------+
---------------------------------------------------------------------------------
Finished RTL Optimization Phase 1 : Time (s): cpu = 00:00:05 ; elapsed = 00:00:12 . Memory (MB): peak = 280.238 ; gain = 101.129
---------------------------------------------------------------------------------
INFO: [Device 21-403] Loading part xc7z020clg484-1
INFO: [Project 1-570] Preparing netlist for logic optimization

Processing XDC Constraints
Initializing timing engine
Parsing XDC File [E:/Ubuntu_source_code_data/ECE_527_MP/mp4/dct/solution2optimize/impl/verilog/DCT.xdc]
Finished Parsing XDC File [E:/Ubuntu_source_code_data/ECE_527_MP/mp4/dct/solution2optimize/impl/verilog/DCT.xdc]
Completed Processing XDC Constraints

INFO: [Project 1-111] Unisim Transformation Summary:
No Unisim elements were transformed.

Constraint Validation Runtime : Time (s): cpu = 00:00:00 ; elapsed = 00:00:00.009 . Memory (MB): peak = 557.051 ; gain = 0.000
---------------------------------------------------------------------------------
Finished Constraint Validation : Time (s): cpu = 00:00:12 ; elapsed = 00:00:25 . Memory (MB): peak = 557.051 ; gain = 377.941
---------------------------------------------------------------------------------
---------------------------------------------------------------------------------
Start Loading Part and Timing Information
---------------------------------------------------------------------------------
Loading part: xc7z020clg484-1
---------------------------------------------------------------------------------
Finished Loading Part and Timing Information : Time (s): cpu = 00:00:12 ; elapsed = 00:00:25 . Memory (MB): peak = 557.051 ; gain = 377.941
---------------------------------------------------------------------------------
---------------------------------------------------------------------------------
Start Applying 'set_property' XDC Constraints
---------------------------------------------------------------------------------
---------------------------------------------------------------------------------
Finished applying 'set_property' XDC Constraints : Time (s): cpu = 00:00:12 ; elapsed = 00:00:25 . Memory (MB): peak = 557.051 ; gain = 377.941
---------------------------------------------------------------------------------
---------------------------------------------------------------------------------
Finished RTL Optimization Phase 2 : Time (s): cpu = 00:00:12 ; elapsed = 00:00:25 . Memory (MB): peak = 557.051 ; gain = 377.941
---------------------------------------------------------------------------------

Report RTL Partitions: 
+-+--------------+------------+----------+
| |RTL Partition |Replication |Instances |
+-+--------------+------------+----------+
+-+--------------+------------+----------+
---------------------------------------------------------------------------------
Start RTL Component Statistics 
---------------------------------------------------------------------------------
Detailed RTL Component Info : 
+---Registers : 
	                1 Bit    Registers := 3     
+---Muxes : 
	   2 Input      1 Bit        Muxes := 1     
---------------------------------------------------------------------------------
Finished RTL Component Statistics 
---------------------------------------------------------------------------------
---------------------------------------------------------------------------------
Start RTL Hierarchical Component Statistics 
---------------------------------------------------------------------------------
Hierarchical RTL Component report 
Module DCT 
Detailed RTL Component Info : 
+---Registers : 
	                1 Bit    Registers := 1     
Module DCT_Block_proc 
Detailed RTL Component Info : 
+---Registers : 
	                1 Bit    Registers := 2     
+---Muxes : 
	   2 Input      1 Bit        Muxes := 1     
---------------------------------------------------------------------------------
Finished RTL Hierarchical Component Statistics
---------------------------------------------------------------------------------
---------------------------------------------------------------------------------
Start Part Resource Summary
---------------------------------------------------------------------------------
Part Resources:
DSPs: 220 (col length:60)
BRAMs: 280 (col length: RAMB18 60 RAMB36 30)
---------------------------------------------------------------------------------
Finished Part Resource Summary
---------------------------------------------------------------------------------
Start Parallel Synthesis Optimization  : Time (s): cpu = 00:00:13 ; elapsed = 00:00:25 . Memory (MB): peak = 557.051 ; gain = 377.941
---------------------------------------------------------------------------------
Start Cross Boundary Optimization
---------------------------------------------------------------------------------
WARNING: [Synth 8-3331] design DCT has unconnected port function_r[7]
WARNING: [Synth 8-3331] design DCT has unconnected port function_r[6]
WARNING: [Synth 8-3331] design DCT has unconnected port function_r[5]
WARNING: [Synth 8-3331] design DCT has unconnected port function_r[4]
WARNING: [Synth 8-3331] design DCT has unconnected port function_r[3]
WARNING: [Synth 8-3331] design DCT has unconnected port function_r[2]
WARNING: [Synth 8-3331] design DCT has unconnected port function_r[1]
WARNING: [Synth 8-3331] design DCT has unconnected port function_r[0]
---------------------------------------------------------------------------------
Finished Cross Boundary Optimization : Time (s): cpu = 00:00:13 ; elapsed = 00:00:25 . Memory (MB): peak = 557.051 ; gain = 377.941
---------------------------------------------------------------------------------
Finished Parallel Reinference  : Time (s): cpu = 00:00:13 ; elapsed = 00:00:25 . Memory (MB): peak = 557.051 ; gain = 377.941

Report RTL Partitions: 
+-+--------------+------------+----------+
| |RTL Partition |Replication |Instances |
+-+--------------+------------+----------+
+-+--------------+------------+----------+
INFO: [Synth 8-3333] propagating constant 0 across sequential element (\DCT_Block_proc_U0/ap_done_reg_reg )
INFO: [Synth 8-3333] propagating constant 1 across sequential element (\DCT_Block_proc_U0/ap_CS_fsm_reg[0] )
WARNING: [Synth 8-3332] Sequential element (\DCT_Block_proc_U0/ap_done_reg_reg ) is unused and will be removed from module DCT.
WARNING: [Synth 8-3332] Sequential element (\DCT_Block_proc_U0/ap_CS_fsm_reg[0] ) is unused and will be removed from module DCT.
---------------------------------------------------------------------------------
Start Area Optimization
---------------------------------------------------------------------------------
---------------------------------------------------------------------------------
Finished Area Optimization : Time (s): cpu = 00:00:13 ; elapsed = 00:00:25 . Memory (MB): peak = 557.051 ; gain = 377.941
---------------------------------------------------------------------------------
Finished Parallel Area Optimization  : Time (s): cpu = 00:00:13 ; elapsed = 00:00:25 . Memory (MB): peak = 557.051 ; gain = 377.941

Report RTL Partitions: 
+-+--------------+------------+----------+
| |RTL Partition |Replication |Instances |
+-+--------------+------------+----------+
+-+--------------+------------+----------+
Finished Parallel Synthesis Optimization  : Time (s): cpu = 00:00:13 ; elapsed = 00:00:25 . Memory (MB): peak = 557.051 ; gain = 377.941
---------------------------------------------------------------------------------
Start Timing Optimization
---------------------------------------------------------------------------------
---------------------------------------------------------------------------------
Start Applying XDC Timing Constraints
---------------------------------------------------------------------------------
---------------------------------------------------------------------------------
Finished Applying XDC Timing Constraints : Time (s): cpu = 00:00:25 ; elapsed = 00:00:37 . Memory (MB): peak = 565.449 ; gain = 386.340
---------------------------------------------------------------------------------
---------------------------------------------------------------------------------
Finished Timing Optimization : Time (s): cpu = 00:00:25 ; elapsed = 00:00:37 . Memory (MB): peak = 565.449 ; gain = 386.340
---------------------------------------------------------------------------------

Report RTL Partitions: 
+-+--------------+------------+----------+
| |RTL Partition |Replication |Instances |
+-+--------------+------------+----------+
+-+--------------+------------+----------+
---------------------------------------------------------------------------------
Start Technology Mapping
---------------------------------------------------------------------------------
---------------------------------------------------------------------------------
Finished Technology Mapping : Time (s): cpu = 00:00:25 ; elapsed = 00:00:37 . Memory (MB): peak = 584.840 ; gain = 405.730
---------------------------------------------------------------------------------

Report RTL Partitions: 
+-+--------------+------------+----------+
| |RTL Partition |Replication |Instances |
+-+--------------+------------+----------+
+-+--------------+------------+----------+
---------------------------------------------------------------------------------
Start IO Insertion
---------------------------------------------------------------------------------
---------------------------------------------------------------------------------
Start Final Netlist Cleanup
---------------------------------------------------------------------------------
---------------------------------------------------------------------------------
Finished Final Netlist Cleanup
---------------------------------------------------------------------------------
---------------------------------------------------------------------------------
Finished IO Insertion : Time (s): cpu = 00:00:25 ; elapsed = 00:00:38 . Memory (MB): peak = 584.840 ; gain = 405.730
---------------------------------------------------------------------------------

Report Check Netlist: 
+------+------------------+-------+---------+-------+------------------+
|      |Item              |Errors |Warnings |Status |Description       |
+------+------------------+-------+---------+-------+------------------+
|1     |multi_driven_nets |      0|        0|Passed |Multi driven nets |
+------+------------------+-------+---------+-------+------------------+
---------------------------------------------------------------------------------
Start Renaming Generated Instances
---------------------------------------------------------------------------------
---------------------------------------------------------------------------------
Finished Renaming Generated Instances : Time (s): cpu = 00:00:25 ; elapsed = 00:00:38 . Memory (MB): peak = 584.840 ; gain = 405.730
---------------------------------------------------------------------------------

Report RTL Partitions: 
+-+--------------+------------+----------+
| |RTL Partition |Replication |Instances |
+-+--------------+------------+----------+
+-+--------------+------------+----------+
---------------------------------------------------------------------------------
Start Rebuilding User Hierarchy
---------------------------------------------------------------------------------
---------------------------------------------------------------------------------
Finished Rebuilding User Hierarchy : Time (s): cpu = 00:00:25 ; elapsed = 00:00:38 . Memory (MB): peak = 584.840 ; gain = 405.730
---------------------------------------------------------------------------------
---------------------------------------------------------------------------------
Start Renaming Generated Ports : Time (s): cpu = 00:00:25 ; elapsed = 00:00:38 . Memory (MB): peak = 584.840 ; gain = 405.730
---------------------------------------------------------------------------------
---------------------------------------------------------------------------------
Finished Renaming Generated Ports : Time (s): cpu = 00:00:25 ; elapsed = 00:00:38 . Memory (MB): peak = 584.840 ; gain = 405.730
---------------------------------------------------------------------------------
---------------------------------------------------------------------------------
Start Writing Synthesis Report
---------------------------------------------------------------------------------

Report BlackBoxes: 
+-+--------------+----------+
| |BlackBox name |Instances |
+-+--------------+----------+
+-+--------------+----------+

Report Cell Usage: 
+------+-----+------+
|      |Cell |Count |
+------+-----+------+
|1     |LUT1 |     1|
|2     |LUT3 |     1|
|3     |FDRE |     1|
+------+-----+------+

Report Instance Areas: 
+------+---------+-------+------+
|      |Instance |Module |Cells |
+------+---------+-------+------+
|1     |top      |       |     3|
+------+---------+-------+------+
---------------------------------------------------------------------------------
Finished Writing Synthesis Report : Time (s): cpu = 00:00:25 ; elapsed = 00:00:38 . Memory (MB): peak = 584.840 ; gain = 405.730
---------------------------------------------------------------------------------
Synthesis finished with 0 errors, 0 critical warnings and 10 warnings.
Synthesis Optimization Runtime : Time (s): cpu = 00:00:15 ; elapsed = 00:00:19 . Memory (MB): peak = 584.840 ; gain = 111.445
Synthesis Optimization Complete : Time (s): cpu = 00:00:25 ; elapsed = 00:00:38 . Memory (MB): peak = 584.840 ; gain = 405.730
INFO: [Project 1-571] Translating synthesized netlist
INFO: [Project 1-570] Preparing netlist for logic optimization
INFO: [Opt 31-138] Pushed 0 inverter(s) to 0 load pin(s).
INFO: [Project 1-111] Unisim Transformation Summary:
No Unisim elements were transformed.

INFO: [Common 17-83] Releasing license: Synthesis
16 Infos, 18 Warnings, 0 Critical Warnings and 0 Errors encountered.
synth_design completed successfully
synth_design: Time (s): cpu = 00:00:24 ; elapsed = 00:00:37 . Memory (MB): peak = 584.840 ; gain = 392.094
report_utilization: Time (s): cpu = 00:00:00 ; elapsed = 00:00:00.026 . Memory (MB): peak = 584.840 ; gain = 0.000
INFO: [Common 17-206] Exiting Vivado at Thu Oct 29 01:11:45 2015...
