Copyright 1986-2015 Xilinx, Inc. All Rights Reserved.
------------------------------------------------------------------------------------------
| Tool Version : Vivado v.2015.1 (lin64) Build 1215546 Mon Apr 27 19:07:21 MDT 2015
| Date         : Sun Oct  4 21:37:47 2015
| Host         : ubuntu running 64-bit Ubuntu 14.04.3 LTS
| Command      : report_control_sets -verbose -file partC_wrapper_control_sets_placed.rpt
| Design       : partC_wrapper
| Device       : xc7z020
------------------------------------------------------------------------------------------

Control Set Information

Table of Contents
-----------------
1. Summary
2. Flip-Flop Distribution
3. Detailed Control Set Information

1. Summary
----------

+-------------------------------------------------------------------+-------+
|                               Status                              | Count |
+-------------------------------------------------------------------+-------+
| Number of unique control sets                                     |    47 |
| Minimum Number of register sites lost to control set restrictions |   104 |
+-------------------------------------------------------------------+-------+


2. Flip-Flop Distribution
-------------------------

+--------------+-----------------------+------------------------+-----------------+--------------+
| Clock Enable | Synchronous Set/Reset | Asynchronous Set/Reset | Total Registers | Total Slices |
+--------------+-----------------------+------------------------+-----------------+--------------+
| No           | No                    | No                     |             299 |           77 |
| No           | No                    | Yes                    |               0 |            0 |
| No           | Yes                   | No                     |             284 |           87 |
| Yes          | No                    | No                     |             472 |          126 |
| Yes          | No                    | Yes                    |               0 |            0 |
| Yes          | Yes                   | No                     |             265 |           66 |
+--------------+-----------------------+------------------------+-----------------+--------------+


3. Detailed Control Set Information
-----------------------------------

+----------------------------------------------+-------------------------------------------------------------------------------------------------------------------------------------------------------------+------------------------------------------------------------------------------------------------------------------------------------------------------+------------------+----------------+
|                 Clock Signal                 |                                                                        Enable Signal                                                                        |                                                                   Set/Reset Signal                                                                   | Slice Load Count | Bel Load Count |
+----------------------------------------------+-------------------------------------------------------------------------------------------------------------------------------------------------------------+------------------------------------------------------------------------------------------------------------------------------------------------------+------------------+----------------+
|  partC_i/processing_system7_0/inst/FCLK_CLK0 | partC_i/processing_system7_0_axi_periph/s00_couplers/auto_pc/inst/gen_axilite.gen_b2s_conv.axilite_b2s/WR.b_channel_0/bid_fifo_0/bresp_push                 |                                                                                                                                                      |                1 |              2 |
|  partC_i/processing_system7_0/inst/FCLK_CLK0 | partC_i/processing_system7_0_axi_periph/s00_couplers/auto_pc/inst/gen_axilite.gen_b2s_conv.axilite_b2s/RD.ar_channel_0/ar_cmd_fsm_0/axlen_cnt_reg[4]        | partC_i/processing_system7_0_axi_periph/s00_couplers/auto_pc/inst/gen_axilite.gen_b2s_conv.axilite_b2s/RD.ar_channel_0/ar_cmd_fsm_0/axlen_cnt_reg[7] |                1 |              4 |
|  partC_i/processing_system7_0/inst/FCLK_CLK0 |                                                                                                                                                             | partC_i/axi_gpio_1/U0/AXI_LITE_IPIF_I/I_SLAVE_ATTACHMENT/INCLUDE_DPHASE_TIMER.dpto_cnt[3]_i_1_n_0                                                    |                1 |              4 |
|  partC_i/processing_system7_0/inst/FCLK_CLK0 |                                                                                                                                                             | partC_i/axi_gpio_0/U0/AXI_LITE_IPIF_I/I_SLAVE_ATTACHMENT/clear                                                                                       |                2 |              4 |
|  partC_i/processing_system7_0/inst/FCLK_CLK0 | partC_i/processing_system7_0_axi_periph/s00_couplers/auto_pc/inst/gen_axilite.gen_b2s_conv.axilite_b2s/RD.ar_channel_0/ar_cmd_fsm_0/axlen_cnt_reg[4]        |                                                                                                                                                      |                1 |              4 |
|  partC_i/processing_system7_0/inst/FCLK_CLK0 | partC_i/processing_system7_0_axi_periph/s00_couplers/auto_pc/inst/gen_axilite.gen_b2s_conv.axilite_b2s/RD.ar_channel_0/ar_cmd_fsm_0/axlen_cnt_reg[0][0]     |                                                                                                                                                      |                1 |              4 |
|  partC_i/processing_system7_0/inst/FCLK_CLK0 | partC_i/processing_system7_0_axi_periph/s00_couplers/auto_pc/inst/gen_axilite.gen_b2s_conv.axilite_b2s/WR.aw_channel_0/aw_cmd_fsm_0/axlen_cnt_reg[0]_0[0]   |                                                                                                                                                      |                2 |              4 |
|  partC_i/processing_system7_0/inst/FCLK_CLK0 | partC_i/processing_system7_0_axi_periph/s00_couplers/auto_pc/inst/gen_axilite.gen_b2s_conv.axilite_b2s/WR.aw_channel_0/aw_cmd_fsm_0/axlen_cnt_reg[4]_0      | partC_i/processing_system7_0_axi_periph/s00_couplers/auto_pc/inst/gen_axilite.gen_b2s_conv.axilite_b2s/WR.aw_channel_0/aw_cmd_fsm_0/axlen_cnt_reg[7] |                1 |              4 |
|  partC_i/processing_system7_0/inst/FCLK_CLK0 | partC_i/processing_system7_0_axi_periph/s00_couplers/auto_pc/inst/gen_axilite.gen_b2s_conv.axilite_b2s/WR.aw_channel_0/aw_cmd_fsm_0/axlen_cnt_reg[4]_0      |                                                                                                                                                      |                3 |              4 |
|  partC_i/processing_system7_0/inst/FCLK_CLK0 |                                                                                                                                                             | partC_i/rst_processing_system7_0_100M/U0/EXT_LPF/lpf_int                                                                                             |                2 |              5 |
|  partC_i/processing_system7_0/inst/FCLK_CLK0 | partC_i/rst_processing_system7_0_100M/U0/SEQ/seq_cnt_en                                                                                                     | partC_i/rst_processing_system7_0_100M/U0/SEQ/SEQ_COUNTER/clear                                                                                       |                2 |              6 |
|  partC_i/processing_system7_0/inst/FCLK_CLK0 |                                                                                                                                                             | partC_i/processing_system7_0_axi_periph/s00_couplers/auto_pc/inst/gen_axilite.gen_b2s_conv.axilite_b2s/SI_REG/ar_pipe/SR[0]                          |                4 |              8 |
|  partC_i/processing_system7_0/inst/FCLK_CLK0 | partC_i/processing_system7_0_axi_periph/s00_couplers/auto_pc/inst/gen_axilite.gen_b2s_conv.axilite_b2s/WR.b_channel_0/mhandshake_r                          | partC_i/processing_system7_0_axi_periph/s00_couplers/auto_pc/inst/gen_axilite.gen_b2s_conv.axilite_b2s/WR.b_channel_0/bid_fifo_0/SR[0]               |                2 |              8 |
|  partC_i/processing_system7_0/inst/FCLK_CLK0 |                                                                                                                                                             | partC_i/processing_system7_0_axi_periph/xbar/inst/gen_sasd.crossbar_sasd_0/addr_arbiter_inst/SR[0]                                                   |                5 |             10 |
|  partC_i/processing_system7_0/inst/FCLK_CLK0 | partC_i/processing_system7_0_axi_periph/s00_couplers/auto_pc/inst/gen_axilite.gen_b2s_conv.axilite_b2s/RD.ar_channel_0/ar_cmd_fsm_0/axaddr_wrap_reg[0][0]   |                                                                                                                                                      |                4 |             12 |
|  partC_i/processing_system7_0/inst/FCLK_CLK0 | partC_i/processing_system7_0_axi_periph/s00_couplers/auto_pc/inst/gen_axilite.gen_b2s_conv.axilite_b2s/WR.aw_channel_0/aw_cmd_fsm_0/E[0]                    |                                                                                                                                                      |                5 |             12 |
|  partC_i/processing_system7_0/inst/FCLK_CLK0 | partC_i/processing_system7_0_axi_periph/s00_couplers/auto_pc/inst/gen_axilite.gen_b2s_conv.axilite_b2s/WR.aw_channel_0/aw_cmd_fsm_0/axaddr_wrap_reg[0][0]   |                                                                                                                                                      |                5 |             12 |
|  partC_i/processing_system7_0/inst/FCLK_CLK0 | partC_i/processing_system7_0_axi_periph/s00_couplers/auto_pc/inst/gen_axilite.gen_b2s_conv.axilite_b2s/RD.ar_channel_0/ar_cmd_fsm_0/E[0]                    |                                                                                                                                                      |                4 |             12 |
|  partC_i/processing_system7_0/inst/FCLK_CLK0 | partC_i/processing_system7_0_axi_periph/s00_couplers/auto_pc/inst/gen_axilite.gen_b2s_conv.axilite_b2s/WR.aw_channel_0/aw_cmd_fsm_0/axaddr_incr_reg[0]      |                                                                                                                                                      |                3 |             12 |
|  partC_i/processing_system7_0/inst/FCLK_CLK0 | partC_i/processing_system7_0_axi_periph/s00_couplers/auto_pc/inst/gen_axilite.gen_b2s_conv.axilite_b2s/RD.ar_channel_0/ar_cmd_fsm_0/axaddr_incr_reg[0]      |                                                                                                                                                      |                3 |             12 |
|  partC_i/processing_system7_0/inst/FCLK_CLK0 | partC_i/processing_system7_0_axi_periph/s00_couplers/auto_pc/inst/gen_axilite.gen_b2s_conv.axilite_b2s/RD.r_channel_0/r_push_r                              |                                                                                                                                                      |                4 |             13 |
|  partC_i/processing_system7_0/inst/FCLK_CLK0 | partC_i/processing_system7_0_axi_periph/s00_couplers/auto_pc/inst/gen_axilite.gen_b2s_conv.axilite_b2s/SI_REG/b_pipe/skid_buffer_reg[0]_0                   |                                                                                                                                                      |                3 |             14 |
|  partC_i/processing_system7_0/inst/FCLK_CLK0 | partC_i/processing_system7_0_axi_periph/s00_couplers/auto_pc/inst/gen_axilite.gen_b2s_conv.axilite_b2s/SI_REG/b_pipe/p_1_in                                 |                                                                                                                                                      |                3 |             14 |
|  partC_i/processing_system7_0/inst/FCLK_CLK0 | partC_i/processing_system7_0_axi_periph/xbar/inst/gen_sasd.crossbar_sasd_0/addr_arbiter_inst/p_0_in1_in                                                     | partC_i/processing_system7_0_axi_periph/xbar/inst/gen_sasd.crossbar_sasd_0/addr_arbiter_inst/SR[0]                                                   |                7 |             19 |
|  partC_i/processing_system7_0/inst/FCLK_CLK0 | partC_i/processing_system7_0_axi_periph/s00_couplers/auto_pc/inst/gen_axilite.gen_b2s_conv.axilite_b2s/WR.aw_channel_0/aw_cmd_fsm_0/m_payload_i_reg[0]      |                                                                                                                                                      |                4 |             20 |
|  partC_i/processing_system7_0/inst/FCLK_CLK0 | partC_i/axi_gpio_0/U0/AXI_LITE_IPIF_I/I_SLAVE_ATTACHMENT/I_DECODER/Dual.gpio2_Data_Out_reg[0][0]                                                            | partC_i/axi_gpio_0/U0/bus2ip_reset                                                                                                                   |                6 |             32 |
|  partC_i/processing_system7_0/inst/FCLK_CLK0 |                                                                                                                                                             | partC_i/axi_gpio_1/U0/gpio_core_1/Read_Reg_Rst                                                                                                       |               11 |             32 |
|  partC_i/processing_system7_0/inst/FCLK_CLK0 | partC_i/axi_gpio_1/U0/AXI_LITE_IPIF_I/I_SLAVE_ATTACHMENT/s_axi_rdata_i[31]_i_1_n_0                                                                          | partC_i/axi_gpio_1/U0/AXI_LITE_IPIF_I/I_SLAVE_ATTACHMENT/SR                                                                                          |                9 |             32 |
|  partC_i/processing_system7_0/inst/FCLK_CLK0 | partC_i/axi_gpio_1/U0/AXI_LITE_IPIF_I/I_SLAVE_ATTACHMENT/I_DECODER/E[0]                                                                                     | partC_i/axi_gpio_1/U0/AXI_LITE_IPIF_I/I_SLAVE_ATTACHMENT/SR                                                                                          |                5 |             32 |
|  partC_i/processing_system7_0/inst/FCLK_CLK0 | partC_i/axi_gpio_0/U0/AXI_LITE_IPIF_I/I_SLAVE_ATTACHMENT/s_axi_rdata_i[31]_i_1_n_0                                                                          | partC_i/axi_gpio_0/U0/bus2ip_reset                                                                                                                   |                7 |             32 |
|  partC_i/processing_system7_0/inst/FCLK_CLK0 | partC_i/axi_gpio_0/U0/AXI_LITE_IPIF_I/I_SLAVE_ATTACHMENT/I_DECODER/Dual.gpio_Data_Out_reg[0][0]                                                             | partC_i/axi_gpio_0/U0/bus2ip_reset                                                                                                                   |                8 |             32 |
|  partC_i/processing_system7_0/inst/FCLK_CLK0 | partC_i/axi_gpio_0/U0/AXI_LITE_IPIF_I/I_SLAVE_ATTACHMENT/I_DECODER/Dual.gpio_OE_reg[0][0]                                                                   | partC_i/axi_gpio_0/U0/bus2ip_reset                                                                                                                   |               10 |             32 |
|  partC_i/processing_system7_0/inst/FCLK_CLK0 | partC_i/axi_gpio_0/U0/AXI_LITE_IPIF_I/I_SLAVE_ATTACHMENT/I_DECODER/E[0]                                                                                     | partC_i/axi_gpio_0/U0/bus2ip_reset                                                                                                                   |                8 |             32 |
|  partC_i/processing_system7_0/inst/FCLK_CLK0 | partC_i/processing_system7_0_axi_periph/s00_couplers/auto_pc/inst/gen_axilite.gen_b2s_conv.axilite_b2s/RD.r_channel_0/rd_data_fifo_0/wr_en0                 |                                                                                                                                                      |                9 |             34 |
|  partC_i/processing_system7_0/inst/FCLK_CLK0 | partC_i/processing_system7_0_axi_periph/xbar/inst/gen_sasd.crossbar_sasd_0/addr_arbiter_inst/E[0]                                                           |                                                                                                                                                      |               16 |             35 |
|  partC_i/processing_system7_0/inst/FCLK_CLK0 | partC_i/processing_system7_0_axi_periph/xbar/inst/gen_sasd.crossbar_sasd_0/reg_slice_r/aa_rready                                                            |                                                                                                                                                      |               14 |             35 |
|  partC_i/processing_system7_0/inst/FCLK_CLK0 |                                                                                                                                                             | partC_i/axi_gpio_0/U0/bus2ip_reset                                                                                                                   |               14 |             44 |
|  partC_i/processing_system7_0/inst/FCLK_CLK0 |                                                                                                                                                             | partC_i/axi_gpio_1/U0/AXI_LITE_IPIF_I/I_SLAVE_ATTACHMENT/SR                                                                                          |               10 |             44 |
|  partC_i/processing_system7_0/inst/FCLK_CLK0 | partC_i/processing_system7_0_axi_periph/s00_couplers/auto_pc/inst/gen_axilite.gen_b2s_conv.axilite_b2s/SI_REG/r_pipe/skid_buffer_reg[0]_0                   |                                                                                                                                                      |               10 |             47 |
|  partC_i/processing_system7_0/inst/FCLK_CLK0 | partC_i/processing_system7_0_axi_periph/s00_couplers/auto_pc/inst/gen_axilite.gen_b2s_conv.axilite_b2s/SI_REG/r_pipe/p_1_in                                 |                                                                                                                                                      |                8 |             47 |
|  partC_i/processing_system7_0/inst/FCLK_CLK0 | partC_i/processing_system7_0_axi_periph/s00_couplers/auto_pc/inst/gen_axilite.gen_b2s_conv.axilite_b2s/SI_REG/aw_pipe/skid_buffer_reg[0]_0                  |                                                                                                                                                      |                9 |             48 |
|  partC_i/processing_system7_0/inst/FCLK_CLK0 | partC_i/processing_system7_0_axi_periph/s00_couplers/auto_pc/inst/gen_axilite.gen_b2s_conv.axilite_b2s/WR.aw_channel_0/aw_cmd_fsm_0/m_payload_i_reg[0]_0[0] |                                                                                                                                                      |               10 |             48 |
|  partC_i/processing_system7_0/inst/FCLK_CLK0 | partC_i/processing_system7_0_axi_periph/s00_couplers/auto_pc/inst/gen_axilite.gen_b2s_conv.axilite_b2s/SI_REG/ar_pipe/skid_buffer_reg[0]_0                  |                                                                                                                                                      |               12 |             48 |
|  partC_i/processing_system7_0/inst/FCLK_CLK0 | partC_i/processing_system7_0_axi_periph/s00_couplers/auto_pc/inst/gen_axilite.gen_b2s_conv.axilite_b2s/RD.ar_channel_0/ar_cmd_fsm_0/m_payload_i_reg[0][0]   |                                                                                                                                                      |               10 |             48 |
|  partC_i/processing_system7_0/inst/FCLK_CLK0 |                                                                                                                                                             | partC_i/axi_gpio_0/U0/AXI_LITE_IPIF_I/I_SLAVE_ATTACHMENT/I_DECODER/Read_Reg_Rst                                                                      |               20 |             64 |
|  partC_i/processing_system7_0/inst/FCLK_CLK0 |                                                                                                                                                             | partC_i/processing_system7_0_axi_periph/s00_couplers/auto_pc/inst/gen_axilite.gen_b2s_conv.axilite_b2s/areset_d1                                     |               18 |             69 |
|  partC_i/processing_system7_0/inst/FCLK_CLK0 |                                                                                                                                                             |                                                                                                                                                      |               78 |            300 |
+----------------------------------------------+-------------------------------------------------------------------------------------------------------------------------------------------------------------+------------------------------------------------------------------------------------------------------------------------------------------------------+------------------+----------------+


