Duplicated file found; will not be sent for synthesis: /home/parallels/source_code/ECE_527_MP/mp2/partC/partC.srcs/sources_1/ipshared/xilinx.com/axi_lite_ipif_v3_0/876b8fe4/hdl/src/vhdl/ipif_pkg.vhd
Duplicated file found; will not be sent for synthesis: /home/parallels/source_code/ECE_527_MP/mp2/partC/partC.srcs/sources_1/ipshared/xilinx.com/axi_lite_ipif_v3_0/876b8fe4/hdl/src/vhdl/pselect_f.vhd
Duplicated file found; will not be sent for synthesis: /home/parallels/source_code/ECE_527_MP/mp2/partC/partC.srcs/sources_1/ipshared/xilinx.com/axi_lite_ipif_v3_0/876b8fe4/hdl/src/vhdl/address_decoder.vhd
Duplicated file found; will not be sent for synthesis: /home/parallels/source_code/ECE_527_MP/mp2/partC/partC.srcs/sources_1/ipshared/xilinx.com/axi_lite_ipif_v3_0/876b8fe4/hdl/src/vhdl/slave_attachment.vhd
Duplicated file found; will not be sent for synthesis: /home/parallels/source_code/ECE_527_MP/mp2/partC/partC.srcs/sources_1/ipshared/xilinx.com/axi_lite_ipif_v3_0/876b8fe4/hdl/src/vhdl/axi_lite_ipif.vhd
Duplicated file found; will not be sent for synthesis: /home/parallels/source_code/ECE_527_MP/mp2/partC/partC.srcs/sources_1/ipshared/xilinx.com/lib_cdc_v1_0/3c38df9f/hdl/src/vhdl/cdc_sync.vhd
Duplicated file found; will not be sent for synthesis: /home/parallels/source_code/ECE_527_MP/mp2/partC/partC.srcs/sources_1/ipshared/xilinx.com/interrupt_control_v3_1/dd9a9dbd/hdl/src/vhdl/interrupt_control.vhd
Duplicated file found; will not be sent for synthesis: /home/parallels/source_code/ECE_527_MP/mp2/partC/partC.srcs/sources_1/ipshared/xilinx.com/axi_gpio_v2_0/e416c384/hdl/src/vhdl/gpio_core.vhd
Duplicated file found; will not be sent for synthesis: /home/parallels/source_code/ECE_527_MP/mp2/partC/partC.srcs/sources_1/ipshared/xilinx.com/axi_gpio_v2_0/e416c384/hdl/src/vhdl/axi_gpio.vhd
Duplicated file found; will not be sent for synthesis: /home/parallels/source_code/ECE_527_MP/mp2/partC/partC.srcs/sources_1/ipshared/xilinx.com/lib_cdc_v1_0/3c38df9f/hdl/src/vhdl/cdc_sync.vhd
Duplicated file found; will not be sent for synthesis: /home/parallels/source_code/ECE_527_MP/mp2/partC/partC.srcs/sources_1/ipshared/xilinx.com/generic_baseblocks_v2_1/da89d453/hdl/verilog/generic_baseblocks_v2_1_carry_and.v
Duplicated file found; will not be sent for synthesis: /home/parallels/source_code/ECE_527_MP/mp2/partC/partC.srcs/sources_1/ipshared/xilinx.com/generic_baseblocks_v2_1/da89d453/hdl/verilog/generic_baseblocks_v2_1_carry_latch_and.v
Duplicated file found; will not be sent for synthesis: /home/parallels/source_code/ECE_527_MP/mp2/partC/partC.srcs/sources_1/ipshared/xilinx.com/generic_baseblocks_v2_1/da89d453/hdl/verilog/generic_baseblocks_v2_1_carry_latch_or.v
Duplicated file found; will not be sent for synthesis: /home/parallels/source_code/ECE_527_MP/mp2/partC/partC.srcs/sources_1/ipshared/xilinx.com/generic_baseblocks_v2_1/da89d453/hdl/verilog/generic_baseblocks_v2_1_carry_or.v
Duplicated file found; will not be sent for synthesis: /home/parallels/source_code/ECE_527_MP/mp2/partC/partC.srcs/sources_1/ipshared/xilinx.com/generic_baseblocks_v2_1/da89d453/hdl/verilog/generic_baseblocks_v2_1_carry.v
Duplicated file found; will not be sent for synthesis: /home/parallels/source_code/ECE_527_MP/mp2/partC/partC.srcs/sources_1/ipshared/xilinx.com/generic_baseblocks_v2_1/da89d453/hdl/verilog/generic_baseblocks_v2_1_command_fifo.v
Duplicated file found; will not be sent for synthesis: /home/parallels/source_code/ECE_527_MP/mp2/partC/partC.srcs/sources_1/ipshared/xilinx.com/generic_baseblocks_v2_1/da89d453/hdl/verilog/generic_baseblocks_v2_1_comparator_mask_static.v
Duplicated file found; will not be sent for synthesis: /home/parallels/source_code/ECE_527_MP/mp2/partC/partC.srcs/sources_1/ipshared/xilinx.com/generic_baseblocks_v2_1/da89d453/hdl/verilog/generic_baseblocks_v2_1_comparator_mask.v
Duplicated file found; will not be sent for synthesis: /home/parallels/source_code/ECE_527_MP/mp2/partC/partC.srcs/sources_1/ipshared/xilinx.com/generic_baseblocks_v2_1/da89d453/hdl/verilog/generic_baseblocks_v2_1_comparator_sel_mask_static.v
Duplicated file found; will not be sent for synthesis: /home/parallels/source_code/ECE_527_MP/mp2/partC/partC.srcs/sources_1/ipshared/xilinx.com/generic_baseblocks_v2_1/da89d453/hdl/verilog/generic_baseblocks_v2_1_comparator_sel_mask.v
Duplicated file found; will not be sent for synthesis: /home/parallels/source_code/ECE_527_MP/mp2/partC/partC.srcs/sources_1/ipshared/xilinx.com/generic_baseblocks_v2_1/da89d453/hdl/verilog/generic_baseblocks_v2_1_comparator_sel_static.v
Duplicated file found; will not be sent for synthesis: /home/parallels/source_code/ECE_527_MP/mp2/partC/partC.srcs/sources_1/ipshared/xilinx.com/generic_baseblocks_v2_1/da89d453/hdl/verilog/generic_baseblocks_v2_1_comparator_sel.v
Duplicated file found; will not be sent for synthesis: /home/parallels/source_code/ECE_527_MP/mp2/partC/partC.srcs/sources_1/ipshared/xilinx.com/generic_baseblocks_v2_1/da89d453/hdl/verilog/generic_baseblocks_v2_1_comparator_static.v
Duplicated file found; will not be sent for synthesis: /home/parallels/source_code/ECE_527_MP/mp2/partC/partC.srcs/sources_1/ipshared/xilinx.com/generic_baseblocks_v2_1/da89d453/hdl/verilog/generic_baseblocks_v2_1_comparator.v
Duplicated file found; will not be sent for synthesis: /home/parallels/source_code/ECE_527_MP/mp2/partC/partC.srcs/sources_1/ipshared/xilinx.com/generic_baseblocks_v2_1/da89d453/hdl/verilog/generic_baseblocks_v2_1_mux_enc.v
Duplicated file found; will not be sent for synthesis: /home/parallels/source_code/ECE_527_MP/mp2/partC/partC.srcs/sources_1/ipshared/xilinx.com/generic_baseblocks_v2_1/da89d453/hdl/verilog/generic_baseblocks_v2_1_mux.v
Duplicated file found; will not be sent for synthesis: /home/parallels/source_code/ECE_527_MP/mp2/partC/partC.srcs/sources_1/ipshared/xilinx.com/generic_baseblocks_v2_1/da89d453/hdl/verilog/generic_baseblocks_v2_1_nto1_mux.v
Duplicated file found; will not be sent for synthesis: /home/parallels/source_code/ECE_527_MP/mp2/partC/partC.srcs/sources_1/ipshared/xilinx.com/axi_data_fifo_v2_1/82d298e6/hdl/verilog/axi_data_fifo_v2_1_axic_fifo.v
Duplicated file found; will not be sent for synthesis: /home/parallels/source_code/ECE_527_MP/mp2/partC/partC.srcs/sources_1/ipshared/xilinx.com/axi_data_fifo_v2_1/82d298e6/hdl/verilog/axi_data_fifo_v2_1_fifo_gen.v
Duplicated file found; will not be sent for synthesis: /home/parallels/source_code/ECE_527_MP/mp2/partC/partC.srcs/sources_1/ipshared/xilinx.com/axi_data_fifo_v2_1/82d298e6/hdl/verilog/axi_data_fifo_v2_1_axic_srl_fifo.v
Duplicated file found; will not be sent for synthesis: /home/parallels/source_code/ECE_527_MP/mp2/partC/partC.srcs/sources_1/ipshared/xilinx.com/axi_data_fifo_v2_1/82d298e6/hdl/verilog/axi_data_fifo_v2_1_axic_reg_srl_fifo.v
Duplicated file found; will not be sent for synthesis: /home/parallels/source_code/ECE_527_MP/mp2/partC/partC.srcs/sources_1/ipshared/xilinx.com/axi_data_fifo_v2_1/82d298e6/hdl/verilog/axi_data_fifo_v2_1_ndeep_srl.v
Duplicated file found; will not be sent for synthesis: /home/parallels/source_code/ECE_527_MP/mp2/partC/partC.srcs/sources_1/ipshared/xilinx.com/axi_data_fifo_v2_1/82d298e6/hdl/verilog/axi_data_fifo_v2_1_axi_data_fifo.v
Duplicated file found; will not be sent for synthesis: /home/parallels/source_code/ECE_527_MP/mp2/partC/partC.srcs/sources_1/ipshared/xilinx.com/axi_infrastructure_v1_1/cf21a66f/hdl/verilog/axi_infrastructure_v1_1_header.vh
Duplicated file found; will not be sent for synthesis: /home/parallels/source_code/ECE_527_MP/mp2/partC/partC.srcs/sources_1/ipshared/xilinx.com/axi_infrastructure_v1_1/cf21a66f/hdl/verilog/axi_infrastructure_v1_1_axi2vector.v
Duplicated file found; will not be sent for synthesis: /home/parallels/source_code/ECE_527_MP/mp2/partC/partC.srcs/sources_1/ipshared/xilinx.com/axi_infrastructure_v1_1/cf21a66f/hdl/verilog/axi_infrastructure_v1_1_axic_srl_fifo.v
Duplicated file found; will not be sent for synthesis: /home/parallels/source_code/ECE_527_MP/mp2/partC/partC.srcs/sources_1/ipshared/xilinx.com/axi_infrastructure_v1_1/cf21a66f/hdl/verilog/axi_infrastructure_v1_1_vector2axi.v
Duplicated file found; will not be sent for synthesis: /home/parallels/source_code/ECE_527_MP/mp2/partC/partC.srcs/sources_1/ipshared/xilinx.com/axi_register_slice_v2_1/03a8e0ba/hdl/verilog/axi_register_slice_v2_1_axic_register_slice.v
Duplicated file found; will not be sent for synthesis: /home/parallels/source_code/ECE_527_MP/mp2/partC/partC.srcs/sources_1/ipshared/xilinx.com/axi_register_slice_v2_1/03a8e0ba/hdl/verilog/axi_register_slice_v2_1_axi_register_slice.v
Duplicated file found; will not be sent for synthesis: /home/parallels/source_code/ECE_527_MP/mp2/partC/partC.srcs/sources_1/ipshared/xilinx.com/blk_mem_gen_v8_2/834889ee/hdl/blk_mem_gen_v8_2_vhsyn_rfs.vhd
Duplicated file found; will not be sent for synthesis: /home/parallels/source_code/ECE_527_MP/mp2/partC/partC.srcs/sources_1/ipshared/xilinx.com/blk_mem_gen_v8_2/834889ee/hdl/blk_mem_gen_v8_2.vhd
Duplicated file found; will not be sent for synthesis: /home/parallels/source_code/ECE_527_MP/mp2/partC/partC.srcs/sources_1/ipshared/xilinx.com/fifo_generator_v12_0/15467f24/hdl/fifo_generator_v12_0_vhsyn_rfs.vhd
Duplicated file found; will not be sent for synthesis: /home/parallels/source_code/ECE_527_MP/mp2/partC/partC.srcs/sources_1/ipshared/xilinx.com/fifo_generator_v12_0/15467f24/hdl/fifo_generator_v12_0.vhd
CRC performance measure: elapsed=00:00:00s;;memory_peak=6201.926MB;;memory_gain=0.000MB
