Release 14.7 - ngc2edif P_INT.20150421 (lin64)
Copyright (c) 1995-2013 Xilinx, Inc.  All rights reserved.
Reading design charLib.ngc ...
WARNING:NetListWriters:298 - No output is written to charLib.xncf, ignored.
Processing design ...
   Preping design's networks ...
   Preping design's macros ...
  finished :Prep
Writing EDIF netlist file charLib.edif ...
ngc2edif: Total memory usage is 103948 kilobytes

Release 14.7 - ngc2edif P_INT.20150421 (lin64)
Copyright (c) 1995-2013 Xilinx, Inc.  All rights reserved.
Reading design charLib.ngc ...
WARNING:NetListWriters:298 - No output is written to charLib.xncf, ignored.
Processing design ...
   Preping design's networks ...
   Preping design's macros ...
  finished :Prep
Writing EDIF netlist file charLib.edif ...
ngc2edif: Total memory usage is 103952 kilobytes

Release 14.7 - ngc2edif P_INT.20150421 (nt64)
Copyright (c) 1995-2013 Xilinx, Inc.  All rights reserved.
Reading design charLib.ngc ...
WARNING:NetListWriters:298 - No output is written to charLib.xncf, ignored.
Processing design ...
   Preping design's networks ...
   Preping design's macros ...
  finished :Prep
Writing EDIF netlist file charLib.edif ...
ngc2edif: Total memory usage is 104208 kilobytes

