

================================================================
== Vivado HLS Report for 'MAT_Multiply'
================================================================
* Date:           Fri Oct  2 07:19:12 2015

* Version:        2015.1 (Build 1215546 on Mon Apr 27 19:24:50 PM 2015)
* Project:        partB
* Solution:       solution2_optimized
* Product family: zynq
* Target device:  xc7z020clg484-1


================================================================
== Performance Estimates
================================================================
+ Timing (ns): 
    * Summary: 
    +---------+-------+----------+------------+
    |  Clock  | Target| Estimated| Uncertainty|
    +---------+-------+----------+------------+
    |default  |  10.00|      8.99|        1.25|
    +---------+-------+----------+------------+

+ Latency (clock cycles): 
    * Summary: 
    +-----+------------+-----+------------+---------+
    |      Latency     |     Interval     | Pipeline|
    | min |     max    | min |     max    |   Type  |
    +-----+------------+-----+------------+---------+
    |    1|  4017000011|    2|  4017000012|   none  |
    +-----+------------+-----+------------+---------+

    + Detail: 
        * Instance: 
        +------------------------------------+-------------------------+---------+---------+---------+---------+---------+
        |                                    |                         |      Latency      |      Interval     | Pipeline|
        |              Instance              |          Module         |   min   |   max   |   min   |   max   |   Type  |
        +------------------------------------+-------------------------+---------+---------+---------+---------+---------+
        |grp_MAT_Multiply_load_mat_fu_275    |MAT_Multiply_load_mat    |  4000004|  4000004|  4000004|  4000004|   none  |
        |grp_MAT_Multiply_load_mat_1_fu_287  |MAT_Multiply_load_mat_1  |  1000007|  1000007|  1000007|  1000007|   none  |
        +------------------------------------+-------------------------+---------+---------+---------+---------+---------+

        * Loop: 
        +-------------------------+------------+------------+----------+-----------+-----------+---------+----------+
        |                         |         Latency         | Iteration|  Initiation Interval  |   Trip  |          |
        |        Loop Name        |     min    |     max    |  Latency |  achieved |   target  |  Count  | Pipelined|
        +-------------------------+------------+------------+----------+-----------+-----------+---------+----------+
        |- Row_Col                |  4012000000|  4012000000|      4012|          -|          -|  1000000|    no    |
        | + Product               |        4006|        4006|        11|          4|          1|     1000|    yes   |
        |- Row_Assign_Col_Assign  |     1000003|     1000003|         5|          1|          1|  1000000|    yes   |
        +-------------------------+------------+------------+----------+-----------+-----------+---------+----------+



================================================================
== Utilization Estimates
================================================================
* Summary: 
+-----------------+---------+-------+--------+--------+
|       Name      | BRAM_18K| DSP48E|   FF   |   LUT  |
+-----------------+---------+-------+--------+--------+
|Expression       |        -|      -|       0|  375366|
|FIFO             |        -|      -|       -|       -|
|Instance         |        -|      8|  160234|  809811|
|Memory           |     7652|      -|  128128|       0|
|Multiplexer      |        -|      -|       -|     349|
|Register         |        -|      -|  128324|       2|
+-----------------+---------+-------+--------+--------+
|Total            |     7652|      8|  416686| 1185528|
+-----------------+---------+-------+--------+--------+
|Available        |      280|    220|  106400|   53200|
+-----------------+---------+-------+--------+--------+
|Utilization (%)  |     2732|      3|     391|    2228|
+-----------------+---------+-------+--------+--------+

+ Detail: 
    * Instance: 
    +-------------------------------------------------+---------------------------------------------+---------+-------+-------+--------+
    |                     Instance                    |                    Module                   | BRAM_18K| DSP48E|   FF  |   LUT  |
    +-------------------------------------------------+---------------------------------------------+---------+-------+-------+--------+
    |grp_MAT_Multiply_load_mat_fu_275                 |MAT_Multiply_load_mat                        |        0|      1|  96152|  599667|
    |grp_MAT_Multiply_load_mat_1_fu_287               |MAT_Multiply_load_mat_1                      |        0|      1|     82|     178|
    |MAT_Multiply_lshr_32000ns_15ns_32000_2_U9        |MAT_Multiply_lshr_32000ns_15ns_32000_2       |        0|      0|  32000|  104983|
    |MAT_Multiply_lshr_32000ns_15ns_32000_2_U10       |MAT_Multiply_lshr_32000ns_15ns_32000_2       |        0|      0|  32000|  104983|
    |MAT_Multiply_mac_muladd_10ns_11ns_10ns_20_1_U12  |MAT_Multiply_mac_muladd_10ns_11ns_10ns_20_1  |        0|      1|      0|       0|
    |MAT_Multiply_mac_muladd_10ns_11ns_10ns_20_1_U13  |MAT_Multiply_mac_muladd_10ns_11ns_10ns_20_1  |        0|      1|      0|       0|
    |MAT_Multiply_mul_32s_32s_32_6_U11                |MAT_Multiply_mul_32s_32s_32_6                |        0|      4|      0|       0|
    +-------------------------------------------------+---------------------------------------------+---------+-------+-------+--------+
    |Total                                            |                                             |        0|      8| 160234|  809811|
    +-------------------------------------------------+---------------------------------------------+---------+-------+-------+--------+

    * Memory: 
    +----------+---------------------+---------+-------+----+---------+-------+------+-------------+
    |  Memory  |        Module       | BRAM_18K|   FF  | LUT|  Words  |  Bits | Banks| W*Bits*Banks|
    +----------+---------------------+---------+-------+----+---------+-------+------+-------------+
    |arrayA_U  |MAT_Multiply_arrayA  |     1778|  64000|   0|     1000|  32000|     1|     32000000|
    |arrayB_U  |MAT_Multiply_arrayB  |     1778|  64000|   0|     1000|  32000|     1|     32000000|
    |arrayC_U  |MAT_Multiply_arrayC  |     4096|    128|   0|  1000000|     64|     1|     64000000|
    +----------+---------------------+---------+-------+----+---------+-------+------+-------------+
    |Total     |                     |     7652| 128128|   0|  1002000|  64064|     3|    128000000|
    +----------+---------------------+---------+-------+----+---------+-------+------+-------------+

    * FIFO: 
    N/A

    * Expression: 
    +--------------------------------+----------+-------+---+--------+------------+------------+
    |          Variable Name         | Operation| DSP48E| FF|   LUT  | Bitwidth P0| Bitwidth P1|
    +--------------------------------+----------+-------+---+--------+------------+------------+
    |i_2_fu_627_p2                   |     +    |      0|  0|      10|          10|           1|
    |i_s_fu_393_p2                   |     +    |      0|  0|      10|          10|           1|
    |indvar_flatten_next1_fu_607_p2  |     +    |      0|  0|      20|          20|           1|
    |indvar_flatten_next_fu_373_p2   |     +    |      0|  0|      20|          20|           1|
    |j_2_fu_596_p2                   |     +    |      0|  0|      10|          10|           1|
    |j_3_fu_665_p2                   |     +    |      0|  0|      10|          10|           1|
    |k_1_fu_455_p2                   |     +    |      0|  0|      10|          10|           1|
    |tmp_21_fu_589_p2                |     +    |      0|  0|      64|          64|          64|
    |grp_fu_303_p2                   |     -    |      0|  0|      15|          15|          15|
    |grp_fu_307_p2                   |     -    |      0|  0|      15|          11|          15|
    |grp_fu_312_p2                   |     -    |      0|  0|      15|          15|          15|
    |grp_fu_331_p2                   |     -    |      0|  0|      15|          11|          15|
    |grp_fu_316_p3                   |  Select  |      0|  0|      15|           1|          15|
    |grp_fu_324_p3                   |  Select  |      0|  0|      15|           1|          15|
    |grp_fu_516_p0                   |  Select  |      0|  0|   32000|           1|       32000|
    |grp_fu_561_p0                   |  Select  |      0|  0|   32000|           1|       32000|
    |i_1_mid2_fu_633_p3              |  Select  |      0|  0|      10|           1|          10|
    |i_mid2_fu_399_p3                |  Select  |      0|  0|      10|           1|          10|
    |j_1_mid2_fu_619_p3              |  Select  |      0|  0|      10|           1|           1|
    |j_mid2_fu_385_p3                |  Select  |      0|  0|      10|           1|           1|
    |ap_sig_bdd_246                  |    and   |      0|  0|       1|           1|           1|
    |tmp1_fu_355_p2                  |    and   |      0|  0|       1|           1|           1|
    |tmp_10_fu_433_p2                |    and   |      0|  0|       1|           1|           1|
    |tmp_13_fu_659_p2                |    and   |      0|  0|       1|           1|           1|
    |tmp_35_fu_528_p2                |    and   |      0|  0|   50486|       32000|       32000|
    |tmp_50_fu_573_p2                |    and   |      0|  0|   50486|       32000|       32000|
    |tmp_s_fu_361_p2                 |    and   |      0|  0|       1|           1|           1|
    |exitcond1_fu_613_p2             |   icmp   |      0|  0|       4|          10|           6|
    |exitcond2_fu_449_p2             |   icmp   |      0|  0|       4|          10|           6|
    |exitcond_flatten1_fu_601_p2     |   icmp   |      0|  0|       7|          20|          17|
    |exitcond_flatten_fu_367_p2      |   icmp   |      0|  0|       7|          20|          17|
    |exitcond_fu_379_p2              |   icmp   |      0|  0|       4|          10|           6|
    |grp_fu_299_p2                   |   icmp   |      0|  0|       6|          15|          15|
    |tmp_12_fu_654_p2                |   icmp   |      0|  0|      11|          32|          32|
    |tmp_16_fu_465_p2                |   icmp   |      0|  0|      11|          32|          32|
    |tmp_2_fu_420_p2                 |   icmp   |      0|  0|      11|          32|          32|
    |tmp_3_fu_645_p2                 |   icmp   |      0|  0|      11|          32|          32|
    |tmp_5_fu_428_p2                 |   icmp   |      0|  0|      11|          32|          32|
    |tmp_7_fu_343_p2                 |   icmp   |      0|  0|      11|          32|          32|
    |tmp_9_fu_349_p2                 |   icmp   |      0|  0|      11|          32|          32|
    |tmp_fu_337_p2                   |   icmp   |      0|  0|      11|          32|          32|
    |tmp_34_fu_522_p2                |   lshr   |      0|  0|  104983|           2|       32000|
    |tmp_49_fu_567_p2                |   lshr   |      0|  0|  104983|           2|       32000|
    |tmp_18_fu_483_p2                |    or    |      0|  0|      19|          15|           5|
    +--------------------------------+----------+-------+---+--------+------------+------------+
    |Total                           |          |      0|  0|  375366|       64579|      192516|
    +--------------------------------+----------+-------+---+--------+------------+------------+

    * Multiplexer: 
    +-------------------------+----+-----------+-----+-----------+
    |           Name          | LUT| Input Size| Bits| Total Bits|
    +-------------------------+----+-----------+-----+-----------+
    |A_read                   |   1|          2|    1|          2|
    |B_read                   |   1|          2|    1|          2|
    |ap_NS_fsm                |   6|         14|    1|         14|
    |ap_reg_ppiten_pp0_it2    |   1|          2|    1|          2|
    |ap_reg_ppiten_pp1_it4    |   1|          2|    1|          2|
    |arrayA_address0          |  10|          3|   10|         30|
    |arrayA_ce0               |   1|          3|    1|          3|
    |arrayA_we0               |   1|          2|    1|          2|
    |arrayB_address0          |  10|          3|   10|         30|
    |arrayB_ce0               |   1|          3|    1|          3|
    |arrayB_ce1               |   1|          2|    1|          2|
    |arrayB_we1               |   1|          2|    1|          2|
    |arrayC_address0          |  20|          4|   20|         80|
    |arrayC_d0                |  64|          3|   64|        192|
    |grp_fu_299_p0            |  15|          3|   15|         45|
    |grp_fu_299_p1            |  15|          3|   15|         45|
    |grp_fu_303_p0            |  15|          3|   15|         45|
    |grp_fu_303_p1            |  15|          3|   15|         45|
    |grp_fu_307_p1            |  15|          3|   15|         45|
    |grp_fu_312_p0            |  15|          3|   15|         45|
    |grp_fu_312_p1            |  15|          3|   15|         45|
    |grp_fu_324_p2            |  15|          3|   15|         45|
    |i_1_phi_fu_256_p4        |  10|          2|   10|         20|
    |i_1_reg_252              |  10|          2|   10|         20|
    |i_reg_208                |  10|          2|   10|         20|
    |indvar_flatten1_reg_241  |  20|          2|   20|         40|
    |indvar_flatten_reg_197   |  20|          2|   20|         40|
    |j_1_reg_263              |  10|          2|   10|         20|
    |j_reg_219                |  10|          2|   10|         20|
    |k_phi_fu_234_p4          |  10|          2|   10|         20|
    |k_reg_230                |  10|          2|   10|         20|
    +-------------------------+----+-----------+-----+-----------+
    |Total                    | 349|         89|  344|        946|
    +-------------------------+----+-----------+-----+-----------+

    * Register: 
    +----------------------------------------------------------+-------+----+-------+-----------+
    |                           Name                           |   FF  | LUT|  Bits | Const Bits|
    +----------------------------------------------------------+-------+----+-------+-----------+
    |ap_CS_fsm                                                 |     13|   0|     13|          0|
    |ap_reg_ppiten_pp0_it0                                     |      1|   0|      1|          0|
    |ap_reg_ppiten_pp0_it1                                     |      1|   0|      1|          0|
    |ap_reg_ppiten_pp0_it2                                     |      1|   0|      1|          0|
    |ap_reg_ppiten_pp1_it0                                     |      1|   0|      1|          0|
    |ap_reg_ppiten_pp1_it1                                     |      1|   0|      1|          0|
    |ap_reg_ppiten_pp1_it2                                     |      1|   0|      1|          0|
    |ap_reg_ppiten_pp1_it3                                     |      1|   0|      1|          0|
    |ap_reg_ppiten_pp1_it4                                     |      1|   0|      1|          0|
    |arrayA_load_reg_765                                       |  32000|   0|  32000|          0|
    |arrayB_load_reg_771                                       |  32000|   0|  32000|          0|
    |arrayC_addr_reg_760                                       |     20|   0|     20|          0|
    |exitcond2_reg_777                                         |      1|   0|      1|          0|
    |exitcond_flatten1_reg_861                                 |      1|   0|      1|          0|
    |grp_MAT_Multiply_load_mat_1_fu_287_ap_start_ap_start_reg  |      1|   0|      1|          0|
    |grp_MAT_Multiply_load_mat_fu_275_ap_start_ap_start_reg    |      1|   0|      1|          0|
    |i_1_mid2_reg_875                                          |     10|   0|     10|          0|
    |i_1_reg_252                                               |     10|   0|     10|          0|
    |i_mid2_reg_739                                            |     10|   0|     10|          0|
    |i_reg_208                                                 |     10|   0|     10|          0|
    |indvar_flatten1_reg_241                                   |     20|   0|     20|          0|
    |indvar_flatten_next_reg_727                               |     20|   0|     20|          0|
    |indvar_flatten_reg_197                                    |     20|   0|     20|          0|
    |j_1_mid2_reg_870                                          |     10|   0|     10|          0|
    |j_1_reg_263                                               |     10|   0|     10|          0|
    |j_mid2_reg_732                                            |     10|   0|     10|          0|
    |j_reg_219                                                 |     10|   0|     10|          0|
    |k_1_reg_781                                               |     10|   0|     10|          0|
    |k_reg_230                                                 |     10|   0|     10|          0|
    |tmp_10_reg_756                                            |      1|   0|      1|          0|
    |tmp_13_reg_881                                            |      1|   0|      1|          0|
    |tmp_16_reg_786                                            |      1|   0|      1|          0|
    |tmp_17_reg_790                                            |     10|   0|     15|          5|
    |tmp_18_reg_799                                            |     10|   0|     15|          5|
    |tmp_19_reg_846                                            |     32|   0|     32|          0|
    |tmp_34_reg_816                                            |  32000|   0|  32000|          0|
    |tmp_36_reg_821                                            |     32|   0|     32|          0|
    |tmp_49_reg_836                                            |  32000|   0|  32000|          0|
    |tmp_51_reg_841                                            |     32|   0|     32|          0|
    |tmp_13_reg_881                                            |      0|   1|      1|          0|
    |tmp_16_reg_786                                            |      0|   1|      1|          0|
    +----------------------------------------------------------+-------+----+-------+-----------+
    |Total                                                     | 128324|   2| 128336|         10|
    +----------------------------------------------------------+-------+----+-------+-----------+



================================================================
== Interface
================================================================
* Summary: 
+-----------+-----+-----+------------+--------------+--------------+
| RTL Ports | Dir | Bits|  Protocol  | Source Object|    C Type    |
+-----------+-----+-----+------------+--------------+--------------+
|ap_clk     |  in |    1| ap_ctrl_hs | MAT_Multiply | return value |
|ap_rst     |  in |    1| ap_ctrl_hs | MAT_Multiply | return value |
|ap_start   |  in |    1| ap_ctrl_hs | MAT_Multiply | return value |
|ap_done    | out |    1| ap_ctrl_hs | MAT_Multiply | return value |
|ap_idle    | out |    1| ap_ctrl_hs | MAT_Multiply | return value |
|ap_ready   | out |    1| ap_ctrl_hs | MAT_Multiply | return value |
|A_dout     |  in |   32|   ap_fifo  |       A      |    pointer   |
|A_empty_n  |  in |    1|   ap_fifo  |       A      |    pointer   |
|A_read     | out |    1|   ap_fifo  |       A      |    pointer   |
|B_dout     |  in |   32|   ap_fifo  |       B      |    pointer   |
|B_empty_n  |  in |    1|   ap_fifo  |       B      |    pointer   |
|B_read     | out |    1|   ap_fifo  |       B      |    pointer   |
|C_din      | out |   64|   ap_fifo  |       C      |    pointer   |
|C_full_n   |  in |    1|   ap_fifo  |       C      |    pointer   |
|C_write    | out |    1|   ap_fifo  |       C      |    pointer   |
|mA         |  in |   32|   ap_none  |      mA      |    scalar    |
|nA         |  in |   32|   ap_none  |      nA      |    scalar    |
|mB         |  in |   32|   ap_none  |      mB      |    scalar    |
|nB         |  in |   32|   ap_none  |      nB      |    scalar    |
|mC         |  in |   32|   ap_none  |      mC      |    scalar    |
|nC         |  in |   32|   ap_none  |      nC      |    scalar    |
+-----------+-----+-----+------------+--------------+--------------+

