#-----------------------------------------------------------
# Vivado v2015.1 (64-bit)
# SW Build 1215546 on Mon Apr 27 19:22:08 MDT 2015
# IP Build 1209967 on Tue Apr 21 11:39:20 MDT 2015
# Start of session at: Fri Oct 30 08:00:16 2015
# Process ID: 9576
# Log file: E:/Ubuntu_source_code_data/ECE_527_MP/mp4/dct/solution2optimize/impl/verilog/vivado.log
# Journal file: E:/Ubuntu_source_code_data/ECE_527_MP/mp4/dct/solution2optimize/impl/verilog\vivado.jou
#-----------------------------------------------------------
source run_vivado.tcl -notrace
[Fri Oct 30 08:00:21 2015] Launched synth_1...
Run output will be captured here: E:/Ubuntu_source_code_data/ECE_527_MP/mp4/dct/solution2optimize/impl/verilog/project.runs/synth_1/runme.log
[Fri Oct 30 08:00:21 2015] Waiting for synth_1 to finish...

*** Running vivado
    with args -log DCT.vds -m64 -mode batch -messageDb vivado.pb -notrace -source DCT.tcl


****** Vivado v2015.1 (64-bit)
  **** SW Build 1215546 on Mon Apr 27 19:22:08 MDT 2015
  **** IP Build 1209967 on Tue Apr 21 11:39:20 MDT 2015
    ** Copyright 1986-2015 Xilinx, Inc. All Rights Reserved.

source DCT.tcl -notrace
Command: synth_design -top DCT -part xc7z020clg484-1 -no_iobuf -mode out_of_context
Starting synth_design
Attempting to get a license for feature 'Synthesis' and/or device 'xc7z020'
INFO: [Common 17-349] Got license for feature 'Synthesis' and/or device 'xc7z020'
---------------------------------------------------------------------------------
Starting RTL Elaboration : Time (s): cpu = 00:00:03 ; elapsed = 00:00:12 . Memory (MB): peak = 245.922 ; gain = 67.871
---------------------------------------------------------------------------------
INFO: [Synth 8-638] synthesizing module 'DCT' [E:/Ubuntu_source_code_data/ECE_527_MP/mp4/dct/solution2optimize/impl/verilog/DCT.v:12]
	Parameter ap_const_logic_1 bound to: 1'b1 
	Parameter ap_const_logic_0 bound to: 1'b0 
	Parameter ap_const_lv32_0 bound to: 0 - type: integer 
	Parameter ap_true bound to: 1'b1 
INFO: [Synth 8-638] synthesizing module 'DCT_Xbuff' [E:/Ubuntu_source_code_data/ECE_527_MP/mp4/dct/solution2optimize/impl/verilog/DCT_Xbuff.v:11]
	Parameter DataWidth bound to: 32 - type: integer 
	Parameter AddressRange bound to: 65 - type: integer 
	Parameter AddressWidth bound to: 7 - type: integer 
	Parameter BufferCount bound to: 2 - type: integer 
	Parameter IndexWidth bound to: 1 - type: integer 
INFO: [Synth 8-638] synthesizing module 'DCT_Xbuff_memcore' [E:/Ubuntu_source_code_data/ECE_527_MP/mp4/dct/solution2optimize/impl/verilog/DCT_Xbuff_memcore.v:66]
	Parameter DataWidth bound to: 32 - type: integer 
	Parameter AddressRange bound to: 130 - type: integer 
	Parameter AddressWidth bound to: 8 - type: integer 
INFO: [Synth 8-638] synthesizing module 'DCT_Xbuff_memcore_ram' [E:/Ubuntu_source_code_data/ECE_527_MP/mp4/dct/solution2optimize/impl/verilog/DCT_Xbuff_memcore.v:9]
	Parameter DWIDTH bound to: 32 - type: integer 
	Parameter AWIDTH bound to: 8 - type: integer 
	Parameter MEM_SIZE bound to: 130 - type: integer 
INFO: [Synth 8-5534] Detected attribute (* ram_style = "block" *) [E:/Ubuntu_source_code_data/ECE_527_MP/mp4/dct/solution2optimize/impl/verilog/DCT_Xbuff_memcore.v:27]
INFO: [Synth 8-256] done synthesizing module 'DCT_Xbuff_memcore_ram' (1#1) [E:/Ubuntu_source_code_data/ECE_527_MP/mp4/dct/solution2optimize/impl/verilog/DCT_Xbuff_memcore.v:9]
INFO: [Synth 8-256] done synthesizing module 'DCT_Xbuff_memcore' (2#1) [E:/Ubuntu_source_code_data/ECE_527_MP/mp4/dct/solution2optimize/impl/verilog/DCT_Xbuff_memcore.v:66]
INFO: [Synth 8-256] done synthesizing module 'DCT_Xbuff' (3#1) [E:/Ubuntu_source_code_data/ECE_527_MP/mp4/dct/solution2optimize/impl/verilog/DCT_Xbuff.v:11]
INFO: [Synth 8-638] synthesizing module 'DCT_Loop_1_proc' [E:/Ubuntu_source_code_data/ECE_527_MP/mp4/dct/solution2optimize/impl/verilog/DCT_Loop_1_proc.v:10]
	Parameter ap_const_logic_1 bound to: 1'b1 
	Parameter ap_const_logic_0 bound to: 1'b0 
	Parameter ap_ST_st1_fsm_0 bound to: 2'b01 
	Parameter ap_ST_st2_fsm_1 bound to: 2'b10 
	Parameter ap_const_lv32_0 bound to: 0 - type: integer 
	Parameter ap_const_lv1_1 bound to: 1'b1 
	Parameter ap_const_lv32_1 bound to: 1 - type: integer 
	Parameter ap_const_lv1_0 bound to: 1'b0 
	Parameter ap_const_lv7_0 bound to: 7'b0000000 
	Parameter ap_const_lv7_41 bound to: 7'b1000001 
	Parameter ap_const_lv7_1 bound to: 7'b0000001 
	Parameter ap_true bound to: 1'b1 
INFO: [Synth 8-5534] Detected attribute (* fsm_encoding = "none" *) [E:/Ubuntu_source_code_data/ECE_527_MP/mp4/dct/solution2optimize/impl/verilog/DCT_Loop_1_proc.v:62]
INFO: [Synth 8-256] done synthesizing module 'DCT_Loop_1_proc' (4#1) [E:/Ubuntu_source_code_data/ECE_527_MP/mp4/dct/solution2optimize/impl/verilog/DCT_Loop_1_proc.v:10]
INFO: [Synth 8-638] synthesizing module 'DCT_Loop_2_proc' [E:/Ubuntu_source_code_data/ECE_527_MP/mp4/dct/solution2optimize/impl/verilog/DCT_Loop_2_proc.v:10]
	Parameter ap_const_logic_1 bound to: 1'b1 
	Parameter ap_const_logic_0 bound to: 1'b0 
	Parameter ap_ST_st1_fsm_0 bound to: 3'b001 
	Parameter ap_ST_st2_fsm_1 bound to: 3'b010 
	Parameter ap_ST_st3_fsm_2 bound to: 3'b100 
	Parameter ap_const_lv32_0 bound to: 0 - type: integer 
	Parameter ap_const_lv1_1 bound to: 1'b1 
	Parameter ap_const_lv32_1 bound to: 1 - type: integer 
	Parameter ap_const_lv1_0 bound to: 1'b0 
	Parameter ap_const_lv32_2 bound to: 2 - type: integer 
	Parameter ap_const_lv7_0 bound to: 7'b0000000 
	Parameter ap_const_lv7_41 bound to: 7'b1000001 
	Parameter ap_const_lv7_1 bound to: 7'b0000001 
	Parameter ap_const_lv32_6 bound to: 6 - type: integer 
	Parameter ap_true bound to: 1'b1 
INFO: [Synth 8-5534] Detected attribute (* fsm_encoding = "none" *) [E:/Ubuntu_source_code_data/ECE_527_MP/mp4/dct/solution2optimize/impl/verilog/DCT_Loop_2_proc.v:62]
WARNING: [Synth 8-589] replacing case/wildcard equality operator === with logical equality operator == [E:/Ubuntu_source_code_data/ECE_527_MP/mp4/dct/solution2optimize/impl/verilog/DCT_Loop_2_proc.v:247]
INFO: [Synth 8-256] done synthesizing module 'DCT_Loop_2_proc' (5#1) [E:/Ubuntu_source_code_data/ECE_527_MP/mp4/dct/solution2optimize/impl/verilog/DCT_Loop_2_proc.v:10]
INFO: [Synth 8-256] done synthesizing module 'DCT' (6#1) [E:/Ubuntu_source_code_data/ECE_527_MP/mp4/dct/solution2optimize/impl/verilog/DCT.v:12]
WARNING: [Synth 8-3331] design DCT has unconnected port function_r[7]
WARNING: [Synth 8-3331] design DCT has unconnected port function_r[6]
WARNING: [Synth 8-3331] design DCT has unconnected port function_r[5]
WARNING: [Synth 8-3331] design DCT has unconnected port function_r[4]
WARNING: [Synth 8-3331] design DCT has unconnected port function_r[3]
WARNING: [Synth 8-3331] design DCT has unconnected port function_r[2]
WARNING: [Synth 8-3331] design DCT has unconnected port function_r[1]
WARNING: [Synth 8-3331] design DCT has unconnected port function_r[0]
---------------------------------------------------------------------------------
Finished RTL Elaboration : Time (s): cpu = 00:00:04 ; elapsed = 00:00:13 . Memory (MB): peak = 280.277 ; gain = 102.227
---------------------------------------------------------------------------------

Report Check Netlist: 
+------+------------------+-------+---------+-------+------------------+
|      |Item              |Errors |Warnings |Status |Description       |
+------+------------------+-------+---------+-------+------------------+
|1     |multi_driven_nets |      0|        0|Passed |Multi driven nets |
+------+------------------+-------+---------+-------+------------------+
---------------------------------------------------------------------------------
Finished RTL Optimization Phase 1 : Time (s): cpu = 00:00:04 ; elapsed = 00:00:13 . Memory (MB): peak = 280.277 ; gain = 102.227
---------------------------------------------------------------------------------
INFO: [Device 21-403] Loading part xc7z020clg484-1
INFO: [Project 1-570] Preparing netlist for logic optimization

Processing XDC Constraints
Initializing timing engine
Parsing XDC File [E:/Ubuntu_source_code_data/ECE_527_MP/mp4/dct/solution2optimize/impl/verilog/DCT.xdc]
Finished Parsing XDC File [E:/Ubuntu_source_code_data/ECE_527_MP/mp4/dct/solution2optimize/impl/verilog/DCT.xdc]
Completed Processing XDC Constraints

INFO: [Project 1-111] Unisim Transformation Summary:
No Unisim elements were transformed.

Constraint Validation Runtime : Time (s): cpu = 00:00:00 ; elapsed = 00:00:00.012 . Memory (MB): peak = 602.785 ; gain = 0.000
---------------------------------------------------------------------------------
Finished Constraint Validation : Time (s): cpu = 00:00:11 ; elapsed = 00:00:26 . Memory (MB): peak = 602.785 ; gain = 424.734
---------------------------------------------------------------------------------
---------------------------------------------------------------------------------
Start Loading Part and Timing Information
---------------------------------------------------------------------------------
Loading part: xc7z020clg484-1
---------------------------------------------------------------------------------
Finished Loading Part and Timing Information : Time (s): cpu = 00:00:11 ; elapsed = 00:00:26 . Memory (MB): peak = 602.785 ; gain = 424.734
---------------------------------------------------------------------------------
---------------------------------------------------------------------------------
Start Applying 'set_property' XDC Constraints
---------------------------------------------------------------------------------
---------------------------------------------------------------------------------
Finished applying 'set_property' XDC Constraints : Time (s): cpu = 00:00:11 ; elapsed = 00:00:26 . Memory (MB): peak = 602.785 ; gain = 424.734
---------------------------------------------------------------------------------
INFO: [Synth 8-4490] FSM extraction disabled for register 'ap_CS_fsm_reg' through user attribute
INFO: [Synth 8-5546] ROM "exitcond9_fu_61_p2" won't be mapped to RAM because it is too sparse
INFO: [Synth 8-4490] FSM extraction disabled for register 'ap_CS_fsm_reg' through user attribute
INFO: [Synth 8-5546] ROM "exitcond_fu_61_p2" won't be mapped to RAM because it is too sparse
INFO: [Synth 8-5562] The signal ram_reg is implemented as block RAM but is better mapped onto distributed LUT RAM for the following reason(s): The *depth (8 address bits)* is shallow. Please use attribute (* ram_style = "distributed" *) to instruct Vivado to infer distributed LUT RAM.
INFO: [Synth 8-3971] The signal ram_reg was recognized as a true dual port RAM template.
---------------------------------------------------------------------------------
Finished RTL Optimization Phase 2 : Time (s): cpu = 00:00:11 ; elapsed = 00:00:26 . Memory (MB): peak = 602.785 ; gain = 424.734
---------------------------------------------------------------------------------

Report RTL Partitions: 
+-+--------------+------------+----------+
| |RTL Partition |Replication |Instances |
+-+--------------+------------+----------+
+-+--------------+------------+----------+
---------------------------------------------------------------------------------
Start RTL Component Statistics 
---------------------------------------------------------------------------------
Detailed RTL Component Info : 
+---Adders : 
	   2 Input      7 Bit       Adders := 2     
	   2 Input      2 Bit       Adders := 1     
	   2 Input      1 Bit       Adders := 2     
+---Registers : 
	               32 Bit    Registers := 2     
	                7 Bit    Registers := 3     
	                3 Bit    Registers := 1     
	                2 Bit    Registers := 2     
	                1 Bit    Registers := 8     
+---RAMs : 
	               4K Bit         RAMs := 1     
+---Muxes : 
	   2 Input     32 Bit        Muxes := 1     
	   6 Input      3 Bit        Muxes := 1     
	   2 Input      2 Bit        Muxes := 2     
	   5 Input      2 Bit        Muxes := 1     
	   2 Input      1 Bit        Muxes := 12    
---------------------------------------------------------------------------------
Finished RTL Component Statistics 
---------------------------------------------------------------------------------
---------------------------------------------------------------------------------
Start RTL Hierarchical Component Statistics 
---------------------------------------------------------------------------------
Hierarchical RTL Component report 
Module DCT 
Detailed RTL Component Info : 
+---Registers : 
	                1 Bit    Registers := 1     
Module DCT_Xbuff_memcore_ram 
Detailed RTL Component Info : 
+---Registers : 
	               32 Bit    Registers := 2     
+---RAMs : 
	               4K Bit         RAMs := 1     
Module DCT_Xbuff 
Detailed RTL Component Info : 
+---Adders : 
	   2 Input      2 Bit       Adders := 1     
	   2 Input      1 Bit       Adders := 2     
+---Registers : 
	                2 Bit    Registers := 1     
	                1 Bit    Registers := 4     
+---Muxes : 
	   2 Input      2 Bit        Muxes := 1     
	   2 Input      1 Bit        Muxes := 8     
Module DCT_Loop_1_proc 
Detailed RTL Component Info : 
+---Adders : 
	   2 Input      7 Bit       Adders := 1     
+---Registers : 
	                7 Bit    Registers := 1     
	                2 Bit    Registers := 1     
	                1 Bit    Registers := 1     
+---Muxes : 
	   5 Input      2 Bit        Muxes := 1     
	   2 Input      1 Bit        Muxes := 2     
Module DCT_Loop_2_proc 
Detailed RTL Component Info : 
+---Adders : 
	   2 Input      7 Bit       Adders := 1     
+---Registers : 
	                7 Bit    Registers := 2     
	                3 Bit    Registers := 1     
	                1 Bit    Registers := 2     
+---Muxes : 
	   2 Input     32 Bit        Muxes := 1     
	   6 Input      3 Bit        Muxes := 1     
	   2 Input      2 Bit        Muxes := 1     
	   2 Input      1 Bit        Muxes := 2     
---------------------------------------------------------------------------------
Finished RTL Hierarchical Component Statistics
---------------------------------------------------------------------------------
---------------------------------------------------------------------------------
Start Part Resource Summary
---------------------------------------------------------------------------------
Part Resources:
DSPs: 220 (col length:60)
BRAMs: 280 (col length: RAMB18 60 RAMB36 30)
---------------------------------------------------------------------------------
Finished Part Resource Summary
---------------------------------------------------------------------------------
Start Parallel Synthesis Optimization  : Time (s): cpu = 00:00:12 ; elapsed = 00:00:27 . Memory (MB): peak = 602.785 ; gain = 424.734
---------------------------------------------------------------------------------
Start Cross Boundary Optimization
---------------------------------------------------------------------------------
WARNING: [Synth 8-3331] design DCT has unconnected port function_r[7]
WARNING: [Synth 8-3331] design DCT has unconnected port function_r[6]
WARNING: [Synth 8-3331] design DCT has unconnected port function_r[5]
WARNING: [Synth 8-3331] design DCT has unconnected port function_r[4]
WARNING: [Synth 8-3331] design DCT has unconnected port function_r[3]
WARNING: [Synth 8-3331] design DCT has unconnected port function_r[2]
WARNING: [Synth 8-3331] design DCT has unconnected port function_r[1]
WARNING: [Synth 8-3331] design DCT has unconnected port function_r[0]
---------------------------------------------------------------------------------
Finished Cross Boundary Optimization : Time (s): cpu = 00:00:12 ; elapsed = 00:00:27 . Memory (MB): peak = 602.785 ; gain = 424.734
---------------------------------------------------------------------------------
Finished Parallel Reinference  : Time (s): cpu = 00:00:12 ; elapsed = 00:00:27 . Memory (MB): peak = 602.785 ; gain = 424.734

Report RTL Partitions: 
+-+--------------+------------+----------+
| |RTL Partition |Replication |Instances |
+-+--------------+------------+----------+
+-+--------------+------------+----------+
INFO: [Synth 8-5562] The signal Xbuff_U/DCT_Xbuff_memcore_U/DCT_Xbuff_memcore_ram_U/ram_reg is implemented as block RAM but is better mapped onto distributed LUT RAM for the following reason(s): The *depth (8 address bits)* is shallow. Please use attribute (* ram_style = "distributed" *) to instruct Vivado to infer distributed LUT RAM.
---------------------------------------------------------------------------------
Start ROM, RAM, DSP and Shift Register Reporting
---------------------------------------------------------------------------------

Block RAM:
+------------+-------------------------------------------------------------+------------------------+---+---+------------------------+---+---+--------------+--------+--------+-------------------+
|Module Name | RTL Object                                                  | PORT A (Depth x Width) | W | R | PORT B (Depth x Width) | W | R | OUT_REG      | RAMB18 | RAMB36 | Hierarchical Name | 
+------------+-------------------------------------------------------------+------------------------+---+---+------------------------+---+---+--------------+--------+--------+-------------------+
|DCT         | Xbuff_U/DCT_Xbuff_memcore_U/DCT_Xbuff_memcore_ram_U/ram_reg | 256 x 32(READ_FIRST)   | W |   | 256 x 32(WRITE_FIRST)  |   | R | Port A and B | 1      | 0      | DCT/extram__2     | 
+------------+-------------------------------------------------------------+------------------------+---+---+------------------------+---+---+--------------+--------+--------+-------------------+

Note: The table shows the Block RAMs at the current stage of the synthesis flow. Some Block RAMs may be reimplemented as non Block RAM primitives later in the synthesis flow. Multiple instantiated Block RAMs are reported only once. "Hierarchical Name" reflects the Block RAM name as it appears in the hierarchical module and only part of it is displayed.
---------------------------------------------------------------------------------
Finished ROM, RAM, DSP and Shift Register Reporting
---------------------------------------------------------------------------------
INFO: [Synth 8-3333] propagating constant 0 across sequential element (\DCT_Loop_2_proc_U0/ap_done_reg_reg )
WARNING: [Synth 8-3332] Sequential element (\DCT_Loop_2_proc_U0/ap_done_reg_reg ) is unused and will be removed from module DCT.
---------------------------------------------------------------------------------
Start Area Optimization
---------------------------------------------------------------------------------
---------------------------------------------------------------------------------
Finished Area Optimization : Time (s): cpu = 00:00:12 ; elapsed = 00:00:27 . Memory (MB): peak = 602.785 ; gain = 424.734
---------------------------------------------------------------------------------
Finished Parallel Area Optimization  : Time (s): cpu = 00:00:12 ; elapsed = 00:00:27 . Memory (MB): peak = 602.785 ; gain = 424.734

Report RTL Partitions: 
+-+--------------+------------+----------+
| |RTL Partition |Replication |Instances |
+-+--------------+------------+----------+
+-+--------------+------------+----------+
Finished Parallel Synthesis Optimization  : Time (s): cpu = 00:00:12 ; elapsed = 00:00:27 . Memory (MB): peak = 602.785 ; gain = 424.734
---------------------------------------------------------------------------------
Start Timing Optimization
---------------------------------------------------------------------------------
---------------------------------------------------------------------------------
Start Applying XDC Timing Constraints
---------------------------------------------------------------------------------
---------------------------------------------------------------------------------
Finished Applying XDC Timing Constraints : Time (s): cpu = 00:00:24 ; elapsed = 00:00:39 . Memory (MB): peak = 602.785 ; gain = 424.734
---------------------------------------------------------------------------------
---------------------------------------------------------------------------------
Finished Timing Optimization : Time (s): cpu = 00:00:24 ; elapsed = 00:00:39 . Memory (MB): peak = 602.785 ; gain = 424.734
---------------------------------------------------------------------------------

Report RTL Partitions: 
+-+--------------+------------+----------+
| |RTL Partition |Replication |Instances |
+-+--------------+------------+----------+
+-+--------------+------------+----------+
---------------------------------------------------------------------------------
Start Technology Mapping
---------------------------------------------------------------------------------
INFO: [Synth 8-4480] The timing for the instance \Xbuff_U/DCT_Xbuff_memcore_U/DCT_Xbuff_memcore_ram_U/ram_reg  (implemented as a block RAM) might be sub-optimal as no optional output register could be merged into the block ram. Providing additional output register may help in improving timing.
---------------------------------------------------------------------------------
Finished Technology Mapping : Time (s): cpu = 00:00:24 ; elapsed = 00:00:39 . Memory (MB): peak = 602.785 ; gain = 424.734
---------------------------------------------------------------------------------

Report RTL Partitions: 
+-+--------------+------------+----------+
| |RTL Partition |Replication |Instances |
+-+--------------+------------+----------+
+-+--------------+------------+----------+
---------------------------------------------------------------------------------
Start IO Insertion
---------------------------------------------------------------------------------
---------------------------------------------------------------------------------
Start Final Netlist Cleanup
---------------------------------------------------------------------------------
---------------------------------------------------------------------------------
Finished Final Netlist Cleanup
---------------------------------------------------------------------------------
---------------------------------------------------------------------------------
Finished IO Insertion : Time (s): cpu = 00:00:24 ; elapsed = 00:00:39 . Memory (MB): peak = 602.785 ; gain = 424.734
---------------------------------------------------------------------------------

Report Check Netlist: 
+------+------------------+-------+---------+-------+------------------+
|      |Item              |Errors |Warnings |Status |Description       |
+------+------------------+-------+---------+-------+------------------+
|1     |multi_driven_nets |      0|        0|Passed |Multi driven nets |
+------+------------------+-------+---------+-------+------------------+
---------------------------------------------------------------------------------
Start Renaming Generated Instances
---------------------------------------------------------------------------------
---------------------------------------------------------------------------------
Finished Renaming Generated Instances : Time (s): cpu = 00:00:24 ; elapsed = 00:00:39 . Memory (MB): peak = 602.785 ; gain = 424.734
---------------------------------------------------------------------------------

Report RTL Partitions: 
+-+--------------+------------+----------+
| |RTL Partition |Replication |Instances |
+-+--------------+------------+----------+
+-+--------------+------------+----------+
---------------------------------------------------------------------------------
Start Rebuilding User Hierarchy
---------------------------------------------------------------------------------
---------------------------------------------------------------------------------
Finished Rebuilding User Hierarchy : Time (s): cpu = 00:00:24 ; elapsed = 00:00:39 . Memory (MB): peak = 602.785 ; gain = 424.734
---------------------------------------------------------------------------------
---------------------------------------------------------------------------------
Start Renaming Generated Ports : Time (s): cpu = 00:00:24 ; elapsed = 00:00:39 . Memory (MB): peak = 602.785 ; gain = 424.734
---------------------------------------------------------------------------------
---------------------------------------------------------------------------------
Finished Renaming Generated Ports : Time (s): cpu = 00:00:24 ; elapsed = 00:00:39 . Memory (MB): peak = 602.785 ; gain = 424.734
---------------------------------------------------------------------------------
---------------------------------------------------------------------------------
Start Writing Synthesis Report
---------------------------------------------------------------------------------

Report BlackBoxes: 
+-+--------------+----------+
| |BlackBox name |Instances |
+-+--------------+----------+
+-+--------------+----------+

Report Cell Usage: 
+------+---------+------+
|      |Cell     |Count |
+------+---------+------+
|1     |LUT1     |     2|
|2     |LUT2     |    39|
|3     |LUT3     |     6|
|4     |LUT4     |    10|
|5     |LUT5     |     7|
|6     |LUT6     |     7|
|7     |RAMB18E1 |     1|
|8     |FDRE     |    33|
|9     |FDSE     |     2|
+------+---------+------+

Report Instance Areas: 
+------+------------------------------+----------------------+------+
|      |Instance                      |Module                |Cells |
+------+------------------------------+----------------------+------+
|1     |top                           |                      |   107|
|2     |  DCT_Loop_1_proc_U0          |DCT_Loop_1_proc       |    28|
|3     |  DCT_Loop_2_proc_U0          |DCT_Loop_2_proc       |    66|
|4     |  Xbuff_U                     |DCT_Xbuff             |    12|
|5     |    DCT_Xbuff_memcore_U       |DCT_Xbuff_memcore     |     1|
|6     |      DCT_Xbuff_memcore_ram_U |DCT_Xbuff_memcore_ram |     1|
+------+------------------------------+----------------------+------+
---------------------------------------------------------------------------------
Finished Writing Synthesis Report : Time (s): cpu = 00:00:24 ; elapsed = 00:00:39 . Memory (MB): peak = 602.785 ; gain = 424.734
---------------------------------------------------------------------------------
Synthesis finished with 0 errors, 0 critical warnings and 9 warnings.
Synthesis Optimization Runtime : Time (s): cpu = 00:00:15 ; elapsed = 00:00:19 . Memory (MB): peak = 602.785 ; gain = 83.621
Synthesis Optimization Complete : Time (s): cpu = 00:00:24 ; elapsed = 00:00:39 . Memory (MB): peak = 602.785 ; gain = 424.734
INFO: [Project 1-571] Translating synthesized netlist
INFO: [Netlist 29-17] Analyzing 1 Unisim elements for replacement
INFO: [Netlist 29-28] Unisim Transformation completed in 0 CPU seconds
INFO: [Project 1-570] Preparing netlist for logic optimization
INFO: [Opt 31-138] Pushed 0 inverter(s) to 0 load pin(s).
INFO: [Project 1-111] Unisim Transformation Summary:
No Unisim elements were transformed.

INFO: [Common 17-83] Releasing license: Synthesis
35 Infos, 18 Warnings, 0 Critical Warnings and 0 Errors encountered.
synth_design completed successfully
synth_design: Time (s): cpu = 00:00:24 ; elapsed = 00:00:39 . Memory (MB): peak = 602.785 ; gain = 410.594
report_utilization: Time (s): cpu = 00:00:00 ; elapsed = 00:00:00.030 . Memory (MB): peak = 602.785 ; gain = 0.000
INFO: [Common 17-206] Exiting Vivado at Fri Oct 30 08:01:06 2015...
[Fri Oct 30 08:01:06 2015] synth_1 finished
wait_on_run: Time (s): cpu = 00:00:00 ; elapsed = 00:00:45 . Memory (MB): peak = 206.129 ; gain = 6.051
Design is defaulting to impl run constrset: constrs_1
Design is defaulting to synth run part: xc7z020clg484-1
INFO: [Netlist 29-17] Analyzing 1 Unisim elements for replacement
INFO: [Netlist 29-28] Unisim Transformation completed in 0 CPU seconds
INFO: [Project 1-479] Netlist was created with Vivado 2015.1
INFO: [Device 21-403] Loading part xc7z020clg484-1
INFO: [Project 1-570] Preparing netlist for logic optimization
Parsing XDC File [E:/Ubuntu_source_code_data/ECE_527_MP/mp4/dct/solution2optimize/impl/verilog/DCT.xdc]
Finished Parsing XDC File [E:/Ubuntu_source_code_data/ECE_527_MP/mp4/dct/solution2optimize/impl/verilog/DCT.xdc]
INFO: [Opt 31-138] Pushed 0 inverter(s) to 0 load pin(s).
INFO: [Project 1-111] Unisim Transformation Summary:
No Unisim elements were transformed.

open_run: Time (s): cpu = 00:00:05 ; elapsed = 00:00:08 . Memory (MB): peak = 478.473 ; gain = 272.344
report_utilization: Time (s): cpu = 00:00:00 ; elapsed = 00:00:00.020 . Memory (MB): peak = 478.473 ; gain = 0.000
INFO: [Timing 38-91] UpdateTimingParams: Speed grade: -1, Delay Type: max.
INFO: [Timing 38-191] Multithreading enabled for timing update using a maximum of 2 CPUs
INFO: [Timing 38-35] Done setting XDC timing constraints.
INFO: [Timing 38-78] ReportTimingParams: -max_paths 1 -nworst 1 -delay_type max -sort_by slack.
report_timing: Time (s): cpu = 00:00:13 ; elapsed = 00:00:14 . Memory (MB): peak = 909.637 ; gain = 431.164
[Fri Oct 30 08:01:30 2015] Launched impl_1...
Run output will be captured here: E:/Ubuntu_source_code_data/ECE_527_MP/mp4/dct/solution2optimize/impl/verilog/project.runs/impl_1/runme.log
[Fri Oct 30 08:01:30 2015] Waiting for impl_1 to finish...

*** Running vivado
    with args -log DCT.vdi -applog -m64 -messageDb vivado.pb -mode batch -source DCT.tcl -notrace


****** Vivado v2015.1 (64-bit)
  **** SW Build 1215546 on Mon Apr 27 19:22:08 MDT 2015
  **** IP Build 1209967 on Tue Apr 21 11:39:20 MDT 2015
    ** Copyright 1986-2015 Xilinx, Inc. All Rights Reserved.

source DCT.tcl -notrace
Command: open_checkpoint E:/Ubuntu_source_code_data/ECE_527_MP/mp4/dct/solution2optimize/impl/verilog/project.runs/impl_1/DCT.dcp
INFO: [Netlist 29-17] Analyzing 1 Unisim elements for replacement
INFO: [Netlist 29-28] Unisim Transformation completed in 0 CPU seconds
INFO: [Project 1-479] Netlist was created with Vivado 2015.1
INFO: [Device 21-403] Loading part xc7z020clg484-1
INFO: [Project 1-570] Preparing netlist for logic optimization
Parsing XDC File [E:/Ubuntu_source_code_data/ECE_527_MP/mp4/dct/solution2optimize/impl/verilog/project.runs/impl_1/.Xil/Vivado-9008-zombie/dcp/DCT.xdc]
Finished Parsing XDC File [E:/Ubuntu_source_code_data/ECE_527_MP/mp4/dct/solution2optimize/impl/verilog/project.runs/impl_1/.Xil/Vivado-9008-zombie/dcp/DCT.xdc]
INFO: [Project 1-111] Unisim Transformation Summary:
No Unisim elements were transformed.

INFO: [Project 1-484] Checkpoint was created with build 1215546
open_checkpoint: Time (s): cpu = 00:00:04 ; elapsed = 00:00:10 . Memory (MB): peak = 466.742 ; gain = 274.516
Command: opt_design
Attempting to get a license for feature 'Implementation' and/or device 'xc7z020'
INFO: [Common 17-349] Got license for feature 'Implementation' and/or device 'xc7z020'
Running DRC as a precondition to command opt_design

Starting DRC Task
INFO: [DRC 23-27] Running DRC with 2 threads
INFO: [Project 1-461] DRC finished with 0 Errors
INFO: [Project 1-462] Please refer to the DRC report (report_drc) for more information.

Time (s): cpu = 00:00:01 ; elapsed = 00:00:00.072 . Memory (MB): peak = 471.082 ; gain = 1.375
INFO: [Timing 38-35] Done setting XDC timing constraints.

Starting Logic Optimization Task

Phase 1 Retarget

INFO: [Opt 31-138] Pushed 0 inverter(s) to 0 load pin(s).
INFO: [Opt 31-49] Retargeted 0 cell(s).
Phase 1 Retarget | Checksum: 6515b5a0

Time (s): cpu = 00:00:00 ; elapsed = 00:00:00.020 . Memory (MB): peak = 899.883 ; gain = 0.000

Phase 2 Constant Propagation
INFO: [Opt 31-138] Pushed 0 inverter(s) to 0 load pin(s).
INFO: [Opt 31-10] Eliminated 0 cells.
Phase 2 Constant Propagation | Checksum: 6515b5a0

Time (s): cpu = 00:00:00 ; elapsed = 00:00:00.020 . Memory (MB): peak = 899.883 ; gain = 0.000

Phase 3 Sweep
INFO: [Opt 31-12] Eliminated 0 unconnected nets.
INFO: [Opt 31-11] Eliminated 0 unconnected cells.
Phase 3 Sweep | Checksum: 6515b5a0

Time (s): cpu = 00:00:00 ; elapsed = 00:00:00.030 . Memory (MB): peak = 899.883 ; gain = 0.000

Starting Connectivity Check Task

Time (s): cpu = 00:00:00 ; elapsed = 00:00:00 . Memory (MB): peak = 899.883 ; gain = 0.000
Ending Logic Optimization Task | Checksum: 6515b5a0

Time (s): cpu = 00:00:00 ; elapsed = 00:00:00.030 . Memory (MB): peak = 899.883 ; gain = 0.000
Implement Debug Cores | Checksum: 29e00822
Logic Optimization | Checksum: 29e00822

Starting Power Optimization Task
INFO: [Pwropt 34-132] Skipping clock gating for clocks with a period < 3.13 ns.
INFO: [Pwropt 34-9] Applying IDT optimizations ...
INFO: [Pwropt 34-10] Applying ODC optimizations ...


Starting PowerOpt Patch Enables Task
INFO: [Pwropt 34-162] WRITE_MODE attribute of 0 BRAM(s) out of a total of 1 has been updated to save power. Run report_power_opt to get a complete listing of the BRAMs updated.
INFO: [Pwropt 34-201] Structural ODC has moved 0 WE to EN ports
Number of BRAM Ports augmented: 0 newly gated: 0 Total Ports: 2
Ending PowerOpt Patch Enables Task | Checksum: 6515b5a0

Time (s): cpu = 00:00:00 ; elapsed = 00:00:00 . Memory (MB): peak = 933.504 ; gain = 0.000
Ending Power Optimization Task | Checksum: 6515b5a0

Time (s): cpu = 00:00:00 ; elapsed = 00:00:00.241 . Memory (MB): peak = 933.504 ; gain = 33.621
INFO: [Common 17-83] Releasing license: Implementation
24 Infos, 0 Warnings, 0 Critical Warnings and 0 Errors encountered.
opt_design completed successfully
opt_design: Time (s): cpu = 00:00:14 ; elapsed = 00:00:22 . Memory (MB): peak = 933.504 ; gain = 466.762
INFO: [Timing 38-35] Done setting XDC timing constraints.
INFO: [DRC 23-27] Running DRC with 2 threads
INFO: [Coretcl 2-168] The results of DRC are in file E:/Ubuntu_source_code_data/ECE_527_MP/mp4/dct/solution2optimize/impl/verilog/project.runs/impl_1/DCT_drc_opted.rpt.
Command: place_design
Attempting to get a license for feature 'Implementation' and/or device 'xc7z020'
INFO: [Common 17-349] Got license for feature 'Implementation' and/or device 'xc7z020'
INFO: [DRC 23-27] Running DRC with 2 threads
INFO: [Vivado_Tcl 4-198] DRC finished with 0 Errors
INFO: [Vivado_Tcl 4-199] Please refer to the DRC report (report_drc) for more information.
Running DRC as a precondition to command place_design
INFO: [DRC 23-27] Running DRC with 2 threads
INFO: [Vivado_Tcl 4-198] DRC finished with 0 Errors
INFO: [Vivado_Tcl 4-199] Please refer to the DRC report (report_drc) for more information.

Starting Placer Task
INFO: [Place 30-611] Multithreading enabled for place_design using a maximum of 2 CPUs

Phase 1 Placer Runtime Estimator
Phase 1 Placer Runtime Estimator | Checksum: 223863fd

Time (s): cpu = 00:00:00 ; elapsed = 00:00:00.017 . Memory (MB): peak = 933.504 ; gain = 0.000

Phase 2 Placer Initialization
Netlist sorting complete. Time (s): cpu = 00:00:00 ; elapsed = 00:00:00.001 . Memory (MB): peak = 933.504 ; gain = 0.000
Netlist sorting complete. Time (s): cpu = 00:00:00 ; elapsed = 00:00:00 . Memory (MB): peak = 933.504 ; gain = 0.000

Phase 2.1 IO Placement/ Clock Placement/ Build Placer Device

Phase 2.1.1 Pre-Place Cells
Phase 2.1.1 Pre-Place Cells | Checksum: 00000000

Time (s): cpu = 00:00:00 ; elapsed = 00:00:00.036 . Memory (MB): peak = 933.504 ; gain = 0.000

Phase 2.1.2 IO & Clk Clean Up
Phase 2.1.2 IO & Clk Clean Up | Checksum: 00000000

Time (s): cpu = 00:00:01 ; elapsed = 00:00:00.576 . Memory (MB): peak = 933.504 ; gain = 0.000

Phase 2.1.3 Implementation Feasibility check On IDelay
Phase 2.1.3 Implementation Feasibility check On IDelay | Checksum: 00000000

Time (s): cpu = 00:00:01 ; elapsed = 00:00:00.576 . Memory (MB): peak = 933.504 ; gain = 0.000

Phase 2.1.4 Commit IO Placement
Phase 2.1.4 Commit IO Placement | Checksum: 00000000

Time (s): cpu = 00:00:01 ; elapsed = 00:00:00.576 . Memory (MB): peak = 933.504 ; gain = 0.000
Phase 2.1 IO Placement/ Clock Placement/ Build Placer Device | Checksum: f82118be

Time (s): cpu = 00:00:01 ; elapsed = 00:00:00.576 . Memory (MB): peak = 933.504 ; gain = 0.000

Phase 2.2 Build Placer Netlist Model

Phase 2.2.1 Place Init Design

Phase 2.2.1.1 Init Lut Pin Assignment
Phase 2.2.1.1 Init Lut Pin Assignment | Checksum: 1298c4c1c

Time (s): cpu = 00:00:01 ; elapsed = 00:00:00.586 . Memory (MB): peak = 933.504 ; gain = 0.000
Phase 2.2.1 Place Init Design | Checksum: 149544c16

Time (s): cpu = 00:00:01 ; elapsed = 00:00:00.626 . Memory (MB): peak = 933.504 ; gain = 0.000
Phase 2.2 Build Placer Netlist Model | Checksum: 149544c16

Time (s): cpu = 00:00:01 ; elapsed = 00:00:00.626 . Memory (MB): peak = 933.504 ; gain = 0.000

Phase 2.3 Constrain Clocks/Macros

Phase 2.3.1 Constrain Global/Regional Clocks
Phase 2.3.1 Constrain Global/Regional Clocks | Checksum: 149544c16

Time (s): cpu = 00:00:01 ; elapsed = 00:00:00.626 . Memory (MB): peak = 933.504 ; gain = 0.000
Phase 2.3 Constrain Clocks/Macros | Checksum: 149544c16

Time (s): cpu = 00:00:01 ; elapsed = 00:00:00.626 . Memory (MB): peak = 933.504 ; gain = 0.000
Phase 2 Placer Initialization | Checksum: 149544c16

Time (s): cpu = 00:00:01 ; elapsed = 00:00:00.626 . Memory (MB): peak = 933.504 ; gain = 0.000

Phase 3 Global Placement
Phase 3 Global Placement | Checksum: 1dc4fd4b6

Time (s): cpu = 00:00:02 ; elapsed = 00:00:01 . Memory (MB): peak = 933.504 ; gain = 0.000

Phase 4 Detail Placement

Phase 4.1 Commit Multi Column Macros
Phase 4.1 Commit Multi Column Macros | Checksum: 1dc4fd4b6

Time (s): cpu = 00:00:02 ; elapsed = 00:00:01 . Memory (MB): peak = 933.504 ; gain = 0.000

Phase 4.2 Commit Most Macros & LUTRAMs
Phase 4.2 Commit Most Macros & LUTRAMs | Checksum: 26171875c

Time (s): cpu = 00:00:02 ; elapsed = 00:00:01 . Memory (MB): peak = 933.504 ; gain = 0.000

Phase 4.3 Area Swap Optimization
Phase 4.3 Area Swap Optimization | Checksum: 1e72f2e11

Time (s): cpu = 00:00:02 ; elapsed = 00:00:01 . Memory (MB): peak = 933.504 ; gain = 0.000

Phase 4.4 updateClock Trees: DP
Phase 4.4 updateClock Trees: DP | Checksum: 1e72f2e11

Time (s): cpu = 00:00:02 ; elapsed = 00:00:01 . Memory (MB): peak = 933.504 ; gain = 0.000

Phase 4.5 Timing Path Optimizer
Phase 4.5 Timing Path Optimizer | Checksum: 1c8288baa

Time (s): cpu = 00:00:02 ; elapsed = 00:00:01 . Memory (MB): peak = 933.504 ; gain = 0.000

Phase 4.6 Small Shape Detail Placement

Phase 4.6.1 Commit Small Macros & Core Logic

Phase 4.6.1.1 setBudgets
Phase 4.6.1.1 setBudgets | Checksum: 26652b58f

Time (s): cpu = 00:00:02 ; elapsed = 00:00:01 . Memory (MB): peak = 933.504 ; gain = 0.000

Phase 4.6.1.2 Commit Slice Clusters
Phase 4.6.1.2 Commit Slice Clusters | Checksum: 160259b1e

Time (s): cpu = 00:00:02 ; elapsed = 00:00:01 . Memory (MB): peak = 933.504 ; gain = 0.000
Phase 4.6.1 Commit Small Macros & Core Logic | Checksum: 160259b1e

Time (s): cpu = 00:00:02 ; elapsed = 00:00:01 . Memory (MB): peak = 933.504 ; gain = 0.000

Phase 4.6.2 Clock Restriction Legalization for Leaf Columns
Phase 4.6.2 Clock Restriction Legalization for Leaf Columns | Checksum: 160259b1e

Time (s): cpu = 00:00:02 ; elapsed = 00:00:01 . Memory (MB): peak = 933.504 ; gain = 0.000

Phase 4.6.3 Clock Restriction Legalization for Non-Clock Pins
Phase 4.6.3 Clock Restriction Legalization for Non-Clock Pins | Checksum: 160259b1e

Time (s): cpu = 00:00:02 ; elapsed = 00:00:01 . Memory (MB): peak = 933.504 ; gain = 0.000
Phase 4.6 Small Shape Detail Placement | Checksum: 160259b1e

Time (s): cpu = 00:00:02 ; elapsed = 00:00:01 . Memory (MB): peak = 933.504 ; gain = 0.000

Phase 4.7 Re-assign LUT pins
Phase 4.7 Re-assign LUT pins | Checksum: 160259b1e

Time (s): cpu = 00:00:02 ; elapsed = 00:00:01 . Memory (MB): peak = 933.504 ; gain = 0.000
Phase 4 Detail Placement | Checksum: 160259b1e

Time (s): cpu = 00:00:02 ; elapsed = 00:00:01 . Memory (MB): peak = 933.504 ; gain = 0.000

Phase 5 Post Placement Optimization and Clean-Up

Phase 5.1 PCOPT Shape updates
Phase 5.1 PCOPT Shape updates | Checksum: bd566998

Time (s): cpu = 00:00:02 ; elapsed = 00:00:01 . Memory (MB): peak = 933.504 ; gain = 0.000

Phase 5.2 Post Commit Optimization

Phase 5.2.1 updateClock Trees: PCOPT
Phase 5.2.1 updateClock Trees: PCOPT | Checksum: bd566998

Time (s): cpu = 00:00:02 ; elapsed = 00:00:01 . Memory (MB): peak = 933.504 ; gain = 0.000

Phase 5.2.2 Post Placement Optimization

Phase 5.2.2.1 Post Placement Timing Optimization
INFO: [Place 30-746] Post Placement Timing Summary WNS=5.586. For the most accurate timing information please run report_timing.
Phase 5.2.2.1 Post Placement Timing Optimization | Checksum: 181cc35a9

Time (s): cpu = 00:00:02 ; elapsed = 00:00:01 . Memory (MB): peak = 933.504 ; gain = 0.000
Phase 5.2.2 Post Placement Optimization | Checksum: 181cc35a9

Time (s): cpu = 00:00:02 ; elapsed = 00:00:01 . Memory (MB): peak = 933.504 ; gain = 0.000
Phase 5.2 Post Commit Optimization | Checksum: 181cc35a9

Time (s): cpu = 00:00:02 ; elapsed = 00:00:01 . Memory (MB): peak = 933.504 ; gain = 0.000

Phase 5.3 Sweep Clock Roots: Post-Placement
Phase 5.3 Sweep Clock Roots: Post-Placement | Checksum: 181cc35a9

Time (s): cpu = 00:00:02 ; elapsed = 00:00:01 . Memory (MB): peak = 933.504 ; gain = 0.000

Phase 5.4 Post Placement Cleanup
Phase 5.4 Post Placement Cleanup | Checksum: 181cc35a9

Time (s): cpu = 00:00:02 ; elapsed = 00:00:01 . Memory (MB): peak = 933.504 ; gain = 0.000

Phase 5.5 Placer Reporting

Phase 5.5.1 Restore STA
Phase 5.5.1 Restore STA | Checksum: 181cc35a9

Time (s): cpu = 00:00:02 ; elapsed = 00:00:01 . Memory (MB): peak = 933.504 ; gain = 0.000
Phase 5.5 Placer Reporting | Checksum: 181cc35a9

Time (s): cpu = 00:00:02 ; elapsed = 00:00:01 . Memory (MB): peak = 933.504 ; gain = 0.000

Phase 5.6 Final Placement Cleanup
Phase 5.6 Final Placement Cleanup | Checksum: 1bcc6786a

Time (s): cpu = 00:00:02 ; elapsed = 00:00:01 . Memory (MB): peak = 933.504 ; gain = 0.000
Phase 5 Post Placement Optimization and Clean-Up | Checksum: 1bcc6786a

Time (s): cpu = 00:00:02 ; elapsed = 00:00:01 . Memory (MB): peak = 933.504 ; gain = 0.000
Ending Placer Task | Checksum: ec9f94a1

Time (s): cpu = 00:00:02 ; elapsed = 00:00:01 . Memory (MB): peak = 933.504 ; gain = 0.000
INFO: [Common 17-83] Releasing license: Implementation
37 Infos, 0 Warnings, 0 Critical Warnings and 0 Errors encountered.
place_design completed successfully
place_design: Time (s): cpu = 00:00:02 ; elapsed = 00:00:10 . Memory (MB): peak = 933.504 ; gain = 0.000
Writing placer database...
Writing XDEF routing.
Writing XDEF routing logical nets.
Writing XDEF routing special nets.
Write XDEF Complete: Time (s): cpu = 00:00:00 ; elapsed = 00:00:00.060 . Memory (MB): peak = 933.504 ; gain = 0.000
report_io: Time (s): cpu = 00:00:00 ; elapsed = 00:00:00.050 . Memory (MB): peak = 933.504 ; gain = 0.000
report_utilization: Time (s): cpu = 00:00:00 ; elapsed = 00:00:00.050 . Memory (MB): peak = 933.504 ; gain = 0.000
report_control_sets: Time (s): cpu = 00:00:00 ; elapsed = 00:00:00 . Memory (MB): peak = 933.504 ; gain = 0.000
Command: phys_opt_design
Attempting to get a license for feature 'Implementation' and/or device 'xc7z020'
INFO: [Common 17-349] Got license for feature 'Implementation' and/or device 'xc7z020'
INFO: [Vivado_Tcl 4-383] Design worst setup slack (WNS) is greater than or equal to 0.500 ns. Skipping all physical synthesis optimizations.
INFO: [Vivado_Tcl 4-232] No setup violation found. The netlist was not modified.
INFO: [Common 17-83] Releasing license: Implementation
41 Infos, 0 Warnings, 0 Critical Warnings and 0 Errors encountered.
phys_opt_design completed successfully
phys_opt_design: Time (s): cpu = 00:00:00 ; elapsed = 00:00:08 . Memory (MB): peak = 933.504 ; gain = 0.000
Writing placer database...
Writing XDEF routing.
Writing XDEF routing logical nets.
Writing XDEF routing special nets.
Write XDEF Complete: Time (s): cpu = 00:00:00 ; elapsed = 00:00:00.080 . Memory (MB): peak = 933.504 ; gain = 0.000
Command: route_design
Attempting to get a license for feature 'Implementation' and/or device 'xc7z020'
INFO: [Common 17-349] Got license for feature 'Implementation' and/or device 'xc7z020'
Running DRC as a precondition to command route_design
INFO: [DRC 23-27] Running DRC with 2 threads
INFO: [Vivado_Tcl 4-198] DRC finished with 0 Errors
INFO: [Vivado_Tcl 4-199] Please refer to the DRC report (report_drc) for more information.


Starting Routing Task
INFO: [Route 35-254] Multithreading enabled for route_design using a maximum of 2 CPUs

Phase 1 Build RT Design
WARNING: [Route 35-198] Port "X_dout[15]" does not have an associated HD.PARTPIN_LOCS, which will prevent the partial routing of the signal "X_dout[15]". Without this partial route, timing analysis to/from this port will not be accurate, and no routing information for this port can be exported.
WARNING: [Route 35-198] Port "X_dout[14]" does not have an associated HD.PARTPIN_LOCS, which will prevent the partial routing of the signal "X_dout[14]". Without this partial route, timing analysis to/from this port will not be accurate, and no routing information for this port can be exported.
WARNING: [Route 35-198] Port "X_dout[13]" does not have an associated HD.PARTPIN_LOCS, which will prevent the partial routing of the signal "X_dout[13]". Without this partial route, timing analysis to/from this port will not be accurate, and no routing information for this port can be exported.
WARNING: [Route 35-198] Port "X_dout[12]" does not have an associated HD.PARTPIN_LOCS, which will prevent the partial routing of the signal "X_dout[12]". Without this partial route, timing analysis to/from this port will not be accurate, and no routing information for this port can be exported.
WARNING: [Route 35-198] Port "X_dout[11]" does not have an associated HD.PARTPIN_LOCS, which will prevent the partial routing of the signal "X_dout[11]". Without this partial route, timing analysis to/from this port will not be accurate, and no routing information for this port can be exported.
WARNING: [Route 35-198] Port "X_dout[10]" does not have an associated HD.PARTPIN_LOCS, which will prevent the partial routing of the signal "X_dout[10]". Without this partial route, timing analysis to/from this port will not be accurate, and no routing information for this port can be exported.
WARNING: [Route 35-198] Port "X_dout[9]" does not have an associated HD.PARTPIN_LOCS, which will prevent the partial routing of the signal "X_dout[9]". Without this partial route, timing analysis to/from this port will not be accurate, and no routing information for this port can be exported.
WARNING: [Route 35-198] Port "X_dout[8]" does not have an associated HD.PARTPIN_LOCS, which will prevent the partial routing of the signal "X_dout[8]". Without this partial route, timing analysis to/from this port will not be accurate, and no routing information for this port can be exported.
WARNING: [Route 35-198] Port "X_dout[7]" does not have an associated HD.PARTPIN_LOCS, which will prevent the partial routing of the signal "X_dout[7]". Without this partial route, timing analysis to/from this port will not be accurate, and no routing information for this port can be exported.
WARNING: [Route 35-198] Port "X_dout[6]" does not have an associated HD.PARTPIN_LOCS, which will prevent the partial routing of the signal "X_dout[6]". Without this partial route, timing analysis to/from this port will not be accurate, and no routing information for this port can be exported.
WARNING: [Route 35-198] Port "X_dout[5]" does not have an associated HD.PARTPIN_LOCS, which will prevent the partial routing of the signal "X_dout[5]". Without this partial route, timing analysis to/from this port will not be accurate, and no routing information for this port can be exported.
WARNING: [Route 35-198] Port "X_dout[4]" does not have an associated HD.PARTPIN_LOCS, which will prevent the partial routing of the signal "X_dout[4]". Without this partial route, timing analysis to/from this port will not be accurate, and no routing information for this port can be exported.
WARNING: [Route 35-198] Port "X_dout[3]" does not have an associated HD.PARTPIN_LOCS, which will prevent the partial routing of the signal "X_dout[3]". Without this partial route, timing analysis to/from this port will not be accurate, and no routing information for this port can be exported.
WARNING: [Route 35-198] Port "X_dout[2]" does not have an associated HD.PARTPIN_LOCS, which will prevent the partial routing of the signal "X_dout[2]". Without this partial route, timing analysis to/from this port will not be accurate, and no routing information for this port can be exported.
WARNING: [Route 35-198] Port "X_dout[1]" does not have an associated HD.PARTPIN_LOCS, which will prevent the partial routing of the signal "X_dout[1]". Without this partial route, timing analysis to/from this port will not be accurate, and no routing information for this port can be exported.
WARNING: [Route 35-198] Port "X_dout[0]" does not have an associated HD.PARTPIN_LOCS, which will prevent the partial routing of the signal "X_dout[0]". Without this partial route, timing analysis to/from this port will not be accurate, and no routing information for this port can be exported.
WARNING: [Route 35-198] Port "X_dout[31]" does not have an associated HD.PARTPIN_LOCS, which will prevent the partial routing of the signal "X_dout[31]". Without this partial route, timing analysis to/from this port will not be accurate, and no routing information for this port can be exported.
WARNING: [Route 35-198] Port "X_dout[30]" does not have an associated HD.PARTPIN_LOCS, which will prevent the partial routing of the signal "X_dout[30]". Without this partial route, timing analysis to/from this port will not be accurate, and no routing information for this port can be exported.
WARNING: [Route 35-198] Port "X_dout[29]" does not have an associated HD.PARTPIN_LOCS, which will prevent the partial routing of the signal "X_dout[29]". Without this partial route, timing analysis to/from this port will not be accurate, and no routing information for this port can be exported.
WARNING: [Route 35-198] Port "X_dout[28]" does not have an associated HD.PARTPIN_LOCS, which will prevent the partial routing of the signal "X_dout[28]". Without this partial route, timing analysis to/from this port will not be accurate, and no routing information for this port can be exported.
WARNING: [Route 35-198] Port "X_dout[27]" does not have an associated HD.PARTPIN_LOCS, which will prevent the partial routing of the signal "X_dout[27]". Without this partial route, timing analysis to/from this port will not be accurate, and no routing information for this port can be exported.
WARNING: [Route 35-198] Port "X_dout[26]" does not have an associated HD.PARTPIN_LOCS, which will prevent the partial routing of the signal "X_dout[26]". Without this partial route, timing analysis to/from this port will not be accurate, and no routing information for this port can be exported.
WARNING: [Route 35-198] Port "X_dout[25]" does not have an associated HD.PARTPIN_LOCS, which will prevent the partial routing of the signal "X_dout[25]". Without this partial route, timing analysis to/from this port will not be accurate, and no routing information for this port can be exported.
WARNING: [Route 35-198] Port "X_dout[24]" does not have an associated HD.PARTPIN_LOCS, which will prevent the partial routing of the signal "X_dout[24]". Without this partial route, timing analysis to/from this port will not be accurate, and no routing information for this port can be exported.
WARNING: [Route 35-198] Port "X_dout[23]" does not have an associated HD.PARTPIN_LOCS, which will prevent the partial routing of the signal "X_dout[23]". Without this partial route, timing analysis to/from this port will not be accurate, and no routing information for this port can be exported.
WARNING: [Route 35-198] Port "X_dout[22]" does not have an associated HD.PARTPIN_LOCS, which will prevent the partial routing of the signal "X_dout[22]". Without this partial route, timing analysis to/from this port will not be accurate, and no routing information for this port can be exported.
WARNING: [Route 35-198] Port "X_dout[21]" does not have an associated HD.PARTPIN_LOCS, which will prevent the partial routing of the signal "X_dout[21]". Without this partial route, timing analysis to/from this port will not be accurate, and no routing information for this port can be exported.
WARNING: [Route 35-198] Port "X_dout[20]" does not have an associated HD.PARTPIN_LOCS, which will prevent the partial routing of the signal "X_dout[20]". Without this partial route, timing analysis to/from this port will not be accurate, and no routing information for this port can be exported.
WARNING: [Route 35-198] Port "X_dout[19]" does not have an associated HD.PARTPIN_LOCS, which will prevent the partial routing of the signal "X_dout[19]". Without this partial route, timing analysis to/from this port will not be accurate, and no routing information for this port can be exported.
WARNING: [Route 35-198] Port "X_dout[18]" does not have an associated HD.PARTPIN_LOCS, which will prevent the partial routing of the signal "X_dout[18]". Without this partial route, timing analysis to/from this port will not be accurate, and no routing information for this port can be exported.
WARNING: [Route 35-198] Port "X_dout[17]" does not have an associated HD.PARTPIN_LOCS, which will prevent the partial routing of the signal "X_dout[17]". Without this partial route, timing analysis to/from this port will not be accurate, and no routing information for this port can be exported.
WARNING: [Route 35-198] Port "X_dout[16]" does not have an associated HD.PARTPIN_LOCS, which will prevent the partial routing of the signal "X_dout[16]". Without this partial route, timing analysis to/from this port will not be accurate, and no routing information for this port can be exported.
WARNING: [Route 35-198] Port "ap_rst" does not have an associated HD.PARTPIN_LOCS, which will prevent the partial routing of the signal "ap_rst". Without this partial route, timing analysis to/from this port will not be accurate, and no routing information for this port can be exported.
WARNING: [Route 35-198] Port "X_empty_n" does not have an associated HD.PARTPIN_LOCS, which will prevent the partial routing of the signal "X_empty_n". Without this partial route, timing analysis to/from this port will not be accurate, and no routing information for this port can be exported.
WARNING: [Route 35-198] Port "Y_full_n" does not have an associated HD.PARTPIN_LOCS, which will prevent the partial routing of the signal "Y_full_n". Without this partial route, timing analysis to/from this port will not be accurate, and no routing information for this port can be exported.
Phase 1 Build RT Design | Checksum: ae1b0e22

Time (s): cpu = 00:00:32 ; elapsed = 00:00:29 . Memory (MB): peak = 1046.574 ; gain = 113.070

Phase 2 Router Initialization

Phase 2.1 Create Timer
Phase 2.1 Create Timer | Checksum: ae1b0e22

Time (s): cpu = 00:00:32 ; elapsed = 00:00:29 . Memory (MB): peak = 1046.574 ; gain = 113.070

Phase 2.2 Pre Route Cleanup
Phase 2.2 Pre Route Cleanup | Checksum: ae1b0e22

Time (s): cpu = 00:00:32 ; elapsed = 00:00:29 . Memory (MB): peak = 1052.020 ; gain = 118.516
 Number of Nodes with overlaps = 0

Phase 2.3 Update Timing
Phase 2.3 Update Timing | Checksum: 105ed104d

Time (s): cpu = 00:00:33 ; elapsed = 00:00:29 . Memory (MB): peak = 1054.594 ; gain = 121.090
INFO: [Route 35-57] Estimated Timing Summary | WNS=5.531  | TNS=0.000  | WHS=-0.188 | THS=-2.421 |

Phase 2 Router Initialization | Checksum: f4f5b3b2

Time (s): cpu = 00:00:33 ; elapsed = 00:00:29 . Memory (MB): peak = 1054.594 ; gain = 121.090

Phase 3 Initial Routing
Phase 3 Initial Routing | Checksum: 2c5aae950

Time (s): cpu = 00:00:33 ; elapsed = 00:00:30 . Memory (MB): peak = 1054.594 ; gain = 121.090

Phase 4 Rip-up And Reroute

Phase 4.1 Global Iteration 0
 Number of Nodes with overlaps = 4
 Number of Nodes with overlaps = 0

Phase 4.1.1 Update Timing
Phase 4.1.1 Update Timing | Checksum: 1df00eace

Time (s): cpu = 00:00:33 ; elapsed = 00:00:30 . Memory (MB): peak = 1054.594 ; gain = 121.090
INFO: [Route 35-57] Estimated Timing Summary | WNS=5.477  | TNS=0.000  | WHS=N/A    | THS=N/A    |

Phase 4.1 Global Iteration 0 | Checksum: 2232b9219

Time (s): cpu = 00:00:33 ; elapsed = 00:00:30 . Memory (MB): peak = 1054.594 ; gain = 121.090

Phase 4.2 Global Iteration 1
 Number of Nodes with overlaps = 0

Phase 4.2.1 Update Timing
Phase 4.2.1 Update Timing | Checksum: d69f98fc

Time (s): cpu = 00:00:33 ; elapsed = 00:00:30 . Memory (MB): peak = 1054.594 ; gain = 121.090
INFO: [Route 35-57] Estimated Timing Summary | WNS=5.477  | TNS=0.000  | WHS=N/A    | THS=N/A    |

Phase 4.2 Global Iteration 1 | Checksum: 1bb1a5ccd

Time (s): cpu = 00:00:33 ; elapsed = 00:00:30 . Memory (MB): peak = 1054.594 ; gain = 121.090

Phase 4.3 Global Iteration 2
 Number of Nodes with overlaps = 1
 Number of Nodes with overlaps = 0

Phase 4.3.1 Update Timing
Phase 4.3.1 Update Timing | Checksum: 1a6c44ce5

Time (s): cpu = 00:00:33 ; elapsed = 00:00:30 . Memory (MB): peak = 1054.594 ; gain = 121.090
INFO: [Route 35-57] Estimated Timing Summary | WNS=5.477  | TNS=0.000  | WHS=N/A    | THS=N/A    |

Phase 4.3 Global Iteration 2 | Checksum: 1e6909ee3

Time (s): cpu = 00:00:33 ; elapsed = 00:00:30 . Memory (MB): peak = 1054.594 ; gain = 121.090
Phase 4 Rip-up And Reroute | Checksum: 1e6909ee3

Time (s): cpu = 00:00:33 ; elapsed = 00:00:30 . Memory (MB): peak = 1054.594 ; gain = 121.090

Phase 5 Delay and Skew Optimization

Phase 5.1 Delay CleanUp

Phase 5.1.1 Update Timing
Phase 5.1.1 Update Timing | Checksum: 1976611bf

Time (s): cpu = 00:00:33 ; elapsed = 00:00:30 . Memory (MB): peak = 1054.594 ; gain = 121.090
INFO: [Route 35-57] Estimated Timing Summary | WNS=5.628  | TNS=0.000  | WHS=N/A    | THS=N/A    |

Phase 5.1 Delay CleanUp | Checksum: 1976611bf

Time (s): cpu = 00:00:33 ; elapsed = 00:00:30 . Memory (MB): peak = 1054.594 ; gain = 121.090

Phase 5.2 Clock Skew Optimization
Phase 5.2 Clock Skew Optimization | Checksum: 1976611bf

Time (s): cpu = 00:00:33 ; elapsed = 00:00:30 . Memory (MB): peak = 1054.594 ; gain = 121.090
Phase 5 Delay and Skew Optimization | Checksum: 1976611bf

Time (s): cpu = 00:00:33 ; elapsed = 00:00:30 . Memory (MB): peak = 1054.594 ; gain = 121.090

Phase 6 Post Hold Fix

Phase 6.1 Update Timing
Phase 6.1 Update Timing | Checksum: 1d56b8c66

Time (s): cpu = 00:00:33 ; elapsed = 00:00:30 . Memory (MB): peak = 1054.594 ; gain = 121.090
INFO: [Route 35-57] Estimated Timing Summary | WNS=5.628  | TNS=0.000  | WHS=0.087  | THS=0.000  |

Phase 6 Post Hold Fix | Checksum: 23581d36b

Time (s): cpu = 00:00:33 ; elapsed = 00:00:30 . Memory (MB): peak = 1054.594 ; gain = 121.090

Phase 7 Route finalize

Router Utilization Summary
  Global Vertical Routing Utilization    = 0.0053847 %
  Global Horizontal Routing Utilization  = 0.00912779 %
  Routable Net Status*
  *Does not include unroutable nets such as driverless and loadless.
  Run report_route_status for detailed report.
  Number of Failed Nets               = 0
  Number of Unrouted Nets             = 0
  Number of Partially Routed Nets     = 0
  Number of Node Overlaps             = 0

Phase 7 Route finalize | Checksum: 23581d36b

Time (s): cpu = 00:00:33 ; elapsed = 00:00:30 . Memory (MB): peak = 1054.594 ; gain = 121.090

Phase 8 Verifying routed nets

 Verification completed successfully
Phase 8 Verifying routed nets | Checksum: 23581d36b

Time (s): cpu = 00:00:33 ; elapsed = 00:00:30 . Memory (MB): peak = 1055.676 ; gain = 122.172

Phase 9 Depositing Routes
Phase 9 Depositing Routes | Checksum: 1a434ce80

Time (s): cpu = 00:00:33 ; elapsed = 00:00:30 . Memory (MB): peak = 1055.676 ; gain = 122.172

Phase 10 Post Router Timing
INFO: [Route 35-57] Estimated Timing Summary | WNS=5.628  | TNS=0.000  | WHS=0.087  | THS=0.000  |

INFO: [Route 35-327] The final timing numbers are based on the router estimated timing analysis. For a complete and accurate timing signoff, please run report_timing_summary.
Phase 10 Post Router Timing | Checksum: 1a434ce80

Time (s): cpu = 00:00:33 ; elapsed = 00:00:30 . Memory (MB): peak = 1055.676 ; gain = 122.172
INFO: [Route 35-16] Router Completed Successfully

Time (s): cpu = 00:00:33 ; elapsed = 00:00:30 . Memory (MB): peak = 1055.676 ; gain = 122.172

Routing Is Done.
INFO: [Common 17-83] Releasing license: Implementation
56 Infos, 35 Warnings, 0 Critical Warnings and 0 Errors encountered.
route_design completed successfully
route_design: Time (s): cpu = 00:00:34 ; elapsed = 00:00:41 . Memory (MB): peak = 1055.676 ; gain = 122.172
Writing placer database...
Writing XDEF routing.
Writing XDEF routing logical nets.
Writing XDEF routing special nets.
Write XDEF Complete: Time (s): cpu = 00:00:00 ; elapsed = 00:00:00.065 . Memory (MB): peak = 1055.676 ; gain = 0.000
INFO: [DRC 23-27] Running DRC with 2 threads
INFO: [Coretcl 2-168] The results of DRC are in file E:/Ubuntu_source_code_data/ECE_527_MP/mp4/dct/solution2optimize/impl/verilog/project.runs/impl_1/DCT_drc_routed.rpt.
INFO: [Timing 38-91] UpdateTimingParams: Speed grade: -1, Delay Type: min_max.
INFO: [Timing 38-191] Multithreading enabled for timing update using a maximum of 2 CPUs
Running Vector-less Activity Propagation...

Finished Running Vector-less Activity Propagation
INFO: [Common 17-206] Exiting Vivado at Fri Oct 30 08:03:10 2015...
[Fri Oct 30 08:03:10 2015] impl_1 finished
wait_on_run: Time (s): cpu = 00:00:00 ; elapsed = 00:01:40 . Memory (MB): peak = 917.035 ; gain = 6.273
INFO: [Netlist 29-17] Analyzing 1 Unisim elements for replacement
INFO: [Netlist 29-28] Unisim Transformation completed in 0 CPU seconds
INFO: [Project 1-479] Netlist was created with Vivado 2015.1
INFO: [Project 1-570] Preparing netlist for logic optimization
Parsing XDC File [E:/Ubuntu_source_code_data/ECE_527_MP/mp4/dct/solution2optimize/impl/verilog/.Xil/Vivado-9576-zombie/dcp/DCT.xdc]
Finished Parsing XDC File [E:/Ubuntu_source_code_data/ECE_527_MP/mp4/dct/solution2optimize/impl/verilog/.Xil/Vivado-9576-zombie/dcp/DCT.xdc]
Reading XDEF placement.
Reading placer database...
Reading XDEF routing.
Read XDEF File: Time (s): cpu = 00:00:01 ; elapsed = 00:00:00.050 . Memory (MB): peak = 1004.723 ; gain = 0.000
Restored from archive | CPU: 1.000000 secs | Memory: 0.000000 MB |
Finished XDEF File Restore: Time (s): cpu = 00:00:01 ; elapsed = 00:00:00.050 . Memory (MB): peak = 1004.723 ; gain = 0.000
INFO: [Project 1-111] Unisim Transformation Summary:
No Unisim elements were transformed.

INFO: [Timing 38-35] Done setting XDC timing constraints.
INFO: [Timing 38-91] UpdateTimingParams: Speed grade: -1, Delay Type: min_max.
INFO: [Timing 38-191] Multithreading enabled for timing update using a maximum of 2 CPUs
report_utilization: Time (s): cpu = 00:00:00 ; elapsed = 00:00:00.024 . Memory (MB): peak = 1065.699 ; gain = 0.207


Implementation tool: Xilinx Vivado v.2015.1
Device target:       xc7z020clg484-1
Report date:         Fri Oct 30 08:03:12 -0500 2015

#=== Resource usage ===
SLICE:           15
LUT:             49
FF:              35
DSP:              0
BRAM:             1
SRL:              0
#=== Final timing ===
CP required:    10.000
CP achieved:    4.404
Timing met
INFO: [Common 17-206] Exiting Vivado at Fri Oct 30 08:03:12 2015...
