==============================================================
File generated by Vivado(TM) HLS - High-Level Synthesis from C, C++ and SystemC
Version: 2015.1
Copyright (C) 2015 Xilinx Inc. All rights reserved.

==============================================================

@I [SYN-201] Setting up clock 'default' with a period of 10ns.
@I [HLS-10] Setting target device to 'xc7z020clg484-1'
@I [HLS-10] Analyzing design file 'partB/matrixmath.c' ... 
partB/matrixmath.c:32:14: warning: incompatible pointer types passing 'int [1000][1000]' to parameter of type 'int *' [-Wincompatible-pointer-types]
                load_mat(A,arrayA,mA,nA);
                           ^~~~~~
partB/matrixmath.c:4:28: note: passing argument to parameter 'arrayX' here
void load_mat(int *X, int *arrayX, unsigned int m, unsigned int n)
                           ^
partB/matrixmath.c:33:14: warning: incompatible pointer types passing 'int [1000][1000]' to parameter of type 'int *' [-Wincompatible-pointer-types]
                load_mat(B,arrayB,mB,nB);
                           ^~~~~~
partB/matrixmath.c:4:28: note: passing argument to parameter 'arrayX' here
void load_mat(int *X, int *arrayX, unsigned int m, unsigned int n)
                           ^
2 warnings generated.
@I [HLS-10] Validating synthesis directives ...
@I [HLS-10] Starting code transformations ...
@I [HLS-10] Checking synthesizability ...
@I [HLS-111] Elapsed time: 1.01976 seconds; current memory usage: 64 MB.
@I [HLS-10] Starting hardware synthesis ...
@I [HLS-10] Synthesizing 'MAT_Multiply' ...
@I [HLS-10] ----------------------------------------------------------------
@I [HLS-10] -- Scheduling module 'MAT_Multiply_load_mat' 
@I [HLS-10] ----------------------------------------------------------------
@I [SCHED-11] Starting scheduling ...
@I [SCHED-11] Finished scheduling.
@I [HLS-111] Elapsed time: 0.031296 seconds; current memory usage: 64.5 MB.
@I [HLS-10] ----------------------------------------------------------------
@I [HLS-10] -- Exploring micro-architecture for module 'MAT_Multiply_load_mat' 
@I [HLS-10] ----------------------------------------------------------------
@I [BIND-100] Starting micro-architecture generation ...
@I [BIND-101] Performing variable lifetime analysis.
@I [BIND-101] Exploring resource sharing.
@I [BIND-101] Binding ...
@I [BIND-100] Finished micro-architecture generation.
@I [HLS-111] Elapsed time: 0.008068 seconds; current memory usage: 64.7 MB.
@I [HLS-10] ----------------------------------------------------------------
@I [HLS-10] -- Scheduling module 'MAT_Multiply' 
@I [HLS-10] ----------------------------------------------------------------
@I [SCHED-11] Starting scheduling ...
@I [SCHED-11] Finished scheduling.
@I [HLS-111] Elapsed time: 0.068224 seconds; current memory usage: 65.2 MB.
@I [HLS-10] ----------------------------------------------------------------
@I [HLS-10] -- Exploring micro-architecture for module 'MAT_Multiply' 
@I [HLS-10] ----------------------------------------------------------------
@I [BIND-100] Starting micro-architecture generation ...
@I [BIND-101] Performing variable lifetime analysis.
@I [BIND-101] Exploring resource sharing.
@I [BIND-101] Binding ...
@I [BIND-100] Finished micro-architecture generation.
@I [HLS-111] Elapsed time: 0.023309 seconds; current memory usage: 65.6 MB.
@I [HLS-10] ----------------------------------------------------------------
@I [HLS-10] -- Generating RTL for module 'MAT_Multiply_load_mat' 
@I [HLS-10] ----------------------------------------------------------------
@I [RTGEN-100] Finished creating RTL model for 'MAT_Multiply_load_mat'.
@I [HLS-111] Elapsed time: 0.053347 seconds; current memory usage: 65.9 MB.
@I [HLS-10] ----------------------------------------------------------------
@I [HLS-10] -- Generating RTL for module 'MAT_Multiply' 
@I [HLS-10] ----------------------------------------------------------------
@I [RTGEN-500] Setting interface mode on port 'MAT_Multiply/A' to 'ap_fifo'.
@I [RTGEN-500] Setting interface mode on port 'MAT_Multiply/B' to 'ap_fifo'.
@I [RTGEN-500] Setting interface mode on port 'MAT_Multiply/C' to 'ap_fifo'.
@I [RTGEN-500] Setting interface mode on port 'MAT_Multiply/mA' to 'ap_none'.
@I [RTGEN-500] Setting interface mode on port 'MAT_Multiply/nA' to 'ap_none'.
@I [RTGEN-500] Setting interface mode on port 'MAT_Multiply/mB' to 'ap_none'.
@I [RTGEN-500] Setting interface mode on port 'MAT_Multiply/nB' to 'ap_none'.
@I [RTGEN-500] Setting interface mode on port 'MAT_Multiply/mC' to 'ap_none'.
@I [RTGEN-500] Setting interface mode on port 'MAT_Multiply/nC' to 'ap_none'.
@I [RTGEN-500] Setting interface mode on function 'MAT_Multiply' to 'ap_ctrl_hs'.
@I [RTGEN-100] Generating core module 'MAT_Multiply_mul_32s_32s_32_6': 1 instance(s).
@I [RTGEN-100] Finished creating RTL model for 'MAT_Multiply'.
@I [HLS-111] Elapsed time: 0.052021 seconds; current memory usage: 67.2 MB.
@I [RTMG-282] Generating pipelined core: 'MAT_Multiply_mul_32s_32s_32_6_MulnS_0'
@I [RTMG-278] Implementing memory 'MAT_Multiply_arrayA_ram' using block RAMs.
@I [RTMG-278] Implementing memory 'MAT_Multiply_arrayC_ram' using block RAMs.
@I [HLS-10] Finished generating all RTL models.
@I [WSYSC-301] Generating RTL SystemC for 'MAT_Multiply'.
@I [WVHDL-304] Generating RTL VHDL for 'MAT_Multiply'.
@I [WVLOG-307] Generating RTL Verilog for 'MAT_Multiply'.
@I [HLS-112] Total elapsed time: 3.645 seconds; peak memory usage: 67.2 MB.
@I [LIC-101] Checked in feature [VIVADO_HLS]
