@I [HLS-0] Workspace /home/parallels/source_code/ECE_527_MP/mp3/parta/solution1 opened at Mon Sep 28 11:11:20 CDT 2015
@I [HLS-100] Command "config_clock -quiet -name default -period 10 -default=false "
@I [SYN-201] Setting up clock 'default' with a period of 10ns.
@I [HLS-100] Command 'config_clock' returned 0; elapsed 6.8e-05Total elapsed time: 0.194 sec.
@I [HLS-100] Command "open_platform DefaultPlatform "
@I [HLS-100] Command 'open_platform' returned 0; elapsed 3.9e-05Total elapsed time: 0.195 sec.
@I [HLS-100] Command "import_lib /opt/Xilinx/Vivado_HLS/2015.1/common/technology/xilinx/zynq/zynq "
@I [HLS-100] Command "source /opt/Xilinx/Vivado_HLS/2015.1/common/technology/xilinx/common/xilinx.lib "
@I [HLS-100] Command "source /opt/Xilinx/Vivado_HLS/2015.1/common/technology/xilinx/interface/xilinx_interface.lib "
@I [HLS-100] Command "source /opt/Xilinx/Vivado_HLS/2015.1/common/technology/xilinx/interface/plb46.lib "
@I [HLS-100] Command 'ap_source' returned 0; elapsed 0.000192Total elapsed time: 0.195 sec.
@I [HLS-100] Command "source /opt/Xilinx/Vivado_HLS/2015.1/common/technology/xilinx/interface/fsl.lib "
@I [HLS-100] Command 'ap_source' returned 0; elapsed 9.5e-05Total elapsed time: 0.195 sec.
@I [HLS-100] Command "source /opt/Xilinx/Vivado_HLS/2015.1/common/technology/xilinx/interface/axi4.lib "
@I [HLS-100] Command 'ap_source' returned 0; elapsed 0.000126Total elapsed time: 0.195 sec.
@I [HLS-100] Command "source /opt/Xilinx/Vivado_HLS/2015.1/common/technology/xilinx/interface/maxi.lib "
@I [HLS-100] Command 'ap_source' returned 0; elapsed 0.000116Total elapsed time: 0.196 sec.
@I [HLS-100] Command "source /opt/Xilinx/Vivado_HLS/2015.1/common/technology/xilinx/interface/saxilite.lib "
@I [HLS-100] Command 'ap_source' returned 0; elapsed 8.1e-05Total elapsed time: 0.196 sec.
@I [HLS-100] Command 'ap_source' returned 0; elapsed 0.000805Total elapsed time: 0.196 sec.
@I [HLS-100] Command "source /opt/Xilinx/Vivado_HLS/2015.1/common/technology/xilinx/common/dsp48.lib "
@I [HLS-100] Command 'ap_source' returned 0; elapsed 8.6e-05Total elapsed time: 0.196 sec.
@I [HLS-100] Command "source /opt/Xilinx/Vivado_HLS/2015.1/common/technology/xilinx/ip/xfir.lib "
@I [HLS-100] Command 'ap_source' returned 0; elapsed 6.9e-05Total elapsed time: 0.196 sec.
@I [HLS-100] Command "source /opt/Xilinx/Vivado_HLS/2015.1/common/technology/xilinx/ip/dds_compiler.lib "
@I [HLS-100] Command 'ap_source' returned 0; elapsed 5.5e-05Total elapsed time: 0.196 sec.
@I [HLS-100] Command "source /opt/Xilinx/Vivado_HLS/2015.1/common/technology/xilinx/ip/xfft.lib "
@I [HLS-100] Command 'ap_source' returned 0; elapsed 5.3e-05Total elapsed time: 0.196 sec.
@I [HLS-100] Command 'ap_source' returned 0; elapsed 0.002463Total elapsed time: 0.197 sec.
@I [HLS-100] Command "source /opt/Xilinx/Vivado_HLS/2015.1/common/technology/xilinx/common/xilinx_old.lib "
@I [HLS-100] Command 'ap_source' returned 0; elapsed 0.000467Total elapsed time: 0.199 sec.
@I [HLS-100] Command "source /opt/Xilinx/Vivado_HLS/2015.1/common/technology/xilinx/common/xilinx_vivado.lib "
@I [HLS-100] Command 'ap_source' returned 0; elapsed 0.000284Total elapsed time: 0.199 sec.
@I [HLS-100] Command "source /opt/Xilinx/Vivado_HLS/2015.1/common/technology/xilinx/common/xilinx.hlp "
@I [HLS-100] Command "source /opt/Xilinx/Vivado_HLS/2015.1/common/technology/xilinx/common/target_info.tcl "
@I [HLS-100] Command 'ap_source' returned 0; elapsed 7.6e-05Total elapsed time: 0.200 sec.
@I [HLS-100] Command "source /opt/Xilinx/Vivado_HLS/2015.1/common/technology/xilinx/interface/xilinx_interface.hlp "
@I [HLS-100] Command "source /opt/Xilinx/Vivado_HLS/2015.1/common/technology/xilinx/interface/maxi.hlp "
@I [HLS-100] Command 'ap_source' returned 0; elapsed 5.8e-05Total elapsed time: 0.200 sec.
@I [HLS-100] Command "source /opt/Xilinx/Vivado_HLS/2015.1/common/technology/xilinx/interface/saxilite.hlp "
@I [HLS-100] Command 'ap_source' returned 0; elapsed 5.6e-05Total elapsed time: 0.200 sec.
@I [HLS-100] Command 'ap_source' returned 0; elapsed 0.000197Total elapsed time: 0.200 sec.
@I [HLS-100] Command "source /opt/Xilinx/Vivado_HLS/2015.1/common/technology/xilinx/common/dsp48.hlp "
@I [HLS-100] Command 'ap_source' returned 0; elapsed 0.000288Total elapsed time: 0.201 sec.
@I [HLS-100] Command 'ap_source' returned 0; elapsed 0.001187Total elapsed time: 0.201 sec.
@I [HLS-100] Command "source /opt/Xilinx/Vivado_HLS/2015.1/common/technology/xilinx/zynq/dsp48e1.hlp "
@I [HLS-100] Command 'ap_source' returned 0; elapsed 5.7e-05Total elapsed time: 0.201 sec.
@I [HLS-100] Command "get_default_platform "
@I [HLS-100] Command 'get_default_platform' returned 0; elapsed 4e-06Total elapsed time: 0.201 sec.
@I [HLS-100] Command "config_chip_info -quiet -resource  {SLICE 13300}  {LUT 53200}     {FF 106400} {DSP48E 220}   {BRAM 280}  "
@I [HLS-100] Command 'config_chip_info' returned 0; elapsed 1e-05Total elapsed time: 0.201 sec.
@I [HLS-100] Command "config_chip_info -quiet -speed medium "
@I [HLS-100] Command 'config_chip_info' returned 0; elapsed 2e-06Total elapsed time: 0.201 sec.
@I [HLS-100] Command 'import_lib' returned 0; elapsed 0.007566Total elapsed time: 0.202 sec.
@I [HLS-100] Command "source /opt/Xilinx/Vivado_HLS/2015.1/common/technology/xilinx/zynq/zynq.gen "
@I [HLS-100] Command "source /opt/Xilinx/Vivado_HLS/2015.1/common/technology/xilinx/common/virtex.gen "
@I [HLS-100] Command "source /opt/Xilinx/Vivado_HLS/2015.1/common/technology/xilinx/common/xilinx.gen "
@I [HLS-100] Command "source /opt/Xilinx/Vivado_HLS/2015.1/common/technology/xilinx/interface/plb46.gen "
@I [HLS-100] Command 'ap_source' returned 0; elapsed 0.00068Total elapsed time: 0.203 sec.
@I [HLS-100] Command "source /opt/Xilinx/Vivado_HLS/2015.1/common/technology/xilinx/interface/fsl.gen "
@I [HLS-100] Command 'ap_source' returned 0; elapsed 0.00025Total elapsed time: 0.204 sec.
@I [HLS-100] Command "source /opt/Xilinx/Vivado_HLS/2015.1/common/technology/xilinx/interface/axi4.gen "
@I [HLS-100] Command 'ap_source' returned 0; elapsed 0.001223Total elapsed time: 0.205 sec.
@I [HLS-100] Command "source /opt/Xilinx/Vivado_HLS/2015.1/common/technology/xilinx/interface/nativeAXI4.gen "
@I [HLS-100] Command "source /opt/Xilinx/Vivado_HLS/2015.1/common/technology/xilinx/interface/saxilite.gen "
@I [HLS-100] Command 'ap_source' returned 0; elapsed 0.001834Total elapsed time: 0.207 sec.
@I [HLS-100] Command "source /opt/Xilinx/Vivado_HLS/2015.1/common/technology/xilinx/interface/maxi.gen "
@I [HLS-100] Command 'ap_source' returned 0; elapsed 0.003943Total elapsed time: 0.211 sec.
@I [HLS-100] Command 'ap_source' returned 0; elapsed 0.005878Total elapsed time: 0.211 sec.
@I [HLS-100] Command "source /opt/Xilinx/Vivado_HLS/2015.1/common/technology/xilinx/scripts/xilinxcoregen.gen "
@I [HLS-100] Command 'ap_source' returned 0; elapsed 0.00541Total elapsed time: 0.216 sec.
@I [HLS-100] Command "source /opt/Xilinx/Vivado_HLS/2015.1/common/technology/xilinx/interface/XilEDKCoreGen.gen "
@I [HLS-100] Command 'ap_source' returned 0; elapsed 0.004781Total elapsed time: 0.221 sec.
@I [HLS-100] Command "source /opt/Xilinx/Vivado_HLS/2015.1/common/technology/xilinx/ip/xfft.gen "
@I [HLS-100] Command 'ap_source' returned 0; elapsed 0.064181Total elapsed time: 0.286 sec.
@I [HLS-100] Command "source /opt/Xilinx/Vivado_HLS/2015.1/common/technology/xilinx/ip/xfir.gen "
@I [HLS-100] Command "source /opt/Xilinx/Vivado_HLS/2015.1/tps/tcl/tcllib1.11.1/struct/list.tcl "
@I [HLS-100] Command "source /opt/Xilinx/Vivado_HLS/2015.1/tps/tcl/tcllib1.11.1/cmdline/cmdline.tcl "
@I [HLS-100] Command 'ap_source' returned 0; elapsed 0.000398Total elapsed time: 0.295 sec.
@I [HLS-100] Command 'ap_source' returned 0; elapsed 0.000926Total elapsed time: 0.296 sec.
@I [HLS-100] Command "source /opt/Xilinx/Vivado_HLS/2015.1/tps/tcl/tcllib1.11.1/math/bignum.tcl "
@I [HLS-100] Command 'ap_source' returned 0; elapsed 0.000363Total elapsed time: 0.302 sec.
@I [HLS-100] Command 'ap_source' returned 0; elapsed 0.020451Total elapsed time: 0.306 sec.
@I [HLS-100] Command "source /opt/Xilinx/Vivado_HLS/2015.1/common/technology/xilinx/ip/dds_compiler.gen "
@I [HLS-100] Command 'ap_source' returned 0; elapsed 0.001924Total elapsed time: 0.308 sec.
@I [HLS-100] Command "source /opt/Xilinx/Vivado_HLS/2015.1/common/technology/xilinx/ip/util.gen "
@I [HLS-100] Command 'ap_source' returned 0; elapsed 9e-05Total elapsed time: 0.308 sec.
@I [HLS-100] Command 'ap_source' returned 0; elapsed 0.105314Total elapsed time: 0.308 sec.
@I [HLS-100] Command "source /opt/Xilinx/Vivado_HLS/2015.1/common/technology/xilinx/common/dsp48.gen "
@I [HLS-100] Command 'ap_source' returned 0; elapsed 6.8e-05Total elapsed time: 0.309 sec.
@I [HLS-100] Command 'ap_source' returned 0; elapsed 0.10641Total elapsed time: 0.309 sec.
@I [HLS-100] Command 'ap_source' returned 0; elapsed 0.106516Total elapsed time: 0.309 sec.
@I [HLS-100] Command "open_platform DefaultPlatform "
@I [HLS-100] Command 'open_platform' returned 0; elapsed 6e-06Total elapsed time: 0.309 sec.
@I [HLS-100] Command "import_lib /opt/Xilinx/Vivado_HLS/2015.1/common/technology/xilinx/zynq/zynq_fpv6 "
@I [HLS-100] Command "source /opt/Xilinx/Vivado_HLS/2015.1/common/technology/xilinx/common/xilinx_fpv7.lib "
@I [HLS-100] Command 'ap_source' returned 0; elapsed 0.001595Total elapsed time: 0.311 sec.
@I [HLS-100] Command "source /opt/Xilinx/Vivado_HLS/2015.1/common/technology/xilinx/common/xilinx_fpv.hlp "
@I [HLS-100] Command "source /opt/Xilinx/Vivado_HLS/2015.1/common/technology/xilinx/common/xilinx.hlp "
@I [HLS-100] Command "source /opt/Xilinx/Vivado_HLS/2015.1/common/technology/xilinx/common/target_info.tcl "
@I [HLS-100] Command 'ap_source' returned 0; elapsed 0.00014Total elapsed time: 0.315 sec.
@I [HLS-100] Command "source /opt/Xilinx/Vivado_HLS/2015.1/common/technology/xilinx/interface/xilinx_interface.hlp "
@I [HLS-100] Command "source /opt/Xilinx/Vivado_HLS/2015.1/common/technology/xilinx/interface/maxi.hlp "
@I [HLS-100] Command 'ap_source' returned 0; elapsed 7.8e-05Total elapsed time: 0.315 sec.
@I [HLS-100] Command "source /opt/Xilinx/Vivado_HLS/2015.1/common/technology/xilinx/interface/saxilite.hlp "
@I [HLS-100] Command 'ap_source' returned 0; elapsed 7.3e-05Total elapsed time: 0.315 sec.
@I [HLS-100] Command 'ap_source' returned 0; elapsed 0.000254Total elapsed time: 0.315 sec.
@I [HLS-100] Command "source /opt/Xilinx/Vivado_HLS/2015.1/common/technology/xilinx/common/dsp48.hlp "
@I [HLS-100] Command 'ap_source' returned 0; elapsed 0.000366Total elapsed time: 0.316 sec.
@I [HLS-100] Command 'ap_source' returned 0; elapsed 0.0015Total elapsed time: 0.316 sec.
@I [HLS-100] Command 'ap_source' returned 0; elapsed 0.001839Total elapsed time: 0.316 sec.
@I [HLS-100] Command 'import_lib' returned 0; elapsed 0.009396Total elapsed time: 0.319 sec.
@I [HLS-100] Command "source /opt/Xilinx/Vivado_HLS/2015.1/common/technology/xilinx/zynq/zynq_fpv6.gen "
@I [HLS-100] Command "source /opt/Xilinx/Vivado_HLS/2015.1/common/technology/xilinx/common/xilinx_fpv6.gen "
@I [HLS-100] Command 'ap_source' returned 0; elapsed 0.000854Total elapsed time: 0.320 sec.
@I [HLS-100] Command 'ap_source' returned 0; elapsed 0.00094Total elapsed time: 0.320 sec.
@I [HLS-100] Command "set_part xc7z020clg484-1 "
@I [HLS-100] Command "add_library xilinx/zynq/zynq:xc7z020:clg484:-1 "
@I [HLS-100] Command "get_default_platform "
@I [HLS-100] Command 'get_default_platform' returned 0; elapsed 5e-06Total elapsed time: 0.322 sec.
@I [HLS-100] Command "license_exists VIVADO_HLS "
@I [HLS-100] Command 'license_exists' returned 0; elapsed 5e-06Total elapsed time: 0.322 sec.
@I [HLS-100] Command "get_default_platform "
@I [HLS-100] Command 'get_default_platform' returned 0; elapsed 3e-06Total elapsed time: 0.323 sec.
@I [HLS-100] Command "config_chip_info -quiet -resource  {SLICE 13300}  {LUT 53200}     {FF 106400} {DSP48E 220}   {BRAM 280}  "
@I [HLS-100] Command 'config_chip_info' returned 0; elapsed 2.3e-05Total elapsed time: 0.323 sec.
@I [HLS-100] Command "config_chip_info -quiet -speed slow "
@I [HLS-100] Command 'config_chip_info' returned 0; elapsed 2e-06Total elapsed time: 0.323 sec.
@I [HLS-100] Command 'add_library' returned 0; elapsed 0.001754Total elapsed time: 0.324 sec.
@I [HLS-100] Command "add_library xilinx/zynq/zynq_fpv6 "
@I [HLS-100] Command "get_default_platform "
@I [HLS-100] Command 'get_default_platform' returned 0; elapsed 3e-06Total elapsed time: 0.324 sec.
@I [HLS-100] Command "license_exists VIVADO_HLS "
@I [HLS-100] Command 'license_exists' returned 0; elapsed 3e-06Total elapsed time: 0.324 sec.
@I [HLS-100] Command 'add_library' returned 0; elapsed 0.000952Total elapsed time: 0.325 sec.
@I [HLS-10] Setting target device to 'xc7z020clg484-1'
@I [HLS-100] Command 'set_part' returned 0; elapsed 0.004422Total elapsed time: 0.325 sec.
@I [HLS-100] Command "get_default_platform "
@I [HLS-100] Command 'get_default_platform' returned 0; elapsed 2e-06Total elapsed time: 0.325 sec.
@I [HLS-100] Command "config_chip_info -quiet -resource  {SLICE 13300}  {LUT 53200}     {FF 106400} {DSP48E 220}   {BRAM 280}  "
@I [HLS-100] Command 'config_chip_info' returned 0; elapsed 7e-06Total elapsed time: 0.325 sec.
@I [HLS-100] Command "config_chip_info -quiet -speed slow "
@I [HLS-100] Command 'config_chip_info' returned 0; elapsed 2e-06Total elapsed time: 0.325 sec.
@I [HLS-100] Command 'open_solution' returned 0; elapsed 0.133585Total elapsed time: 0.325 sec.
@I [HLS-100] Command "csim_design -quiet "
@I [HLS-100] Command "source /home/parallels/source_code/ECE_527_MP/mp3/parta/solution1/.autopilot/db/global.setting.tcl "
@I [HLS-100] Command 'ap_source' returned 0; elapsed 0.000128Total elapsed time: 0.330 sec.
@I [HLS-100] Command "source csim/.lst_opt.tcl "
@I [HLS-100] Command 'ap_source' returned 0; elapsed 5.8e-05Total elapsed time: 0.334 sec.
@I [HLS-100] Command "is_encrypted /home/parallels/source_code/ECE_527_MP/mp3/parta/matrixmath_test.c "
@I [HLS-100] Command 'is_encrypted' returned 0; elapsed 5.7e-05Total elapsed time: 0.337 sec.
@I [HLS-100] Command "is_encrypted /home/parallels/source_code/ECE_527_MP/mp3/parta/matrixmath.c "
@I [HLS-100] Command 'is_encrypted' returned 0; elapsed 1.7e-05Total elapsed time: 0.338 sec.
@I [HLS-100] Command "is_encrypted /home/parallels/source_code/ECE_527_MP/mp3/parta/matrixmath.h "
@I [HLS-100] Command 'is_encrypted' returned 0; elapsed 1.2e-05Total elapsed time: 0.338 sec.
@I [HLS-100] Command "source run_sim.tcl "
@I [HLS-100] Command 'ap_source' returned 0; elapsed 0.003249Total elapsed time: 1.205 sec.
@I [SIM-1] CSim done with 0 errors.
@I [HLS-100] Command 'csim_design' returned 0; elapsed 0.018296Total elapsed time: 1.206 sec.
@I [HLS-100] Command 'ap_source' returned 0; elapsed 0.153383Total elapsed time: 1.206 sec.
@I [HLS-100] Command "cleanup_all "
@I [HLS-100] Command 'cleanup_all' returned 0; elapsed 0.000297Total elapsed time: 1.206 sec.
