

================================================================
== Vivado HLS Report for 'Accelerator'
================================================================
* Date:           Thu Oct 29 22:12:29 2015

* Version:        2015.1 (Build 1215546 on Mon Apr 27 19:24:50 PM 2015)
* Project:        accelerator
* Solution:       solution2opt
* Product family: zynq
* Target device:  xc7z020clg484-1


================================================================
== Performance Estimates
================================================================
+ Timing (ns): 
    * Summary: 
    +---------+-------+----------+------------+
    |  Clock  | Target| Estimated| Uncertainty|
    +---------+-------+----------+------------+
    |default  |  10.00|      8.09|        1.25|
    +---------+-------+----------+------------+

+ Latency (clock cycles): 
    * Summary: 
    +-----+-----+-----+-----+----------+
    |  Latency  |  Interval | Pipeline |
    | min | max | min | max |   Type   |
    +-----+-----+-----+-----+----------+
    |  588|  600|  589|  601| dataflow |
    +-----+-----+-----+-----+----------+

    + Detail: 
        * Instance: 
        +----------------------------------+------------------------+-----+-----+-----+-----+---------+
        |                                  |                        |  Latency  |  Interval | Pipeline|
        |             Instance             |         Module         | min | max | min | max |   Type  |
        +----------------------------------+------------------------+-----+-----+-----+-----+---------+
        |grp_Accelerator_Block_proc_fu_67  |Accelerator_Block_proc  |  588|  600|  588|  600|   none  |
        +----------------------------------+------------------------+-----+-----+-----+-----+---------+

        * Loop: 
        N/A



================================================================
== Utilization Estimates
================================================================
* Summary: 
+-----------------+---------+-------+--------+-------+
|       Name      | BRAM_18K| DSP48E|   FF   |  LUT  |
+-----------------+---------+-------+--------+-------+
|Expression       |        -|      -|       -|      -|
|FIFO             |        -|      -|       -|      -|
|Instance         |       11|     43|    9423|  11213|
|Memory           |        -|      -|       -|      -|
|Multiplexer      |        -|      -|       -|      -|
|Register         |        -|      -|       2|      -|
+-----------------+---------+-------+--------+-------+
|Total            |       11|     43|    9425|  11213|
+-----------------+---------+-------+--------+-------+
|Available        |      280|    220|  106400|  53200|
+-----------------+---------+-------+--------+-------+
|Utilization (%)  |        3|     19|       8|     21|
+-----------------+---------+-------+--------+-------+

+ Detail: 
    * Instance: 
    +---------------------------+------------------------+---------+-------+------+-------+
    |          Instance         |         Module         | BRAM_18K| DSP48E|  FF  |  LUT  |
    +---------------------------+------------------------+---------+-------+------+-------+
    |Accelerator_Block_proc_U0  |Accelerator_Block_proc  |       11|     43|  9423|  11213|
    +---------------------------+------------------------+---------+-------+------+-------+
    |Total                      |                        |       11|     43|  9423|  11213|
    +---------------------------+------------------------+---------+-------+------+-------+

    * Memory: 
    N/A

    * FIFO: 
    N/A

    * Expression: 
    N/A

    * Multiplexer: 
    N/A

    * Register: 
    +-------------------------------------------+---+----+-----+-----------+
    |                    Name                   | FF| LUT| Bits| Const Bits|
    +-------------------------------------------+---+----+-----+-----------+
    |ap_CS                                      |  1|   0|    1|          0|
    |ap_reg_procdone_Accelerator_Block_proc_U0  |  1|   0|    1|          0|
    +-------------------------------------------+---+----+-----+-----------+
    |Total                                      |  2|   0|    2|          0|
    +-------------------------------------------+---+----+-----+-----------+



================================================================
== Interface
================================================================
* Summary: 
+------------+-----+-----+------------+--------------+--------------+
|  RTL Ports | Dir | Bits|  Protocol  | Source Object|    C Type    |
+------------+-----+-----+------------+--------------+--------------+
|X_dout      |  in |   32|   ap_fifo  |       X      |    pointer   |
|X_empty_n   |  in |    1|   ap_fifo  |       X      |    pointer   |
|X_read      | out |    1|   ap_fifo  |       X      |    pointer   |
|function_r  |  in |    8|   ap_none  |  function_r  |    scalar    |
|Y_din       | out |   32|   ap_fifo  |       Y      |    pointer   |
|Y_full_n    |  in |    1|   ap_fifo  |       Y      |    pointer   |
|Y_write     | out |    1|   ap_fifo  |       Y      |    pointer   |
|ap_clk      |  in |    1| ap_ctrl_hs |  Accelerator | return value |
|ap_rst      |  in |    1| ap_ctrl_hs |  Accelerator | return value |
|ap_done     | out |    1| ap_ctrl_hs |  Accelerator | return value |
|ap_start    |  in |    1| ap_ctrl_hs |  Accelerator | return value |
|ap_idle     | out |    1| ap_ctrl_hs |  Accelerator | return value |
|ap_ready    | out |    1| ap_ctrl_hs |  Accelerator | return value |
+------------+-----+-----+------------+--------------+--------------+

