

================================================================
== Vivado HLS Report for 'Accelerator_DOT_Multiply'
================================================================
* Date:           Thu Oct 29 22:12:28 2015

* Version:        2015.1 (Build 1215546 on Mon Apr 27 19:24:50 PM 2015)
* Project:        accelerator
* Solution:       solution2opt
* Product family: zynq
* Target device:  xc7z020clg484-1


================================================================
== Performance Estimates
================================================================
+ Timing (ns): 
    * Summary: 
    +---------+-------+----------+------------+
    |  Clock  | Target| Estimated| Uncertainty|
    +---------+-------+----------+------------+
    |default  |  10.00|      7.64|        1.25|
    +---------+-------+----------+------------+

+ Latency (clock cycles): 
    * Summary: 
    +-----+-----+-----+-----+----------+
    |  Latency  |  Interval | Pipeline |
    | min | max | min | max |   Type   |
    +-----+-----+-----+-----+----------+
    |   71|   71|   72|   72| dataflow |
    +-----+-----+-----+-----+----------+

    + Detail: 
        * Instance: 
        +--------------------------------------------------+----------------------------------------+-----+-----+-----+-----+---------+
        |                                                  |                                        |  Latency  |  Interval | Pipeline|
        |                     Instance                     |                 Module                 | min | max | min | max |   Type  |
        +--------------------------------------------------+----------------------------------------+-----+-----+-----+-----+---------+
        |grp_Accelerator_DOT_Multiply_Loop_row_proc_fu_21  |Accelerator_DOT_Multiply_Loop_row_proc  |   71|   71|   71|   71|   none  |
        +--------------------------------------------------+----------------------------------------+-----+-----+-----+-----+---------+

        * Loop: 
        N/A



================================================================
== Utilization Estimates
================================================================
* Summary: 
+-----------------+---------+-------+--------+-------+
|       Name      | BRAM_18K| DSP48E|   FF   |  LUT  |
+-----------------+---------+-------+--------+-------+
|Expression       |        -|      -|       -|      -|
|FIFO             |        -|      -|       -|      -|
|Instance         |        -|      3|     588|    951|
|Memory           |        -|      -|       -|      -|
|Multiplexer      |        -|      -|       -|      -|
|Register         |        -|      -|       2|      -|
+-----------------+---------+-------+--------+-------+
|Total            |        0|      3|     590|    951|
+-----------------+---------+-------+--------+-------+
|Available        |      280|    220|  106400|  53200|
+-----------------+---------+-------+--------+-------+
|Utilization (%)  |        0|      1|   ~0   |      1|
+-----------------+---------+-------+--------+-------+

+ Detail: 
    * Instance: 
    +-------------------------------------------+----------------------------------------+---------+-------+-----+-----+
    |                  Instance                 |                 Module                 | BRAM_18K| DSP48E|  FF | LUT |
    +-------------------------------------------+----------------------------------------+---------+-------+-----+-----+
    |Accelerator_DOT_Multiply_Loop_row_proc_U0  |Accelerator_DOT_Multiply_Loop_row_proc  |        0|      3|  588|  951|
    +-------------------------------------------+----------------------------------------+---------+-------+-----+-----+
    |Total                                      |                                        |        0|      3|  588|  951|
    +-------------------------------------------+----------------------------------------+---------+-------+-----+-----+

    * Memory: 
    N/A

    * FIFO: 
    N/A

    * Expression: 
    N/A

    * Multiplexer: 
    N/A

    * Register: 
    +-----------------------------------------------------------+---+----+-----+-----------+
    |                            Name                           | FF| LUT| Bits| Const Bits|
    +-----------------------------------------------------------+---+----+-----+-----------+
    |ap_CS                                                      |  1|   0|    1|          0|
    |ap_reg_procdone_Accelerator_DOT_Multiply_Loop_row_proc_U0  |  1|   0|    1|          0|
    +-----------------------------------------------------------+---+----+-----+-----------+
    |Total                                                      |  2|   0|    2|          0|
    +-----------------------------------------------------------+---+----+-----+-----------+



================================================================
== Interface
================================================================
* Summary: 
+-----------+-----+-----+------------+--------------------------+--------------+
| RTL Ports | Dir | Bits|  Protocol  |       Source Object      |    C Type    |
+-----------+-----+-----+------------+--------------------------+--------------+
|A_dout     |  in |   32|   ap_fifo  |             A            |    pointer   |
|A_empty_n  |  in |    1|   ap_fifo  |             A            |    pointer   |
|A_read     | out |    1|   ap_fifo  |             A            |    pointer   |
|C_din      | out |   32|   ap_fifo  |             C            |    pointer   |
|C_full_n   |  in |    1|   ap_fifo  |             C            |    pointer   |
|C_write    | out |    1|   ap_fifo  |             C            |    pointer   |
|ap_clk     |  in |    1| ap_ctrl_hs | Accelerator_DOT_Multiply | return value |
|ap_rst     |  in |    1| ap_ctrl_hs | Accelerator_DOT_Multiply | return value |
|ap_done    | out |    1| ap_ctrl_hs | Accelerator_DOT_Multiply | return value |
|ap_start   |  in |    1| ap_ctrl_hs | Accelerator_DOT_Multiply | return value |
|ap_idle    | out |    1| ap_ctrl_hs | Accelerator_DOT_Multiply | return value |
|ap_ready   | out |    1| ap_ctrl_hs | Accelerator_DOT_Multiply | return value |
+-----------+-----+-----+------------+--------------------------+--------------+

