

================================================================
== Vivado HLS Report for 'MAT_Multiply'
================================================================
* Date:           Mon Sep 28 14:09:18 2015

* Version:        2015.1 (Build 1215546 on Mon Apr 27 19:24:50 PM 2015)
* Project:        parta_2
* Solution:       solution1_fifo_non_optimized
* Product family: zynq
* Target device:  xc7z020clg484-1


================================================================
== Performance Estimates
================================================================
+ Timing (ns): 
    * Summary: 
    +---------+-------+----------+------------+
    |  Clock  | Target| Estimated| Uncertainty|
    +---------+-------+----------+------------+
    |default  |  10.00|      7.08|        1.25|
    +---------+-------+----------+------------+

+ Latency (clock cycles): 
    * Summary: 
    +-----+----------+-----+----------+---------+
    |     Latency    |    Interval    | Pipeline|
    | min |    max   | min |    max   |   Type  |
    +-----+----------+-----+----------+---------+
    |    1|  11040201|    2|  11040202|   none  |
    +-----+----------+-----+----------+---------+

    + Detail: 
        * Instance: 
        N/A

        * Loop: 
        +-----------------+-------+----------+--------------+-----------+-----------+------+----------+
        |                 |      Latency     |   Iteration  |  Initiation Interval  | Trip |          |
        |    Loop Name    |  min  |    max   |    Latency   |  achieved |   target  | Count| Pipelined|
        +-----------------+-------+----------+--------------+-----------+-----------+------+----------+
        |- Row            |  20200|  11040200| 202 ~ 110402 |          -|          -|   100|    no    |
        | + Col           |    200|    110400|   2 ~ 1104   |          -|          -|   100|    no    |
        |  ++ RowCaching  |    100|       100|             1|          -|          -|   100|    no    |
        |  ++ ColCaching  |    100|       100|             1|          -|          -|   100|    no    |
        |  ++ Product     |    900|       900|             9|          -|          -|   100|    no    |
        +-----------------+-------+----------+--------------+-----------+-----------+------+----------+



================================================================
== Utilization Estimates
================================================================
* Summary: 
+-----------------+---------+-------+--------+-------+
|       Name      | BRAM_18K| DSP48E|   FF   |  LUT  |
+-----------------+---------+-------+--------+-------+
|Expression       |        -|      -|       0|    264|
|FIFO             |        -|      -|       -|      -|
|Instance         |        -|      4|       0|      0|
|Memory           |       33|      -|       0|      0|
|Multiplexer      |        -|      -|       -|    154|
|Register         |        -|      -|     292|      -|
+-----------------+---------+-------+--------+-------+
|Total            |       33|      4|     292|    418|
+-----------------+---------+-------+--------+-------+
|Available        |      280|    220|  106400|  53200|
+-----------------+---------+-------+--------+-------+
|Utilization (%)  |       11|      1|   ~0   |   ~0  |
+-----------------+---------+-------+--------+-------+

+ Detail: 
    * Instance: 
    +----------------------------------+-------------------------------+---------+-------+---+----+
    |             Instance             |             Module            | BRAM_18K| DSP48E| FF| LUT|
    +----------------------------------+-------------------------------+---------+-------+---+----+
    |MAT_Multiply_mul_32s_32s_32_6_U1  |MAT_Multiply_mul_32s_32s_32_6  |        0|      4|  0|   0|
    +----------------------------------+-------------------------------+---------+-------+---+----+
    |Total                             |                               |        0|      4|  0|   0|
    +----------------------------------+-------------------------------+---------+-------+---+----+

    * Memory: 
    +----------------+---------------------------+---------+---+----+-------+-----+------+-------------+
    |     Memory     |           Module          | BRAM_18K| FF| LUT| Words | Bits| Banks| W*Bits*Banks|
    +----------------+---------------------------+---------+---+----+-------+-----+------+-------------+
    |A_cached_row_U  |MAT_Multiply_A_cached_row  |        1|  0|   0|    100|   32|     1|         3200|
    |B_cached_U      |MAT_Multiply_B_cached      |       32|  0|   0|  10000|   32|     1|       320000|
    +----------------+---------------------------+---------+---+----+-------+-----+------+-------------+
    |Total           |                           |       33|  0|   0|  10100|   64|     2|       323200|
    +----------------+---------------------------+---------+---+----+-------+-----+------+-------------+

    * FIFO: 
    N/A

    * Expression: 
    +---------------------+----------+-------+---+----+------------+------------+
    |    Variable Name    | Operation| DSP48E| FF| LUT| Bitwidth P0| Bitwidth P1|
    +---------------------+----------+-------+---+----+------------+------------+
    |i_1_fu_305_p2        |     +    |      0|  0|   7|           7|           1|
    |j_1_fu_332_p2        |     +    |      0|  0|   7|           7|           1|
    |k_3_fu_360_p2        |     +    |      0|  0|   7|           7|           1|
    |k_4_fu_381_p2        |     +    |      0|  0|   7|           7|           1|
    |k_5_fu_417_p2        |     +    |      0|  0|   7|           7|           1|
    |next_mul5_fu_433_p2  |     +    |      0|  0|  14|          14|           7|
    |next_mul_fu_387_p2   |     +    |      0|  0|  14|          14|           7|
    |p_addr1_fu_439_p2    |     +    |      0|  0|  14|          14|          14|
    |p_addr3_fu_393_p2    |     +    |      0|  0|  14|          14|          14|
    |temp_2_fu_456_p2     |     +    |      0|  0|  64|          64|          64|
    |temp_1_fu_462_p3     |  Select  |      0|  0|  64|           1|          64|
    |ap_sig_bdd_123       |    and   |      0|  0|   1|           1|           1|
    |ap_sig_bdd_150       |    and   |      0|  0|   1|           1|           1|
    |ap_sig_bdd_179       |    and   |      0|  0|   1|           1|           1|
    |tmp1_fu_283_p2       |    and   |      0|  0|   1|           1|           1|
    |tmp_4_fu_289_p2      |    and   |      0|  0|   1|           1|           1|
    |tmp_s_fu_343_p2      |    and   |      0|  0|   1|           1|           1|
    |exitcond1_fu_375_p2  |   icmp   |      0|  0|   3|           7|           6|
    |exitcond2_fu_354_p2  |   icmp   |      0|  0|   3|           7|           6|
    |exitcond3_fu_326_p2  |   icmp   |      0|  0|   3|           7|           6|
    |exitcond4_fu_299_p2  |   icmp   |      0|  0|   3|           7|           6|
    |exitcond_fu_411_p2   |   icmp   |      0|  0|   3|           7|           6|
    |tmp_12_fu_423_p2     |   icmp   |      0|  0|   3|           8|           8|
    |tmp_1_fu_271_p2      |   icmp   |      0|  0|   3|           8|           8|
    |tmp_3_fu_277_p2      |   icmp   |      0|  0|   3|           8|           8|
    |tmp_5_fu_311_p2      |   icmp   |      0|  0|   3|           8|           8|
    |tmp_6_fu_316_p2      |   icmp   |      0|  0|   3|           7|           1|
    |tmp_8_fu_348_p2      |   icmp   |      0|  0|   3|           7|           1|
    |tmp_9_fu_338_p2      |   icmp   |      0|  0|   3|           8|           8|
    |tmp_fu_265_p2        |   icmp   |      0|  0|   3|           8|           8|
    +---------------------+----------+-------+---+----+------------+------------+
    |Total                |          |      0|  0| 264|         259|         261|
    +---------------------+----------+-------+---+----+------------+------------+

    * Multiplexer: 
    +-----------------------+----+-----------+-----+-----------+
    |          Name         | LUT| Input Size| Bits| Total Bits|
    +-----------------------+----+-----------+-----+-----------+
    |A_cached_row_address0  |   7|          3|    7|         21|
    |B_cached_address0      |  14|          3|   14|         42|
    |ap_NS_fsm              |   6|         15|    1|         15|
    |i_reg_173              |   7|          2|    7|         14|
    |j_reg_184              |   7|          2|    7|         14|
    |k_1_reg_207            |   7|          2|    7|         14|
    |k_2_reg_229            |   7|          2|    7|         14|
    |k_reg_196              |   7|          2|    7|         14|
    |phi_mul4_reg_253       |  14|          2|   14|         28|
    |phi_mul_reg_218        |  14|          2|   14|         28|
    |temp_reg_240           |  64|          2|   64|        128|
    +-----------------------+----+-----------+-----+-----------+
    |Total                  | 154|         37|  149|        332|
    +-----------------------+----+-----------+-----+-----------+

    * Register: 
    +---------------------------+----+----+-----+-----------+
    |            Name           | FF | LUT| Bits| Const Bits|
    +---------------------------+----+----+-----+-----------+
    |A_cached_row_load_reg_580  |  32|   0|   32|          0|
    |B_cached_load_reg_585      |  32|   0|   32|          0|
    |ap_CS_fsm                  |  14|   0|   14|          0|
    |i_1_reg_491                |   7|   0|    7|          0|
    |i_reg_173                  |   7|   0|    7|          0|
    |j_1_reg_508                |   7|   0|    7|          0|
    |j_reg_184                  |   7|   0|    7|          0|
    |k_1_reg_207                |   7|   0|    7|          0|
    |k_2_reg_229                |   7|   0|    7|          0|
    |k_5_reg_555                |   7|   0|    7|          0|
    |k_reg_196                  |   7|   0|    7|          0|
    |next_mul5_reg_570          |  14|   0|   14|          0|
    |phi_mul4_reg_253           |  14|   0|   14|          0|
    |phi_mul_reg_218            |  14|   0|   14|          0|
    |temp_reg_240               |  64|   0|   64|          0|
    |tmp_11_trn_cast_reg_529    |   7|   0|   14|          7|
    |tmp_12_reg_560             |   1|   0|    1|          0|
    |tmp_13_trn_cast_reg_547    |   7|   0|   14|          7|
    |tmp_15_reg_590             |  32|   0|   32|          0|
    |tmp_4_reg_484              |   1|   0|    1|          0|
    |tmp_5_reg_496              |   1|   0|    1|          0|
    |tmp_6_reg_501              |   1|   0|    1|          0|
    |tmp_8_reg_517              |   1|   0|    1|          0|
    |tmp_s_reg_513              |   1|   0|    1|          0|
    +---------------------------+----+----+-----+-----------+
    |Total                      | 292|   0|  306|         14|
    +---------------------------+----+----+-----+-----------+



================================================================
== Interface
================================================================
* Summary: 
+-----------+-----+-----+------------+--------------+--------------+
| RTL Ports | Dir | Bits|  Protocol  | Source Object|    C Type    |
+-----------+-----+-----+------------+--------------+--------------+
|ap_clk     |  in |    1| ap_ctrl_hs | MAT_Multiply | return value |
|ap_rst     |  in |    1| ap_ctrl_hs | MAT_Multiply | return value |
|ap_start   |  in |    1| ap_ctrl_hs | MAT_Multiply | return value |
|ap_done    | out |    1| ap_ctrl_hs | MAT_Multiply | return value |
|ap_idle    | out |    1| ap_ctrl_hs | MAT_Multiply | return value |
|ap_ready   | out |    1| ap_ctrl_hs | MAT_Multiply | return value |
|A_dout     |  in |   32|   ap_fifo  |       A      |    pointer   |
|A_empty_n  |  in |    1|   ap_fifo  |       A      |    pointer   |
|A_read     | out |    1|   ap_fifo  |       A      |    pointer   |
|B_dout     |  in |   32|   ap_fifo  |       B      |    pointer   |
|B_empty_n  |  in |    1|   ap_fifo  |       B      |    pointer   |
|B_read     | out |    1|   ap_fifo  |       B      |    pointer   |
|C_din      | out |   64|   ap_fifo  |       C      |    pointer   |
|C_full_n   |  in |    1|   ap_fifo  |       C      |    pointer   |
|C_write    | out |    1|   ap_fifo  |       C      |    pointer   |
|mA         |  in |    8|   ap_none  |      mA      |    scalar    |
|nA         |  in |    8|   ap_none  |      nA      |    scalar    |
|mB         |  in |    8|   ap_none  |      mB      |    scalar    |
|nB         |  in |    8|   ap_none  |      nB      |    scalar    |
|mC         |  in |    8|   ap_none  |      mC      |    scalar    |
|nC         |  in |    8|   ap_none  |      nC      |    scalar    |
+-----------+-----+-----+------------+--------------+--------------+

